training_data_FPC_V1_2m_5p_6t_21Cl_extraplolate.csv
            Experiment name: 0225_extrapolate
            Training Data: training_data_FPC_V1_2m_5p_6t_21Cl_extraplolate.csv
            Do k-fold: False
            Folds num: 10
            Learning rate: 0.001
            Batch size: 18
            Epoch: 10000
            CSTR num: 100
            Training vebose: 0
            #Genearalization test
            mass flow rates = True
            CCl4 = True
            inital pressure = True
            number of tubes = True
            ncpus = 8
            training = False
            prediction only = False
                
Loading data...
Starting prediction...
19
19
19
19
19
19
19
19
19
19
19
19
19
19
19
19
19
19
19
19
19
