training_data_FPC_V8_addprev_area.csv
            Experiment name: 0529_FPC_modelV8
            Training Data: training_data_FPC_V8_addprev_area.csv
            Do k-fold: False
            Folds num: 10
            Learning rate: 0.001
            Batch size: 128
            Epoch: 1500
            CSTR num: 100
            Training vebose: 0
            # Genearalization test
            mass flow rates = True
            CCl4 = True
            inital pressure = True
            number of tubes = False
            T_in = True
            ncpus = 8
            training = False
            prediction only = False
                
Generalization test...
Case1: Mass flow rate...
cracking 0.001
cracking 0.001
cracking 0.001
cracking 0.001
cracking 0.001
cracking 0.001
prev_y: 0
prev_y: 0
prev_y: 0.006890833377838135
prev_y: 0.017276734113693237
prev_y: 0.005802243947982788
prev_y: 0.03169220685958862
prev_y: 0.014095604419708252
prev_y: 0.05682459473609924
prev_y: 0.02472609281539917
prev_y: 0.043338656425476074
prev_y: 0.1150006651878357
prev_y: 0.08574366569519043
prev_y: 0.17686614394187927
prev_y: 0.13322532176971436
prev_y: 0.22811153531074524
prev_y: 0.17988094687461853
prev_y: 0.29252418875694275
prev_y: 0.2362453043460846
prev_y: 0.36375489830970764
prev_y: 0
prev_y: 0.29885876178741455
prev_y: 0.40860602259635925
prev_y: 0.33946090936660767
prev_y: 0.4422871470451355
prev_y: 0.3697260618209839
prev_y: 0.47439128160476685
prev_y: 0.40081125497817993
prev_y: 0.5097119212150574
prev_y: 0.006188541650772095
prev_y: 0.539995014667511
prev_y: 0.43436136841773987
prev_y: 0.015188872814178467
prev_y: 0.5705863237380981
prev_y: 0.4644157290458679
prev_y: 0.02716079354286194
prev_y: 0.4934289753437042
prev_y: 0.6002274751663208
prev_y: 0.048136770725250244
prev_y: 0.5222795605659485
prev_y: 0.6290109157562256
prev_y: 0.09642091393470764
prev_y: 0.5505152344703674
ML cracking rates
{'cracking_rates': [0, 0.006890833377838135, 0.017276734113693237, 0.03169220685958862, 0.05682459473609924, 0.1150006651878357, 0.17686614394187927, 0.22811153531074524, 0.29252418875694275, 0.36375489830970764, 0.40860602259635925, 0.4422871470451355, 0.47439128160476685, 0.5097119212150574, 0.539995014667511, 0.5705863237380981, 0.6002274751663208, 0.6290109157562256, 0.6595394015312195]}
prev_y: 0.14587217569351196
ML cracking rates
{'cracking_rates': [0, 0.005802243947982788, 0.014095604419708252, 0.02472609281539917, 0.043338656425476074, 0.08574366569519043, 0.13322532176971436, 0.17988094687461853, 0.2362453043460846, 0.29885876178741455, 0.33946090936660767, 0.3697260618209839, 0.40081125497817993, 0.43436136841773987, 0.4644157290458679, 0.4934289753437042, 0.5222795605659485, 0.5505152344703674, 0.5803122520446777]}
4536      0.724143
4537      1.803454
4538      3.377409
4539      5.920120
4540     11.801787
4541     17.967903
4542     23.894844
4543     30.400738
4544     37.291317
4545     41.702919
4546     44.896271
4547     48.012245
4548     51.455254
4549     54.539902
4550     57.506420
4551     60.361488
4552     63.110199
4553     66.047676
10207     2.654113
10208     5.118789
10211    22.382277
10212    28.868383
10213    35.764668
10214    40.286350
10215    43.602276
10216    46.816563
10217    50.331848
10218    53.481255
10219    56.501766
10220    59.402229
10221    62.189110
Name: X, dtype: float64
19
prev_y: 0.19576504826545715
27216     0.542458
27217     1.348509
27218     2.519060
27219     4.391415
27220     8.616336
27221    13.183365
27222    17.979229
27223    23.657576
27224    29.959951
27225    34.078899
27226    37.084000
27227    40.041294
27228    43.348572
27229    46.334602
27230    49.232445
27231    52.046650
27232    54.781319
27233    57.745777
32887     1.988156
32888     3.823128
32891    16.964336
32892    22.569231
32893    28.816078
32894    33.005142
32895    36.106174
32896    39.138523
32897    42.493961
32898    45.524872
32899    48.458012
32900    51.300186
32901    54.056561
Name: X, dtype: float64
19
prev_y: 0.2577391564846039
prev_y: 0.32289478182792664
prev_y: 0.3667207956314087
prev_y: 0.39931315183639526
prev_y: 0.43043088912963867
prev_y: 0.46453022956848145
prev_y: 0.4953233003616333
prev_y: 0.5252077579498291
prev_y: 0.5544382929801941
prev_y: 0.582779049873352
ML cracking rates
{'cracking_rates': [0, 0.006188541650772095, 0.015188872814178467, 0.02716079354286194, 0.048136770725250244, 0.09642091393470764, 0.14587217569351196, 0.19576504826545715, 0.2577391564846039, 0.32289478182792664, 0.3667207956314087, 0.39931315183639526, 0.43043088912963867, 0.46453022956848145, 0.4953233003616333, 0.5252077579498291, 0.5544382929801941, 0.582779049873352, 0.612521767616272]}
15876     0.610756
15877     1.518815
15878     2.840815
15879     4.962894
15880     9.806705
15881    15.008576
15882    20.294807
15883    26.347033
15884    32.918468
15885    37.175453
15886    40.272453
15887    43.309750
15888    46.690166
15889    49.733852
15890    52.677071
15891    55.525879
15892    58.284916
15893    61.258751
21547     2.238101
21548     4.309210
21551    19.078014
21552    25.072390
21553    31.610193
21554    35.952656
21555    39.155643
21556    42.277164
21557    45.714828
21558    48.810452
21559    51.796638
21560    54.679977
21561    57.466980
Name: X, dtype: float64
19
Error in 27 mass flow rate is 0.004465 
Error in 32 mass flow rate is 0.002416 
Error in 36 mass flow rate is 0.000961 
Mass flow rate generalization takes 0.29926663637161255 min 17.955998182296753 sec.
Case2: CCl4 concentration...
cracking 0.00025
cracking 0.00075
cracking 0.000875
cracking 0.000625
cracking 0.000375
cracking 0.0005
cracking 0.000125
cracking 0.0
cracking 0.0
cracking 0.000625
cracking 0.00025
cracking 0.000125
cracking 0.0005
cracking 0.00075
cracking 0.000875
cracking 0.000375
prev_y: 0
prev_y: 0.0065284669399261475
prev_y: 0.01780015230178833
prev_y: 0.03295668959617615
prev_y: 0.05391538143157959
prev_y: 0.10199862718582153
prev_y: 0.1480776071548462
prev_y: 0.20218035578727722
prev_y: 0.2639801502227783
prev_y: 0.3327872157096863
prev_y: 0.3764079809188843
prev_y: 0.4093719720840454
prev_y: 0.4435656666755676
prev_y: 0.48204249143600464
prev_y: 0.515433132648468
prev_y: 0.5462970733642578
prev_y: 0.5759404301643372
prev_y: 0.6051891446113586
3816     0.723335
3817     1.789833
3818     3.307220
3819     5.611382
3820    10.278351
3821    15.246613
3822    20.521965
3823    26.750710
3824    33.603966
3825    38.106762
3826    41.408360
3827    44.632107
3828    48.187244
3829    51.384731
3830    54.466183
3831    57.438480
3832    60.306423
3833    63.373234
9487     2.587631
9488     4.826340
9491    19.160011
9492    25.309105
9493    32.123276
9494    36.717999
9495    40.133320
9496    43.448238
9497    47.067513
9498    50.323685
9499    53.454025
9500    56.466499
9501    59.368095
Name: X, dtype: float64
19
cracking 0.001
prev_y: 0
prev_y: 0
prev_y: 0.0065337419509887695
prev_y: 0.006538987159729004
prev_y: 0.017911791801452637
prev_y: 0.018011420965194702
prev_y: 0.033031314611434937
prev_y: 0
prev_y: 0.03207659721374512
prev_y: 0.054745495319366455
prev_y: 0.054496586322784424
prev_y: 0.10361021757125854
prev_y: 0.1036258339881897
prev_y: 0.15418708324432373
prev_y: 0.15736114978790283
prev_y: 0.20523479580879211
prev_y: 0.006808161735534668
prev_y: 0.20747873187065125
prev_y: 0.26578599214553833
prev_y: 0.017237871885299683
prev_y: 0
prev_y: 0.2692395746707916
prev_y: 0
prev_y: 0.32180774211883545
prev_y: 0.03145337104797363
prev_y: 0.3368571400642395
prev_y: 0.37015485763549805
prev_y: 0.05610784888267517
prev_y: 0.38649171590805054
prev_y: 0.40726903080940247
prev_y: 0.11291390657424927
prev_y: 0.42364758253097534
prev_y: 0.17351549863815308
prev_y: 0.4435182511806488
prev_y: 0.4558638632297516
prev_y: 0.006565690040588379
prev_y: 0.006544262170791626
prev_y: 0.22509124875068665
prev_y: 0.4814121723175049
prev_y: 0.49146583676338196
prev_y: 0.017328202724456787
prev_y: 0.514259934425354
prev_y: 0.017675817012786865
prev_y: 0.2891778349876404
prev_y: 0.5236663818359375
prev_y: 0.5458877682685852
prev_y: 0.03145366907119751
prev_y: 0.031002461910247803
prev_y: 0.36021316051483154
prev_y: 0.554461658000946
prev_y: 0.5759550929069519
prev_y: 0.05437278747558594
prev_y: 0.4047200381755829
prev_y: 0.0543055534362793
prev_y: 0
prev_y: 0.5854366421699524
prev_y: 0.10409849882125854
prev_y: 0.43822741508483887
prev_y: 0.6053770184516907
prev_y: 0.10589846968650818
prev_y: 0.613808274269104
prev_y: 0
prev_y: 0.47055521607398987
prev_y: 0.16061162948608398
prev_y: 0.16348063945770264
3906     0.723304
3907     1.792331
3908     3.320888
3909     5.662634
3910    10.512941
3911    15.668899
3912    21.058313
3913    27.332161
3914    34.181953
3915    38.663544
3916    41.943901
3917    45.147552
3918    48.681965
3919    51.859955
3920    54.921898
3921    57.874493
3922    60.723209
3923    63.769478
9577     2.277919
9578     4.225397
9581    18.141657
9582    24.075489
9583    30.669744
9584    36.209053
9585    39.915779
9586    43.156002
9587    46.318481
9588    49.806198
9589    52.940437
9590    55.959412
9591    58.868797
Name: X, dtype: float64
19
prev_y: 0.5060713291168213
prev_y: 0.21269378066062927
prev_y: 0.21595731377601624
3996     0.723219
3997     1.794234
3998     3.331918
3999     5.708611
4000    10.728626
4001    16.058990
4002    21.550034
4003    27.865026
4004    34.715450
4005    39.180462
4006    42.443039
4007    45.629360
4008    49.145950
4009    52.306183
4010    55.350548
4011    58.285690
4012    61.116505
4013    64.144028
9667     2.610065
9668     4.919374
9671    20.142195
9672    26.396841
9673    33.222820
9674    37.785156
9675    41.164021
9676    44.443241
9677    48.026089
9678    51.246685
9679    54.341030
9680    57.317871
9681    60.183853
Name: X, dtype: float64
19
prev_y: 0.5366474390029907
cracking 0.001125
prev_y: 0.27840524911880493
prev_y: 0.2738926410675049
prev_y: 0.006645649671554565
prev_y: 0.567166268825531
cracking 0.00125
prev_y: 0.34900355339050293
prev_y: 0.3435564339160919
prev_y: 0.01725560426712036
prev_y: 0.5972268581390381
prev_y: 0.3972282409667969
prev_y: 0.03109276294708252
prev_y: 0.392677903175354
prev_y: 0.006726503372192383
prev_y: 0.6257539391517639
prev_y: 0.4305276870727539
prev_y: 0.4269307553768158
prev_y: 0.05471053719520569
prev_y: 0.017228543758392334
prev_y: 0.46247607469558716
prev_y: 0.10803049802780151
prev_y: 0.45909371972084045
prev_y: 0.031249910593032837
4446      0.723892
4447      1.801908
4448      3.371122
4449      5.889347
4450     11.641474
4451     17.688063
4452     23.557373
4453     30.036448
4454     36.918282
4455     41.335342
4456     44.537403
4457     47.662312
4458     51.115002
4459     54.210056
4460     57.186718
4461     60.053093
4462     62.813663
4463     65.763672
10117     2.647947
10118     5.090132
10121    22.059618
10122    28.513325
10123    35.396873
10124    39.922245
10125    43.245888
10126    46.468334
10127    49.992275
10128    53.151150
10129    56.181686
10130    59.092628
10131    61.890957
Name: X, dtype: float64
19
prev_y: 0.4978973865509033
prev_y: 0.16627094149589539
prev_y: 0.4945557415485382
prev_y: 0.055402398109436035
prev_y: 0.5302478075027466
prev_y: 0.21859803795814514
cracking 0.001375
prev_y: 0.5267291069030762
prev_y: 0.11050847172737122
prev_y: 0.28216952085494995
prev_y: 0.5608139634132385
prev_y: 0.5578574538230896
prev_y: 0.16967839002609253
prev_y: 0.3529984951019287
prev_y: 0.5910965204238892
prev_y: 0.2216069996356964
prev_y: 0.5875604152679443
prev_y: 0.39965128898620605
prev_y: 0.620324969291687
prev_y: 0.28559181094169617
prev_y: 0.6164129972457886
prev_y: 0.43284833431243896
prev_y: 0.3563879728317261
4176     0.723354
4177     1.797758
4178     3.349369
4179     5.788279
4180    11.120908
4181    16.764790
4182    22.429218
4183    28.816910
4184    35.676273
4185    40.116692
4186    43.350792
4187    46.508240
4188    49.994850
4189    53.125748
4190    56.139637
4191    59.043949
4192    61.843712
4193    64.837181
9847     2.627183
9848     4.994799
9851    20.981733
9852    27.325060
9853    34.171616
9854    38.714291
9855    42.066593
9856    45.319016
9857    48.874443
9858    52.066803
9859    55.132191
9860    58.079559
9861    60.915527
Name: X, dtype: float64
19
prev_y: 0.4648297429084778
4086     0.723591
4087     1.796229
4088     3.341158
4089     5.749883
4090    10.930445
4091    16.422884
4092    22.005016
4093    28.357794
4094    35.211735
4095    39.663219
4096    42.910511
4097    46.081535
4098    49.582596
4099    52.727112
4100    55.755611
4101    58.674675
4102    61.489613
4103    64.499329
9757     2.619055
9758     4.958669
9761    20.576601
9762    26.877434
9763    33.713020
9764    38.264465
9765    41.628960
9766    44.893970
9767    48.462265
9768    51.667503
9769    54.747269
9770    57.708752
9771    60.558945
Name: X, dtype: float64
19
prev_y: 0.4012055993080139
prev_y: 0.5004699230194092
cracking 0.0015
prev_y: 0.4343625009059906
cracking 0.001625
prev_y: 0.5331116318702698
prev_y: 0.4665564000606537
prev_y: 0.5634104609489441
prev_y: 0.5021349787712097
prev_y: 0.5337967872619629
prev_y: 0.593319296836853
prev_y: 0.6219611167907715
prev_y: 0.5643219947814941
prev_y: 0.5945022106170654
4266     0.723956
4267     1.799426
4268     3.357101
4269     5.823899
4270    11.301962
4271    17.088209
4272    22.827002
4273    29.247305
4274    36.113289
4275    40.544613
4276    43.766815
4277    46.912170
4278    50.386765
4279    53.504108
4280    56.505306
4281    59.395748
4282    62.181717
4283    65.159966
9937     2.634612
9938     5.028380
9941    21.361761
9942    27.744495
9943    34.602848
9944    39.138569
9945    42.480179
9946    45.721458
9947    49.265205
9948    52.445431
9949    55.498463
9950    58.433033
9951    61.255383
Name: X, dtype: float64
19
prev_y: 0.6229286789894104
cracking 0.00175
4356      0.724138
4357      1.800995
4358      3.364462
4359      5.857336
4360     11.475044
4361     17.395172
4362     23.202169
4363     29.652855
4364     36.526550
4365     40.950096
4366     44.161541
4367     47.296265
4368     50.759369
4369     53.865082
4370     56.853653
4371     59.731720
4372     62.504589
4373     65.468529
10027     2.641507
10028     5.060192
10031    21.720146
10032    28.139580
10033    35.010303
10034    39.540409
10035    42.872520
10036    46.103886
10037    49.637367
10038    52.806259
10039    55.847847
10040    58.769897
10041    61.580051
Name: X, dtype: float64
19
cracking 0.001875
cracking 0.001
cracking 0.001125
cracking 0.00125
cracking 0.001375
cracking 0.001625
cracking 0.0015
cracking 0.00175
cracking 0.001875
prev_y: 0
prev_y: 0.006890833377838135
prev_y: 0.017276734113693237
prev_y: 0.03169220685958862
prev_y: 0.05682459473609924
prev_y: 0.1150006651878357
prev_y: 0.17686614394187927
prev_y: 0.22811153531074524
prev_y: 0.29252418875694275
prev_y: 0.36375489830970764
prev_y: 0.40860602259635925
prev_y: 0.4422871470451355
prev_y: 0.47439128160476685
prev_y: 0.5097119212150574
prev_y: 0.539995014667511
prev_y: 0.5705863237380981
prev_y: 0.6002274751663208
prev_y: 0.6290109157562256
4536      0.724143
4537      1.803454
4538      3.377409
4539      5.920120
4540     11.801787
4541     17.967903
4542     23.894844
4543     30.400738
4544     37.291317
4545     41.702919
4546     44.896271
4547     48.012245
4548     51.455254
4549     54.539902
4550     57.506420
4551     60.361488
4552     63.110199
4553     66.047676
10207     2.654113
10208     5.118789
10211    22.382277
10212    28.868383
10213    35.764668
10214    40.286350
10215    43.602276
10216    46.816563
10217    50.331848
10218    53.481255
10219    56.501766
10220    59.402229
10221    62.189110
Name: X, dtype: float64
19
cracking 0.002
prev_y: 0
prev_y: 0.00697442889213562
prev_y: 0.01734021306037903
prev_y: 0.03195923566818237
prev_y: 0.05755132436752319
prev_y: 0.11689022183418274
prev_y: 0.17805591225624084
prev_y: 0.23024997115135193
prev_y: 0.295096218585968
prev_y: 0.36652278900146484
prev_y: 0.4121885895729065
prev_y: 0.44564807415008545
prev_y: 0.4775800108909607
prev_y: 0.5127925276756287
prev_y: 0.5431239008903503
prev_y: 0
prev_y: 0
prev_y: 0
prev_y: 0.5737875699996948
prev_y: 0.6031185984611511
prev_y: 0.007358253002166748
prev_y: 0.007064342498779297
prev_y: 0.6319388151168823
prev_y: 0.007161080837249756
prev_y: 0.01738610863685608
prev_y: 0.017370164394378662
prev_y: 0.017361372709274292
prev_y: 0.03246498107910156
prev_y: 0.032143980264663696
4626      0.724509
4627      1.804742
4628      3.383774
4629      5.949221
4630     11.956705
4631     18.236345
4632     24.216524
4633     30.747906
4634     37.647274
4635     42.054012
4636     45.239780
4637     48.347183
4638     51.781643
4639     54.856800
4640     57.813232
4641     60.657375
4642     63.395428
4643     66.320503
10297     2.659983
10298     5.146186
10301    22.689964
10302    29.206413
10303    36.115719
10304    40.634258
10305    43.943314
10306    47.149925
10307    50.657326
10308    53.797722
10309    56.808838
10310    59.699268
10311    62.475700
Name: X, dtype: float64
19
prev_y: 0.0591200590133667
prev_y: 0.03223741054534912
prev_y: 0.05809187889099121
prev_y: 0.1232650876045227
cracking 0.002125
prev_y: 0.058433711528778076
prev_y: 0.11870712041854858
prev_y: 0.1866433024406433
prev_y: 0.12046721577644348
prev_y: 0.18022751808166504
prev_y: 0.24230310320854187
prev_y: 0.1824755072593689
prev_y: 0.2330978512763977
prev_y: 0.30855798721313477
prev_y: 0
prev_y: 0.23620912432670593
prev_y: 0.29825904965400696
prev_y: 0.3808321952819824
prev_y: 0.30181461572647095
prev_y: 0.36994731426239014
prev_y: 0.4257911741733551
prev_y: 0.37397491931915283
prev_y: 0.007258981466293335
prev_y: 0.4153684973716736
prev_y: 0.4589970111846924
prev_y: 0.01736733317375183
prev_y: 0.4486660063266754
prev_y: 0.4191510081291199
prev_y: 0.4907963275909424
prev_y: 0.03234517574310303
prev_y: 0.4805518090724945
prev_y: 0.5256463289260864
prev_y: 0.45239365100860596
prev_y: 0.05877655744552612
prev_y: 0.5156716704368591
prev_y: 0.5563241839408875
prev_y: 0.4842451214790344
prev_y: 0
prev_y: 0.12204056978225708
prev_y: 0.5460575819015503
prev_y: 0.5192797183990479
prev_y: 0.5869532227516174
prev_y: 0
prev_y: 0.18461045622825623
prev_y: 0.5768810510635376
prev_y: 0.6164093017578125
prev_y: 0.5497569441795349
prev_y: 0.2391727864742279
prev_y: 0.6061301827430725
prev_y: 0.64483642578125
prev_y: 0.5805890560150146
prev_y: 0.007538974285125732
prev_y: 0.3051355481147766
prev_y: 0.007458746433258057
prev_y: 0.6349846720695496
prev_y: 0.6099022030830383
prev_y: 0.017454087734222412
prev_y: 0.37757471203804016
prev_y: 0.017415881156921387
4986      0.725307
4987      1.809222
4988      3.406254
4989      6.056434
4990     12.532969
4991     19.213526
4992     25.374142
4993     31.995146
4994     38.931252
4995     43.324295
4996     46.484089
4997     49.563637
4998     52.968262
4999     56.010242
5000     58.931332
5001     61.738747
5002     64.437248
5003     67.318642
10657     2.681199
10658     5.246532
10661    23.797804
10662    30.421673
10663    37.381168
10664    41.892578
10665    45.178955
10666    48.360508
10667    51.841110
10668    54.951141
10669    57.929260
10670    60.784542
10671    63.523804
Name: X, dtype: float64
19
prev_y: 0.6386071443557739
prev_y: 0.03273415565490723
prev_y: 0.422614187002182
4716      0.725020
4717      1.806098
4718      3.389995
4719      5.977427
4720     12.106900
4721     18.494179
4722     24.524223
4723     31.079376
4724     37.988068
4725     42.390602
4726     45.568966
4727     48.668930
4728     52.095177
4729     55.161034
4730     58.107967
4731     60.942554
4732     63.669968
4733     66.583282
10387     2.665571
10388     5.172573
10391    22.984182
10392    29.529327
10393    36.451584
10394    40.967739
10395    44.270302
10396    47.470051
10397    50.970020
10398    54.102318
10399    57.104721
10400    59.985432
10401    62.752151
Name: X, dtype: float64
19
prev_y: 0.0325951874256134
prev_y: 0.0598086416721344
cracking 0.00225
4806      0.724958
4807      1.806905
4808      3.395301
4809      6.004449
4810     12.252772
4811     18.742508
4812     24.818893
4813     31.396902
4814     38.314739
4815     42.713848
4816     45.885433
4817     48.978142
4818     52.396767
4819     55.454304
4820     58.392372
4821     61.217388
4822     63.934906
4823     66.837227
10477     2.671001
10478     5.198035
10481    23.266130
10482    29.838827
10483    36.773685
10484    41.287773
10485    44.584538
10486    47.777893
10487    51.270924
10488    54.395489
10489    57.389091
10490    60.261017
10491    63.018074
Name: X, dtype: float64
19
prev_y: 0.45582836866378784
prev_y: 0.05946412682533264
prev_y: 0.12567871809005737
cracking 0.002375
cracking 0.0025
prev_y: 0.48765161633491516
prev_y: 0.1244766116142273
prev_y: 0.19046086072921753
prev_y: 0.5225955247879028
prev_y: 0.18856260180473328
prev_y: 0.2480868697166443
prev_y: 0.24528813362121582
prev_y: 0.31499505043029785
prev_y: 0.5531799793243408
prev_y: 0.3118628263473511
prev_y: 0.3866710066795349
prev_y: 0.5839009881019592
prev_y: 0.38401755690574646
prev_y: 0.43154388666152954
prev_y: 0.6132878065109253
prev_y: 0.4647500514984131
prev_y: 0.4288986921310425
prev_y: 0.6418443918228149
prev_y: 0.4620860815048218
prev_y: 0.4964955449104309
prev_y: 0.4938434660434723
prev_y: 0.5311420559883118
4896      0.725232
4897      1.808010
4898      3.400807
4899      6.030950
4900     12.394643
4901     18.982100
4902     25.101759
4903     31.701975
4904     38.628784
4905     43.024689
4906     46.190193
4907     49.276245
4908     52.687572
4909     55.737186
4910     58.666500
4911     61.482403
4912     64.189995
4913     67.082306
10567     2.676202
10568     5.222677
10571    23.537004
10572    30.135952
10573    37.083218
10574    41.595757
10575    44.887047
10576    48.074394
10577    51.561138
10578    54.678303
10579    57.663906
10580    60.527241
10581    63.275135
Name: X, dtype: float64
19
prev_y: 0.5285795331001282
prev_y: 0.5619626641273499
prev_y: 0.5593222379684448
prev_y: 0.5922858119010925
prev_y: 0.5897825360298157
prev_y: 0.6215494871139526
prev_y: 0.6192008256912231
prev_y: 0.6497824192047119
prev_y: 0.6475417613983154
5166      0.725672
5167      1.810906
5168      3.416386
5169      6.105678
5170     12.799548
5171     19.654663
5172     25.889902
5173     32.550224
5174     39.504562
5175     43.893154
5176     47.042198
5177     50.110252
5178     53.502132
5179     56.530235
5180     59.436047
5181     62.226822
5182     64.908592
5183     67.770271
10837     2.690782
10838     5.292332
10841    24.292110
10842    30.962530
10843    37.946064
10844    42.455868
10845    45.732906
10846    48.904224
10847    52.373905
10848    55.470840
10849    58.435051
10850    61.274548
10851    63.997299
Name: X, dtype: float64
19
5076      0.725719
5077      1.810106
5078      3.411450
5079      6.081183
5080     12.667669
5081     19.437519
5082     25.636539
5083     32.277512
5084     39.222847
5085     43.613514
5086     46.767735
5087     49.841370
5088     53.239475
5089     56.274578
5090     59.187813
5091     61.986660
5092     64.676613
5093     67.547897
10747     2.686021
10748     5.269705
10751    24.049198
10752    30.696795
10753    37.668522
10754    42.179043
10755    45.460518
10756    48.636745
10757    52.111713
10758    55.215195
10759    58.185936
10760    61.033291
10761    63.764267
Name: X, dtype: float64
19
cracking 0.002
cracking 0.002125
cracking 0.00225
cracking 0.002375
cracking 0.0025
prev_y: 0
prev_y: 0.007585316896438599
prev_y: 0.017498761415481567
prev_y: 0.032880812883377075
prev_y: 0.06015360355377197
prev_y: 0.12687426805496216
prev_y: 0.19256779551506042
prev_y: 0.25100237131118774
prev_y: 0.3179725110530853
prev_y: 0.38935428857803345
prev_y: 0.43420398235321045
prev_y: 0.4673957824707031
prev_y: 0.4991082549095154
prev_y: 0.5336456894874573
prev_y: 0.5645166635513306
prev_y: 0.5946932435035706
prev_y: 0.623796284198761
prev_y: 0.6519159078598022
5256      0.725855
5257      1.811913
5258      3.421248
5259      6.129171
5260     12.928040
5261     19.865225
5262     26.134760
5263     32.813744
5264     39.776951
5265     44.163597
5266     47.307735
5267     50.370430
5268     53.756451
5269     56.777958
5270     59.676704
5271     62.459736
5272     65.133095
5273     67.985603
10927     2.695309
10928     5.314271
10931    24.527052
10932    31.219301
10933    38.214474
10934    42.723820
10935    45.996769
10936    49.163387
10937    52.627716
10938    55.718609
10939    58.675926
10940    61.508297
10941    64.223495
Name: X, dtype: float64
19
prev_y: 0
prev_y: 0
prev_y: 0.007682234048843384
prev_y: 0.017610132694244385
prev_y: 0.03319430351257324
prev_y: 0.007633119821548462
prev_y: 0.017551004886627197
prev_y: 0.060844630002975464
prev_y: 0
prev_y: 0.12925368547439575
prev_y: 0.03303435444831848
prev_y: 0.06049889326095581
prev_y: 0.19676339626312256
prev_y: 0
prev_y: 0.007784932851791382
prev_y: 0.12806525826454163
prev_y: 0.2567986249923706
prev_y: 0.0177462100982666
prev_y: 0.1946670413017273
prev_y: 0.32369840145111084
prev_y: 0.03353041410446167
prev_y: 0.007732897996902466
prev_y: 0.3943498134613037
prev_y: 0.2539031505584717
prev_y: 0.06153744459152222
prev_y: 0.01767536997795105
prev_y: 0.43917518854141235
prev_y: 0.13157472014427185
prev_y: 0.32083043456077576
prev_y: 0.03335976600646973
prev_y: 0.472339004278183
prev_y: 0.39185142517089844
prev_y: 0.20093220472335815
prev_y: 0.06119084358215332
prev_y: 0.5039696097373962
prev_y: 0.4366944432258606
prev_y: 0.2623240351676941
prev_y: 0.13044339418411255
prev_y: 0.4698790907859802
prev_y: 0.32857924699783325
prev_y: 0.538286030292511
prev_y: 0.1988619863986969
prev_y: 0.5015586614608765
prev_y: 0.3986133635044098
prev_y: 0.25962918996810913
prev_y: 0.5692156553268433
prev_y: 0.5360372066497803
prev_y: 0.44347667694091797
prev_y: 0.32648351788520813
prev_y: 0.5991020202636719
prev_y: 0.47664543986320496
prev_y: 0.5669420957565308
prev_y: 0.3967722952365875
prev_y: 0.6278539299964905
prev_y: 0.5081958174705505
prev_y: 0.596971333026886
prev_y: 0.4415803849697113
prev_y: 0.6559088230133057
prev_y: 0.5420985817909241
prev_y: 0.6259180903434753
prev_y: 0.474719375371933
prev_y: 0.6539376378059387
prev_y: 0.5730981230735779
prev_y: 0.5062941312789917
5436      0.726068
5437      1.813911
5438      3.430563
5439      6.174943
5440     13.177592
5441     20.268604
5442     26.602108
5443     33.316219
5444     40.297047
5445     44.680141
5446     47.815308
5447     50.867928
5448     54.243038
5449     57.252426
5450     60.137276
5451     62.905865
5452     65.563431
5453     68.398056
11107     2.704090
11108     5.356749
11111    24.975058
11112    31.708965
11113    38.726746
11114    43.235161
11115    46.500839
11116    49.658665
11117    53.113247
11118    56.192791
11119    59.137424
11120    61.955883
11121    64.656029
Name: X, dtype: float64
19
prev_y: 0.602752685546875
prev_y: 0.5403857827186584
5346      0.726030
5347      1.812912
5348      3.425767
5349      6.152233
5350     13.054137
5351     20.069761
5352     26.372149
5353     33.068806
5354     40.041107
5355     44.425632
5356     47.565460
5357     50.622810
5358     54.003433
5359     57.018562
5360     59.910328
5361     62.685932
5362     65.351288
5363     68.194405
11017     2.699813
11018     5.335786
11021    24.754515
11022    31.467899
11023    38.474445
11024    42.983494
11025    46.252632
11026    49.414570
11027    52.874092
11028    55.959160
11029    58.909779
11030    61.735229
11031    64.442970
Name: X, dtype: float64
19
prev_y: 0.6315972805023193
prev_y: 0.5713343620300293
prev_y: 0.6597293615341187
prev_y: 0.6010841727256775
5616      0.726234
5617      1.815505
5618      3.439614
5619      6.218511
5620     13.417287
5621     20.650732
5622     27.042253
5623     33.789162
5624     40.786942
5625     45.167236
5626     48.294186
5627     51.337700
5628     54.702652
5629     57.700027
5630     60.572659
5631     63.327175
5632     65.969994
5633     68.787926
11287     2.712584
11288     5.397512
11291    25.397432
11292    32.169788
11293    39.208969
11294    43.717590
11295    46.976437
11296    50.126137
11297    53.572170
11298    56.640877
11299    59.573421
11300    62.379158
11301    65.065468
Name: X, dtype: float64
19
prev_y: 0.6298159956932068
prev_y: 0.6578934788703918
5526      0.726212
5527      1.814720
5528      3.435084
5529      6.197038
5530     13.298530
5531     20.462118
5532     26.825232
5533     33.556015
5534     40.545448
5535     44.927261
5536     48.058224
5537     51.106133
5538     54.475941
5539     57.478931
5540     60.357857
5541     63.119289
5542     65.769585
5543     68.595673
11197     2.708444
11198     5.377357
11201    25.189320
11202    31.942747
11203    38.971283
11204    43.479939
11205    46.741997
11206    49.895390
11207    53.345726
11208    56.419762
11209    59.358505
11210    62.170704
11211    64.863724
Name: X, dtype: float64
19
Error in concentration in 0.0ppm is 0.002087 
Error in concentration in 125.0ppm is 0.005015 
Error in concentration in 250.0ppm is 0.002869 
Error in concentration in 375.0ppm is 0.002881 
Error in concentration in 500.0ppm is 0.003184 
Error in concentration in 625.0ppm is 0.003593 
Error in concentration in 750.0ppm is 0.004645 
Error in concentration in 875.0ppm is 0.004622 
Error in concentration in 1000.0ppm is 0.004465 
Error in concentration in 1125.0ppm is 0.004640 
Error in concentration in 1250.0ppm is 0.004655 
Error in concentration in 1375.0ppm is 0.004230 
Error in concentration in 1500.0ppm is 0.003988 
Error in concentration in 1625.0ppm is 0.003870 
Error in concentration in 1750.0ppm is 0.003759 
Error in concentration in 1875.0ppm is 0.003753 
Error in concentration in 2000.0ppm is 0.003698 
Error in concentration in 2125.0ppm is 0.003661 
Error in concentration in 2250.0ppm is 0.003618 
Error in concentration in 2375.0ppm is 0.003587 
Error in concentration in 2500.0ppm is 0.003727 
CCl4 concentration generalization takes 0.803587277730306 min 48.21523666381836 sec.
Case3: Initial pressure...
cracking 0.001
cracking 0.001
cracking 0.001
cracking 0.001
cracking 0.001
cracking 0.001
cracking 0.001
cracking 0.001
cracking 0.001
cracking 0.001
prev_y: 0
prev_y: 0.006890833377838135
prev_y: 0.017276734113693237
prev_y: 0.03169220685958862
prev_y: 0
prev_y: 0
prev_y: 0
prev_y: 0.05682459473609924
prev_y: 0.1150006651878357
prev_y: 0.17686614394187927
prev_y: 0.22811153531074524
prev_y: 0.006518810987472534
prev_y: 0.006166934967041016
prev_y: 0.29252418875694275
prev_y: 0.016249477863311768
prev_y: 0.015298038721084595
prev_y: 0.0072030723094940186
prev_y: 0.36375489830970764
prev_y: 0.029507756233215332
prev_y: 0.027494817972183228
prev_y: 0.018288105726242065
prev_y: 0
prev_y: 0.40860602259635925
prev_y: 0.05238622426986694
prev_y: 0.04823535680770874
prev_y: 0.03387752175331116
prev_y: 0.1043584942817688
prev_y: 0.4422871470451355
prev_y: 0.09414830803871155
prev_y: 0.061225324869155884
prev_y: 0.1579669713973999
prev_y: 0.14184361696243286
prev_y: 0.47439128160476685
prev_y: 0.12442421913146973
prev_y: 0.20806625485420227
prev_y: 0.5097119212150574
prev_y: 0.19046464562416077
prev_y: 0.1899529993534088
prev_y: 0.27121880650520325
prev_y: 0.539995014667511
prev_y: 0.246337890625
prev_y: 0.2519465684890747
prev_y: 0.007518291473388672
prev_y: 0.5705863237380981
prev_y: 0.3398441672325134
prev_y: 0.31238311529159546
prev_y: 0.3174876868724823
prev_y: 0.01935926079750061
prev_y: 0.6002274751663208
prev_y: 0.38487309217453003
prev_y: 0.3847340941429138
prev_y: 0.36156076192855835
prev_y: 0.03619730472564697
prev_y: 0.6290109157562256
prev_y: 0.4308851361274719
prev_y: 0.41824543476104736
prev_y: 0.3937452435493469
prev_y: 0.06581985950469971
prev_y: 0.46484375
prev_y: 0.4502522945404053
prev_y: 0.4255201816558838
4536      0.724143
4537      1.803454
4538      3.377409
4539      5.920120
4540     11.801787
4541     17.967903
4542     23.894844
4543     30.400738
4544     37.291317
4545     41.702919
4546     44.896271
4547     48.012245
4548     51.455254
4549     54.539902
4550     57.506420
4551     60.361488
4552     63.110199
4553     66.047676
10207     2.654113
10208     5.118789
10211    22.382277
10212    28.868383
10213    35.764668
10214    40.286350
10215    43.602276
10216    46.816563
10217    50.331848
10218    53.481255
10219    56.501766
10220    59.402229
10221    62.189110
Name: X, dtype: float64
19
prev_y: 0.13368907570838928
prev_y: 0.497280478477478
prev_y: 0.4603235423564911
prev_y: 0.48543035984039307
prev_y: 0.20365670323371887
prev_y: 0.4918539822101593
prev_y: 0.5309913754463196
prev_y: 0.5172626972198486
prev_y: 0.26394838094711304
prev_y: 0.5223046541213989
prev_y: 0.5476737022399902
prev_y: 0.5624390840530396
prev_y: 0.33416321873664856
prev_y: 0.5774747133255005
prev_y: 0.5514804124832153
prev_y: 0.593191385269165
prev_y: 0.40632012486457825
prev_y: 0.5800606608390808
prev_y: 0.6061694622039795
prev_y: 0.622751772403717
prev_y: 0.4525849521160126
prev_y: 0.651769757270813
prev_y: 0.48679810762405396
4500      0.607763
4501      1.513583
4502      2.838883
4503      4.992740
4504     10.011323
4505     15.357864
4506     20.677408
4507     26.677158
4508     33.141075
4509     37.335793
4510     40.403469
4511     43.415581
4512     46.763161
4513     49.786060
4514     52.713909
4515     55.553070
4516     58.307465
4517     61.273098
10171     2.235649
10172     4.332045
10175    19.418428
10176    25.369158
10177    31.806440
10178    36.085869
10179    39.256538
10180    42.349983
10181    45.752937
10182    48.826126
10183    51.794868
10184    54.666527
10185    57.446888
Name: X, dtype: float64
19
4518      0.666102
4519      1.658687
4520      3.108509
4521      5.457591
4522     10.910141
4523     16.678337
4524     22.318094
4525     28.588341
4526     35.283260
4527     39.598507
4528     42.738537
4529     45.811749
4530     49.217445
4531     52.280338
4532     55.236675
4533     58.092232
4534     60.852192
4535     63.812344
10189     2.445217
10190     4.726597
10193    20.927475
10194    27.162149
10195    33.845566
10196    38.258156
10197    41.511074
10198    44.674374
10199    48.143726
10200    51.264187
10201    54.268074
10202    57.162872
10203    59.954998
Name: X, dtype: float64
19
4554      0.782780
4555      1.948191
4556      3.646224
4557      6.380435
4558     12.684498
4559     19.226662
4560     25.410778
4561     32.121895
4562     39.177971
4563     43.665470
4564     46.897095
4565     50.040596
4566     53.505375
4567     56.597221
4568     59.560303
4569     62.401825
4570     65.127869
4571     68.030769
10225     2.862428
10226     5.508919
10229    23.785580
10230    30.494522
10231    37.574322
10232    42.184921
10233    45.548019
10234    48.797886
10235    52.342842
10236    55.506145
10237    58.529640
10238    61.422577
10239    64.192291
Name: X, dtype: float64
prev_y: 0.5194845199584961
19
prev_y: 0.5538426637649536
prev_y: 0.5849918127059937
prev_y: 0.6142531633377075
prev_y: 0.64361172914505
prev_y: 0.6716693639755249
4572      0.841227
4573      2.092654
4574      3.913895
4575      6.839023
4576     13.558366
4577     20.454323
4578     26.868666
4579     33.758617
4580     40.953850
4581     45.500179
4582     48.757690
4583     51.917202
4584     55.390430
4585     58.478405
4586     61.427845
4587     64.246658
4588     66.941704
4589     69.801483
10243     3.070155
10244     5.896804
10247    25.139862
10248    32.046223
10249    39.283413
10250    43.965561
10251    47.363628
10252    50.636650
10253    54.197876
10254    57.363659
10255    60.379318
10256    63.255074
10257    65.998772
Name: X, dtype: float64
19
Error in 10.4atm is 0.006494 
Error in 11.4atm is 0.005920 
Error in 12.4atm is 0.004465 
Error in 13.4atm is 0.003208 
Error in 14.4atm is 0.001635 
Initial pressure generalization takes 0.29081870714823405 min 17.449122428894043 sec.
Case5: Initial T_in...
cracking 0.001
cracking 0.001
cracking 0.001
cracking 0.001
cracking 0.001
cracking 0.001
cracking 0.001
cracking 0.001
cracking 0.001
cracking 0.001
cracking 0.001
cracking 0.001
prev_y: 0
prev_y: 0.006890833377838135
prev_y: 0.017276734113693237
prev_y: 0.03169220685958862
prev_y: 0.05682459473609924
prev_y: 0.1150006651878357
prev_y: 0.17686614394187927
prev_y: 0.22811153531074524
prev_y: 0.29252418875694275
prev_y: 0.36375489830970764
prev_y: 0.40860602259635925
prev_y: 0
prev_y: 0.4422871470451355
prev_y: 0
prev_y: 0
prev_y: 0.47439128160476685
prev_y: 0.5097119212150574
prev_y: 0
prev_y: 0.539995014667511
prev_y: 0.5705863237380981
prev_y: 0.6002274751663208
prev_y: 0.6290109157562256
prev_y: 0.009522795677185059
prev_y: 0.005879759788513184
prev_y: 0.005025029182434082
prev_y: 0
prev_y: 0.02428978681564331
prev_y: 0.015011072158813477
prev_y: 0.011126935482025146
prev_y: 0.008363515138626099
4536      0.724143
4537      1.803454
4538      3.377409
4539      5.920120
4540     11.801787
4541     17.967903
4542     23.894844
4543     30.400738
4544     37.291317
4545     41.702919
4546     44.896271
4547     48.012245
4548     51.455254
4549     54.539902
4550     57.506420
4551     60.361488
4552     63.110199
4553     66.047676
10207     2.654113
10208     5.118789
10211    22.382277
10212    28.868383
10213    35.764668
10214    40.286350
10215    43.602276
10216    46.816563
10217    50.331848
10218    53.481255
10219    56.501766
10220    59.402229
10221    62.189110
Name: X, dtype: float64
19
prev_y: 0.04584449529647827
prev_y: 0.02774709463119507
prev_y: 0.023281514644622803
prev_y: 0.019736647605895996
prev_y: 0.08203175663948059
prev_y: 0.049063920974731445
prev_y: 0.04277461767196655
prev_y: 0.0382828414440155
prev_y: 0.1453421413898468
prev_y: 0.0870676338672638
prev_y: 0.07114788889884949
prev_y: 0.06766360998153687
prev_y: 0.19813880324363708
prev_y: 0.1349695920944214
prev_y: 0.013691157102584839
prev_y: 0.13144400715827942
prev_y: 0.11188259720802307
prev_y: 0.18482592701911926
prev_y: 0.25955432653427124
prev_y: 0.03107905387878418
prev_y: 0.18474966287612915
prev_y: 0.16630271077156067
prev_y: 0.3275185227394104
prev_y: 0.25176915526390076
prev_y: 0.2487035095691681
prev_y: 0.2236284613609314
prev_y: 0.056567996740341187
prev_y: 0.3228839635848999
prev_y: 0.38160815834999084
prev_y: 0.3138645887374878
prev_y: 0.2749694287776947
prev_y: 0.10248127579689026
prev_y: 0.41851410269737244
prev_y: 0.37262946367263794
prev_y: 0.16510018706321716
prev_y: 0.37204480171203613
prev_y: 0.32890617847442627
prev_y: 0.4506685137748718
prev_y: 0.41822952032089233
prev_y: 0.2197956144809723
prev_y: 0.4162459373474121
prev_y: 0.38824403285980225
prev_y: 0.48237454891204834
prev_y: 0.2847851514816284
prev_y: 0.44920650124549866
prev_y: 0.4505860209465027
prev_y: 0.46530386805534363
prev_y: 0.5168024897575378
prev_y: 0.35413649678230286
prev_y: 0.4807341694831848
prev_y: 0.4972538352012634
prev_y: 0.5080406069755554
prev_y: 0.5471853613853455
prev_y: 0.5154545903205872
prev_y: 0.529860258102417
prev_y: 0.39786583185195923
prev_y: 0.5396077036857605
prev_y: 0.5776470899581909
prev_y: 0.5452126264572144
prev_y: 0.5608181953430176
prev_y: 0.43046873807907104
prev_y: 0.568511962890625
prev_y: 0.6072618365287781
prev_y: 0.5893060564994812
prev_y: 0.5752109885215759
prev_y: 0.5971529483795166
prev_y: 0.46153268218040466
prev_y: 0.6359083652496338
prev_y: 0.6169624924659729
prev_y: 0.6044349670410156
prev_y: 0.6243764162063599
prev_y: 0.4959256649017334
prev_y: 0.6328591704368591
8316     0.948726
8317     2.308797
8318     4.368344
8319     8.080377
8320    14.749017
8321    20.724016
8322    27.026041
8323    33.742199
8324    39.255653
8325    42.885189
8326    46.042263
8327    49.120556
8328    52.520084
8329    55.563992
8330    58.489883
8331    61.303715
8332    64.012085
8333    66.689865
Name: X, dtype: float64
prev_y: 0.527148962020874
19
756     0.552409
757     1.422114
758     2.709909
759     4.636510
760     7.393425
761    11.334577
762    16.772953
763    22.717258
764    28.153206
765    33.459538
766    39.233276
767    45.456818
768    50.026394
769    53.150066
770    56.158443
771    59.056522
772    61.850773
773    65.429810
Name: X, dtype: float64
19
prev_y: 0.5573001503944397
2646     0.633698
2647     1.609871
2648     3.039508
2649     5.165207
2650     9.342885
2651    14.080738
2652    19.288185
2653    25.598886
2654    32.707016
2655    37.715958
2656    42.307484
2657    46.655422
2658    50.894569
2659    53.998909
2660    56.984791
2661    59.859867
2662    62.629417
2663    65.735817
Name: X, dtype: float64
19
6426     0.834506
6427     2.034673
6428     3.819700
6429     6.832264
6430    13.376589
6431    18.907488
6432    25.530230
6433    32.162197
6434    37.864819
6435    42.251591
6436    45.426811
6437    48.524296
6438    51.945744
6439    55.010258
6440    57.957058
6441    60.792629
6442    63.521835
6443    66.365807
Name: X, dtype: float64
19
prev_y: 0.5869349837303162
prev_y: 0.6157581806182861
prev_y: 0.6419962048530579
4538      3.377409
4539      5.920120
4542     23.894844
4543     30.400738
4544     37.291317
4545     41.702919
4546     44.896271
4547     48.012245
4548     51.455254
4549     54.539902
4550     57.506420
4551     60.361488
4552     63.110199
4553     66.047676
10206     1.089056
10207     2.654113
10208     5.118789
10209    10.151096
10210    16.508825
10211    22.382277
10212    28.868383
10213    35.764668
10214    40.286350
10215    43.602276
10216    46.816563
10217    50.331848
10218    53.481255
10219    56.501766
10220    59.402229
10221    62.189110
10222    64.651299
10223    67.020660
Name: X, dtype: float64
index + 17 dont exist in y_ground_df, continue
index + 17 dont exist in y_ground_df, continue
index + 17 dont exist in y_ground_df, continue
index + 17 dont exist in y_ground_df, continue
index + 17 dont exist in y_ground_df, continue
index + 17 dont exist in y_ground_df, continue
index + 17 dont exist in y_ground_df, continue
index + 17 dont exist in y_ground_df, continue
index + 17 dont exist in y_ground_df, continue
index + 17 dont exist in y_ground_df, continue
index + 17 dont exist in y_ground_df, continue
index + 17 dont exist in y_ground_df, continue
index + 17 dont exist in y_ground_df, continue
index + 17 dont exist in y_ground_df, continue
19
