training_data.csv
            Experiment name: 0122_batch90
            Training Data: training_data.csv
            Do k-fold: False
            Folds num: 10
            Learning rate: 0.001
            Batch size: 90
            Epoch: 10000
            CSTR num: 100
            Training vebose: 0
            #Genearalization test
            mass flow rates = True
            CCl4 = True
            inital pressure = True
            number of tubes = True
            ncpus = 8
                
Loading data...
Training takes 2.7815500895182292e-08 min 1.6689300537109375e-06 sec.
Generalization test...
Case1: Mass flow rate...
Mass flow rate generalization takes 4.16416646639506 min 9.849987983703613 sec.
Case2: CCl4 concentration...
CCl4 concentration generalization takes 4.098182797431946 min 5.890967845916748 sec.
Case3: Initial pressure...
Initial pressure generalization takes 4.070736539363861 min 4.244192361831665 sec.
Case4: Number of tubes...
Figures saved in /home/wesley/EDC/FPC/ML/results/0122_batch90/plots
Number of tubes generalization takes 34.771026508013406 min 46.26159048080444 sec.
Starting prediction...
Mean absolute error of `0122_batch90` is 0.00255
