training_data.csv
            Experiment name: 0122_batch90
            Training Data: training_data.csv
            Do k-fold: False
            Folds num: 10
            Learning rate: 0.001
            Batch size: 36
            Epoch: 10000
            CSTR num: 100
            Training vebose: 0
            #Genearalization test
            mass flow rates = False
            CCl4 = True
            inital pressure = False
            number of tubes = False
            ncpus = 8
            training = False
                
Loading data...
Generalization test...
Case2: CCl4 concentration...
Error in concentration in 0.0ppm is 0.023974 
Error in concentration in 25.252525252525253ppm is 0.029909 
Error in concentration in 50.505050505050505ppm is 0.031574 
Error in concentration in 75.75757575757575ppm is 0.025896 
Error in concentration in 101.01010101010101ppm is 0.020399 
Error in concentration in 126.26262626262626ppm is 0.017452 
Error in concentration in 151.5151515151515ppm is 0.014651 
Error in concentration in 176.76767676767676ppm is 0.007892 
Error in concentration in 202.02020202020202ppm is 0.005538 
Error in concentration in 227.27272727272728ppm is 0.003955 
Error in concentration in 252.5252525252525ppm is 0.002691 
Error in concentration in 277.77777777777777ppm is 0.005609 
Error in concentration in 303.030303030303ppm is 0.006661 
Error in concentration in 328.2828282828283ppm is 0.006095 
Error in concentration in 353.5353535353535ppm is 0.005861 
Error in concentration in 378.7878787878788ppm is 0.006033 
Error in concentration in 404.04040404040404ppm is 0.005492 
Error in concentration in 429.2929292929293ppm is 0.004769 
Error in concentration in 454.54545454545456ppm is 0.004020 
Error in concentration in 479.7979797979798ppm is 0.003112 
Error in concentration in 505.050505050505ppm is 0.002450 
Error in concentration in 530.3030303030303ppm is 0.002096 
Error in concentration in 555.5555555555555ppm is 0.002273 
Error in concentration in 580.8080808080808ppm is 0.003725 
Error in concentration in 606.060606060606ppm is 0.003831 
Error in concentration in 631.3131313131313ppm is 0.003694 
Error in concentration in 656.5656565656566ppm is 0.003530 
Error in concentration in 681.8181818181819ppm is 0.003342 
Error in concentration in 707.070707070707ppm is 0.003186 
Error in concentration in 732.3232323232322ppm is 0.003285 
Error in concentration in 757.5757575757576ppm is 0.003287 
Error in concentration in 782.8282828282829ppm is 0.003574 
Error in concentration in 808.0808080808081ppm is 0.003748 
Error in concentration in 833.3333333333333ppm is 0.003466 
Error in concentration in 858.5858585858585ppm is 0.002906 
Error in concentration in 883.838383838384ppm is 0.002719 
Error in concentration in 909.0909090909091ppm is 0.002673 
Error in concentration in 934.3434343434343ppm is 0.002694 
Error in concentration in 959.5959595959596ppm is 0.002819 
Error in concentration in 984.8484848484849ppm is 0.002880 
Error in concentration in 1010.10101010101ppm is 0.002690 
Error in concentration in 1035.3535353535353ppm is 0.002307 
Error in concentration in 1060.6060606060605ppm is 0.001929 
Error in concentration in 1085.858585858586ppm is 0.001907 
Error in concentration in 1111.111111111111ppm is 0.001392 
Error in concentration in 1136.3636363636363ppm is 0.001774 
Error in concentration in 1161.6161616161617ppm is 0.002748 
Error in concentration in 1186.8686868686868ppm is 0.003793 
Error in concentration in 1212.121212121212ppm is 0.004836 
Error in concentration in 1237.3737373737374ppm is 0.005694 
Error in concentration in 1262.6262626262626ppm is 0.006459 
Error in concentration in 1287.878787878788ppm is 0.004619 
Error in concentration in 1313.1313131313132ppm is 0.003297 
Error in concentration in 1338.3838383838383ppm is 0.002305 
Error in concentration in 1363.6363636363637ppm is 0.001496 
Error in concentration in 1388.888888888889ppm is 0.001256 
Error in concentration in 1414.141414141414ppm is 0.001269 
Error in concentration in 1439.3939393939393ppm is 0.001266 
Error in concentration in 1464.6464646464644ppm is 0.001226 
Error in concentration in 1489.8989898989898ppm is 0.001221 
Error in concentration in 1515.1515151515152ppm is 0.001216 
Error in concentration in 1540.4040404040404ppm is 0.001229 
Error in concentration in 1565.6565656565658ppm is 0.001260 
Error in concentration in 1590.909090909091ppm is 0.001321 
Error in concentration in 1616.1616161616162ppm is 0.001377 
Error in concentration in 1641.4141414141413ppm is 0.001438 
Error in concentration in 1666.6666666666665ppm is 0.001367 
Error in concentration in 1691.919191919192ppm is 0.001302 
Error in concentration in 1717.171717171717ppm is 0.001263 
Error in concentration in 1742.4242424242423ppm is 0.001240 
Error in concentration in 1767.676767676768ppm is 0.001226 
Error in concentration in 1792.929292929293ppm is 0.001214 
Error in concentration in 1818.1818181818182ppm is 0.001212 
Error in concentration in 1843.4343434343434ppm is 0.001232 
Error in concentration in 1868.6868686868686ppm is 0.001266 
Error in concentration in 1893.939393939394ppm is 0.001307 
Error in concentration in 1919.1919191919192ppm is 0.001353 
Error in concentration in 1944.4444444444443ppm is 0.001410 
Error in concentration in 1969.6969696969697ppm is 0.001491 
Error in concentration in 1994.9494949494947ppm is 0.001611 
Error in concentration in 2020.20202020202ppm is 0.001676 
Error in concentration in 2045.4545454545457ppm is 0.001694 
Error in concentration in 2070.7070707070707ppm is 0.001653 
Error in concentration in 2095.959595959596ppm is 0.001570 
Error in concentration in 2121.212121212121ppm is 0.001495 
Error in concentration in 2146.464646464646ppm is 0.001439 
Error in concentration in 2171.717171717172ppm is 0.001396 
Error in concentration in 2196.969696969697ppm is 0.001360 
Error in concentration in 2222.222222222222ppm is 0.001331 
Error in concentration in 2247.474747474748ppm is 0.001308 
Error in concentration in 2272.7272727272725ppm is 0.001293 
Error in concentration in 2297.979797979798ppm is 0.001291 
Error in concentration in 2323.2323232323233ppm is 0.001288 
Error in concentration in 2348.4848484848485ppm is 0.001322 
Error in concentration in 2373.7373737373737ppm is 0.001365 
Error in concentration in 2398.989898989899ppm is 0.001424 
Error in concentration in 2424.242424242424ppm is 0.001474 
Error in concentration in 2449.4949494949497ppm is 0.001448 
Error in concentration in 2474.747474747475ppm is 0.001378 
Error in concentration in 2500.0ppm is 0.001304 
CCl4 concentration generalization takes 3.8534428596496584 min 51.20657157897949 sec.
Starting prediction...
Mean absolute error of `0122_batch90` is 0.00255
