training_data_FPC_V8_addprev_area.csv
            Experiment name: 0522_FPC_modelV8_diffparam2
            Training Data: training_data_FPC_V8_addprev_area.csv
            Do k-fold: False
            Folds num: 10
            Learning rate: 0.001
            Batch size: 18
            Epoch: 1500
            CSTR num: 100
            Training vebose: 0
            # Genearalization test
            mass flow rates = True
            CCl4 = True
            inital pressure = True
            number of tubes = False
            T_in = True
            ncpus = 8
            training = False
            prediction only = False
                
Generalization test...
Case1: Mass flow rate...
cracking 0.001
cracking 0.001
cracking 0.001
cracking 0.001
cracking 0.001
cracking 0.001
prev_y: 0
prev_y: 0.005764394998550415
prev_y: 0.014785021543502808
prev_y: 0
prev_y: 0.0258253812789917
prev_y: 0.04620718955993652
prev_y: 0.09595164656639099
prev_y: 0.0049247145652771
prev_y: 0.14470559358596802
prev_y: 0.013277828693389893
prev_y: 0.19613751769065857
prev_y: 0.022287428379058838
prev_y: 0.2580223083496094
prev_y: 0.04122346639633179
prev_y: 0.32404834032058716
prev_y: 0.08506730198860168
prev_y: 0.36671608686447144
prev_y: 0.12974491715431213
prev_y: 0.39812323451042175
prev_y: 0.17528536915779114
prev_y: 0
prev_y: 0.42915889620780945
prev_y: 0.23254138231277466
prev_y: 0.46265822649002075
prev_y: 0.2946847081184387
prev_y: 0.4935453534126282
prev_y: 0.3373580574989319
prev_y: 0.5236552357673645
prev_y: 0.006920427083969116
prev_y: 0.36953967809677124
prev_y: 0.5529583096504211
prev_y: 0.4007459878921509
prev_y: 0.01762324571609497
prev_y: 0.5814788341522217
prev_y: 0.03102859854698181
prev_y: 0.43414610624313354
ML cracking rates
{'cracking_rates': [0, 0.005764394998550415, 0.014785021543502808, 0.0258253812789917, 0.04620718955993652, 0.09595164656639099, 0.14470559358596802, 0.19613751769065857, 0.2580223083496094, 0.32404834032058716, 0.36671608686447144, 0.39812323451042175, 0.42915889620780945, 0.46265822649002075, 0.4935453534126282, 0.5236552357673645, 0.5529583096504211, 0.5814788341522217, 0.6122556924819946]}
prev_y: 0.055035173892974854
prev_y: 0.4646235704421997
15876     0.610756
15877     1.518815
15878     2.840815
15879     4.962894
15880     9.806705
15881    15.008576
15882    20.294807
15883    26.347033
15884    32.918468
15885    37.175453
15886    40.272453
15887    43.309750
15888    46.690166
15889    49.733852
15890    52.677071
15891    55.525879
15892    58.284916
15893    61.258751
21547     2.238101
21548     4.309210
21551    19.078014
21552    25.072390
21553    31.610193
21554    35.952656
21555    39.155643
21556    42.277164
21557    45.714828
21558    48.810452
21559    51.796638
21560    54.679977
21561    57.466980
Name: X, dtype: float64
19
prev_y: 0.4945113956928253
prev_y: 0.1141829788684845
prev_y: 0.5236583948135376
prev_y: 0.17524036765098572
prev_y: 0.5520084500312805
prev_y: 0.2298945188522339
prev_y: 0.29420173168182373
ML cracking rates
{'cracking_rates': [0, 0.0049247145652771, 0.013277828693389893, 0.022287428379058838, 0.04122346639633179, 0.08506730198860168, 0.12974491715431213, 0.17528536915779114, 0.23254138231277466, 0.2946847081184387, 0.3373580574989319, 0.36953967809677124, 0.4007459878921509, 0.43414610624313354, 0.4646235704421997, 0.4945113956928253, 0.5236583948135376, 0.5520084500312805, 0.5827716588973999]}
27216     0.542458
27217     1.348509
27218     2.519060
27219     4.391415
27220     8.616336
27221    13.183365
27222    17.979229
27223    23.657576
27224    29.959951
27225    34.078899
27226    37.084000
27227    40.041294
27228    43.348572
27229    46.334602
27230    49.232445
27231    52.046650
27232    54.781319
27233    57.745777
32887     1.988156
32888     3.823128
32891    16.964336
32892    22.569231
32893    28.816078
32894    33.005142
32895    36.106174
32896    39.138523
32897    42.493961
32898    45.524872
32899    48.458012
32900    51.300186
32901    54.056561
Name: X, dtype: float64
19
prev_y: 0.36066311597824097
prev_y: 0.40290528535842896
prev_y: 0.43395957350730896
prev_y: 0.4643878638744354
prev_y: 0.4977650046348572
prev_y: 0.5285245776176453
prev_y: 0.5589249134063721
prev_y: 0.588243842124939
prev_y: 0.617406964302063
ML cracking rates
{'cracking_rates': [0, 0.006920427083969116, 0.01762324571609497, 0.03102859854698181, 0.055035173892974854, 0.1141829788684845, 0.17524036765098572, 0.2298945188522339, 0.29420173168182373, 0.36066311597824097, 0.40290528535842896, 0.43395957350730896, 0.4643878638744354, 0.4977650046348572, 0.5285245776176453, 0.5589249134063721, 0.588243842124939, 0.617406964302063, 0.6484619379043579]}
4536      0.724143
4537      1.803454
4538      3.377409
4539      5.920120
4540     11.801787
4541     17.967903
4542     23.894844
4543     30.400738
4544     37.291317
4545     41.702919
4546     44.896271
4547     48.012245
4548     51.455254
4549     54.539902
4550     57.506420
4551     60.361488
4552     63.110199
4553     66.047676
10207     2.654113
10208     5.118789
10211    22.382277
10212    28.868383
10213    35.764668
10214    40.286350
10215    43.602276
10216    46.816563
10217    50.331848
10218    53.481255
10219    56.501766
10220    59.402229
10221    62.189110
Name: X, dtype: float64
19
Error in 27 mass flow rate is 0.009620 
Error in 32 mass flow rate is 0.003178 
Error in 36 mass flow rate is 0.002360 
Mass flow rate generalization takes 0.44364521503448484 min 26.618712902069092 sec.
Case2: CCl4 concentration...
cracking 0.0005
cracking 0.00025
cracking 0.000375
cracking 0.000875
cracking 0.000125
cracking 0.000625
cracking 0.0
cracking 0.00075
cracking 0.00075
cracking 0.0
cracking 0.000125
cracking 0.000375
cracking 0.000625
cracking 0.0005
cracking 0.000875
cracking 0.00025
prev_y: 0
prev_y: 0.005065709352493286
prev_y: 0.012524306774139404
prev_y: 0.023564577102661133
prev_y: 0.03901016712188721
prev_y: 0.07324153184890747
prev_y: 0.10949766635894775
prev_y: 0.14359119534492493
prev_y: 0.19430002570152283
prev_y: 0.2546919286251068
prev_y: 0.2947680950164795
prev_y: 0.3277602195739746
prev_y: 0.3595834970474243
prev_y: 0.3948235809803009
prev_y: 0.4257255792617798
prev_y: 0.45524272322654724
prev_y: 0.48438018560409546
prev_y: 0.5134900808334351
26496     0.541702
26497     1.337990
26498     2.467171
26499     4.165375
26500     7.507545
26501    11.026672
26502    14.946434
26503    20.012291
26504    26.076492
26505    30.217064
26506    33.291397
26507    36.324223
26508    39.711197
26509    42.783905
26510    45.770622
26511    48.677361
26512    51.508545
26513    54.577679
32167     1.938072
32168     3.604752
32171    14.107353
32172    19.077141
32173    25.040344
32174    29.226753
32175    32.383583
32176    35.480537
32177    38.904716
32178    42.012615
32179    45.027523
32180    47.955437
32181    50.801556
Name: X, dtype: float64
19
cracking 0.001
prev_y: 0
prev_y: 0.005068153142929077
prev_y: 0.01259729266166687
prev_y: 0.024060606956481934
prev_y: 0.03975751996040344
prev_y: 0.07707589864730835
prev_y: 0.11134099960327148
prev_y: 0
prev_y: 0.15019720792770386
prev_y: 0.2021905779838562
prev_y: 0.26144373416900635
prev_y: 0.3040119409561157
prev_y: 0.004992634057998657
prev_y: 0.013144314289093018
prev_y: 0.3359365463256836
prev_y: 0.021811306476593018
prev_y: 0.36839935183525085
prev_y: 0
prev_y: 0
prev_y: 0.04033735394477844
prev_y: 0.40280473232269287
prev_y: 0
prev_y: 0.08338764309883118
prev_y: 0.43345004320144653
prev_y: 0
prev_y: 0.12568756937980652
prev_y: 0.46356722712516785
prev_y: 0.005065053701400757
prev_y: 0.1708090901374817
prev_y: 0.004956841468811035
prev_y: 0.49328306317329407
prev_y: 0.012950986623764038
prev_y: 0.22729066014289856
prev_y: 0.5224865078926086
prev_y: 0.01321759819984436
prev_y: 0.0050730109214782715
prev_y: 0.021801859140396118
prev_y: 0.0050286948680877686
prev_y: 0.28854700922966003
prev_y: 0.021992653608322144
prev_y: 0.012755602598190308
prev_y: 0.03943139314651489
prev_y: 0.3310237228870392
26586     0.541053
26587     1.340141
26588     2.476842
26589     4.203300
26590     7.679679
26591    11.356103
26592    15.419874
26593    20.596409
26594    26.698132
26595    30.829142
26596    33.887325
26597    36.903980
26598    40.273952
26599    43.329025
26600    46.298855
26601    49.188999
26602    52.002823
26603    55.054344
32257     1.947242
32258     3.642408
32261    14.554661
32262    19.636328
32263    25.644800
32264    29.825911
32265    32.968884
32266    36.051121
32267    39.459869
32268    42.552090
32269    45.551327
32270    48.463448
32271    51.293407
Name: X, dtype: float64
19
prev_y: 0.013056159019470215
prev_y: 0.040861815214157104
prev_y: 0.02215591073036194
prev_y: 0.3627188801765442
prev_y: 0.021778017282485962
prev_y: 0.08096745610237122
cracking 0.001125
prev_y: 0.08425435423851013
prev_y: 0.03943908214569092
prev_y: 0.3941543400287628
prev_y: 0.12257915735244751
prev_y: 0.039831072092056274
prev_y: 0.08022144436836243
prev_y: 0.1277434229850769
prev_y: 0.4278332591056824
prev_y: 0.08216473460197449
prev_y: 0.169834166765213
prev_y: 0.1198945939540863
prev_y: 0.17152470350265503
prev_y: 0.4585258960723877
prev_y: 0.16549843549728394
prev_y: 0.12451204657554626
prev_y: 0.22201862931251526
prev_y: 0.22864732146263123
prev_y: 0.48864081501960754
prev_y: 0.21921026706695557
prev_y: 0.1706552803516388
prev_y: 0.2908499240875244
prev_y: 0.2829338014125824
prev_y: 0.5181491374969482
prev_y: 0.22627195715904236
prev_y: 0.27896755933761597
prev_y: 0.3248549997806549
prev_y: 0.3335047960281372
prev_y: 0.5467433333396912
prev_y: 0.28729885816574097
prev_y: 0.3202071189880371
prev_y: 0.3561919927597046
prev_y: 0.3655068874359131
prev_y: 0.32948756217956543
prev_y: 0.3520459532737732
prev_y: 0.3968200087547302
prev_y: 0.38780754804611206
27036     0.542414
27037     1.346515
27038     2.509336
27039     4.345644
27040     8.379178
27041    12.720531
27042    17.345581
27043    22.913807
27044    29.167658
27045    33.284927
27046    36.299171
27047    39.267300
27048    42.586494
27049    45.586723
27050    48.499870
27051    51.330868
27052    54.083344
27053    57.067833
32707     1.978695
32708     3.779629
32711    16.368149
32712    21.856274
32713    28.045601
32714    32.228561
32715    35.336056
32716    38.377071
32717    41.742035
32718    44.785194
32719    47.732018
32720    50.589596
32721    53.362576
Name: X, dtype: float64
19
prev_y: 0.3607088029384613
prev_y: 0.38417595624923706
prev_y: 0.4304029047489166
cracking 0.00125
prev_y: 0.4216681718826294
prev_y: 0.3922405242919922
prev_y: 0.41847535967826843
prev_y: 0.46095162630081177
prev_y: 0.45241114497184753
prev_y: 0.425889253616333
prev_y: 0.48261260986328125
prev_y: 0.44927069544792175
prev_y: 0
prev_y: 0.4909054636955261
prev_y: 0.45665794610977173
prev_y: 0.5123967528343201
prev_y: 0.5201770067214966
prev_y: 0.4795309603214264
prev_y: 0.4868987798690796
prev_y: 0.5413603782653809
prev_y: 0.548622727394104
prev_y: 0.5093991160392761
prev_y: 0.516663670539856
prev_y: 0.5385558009147644
26856     0.541882
26857     1.344231
26858     2.497915
26859     4.295200
26860     8.122637
26861    12.217281
26862    16.644733
26863    22.081114
26864    28.279892
26865    32.398544
26866    35.425644
26867    38.408493
26868    41.742748
26869    44.761127
26870    47.692856
26871    50.543480
26872    53.317299
26873    56.324795
32527     1.967979
32528     3.731189
32531    15.708635
32532    21.058371
32533    27.182899
32534    31.361494
32535    34.478882
32536    37.532063
32537    40.909870
32538    43.968147
32539    46.932514
32540    49.808250
32541    52.600548
Name: X, dtype: float64
27126     0.541825
27127     1.347661
27128     2.514255
27129     4.369035
27130     8.499916
27131    12.956445
27132    17.669851
27133    23.295486
27134    29.574274
27135    33.692043
27136    36.701366
27137    39.663750
27138    42.976536
27139    45.969486
27140    48.874496
27141    51.696651
27142    54.439999
27143    57.414059
32797     1.983494
32798     3.801911
32801    16.673145
32802    22.222090
32803    28.441011
32804    32.626896
32805    35.730701
32806    38.766991
32807    42.126820
32808    45.189877
32809    48.103359
32810    50.952766
32811    53.717201
Name: X, dtype: float64
19
19
prev_y: 0.005070537328720093
prev_y: 0.5455071926116943
cracking 0.0015cracking 0.001375

prev_y: 0.012665808200836182
26766     0.541325
26767     1.342926
26768     2.491726
26769     4.266912
26770     7.984195
26771    11.946932
26772    16.263231
26773    21.622541
26774    27.791443
26775    31.912319
26776    34.947720
26777    37.939823
26778    41.284466
26779    44.312798
26780    47.255867
26781    50.118141
26782    52.903507
26783    55.924343
32437     1.961841
32438     3.704316
32441    15.349513
32442    20.619343
32443    26.707998
32444    30.885918
32445    34.010067
32446    37.070984
32447    40.457230
32448    43.525303
32449    46.499355
32450    49.385841
32451    52.189384
Name: X, dtype: float64
19
26946     0.541728
26947     1.345468
26948     2.503976
26949     4.321380
26950     8.253869
26951    12.474607
26952    17.004583
26953    22.510054
26954    28.737150
26955    32.854691
26956    35.874935
26957    38.849796
26958    42.176178
26959    45.184940
26960    48.106636
26961    50.946999
26962    53.709663
26963    56.705158
32617     1.973470
32618     3.756246
32621    16.047337
32622    21.469456
32623    27.627365
32624    31.807812
32625    34.919773
32626    37.966515
32627    41.337311
32628    44.387512
32629    47.342590
32630    50.208595
32631    52.990883
Name: X, dtype: float64
prev_y: 0.02271801233291626
19
cracking 0.001625
cracking 0.00175
prev_y: 0.03950127959251404
prev_y: 0.0793600082397461
prev_y: 0.11611500382423401
prev_y: 0.15851843357086182
prev_y: 0.2123604118824005
prev_y: 0.27435654401779175
prev_y: 0.3145562410354614
prev_y: 0.34620746970176697
prev_y: 0.3786523640155792
prev_y: 0.4132918119430542
prev_y: 0.4447055160999298
prev_y: 0.4749718904495239
prev_y: 0.5048738121986389
prev_y: 0.5342261791229248
26676     0.541349
26677     1.341674
26678     2.484447
26679     4.237044
26680     7.837187
26681    11.660980
26682    15.856541
26683    21.130030
26684    27.266428
26685    31.391476
26686    34.436951
26687    37.439999
26688    40.796062
26689    43.836716
26690    46.792538
26691    49.667618
26692    52.466686
26693    55.502041
32347     1.955185
32348     3.674968
32351    14.966463
32352    20.147499
32353    26.197657
32354    30.376007
32355    33.508472
32356    36.579025
32357    39.975403
32358    43.054581
32359    46.040283
32360    48.938595
32361    51.754738
Name: X, dtype: float64
19
cracking 0.001875
cracking 0.001
cracking 0.001625
cracking 0.001125
cracking 0.0015
cracking 0.00125
cracking 0.001375
cracking 0.00175
cracking 0.001875
prev_y: 0
prev_y: 0.0049247145652771
prev_y: 0.013277828693389893
prev_y: 0.022287428379058838
prev_y: 0.04122346639633179
prev_y: 0.08506730198860168
prev_y: 0.12974491715431213
prev_y: 0.17528536915779114
prev_y: 0.23254138231277466
prev_y: 0.2946847081184387
prev_y: 0.3373580574989319
prev_y: 0.36953967809677124
prev_y: 0.4007459878921509
prev_y: 0.43414610624313354
prev_y: 0.4646235704421997
prev_y: 0.4945113956928253
prev_y: 0
prev_y: 0.5236583948135376
prev_y: 0
prev_y: 0.5520084500312805
prev_y: 0.004933595657348633
prev_y: 0.013328522443771362
prev_y: 0.004860877990722656
27216     0.542458
27217     1.348509
27218     2.519060
27219     4.391415
27220     8.616336
27221    13.183365
27222    17.979229
27223    23.657576
27224    29.959951
27225    34.078899
27226    37.084000
27227    40.041294
27228    43.348572
27229    46.334602
27230    49.232445
27231    52.046650
27232    54.781319
27233    57.745777
32887     1.988156
32888     3.823128
32891    16.964336
32892    22.569231
32893    28.816078
32894    33.005142
32895    36.106174
32896    39.138523
32897    42.493961
32898    45.524872
32899    48.458012
32900    51.300186
32901    54.056561
Name: X, dtype: float64
19
prev_y: 0
prev_y: 0.02261829376220703
prev_y: 0.013417989015579224
cracking 0.002
prev_y: 0.04160222411155701
prev_y: 0.022822260856628418
prev_y: 0.0048334598541259766
prev_y: 0.08588135242462158
prev_y: 0.04239186644554138
prev_y: 0.013431400060653687
prev_y: 0.13219350576400757
prev_y: 0.08870065212249756
prev_y: 0.022887378931045532
prev_y: 0.1792221963405609
prev_y: 0.13802960515022278
prev_y: 0.04265397787094116
prev_y: 0.236570805311203
prev_y: 0.18739184737205505
prev_y: 0.08964860439300537
prev_y: 0.29858076572418213
prev_y: 0.2462921440601349
prev_y: 0.3411158323287964
prev_y: 0.13962522149085999
prev_y: 0.3096117377281189
prev_y: 0.37321144342422485
prev_y: 0.18979129195213318
prev_y: 0.35210639238357544
prev_y: 0.24878054857254028
prev_y: 0.404313325881958
prev_y: 0.3836105465888977
prev_y: 0.31232908368110657
prev_y: 0.43757951259613037
prev_y: 0.4143572151660919
prev_y: 0.35458800196647644
prev_y: 0.4679897725582123
prev_y: 0.44738808274269104
prev_y: 0.49780958890914917
prev_y: 0.3859277367591858
prev_y: 0.47763675451278687
prev_y: 0.5268507599830627
prev_y: 0.4165518283843994
prev_y: 0.5072667002677917
prev_y: 0.5551129579544067
prev_y: 0.44948717951774597
prev_y: 0.5360773205757141
27306     0.542610
27307     1.349266
27308     2.523576
27309     4.412122
27310     8.728655
27311    13.402409
27312    18.275398
27313    24.002178
27314    30.327028
27315    34.447632
27316    37.448933
27317    40.401661
27318    43.704071
27319    46.684307
27320    49.575214
27321    52.381802
27322    55.108685
27323    58.063862
32977     1.992446
32978     3.843329
32981    17.243002
32982    22.899742
32983    29.173098
32984    33.365719
32985    36.464256
32986    39.493118
32987    42.844631
32988    45.870312
32989    48.797527
32990    51.633106
32991    54.382198
Name: X, dtype: float64
19
prev_y: 0.47963154315948486
prev_y: 0.5639805197715759
prev_y: 0.5091110467910767
cracking 0.002125
27576     0.542676
27577     1.351919
27578     2.536466
27579     4.471398
27580     9.047612
27581    14.017790
27582    19.095016
27583    24.948162
27584    31.335169
27585    35.461308
27586    38.454155
27587    41.396130
27588    44.686485
27589    47.651424
27590    50.524719
27591    53.311901
27592    56.017242
27593    58.947922
33247     2.004540
33248     3.899724
33251    18.014812
33252    23.807268
33253    30.153074
33254    34.357578
33255    37.450680
33256    40.471684
33257    43.814156
33258    46.826836
33259    49.738602
33260    52.556316
33261    55.285847
Name: X, dtype: float64
19
prev_y: 0.5377840399742126
cracking 0.00225
prev_y: 0.5655198693275452
27666     0.543104
27667     1.352754
27668     2.540131
27669     4.489710
27670     9.148190
27671    14.210928
27672    19.348587
27673    25.238491
27674    31.644516
27675    35.772999
27676    38.763474
27677    41.702236
27678    44.989590
27679    47.950134
27680    50.818348
27681    53.599792
27682    56.298611
27683    59.221794
33337     2.008337
33338     3.917323
33341    18.253675
33342    24.086052
33343    30.453899
33344    34.662251
33345    37.754295
33346    40.773239
33347    44.113411
33348    47.122414
33349    50.029663
33350    52.842213
33351    55.566029
Name: X, dtype: float64
19
cracking 0.002375
prev_y: 0
prev_y: 0.004916280508041382
prev_y: 0
prev_y: 0.013367712497711182
prev_y: 0.02273431420326233
prev_y: 0.004888564348220825
prev_y: 0
prev_y: 0.013397037982940674
prev_y: 0.04188662767410278
prev_y: 0.022770285606384277
prev_y: 0.0867968201637268
prev_y: 0.004825204610824585
prev_y: 0.04213571548461914
prev_y: 0.013439059257507324
prev_y: 0.13419395685195923
prev_y: 0.08775103092193604
prev_y: 0.1822832226753235
prev_y: 0.022963613271713257
prev_y: 0.1360614001750946
prev_y: 0.2400394082069397
prev_y: 0.0429210364818573
prev_y: 0.3028387427330017prev_y: 0.09064069390296936

prev_y: 0.18501698970794678
prev_y: 0.14113503694534302
prev_y: 0.34522849321365356
prev_y: 0.191716730594635
prev_y: 0.24353432655334473
prev_y: 0.3771061301231384
prev_y: 0.3065260946750641
prev_y: 0.2508039176464081
prev_y: 0.408073365688324
prev_y: 0.3489750325679779
prev_y: 0.3146630525588989
prev_y: 0.38065606355667114
prev_y: 0.44120654463768005
prev_y: 0.35671466588974
prev_y: 0.4115140438079834
prev_y: 0.47156593203544617
prev_y: 0.38789457082748413
prev_y: 0.444608211517334
prev_y: 0.5013309121131897
prev_y: 0.41838932037353516
prev_y: 0.47492653131484985
prev_y: 0.5302895307540894
prev_y: 0.4512072205543518
prev_y: 0.5584477186203003
prev_y: 0.4812273681163788
prev_y: 0.5046499967575073
prev_y: 0.53355473279953
prev_y: 0.5105350017547607
27396     0.542472
27397     1.350076
27398     2.527795
27399     4.432566
27400     8.837959
27401    13.613895
27402    18.559248
27403    24.331181
27404    30.677729
27405    34.800129
27406    37.797985
27407    40.746830
27408    44.044872
27409    47.019554
27410    49.903885
27411    52.703873
27412    55.423183
27413    58.369591
33067     1.996713
33068     3.862861
33071    17.510315
33072    23.215191
33073    29.513828
33074    33.710419
33075    36.806835
33076    39.832638
33077    43.180828
33078    46.201775
33079    49.123581
33080    51.952835
33081    54.694805
Name: X, dtype: float64
19
prev_y: 0.5615888237953186
prev_y: 0.5390451550483704
27486     0.542807
27487     1.351246
27488     2.532054
27489     4.452388
27490     8.943993
27491    13.818852
27492    18.832161
27493    24.646019
27494    31.013302
27495    35.137512
27496    38.132671
27497    41.077824
27498    44.371891
27499    47.341526
27500    50.220081
27501    53.013393
27502    55.725685
27503    58.664047
33157     2.000722
33158     3.881589
33161    17.767252
33162    23.517315
33163    29.840088
33164    34.040627
33165    37.135242
33166    40.158489
33167    43.503643
33168    46.520302
33169    49.436935
33170    52.259995
33171    54.995678
Name: X, dtype: float64
19
cracking 0.0025
prev_y: 0.5665925741195679
prev_y: 0
27756     0.543240
27757     1.353550
27758     2.543712
27759     4.507874
27760     9.246910
27761    14.398619
27762    19.593386
27763    25.518168
27764    31.941961
27765    36.073360
27766    39.061821
27767    41.997856
27768    45.282249
27769    48.238506
27770    51.101791
27771    53.877739
27772    56.570747
27773    59.487003
33427     2.011913
33428     3.934414
33431    18.484421
33432    24.354527
33433    30.743607
33434    34.956093
33435    38.047081
33436    41.063995
33437    44.402119
33438    47.407864
33439    50.310738
33440    53.118423
33441    55.836315
Name: X, dtype: float64
19
prev_y: 0.004818946123123169
prev_y: 0.01344066858291626
prev_y: 0.02304917573928833
prev_y: 0.04319232702255249
prev_y: 0.09164249897003174
prev_y: 0.14535951614379883
prev_y: 0.19563576579093933
prev_y: 0.25446099042892456
prev_y: 0.318406343460083
prev_y: 0.36025452613830566
prev_y: 0.3912886381149292
prev_y: 0.42171257734298706
prev_y: 0.4544788897037506
prev_y: 0.4844626486301422
prev_y: 0.5136917233467102
prev_y: 0.542122483253479
prev_y: 0.5695459246635437
27846     0.543392
27847     1.353964
27848     2.547776
27849     4.525368
27850     9.343522
27851    14.581598
27852    19.830307
27853    25.787788
27854    32.229309
27855    36.363182
27856    39.349762
27857    42.283451
27858    45.564930
27859    48.517471
27860    51.376205
27861    54.146992
27862    56.833817
27863    59.743198
33517     1.744130
33518     3.336127
33521    17.143639
33522    22.835997
33523    29.049589
33524    34.203415
33525    37.591595
33526    40.547531
33527    43.448956
33528    46.692268
33529    49.608681
33530    52.431084
33531    55.165054
Name: X, dtype: float64
19
cracking 0.002
cracking 0.00225
cracking 0.002125
cracking 0.002375
cracking 0.0025
prev_y: 0
prev_y: 0.004812657833099365
prev_y: 0.013435721397399902
prev_y: 0.023142576217651367
prev_y: 0.043467313051223755
prev_y: 0.09263697266578674
prev_y: 0.14658692479133606
prev_y: 0.1972854733467102
prev_y: 0.2563458979129791
prev_y: 0
prev_y: 0.32020244002342224
prev_y: 0.3619834780693054
prev_y: 0.004800140857696533
prev_y: 0.39286306500434875
prev_y: 0.013401389122009277
prev_y: 0.42316803336143494
prev_y: 0.02334854006767273
prev_y: 0.4557860791683197
prev_y: 0.043852776288986206
prev_y: 0.4856218695640564
prev_y: 0.09445762634277344
prev_y: 0.514652669429779
prev_y: 0.14871099591255188
prev_y: 0.5428881049156189
prev_y: 0
prev_y: 0.20087358355522156
prev_y: 0.5700951218605042
prev_y: 0.004806429147720337
prev_y: 0.26062363386154175
prev_y: 0.013420909643173218
prev_y: 0
27936     0.543270
27937     1.354699
27938     2.551046
27939     4.542449
27940     9.437722
27941    14.759844
27942    20.059813
27943    26.048229
27944    32.506779
27945    36.643238
27946    39.628147
27947    42.559517
27948    45.838524
27949    48.787399
27950    51.641895
27951    54.407429
27952    57.088913
27953    59.992123
33607     2.018900
33608     3.967109
33611    18.924217
33612    24.863777
33613    31.293041
33614    35.513557
33615    38.603218
33616    41.616764
33617    44.951412
33618    47.950775
33619    50.845932
33620    53.644531
33621    56.352123
Name: X, dtype: float64
19
prev_y: 0.023242563009262085
prev_y: 0.32364070415496826
prev_y: 0.004793882369995117
prev_y: 0.043688029050827026
prev_y: 0.3653063178062439
prev_y: 0.013377398252487183
prev_y: 0.3958805799484253
prev_y: 0.093604177236557
prev_y: 0.023459821939468384
prev_y: 0.42592722177505493
prev_y: 0.04402092099189758
prev_y: 0.14785730838775635
prev_y: 0.4582202136516571
prev_y: 0.09524589776992798
prev_y: 0.19895389676094055
prev_y: 0.487744003534317
prev_y: 0.14951986074447632
prev_y: 0.2582830488681793
prev_y: 0.5163846015930176
prev_y: 0.2026529610157013
prev_y: 0.3217570185661316
prev_y: 0.5442051887512207
prev_y: 0.26284876465797424
prev_y: 0.3634822964668274
prev_y: 0.5712401866912842
prev_y: 0.32539722323417664
prev_y: 0.39420682191848755
prev_y: 0.3670088052749634
28116     0.543528
28117     1.356186
28118     2.557711
28119     4.575198
28120     9.621357
28121    15.103373
28122    20.498394
28123    26.544270
28124    33.035316
28125    37.176598
28126    40.158909
28127    43.086243
28128    46.360798
28129    49.302807
28130    52.149208
28131    54.905220
28132    57.576035
28133    60.467091
33787     2.025409
33788     3.998315
33791    19.338221
33792    25.340763
33793    31.807278
33794    36.035862
33795    39.124317
33796    42.135399
33797    45.467037
33798    48.460777
33799    51.349152
33800    54.139244
33801    56.837082
Name: X, dtype: float64
19
prev_y: 0.424379825592041
prev_y: 0.3974325656890869
prev_y: 0.4273434281349182
prev_y: 0.4568304419517517
prev_y: 0.4865015745162964
prev_y: 0.4594656825065613
prev_y: 0.5153191089630127
prev_y: 0.488831102848053
prev_y: 0.5433398485183716
prev_y: 0.5172804594039917
prev_y: 0.5703417658805847
prev_y: 0.5448870062828064
prev_y: 0.5719964504241943
28026     0.543575
28027     1.355534
28028     2.554432
28029     4.558943
28030     9.530605
28031    14.933734
28032    20.282272
28033    26.300188
28034    32.775318
28035    36.914417
28036    39.897678
28037    42.826954
28038    46.103859
28039    49.049004
28040    51.899342
28041    54.660053
28042    57.336227
28043    60.232941
33697     2.022188
33698     3.983020
33701    19.134233
33702    25.106014
33703    31.554218
33704    35.778847
33705    38.868099
33706    41.880196
33707    45.213154
33708    48.209831
33709    51.101192
33710    53.895512
33711    56.598236
Name: X, dtype: float64
19
28206     0.627169
28207     1.535913
28208     2.917857
28209     5.380042
28210    11.180683
28211    16.174807
28212    22.302740
28213    28.510355
28214    33.872265
28215    37.995029
28216    40.960819
28217    43.870090
28218    47.123203
28219    50.044552
28220    52.869083
28221    55.603046
28222    58.250938
28223    61.041443
33877     2.028660
33878     4.013438
33881    19.536596
33882    25.568455
33883    32.052765
33884    36.285275
33885    39.373341
33886    42.383324
33887    45.713516
33888    48.704849
33889    51.589844
33890    54.376019
33891    57.069374
Name: X, dtype: float64
19
prev_y: 0
prev_y: 0.004799842834472656
prev_y: 0.013350158929824829
prev_y: 0.023575961589813232
prev_y: 0.04419219493865967
prev_y: 0.09603142738342285
prev_y: 0.150630921125412
prev_y: 0.20477142930030823
prev_y: 0.2651347219944
prev_y: 0.3271898627281189
prev_y: 0.3687496781349182
prev_y: 0.3991107642650604
prev_y: 0.42888525128364563
prev_y: 0.4608493149280548
prev_y: 0.4900609850883484
prev_y: 0.5183215141296387
prev_y: 0.5457152724266052
prev_y: 0.5729210376739502
28296     0.715075
28297     1.753300
28298     3.380307
28299     6.533431
28300    12.606651
28301    18.110371
28302    23.982710
28303    30.302004
28304    35.496487
28305    38.886726
28306    41.835896
28307    44.727448
28308    47.959572
28309    50.859642
28310    53.661911
28311    56.372982
28312    58.997246
28313    61.612911
33967     2.031729
33968     4.028282
33971    19.729744
33972    25.789556
33973    32.291306
33974    36.527508
33975    39.615082
33976    42.624306
33977    45.953175
33978    48.941998
33979    51.823925
33980    54.606083
33981    57.295177
Name: X, dtype: float64
19
Error in concentration in 0.0ppm is 0.002877 
Error in concentration in 125.0ppm is 0.001869 
Error in concentration in 250.0ppm is 0.003391 
Error in concentration in 375.0ppm is 0.003706 
Error in concentration in 500.0ppm is 0.003083 
Error in concentration in 625.0ppm is 0.002969 
Error in concentration in 750.0ppm is 0.002434 
Error in concentration in 875.0ppm is 0.002395 
Error in concentration in 1000.0ppm is 0.002360 
Error in concentration in 1125.0ppm is 0.002192 
Error in concentration in 1250.0ppm is 0.002169 
Error in concentration in 1375.0ppm is 0.002167 
Error in concentration in 1500.0ppm is 0.002064 
Error in concentration in 1625.0ppm is 0.001896 
Error in concentration in 1750.0ppm is 0.002011 
Error in concentration in 1875.0ppm is 0.001604 
Error in concentration in 2000.0ppm is 0.002085 
Error in concentration in 2125.0ppm is 0.002988 
Error in concentration in 2250.0ppm is 0.003679 
Error in concentration in 2375.0ppm is 0.010768 
Error in concentration in 2500.0ppm is 0.018962 
CCl4 concentration generalization takes 1.2206465045611063 min 13.238790273666382 sec.
Case3: Initial pressure...
cracking 0.001
cracking 0.001
cracking 0.001
cracking 0.001
cracking 0.001
cracking 0.001
cracking 0.001
cracking 0.001
cracking 0.001
cracking 0.001
prev_y: 0
prev_y: 0.005444198846817017
prev_y: 0.014167845249176025
prev_y: 0.02400881052017212
prev_y: 0.04410305619239807
prev_y: 0.09107100963592529
prev_y: 0.13881418108940125
prev_y: 0.18733569979667664
prev_y: 0.2480332851409912
prev_y: 0.31184616684913635
prev_y: 0.3551236093044281
prev_y: 0.38704782724380493
prev_y: 0.41839972138404846
prev_y: 0.45206576585769653
prev_y: 0.48286473751068115
prev_y: 0.5130614042282104
prev_y: 0.5424686074256897
prev_y: 0.5709412097930908
prev_y: 0
27234     0.586226
27235     1.456787
27236     2.720463
27237     4.736258
27238     9.276443
27239    14.178668
27240    19.268429
27241    25.208618
27242    31.733568
27243    35.971470
27244    39.051460
27245    42.074471
27246    45.446541
27247    48.482704
27248    51.420414
27249    54.265423
27250    57.022522
27251    60.001507
32905     2.145028
32906     4.117322
32909    18.143463
32910    24.015234
32911    30.494621
32912    34.812271
32913    37.995739
32914    41.100273
32915    44.527157
32916    47.613293
32917    50.591789
32918    53.469505
32919    56.252918
Name: X, dtype: float64
19
prev_y: 0
prev_y: 0.0045302510261535645
prev_y: 0.012353330850601196
prev_y: 0.005940526723861694
prev_y: 0.020502805709838867
prev_y: 0.015096336603164673
prev_y: 0.037722259759902954
prev_y: 0
prev_y: 0.025375336408615112
prev_y: 0.07913312315940857
prev_y: 0.04706317186355591
prev_y: 0.12024730443954468
prev_y: 0.09736683964729309
prev_y: 0
prev_y: 0.1624930202960968
prev_y: 0.14899981021881104
prev_y: 0.004170268774032593
prev_y: 0.21646201610565186
prev_y: 0.011492669582366943
prev_y: 0.20046201348304749
prev_y: 0.2765345573425293
prev_y: 0.018935710191726685
prev_y: 0.262621134519577
prev_y: 0.3178366720676422
prev_y: 0.0049247145652771
prev_y: 0.03434443473815918
prev_y: 0.32862618565559387
prev_y: 0.013277828693389893
prev_y: 0.3488205671310425
prev_y: 0.07213735580444336
prev_y: 0.37241148948669434
prev_y: 0.022287428379058838
prev_y: 0.38015252351760864
prev_y: 0.11058399081230164
prev_y: 0.4045006036758423
prev_y: 0.04122346639633179
prev_y: 0.4134269058704376
prev_y: 0.1514277160167694
prev_y: 0.43607643246650696
prev_y: 0.08506730198860168
prev_y: 0.44355475902557373
prev_y: 0.2018468677997589
prev_y: 0.47015735507011414
prev_y: 0.12974491715431213
prev_y: 0.4729955494403839
prev_y: 0.2600060701370239
prev_y: 0.5012837648391724
prev_y: 0.17528536915779114
prev_y: 0.501899003982544
prev_y: 0.2990642189979553
prev_y: 0.5317596197128296
prev_y: 0.5299844145774841
prev_y: 0.23254138231277466
prev_y: 0.32905906438827515
prev_y: 0.561252772808075
prev_y: 0.2946847081184387
27198     0.498813
27199     1.239803
27200     2.316923
27201     4.044648
27202     7.952158
27203    12.175834
27204    16.656191
27205    22.041237
27206    28.088306
27207    32.065742
27208    34.977886
27209    37.851376
27210    41.073231
27211    43.990482
27212    46.828388
27213    49.592281
27214    52.285259
27215    55.213360
32869     1.830757
32870     3.527285
32873    15.755860
32874    21.066385
32875    27.050220
32876    31.089109
32877    34.089897
32878    37.032177
32879    40.296383
32880    43.252800
32881    46.121750
32882    48.908863
32883    51.619415
Name: X, dtype: float64
19
prev_y: 0.35855263471603394
prev_y: 0.3373580574989319
prev_y: 0.5895684957504272
prev_y: 0.39143863320350647
prev_y: 0.36953967809677124
prev_y: 0.4212186336517334
27252     0.629719
27253     1.565561
27254     2.921959
27255     5.080405
27256     9.933167
27257    15.161333
27258    20.523582
27259    26.698008
27260    33.417145
27261    37.754749
27262    40.894264
27263    43.968117
27264    47.389000
27265    50.459202
27266    53.421783
27267    56.282993
27268    59.047371
27269    62.025661
32923     2.301587
32924     4.410195
32927    19.293867
32928    25.407755
32929    32.092968
32930    36.520485
32931    39.771515
32932    42.933533
32933    46.415279
32934    49.541054
32935    52.549808
32936    55.448601
32937    58.244057
Name: X, dtype: float64
19
prev_y: 0.4007459878921509
prev_y: 0.45014268159866333
prev_y: 0.43414610624313354
prev_y: 0.4784896969795227
prev_y: 0.4646235704421997
prev_y: 0.5061917304992676
prev_y: 0.4945113956928253
27180     0.454785
27181     1.130655
27182     2.114152
27183     3.696109
27184     7.284056
27185    11.155511
27186    15.298104
27187    20.355278
27188    26.109171
27189    29.918217
27190    32.715446
27191    35.482731
27192    38.594120
27193    41.417507
27194    44.170925
27195    46.858204
27196    49.483093
27197    52.345600
32851     1.672907
32852     3.230075
32855    14.516745
32856    19.502863
32857    25.189457
32858    29.052176
32859    31.931536
32860    34.761982
32861    37.910316
32862    40.768604
32863    43.548790
32864    46.255814
32865    48.894310
Name: X, dtype: float64
19
prev_y: 0.5236583948135376
prev_y: 0.5520084500312805
27216     0.542458
27217     1.348509
27218     2.519060
27219     4.391415
27220     8.616336
27221    13.183365
27222    17.979229
27223    23.657576
27224    29.959951
27225    34.078899
27226    37.084000
27227    40.041294
27228    43.348572
27229    46.334602
27230    49.232445
27231    52.046650
27232    54.781319
27233    57.745777
32887     1.988156
32888     3.823128
32891    16.964336
32892    22.569231
32893    28.816078
32894    33.005142
32895    36.106174
32896    39.138523
32897    42.493961
32898    45.524872
32899    48.458012
32900    51.300186
32901    54.056561
Name: X, dtype: float64
19
Error in 10.4atm is 0.003786 
Error in 11.4atm is 0.003051 
Error in 12.4atm is 0.002360 
Error in 13.4atm is 0.002387 
Error in 14.4atm is 0.002795 
Initial pressure generalization takes 0.44488113721211753 min 26.69286823272705 sec.
Case5: Initial T_in...
cracking 0.001
cracking 0.001
cracking 0.001
cracking 0.001
cracking 0.001
cracking 0.001
cracking 0.001
cracking 0.001
cracking 0.001
cracking 0.001
cracking 0.001
cracking 0.001
prev_y: 0
prev_y: 0.004338443279266357
prev_y: 0.00964510440826416
prev_y: 0.018910974264144897
prev_y: 0.03143632411956787
prev_y: 0.05328086018562317
prev_y: 0.08344584703445435
prev_y: 0.12405508756637573
prev_y: 0.1726728081703186
prev_y: 0.21960923075675964
prev_y: 0
prev_y: 0.26773786544799805
prev_y: 0.32633233070373535
prev_y: 0.38892295956611633
prev_y: 0.4338890016078949
prev_y: 0.006532788276672363
prev_y: 0
prev_y: 0.4659619927406311
prev_y: 0.01440015435218811
prev_y: 0.4974798858165741
prev_y: 0.02786928415298462
prev_y: 0.5284669399261475
prev_y: 0.0046180784702301025
prev_y: 0.558678925037384
prev_y: 0.050233662128448486
prev_y: 0.012457817792892456
prev_y: 0.09812328219413757
23436     0.413293
23437     1.061914
23438     2.017482
23439     3.435916
23440     5.440827
23441     8.261160
23442    12.204152
23443    16.850574
23444    21.467978
23445    26.212378
23446    31.545210
23447    37.437271
23448    41.827908
23449    44.844757
23450    47.775604
23451    50.624786
23452    53.397049
23453    57.023300
Name: X, dtype: float64
19
prev_y: 0.020561188459396362
prev_y: 0.1391061246395111
prev_y: 0.03542456030845642
prev_y: 0.1931230127811432
prev_y: 0.06706956028938293
prev_y: 0.25090742111206055
prev_y: 0.10115736722946167
prev_y: 0
prev_y: 0
prev_y: 0.30385252833366394
prev_y: 0.14574310183525085
prev_y: 0.34654414653778076
prev_y: 0.20396363735198975
prev_y: 0.3784223198890686
prev_y: 0.007183194160461426
prev_y: 0.2645883560180664
prev_y: 0.40997573733329773
prev_y: 0.017153531312942505
prev_y: 0.0049247145652771
prev_y: 0.3086400032043457
prev_y: 0.4438786804676056
prev_y: 0.03259855508804321
prev_y: 0.013277828693389893
prev_y: 0.3531878888607025
prev_y: 0.4747375249862671
prev_y: 0.06160217523574829
prev_y: 0.022287428379058838
prev_y: 0.3990361988544464
prev_y: 0.1105995774269104
prev_y: 0.5050778388977051
prev_y: 0
prev_y: 0.04122346639633179
prev_y: 0.4406470060348511
prev_y: 0.15504974126815796
prev_y: 0.534655749797821
prev_y: 0.20707768201828003
prev_y: 0.4719778001308441
prev_y: 0.08506730198860168
prev_y: 0.26727354526519775
prev_y: 0.5634201169013977
prev_y: 0.5027582049369812
prev_y: 0.12974491715431213
prev_y: 0.3189747929573059
prev_y: 0.009993553161621094
prev_y: 0.17528536915779114
prev_y: 0.53298419713974
29106     0.625022
29107     1.522511
29108     2.850919
29109     5.067071
29110     9.789055
29111    13.986291
29112    19.459461
29113    25.337235
29114    30.573709
29115    34.672466
29116    37.661659
29117    40.602127
29118    43.889729
29119    46.858032
29120    49.737183
29121    52.532883
29122    55.249313
29123    58.117283
Name: X, dtype: float64
19
prev_y: 0.3542303442955017
prev_y: 0.021620839834213257
prev_y: 0.5623573660850525
prev_y: 0.23254138231277466
prev_y: 0.385665625333786
prev_y: 0.0409490168094635
prev_y: 0.2946847081184387
prev_y: 0.4171154797077179
25326     0.474298
25327     1.203352
25328     2.264449
25329     3.830666
25330     6.846836
25331    10.252577
25332    14.173184
25333    19.345295
25334    25.640257
25335    30.240322
25336    34.534534
25337    38.660404
25338    42.738884
25339    45.742294
25340    48.657490
25341    51.489452
25342    54.242508
25343    57.381119
Name: X, dtype: float64
19
prev_y: 0.08096954226493835
prev_y: 0.3373580574989319
prev_y: 0.4512106776237488
prev_y: 0.12525635957717896
prev_y: 0.36953967809677124
prev_y: 0.48216405510902405
prev_y: 0.17096659541130066
prev_y: 0.4007459878921509
prev_y: 0.5126311779022217
prev_y: 0.22800514101982117
prev_y: 0.43414610624313354
prev_y: 0.29005885124206543
prev_y: 0.5423588752746582
prev_y: 0.4646235704421997
prev_y: 0.3328976631164551
prev_y: 0.5711957216262817
prev_y: 0.4945113956928253
prev_y: 0.36504197120666504
prev_y: 0.5236583948135376
30996     0.710702
30997     1.728581
30998     3.262257
30999     5.987028
31000    10.848617
31001    15.513132
31002    20.849447
31003    26.866802
31004    31.956562
31005    35.348457
31006    38.322697
31007    41.247086
31008    44.515331
31009    47.464828
31010    50.325401
31011    53.102322
31012    55.799538
31013    58.495918
Name: X, dtype: float64
19
prev_y: 0.39665916562080383
prev_y: 0.5520084500312805
prev_y: 0.4311152696609497
prev_y: 0.46231967210769653
27216     0.542458
27217     1.348509
27218     2.519060
27219     4.391415
27220     8.616336
27221    13.183365
27222    17.979229
27223    23.657576
27224    29.959951
27225    34.078899
27226    37.084000
27227    40.041294
27228    43.348572
27229    46.334602
27230    49.232445
27231    52.046650
27232    54.781319
27233    57.745777
32887     1.988156
32888     3.823128
32891    16.964336
32892    22.569231
32893    28.816078
32894    33.005142
32895    36.106174
32896    39.138523
32897    42.493961
32898    45.524872
32899    48.458012
32900    51.300186
32901    54.056561
Name: X, dtype: float64
19
prev_y: 0.49281612038612366
prev_y: 0.5227733254432678
prev_y: 0.5519701242446899
prev_y: 0.5782963037490845
27218     2.519060
27219     4.391415
27222    17.979229
27223    23.657576
27224    29.959951
27225    34.078899
27226    37.084000
27227    40.041294
27228    43.348572
27229    46.334602
27230    49.232445
27231    52.046650
27232    54.781319
27233    57.745777
32886     0.816246
32887     1.988156
32888     3.823128
32889     7.502276
32890    12.236892
32891    16.964336
32892    22.569231
32893    28.816078
32894    33.005142
32895    36.106174
32896    39.138523
32897    42.493961
32898    45.524872
32899    48.458012
32900    51.300186
32901    54.056561
32902    56.505898
32903    58.882050
Name: X, dtype: float64
index + 17 dont exist in y_ground_df, continue
index + 17 dont exist in y_ground_df, continue
index + 17 dont exist in y_ground_df, continue
index + 17 dont exist in y_ground_df, continue
index + 17 dont exist in y_ground_df, continue
index + 17 dont exist in y_ground_df, continue
index + 17 dont exist in y_ground_df, continue
index + 17 dont exist in y_ground_df, continue
index + 17 dont exist in y_ground_df, continue
index + 17 dont exist in y_ground_df, continue
index + 17 dont exist in y_ground_df, continue
index + 17 dont exist in y_ground_df, continue
index + 17 dont exist in y_ground_df, continue
index + 17 dont exist in y_ground_df, continue
19
Error in 300°C is 0.009249 
Error in 310°C is 0.008475 
Error in 320°C is 0.002360 
Error in 330°C is 0.003500 
Error in 340°C is 0.004069 
Error in 350°C is 0.005453 
Initial temperature generalization takes 0.4460175077120463 min 26.76105046272278 sec.
Starting prediction...
cracking 0
prev_y: 0
prev_y: 0.005496978759765625
prev_y: 0.011849164962768555
prev_y: 0.020747274160385132
prev_y: 0.03121739625930786
prev_y: 0.046639204025268555
prev_y: 0.06628948450088501
prev_y: 0.09243744611740112
prev_y: 0.1275896430015564
prev_y: 0.1607755720615387
prev_y: 0.19640356302261353
prev_y: 0.23309481143951416
prev_y: 0.26825886964797974
prev_y: 0.3039020597934723
prev_y: 0.3394402861595154
prev_y: 0.3740633726119995
prev_y: 0.40842118859291077
prev_y: 0.44265154004096985
prev_y: 0.47732529044151306
prev_y: 0.5127776265144348
prev_y: 0.547459602355957
prev_y: 0.5819652080535889
ML cracking rates
{'cracking_rates': [0, 0.005496978759765625, 0.011849164962768555, 0.020747274160385132, 0.03121739625930786, 0.046639204025268555, 0.06628948450088501, 0.09243744611740112, 0.1275896430015564, 0.1607755720615387, 0.19640356302261353, 0.23309481143951416, 0.26825886964797974, 0.3039020597934723, 0.3394402861595154, 0.3740633726119995, 0.40842118859291077, 0.44265154004096985, 0.47732529044151306, 0.5127776265144348, 0.547459602355957, 0.5819652080535889, 0.6151793003082275]}
Series([], Name: X, dtype: float64)
FPC data not found
