training_data_FPC_V11_addtexas_aspenparams.csv
            Experiment name: 0602_FPC_modelV10_texas_aspenparam
            Training Data: training_data_FPC_V11_addtexas_aspenparams.csv
            Do k-fold: False
            Folds num: 10
            Learning rate: 0.001
            Batch size: 128
            Epoch: 1500
            CSTR num: 100
            Training vebose: 0
            # Genearalization test
            mass flow rates = True
            CCl4 = True
            inital pressure = True
            number of tubes = False
            T_in = True
            ncpus = 8
            training = False
            prediction only = False
                
Generalization test...
Case1: Mass flow rate...
{'Schirmeister': '../KM/2009_Schirmeister_EDC/chem_annotated_irreversible.cti', 'Choi': '../KM/2001_Choi_EDC/chem_annotated_irreversible.cti', 'CANSPEN(original)': '../KM/2009_Schirmeister_EDC/test.cti'}
cracking 0.001
{'Schirmeister': '../KM/2009_Schirmeister_EDC/chem_annotated_irreversible.cti', 'Choi': '../KM/2001_Choi_EDC/chem_annotated_irreversible.cti', 'CANSPEN(original)': '../KM/2009_Schirmeister_EDC/test.cti'}
cracking 0.001
{'Schirmeister': '../KM/2009_Schirmeister_EDC/chem_annotated_irreversible.cti', 'Choi': '../KM/2001_Choi_EDC/chem_annotated_irreversible.cti', 'CANSPEN(original)': '../KM/2009_Schirmeister_EDC/test.cti'}
cracking 0.001
cracking 0.001
cracking 0.001
cracking 0.001
cracking 0.001
cracking 0.001
cracking 0.001
prev_y: 0
prev_y: 0.00541234016418457
prev_y: 0.013967067003250122
prev_y: 0
prev_y: 0.024153977632522583
prev_y: 0.04311931133270264
prev_y: 0
prev_y: 0.0864444375038147
prev_y: 0.004776179790496826
prev_y: 0.1348147988319397
prev_y: 0.012371659278869629
prev_y: 0.18546587228775024
prev_y: 0.021224409341812134
prev_y: 0.037861526012420654
prev_y: 0.006664931774139404
prev_y: 0.24599051475524902
prev_y: 0.07557946443557739
prev_y: 0.01617753505706787
prev_y: 0.31089675426483154
prev_y: 0.11820065975189209
prev_y: 0.029881387948989868
prev_y: 0.16299957036972046
prev_y: 0.3537083864212036
prev_y: 0.05326130986213684
prev_y: 0.2211378812789917
prev_y: 0.10668045282363892
prev_y: 0.385114848613739
prev_y: 0.28189778327941895
prev_y: 0.16542193293571472
prev_y: 0.416012167930603
prev_y: 0.22260203957557678
prev_y: 0.3239785134792328
prev_y: 0.3556155562400818
prev_y: 0.44886162877082825
prev_y: 0.28772372007369995
prev_y: 0.38538697361946106
prev_y: 0.35534149408340454
prev_y: 0.47859400510787964
prev_y: 0.4180264472961426
prev_y: 0.3969627022743225
prev_y: 0.5074214935302734
prev_y: 0.44751638174057007
prev_y: 0.42835482954978943
prev_y: 0.5354187488555908
prev_y: 0.47588667273521423
prev_y: 0.4589895009994507
prev_y: 0.5626856684684753
prev_y: 0.5032829642295837
prev_y: 0.4921268820762634
ML cracking rates
{'cracking_rates': [0, 0.00541234016418457, 0.013967067003250122, 0.024153977632522583, 0.04311931133270264, 0.0864444375038147, 0.1348147988319397, 0.18546587228775024, 0.24599051475524902, 0.31089675426483154, 0.3537083864212036, 0.385114848613739, 0.416012167930603, 0.44886162877082825, 0.47859400510787964, 0.5074214935302734, 0.5354187488555908, 0.5626856684684753, 0.5925830602645874]}
prev_y: 0.530107855796814
prev_y: 0.5224103331565857
21060     0.610756
21061     1.518815
21062     2.840815
21063     4.962894
21064     9.806705
21065    15.008576
21066    20.294807
21067    26.347033
21068    32.918468
21069    37.175453
21070    40.272453
21071    43.309750
21072    46.690166
21073    49.733852
21074    52.677071
21075    55.525879
21076    58.284916
21077    61.258751
26731     2.238101
26732     4.309210
26735    19.078014
26736    25.072390
26737    31.610193
26738    35.952656
26739    39.155643
26740    42.277164
26741    45.714828
26742    48.810452
26743    51.796638
26744    54.679977
26745    57.466980
Name: X, dtype: float64
21060
21061
21062
21063
21064
21065
21066
21067
21068
21069
21070
21071
21072
21073
21074
21075
21076
21077
[0, 0.006107563379999999, 0.015188146830000002, 0.02840815306, 0.04962894440000001, 0.09806704521000001, 0.1500857639, 0.20294807429999998, 0.2634703255, 0.3291846848, 0.37175453189999996, 0.4027245331, 0.433097496, 0.4669016647, 0.49733852390000005, 0.5267707062, 0.5552587891, 0.5828491592, 0.6125875091999999]
len of y_ground: 19
FPC
[0, 0.006107563379999999, 0.015188146830000002, 0.02840815306, 0.04962894440000001, 0.09806704521000001, 0.1500857639, 0.20294807429999998, 0.2634703255, 0.3291846848, 0.37175453189999996, 0.4027245331, 0.433097496, 0.4669016647, 0.49733852390000005, 0.5267707062, 0.5552587891, 0.5828491592, 0.6125875091999999]
ML cracking rates
{'cracking_rates': [0, 0.004776179790496826, 0.012371659278869629, 0.021224409341812134, 0.037861526012420654, 0.07557946443557739, 0.11820065975189209, 0.16299957036972046, 0.2211378812789917, 0.28189778327941895, 0.3239785134792328, 0.3556155562400818, 0.38538697361946106, 0.4180264472961426, 0.44751638174057007, 0.47588667273521423, 0.5032829642295837, 0.530107855796814, 0.5592091083526611]}
prev_y: 0.5517870187759399
4877     53.057343
4895     53.473549
4913     53.898239
32400     0.542458
32401     1.348509
32402     2.519060
32403     4.391415
32404     8.616336
32405    13.183365
32406    17.979229
32407    23.657576
32408    29.959951
32409    34.078899
32410    37.084000
32411    40.041294
32412    43.348572
32413    46.334602
32414    49.232445
32415    52.046650
32416    54.781319
32417    57.745777
38071     1.988156
38072     3.823128
38075    16.964336
38076    22.569231
38077    28.816078
38078    33.005142
38079    36.106174
38080    39.138523
38081    42.493961
38082    45.524872
38083    48.458012
38084    51.300186
38085    54.056561
Name: X, dtype: float64
index + 17 dont exist in y_ground_df, continue
index + 17 dont exist in y_ground_df, continue
index + 17 dont exist in y_ground_df, continue
32400
32401
32402
32403
32404
32405
32406
32407
32408
32409
32410
32411
32412
32413
32414
32415
32416
32417
[0, 0.00542458355, 0.01348508835, 0.025190596580000002, 0.04391415119, 0.08616335869, 0.1318336487, 0.17979228970000002, 0.23657575609999998, 0.299599514, 0.34078899380000005, 0.37083999630000003, 0.400412941, 0.4334857178, 0.4633460236, 0.4923244476, 0.5204664993, 0.5478131866, 0.5774577713]
len of y_ground: 19
FPC
[0, 0.00542458355, 0.01348508835, 0.025190596580000002, 0.04391415119, 0.08616335869, 0.1318336487, 0.17979228970000002, 0.23657575609999998, 0.299599514, 0.34078899380000005, 0.37083999630000003, 0.400412941, 0.4334857178, 0.4633460236, 0.4923244476, 0.5204664993, 0.5478131866, 0.5774577713]
prev_y: 0.580113410949707
prev_y: 0.6080658435821533
ML cracking rates
{'cracking_rates': [0, 0.006664931774139404, 0.01617753505706787, 0.029881387948989868, 0.05326130986213684, 0.10668045282363892, 0.16542193293571472, 0.22260203957557678, 0.28772372007369995, 0.35534149408340454, 0.3969627022743225, 0.42835482954978943, 0.4589895009994507, 0.4921268820762634, 0.5224103331565857, 0.5517870187759399, 0.580113410949707, 0.6080658435821533, 0.6385817527770996]}
3149     61.499603
3167     61.861389
3185     62.230686
9720      0.724143
9721      1.803454
9722      3.377409
9723      5.920120
9724     11.801787
9725     17.967903
9726     23.894844
9727     30.400738
9728     37.291317
9729     41.702919
9730     44.896271
9731     48.012245
9732     51.455254
9733     54.539902
9734     57.506420
9735     60.361488
9736     63.110199
9737     66.047676
15391     2.654113
15392     5.118789
15395    22.382277
15396    28.868383
15397    35.764668
15398    40.286350
15399    43.602276
15400    46.816563
15401    50.331848
15402    53.481255
15403    56.501766
15404    59.402229
15405    62.189110
Name: X, dtype: float64
index + 17 dont exist in y_ground_df, continue
index + 17 dont exist in y_ground_df, continue
index + 17 dont exist in y_ground_df, continue
9720
9721
9722
9723
9724
9725
9726
9727
9728
9729
9730
9731
9732
9733
9734
9735
9736
9737
[0, 0.00724143326, 0.01803454399, 0.03377408504, 0.05920119762000001, 0.1180178738, 0.1796790314, 0.2389484406, 0.30400737759999996, 0.3729131699, 0.4170291901, 0.4489627075, 0.4801224518, 0.514552536, 0.5453990173, 0.5750642014, 0.6036148834, 0.6311019897, 0.6604767609]
len of y_ground: 19
FPC
[0, 0.00724143326, 0.01803454399, 0.03377408504, 0.05920119762000001, 0.1180178738, 0.1796790314, 0.2389484406, 0.30400737759999996, 0.3729131699, 0.4170291901, 0.4489627075, 0.4801224518, 0.514552536, 0.5453990173, 0.5750642014, 0.6036148834, 0.6311019897, 0.6604767609]
Error in 27 mass flow rate is 0.015105 
Error in 32 mass flow rate is 0.013774 
Error in 36 mass flow rate is 0.012308 
Mass flow rate generalization takes 0.32601109345753987 min 19.560665607452393 sec.
Case2: CCl4 concentration...
{'Schirmeister': '../KM/2009_Schirmeister_EDC/chem_annotated_irreversible.cti', 'Choi': '../KM/2001_Choi_EDC/chem_annotated_irreversible.cti', 'CANSPEN(original)': '../KM/2009_Schirmeister_EDC/test.cti'}
cracking 0.0
{'Schirmeister': '../KM/2009_Schirmeister_EDC/chem_annotated_irreversible.cti', 'Choi': '../KM/2001_Choi_EDC/chem_annotated_irreversible.cti', 'CANSPEN(original)': '../KM/2009_Schirmeister_EDC/test.cti'}
cracking 0.000375
{'Schirmeister': '../KM/2009_Schirmeister_EDC/chem_annotated_irreversible.cti', 'Choi': '../KM/2001_Choi_EDC/chem_annotated_irreversible.cti', 'CANSPEN(original)': '../KM/2009_Schirmeister_EDC/test.cti'}
cracking 0.000625
{'Schirmeister': '../KM/2009_Schirmeister_EDC/chem_annotated_irreversible.cti', 'Choi': '../KM/2001_Choi_EDC/chem_annotated_irreversible.cti', 'CANSPEN(original)': '../KM/2009_Schirmeister_EDC/test.cti'}
cracking 0.000125
{'Schirmeister': '../KM/2009_Schirmeister_EDC/chem_annotated_irreversible.cti', 'Choi': '../KM/2001_Choi_EDC/chem_annotated_irreversible.cti', 'CANSPEN(original)': '../KM/2009_Schirmeister_EDC/test.cti'}
cracking 0.00075
{'Schirmeister': '../KM/2009_Schirmeister_EDC/chem_annotated_irreversible.cti', 'Choi': '../KM/2001_Choi_EDC/chem_annotated_irreversible.cti', 'CANSPEN(original)': '../KM/2009_Schirmeister_EDC/test.cti'}
cracking 0.0005
{'Schirmeister': '../KM/2009_Schirmeister_EDC/chem_annotated_irreversible.cti', 'Choi': '../KM/2001_Choi_EDC/chem_annotated_irreversible.cti', 'CANSPEN(original)': '../KM/2009_Schirmeister_EDC/test.cti'}
cracking 0.000875
{'Schirmeister': '../KM/2009_Schirmeister_EDC/chem_annotated_irreversible.cti', 'Choi': '../KM/2001_Choi_EDC/chem_annotated_irreversible.cti', 'CANSPEN(original)': '../KM/2009_Schirmeister_EDC/test.cti'}
cracking 0.00025
cracking 0.0
cracking 0.000625
cracking 0.000125
cracking 0.000875
cracking 0.0005
cracking 0.00025
cracking 0.00075
cracking 0.000375
cracking 0.0
cracking 0.000125
cracking 0.00025
cracking 0.000625
cracking 0.0005
cracking 0.000875
cracking 0.000375
cracking 0.00075
prev_y: 0
prev_y: 0.00476422905921936
prev_y: 0.012340545654296875
prev_y: 0.021298617124557495
prev_y: 0.03800225257873535
prev_y: 0.07265529036521912
prev_y: 0.11699104309082031
prev_y: 0.16048979759216309
prev_y: 0.21337154507637024
prev_y: 0.2725539207458496
prev_y: 0.3138105869293213
prev_y: 0.3448382318019867
prev_y: 0.37442293763160706
prev_y: 0.40779006481170654
prev_y: 0.4381602704524994
prev_y: 0.46752870082855225
prev_y: 0.4960800111293793
prev_y: 0.5240392088890076
4769     49.846069
4787     50.295673
4805     50.753357
31680     0.541702
31681     1.337990
31682     2.467171
31683     4.165375
31684     7.507545
31685    11.026672
31686    14.946434
31687    20.012291
31688    26.076492
31689    30.217064
31690    33.291397
31691    36.324223
31692    39.711197
31693    42.783905
31694    45.770622
31695    48.677361
31696    51.508545
31697    54.577679
37351     1.938072
37352     3.604752
37355    14.107353
37356    19.077141
37357    25.040344
37358    29.226753
37359    32.383583
37360    35.480537
37361    38.904716
37362    42.012615
37363    45.027523
37364    47.955437
37365    50.801556
Name: X, dtype: float64
index + 17 dont exist in y_ground_df, continue
index + 17 dont exist in y_ground_df, continue
index + 17 dont exist in y_ground_df, continue
31680
31681
31682
31683
31684
31685
31686
31687
31688
31689
31690
31691
31692
31693
31694
31695
31696
31697
[0, 0.00541702271, 0.01337989807, 0.02467170715, 0.04165374756, 0.07507545471, 0.11026672359999999, 0.1494643402, 0.2001229095, 0.2607649231, 0.302170639, 0.33291397089999997, 0.3632422256, 0.39711196899999995, 0.4278390503, 0.45770622250000004, 0.4867736053, 0.5150854492, 0.5457767868]
len of y_ground: 19
FPC
[0, 0.00541702271, 0.01337989807, 0.02467170715, 0.04165374756, 0.07507545471, 0.11026672359999999, 0.1494643402, 0.2001229095, 0.2607649231, 0.302170639, 0.33291397089999997, 0.3632422256, 0.39711196899999995, 0.4278390503, 0.45770622250000004, 0.4867736053, 0.5150854492, 0.5457767868]
{'Schirmeister': '../KM/2009_Schirmeister_EDC/chem_annotated_irreversible.cti', 'Choi': '../KM/2001_Choi_EDC/chem_annotated_irreversible.cti', 'CANSPEN(original)': '../KM/2009_Schirmeister_EDC/test.cti'}
cracking 0.001
prev_y: 0
prev_y: 0.00477069616317749
prev_y: 0
prev_y: 0.012357592582702637
prev_y: 0.021314024925231934
prev_y: 0.03802889585494995
prev_y: 0.07270058989524841
prev_y: 0.004777282476425171
prev_y: 0.1169707179069519
prev_y: 0.1604088544845581
prev_y: 0.012374728918075562
prev_y: 0.2132359743118286
prev_y: 0.021329522132873535
prev_y: 0.2723539471626282
prev_y: 0.03805550932884216
prev_y: 0.3135625720024109
prev_y: 0.07274585962295532
prev_y: 0
prev_y: 0.3445737361907959
prev_y: 0.11695066094398499
prev_y: 0.3741381764411926
prev_y: 0.16032835841178894
prev_y: 0
prev_y: 0.40749043226242065
prev_y: 0.2131008505821228
prev_y: 0
prev_y: 0.43784239888191223
prev_y: 0.27215445041656494
prev_y: 0.46718844771385193
prev_y: 0.3133149743080139
prev_y: 0.004790365695953369
prev_y: 0.4957132637500763
prev_y: 0.3443096876144409
prev_y: 0.012408941984176636
prev_y: 0.5236455202102661
prev_y: 0.3738539218902588
prev_y: 0.02136051654815674
prev_y: 0.40719136595726013
prev_y: 0.03810891509056091
31770     0.541053
31771     1.340141
31772     2.476842
31773     4.203300
31774     7.679679
31775    11.356103
31776    15.419874
31777    20.596409
31778    26.698132
31779    30.829142
31780    33.887325
31781    36.903980
31782    40.273952
31783    43.329025
31784    46.298855
31785    49.188999
31786    52.002823
31787    55.054344
37441     1.947242
37442     3.642408
37445    14.554661
37446    19.636328
37447    25.644800
37448    29.825911
37449    32.968884
37450    36.051121
37451    39.459869
37452    42.552090
37453    45.551327
37454    48.463448
37455    51.293407
Name: X, dtype: float64
31770
31771
31772
31773
31774
31775
31776
31777
31778
31779
31780
31781
31782
31783
31784
31785
31786
31787
[0, 0.005410527589999999, 0.01340141058, 0.024768416879999998, 0.04203299522, 0.07679678917, 0.1135610294, 0.1541987419, 0.2059640884, 0.2669813156, 0.3082914162, 0.3388732529, 0.36903980259999997, 0.40273952479999997, 0.43329025270000004, 0.4629885483, 0.49188999180000004, 0.5200282288, 0.5505434418]
len of y_ground: 19
FPC
[0, 0.005410527589999999, 0.01340141058, 0.024768416879999998, 0.04203299522, 0.07679678917, 0.1135610294, 0.1541987419, 0.2059640884, 0.2669813156, 0.3082914162, 0.3388732529, 0.36903980259999997, 0.40273952479999997, 0.43329025270000004, 0.4629885483, 0.49188999180000004, 0.5200282288, 0.5505434418]
prev_y: 0.4375251531600952
prev_y: 0.0728367269039154
prev_y: 0.004810154438018799
prev_y: 0.004796922206878662
prev_y: 0.11691182851791382
prev_y: 0.4668489396572113
prev_y: 0.012460529804229736
prev_y: 0.012426137924194336
{'Schirmeister': '../KM/2009_Schirmeister_EDC/chem_annotated_irreversible.cti', 'Choi': '../KM/2001_Choi_EDC/chem_annotated_irreversible.cti', 'CANSPEN(original)': '../KM/2009_Schirmeister_EDC/test.cti'}
cracking 0.001125
prev_y: 0.16016894578933716
prev_y: 0.495347261428833
prev_y: 0.021407127380371094
prev_y: 0.02137601375579834
prev_y: 0.212832510471344
prev_y: 0.5232526659965515
prev_y: 0.038189053535461426
prev_y: 0.03813561797142029
prev_y: 0.27175724506378174
prev_y: 0.07297331094741821
prev_y: 0.07288220524787903
prev_y: 0.31282174587249756
31860     0.541349
31861     1.341674
31862     2.484447
31863     4.237044
31864     7.837187
31865    11.660980
31866    15.856541
31867    21.130030
31868    27.266428
31869    31.391476
31870    34.436951
31871    37.439999
31872    40.796062
31873    43.836716
31874    46.792538
31875    49.667618
31876    52.466686
31877    55.502041
37531     1.955185
37532     3.674968
37535    14.966463
37536    20.147499
37537    26.197657
37538    30.376007
37539    33.508472
37540    36.579025
37541    39.975403
37542    43.054581
37543    46.040283
37544    48.938595
37545    51.754738
Name: X, dtype: float64
31860
31861
31862
31863
31864
31865
31866
31867
31868
31869
31870
31871
31872
31873
31874
31875
31876
31877
[0, 0.0054134929200000004, 0.013416744469999999, 0.02484446526, 0.042370438579999996, 0.07837186813, 0.1166098022, 0.1585654068, 0.2113002968, 0.27266427990000003, 0.31391475679999997, 0.3443695068, 0.3743999863, 0.40796062470000005, 0.438367157, 0.4679253769, 0.496676178, 0.5246668625, 0.5550204086]
len of y_ground: 19
FPC
[0, 0.0054134929200000004, 0.013416744469999999, 0.02484446526, 0.042370438579999996, 0.07837186813, 0.1166098022, 0.1585654068, 0.2113002968, 0.27266427990000003, 0.31391475679999997, 0.3443695068, 0.3743999863, 0.40796062470000005, 0.438367157, 0.4679253769, 0.496676178, 0.5246668625, 0.5550204086]
prev_y: 0.11685627698898315
prev_y: 0.11689296364784241
prev_y: 0.34378373622894287
prev_y: 0.1600102186203003
prev_y: 0.16008993983268738
{'Schirmeister': '../KM/2009_Schirmeister_EDC/chem_annotated_irreversible.cti', 'Choi': '../KM/2001_Choi_EDC/chem_annotated_irreversible.cti', 'CANSPEN(original)': '../KM/2009_Schirmeister_EDC/test.cti'}
cracking 0.00125
prev_y: 0.37328773736953735
prev_y: 0.21573090553283691
prev_y: 0.21269911527633667
prev_y: 0.4065958261489868
prev_y: 0.27557623386383057
prev_y: 0.27155938744544983
prev_y: 0.436893492937088
prev_y: 0.31752291321754456
prev_y: 0.3125758767127991
prev_y: 0.46617287397384644
prev_y: 0.34883666038513184
prev_y: 0.3435215950012207
prev_y: 0.49461841583251953
prev_y: 0.3786342144012451
prev_y: 0.37300562858581543
prev_y: 0
prev_y: 0.5224699974060059
prev_y: 0.41147318482398987
prev_y: 0.4062991440296173
prev_y: 0.4410148561000824
prev_y: 0.4365788698196411
4823     51.623543
4841     52.053825
4859     52.492455
32040     0.541882
32041     1.344231
32042     2.497915
32043     4.295200
32044     8.122637
32045    12.217281
32046    16.644733
32047    22.081114
32048    28.279892
32049    32.398544
32050    35.425644
32051    38.408493
32052    41.742748
32053    44.761127
32054    47.692856
32055    50.543480
32056    53.317299
32057    56.324795
37711     1.967979
37712     3.731189
37715    15.708635
37716    21.058371
37717    27.182899
37718    31.361494
37719    34.478882
37720    37.532063
37721    40.909870
37722    43.968147
37723    46.932514
37724    49.808250
37725    52.600548
Name: X, dtype: float64
index + 17 dont exist in y_ground_df, continue
index + 17 dont exist in y_ground_df, continue
index + 17 dont exist in y_ground_df, continue
32040
32041
32042
32043
32044
32045
32046
32047
32048
32049
32050
32051
32052
32053
32054
32055
32056
32057
[0, 0.00541881621, 0.013442312480000001, 0.024979145530000003, 0.04295199871, 0.08122636795, 0.1221728134, 0.1664473343, 0.22081113819999998, 0.28279891970000004, 0.3239854431, 0.3542564392, 0.3840849304, 0.4174274826, 0.4476112747, 0.47692855829999997, 0.5054347992, 0.5331729889, 0.5632479477]
len of y_ground: 19
FPC
[0, 0.00541881621, 0.013442312480000001, 0.024979145530000003, 0.04295199871, 0.08122636795, 0.1221728134, 0.1664473343, 0.22081113819999998, 0.28279891970000004, 0.3239854431, 0.3542564392, 0.3840849304, 0.4174274826, 0.4476112747, 0.47692855829999997, 0.5054347992, 0.5331729889, 0.5632479477]
prev_y: 0.4693993926048279
prev_y: 0.46583616733551025
prev_y: 0.4967993199825287
prev_y: 0.49402594566345215
{'Schirmeister': '../KM/2009_Schirmeister_EDC/chem_annotated_irreversible.cti', 'Choi': '../KM/2001_Choi_EDC/chem_annotated_irreversible.cti', 'CANSPEN(original)': '../KM/2009_Schirmeister_EDC/test.cti'}
cracking 0.001375
prev_y: 0.5235506892204285
prev_y: 0.5212904810905457
prev_y: 0.004783838987350464
prev_y: 0.012391805648803711
prev_y: 0.021345019340515137
32310     0.541825
32311     1.347661
32312     2.514255
32313     4.369035
32314     8.499916
32315    12.956445
32316    17.669851
32317    23.295486
32318    29.574274
32319    33.692043
32320    36.701366
32321    39.663750
32322    42.976536
32323    45.969486
32324    48.874496
32325    51.696651
32326    54.439999
32327    57.414059
37981     1.983494
37982     3.801911
37985    16.673145
37986    22.222090
37987    28.441011
37988    32.626896
37989    35.730701
37990    38.766991
37991    42.126820
37992    45.189877
37993    48.103359
37994    50.952766
37995    53.717201
Name: X, dtype: float6432130     0.541728
32131     1.345468
32132     2.503976
32133     4.321380
32134     8.253869
32135    12.474607
32136    17.004583
32137    22.510054
32138    28.737150
32139    32.854691
32140    35.874935
32141    38.849796
32142    42.176178
32143    45.184940
32144    48.106636
32145    50.946999
32146    53.709663
32147    56.705158
37801     1.973470
37802     3.756246
37805    16.047337
37806    21.469456
37807    27.627365
37808    31.807812
37809    34.919773
37810    37.966515
37811    41.337311
37812    44.387512
37813    47.342590
37814    50.208595
37815    52.990883
Name: X, dtype: float64

32130
32310
32131
32311
32132
32312
32133
3231332134

3231432135

32315
32136
3231632137

3231732138

3231832139

3231932140

3232032141

3232132142

3232232143

3232332144

3232432145

3232532146

3232632147

32327
[0, 0.00541825473, 0.013476606609999999, 0.025142545699999998, 0.04369034767, 0.08499916077, 0.1295644474, 0.176698513, 0.2329548645, 0.2957427406, 0.33692043299999996, 0.3670136642, 0.39663749690000005, 0.42976535799999993, 0.4596948624, 0.48874496460000005, 0.5169665146, 0.5443999863, 0.5741405869][0, 0.0054172802, 0.01345468163, 0.025039756299999997, 0.04321380138, 0.08253869057000002, 0.1247460747, 0.17004583360000003, 0.22510053630000001, 0.2873715019, 0.3285469055, 0.3587493515, 0.388497963, 0.42176177979999996, 0.45184940339999996, 0.4810663605, 0.509469986, 0.5370966339000001, 0.5670515823]

len of y_ground: 19len of y_ground: 19

FPCFPC

[0, 0.00541825473, 0.013476606609999999, 0.025142545699999998, 0.04369034767, 0.08499916077, 0.1295644474, 0.176698513, 0.2329548645, 0.2957427406, 0.33692043299999996, 0.3670136642, 0.39663749690000005, 0.42976535799999993, 0.4596948624, 0.48874496460000005, 0.5169665146, 0.5443999863, 0.5741405869][0, 0.0054172802, 0.01345468163, 0.025039756299999997, 0.04321380138, 0.08253869057000002, 0.1247460747, 0.17004583360000003, 0.22510053630000001, 0.2873715019, 0.3285469055, 0.3587493515, 0.388497963, 0.42176177979999996, 0.45184940339999996, 0.4810663605, 0.509469986, 0.5370966339000001, 0.5670515823]

prev_y: 0.03808221220970154
prev_y: 0.07279130816459656
{'Schirmeister': '../KM/2009_Schirmeister_EDC/chem_annotated_irreversible.cti', 'Choi': '../KM/2001_Choi_EDC/chem_annotated_irreversible.cti', 'CANSPEN(original)': '../KM/2009_Schirmeister_EDC/test.cti'}
{'Schirmeister': '../KM/2009_Schirmeister_EDC/chem_annotated_irreversible.cti', 'Choi': '../KM/2001_Choi_EDC/chem_annotated_irreversible.cti', 'CANSPEN(original)': '../KM/2009_Schirmeister_EDC/test.cti'}
cracking 0.0015
cracking 0.001625
prev_y: 0.11693108081817627
prev_y: 0.16024839878082275
prev_y: 0.2129664123058319
prev_y: 0.27195557951927185
prev_y: 0.31306809186935425
prev_y: 0.344046413898468
prev_y: 0.37357044219970703
prev_y: 0.40689316391944885
prev_y: 0.4372088313102722
prev_y: 0.4665103852748871
prev_y: 0.4949822425842285
prev_y: 0.5228607058525085
31950     0.541325
31951     1.342926
31952     2.491726
31953     4.266912
31954     7.984195
31955    11.946932
31956    16.263231
31957    21.622541
31958    27.791443
31959    31.912319
31960    34.947720
31961    37.939823
31962    41.284466
31963    44.312798
31964    47.255867
31965    50.118141
31966    52.903507
31967    55.924343
37621     1.961841
37622     3.704316
37625    15.349513
37626    20.619343
37627    26.707998
37628    30.885918
37629    34.010067
37630    37.070984
37631    40.457230
37632    43.525303
37633    46.499355
37634    49.385841
37635    52.189384
Name: X, dtype: float64
31950
31951
31952
31953
31954
31955
31956
31957
31958
31959
31960
31961
31962
31963
31964
31965
31966
31967
[0, 0.0054132545, 0.013429260249999998, 0.02491725683, 0.04266911983, 0.07984195232, 0.1194693184, 0.16263231279999998, 0.21622541429999997, 0.2779144287, 0.3191231918, 0.34947719569999997, 0.3793982315, 0.41284465789999997, 0.4431279755, 0.47255867, 0.5011814117, 0.5290350723, 0.5592434311000001]
len of y_ground: 19
FPC
[0, 0.0054132545, 0.013429260249999998, 0.02491725683, 0.04266911983, 0.07984195232, 0.1194693184, 0.16263231279999998, 0.21622541429999997, 0.2779144287, 0.3191231918, 0.34947719569999997, 0.3793982315, 0.41284465789999997, 0.4431279755, 0.47255867, 0.5011814117, 0.5290350723, 0.5592434311000001]
{'Schirmeister': '../KM/2009_Schirmeister_EDC/chem_annotated_irreversible.cti', 'Choi': '../KM/2001_Choi_EDC/chem_annotated_irreversible.cti', 'CANSPEN(original)': '../KM/2009_Schirmeister_EDC/test.cti'}
cracking 0.00175
prev_y: 0
prev_y: 0.0048035383224487305
prev_y: 0.012443333864212036
prev_y: 0.021391570568084717
prev_y: 0.03816232085227966
prev_y: 0.07292774319648743
prev_y: 0.11687442660331726
prev_y: 0.1600113809108734
prev_y: 0.2125662863254547
prev_y: 0.27137553691864014
prev_y: 0.31234264373779297
prev_y: 0.3432714343070984
prev_y: 0.37273526191711426
prev_y: 0.40601426362991333
prev_y: 0.43596988916397095
prev_y: 0.4645216464996338
prev_y: 0.49202829599380493
prev_y: 0.5188973546028137
32220     0.542414
32221     1.346515
32222     2.509336
32223     4.345644
32224     8.379178
32225    12.720531
32226    17.345581
32227    22.913807
32228    29.167658
32229    33.284927
32230    36.299171
32231    39.267300
32232    42.586494
32233    45.586723
32234    48.499870
32235    51.330868
32236    54.083344
32237    57.067833
37891     1.978695
37892     3.779629
37895    16.368149
37896    21.856274
37897    28.045601
37898    32.228561
37899    35.336056
37900    38.377071
37901    41.742035
37902    44.785194
37903    47.732018
37904    50.589596
37905    53.362576
Name: X, dtype: float64
32220
32221
32222
32223
32224
32225
32226
32227
32228
32229
32230
32231
32232
32233
32234
32235
32236
32237
[0, 0.00542414248, 0.01346514583, 0.02509335756, 0.043456435200000004, 0.08379178047, 0.1272053051, 0.1734558105, 0.2291380692, 0.2916765785, 0.3328492737, 0.3629917145, 0.3926729965, 0.42586494449999995, 0.4558672333, 0.484998703, 0.5133086777, 0.5408334351, 0.5706783295000001]
len of y_ground: 19
FPC
[0, 0.00542414248, 0.01346514583, 0.02509335756, 0.043456435200000004, 0.08379178047, 0.1272053051, 0.1734558105, 0.2291380692, 0.2916765785, 0.3328492737, 0.3629917145, 0.3926729965, 0.42586494449999995, 0.4558672333, 0.484998703, 0.5133086777, 0.5408334351, 0.5706783295000001]
{'Schirmeister': '../KM/2009_Schirmeister_EDC/chem_annotated_irreversible.cti', 'Choi': '../KM/2001_Choi_EDC/chem_annotated_irreversible.cti', 'CANSPEN(original)': '../KM/2009_Schirmeister_EDC/test.cti'}
cracking 0.001875
cracking 0.001
cracking 0.001125
cracking 0.00125
cracking 0.001375
cracking 0.001625
cracking 0.0015
cracking 0.00175
cracking 0.001875
cracking 0.001
cracking 0.001125
cracking 0.001375
cracking 0.00125
cracking 0.0015
cracking 0.001625
cracking 0.00175
prev_y: 0
prev_y: 0.004776179790496826
prev_y: 0.012371659278869629
prev_y: 0.021224409341812134
prev_y: 0.037861526012420654
prev_y: 0.07557946443557739
prev_y: 0.11820065975189209
prev_y: 0.16299957036972046
prev_y: 0.2211378812789917
prev_y: 0.28189778327941895
prev_y: 0.3239785134792328
prev_y: 0.3556155562400818
prev_y: 0.38538697361946106
prev_y: 0.4180264472961426
prev_y: 0.44751638174057007
prev_y: 0.47588667273521423
prev_y: 0.5032829642295837
prev_y: 0.530107855796814
4877     53.057343
4895     53.473549
4913     53.898239
32400     0.542458
32401     1.348509
32402     2.519060
32403     4.391415
32404     8.616336
32405    13.183365
32406    17.979229
32407    23.657576
32408    29.959951
32409    34.078899
32410    37.084000
32411    40.041294
32412    43.348572
32413    46.334602
32414    49.232445
32415    52.046650
32416    54.781319
32417    57.745777
38071     1.988156
38072     3.823128
38075    16.964336
38076    22.569231
38077    28.816078
38078    33.005142
38079    36.106174
38080    39.138523
38081    42.493961
38082    45.524872
38083    48.458012
38084    51.300186
38085    54.056561
Name: X, dtype: float64
index + 17 dont exist in y_ground_df, continue
index + 17 dont exist in y_ground_df, continue
index + 17 dont exist in y_ground_df, continue
32400
32401
32402
32403
32404
32405
32406
32407
32408
32409
32410
32411
32412
32413
32414
32415
32416
32417
[0, 0.00542458355, 0.01348508835, 0.025190596580000002, 0.04391415119, 0.08616335869, 0.1318336487, 0.17979228970000002, 0.23657575609999998, 0.299599514, 0.34078899380000005, 0.37083999630000003, 0.400412941, 0.4334857178, 0.4633460236, 0.4923244476, 0.5204664993, 0.5478131866, 0.5774577713]
len of y_ground: 19
FPC
[0, 0.00542458355, 0.01348508835, 0.025190596580000002, 0.04391415119, 0.08616335869, 0.1318336487, 0.17979228970000002, 0.23657575609999998, 0.299599514, 0.34078899380000005, 0.37083999630000003, 0.400412941, 0.4334857178, 0.4633460236, 0.4923244476, 0.5204664993, 0.5478131866, 0.5774577713]
{'Schirmeister': '../KM/2009_Schirmeister_EDC/chem_annotated_irreversible.cti', 'Choi': '../KM/2001_Choi_EDC/chem_annotated_irreversible.cti', 'CANSPEN(original)': '../KM/2009_Schirmeister_EDC/test.cti'}
cracking 0.002
cracking 0.001875
prev_y: 0
prev_y: 0.004669845104217529
prev_y: 0.012093037366867065
prev_y: 0.021130502223968506
prev_y: 0.0389522910118103
prev_y: 0.07853883504867554
prev_y: 0.12721097469329834
prev_y: 0.17567193508148193
prev_y: 0.2333708107471466
prev_y: 0.2934369742870331
prev_y: 0.3350282311439514
prev_y: 0.36620593070983887
prev_y: 0.3955908417701721
prev_y: 0.42817166447639465
prev_y: 0.45772308111190796
prev_y: 0.4862625300884247
prev_y: 0.5138604044914246
prev_y: 0.5407218337059021
32490     0.542610
32491     1.349266
32492     2.523576
32493     4.412122
32494     8.728655
32495    13.402409
32496    18.275398
32497    24.002178
32498    30.327028
32499    34.447632
32500    37.448933
32501    40.401661
32502    43.704071
32503    46.684307
32504    49.575214
32505    52.381802
32506    55.108685
32507    58.063862
38161     1.992446
38162     3.843329
38165    17.243002
38166    22.899742
38167    29.173098
38168    33.365719
38169    36.464256
38170    39.493118
38171    42.844631
38172    45.870312
38173    48.797527
38174    51.633106
38175    54.382198
Name: X, dtype: float64
32490
32491
32492
32493
32494
32495
32496
32497
32498
32499
32500
32501
32502
32503
32504
32505
32506
32507
[0, 0.00542610288, 0.01349265814, 0.02523576021, 0.04412121773, 0.08728654861000001, 0.134024086, 0.1827539825, 0.24002178189999998, 0.3032702827, 0.3444763184, 0.37448932650000005, 0.4040166092, 0.43704071040000003, 0.466843071, 0.4957521439, 0.5238180161, 0.5510868454, 0.5806386185]
len of y_ground: 19
FPC
[0, 0.00542610288, 0.01349265814, 0.02523576021, 0.04412121773, 0.08728654861000001, 0.134024086, 0.1827539825, 0.24002178189999998, 0.3032702827, 0.3444763184, 0.37448932650000005, 0.4040166092, 0.43704071040000003, 0.466843071, 0.4957521439, 0.5238180161, 0.5510868454, 0.5806386185]
prev_y: 0
{'Schirmeister': '../KM/2009_Schirmeister_EDC/chem_annotated_irreversible.cti', 'Choi': '../KM/2001_Choi_EDC/chem_annotated_irreversible.cti', 'CANSPEN(original)': '../KM/2009_Schirmeister_EDC/test.cti'}
cracking 0.002125
prev_y: 0.004653811454772949
prev_y: 0.01230040192604065
prev_y: 0.021677851676940918
prev_y: 0.039991945028305054
prev_y: 0.08108186721801758
prev_y: 0.1312485635280609
prev_y: 0.18081620335578918
prev_y: 0
prev_y: 0.24055173993110657
prev_y: 0
prev_y: 0.3006097972393036
prev_y: 0
prev_y: 0.34194040298461914
prev_y: 0.004644811153411865
prev_y: 0.3727138638496399
prev_y: 0.012276411056518555
prev_y: 0.40168172121047974
prev_y: 0.004671841859817505
prev_y: 0.021581798791885376
prev_y: 0.4339008927345276
prev_y: 0.004662811756134033
prev_y: 0.039809077978134155
prev_y: 0.012348651885986328
prev_y: 0.463198184967041
prev_y: 0.08020797371864319
prev_y: 0.012324512004852295
prev_y: 0.021871179342269897
prev_y: 0.12986764311790466
prev_y: 0.4915257692337036
prev_y: 0.021774232387542725
prev_y: 0.17885100841522217
prev_y: 0.040360480546951294
prev_y: 0.23836657404899597
prev_y: 0.040175676345825195
prev_y: 0.08285677433013916
prev_y: 0.2981100380420685
prev_y: 0.5189129710197449
prev_y: 0.08196470141410828
prev_y: 0.33952537178993225
prev_y: 0.13406378030776978
prev_y: 0.3704034984111786
prev_y: 0.5455513000488281
prev_y: 0.13264715671539307
prev_y: 0.39941707253456116
prev_y: 0.18589910864830017
prev_y: 0.4318332374095917
prev_y: 0.18343868851661682
prev_y: 0.2455224096775055
prev_y: 0.4612610936164856
32670     0.542807
32671     1.351246
32672     2.532054
32673     4.452388
32674     8.943993
32675    13.818852
32676    18.832161
32677    24.646019
32678    31.013302
32679    35.137512
32680    38.132671
32681    41.077824
32682    44.371891
32683    47.341526
32684    50.220081
32685    53.013393
32686    55.725685
32687    58.664047
38341     2.000722
38342     3.881589
38345    17.767252
38346    23.517315
38347    29.840088
38348    34.040627
38349    37.135242
38350    40.158489
38351    43.503643
38352    46.520302
38353    49.436935
38354    52.259995
38355    54.995678
Name: X, dtype: float64
32670
32671
32672
32673
32674
32675
32676
32677
32678
32679
32680
32681
32682
32683
32684
32685
32686
32687
[0, 0.00542807221, 0.01351246119, 0.025320537089999998, 0.044523882869999996, 0.08943992615000002, 0.1381885242, 0.1883216095, 0.2464601898, 0.3101330185, 0.3513751221, 0.38132671360000003, 0.4107782364, 0.4437189102, 0.4734152603, 0.5022008133, 0.530133934, 0.5572568512, 0.5866404724000001]
len of y_ground: 19
FPC
[0, 0.00542807221, 0.01351246119, 0.025320537089999998, 0.044523882869999996, 0.08943992615000002, 0.1381885242, 0.1883216095, 0.2464601898, 0.3101330185, 0.3513751221, 0.38132671360000003, 0.4107782364, 0.4437189102, 0.4734152603, 0.5022008133, 0.530133934, 0.5572568512, 0.5866404724000001]
prev_y: 0.2430884838104248
prev_y: 0.4897194504737854
prev_y: 0.306276798248291
prev_y: 0.5172368288040161
prev_y: 0.3473901152610779
prev_y: 0.30356717109680176
{'Schirmeister': '../KM/2009_Schirmeister_EDC/chem_annotated_irreversible.cti', 'Choi': '../KM/2001_Choi_EDC/chem_annotated_irreversible.cti', 'CANSPEN(original)': '../KM/2009_Schirmeister_EDC/test.cti'}
cracking 0.00225
prev_y: 0.5439902544021606
prev_y: 0.37824931740760803
prev_y: 0.34467723965644836
prev_y: 0.4073132276535034
32580     0.542472
32581     1.350076
32582     2.527795
32583     4.432566
32584     8.837959
32585    13.613895
32586    18.559248
32587    24.331181
32588    30.677729
32589    34.800129
32590    37.797985
32591    40.746830
32592    44.044872
32593    47.019554
32594    49.903885
32595    52.703873
32596    55.423183
32597    58.369591
38251     1.996713
38252     3.862861
38255    17.510315
38256    23.215191
38257    29.513828
38258    33.710419
38259    36.806835
38260    39.832638
38261    43.180828
38262    46.201775
38263    49.123581
38264    51.952835
38265    54.694805
Name: X, dtype: float64
32580
32581
32582
32583
32584
32585
32586
32587
32588
32589
32590
32591
32592
32593
32594
32595
32596
32597
[0, 0.00542471886, 0.013500763180000002, 0.025277950759999997, 0.044325656889999995, 0.08837959290000001, 0.1361389542, 0.1855924797, 0.2433118057, 0.30677728649999997, 0.3480012894, 0.37797985079999996, 0.4074682999, 0.4404487228, 0.47019554139999997, 0.4990388489, 0.5270387268000001, 0.5542318344, 0.5836959076]
len of y_ground: 19
FPC
[0, 0.00542471886, 0.013500763180000002, 0.025277950759999997, 0.044325656889999995, 0.08837959290000001, 0.1361389542, 0.1855924797, 0.2433118057, 0.30677728649999997, 0.3480012894, 0.37797985079999996, 0.4074682999, 0.4404487228, 0.47019554139999997, 0.4990388489, 0.5270387268000001, 0.5542318344, 0.5836959076]
prev_y: 0.3754836320877075
prev_y: 0.4393691122531891
prev_y: 0.4044913649559021
{'Schirmeister': '../KM/2009_Schirmeister_EDC/chem_annotated_irreversible.cti', 'Choi': '../KM/2001_Choi_EDC/chem_annotated_irreversible.cti', 'CANSPEN(original)': '../KM/2009_Schirmeister_EDC/test.cti'}
cracking 0.002375
prev_y: 0.4684983193874359
prev_y: 0.49667486548423767
prev_y: 0.43662571907043457
prev_y: 0.5239117741584778
prev_y: 0.46583807468414307
prev_y: 0.5503947138786316
prev_y: 0.4940882921218872
32850     0.543104
32851     1.352754
32852     2.540131
32853     4.489710
32854     9.148190
32855    14.210928
32856    19.348587
32857    25.238491
32858    31.644516
32859    35.772999
32860    38.763474
32861    41.702236
32862    44.989590
32863    47.950134
32864    50.818348
32865    53.599792
32866    56.298611
32867    59.221794
38521     2.008337
38522     3.917323
38525    18.253675
38526    24.086052
38527    30.453899
38528    34.662251
38529    37.754295
38530    40.773239
38531    44.113411
38532    47.122414
38533    50.029663
38534    52.842213
38535    55.566029
Name: X, dtype: float64
32850
32851
32852
32853
32854
32855
32856
32857
32858
32859
32860
32861
32862
32863
32864
32865
32866
32867
[0, 0.00543103576, 0.013527536389999999, 0.02540130854, 0.04489709854, 0.09148189544999999, 0.1421092796, 0.1934858704, 0.2523849106, 0.3164451599, 0.35772998809999995, 0.38763473509999996, 0.4170223618, 0.44989589690000004, 0.4795013428, 0.5081834793, 0.5359979248, 0.5629861069, 0.5922179412999999]
len of y_ground: 19
FPC
[0, 0.00543103576, 0.013527536389999999, 0.02540130854, 0.04489709854, 0.09148189544999999, 0.1421092796, 0.1934858704, 0.2523849106, 0.3164451599, 0.35772998809999995, 0.38763473509999996, 0.4170223618, 0.44989589690000004, 0.4795013428, 0.5081834793, 0.5359979248, 0.5629861069, 0.5922179412999999]
prev_y: 0.5213958024978638
prev_y: 0
prev_y: 0.5479527711868286
{'Schirmeister': '../KM/2009_Schirmeister_EDC/chem_annotated_irreversible.cti', 'Choi': '../KM/2001_Choi_EDC/chem_annotated_irreversible.cti', 'CANSPEN(original)': '../KM/2009_Schirmeister_EDC/test.cti'}
cracking 0.0025
prev_y: 0.00468096137046814
4931     54.265797
4949     54.671265
4967     55.084660
32760     0.542676
32761     1.351919
32762     2.536466
32763     4.471398
32764     9.047612
32765    14.017790
32766    19.095016
32767    24.948162
32768    31.335169
32769    35.461308
32770    38.454155
32771    41.396130
32772    44.686485
32773    47.651424
32774    50.524719
32775    53.311901
32776    56.017242
32777    58.947922
38431     2.004540
38432     3.899724
38435    18.014812
38436    23.807268
38437    30.153074
38438    34.357578
38439    37.450680
38440    40.471684
38441    43.814156
38442    46.826836
38443    49.738602
38444    52.556316
38445    55.285847
Name: X, dtype: float64
index + 17 dont exist in y_ground_df, continue
index + 17 dont exist in y_ground_df, continue
index + 17 dont exist in y_ground_df, continue
32760
32761
32762
32763
32764
32765
32766
32767
32768
32769
32770
32771
32772
32773
32774
32775
32776
32777
[0, 0.00542676449, 0.01351919413, 0.02536465883, 0.04471397877, 0.09047612190000001, 0.1401778984, 0.19095016480000002, 0.2494816208, 0.3133516884, 0.35461307529999997, 0.3845415497, 0.41396129610000004, 0.4468648529, 0.4765142441, 0.5052471924, 0.5331190109, 0.5601724243, 0.5894792175]
len of y_ground: 19
FPC
[0, 0.00542676449, 0.01351919413, 0.02536465883, 0.04471397877, 0.09047612190000001, 0.1401778984, 0.19095016480000002, 0.2494816208, 0.3133516884, 0.35461307529999997, 0.3845415497, 0.41396129610000004, 0.4468648529, 0.4765142441, 0.5052471924, 0.5331190109, 0.5601724243, 0.5894792175]
prev_y: 0.012372821569442749
prev_y: 0.021968424320220947
prev_y: 0.0405460000038147
prev_y: 0.08375799655914307
prev_y: 0.13641425967216492
prev_y: 0.18897557258605957
prev_y: 0.2484535574913025
prev_y: 0.3095242381095886
prev_y: 0.3506300449371338
prev_y: 0.38154739141464233
prev_y: 0.410690039396286
prev_y: 0.4426868259906769
prev_y: 0.47175362706184387
prev_y: 0.4998803734779358
prev_y: 0.5270703434944153
prev_y: 0.5534957647323608
32940     0.543240
32941     1.353550
32942     2.543712
32943     4.507874
32944     9.246910
32945    14.398619
32946    19.593386
32947    25.518168
32948    31.941961
32949    36.073360
32950    39.061821
32951    41.997856
32952    45.282249
32953    48.238506
32954    51.101791
32955    53.877739
32956    56.570747
32957    59.487003
38611     2.011913
38612     3.934414
38615    18.484421
38616    24.354527
38617    30.743607
38618    34.956093
38619    38.047081
38620    41.063995
38621    44.402119
38622    47.407864
38623    50.310738
38624    53.118423
38625    55.836315
Name: X, dtype: float64
32940
32941
32942
32943
32944
32945
32946
32947
32948
32949
32950
32951
32952
32953
32954
32955
32956
32957
[0, 0.00543240428, 0.013535498380000002, 0.02543712378, 0.045078735349999996, 0.09246910095000001, 0.143986187, 0.195933857, 0.255181675, 0.3194196129, 0.3607336044, 0.3906182098, 0.4199785614, 0.4528224945, 0.48238506319999996, 0.5110179138000001, 0.5387773895, 0.5657074738, 0.5948700333]
len of y_ground: 19
FPC
[0, 0.00543240428, 0.013535498380000002, 0.02543712378, 0.045078735349999996, 0.09246910095000001, 0.143986187, 0.195933857, 0.255181675, 0.3194196129, 0.3607336044, 0.3906182098, 0.4199785614, 0.4528224945, 0.48238506319999996, 0.5110179138000001, 0.5387773895, 0.5657074738, 0.5948700333]
prev_y: 0
prev_y: 0.004689991474151611
prev_y: 0.012397021055221558
prev_y: 0.0220661461353302
prev_y: 0.040732383728027344
prev_y: 0.08466839790344238
prev_y: 0.13860908150672913
prev_y: 0.19134676456451416
cracking 0.002
prev_y: 0.2508612275123596
prev_y: 0.3121402859687805
prev_y: 0.3532921373844147
prev_y: 0.3842966556549072
prev_y: 0.4135369062423706
prev_y: 0.4454684853553772
prev_y: 0.4744557738304138
prev_y: 0.5025131702423096
prev_y: 0.52963787317276
prev_y: 0.5559895038604736
33030     0.543392
33031     1.353964
33032     2.547776
33033     4.525368
33034     9.343522
33035    14.581598
33036    19.830307
33037    25.787788
33038    32.229309
33039    36.363182
33040    39.349762
33041    42.283451
33042    45.564930
33043    48.517471
33044    51.376205
33045    54.146992
33046    56.833817
33047    59.743198
38701     1.744130
38702     3.336127
38705    17.143639
38706    22.835997
38707    29.049589
38708    34.203415
38709    37.591595
38710    40.547531
38711    43.448956
38712    46.692268
38713    49.608681
38714    52.431084
38715    55.165054
Name: X, dtype: float64
33030
33031
33032
33033
33034
33035
33036
33037
33038
33039
33040
33041
33042
33043
33044
33045
33046
33047
[0, 0.0054339242, 0.01353963614, 0.025477759840000003, 0.045253682139999994, 0.09343522072, 0.1458159828, 0.19830307009999998, 0.2578778839, 0.3222930908, 0.3636318207, 0.3934976196, 0.4228345108, 0.4556492996, 0.4851747131, 0.5137620544, 0.5414699173, 0.5683381653, 0.5974319839000001]
len of y_ground: 19
FPC
[0, 0.0054339242, 0.01353963614, 0.025477759840000003, 0.045253682139999994, 0.09343522072, 0.1458159828, 0.19830307009999998, 0.2578778839, 0.3222930908, 0.3636318207, 0.3934976196, 0.4228345108, 0.4556492996, 0.4851747131, 0.5137620544, 0.5414699173, 0.5683381653, 0.5974319839000001]
cracking 0.002125
cracking 0.002375
cracking 0.00225
cracking 0.0025
cracking 0.002
cracking 0.002125
cracking 0.002375
cracking 0.00225
cracking 0.0025
prev_y: 0
prev_y: 0.004699110984802246
prev_y: 0.012421280145645142
prev_y: 0.02216428518295288
prev_y: 0.040919750928878784
prev_y: 0.08558827638626099
prev_y: 0.1401565670967102
prev_y: 0.1932286024093628
prev_y: 0.25290414690971375
prev_y: 0.3143191933631897
prev_y: 0.35555481910705566
prev_y: 0.3866659998893738
prev_y: 0.41602057218551636
prev_y: 0.44788306951522827
prev_y: 0.47677865624427795
prev_y: 0.504753589630127
prev_y: 0.531801700592041
prev_y: 0.5580695867538452
33120     0.543270
33121     1.354699
33122     2.551046
33123     4.542449
33124     9.437722
33125    14.759844
33126    20.059813
33127    26.048229
33128    32.506779
33129    36.643238
33130    39.628147
33131    42.559517
33132    45.838524
33133    48.787399
33134    51.641895
33135    54.407429
33136    57.088913
33137    59.992123
38791     2.018900
38792     3.967109
38795    18.924217
38796    24.863777
38797    31.293041
38798    35.513557
38799    38.603218
38800    41.616764
38801    44.951412
38802    47.950775
38803    50.845932
38804    53.644531
38805    56.352123
Name: X, dtype: float64
33120
33121
33122
33123
33124
33125
33126
33127
33128
33129
33130
33131
33132
33133
33134
33135
33136
33137
[0, 0.00543269515, 0.01354699254, 0.02551046371, 0.04542448521, 0.09437722206, 0.1475984383, 0.2005981255, 0.2604822922, 0.3250677872, 0.3664323807, 0.3962814713, 0.4255951691, 0.4583852386, 0.48787399290000005, 0.5164189529000001, 0.5440742874, 0.5708891296, 0.5999212265]
len of y_ground: 19
FPC
[0, 0.00543269515, 0.01354699254, 0.02551046371, 0.04542448521, 0.09437722206, 0.1475984383, 0.2005981255, 0.2604822922, 0.3250677872, 0.3664323807, 0.3962814713, 0.4255951691, 0.4583852386, 0.48787399290000005, 0.5164189529000001, 0.5440742874, 0.5708891296, 0.5999212265]
prev_y: 0
prev_y: 0.004708230495452881
prev_y: 0.012445628643035889
prev_y: 0.02226284146308899
prev_y: 0.04110792279243469
prev_y: 0.08651751279830933
prev_y: 0.14172422885894775
prev_y: 0.19506868720054626
prev_y: 0.25503966212272644
prev_y: 0.3165380656719208
prev_y: 0.35786765813827515
prev_y: 0.38909998536109924
prev_y: 0.418587863445282
prev_y: 0.4503883719444275
prev_y: 0.47919589281082153
prev_y: 0.5070930123329163
prev_y: 0.5340700745582581
prev_y: 0.5602568984031677
33210     0.543575
33211     1.355534
33212     2.554432
33213     4.558943
33214     9.530605
33215    14.933734
33216    20.282272
33217    26.300188
33218    32.775318
33219    36.914417
33220    39.897678
33221    42.826954
33222    46.103859
33223    49.049004
33224    51.899342
33225    54.660053
33226    57.336227
33227    60.232941
38881     2.022188
38882     3.983020
38885    19.134233
38886    25.106014
38887    31.554218
38888    35.778847
38889    38.868099
38890    41.880196
38891    45.213154
38892    48.209831
38893    51.101192
38894    53.895512
38895    56.598236
Name: X, dtype: float64
33210
33211
33212
33213
33214
33215
33216
33217
33218
33219
33220
33221
33222
33223
33224
33225
33226
33227
[0, 0.005435745120000001, 0.013555339569999998, 0.025544316770000002, 0.045589427950000004, 0.09530605316000001, 0.1493373394, 0.2028227234, 0.2630018806, 0.3277531815, 0.3691441727, 0.3989767838, 0.42826953889999997, 0.46103858950000004, 0.49049003599999996, 0.5189934158, 0.5466005325, 0.5733622742, 0.6023294067]
len of y_ground: 19
FPC
[0, 0.005435745120000001, 0.013555339569999998, 0.025544316770000002, 0.045589427950000004, 0.09530605316000001, 0.1493373394, 0.2028227234, 0.2630018806, 0.3277531815, 0.3691441727, 0.3989767838, 0.42826953889999997, 0.46103858950000004, 0.49049003599999996, 0.5189934158, 0.5466005325, 0.5733622742, 0.6023294067]
prev_y: 0
prev_y: 0.004726439714431763
prev_y: 0.01249435544013977
prev_y: 0.022461354732513428
prev_y: 0.0414871871471405
prev_y: 0.08840465545654297
prev_y: 0.14492154121398926
prev_y: 0.1988341510295868
prev_y: 0.25982266664505005
prev_y: 0.3213094472885132
prev_y: 0.36284923553466797
prev_y: 0.39436909556388855
prev_y: 0.42418450117111206
prev_y: 0.4558890461921692
prev_y: 0
prev_y: 0.4845391511917114
prev_y: 0.5123025178909302
prev_y: 0.5391600728034973
prev_y: 0.004717320203781128
prev_y: 0.5651965141296387
prev_y: 0.012470006942749023
33390     0.627169
33391     1.535913
33392     2.917857
33393     5.380042
33394    11.180683
33395    16.174807
33396    22.302740
33397    28.510355
33398    33.872265
33399    37.995029
33400    40.960819
33401    43.870090
33402    47.123203
33403    50.044552
33404    52.869083
33405    55.603046
33406    58.250938
33407    61.041443
39061     2.028660
39062     4.013438
39065    19.536596
39066    25.568455
39067    32.052765
39068    36.285275
39069    39.373341
39070    42.383324
39071    45.713516
39072    48.704849
39073    51.589844
39074    54.376019
39075    57.069374
Name: X, dtype: float64
33390
33391
33392
33393
33394
33395
33396
33397
33398
33399
33400
33401
33402
33403
33404
33405
33406
33407
[0, 0.00627168536, 0.01535912514, 0.02917856932, 0.05380041599, 0.11180683139999999, 0.1617480659, 0.22302740100000001, 0.28510355, 0.3387226486, 0.37995029449999995, 0.4096081924, 0.4387009048, 0.4712320328, 0.5004455185, 0.528690834, 0.5560304642, 0.5825093842, 0.6104144287]
len of y_ground: 19
FPC
[0, 0.00627168536, 0.01535912514, 0.02917856932, 0.05380041599, 0.11180683139999999, 0.1617480659, 0.22302740100000001, 0.28510355, 0.3387226486, 0.37995029449999995, 0.4096081924, 0.4387009048, 0.4712320328, 0.5004455185, 0.528690834, 0.5560304642, 0.5825093842, 0.6104144287]
prev_y: 0.02236190438270569
prev_y: 0.041297078132629395
prev_y: 0.08745619654655457
prev_y: 0.14331239461898804
prev_y: 0.19693699479103088
prev_y: 0.257409930229187
prev_y: 0.3189254701137543
prev_y: 0.3603528141975403
prev_y: 0.3917205035686493
prev_y: 0.42136242985725403
prev_y: 0.4531117081642151
prev_y: 0.4818393588066101
prev_y: 0.5096681714057922
prev_y: 0.5365837812423706
prev_y: 0.5626950263977051
33300     0.543528
33301     1.356186
33302     2.557711
33303     4.575198
33304     9.621357
33305    15.103373
33306    20.498394
33307    26.544270
33308    33.035316
33309    37.176598
33310    40.158909
33311    43.086243
33312    46.360798
33313    49.302807
33314    52.149208
33315    54.905220
33316    57.576035
33317    60.467091
38971     2.025409
38972     3.998315
38975    19.338221
38976    25.340763
38977    31.807278
38978    36.035862
38979    39.124317
38980    42.135399
38981    45.467037
38982    48.460777
38983    51.349152
38984    54.139244
38985    56.837082
Name: X, dtype: float64
33300
33301
33302
33303
33304
33305
33306
33307
33308
33309
33310
33311
33312
33313
33314
33315
33316
33317
[0, 0.00543527961, 0.01356185675, 0.02557711124, 0.045751976970000004, 0.09621356964, 0.15103372569999998, 0.20498394009999998, 0.2654426956, 0.3303531647, 0.371765976, 0.4015890884, 0.4308624268, 0.4636079788, 0.4930280685, 0.5214920807, 0.5490522003, 0.5757603455, 0.6046709061]
len of y_ground: 19
FPC
[0, 0.00543527961, 0.01356185675, 0.02557711124, 0.045751976970000004, 0.09621356964, 0.15103372569999998, 0.20498394009999998, 0.2654426956, 0.3303531647, 0.371765976, 0.4015890884, 0.4308624268, 0.4636079788, 0.4930280685, 0.5214920807, 0.5490522003, 0.5757603455, 0.6046709061]
prev_y: 0
prev_y: 0.004735618829727173
prev_y: 0.012518823146820068
prev_y: 0.02256113290786743
prev_y: 0.04167813062667847
prev_y: 0.08936262130737305
prev_y: 0.14655163884162903
prev_y: 0.2007603943347931
prev_y: 0.26191017031669617
prev_y: 0.323356032371521
prev_y: 0.3650354743003845
prev_y: 0.3965946137905121
prev_y: 0.4265151023864746
prev_y: 0.4581650197505951
prev_y: 0.48671942949295044
prev_y: 0.514398992061615
prev_y: 0.5411834716796875
prev_y: 0.5671340227127075
33480     0.715075
33481     1.753300
33482     3.380307
33483     6.533431
33484    12.606651
33485    18.110371
33486    23.982710
33487    30.302004
33488    35.496487
33489    38.886726
33490    41.835896
33491    44.727448
33492    47.959572
33493    50.859642
33494    53.661911
33495    56.372982
33496    58.997246
33497    61.612911
39151     2.031729
39152     4.028282
39155    19.729744
39156    25.789556
39157    32.291306
39158    36.527508
39159    39.615082
39160    42.624306
39161    45.953175
39162    48.941998
39163    51.823925
39164    54.606083
39165    57.295177
Name: X, dtype: float64
33480
33481
33482
33483
33484
33485
33486
33487
33488
33489
33490
33491
33492
33493
33494
33495
33496
33497
[0, 0.007150750159999999, 0.01753299832, 0.033803074360000004, 0.06533431053, 0.1260665131, 0.18110370639999998, 0.23982709880000003, 0.3030200386, 0.35496486660000004, 0.3888672638, 0.4183589554, 0.44727447509999996, 0.47959571840000004, 0.5085964203000001, 0.5366191101, 0.5637298203000001, 0.5899724579, 0.6161291122]
len of y_ground: 19
FPC
[0, 0.007150750159999999, 0.01753299832, 0.033803074360000004, 0.06533431053, 0.1260665131, 0.18110370639999998, 0.23982709880000003, 0.3030200386, 0.35496486660000004, 0.3888672638, 0.4183589554, 0.44727447509999996, 0.47959571840000004, 0.5085964203000001, 0.5366191101, 0.5637298203000001, 0.5899724579, 0.6161291122]
Error in concentration in 0.0ppm is 0.007685 
Error in concentration in 125.0ppm is 0.003978 
Error in concentration in 250.0ppm is 0.001474 
Error in concentration in 375.0ppm is 0.004478 
Error in concentration in 500.0ppm is 0.007696 
Error in concentration in 625.0ppm is 0.010863 
Error in concentration in 750.0ppm is 0.014133 
Error in concentration in 875.0ppm is 0.013904 
Error in concentration in 1000.0ppm is 0.012308 
Error in concentration in 1125.0ppm is 0.007118 
Error in concentration in 1250.0ppm is 0.006662 
Error in concentration in 1375.0ppm is 0.007431 
Error in concentration in 1500.0ppm is 0.007727 
Error in concentration in 1625.0ppm is 0.007965 
Error in concentration in 1750.0ppm is 0.007715 
Error in concentration in 1875.0ppm is 0.007777 
Error in concentration in 2000.0ppm is 0.008064 
Error in concentration in 2125.0ppm is 0.008248 
Error in concentration in 2250.0ppm is 0.008250 
Error in concentration in 2375.0ppm is 0.014527 
Error in concentration in 2500.0ppm is 0.022277 
CCl4 concentration generalization takes 0.9087937871615092 min 54.52762722969055 sec.
Case3: Initial pressure...
{'Schirmeister': '../KM/2009_Schirmeister_EDC/chem_annotated_irreversible.cti', 'Choi': '../KM/2001_Choi_EDC/chem_annotated_irreversible.cti', 'CANSPEN(original)': '../KM/2009_Schirmeister_EDC/test.cti'}
cracking 0.001
{'Schirmeister': '../KM/2009_Schirmeister_EDC/chem_annotated_irreversible.cti', 'Choi': '../KM/2001_Choi_EDC/chem_annotated_irreversible.cti', 'CANSPEN(original)': '../KM/2009_Schirmeister_EDC/test.cti'}
cracking 0.001
{'Schirmeister': '../KM/2009_Schirmeister_EDC/chem_annotated_irreversible.cti', 'Choi': '../KM/2001_Choi_EDC/chem_annotated_irreversible.cti', 'CANSPEN(original)': '../KM/2009_Schirmeister_EDC/test.cti'}
cracking 0.001
{'Schirmeister': '../KM/2009_Schirmeister_EDC/chem_annotated_irreversible.cti', 'Choi': '../KM/2001_Choi_EDC/chem_annotated_irreversible.cti', 'CANSPEN(original)': '../KM/2009_Schirmeister_EDC/test.cti'}
cracking 0.001
{'Schirmeister': '../KM/2009_Schirmeister_EDC/chem_annotated_irreversible.cti', 'Choi': '../KM/2001_Choi_EDC/chem_annotated_irreversible.cti', 'CANSPEN(original)': '../KM/2009_Schirmeister_EDC/test.cti'}
cracking 0.001
cracking 0.001
cracking 0.001
cracking 0.001
cracking 0.001
cracking 0.001
cracking 0.001
cracking 0.001
cracking 0.001
cracking 0.001
cracking 0.001
prev_y: 0
prev_y: 0
prev_y: 0
prev_y: 0
prev_y: 0.005564838647842407
prev_y: 0.0044059157371521
prev_y: 0.014344066381454468
prev_y: 0.004064202308654785
prev_y: 0.011441171169281006
prev_y: 0.024224311113357544
prev_y: 0.010942667722702026
prev_y: 0.01952970027923584
prev_y: 0.005157053470611572
prev_y: 0.043172627687454224
prev_y: 0.019297122955322266
prev_y: 0.03562113642692566
prev_y: 0.08497139811515808
prev_y: 0.013324946165084839
prev_y: 0.035532206296920776
prev_y: 0.0727580189704895
prev_y: 0.13238975405693054
prev_y: 0.022693932056427002
prev_y: 0.07175925374031067
prev_y: 0.11259916424751282
prev_y: 0.04047197103500366
prev_y: 0.185869038105011
prev_y: 0.1078544557094574
prev_y: 0.15099811553955078
prev_y: 0.07929003238677979
prev_y: 0.2470010221004486
prev_y: 0.1399787962436676
prev_y: 0.20357778668403625
prev_y: 0.1251581907272339
prev_y: 0.3128473460674286
prev_y: 0.1876918077468872
prev_y: 0.2636153995990753
prev_y: 0.17484986782073975
prev_y: 0.3570575416088104
prev_y: 0.24383297562599182
prev_y: 0.3024614453315735
prev_y: 0.23587986826896667
prev_y: 0.2800571322441101
prev_y: 0.3891548812389374
prev_y: 0.3323058485984802
prev_y: 0.2987337112426758
prev_y: 0.30772820115089417
prev_y: 0.42034459114074707
prev_y: 0.3420558571815491
prev_y: 0.36196476221084595
prev_y: 0.3352445363998413
prev_y: 0.4539627134799957
prev_y: 0.3736562728881836
prev_y: 0.39422285556793213
prev_y: 0.3667908012866974
prev_y: 0.4841935634613037
prev_y: 0.4230422377586365
prev_y: 0.4037761986255646
prev_y: 0.39514997601509094
prev_y: 0.5133346319198608
prev_y: 0.43687015771865845
prev_y: 0.4510291516780853
prev_y: 0.4221060574054718
prev_y: 0.5414875149726868
prev_y: 0.4667367935180664
prev_y: 0.47786644101142883
prev_y: 0.4482867419719696
prev_y: 0.5687552094459534
prev_y: 0.5039936304092407
prev_y: 0.4735810458660126
prev_y: 0.49562856554985046
5093     57.266998
5111     57.662952
5129     58.066563
32436     0.629719
32437     1.565561
32438     2.921959
32439     5.080405
32440     9.933167
32441    15.161333
32442    20.523582
32443    26.698008
32444    33.417145
32445    37.754749
32446    40.894264
32447    43.968117
32448    47.389000
32449    50.459202
32450    53.421783
32451    56.282993
32452    59.047371
32453    62.025661
38107     2.301587
38108     4.410195
38111    19.293867
38112    25.407755
38113    32.092968
38114    36.520485
38115    39.771515
38116    42.933533
38117    46.415279
38118    49.541054
38119    52.549808
38120    55.448601
38121    58.244057
Name: X, dtype: float64
index + 17 dont exist in y_ground_df, continue
index + 17 dont exist in y_ground_df, continue
index + 17 dont exist in y_ground_df, continue
32436
32437
32438
32439
32440
32441
32442
32443
32444
32445
32446
32447
32448
32449
32450
32451
32452
32453
[0, 0.0062971907900000006, 0.01565560937, 0.02921958685, 0.05080405235, 0.09933166503999999, 0.1516133308, 0.2052358246, 0.2669800758, 0.3341714478, 0.37754749299999996, 0.4089426422, 0.43968116760000003, 0.4738899994, 0.5045920181, 0.5342178345, 0.5628299332000001, 0.5904737091, 0.6202566147]
len of y_ground: 19
FPC
[0, 0.0062971907900000006, 0.01565560937, 0.02921958685, 0.05080405235, 0.09933166503999999, 0.1516133308, 0.2052358246, 0.2669800758, 0.3341714478, 0.37754749299999996, 0.4089426422, 0.43968116760000003, 0.4738899994, 0.5045920181, 0.5342178345, 0.5628299332000001, 0.5904737091, 0.6202566147]
32364     0.454785
32365     1.130655
32366     2.114152
32367     3.696109
32368     7.284056
32369    11.155511
32370    15.298104
32371    20.355278
32372    26.109171
32373    29.918217
32374    32.715446
32375    35.482731
32376    38.594120
32377    41.417507
32378    44.170925
32379    46.858204
32380    49.483093
32381    52.345600
38035     1.672907
38036     3.230075
38039    14.516745
38040    19.502863
38041    25.189457
38042    29.052176
38043    31.931536
38044    34.761982
38045    37.910316
38046    40.768604
38047    43.548790
38048    46.255814
38049    48.894310
Name: X, dtype: float64
32364
32365
32366
32367
32368
32369
32370
32371
32372
32373
32374
32375
32376
32377
32378
32379
32380
32381
[0, 0.0045478522799999995, 0.011306548119999999, 0.021141517159999998, 0.036961092949999996, 0.0728405571, 0.111555109, 0.1529810429, 0.2035527802, 0.2610917091, 0.2991821671, 0.32715446470000004, 0.35482730869999995, 0.3859412003, 0.4141750717, 0.4417092514, 0.4685820389, 0.4948309326, 0.5234560013]
len of y_ground: 19
FPC
[0, 0.0045478522799999995, 0.011306548119999999, 0.021141517159999998, 0.036961092949999996, 0.0728405571, 0.111555109, 0.1529810429, 0.2035527802, 0.2610917091, 0.2991821671, 0.32715446470000004, 0.35482730869999995, 0.3859412003, 0.4141750717, 0.4417092514, 0.4685820389, 0.4948309326, 0.5234560013]
32382     0.498813
32383     1.239803
32384     2.316923
32385     4.044648
32386     7.952158
32387    12.175834
32388    16.656191
32389    22.041237
32390    28.088306
32391    32.065742
32392    34.977886
32393    37.851376
32394    41.073231
32395    43.990482
32396    46.828388
32397    49.592281
32398    52.285259
32399    55.213360
38053     1.830757
38054     3.527285
38057    15.755860
38058    21.066385
38059    27.050220
38060    31.089109
38061    34.089897
38062    37.032177
38063    40.296383
38064    43.252800
38065    46.121750
38066    48.908863
38067    51.619415
Name: X, dtype: float64
32382
32383
32384
32385
32386
32387
32388
32389
32390
32391
32392
32393
32394
32395
32396
32397
32398
32399
[0, 0.00498812705, 0.01239803314, 0.02316922665, 0.0404464817, 0.07952158450999999, 0.121758337, 0.16656190869999998, 0.2204123688, 0.2808830643, 0.3206574249, 0.349778862, 0.3785137558, 0.4107323074, 0.43990482329999997, 0.4682838821, 0.4959228134, 0.5228525925, 0.5521335983]
len of y_ground: 19
FPC
[0, 0.00498812705, 0.01239803314, 0.02316922665, 0.0404464817, 0.07952158450999999, 0.121758337, 0.16656190869999998, 0.2204123688, 0.2808830643, 0.3206574249, 0.349778862, 0.3785137558, 0.4107323074, 0.43990482329999997, 0.4682838821, 0.4959228134, 0.5228525925, 0.5521335983]
prev_y: 0.5235625505447388
prev_y: 0.5507973432540894
32418     0.586226
32419     1.456787
32420     2.720463
32421     4.736258
32422     9.276443
32423    14.178668
32424    19.268429
32425    25.208618
32426    31.733568
32427    35.971470
32428    39.051460
32429    42.074471
32430    45.446541
32431    48.482704
32432    51.420414
32433    54.265423
32434    57.022522
32435    60.001507
38089     2.145028
38090     4.117322
38093    18.143463
38094    24.015234
38095    30.494621
38096    34.812271
38097    37.995739
38098    41.100273
38099    44.527157
38100    47.613293
38101    50.591789
38102    53.469505
38103    56.252918
Name: X, dtype: float64
32418
32419
32420
32421
32422
32423
32424
32425
32426
32427
32428
32429
32430
32431
32432
32433
32434
32435
[0, 0.0058622616500000006, 0.014567866330000002, 0.027204632760000003, 0.0473625803, 0.09276442527999999, 0.1417866802, 0.19268428799999998, 0.2520861816, 0.3173356819, 0.3597146988, 0.3905146027, 0.42074470519999996, 0.45446540830000004, 0.48482704159999995, 0.5142041397, 0.5426542282, 0.5702252197, 0.6000150681]
len of y_ground: 19
FPC
[0, 0.0058622616500000006, 0.014567866330000002, 0.027204632760000003, 0.0473625803, 0.09276442527999999, 0.1417866802, 0.19268428799999998, 0.2520861816, 0.3173356819, 0.3597146988, 0.3905146027, 0.42074470519999996, 0.45446540830000004, 0.48482704159999995, 0.5142041397, 0.5426542282, 0.5702252197, 0.6000150681]
prev_y: 0
prev_y: 0.004776179790496826
prev_y: 0.012371659278869629
prev_y: 0.021224409341812134
prev_y: 0.037861526012420654
prev_y: 0.07557946443557739
prev_y: 0.11820065975189209
prev_y: 0.16299957036972046
prev_y: 0.2211378812789917
prev_y: 0.28189778327941895
prev_y: 0.3239785134792328
prev_y: 0.3556155562400818
prev_y: 0.38538697361946106
prev_y: 0.4180264472961426
prev_y: 0.44751638174057007
prev_y: 0.47588667273521423
prev_y: 0.5032829642295837
prev_y: 0.530107855796814
4877     53.057343
4895     53.473549
4913     53.898239
32400     0.542458
32401     1.348509
32402     2.519060
32403     4.391415
32404     8.616336
32405    13.183365
32406    17.979229
32407    23.657576
32408    29.959951
32409    34.078899
32410    37.084000
32411    40.041294
32412    43.348572
32413    46.334602
32414    49.232445
32415    52.046650
32416    54.781319
32417    57.745777
38071     1.988156
38072     3.823128
38075    16.964336
38076    22.569231
38077    28.816078
38078    33.005142
38079    36.106174
38080    39.138523
38081    42.493961
38082    45.524872
38083    48.458012
38084    51.300186
38085    54.056561
Name: X, dtype: float64
index + 17 dont exist in y_ground_df, continue
index + 17 dont exist in y_ground_df, continue
index + 17 dont exist in y_ground_df, continue
32400
32401
32402
32403
32404
32405
32406
32407
32408
32409
32410
32411
32412
32413
32414
32415
32416
32417
[0, 0.00542458355, 0.01348508835, 0.025190596580000002, 0.04391415119, 0.08616335869, 0.1318336487, 0.17979228970000002, 0.23657575609999998, 0.299599514, 0.34078899380000005, 0.37083999630000003, 0.400412941, 0.4334857178, 0.4633460236, 0.4923244476, 0.5204664993, 0.5478131866, 0.5774577713]
len of y_ground: 19
FPC
[0, 0.00542458355, 0.01348508835, 0.025190596580000002, 0.04391415119, 0.08616335869, 0.1318336487, 0.17979228970000002, 0.23657575609999998, 0.299599514, 0.34078899380000005, 0.37083999630000003, 0.400412941, 0.4334857178, 0.4633460236, 0.4923244476, 0.5204664993, 0.5478131866, 0.5774577713]
Error in 10.4atm is 0.012366 
Error in 11.4atm is 0.012376 
Error in 12.4atm is 0.012308 
Error in 13.4atm is 0.013671 
Error in 14.4atm is 0.015476 
Initial pressure generalization takes 0.34961997270584105 min 20.977198362350464 sec.
Case5: Initial T_in...
{'Schirmeister': '../KM/2009_Schirmeister_EDC/chem_annotated_irreversible.cti', 'Choi': '../KM/2001_Choi_EDC/chem_annotated_irreversible.cti', 'CANSPEN(original)': '../KM/2009_Schirmeister_EDC/test.cti'}
cracking 0.001
{'Schirmeister': '../KM/2009_Schirmeister_EDC/chem_annotated_irreversible.cti', 'Choi': '../KM/2001_Choi_EDC/chem_annotated_irreversible.cti', 'CANSPEN(original)': '../KM/2009_Schirmeister_EDC/test.cti'}
cracking 0.001
{'Schirmeister': '../KM/2009_Schirmeister_EDC/chem_annotated_irreversible.cti', 'Choi': '../KM/2001_Choi_EDC/chem_annotated_irreversible.cti', 'CANSPEN(original)': '../KM/2009_Schirmeister_EDC/test.cti'}
cracking 0.001
{'Schirmeister': '../KM/2009_Schirmeister_EDC/chem_annotated_irreversible.cti', 'Choi': '../KM/2001_Choi_EDC/chem_annotated_irreversible.cti', 'CANSPEN(original)': '../KM/2009_Schirmeister_EDC/test.cti'}
cracking 0.001
{'Schirmeister': '../KM/2009_Schirmeister_EDC/chem_annotated_irreversible.cti', 'Choi': '../KM/2001_Choi_EDC/chem_annotated_irreversible.cti', 'CANSPEN(original)': '../KM/2009_Schirmeister_EDC/test.cti'}
cracking 0.001
{'Schirmeister': '../KM/2009_Schirmeister_EDC/chem_annotated_irreversible.cti', 'Choi': '../KM/2001_Choi_EDC/chem_annotated_irreversible.cti', 'CANSPEN(original)': '../KM/2009_Schirmeister_EDC/test.cti'}
cracking 0.001
cracking 0.001
cracking 0.001
cracking 0.001
cracking 0.001
cracking 0.001
cracking 0.001
cracking 0.001
cracking 0.001
cracking 0.001
cracking 0.001
cracking 0.001
cracking 0.001
prev_y: 0
prev_y: 0.004585176706314087
prev_y: 0.012022018432617188
prev_y: 0.02190515398979187
prev_y: 0
prev_y: 0.0332525372505188
prev_y: 0.05823719501495361
prev_y: 0.09262159466743469
prev_y: 0.004776179790496826
prev_y: 0.12874600291252136
prev_y: 0.012371659278869629
prev_y: 0.021224409341812134
prev_y: 0.18371665477752686
prev_y: 0
prev_y: 0.037861526012420654
prev_y: 0.2461792230606079
prev_y: 0.07557946443557739
prev_y: 0.29114505648612976
prev_y: 0.11820065975189209
prev_y: 0.16299957036972046
prev_y: 0.3364388048648834
prev_y: 0.006373077630996704
prev_y: 0.2211378812789917
prev_y: 0.3808065354824066
prev_y: 0.012614428997039795
prev_y: 0
prev_y: 0.02516639232635498
prev_y: 0.4215331971645355
prev_y: 0.28189778327941895
prev_y: 0.045083045959472656
prev_y: 0.4515545070171356
prev_y: 0.09006282687187195
prev_y: 0.3239785134792328
prev_y: 0.12762442231178284
prev_y: 0.4805850386619568
prev_y: 0.3556155562400818
prev_y: 0.18084385991096497
prev_y: 0.006644099950790405
prev_y: 0.5087873935699463
prev_y: 0.23763534426689148
prev_y: 0.38538697361946106
prev_y: 0.017666012048721313
prev_y: 0.28929227590560913
prev_y: 0.5362921357154846
prev_y: 0.030614346265792847
prev_y: 0.3321210741996765
prev_y: 0.4180264472961426
prev_y: 0.05520567297935486
prev_y: 0.36310142278671265
30510     0.474298
30511     1.203352
30512     2.264449
30513     3.830666
30514     6.846836
30515    10.252577
30516    14.173184
30517    19.345295
30518    25.640257
30519    30.240322
30520    34.534534
30521    38.660404
30522    42.738884
30523    45.742294
30524    48.657490
30525    51.489452
30526    54.242508
30527    57.381119
Name: X, dtype: float64
30510
30511
30512
30513
30514
30515
30516
30517
30518
30519
30520
30521
30522
30523
30524
30525
30526
30527
[0, 0.00474297851, 0.012033517359999999, 0.022644486430000003, 0.03830666304, 0.06846835612999999, 0.1025257683, 0.1417318439, 0.1934529495, 0.2564025688, 0.3024032211, 0.34534534450000004, 0.38660404210000004, 0.4273888397, 0.4574229431, 0.48657489779999996, 0.5148945236, 0.5424250793000001, 0.5738111877000001]
len of y_ground: 19
FPC
[0, 0.00474297851, 0.012033517359999999, 0.022644486430000003, 0.03830666304, 0.06846835612999999, 0.1025257683, 0.1417318439, 0.1934529495, 0.2564025688, 0.3024032211, 0.34534534450000004, 0.38660404210000004, 0.4273888397, 0.4574229431, 0.48657489779999996, 0.5148945236, 0.5424250793000001, 0.5738111877000001]
prev_y: 0.44751638174057007
prev_y: 0.10059139132499695
prev_y: 0.39261317253112793
prev_y: 0.13834711909294128
prev_y: 0.47588667273521423
prev_y: 0.4252636134624481
prev_y: 0.19247812032699585
prev_y: 0.4549395740032196
prev_y: 0.5032829642295837
prev_y: 0.2534838020801544
prev_y: 0.48356133699417114
prev_y: 0.530107855796814
prev_y: 0.3043366074562073
prev_y: 0.5112728476524353
prev_y: 0.33961689472198486
prev_y: 0.5383804440498352
prev_y: 0.36987000703811646
4877     53.057343
4895     53.473549
4913     53.898239
32400     0.542458
32401     1.348509
32402     2.519060
32403     4.391415
32404     8.616336
32405    13.183365
32406    17.979229
32407    23.657576
32408    29.959951
32409    34.078899
32410    37.084000
32411    40.041294
32412    43.348572
32413    46.334602
32414    49.232445
32415    52.046650
32416    54.781319
32417    57.745777
38071     1.988156
38072     3.823128
38075    16.964336
38076    22.569231
38077    28.816078
38078    33.005142
38079    36.106174
38080    39.138523
38081    42.493961
38082    45.524872
38083    48.458012
38084    51.300186
38085    54.056561
Name: X, dtype: float64
index + 17 dont exist in y_ground_df, continue
index + 17 dont exist in y_ground_df, continue
index + 17 dont exist in y_ground_df, continue
32400
32401
32402
32403
32404
32405
32406
32407
32408
32409
32410
32411
32412
32413
32414
32415
32416
32417
[0, 0.00542458355, 0.01348508835, 0.025190596580000002, 0.04391415119, 0.08616335869, 0.1318336487, 0.17979228970000002, 0.23657575609999998, 0.299599514, 0.34078899380000005, 0.37083999630000003, 0.400412941, 0.4334857178, 0.4633460236, 0.4923244476, 0.5204664993, 0.5478131866, 0.5774577713]
len of y_ground: 19
FPC
[0, 0.00542458355, 0.01348508835, 0.025190596580000002, 0.04391415119, 0.08616335869, 0.1318336487, 0.17979228970000002, 0.23657575609999998, 0.299599514, 0.34078899380000005, 0.37083999630000003, 0.400412941, 0.4334857178, 0.4633460236, 0.4923244476, 0.5204664993, 0.5478131866, 0.5774577713]
34290     0.625022
34291     1.522511
34292     2.850919
34293     5.067071
34294     9.789055
34295    13.986291
34296    19.459461
34297    25.337235
34298    30.573709
34299    34.672466
34300    37.661659
34301    40.602127
34302    43.889729
34303    46.858032
34304    49.737183
34305    52.532883
34306    55.249313
34307    58.117283
Name: X, dtype: float64
34290
prev_y: 0.3996032178401947
34291
34292
34293
34294
34295
34296
34297
34298
34299
34300
34301
34302
34303
34304
34305
34306
34307
[0, 0.00625022292, 0.015225110049999999, 0.02850919008, 0.05067070961, 0.09789054871, 0.1398629093, 0.1945946121, 0.253372345, 0.3057370949, 0.3467246628, 0.3766165924, 0.4060212708, 0.4388972855, 0.4685803223, 0.4973718262, 0.5253288269, 0.5524931335000001, 0.5811728287]
len of y_ground: 19
FPC
[0, 0.00625022292, 0.015225110049999999, 0.02850919008, 0.05067070961, 0.09789054871, 0.1398629093, 0.1945946121, 0.253372345, 0.3057370949, 0.3467246628, 0.3766165924, 0.4060212708, 0.4388972855, 0.4685803223, 0.4973718262, 0.5253288269, 0.5524931335000001, 0.5811728287]
prev_y: 0.43236684799194336
prev_y: 0.46207380294799805
prev_y: 0.4907691478729248
prev_y: 0.5186107754707336
prev_y: 0
prev_y: 0.5458235740661621
3615           NaN
4874     46.388847
4875     48.423317
4891     44.010555
4892     46.849041
4911     49.326599
36180     0.710702
36181     1.728581
36182     3.262257
36183     5.987028
36184    10.848617
36185    15.513132
36186    20.849447
36187    26.866802
36188    31.956562
36189    35.348457
36190    38.322697
36191    41.247086
36192    44.515331
36193    47.464828
36194    50.325401
36195    53.102322
36196    55.799538
36197    58.495918
Name: X, dtype: float64
index + 17 dont exist in y_ground_df, continue
4874
4875
4876
fake18
4875
4876
fake18
index + 17 dont exist in y_ground_df, continue
index + 17 dont exist in y_ground_df, continue
index + 17 dont exist in y_ground_df, continue
36180
36181
36182
36183
36184
36185
36186
36187
36188
36189
36190
36191
36192
36193
36194
36195
36196
36197
[0, 0.00710702121, 0.01728580952, 0.03262257338, 0.05987028122000001, 0.108486166, 0.155131321, 0.2084944725, 0.2686680222, 0.31956562040000003, 0.35348457340000006, 0.3832269669, 0.4124708557, 0.44515331269999997, 0.4746482849, 0.5032540131, 0.5310232161999999, 0.5579953766, 0.5849591827]
len of y_ground: 19
FPC
[0, 0.00710702121, 0.01728580952, 0.03262257338, 0.05987028122000001, 0.108486166, 0.155131321, 0.2084944725, 0.2686680222, 0.31956562040000003, 0.35348457340000006, 0.3832269669, 0.4124708557, 0.44515331269999997, 0.4746482849, 0.5032540131, 0.5310232161999999, 0.5579953766, 0.5849591827]
prev_y: 0.009038060903549194
prev_y: 0.02093881368637085
prev_y: 0.037818342447280884
prev_y: 0.07196187973022461
prev_y: 0.11355352401733398
prev_y: 0.15745356678962708
prev_y: 0.21528401970863342
prev_y: 0.27630722522735596
prev_y: 0.31864768266677856
prev_y: 0.35042446851730347
prev_y: 0.38022035360336304
prev_y: 0.413835734128952
prev_y: 0.44418731331825256
prev_y: 0.473295122385025
prev_y: 0.5014411807060242
prev_y: 0.5288639664649963
prev_y: 0.5537003874778748
4877     53.057343
4895     53.473549
4913     53.898239
32402     2.519060
32403     4.391415
32406    17.979229
32407    23.657576
32408    29.959951
32409    34.078899
32410    37.084000
32411    40.041294
32412    43.348572
32413    46.334602
32414    49.232445
32415    52.046650
32416    54.781319
32417    57.745777
38070     0.816246
38071     1.988156
38072     3.823128
38073     7.502276
38074    12.236892
38075    16.964336
38076    22.569231
38077    28.816078
38078    33.005142
38079    36.106174
38080    39.138523
38081    42.493961
38082    45.524872
38083    48.458012
38084    51.300186
38085    54.056561
38086    56.505898
38087    58.882050
Name: X, dtype: float64
index + 17 dont exist in y_ground_df, continue
index + 17 dont exist in y_ground_df, continue
index + 17 dont exist in y_ground_df, continue
index + 17 dont exist in y_ground_df, continue
index + 17 dont exist in y_ground_df, continue
index + 17 dont exist in y_ground_df, continue
index + 17 dont exist in y_ground_df, continue
index + 17 dont exist in y_ground_df, continue
index + 17 dont exist in y_ground_df, continue
index + 17 dont exist in y_ground_df, continue
index + 17 dont exist in y_ground_df, continue
index + 17 dont exist in y_ground_df, continue
index + 17 dont exist in y_ground_df, continue
index + 17 dont exist in y_ground_df, continue
index + 17 dont exist in y_ground_df, continue
index + 17 dont exist in y_ground_df, continue
index + 17 dont exist in y_ground_df, continue
38070
38071
38072
38073
38074
38075
38076
38077
38078
38079
38080
38081
38082
38083
38084
38085
38086
38087
[0, 0.00816245914, 0.0198815608, 0.03823128462, 0.07502275944, 0.1223689175, 0.16964336399999996, 0.2256923103, 0.2881607819, 0.33005142210000005, 0.36106174469999996, 0.391385231, 0.42493961329999996, 0.4552487183, 0.48458011630000003, 0.5130018616, 0.5405656052, 0.5650589751999999, 0.5888204955999999]
len of y_ground: 19
FPC
[0, 0.00816245914, 0.0198815608, 0.03823128462, 0.07502275944, 0.1223689175, 0.16964336399999996, 0.2256923103, 0.2881607819, 0.33005142210000005, 0.36106174469999996, 0.391385231, 0.42493961329999996, 0.4552487183, 0.48458011630000003, 0.5130018616, 0.5405656052, 0.5650589751999999, 0.5888204955999999]
prev_y: 0
prev_y: 0.0043464601039886475
prev_y: 0.009737133979797363
prev_y: 0.019076794385910034
prev_y: 0.02873694896697998
prev_y: 0.047642141580581665
prev_y: 0.07381358742713928
prev_y: 0.11099293828010559
prev_y: 0.15355467796325684
prev_y: 0.19818544387817383
prev_y: 0.24537962675094604
prev_y: 0.3013925552368164
prev_y: 0.36311814188957214
prev_y: 0.4073730707168579
prev_y: 0.4382820725440979
prev_y: 0.46766266226768494
prev_y: 0.49625974893569946
prev_y: 0.524064302444458
28620     0.413293
28621     1.061914
28622     2.017482
28623     3.435916
28624     5.440827
28625     8.261160
28626    12.204152
28627    16.850574
28628    21.467978
28629    26.212378
28630    31.545210
28631    37.437271
28632    41.827908
28633    44.844757
28634    47.775604
28635    50.624786
28636    53.397049
28637    57.023300
Name: X, dtype: float64
28620
28621
28622
28623
28624
28625
28626
28627
28628
28629
28630
28631
28632
28633
28634
28635
28636
28637
[0, 0.00413293242, 0.01061913967, 0.02017482281, 0.03435915709, 0.0544082737, 0.08261159897, 0.12204152110000001, 0.1685057449, 0.2146797752, 0.2621237755, 0.3154520988, 0.3743727112, 0.4182790756, 0.44844757080000003, 0.47775604250000003, 0.5062478638000001, 0.5339704895, 0.5702330017]
len of y_ground: 19
FPC
[0, 0.00413293242, 0.01061913967, 0.02017482281, 0.03435915709, 0.0544082737, 0.08261159897, 0.12204152110000001, 0.1685057449, 0.2146797752, 0.2621237755, 0.3154520988, 0.3743727112, 0.4182790756, 0.44844757080000003, 0.47775604250000003, 0.5062478638000001, 0.5339704895, 0.5702330017]
Error in 300C is 0.008904 
Error in 310C is 0.006378 
Error in 320C is 0.012308 
Error in 330C is 0.010668 
Error in 340C is 0.010164 
Error in 350C is 0.008464 
Initial temperature generalization takes 0.36364855368932086 min 21.818913221359253 sec.
Starting prediction...
{'Schirmeister': '../KM/2009_Schirmeister_EDC/chem_annotated_irreversible.cti', 'CANSPEN': '../KM/2009_Schirmeister_EDC/test3.cti', 'CANSPEN(original)': '../KM/2009_Schirmeister_EDC/test.cti'}
cracking 0.001
cracking 0.001
cracking 0.001
prev_y: 0
prev_y: 0.006644099950790405
prev_y: 0.017666012048721313
prev_y: 0.030614346265792847
prev_y: 0.05520567297935486
prev_y: 0.10059139132499695
prev_y: 0.13834711909294128
prev_y: 0.19247812032699585
prev_y: 0.2534838020801544
prev_y: 0.3043366074562073
prev_y: 0.33961689472198486
prev_y: 0.36987000703811646
prev_y: 0.3996032178401947
prev_y: 0.43236684799194336
prev_y: 0.46207380294799805
prev_y: 0.4907691478729248
prev_y: 0.5186107754707336
prev_y: 0.5458235740661621
ML cracking rates
{'cracking_rates': [0, 0.006644099950790405, 0.017666012048721313, 0.030614346265792847, 0.05520567297935486, 0.10059139132499695, 0.13834711909294128, 0.19247812032699585, 0.2534838020801544, 0.3043366074562073, 0.33961689472198486, 0.36987000703811646, 0.3996032178401947, 0.43236684799194336, 0.46207380294799805, 0.4907691478729248, 0.5186107754707336, 0.5458235740661621, 0.5729993581771851]}
3615           NaN
4874     46.388847
4875     48.423317
4891     44.010555
4892     46.849041
4911     49.326599
36180     0.710702
36181     1.728581
36182     3.262257
36183     5.987028
36184    10.848617
36185    15.513132
36186    20.849447
36187    26.866802
36188    31.956562
36189    35.348457
36190    38.322697
36191    41.247086
36192    44.515331
36193    47.464828
36194    50.325401
36195    53.102322
36196    55.799538
36197    58.495918
Name: X, dtype: float64
index + 17 dont exist in y_ground_df, continue
4874
4875
4876
fake18
4875
4876
fake18
index + 17 dont exist in y_ground_df, continue
index + 17 dont exist in y_ground_df, continue
index + 17 dont exist in y_ground_df, continue
36180
36181
36182
36183
36184
36185
36186
36187
36188
36189
36190
36191
36192
36193
36194
36195
36196
36197
[0, 0.00710702121, 0.01728580952, 0.03262257338, 0.05987028122000001, 0.108486166, 0.155131321, 0.2084944725, 0.2686680222, 0.31956562040000003, 0.35348457340000006, 0.3832269669, 0.4124708557, 0.44515331269999997, 0.4746482849, 0.5032540131, 0.5310232161999999, 0.5579953766, 0.5849591827]
len of y_ground: 19
FPC
[0, 0.00710702121, 0.01728580952, 0.03262257338, 0.05987028122000001, 0.108486166, 0.155131321, 0.2084944725, 0.2686680222, 0.31956562040000003, 0.35348457340000006, 0.3832269669, 0.4124708557, 0.44515331269999997, 0.4746482849, 0.5032540131, 0.5310232161999999, 0.5579953766, 0.5849591827]
