training_data_FPC_V4_3m_irrev.csv
            Experiment name: 0323_FPC_modelV3
            Training Data: training_data_FPC_V4_3m_irrev.csv
            Do k-fold: False
            Folds num: 10
            Learning rate: 0.001
            Batch size: 18
            Epoch: 10000
            CSTR num: 100
            Training vebose: 0
            #Genearalization test
            mass flow rates = True
            CCl4 = True
            inital pressure = True
            number of tubes = False
            T_in = True
            ncpus = 8
            training = False
            prediction only = False
                
Loading data...
Generalization test...
Case1: Mass flow rate...
cracking 0.001
cracking 0.001
cracking 0.001
cracking 0.001
cracking 0.001
cracking 0.001
loss in 0.001: 0.06437416613526219 
1000.0
12.4
27
[320, 348, 374.7, 399.3, 424, 451.3, 460.7, 466, 471.3, 476.7, 478.7, 479.3, 480, 481.3, 482.3, 483.3, 484.3, 485.3]
[348, 374.7, 399.3, 424, 451.3, 460.7, 466, 471.3, 476.7, 478.7, 479.3, 480, 481.3, 482.3, 483.3, 484.3, 485.3, 486.7]
4536      0.724143
4537      1.803454
4538      3.377409
4539      5.920120
4540     11.801787
4541     17.967903
4542     23.894844
4543     30.400738
4544     37.291317
4545     41.702919
4546     44.896271
4547     48.012245
4548     51.455254
4549     54.539902
4550     57.506420
4551     60.361488
4552     63.110199
4553     66.047676
10207     2.654113
10208     5.118789
10211    22.382277
10212    28.868383
10213    35.764668
10214    40.286350
10215    43.602276
10216    46.816563
10217    50.331848
10218    53.481255
10219    56.501766
10220    59.402229
10221    62.189110
Name: X, dtype: float64
19
loss in 0.001: 0.05881626890720481 
1000.0
12.4
32
[320, 348, 374.7, 399.3, 424, 451.3, 460.7, 466, 471.3, 476.7, 478.7, 479.3, 480, 481.3, 482.3, 483.3, 484.3, 485.3]
[348, 374.7, 399.3, 424, 451.3, 460.7, 466, 471.3, 476.7, 478.7, 479.3, 480, 481.3, 482.3, 483.3, 484.3, 485.3, 486.7]
loss in 0.001: 0.05658292356090947 
15876     0.610756
15877     1.518815
15878     2.840815
15879     4.962894
15880     9.806705
15881    15.008576
15882    20.294807
15883    26.347033
15884    32.918468
15885    37.175453
15886    40.272453
15887    43.309750
15888    46.690166
15889    49.733852
15890    52.677071
15891    55.525879
15892    58.284916
15893    61.258751
21547     2.238101
21548     4.309210
21551    19.078014
21552    25.072390
21553    31.610193
21554    35.952656
21555    39.155643
21556    42.277164
21557    45.714828
21558    48.810452
21559    51.796638
21560    54.679977
21561    57.466980
Name: X, dtype: float64
19
1000.0
12.4
36
[320, 348, 374.7, 399.3, 424, 451.3, 460.7, 466, 471.3, 476.7, 478.7, 479.3, 480, 481.3, 482.3, 483.3, 484.3, 485.3]
[348, 374.7, 399.3, 424, 451.3, 460.7, 466, 471.3, 476.7, 478.7, 479.3, 480, 481.3, 482.3, 483.3, 484.3, 485.3, 486.7]
27216     0.542458
27217     1.348509
27218     2.519060
27219     4.391415
27220     8.616336
27221    13.183365
27222    17.979229
27223    23.657576
27224    29.959951
27225    34.078899
27226    37.084000
27227    40.041294
27228    43.348572
27229    46.334602
27230    49.232445
27231    52.046650
27232    54.781319
27233    57.745777
32887     1.988156
32888     3.823128
32891    16.964336
32892    22.569231
32893    28.816078
32894    33.005142
32895    36.106174
32896    39.138523
32897    42.493961
32898    45.524872
32899    48.458012
32900    51.300186
32901    54.056561
Name: X, dtype: float64
19
Error in 27 mass flow rate is 0.006779 
Error in 32 mass flow rate is 0.006661 
Error in 36 mass flow rate is 0.007582 
Mass flow rate generalization takes 0.2902500510215759 min 17.415003061294556 sec.
Case2: CCl4 concentration...
cracking 0.000625
cracking 0.000375
cracking 0.000875
cracking 0.00025
cracking 0.0005
cracking 0.00075
cracking 0.000125
cracking 0.0
cracking 0.0
cracking 0.000125
cracking 0.000625
cracking 0.000375
cracking 0.00025
cracking 0.0005
cracking 0.00075
cracking 0.000875
loss in 0.0: 0.23204602790616655 
0.0
12.4
36
[320, 348, 374.7, 399.3, 424, 451.3, 460.7, 466, 471.3, 476.7, 478.7, 479.3, 480, 481.3, 482.3, 483.3, 484.3, 485.3]
[348, 374.7, 399.3, 424, 451.3, 460.7, 466, 471.3, 476.7, 478.7, 479.3, 480, 481.3, 482.3, 483.3, 484.3, 485.3, 486.7]
26496     0.541702
26497     1.337990
26498     2.467171
26499     4.165375
26500     7.507545
26501    11.026672
26502    14.946434
26503    20.012291
26504    26.076492
26505    30.217064
26506    33.291397
26507    36.324223
26508    39.711197
26509    42.783905
26510    45.770622
26511    48.677361
26512    51.508545
26513    54.577679
32167     1.938072
32168     3.604752
32171    14.107353
32172    19.077141
32173    25.040344
32174    29.226753
32175    32.383583
32176    35.480537
32177    38.904716
32178    42.012615
32179    45.027523
32180    47.955437
32181    50.801556
Name: X, dtype: float64
19
cracking 0.001
loss in 0.000125: 0.10239331488148148 
125.0
12.4
36
[320, 348, 374.7, 399.3, 424, 451.3, 460.7, 466, 471.3, 476.7, 478.7, 479.3, 480, 481.3, 482.3, 483.3, 484.3, 485.3]
[348, 374.7, 399.3, 424, 451.3, 460.7, 466, 471.3, 476.7, 478.7, 479.3, 480, 481.3, 482.3, 483.3, 484.3, 485.3, 486.7]
26586     0.541053
26587     1.340141
26588     2.476842
26589     4.203300
26590     7.679679
26591    11.356103
26592    15.419874
26593    20.596409
26594    26.698132
26595    30.829142
26596    33.887325
26597    36.903980
26598    40.273952
26599    43.329025
26600    46.298855
26601    49.188999
26602    52.002823
26603    55.054344
32257     1.947242
32258     3.642408
32261    14.554661
32262    19.636328
32263    25.644800
32264    29.825911
32265    32.968884
32266    36.051121
32267    39.459869
32268    42.552090
32269    45.551327
32270    48.463448
32271    51.293407
Name: X, dtype: float64
19
cracking 0.001125
loss in 0.000375: 0.042742817077169114 
375.0
12.4
36
[320, 348, 374.7, 399.3, 424, 451.3, 460.7, 466, 471.3, 476.7, 478.7, 479.3, 480, 481.3, 482.3, 483.3, 484.3, 485.3]
[348, 374.7, 399.3, 424, 451.3, 460.7, 466, 471.3, 476.7, 478.7, 479.3, 480, 481.3, 482.3, 483.3, 484.3, 485.3, 486.7]
26766     0.541325
26767     1.342926
26768     2.491726
26769     4.266912
26770     7.984195
26771    11.946932
26772    16.263231
26773    21.622541
26774    27.791443
26775    31.912319
26776    34.947720
26777    37.939823
26778    41.284466
26779    44.312798
26780    47.255867
26781    50.118141
26782    52.903507
26783    55.924343
32437     1.961841
32438     3.704316
32441    15.349513
32442    20.619343
32443    26.707998
32444    30.885918
32445    34.010067
32446    37.070984
32447    40.457230
32448    43.525303
32449    46.499355
32450    49.385841
32451    52.189384
Name: X, dtype: float64
19
loss in 0.00025: 0.06282836915244543 
250.0
12.4
36
[320, 348, 374.7, 399.3, 424, 451.3, 460.7, 466, 471.3, 476.7, 478.7, 479.3, 480, 481.3, 482.3, 483.3, 484.3, 485.3]
[348, 374.7, 399.3, 424, 451.3, 460.7, 466, 471.3, 476.7, 478.7, 479.3, 480, 481.3, 482.3, 483.3, 484.3, 485.3, 486.7]
26676     0.541349
26677     1.341674
26678     2.484447
26679     4.237044
26680     7.837187
26681    11.660980
26682    15.856541
26683    21.130030
26684    27.266428
26685    31.391476
26686    34.436951
26687    37.439999
26688    40.796062
26689    43.836716
26690    46.792538
26691    49.667618
26692    52.466686
26693    55.502041
32347     1.955185
32348     3.674968
32351    14.966463
32352    20.147499
32353    26.197657
32354    30.376007
32355    33.508472
32356    36.579025
32357    39.975403
32358    43.054581
32359    46.040283
32360    48.938595
32361    51.754738
Name: X, dtype: float64
19
cracking 0.00125
cracking 0.001375
loss in 0.0005: 0.04061547284995424 
500.0
12.4
36
[320, 348, 374.7, 399.3, 424, 451.3, 460.7, 466, 471.3, 476.7, 478.7, 479.3, 480, 481.3, 482.3, 483.3, 484.3, 485.3]
[348, 374.7, 399.3, 424, 451.3, 460.7, 466, 471.3, 476.7, 478.7, 479.3, 480, 481.3, 482.3, 483.3, 484.3, 485.3, 486.7]
26856     0.541882
26857     1.344231
26858     2.497915
26859     4.295200
26860     8.122637
26861    12.217281
26862    16.644733
26863    22.081114
26864    28.279892
26865    32.398544
26866    35.425644
26867    38.408493
26868    41.742748
26869    44.761127
26870    47.692856
26871    50.543480
26872    53.317299
26873    56.324795
32527     1.967979
32528     3.731189
32531    15.708635
32532    21.058371
32533    27.182899
32534    31.361494
32535    34.478882
32536    37.532063
32537    40.909870
32538    43.968147
32539    46.932514
32540    49.808250
32541    52.600548
Name: X, dtype: float64
19
loss in 0.000625: 0.04370152809500699 
625.0
12.4
36
[320, 348, 374.7, 399.3, 424, 451.3, 460.7, 466, 471.3, 476.7, 478.7, 479.3, 480, 481.3, 482.3, 483.3, 484.3, 485.3]
[348, 374.7, 399.3, 424, 451.3, 460.7, 466, 471.3, 476.7, 478.7, 479.3, 480, 481.3, 482.3, 483.3, 484.3, 485.3, 486.7]
26946     0.541728
26947     1.345468
26948     2.503976
26949     4.321380
26950     8.253869
26951    12.474607
26952    17.004583
26953    22.510054
26954    28.737150
26955    32.854691
26956    35.874935
26957    38.849796
26958    42.176178
26959    45.184940
26960    48.106636
26961    50.946999
26962    53.709663
26963    56.705158
32617     1.973470
32618     3.756246
32621    16.047337
32622    21.469456
32623    27.627365
32624    31.807812
32625    34.919773
32626    37.966515
32627    41.337311
32628    44.387512
32629    47.342590
32630    50.208595
32631    52.990883
Name: X, dtype: float64
19
cracking 0.0015
cracking 0.001625
loss in 0.000875: 0.052584101421300766 
875.0
12.4
36
[320, 348, 374.7, 399.3, 424, 451.3, 460.7, 466, 471.3, 476.7, 478.7, 479.3, 480, 481.3, 482.3, 483.3, 484.3, 485.3]
[348, 374.7, 399.3, 424, 451.3, 460.7, 466, 471.3, 476.7, 478.7, 479.3, 480, 481.3, 482.3, 483.3, 484.3, 485.3, 486.7]
27126     0.541825
27127     1.347661
27128     2.514255
27129     4.369035
27130     8.499916
27131    12.956445
27132    17.669851
27133    23.295486
27134    29.574274
27135    33.692043
27136    36.701366
27137    39.663750
27138    42.976536
27139    45.969486
27140    48.874496
27141    51.696651
27142    54.439999
27143    57.414059
32797     1.983494
32798     3.801911
32801    16.673145
32802    22.222090
32803    28.441011
32804    32.626896
32805    35.730701
32806    38.766991
32807    42.126820
32808    45.189877
32809    48.103359
32810    50.952766
32811    53.717201
Name: X, dtype: float64
19
loss in 0.00075: 0.04781006906125007 
750.0
12.4
36
[320, 348, 374.7, 399.3, 424, 451.3, 460.7, 466, 471.3, 476.7, 478.7, 479.3, 480, 481.3, 482.3, 483.3, 484.3, 485.3]
[348, 374.7, 399.3, 424, 451.3, 460.7, 466, 471.3, 476.7, 478.7, 479.3, 480, 481.3, 482.3, 483.3, 484.3, 485.3, 486.7]
27036     0.542414
27037     1.346515
27038     2.509336
27039     4.345644
27040     8.379178
27041    12.720531
27042    17.345581
27043    22.913807
27044    29.167658
27045    33.284927
27046    36.299171
27047    39.267300
27048    42.586494
27049    45.586723
27050    48.499870
27051    51.330868
27052    54.083344
27053    57.067833
32707     1.978695
32708     3.779629
32711    16.368149
32712    21.856274
32713    28.045601
32714    32.228561
32715    35.336056
32716    38.377071
32717    41.742035
32718    44.785194
32719    47.732018
32720    50.589596
32721    53.362576
Name: X, dtype: float64
19
cracking 0.00175
cracking 0.001875
cracking 0.001
cracking 0.001125
cracking 0.00125
cracking 0.001375
cracking 0.001625
cracking 0.0015
cracking 0.00175
cracking 0.001875
loss in 0.001: 0.05658292356090947 
1000.0
12.4
36
[320, 348, 374.7, 399.3, 424, 451.3, 460.7, 466, 471.3, 476.7, 478.7, 479.3, 480, 481.3, 482.3, 483.3, 484.3, 485.3]
[348, 374.7, 399.3, 424, 451.3, 460.7, 466, 471.3, 476.7, 478.7, 479.3, 480, 481.3, 482.3, 483.3, 484.3, 485.3, 486.7]
27216     0.542458
27217     1.348509
27218     2.519060
27219     4.391415
27220     8.616336
27221    13.183365
27222    17.979229
27223    23.657576
27224    29.959951
27225    34.078899
27226    37.084000
27227    40.041294
27228    43.348572
27229    46.334602
27230    49.232445
27231    52.046650
27232    54.781319
27233    57.745777
32887     1.988156
32888     3.823128
32891    16.964336
32892    22.569231
32893    28.816078
32894    33.005142
32895    36.106174
32896    39.138523
32897    42.493961
32898    45.524872
32899    48.458012
32900    51.300186
32901    54.056561
Name: X, dtype: float64
19
cracking 0.002
loss in 0.00125: 0.06469058074234046 
1250.0
12.4
36
[320, 348, 374.7, 399.3, 424, 451.3, 460.7, 466, 471.3, 476.7, 478.7, 479.3, 480, 481.3, 482.3, 483.3, 484.3, 485.3]
[348, 374.7, 399.3, 424, 451.3, 460.7, 466, 471.3, 476.7, 478.7, 479.3, 480, 481.3, 482.3, 483.3, 484.3, 485.3, 486.7]
27396     0.542472
27397     1.350076
27398     2.527795
27399     4.432566
27400     8.837959
27401    13.613895
27402    18.559248
27403    24.331181
27404    30.677729
27405    34.800129
27406    37.797985
27407    40.746830
27408    44.044872
27409    47.019554
27410    49.903885
27411    52.703873
27412    55.423183
27413    58.369591
33067     1.996713
33068     3.862861
33071    17.510315
33072    23.215191
33073    29.513828
33074    33.710419
33075    36.806835
33076    39.832638
33077    43.180828
33078    46.201775
33079    49.123581
33080    51.952835
33081    54.694805
Name: X, dtype: float64
19
loss in 0.001125: 0.060583609769033424 
1125.0
12.4
36
[320, 348, 374.7, 399.3, 424, 451.3, 460.7, 466, 471.3, 476.7, 478.7, 479.3, 480, 481.3, 482.3, 483.3, 484.3, 485.3]
[348, 374.7, 399.3, 424, 451.3, 460.7, 466, 471.3, 476.7, 478.7, 479.3, 480, 481.3, 482.3, 483.3, 484.3, 485.3, 486.7]
27306     0.542610
27307     1.349266
27308     2.523576
27309     4.412122
27310     8.728655
27311    13.402409
27312    18.275398
27313    24.002178
27314    30.327028
27315    34.447632
27316    37.448933
27317    40.401661
27318    43.704071
27319    46.684307
27320    49.575214
27321    52.381802
27322    55.108685
27323    58.063862
32977     1.992446
32978     3.843329
32981    17.243002
32982    22.899742
32983    29.173098
32984    33.365719
32985    36.464256
32986    39.493118
32987    42.844631
32988    45.870312
32989    48.797527
32990    51.633106
32991    54.382198
Name: X, dtype: float64
19
cracking 0.002125
loss in 0.001375: 0.06838515111730827 
1375.0
12.4
36
[320, 348, 374.7, 399.3, 424, 451.3, 460.7, 466, 471.3, 476.7, 478.7, 479.3, 480, 481.3, 482.3, 483.3, 484.3, 485.3]
[348, 374.7, 399.3, 424, 451.3, 460.7, 466, 471.3, 476.7, 478.7, 479.3, 480, 481.3, 482.3, 483.3, 484.3, 485.3, 486.7]
27486     0.542807
27487     1.351246
27488     2.532054
27489     4.452388
27490     8.943993
27491    13.818852
27492    18.832161
27493    24.646019
27494    31.013302
27495    35.137512
27496    38.132671
27497    41.077824
27498    44.371891
27499    47.341526
27500    50.220081
27501    53.013393
27502    55.725685
27503    58.664047
33157     2.000722
33158     3.881589
33161    17.767252
33162    23.517315
33163    29.840088
33164    34.040627
33165    37.135242
33166    40.158489
33167    43.503643
33168    46.520302
33169    49.436935
33170    52.259995
33171    54.995678
Name: X, dtype: float64
19
cracking 0.00225
cracking 0.002375
loss in 0.001625: 0.07468604671164018 
1625.0
12.4
36
[320, 348, 374.7, 399.3, 424, 451.3, 460.7, 466, 471.3, 476.7, 478.7, 479.3, 480, 481.3, 482.3, 483.3, 484.3, 485.3]
[348, 374.7, 399.3, 424, 451.3, 460.7, 466, 471.3, 476.7, 478.7, 479.3, 480, 481.3, 482.3, 483.3, 484.3, 485.3, 486.7]
27666     0.543104
27667     1.352754
27668     2.540131
27669     4.489710
27670     9.148190
27671    14.210928
27672    19.348587
27673    25.238491
27674    31.644516
27675    35.772999
27676    38.763474
27677    41.702236
27678    44.989590
27679    47.950134
27680    50.818348
27681    53.599792
27682    56.298611
27683    59.221794
33337     2.008337
33338     3.917323
33341    18.253675
33342    24.086052
33343    30.453899
33344    34.662251
33345    37.754295
33346    40.773239
33347    44.113411
33348    47.122414
33349    50.029663
33350    52.842213
33351    55.566029
Name: X, dtype: float64
19
cracking 0.0025
loss in 0.0015: 0.0716884575686768 
1500.0
12.4
36
[320, 348, 374.7, 399.3, 424, 451.3, 460.7, 466, 471.3, 476.7, 478.7, 479.3, 480, 481.3, 482.3, 483.3, 484.3, 485.3]
[348, 374.7, 399.3, 424, 451.3, 460.7, 466, 471.3, 476.7, 478.7, 479.3, 480, 481.3, 482.3, 483.3, 484.3, 485.3, 486.7]
27576     0.542676
27577     1.351919
27578     2.536466
27579     4.471398
27580     9.047612
27581    14.017790
27582    19.095016
27583    24.948162
27584    31.335169
27585    35.461308
27586    38.454155
27587    41.396130
27588    44.686485
27589    47.651424
27590    50.524719
27591    53.311901
27592    56.017242
27593    58.947922
33247     2.004540
33248     3.899724
33251    18.014812
33252    23.807268
33253    30.153074
33254    34.357578
33255    37.450680
33256    40.471684
33257    43.814156
33258    46.826836
33259    49.738602
33260    52.556316
33261    55.285847
Name: X, dtype: float64
19
loss in 0.001875: 0.08034869876380474 
loss in 0.00175: 0.07748097162872714 
1875.0
12.4
36
[320, 348, 374.7, 399.3, 424, 451.3, 460.7, 466, 471.3, 476.7, 478.7, 479.3, 480, 481.3, 482.3, 483.3, 484.3, 485.3]
[348, 374.7, 399.3, 424, 451.3, 460.7, 466, 471.3, 476.7, 478.7, 479.3, 480, 481.3, 482.3, 483.3, 484.3, 485.3, 486.7]
27846     0.543392
27847     1.353964
27848     2.547776
27849     4.525368
27850     9.343522
27851    14.581598
27852    19.830307
27853    25.787788
27854    32.229309
27855    36.363182
27856    39.349762
27857    42.283451
27858    45.564930
27859    48.517471
27860    51.376205
27861    54.146992
27862    56.833817
27863    59.743198
33517     1.744130
33518     3.336127
33521    17.143639
33522    22.835997
33523    29.049589
33524    34.203415
33525    37.591595
33526    40.547531
33527    43.448956
33528    46.692268
33529    49.608681
33530    52.431084
33531    55.165054
Name: X, dtype: float64
19
1750.0
12.4
36
[320, 348, 374.7, 399.3, 424, 451.3, 460.7, 466, 471.3, 476.7, 478.7, 479.3, 480, 481.3, 482.3, 483.3, 484.3, 485.3]
[348, 374.7, 399.3, 424, 451.3, 460.7, 466, 471.3, 476.7, 478.7, 479.3, 480, 481.3, 482.3, 483.3, 484.3, 485.3, 486.7]
27756     0.543240
27757     1.353550
27758     2.543712
27759     4.507874
27760     9.246910
27761    14.398619
27762    19.593386
27763    25.518168
27764    31.941961
27765    36.073360
27766    39.061821
27767    41.997856
27768    45.282249
27769    48.238506
27770    51.101791
27771    53.877739
27772    56.570747
27773    59.487003
33427     2.011913
33428     3.934414
33431    18.484421
33432    24.354527
33433    30.743607
33434    34.956093
33435    38.047081
33436    41.063995
33437    44.402119
33438    47.407864
33439    50.310738
33440    53.118423
33441    55.836315
Name: X, dtype: float64
19
cracking 0.002
cracking 0.002125
cracking 0.00225
cracking 0.002375
cracking 0.0025
loss in 0.002: 0.08312430564660618 
2000.0
12.4
36
[320, 348, 374.7, 399.3, 424, 451.3, 460.7, 466, 471.3, 476.7, 478.7, 479.3, 480, 481.3, 482.3, 483.3, 484.3, 485.3]
[348, 374.7, 399.3, 424, 451.3, 460.7, 466, 471.3, 476.7, 478.7, 479.3, 480, 481.3, 482.3, 483.3, 484.3, 485.3, 486.7]
27936     0.543270
27937     1.354699
27938     2.551046
27939     4.542449
27940     9.437722
27941    14.759844
27942    20.059813
27943    26.048229
27944    32.506779
27945    36.643238
27946    39.628147
27947    42.559517
27948    45.838524
27949    48.787399
27950    51.641895
27951    54.407429
27952    57.088913
27953    59.992123
33607     2.018900
33608     3.967109
33611    18.924217
33612    24.863777
33613    31.293041
33614    35.513557
33615    38.603218
33616    41.616764
33617    44.951412
33618    47.950775
33619    50.845932
33620    53.644531
33621    56.352123
Name: X, dtype: float64
19
loss in 0.002125: 0.08566112763464724 
2125.0
12.4
36
[320, 348, 374.7, 399.3, 424, 451.3, 460.7, 466, 471.3, 476.7, 478.7, 479.3, 480, 481.3, 482.3, 483.3, 484.3, 485.3]
[348, 374.7, 399.3, 424, 451.3, 460.7, 466, 471.3, 476.7, 478.7, 479.3, 480, 481.3, 482.3, 483.3, 484.3, 485.3, 486.7]
28026     0.543575
28027     1.355534
28028     2.554432
28029     4.558943
28030     9.530605
28031    14.933734
28032    20.282272
28033    26.300188
28034    32.775318
28035    36.914417
28036    39.897678
28037    42.826954
28038    46.103859
28039    49.049004
28040    51.899342
28041    54.660053
28042    57.336227
28043    60.232941
33697     2.022188
33698     3.983020
33701    19.134233
33702    25.106014
33703    31.554218
33704    35.778847
33705    38.868099
33706    41.880196
33707    45.213154
33708    48.209831
33709    51.101192
33710    53.895512
33711    56.598236
Name: X, dtype: float64
19
loss in 0.00225: 0.08790161620338444 
2250.0
12.4
36
[320, 348, 374.7, 399.3, 424, 451.3, 460.7, 466, 471.3, 476.7, 478.7, 479.3, 480, 481.3, 482.3, 483.3, 484.3, 485.3]
[348, 374.7, 399.3, 424, 451.3, 460.7, 466, 471.3, 476.7, 478.7, 479.3, 480, 481.3, 482.3, 483.3, 484.3, 485.3, 486.7]
28116     0.543528
28117     1.356186
28118     2.557711
28119     4.575198
28120     9.621357
28121    15.103373
28122    20.498394
28123    26.544270
28124    33.035316
28125    37.176598
28126    40.158909
28127    43.086243
28128    46.360798
28129    49.302807
28130    52.149208
28131    54.905220
28132    57.576035
28133    60.467091
33787     2.025409
33788     3.998315
33791    19.338221
33792    25.340763
33793    31.807278
33794    36.035862
33795    39.124317
33796    42.135399
33797    45.467037
33798    48.460777
33799    51.349152
33800    54.139244
33801    56.837082
Name: X, dtype: float64
19
loss in 0.002375: 0.08999085013780322 
2375.0
12.4
36
[320, 348, 374.7, 399.3, 424, 451.3, 460.7, 466, 471.3, 476.7, 478.7, 479.3, 480, 481.3, 482.3, 483.3, 484.3, 485.3]
[348, 374.7, 399.3, 424, 451.3, 460.7, 466, 471.3, 476.7, 478.7, 479.3, 480, 481.3, 482.3, 483.3, 484.3, 485.3, 486.7]
28206     0.627169
28207     1.535913
28208     2.917857
28209     5.380042
28210    11.180683
28211    16.174807
28212    22.302740
28213    28.510355
28214    33.872265
28215    37.995029
28216    40.960819
28217    43.870090
28218    47.123203
28219    50.044552
28220    52.869083
28221    55.603046
28222    58.250938
28223    61.041443
33877     2.028660
33878     4.013438
33881    19.536596
33882    25.568455
33883    32.052765
33884    36.285275
33885    39.373341
33886    42.383324
33887    45.713516
33888    48.704849
33889    51.589844
33890    54.376019
33891    57.069374
Name: X, dtype: float64
19
loss in 0.0025: 0.09196903281042439 
2500.0
12.4
36
[320, 348, 374.7, 399.3, 424, 451.3, 460.7, 466, 471.3, 476.7, 478.7, 479.3, 480, 481.3, 482.3, 483.3, 484.3, 485.3]
[348, 374.7, 399.3, 424, 451.3, 460.7, 466, 471.3, 476.7, 478.7, 479.3, 480, 481.3, 482.3, 483.3, 484.3, 485.3, 486.7]
28296     0.715075
28297     1.753300
28298     3.380307
28299     6.533431
28300    12.606651
28301    18.110371
28302    23.982710
28303    30.302004
28304    35.496487
28305    38.886726
28306    41.835896
28307    44.727448
28308    47.959572
28309    50.859642
28310    53.661911
28311    56.372982
28312    58.997246
28313    61.612911
33967     2.031729
33968     4.028282
33971    19.729744
33972    25.789556
33973    32.291306
33974    36.527508
33975    39.615082
33976    42.624306
33977    45.953175
33978    48.941998
33979    51.823925
33980    54.606083
33981    57.295177
Name: X, dtype: float64
19
Error in concentration in 0.0ppm is 0.001442 
Error in concentration in 125.0ppm is 0.002431 
Error in concentration in 250.0ppm is 0.003899 
Error in concentration in 375.0ppm is 0.004661 
Error in concentration in 500.0ppm is 0.005030 
Error in concentration in 625.0ppm is 0.005647 
Error in concentration in 750.0ppm is 0.006282 
Error in concentration in 875.0ppm is 0.006920 
Error in concentration in 1000.0ppm is 0.007582 
Error in concentration in 1125.0ppm is 0.008209 
Error in concentration in 1250.0ppm is 0.008909 
Error in concentration in 1375.0ppm is 0.009613 
Error in concentration in 1500.0ppm is 0.010259 
Error in concentration in 1625.0ppm is 0.010838 
Error in concentration in 1750.0ppm is 0.011428 
Error in concentration in 1875.0ppm is 0.012012 
Error in concentration in 2000.0ppm is 0.012658 
Error in concentration in 2125.0ppm is 0.013290 
Error in concentration in 2250.0ppm is 0.013862 
Error in concentration in 2375.0ppm is 0.020876 
Error in concentration in 2500.0ppm is 0.029179 
CCl4 concentration generalization takes 0.7902583956718445 min 47.41550374031067 sec.
Case3: Initial pressure...
cracking 0.001cracking 0.001

cracking 0.001
cracking 0.001
cracking 0.001
cracking 0.001
cracking 0.001
cracking 0.001
cracking 0.001
cracking 0.001
loss in 0.001: 0.05846712770111809 
1000.0
13.4
36
[320, 348, 374.7, 399.3, 424, 451.3, 460.7, 466, 471.3, 476.7, 478.7, 479.3, 480, 481.3, 482.3, 483.3, 484.3, 485.3]
[348, 374.7, 399.3, 424, 451.3, 460.7, 466, 471.3, 476.7, 478.7, 479.3, 480, 481.3, 482.3, 483.3, 484.3, 485.3, 486.7]
27234     0.586226
27235     1.456787
27236     2.720463
27237     4.736258
27238     9.276443
27239    14.178668
27240    19.268429
27241    25.208618
27242    31.733568
27243    35.971470
27244    39.051460
27245    42.074471
27246    45.446541
27247    48.482704
27248    51.420414
27249    54.265423
27250    57.022522
27251    60.001507
32905     2.145028
32906     4.117322
32909    18.143463
32910    24.015234
32911    30.494621
32912    34.812271
32913    37.995739
32914    41.100273
32915    44.527157
32916    47.613293
32917    50.591789
32918    53.469505
32919    56.252918
Name: X, dtype: float64
19
loss in 0.001: 0.06105763148793157 
1000.0
14.4
36
[320, 348, 374.7, 399.3, 424, 451.3, 460.7, 466, 471.3, 476.7, 478.7, 479.3, 480, 481.3, 482.3, 483.3, 484.3, 485.3]
[348, 374.7, 399.3, 424, 451.3, 460.7, 466, 471.3, 476.7, 478.7, 479.3, 480, 481.3, 482.3, 483.3, 484.3, 485.3, 486.7]
27252     0.629719
27253     1.565561
27254     2.921959
27255     5.080405
27256     9.933167
27257    15.161333
27258    20.523582
27259    26.698008
27260    33.417145
27261    37.754749
27262    40.894264
27263    43.968117
27264    47.389000
27265    50.459202
27266    53.421783
27267    56.282993
27268    59.047371
27269    62.025661
32923     2.301587
32924     4.410195
32927    19.293867
32928    25.407755
32929    32.092968
32930    36.520485
32931    39.771515
32932    42.933533
32933    46.415279
32934    49.541054
32935    52.549808
32936    55.448601
32937    58.244057
Name: X, dtype: float64
19
loss in 0.001: 0.053148474434613256 
1000.0
10.4
36
[320, 348, 374.7, 399.3, 424, 451.3, 460.7, 466, 471.3, 476.7, 478.7, 479.3, 480, 481.3, 482.3, 483.3, 484.3, 485.3]
[348, 374.7, 399.3, 424, 451.3, 460.7, 466, 471.3, 476.7, 478.7, 479.3, 480, 481.3, 482.3, 483.3, 484.3, 485.3, 486.7]
loss in 0.001: 0.05488642955857533 
27180     0.454785
27181     1.130655
27182     2.114152
27183     3.696109
27184     7.284056
27185    11.155511
27186    15.298104
27187    20.355278
27188    26.109171
27189    29.918217
27190    32.715446
27191    35.482731
27192    38.594120
27193    41.417507
27194    44.170925
27195    46.858204
27196    49.483093
27197    52.345600
32851     1.672907
32852     3.230075
32855    14.516745
32856    19.502863
32857    25.189457
32858    29.052176
32859    31.931536
32860    34.761982
32861    37.910316
32862    40.768604
32863    43.548790
32864    46.255814
32865    48.894310
Name: X, dtype: float64
19
1000.0
11.4
36
[320, 348, 374.7, 399.3, 424, 451.3, 460.7, 466, 471.3, 476.7, 478.7, 479.3, 480, 481.3, 482.3, 483.3, 484.3, 485.3]
[348, 374.7, 399.3, 424, 451.3, 460.7, 466, 471.3, 476.7, 478.7, 479.3, 480, 481.3, 482.3, 483.3, 484.3, 485.3, 486.7]
loss in 0.001: 0.05658292356090947 
27198     0.498813
27199     1.239803
27200     2.316923
27201     4.044648
27202     7.952158
27203    12.175834
27204    16.656191
27205    22.041237
27206    28.088306
27207    32.065742
27208    34.977886
27209    37.851376
27210    41.073231
27211    43.990482
27212    46.828388
27213    49.592281
27214    52.285259
27215    55.213360
32869     1.830757
32870     3.527285
32873    15.755860
32874    21.066385
32875    27.050220
32876    31.089109
32877    34.089897
32878    37.032177
32879    40.296383
32880    43.252800
32881    46.121750
32882    48.908863
32883    51.619415
Name: X, dtype: float64
19
1000.0
12.4
36
[320, 348, 374.7, 399.3, 424, 451.3, 460.7, 466, 471.3, 476.7, 478.7, 479.3, 480, 481.3, 482.3, 483.3, 484.3, 485.3]
[348, 374.7, 399.3, 424, 451.3, 460.7, 466, 471.3, 476.7, 478.7, 479.3, 480, 481.3, 482.3, 483.3, 484.3, 485.3, 486.7]
27216     0.542458
27217     1.348509
27218     2.519060
27219     4.391415
27220     8.616336
27221    13.183365
27222    17.979229
27223    23.657576
27224    29.959951
27225    34.078899
27226    37.084000
27227    40.041294
27228    43.348572
27229    46.334602
27230    49.232445
27231    52.046650
27232    54.781319
27233    57.745777
32887     1.988156
32888     3.823128
32891    16.964336
32892    22.569231
32893    28.816078
32894    33.005142
32895    36.106174
32896    39.138523
32897    42.493961
32898    45.524872
32899    48.458012
32900    51.300186
32901    54.056561
Name: X, dtype: float64
19
Error in 10.4atm is 0.007001 
Error in 11.4atm is 0.007696 
Error in 12.4atm is 0.007582 
Error in 13.4atm is 0.006992 
Error in 14.4atm is 0.006905 
Initial pressure generalization takes 0.28894080718358356 min 17.336448431015015 sec.
Case5: Initial T_in...
cracking 0.001
cracking 0.001
cracking 0.001
cracking 0.001
cracking 0.001
cracking 0.001
cracking 0.001
cracking 0.001
cracking 0.001
cracking 0.001
cracking 0.001
cracking 0.001
loss in 0.001: 0.05658292356090947 
1000.0
12.4
36
[320, 348, 374.7, 399.3, 424, 451.3, 460.7, 466, 471.3, 476.7, 478.7, 479.3, 480, 481.3, 482.3, 483.3, 484.3, 485.3]
[348, 374.7, 399.3, 424, 451.3, 460.7, 466, 471.3, 476.7, 478.7, 479.3, 480, 481.3, 482.3, 483.3, 484.3, 485.3, 486.7]
27216     0.542458
27217     1.348509
27218     2.519060
27219     4.391415
27220     8.616336
27221    13.183365
27222    17.979229
27223    23.657576
27224    29.959951
27225    34.078899
27226    37.084000
27227    40.041294
27228    43.348572
27229    46.334602
27230    49.232445
27231    52.046650
27232    54.781319
27233    57.745777
32887     1.988156
32888     3.823128
32891    16.964336
32892    22.569231
32893    28.816078
32894    33.005142
32895    36.106174
32896    39.138523
32897    42.493961
32898    45.524872
32899    48.458012
32900    51.300186
32901    54.056561
Name: X, dtype: float64
19
loss in 0.001: 0.04161989563403997 
1000.0
12.4
36
[300, 332, 361, 387, 411, 429.6, 443.4, 453.7, 460.5, 464.9, 468.7, 473, 477.8, 480.5, 481.5, 482.5, 483.5, 484.5]
[332, 361, 387, 411, 429.6, 443.4, 453.7, 460.5, 464.9, 468.7, 473, 477.8, 480.5, 481.5, 482.5, 483.5, 484.5, 486.7]
23436     0.413293
23437     1.061914
23438     2.017482
23439     3.435916
23440     5.440827
23441     8.261160
23442    12.204152
23443    16.850574
23444    21.467978
23445    26.212378
23446    31.545210
23447    37.437271
23448    41.827908
23449    44.844757
23450    47.775604
23451    50.624786
23452    53.397049
23453    57.023300
Name: X, dtype: float64
19
loss in 0.001: 0.0697718826638491 
1000.0
12.4
36
[350, 374.7, 399.3, 424, 449.3, 460.7, 466, 471.3, 476.7, 478.7, 479.3, 480, 481.3, 482.3, 483.3, 484.3, 485.3, 486]
[374.7, 399.3, 424, 449.3, 460.7, 466, 471.3, 476.7, 478.7, 479.3, 480, 481.3, 482.3, 483.3, 484.3, 485.3, 486, 486.7]
27218     2.519060
27219     4.391415
27222    17.979229
27223    23.657576
27224    29.959951
27225    34.078899
27226    37.084000
27227    40.041294
27228    43.348572
27229    46.334602
27230    49.232445
27231    52.046650
27232    54.781319
27233    57.745777
32886     0.816246
32887     1.988156
32888     3.823128
32889     7.502276
32890    12.236892
32891    16.964336
32892    22.569231
32893    28.816078
32894    33.005142
32895    36.106174
32896    39.138523
32897    42.493961
32898    45.524872
32899    48.458012
32900    51.300186
32901    54.056561
32902    56.505898
32903    58.882050
Name: X, dtype: float64
index + 17 dont exist in y_ground_df, continue
index + 17 dont exist in y_ground_df, continue
index + 17 dont exist in y_ground_df, continue
index + 17 dont exist in y_ground_df, continue
index + 17 dont exist in y_ground_df, continue
index + 17 dont exist in y_ground_df, continue
index + 17 dont exist in y_ground_df, continue
index + 17 dont exist in y_ground_df, continue
index + 17 dont exist in y_ground_df, continue
index + 17 dont exist in y_ground_df, continue
index + 17 dont exist in y_ground_df, continue
index + 17 dont exist in y_ground_df, continue
index + 17 dont exist in y_ground_df, continue
index + 17 dont exist in y_ground_df, continue
19
loss in 0.001: 0.06126225290396213 
1000.0
12.4
36
[330, 357.3, 382, 406.6, 431.3, 455.1, 461.5, 467.8, 473.1, 476.8, 478.8, 479.4, 480.1, 481.4, 482.4, 483.4, 484.4, 485.4]
[357.3, 382, 406.6, 431.3, 455.1, 461.5, 467.8, 473.1, 476.8, 478.8, 479.4, 480.1, 481.4, 482.4, 483.4, 484.4, 485.4, 486.7]
29106     0.625022
29107     1.522511
29108     2.850919
29109     5.067071
29110     9.789055
29111    13.986291
29112    19.459461
29113    25.337235
29114    30.573709
29115    34.672466
29116    37.661659
29117    40.602127
29118    43.889729
29119    46.858032
29120    49.737183
29121    52.532883
29122    55.249313
29123    58.117283
Name: X, dtype: float64
19
loss in 0.001: 0.0663108405269558 
1000.0
12.4
36
[340, 365.3, 390, 414.6, 439.3, 458.6, 464, 469.3, 474.6, 478, 479, 479.6, 480.3, 481.6, 482.6, 483.6, 484.6, 485.6]
[365.3, 390, 414.6, 439.3, 458.6, 464, 469.3, 474.6, 478, 479, 479.6, 480.3, 481.6, 482.6, 483.6, 484.6, 485.6, 486.7]
30996     0.710702
30997     1.728581
30998     3.262257
30999     5.987028
31000    10.848617
31001    15.513132
31002    20.849447
31003    26.866802
31004    31.956562
31005    35.348457
31006    38.322697
31007    41.247086
31008    44.515331
31009    47.464828
31010    50.325401
31011    53.102322
31012    55.799538
31013    58.495918
Name: X, dtype: float64
19
loss in 0.001: 0.04400266314212435 
1000.0
12.4
36
[310, 340, 368.4, 393.7, 416.5, 441.6, 452, 458.3, 464.6, 471, 474, 476.5, 478.8, 481.1, 482.1, 483.1, 484.1, 485.1]
[340, 368.4, 393.7, 416.5, 441.6, 452, 458.3, 464.6, 471, 474, 476.5, 478.8, 481.1, 482.1, 483.1, 484.1, 485.1, 486.7]
25326     0.474298
25327     1.203352
25328     2.264449
25329     3.830666
25330     6.846836
25331    10.252577
25332    14.173184
25333    19.345295
25334    25.640257
25335    30.240322
25336    34.534534
25337    38.660404
25338    42.738884
25339    45.742294
25340    48.657490
25341    51.489452
25342    54.242508
25343    57.381119
Name: X, dtype: float64
19
Error in 300°C is 0.009292 
Error in 310°C is 0.007545 
Error in 320°C is 0.007582 
Error in 330°C is 0.011528 
Error in 340°C is 0.013802 
Error in 350°C is 0.014663 
Initial temperature generalization takes 0.2944451371828715 min 17.66670823097229 sec.
Starting prediction...
cracking 0.001
cracking 0.001
loss in 0.001: 0.05662138977305993 
1000.0
11.4
32
[320, 348, 374.7, 399.3, 424, 451.3, 460.7, 466, 471.3, 476.7, 478.7, 479.3, 480, 481.3, 482.3, 483.3, 484.3, 485.3]
[348, 374.7, 399.3, 424, 451.3, 460.7, 466, 471.3, 476.7, 478.7, 479.3, 480, 481.3, 482.3, 483.3, 484.3, 485.3, 486.7]
15858     0.561497
15859     1.396553
15860     2.613682
15861     4.573115
15862     9.056328
15863    13.886201
15864    18.862894
15865    24.644770
15866    30.986332
15867    35.120247
15868    38.140572
15869    41.111214
15870    44.426151
15871    47.421146
15872    50.326134
15873    53.146721
15874    55.887318
15875    58.851036
21529     2.061319
21530     3.977252
21533    17.765987
21534    23.482344
21535    29.778053
21536    33.986713
21537    37.104710
21538    40.152061
21539    43.517235
21540    46.557972
21541    49.499695
21542    52.349857
21543    55.112770
Name: X, dtype: float64
19
cracking 0.0
cracking 0.0
loss in 0.0: 0.2377599461302882 
0.0
11.4
32
[320, 348, 374.7, 399.3, 424, 451.3, 460.7, 466, 471.3, 476.7, 478.7, 479.3, 480, 481.3, 482.3, 483.3, 484.3, 485.3]
[348, 374.7, 399.3, 424, 451.3, 460.7, 466, 471.3, 476.7, 478.7, 479.3, 480, 481.3, 482.3, 483.3, 484.3, 485.3, 486.7]
15138     0.559929
15139     1.385483
15140     2.558670
15141     4.327133
15142     7.848068
15143    11.568054
15144    15.677315
15145    20.893387
15146    27.016747
15147    31.172272
15148    34.259644
15149    37.303753
15150    40.696739
15151    43.775982
15152    46.770828
15153    49.685181
15154    52.523373
15155    55.595116
20809     2.007492
20810     3.741089
20813    14.763184
20814    19.880608
20815    25.912086
20816    30.117653
20817    33.289612
20818    36.399471
20819    39.831184
20820    42.947769
20821    45.971428
20822    48.907822
20823    51.762180
Name: X, dtype: float64
19
cracking 0.000125
cracking 0.000125
loss in 0.000125: 0.10492269881120675 
125.0
11.4
32
[320, 348, 374.7, 399.3, 424, 451.3, 460.7, 466, 471.3, 476.7, 478.7, 479.3, 480, 481.3, 482.3, 483.3, 484.3, 485.3]
[348, 374.7, 399.3, 424, 451.3, 460.7, 466, 471.3, 476.7, 478.7, 479.3, 480, 481.3, 482.3, 483.3, 484.3, 485.3, 486.7]
15228     0.560274
15229     1.387976
15230     2.568726
15231     4.368810
15232     8.036299
15233    11.923984
15234    16.179728
15235    21.497812
15236    27.654528
15237    31.799921
15238    34.871655
15239    37.900192
15240    41.276096
15241    44.338917
15242    47.316383
15243    50.213478
15244    53.034855
15245    56.088039
20899     2.017441
20900     3.781776
20903    15.237417
20904    20.461290
20905    26.533348
20906    30.733206
20907    33.891964
20908    36.987404
20909    40.404156
20910    43.505268
20911    46.513069
20912    49.433479
20913    52.271881
Name: X, dtype: float64
19
cracking 0.00025
cracking 0.00025
loss in 0.00025: 0.0649574202401576 
250.0
11.4
32
[320, 348, 374.7, 399.3, 424, 451.3, 460.7, 466, 471.3, 476.7, 478.7, 479.3, 480, 481.3, 482.3, 483.3, 484.3, 485.3]
[348, 374.7, 399.3, 424, 451.3, 460.7, 466, 471.3, 476.7, 478.7, 479.3, 480, 481.3, 482.3, 483.3, 484.3, 485.3, 486.7]
15318     0.560511
15319     1.389622
15320     2.576679
15321     4.405398
15322     8.208098
15323    12.253604
15324    16.641031
15325    22.049555
15326    28.236832
15327    32.376026
15328    35.435524
15329    38.450886
15330    41.813362
15331    44.861828
15332    47.825001
15333    50.707314
15334    53.513397
15335    56.549744
20989     2.025706
20990     3.816994
20993    15.672848
20994    20.990400
20995    27.100492
20996    31.298037
20997    34.446148
20998    37.530277
20999    40.935005
21000    44.039150
21001    47.017761
21002    49.924587
21003    52.748619
Name: X, dtype: float64
19
cracking 0.000375
cracking 0.000375
loss in 0.000375: 0.04408591698359918 
375.0
11.4
32
[320, 348, 374.7, 399.3, 424, 451.3, 460.7, 466, 471.3, 476.7, 478.7, 479.3, 480, 481.3, 482.3, 483.3, 484.3, 485.3]
[348, 374.7, 399.3, 424, 451.3, 460.7, 466, 471.3, 476.7, 478.7, 479.3, 480, 481.3, 482.3, 483.3, 484.3, 485.3, 486.7]
15408     0.560383
15409     1.391315
15410     2.584259
15411     4.438844
15412     8.368021
15413    12.561938
15414    17.069527
15415    22.557341
15416    28.773722
15417    32.908993
15418    35.958759
15419    38.963272
15420    42.314495
15421    45.351181
15422    48.301514
15423    51.170876
15424    53.963291
15425    56.985168
21079     2.033081
21080     3.848741
21083    16.076441
21084    21.477713
21085    27.623747
21086    31.820457
21087    34.960552
21088    38.035748
21089    41.430466
21090    44.507954
21091    47.490749
21092    50.385326
21093    53.196655
Name: X, dtype: float64
19
cracking 0.0005
cracking 0.0005
loss in 0.0005: 0.04169064961076809 
500.0
11.4
32
[320, 348, 374.7, 399.3, 424, 451.3, 460.7, 466, 471.3, 476.7, 478.7, 479.3, 480, 481.3, 482.3, 483.3, 484.3, 485.3]
[348, 374.7, 399.3, 424, 451.3, 460.7, 466, 471.3, 476.7, 478.7, 479.3, 480, 481.3, 482.3, 483.3, 484.3, 485.3, 486.7]
15498     0.560957
15499     1.392282
15500     2.591070
15501     4.469069
15502     8.518769
15503    12.852761
15504    17.470137
15505    23.028753
15506    29.272812
15507    33.406044
15508    36.447681
15509    39.443188
15510    42.784954
15511    45.810909
15512    48.750290
15513    51.607941
15514    54.388115
15515    57.396442
21169     2.039556
21170     3.877854
21173    16.453812
21174    21.930227
21175    28.109655
21176    32.307571
21177    35.441048
21178    38.508522
21179    41.895222
21180    44.963417
21181    47.936157
21182    50.819981
21183    53.619823
Name: X, dtype: float64
19
cracking 0.000625
cracking 0.000625
loss in 0.000625: 0.044309961760569914 
625.0
11.4
32
[320, 348, 374.7, 399.3, 424, 451.3, 460.7, 466, 471.3, 476.7, 478.7, 479.3, 480, 481.3, 482.3, 483.3, 484.3, 485.3]
[348, 374.7, 399.3, 424, 451.3, 460.7, 466, 471.3, 476.7, 478.7, 479.3, 480, 481.3, 482.3, 483.3, 484.3, 485.3, 486.7]
15588     0.560966
15589     1.393724
15590     2.597296
15591     4.497325
15592     8.661755
15593    13.128634
15594    17.846769
15595    23.469524
15596    29.739800
15597    33.871708
15598    36.906876
15599    39.894638
15600    43.228142
15601    46.245094
15602    49.174561
15603    52.021717
15604    54.790768
15605    57.786640
21259     2.045521
21260     3.904891
21263    16.808683
21264    22.353241
21265    28.564146
21266    32.763683
21267    35.892357
21268    38.953480
21269    42.333454
21270    45.393353
21271    48.357281
21272    51.231106
21273    54.020828
Name: X, dtype: float64
19
cracking 0.00075
cracking 0.00075
loss in 0.00075: 0.048194318610104786 
750.0
11.4
32
[320, 348, 374.7, 399.3, 424, 451.3, 460.7, 466, 471.3, 476.7, 478.7, 479.3, 480, 481.3, 482.3, 483.3, 484.3, 485.3]
[348, 374.7, 399.3, 424, 451.3, 460.7, 466, 471.3, 476.7, 478.7, 479.3, 480, 481.3, 482.3, 483.3, 484.3, 485.3, 486.7]
15678     0.560792
15679     1.394639
15680     2.603187
15681     4.523748
15682     8.798316
15683    13.391795
15684    18.203012
15685    23.883467
15686    30.178585
15687    34.310844
15688    37.340210
15689    40.321510
15690    43.647911
15691    46.656422
15692    49.577015
15693    52.414719
15694    55.173409
15695    58.158043
21349     2.051206
21350     3.930270
21353    17.144228
21354    22.750828
21355    28.991615
21356    33.193665
21357    36.318161
21358    39.373707
21359    42.748119
21360    45.800930
21361    48.756805
21362    51.622219
21363    54.402084
Name: X, dtype: float64
19
cracking 0.000875
cracking 0.000875
loss in 0.000875: 0.05278070499359357 
875.0
11.4
32
[320, 348, 374.7, 399.3, 424, 451.3, 460.7, 466, 471.3, 476.7, 478.7, 479.3, 480, 481.3, 482.3, 483.3, 484.3, 485.3]
[348, 374.7, 399.3, 424, 451.3, 460.7, 466, 471.3, 476.7, 478.7, 479.3, 480, 481.3, 482.3, 483.3, 484.3, 485.3, 486.7]
15768     0.561061
15769     1.395653
15770     2.608270
15771     4.549162
15772     8.929735
15773    13.644035
15774    18.540960
15775    24.274378
15776    30.593155
15777    34.726189
15778    37.750519
15779    40.726124
15780    44.046593
15781    47.047756
15782    49.960518
15783    52.789150
15784    55.538322
15785    58.512321
21439     2.056396
21440     3.954297
21443    17.462585
21444    23.126209
21445    29.395292
21446    33.600403
21447    36.721252
21448    39.772598
21449    43.142071
21450    46.188484
21451    49.136898
21452    51.994064
21453    54.765743
Name: X, dtype: float64
19
cracking 0.001
cracking 0.001
loss in 0.001: 0.05662138977305993 
1000.0
11.4
32
[320, 348, 374.7, 399.3, 424, 451.3, 460.7, 466, 471.3, 476.7, 478.7, 479.3, 480, 481.3, 482.3, 483.3, 484.3, 485.3]
[348, 374.7, 399.3, 424, 451.3, 460.7, 466, 471.3, 476.7, 478.7, 479.3, 480, 481.3, 482.3, 483.3, 484.3, 485.3, 486.7]
15858     0.561497
15859     1.396553
15860     2.613682
15861     4.573115
15862     9.056328
15863    13.886201
15864    18.862894
15865    24.644770
15866    30.986332
15867    35.120247
15868    38.140572
15869    41.111214
15870    44.426151
15871    47.421146
15872    50.326134
15873    53.146721
15874    55.887318
15875    58.851036
21529     2.061319
21530     3.977252
21533    17.765987
21534    23.482344
21535    29.778053
21536    33.986713
21537    37.104710
21538    40.152061
21539    43.517235
21540    46.557972
21541    49.499695
21542    52.349857
21543    55.112770
Name: X, dtype: float64
19
cracking 0.001125
cracking 0.001125
loss in 0.001125: 0.060424746402904746 
1125.0
11.4
32
[320, 348, 374.7, 399.3, 424, 451.3, 460.7, 466, 471.3, 476.7, 478.7, 479.3, 480, 481.3, 482.3, 483.3, 484.3, 485.3]
[348, 374.7, 399.3, 424, 451.3, 460.7, 466, 471.3, 476.7, 478.7, 479.3, 480, 481.3, 482.3, 483.3, 484.3, 485.3, 486.7]
15948     0.561438
15949     1.397981
15950     2.618531
15951     4.595869
15952     9.178685
15953    14.119348
15954    19.170128
15955    24.997187
15956    31.360060
15957    35.495800
15958    38.512459
15959    41.478817
15960    44.788910
15961    47.777531
15962    50.675625
15963    53.488670
15964    56.221268
15965    59.175846
21619     2.065992
21620     3.999060
21623    18.055647
21624    23.820822
21625    30.142029
21626    34.354519
21627    37.470165
21628    40.514084
21629    43.875416
21630    46.911232
21631    49.847000
21632    52.689941
21633    55.445698
Name: X, dtype: float64
19
cracking 0.00125
cracking 0.00125
loss in 0.00125: 0.06430055138208134 
1250.0
11.4
32
[320, 348, 374.7, 399.3, 424, 451.3, 460.7, 466, 471.3, 476.7, 478.7, 479.3, 480, 481.3, 482.3, 483.3, 484.3, 485.3]
[348, 374.7, 399.3, 424, 451.3, 460.7, 466, 471.3, 476.7, 478.7, 479.3, 480, 481.3, 482.3, 483.3, 484.3, 485.3, 486.7]
16038     0.561699
16039     1.398614
16040     2.623320
16041     4.618352
16042     9.297319
16043    14.344408
16044    19.464439
16045    25.333271
16046    31.716930
16047    35.854527
16048    38.867931
16049    41.830402
16050    45.156590
16051    48.119377
16052    51.011082
16053    53.817364
16054    56.541924
16055    59.487633
21709     2.070566
21710     4.020170
21713    18.333288
21714    24.143782
21715    30.489643
21716    34.705818
21717    37.819393
21718    40.860565
21719    44.218742
21720    47.249653
21721    50.179874
21722    53.016357
21723    55.764946
Name: X, dtype: float64
19
cracking 0.001375
cracking 0.001375
loss in 0.001375: 0.06780076974043066 
1375.0
11.4
32
[320, 348, 374.7, 399.3, 424, 451.3, 460.7, 466, 471.3, 476.7, 478.7, 479.3, 480, 481.3, 482.3, 483.3, 484.3, 485.3]
[348, 374.7, 399.3, 424, 451.3, 460.7, 466, 471.3, 476.7, 478.7, 479.3, 480, 481.3, 482.3, 483.3, 484.3, 485.3, 486.7]
16128     0.561685
16129     1.399614
16130     2.627637
16131     4.639612
16132     9.412754
16133    14.561893
16134    19.747017
16135    25.654638
16136    32.058174
16137    36.198009
16138    39.208588
16139    42.167267
16140    45.469528
16141    48.447357
16142    51.333302
16143    54.132549
16144    56.849960
16145    59.787228
21799     2.074913
21800     4.040468
21803    18.599810
21804    24.452791
21805    30.821945
21806    35.042156
21807    38.154266
21808    41.192688
21809    44.547985
21810    47.574520
21811    50.499641
21812    53.330086
21813    56.071949
Name: X, dtype: float64
19
cracking 0.0015
cracking 0.0015
loss in 0.0015: 0.07090961853836056 
1500.0
11.4
32
[320, 348, 374.7, 399.3, 424, 451.3, 460.7, 466, 471.3, 476.7, 478.7, 479.3, 480, 481.3, 482.3, 483.3, 484.3, 485.3]
[348, 374.7, 399.3, 424, 451.3, 460.7, 466, 471.3, 476.7, 478.7, 479.3, 480, 481.3, 482.3, 483.3, 484.3, 485.3, 486.7]
16218     0.561847
16219     1.400393
16220     2.632198
16221     4.660264
16222     9.525220
16223    14.772569
16224    20.018650
16225    25.962883
16226    32.385471
16227    36.527271
16228    39.535614
16229    42.491173
16230    45.789688
16231    48.762974
16232    51.643341
16233    54.436420
16234    57.146870
16235    60.075996
21889     2.079153
21890     4.060129
21893    18.856209
21894    24.749134
21895    31.140816
21896    35.364918
21897    38.475796
21898    41.511826
21899    44.864685
21900    47.887005
21901    50.807205
21902    53.632133
21903    56.367645
Name: X, dtype: float64
19
cracking 0.001625
cracking 0.001625
loss in 0.001625: 0.07369741058668242 
1625.0
11.4
32
[320, 348, 374.7, 399.3, 424, 451.3, 460.7, 466, 471.3, 476.7, 478.7, 479.3, 480, 481.3, 482.3, 483.3, 484.3, 485.3]
[348, 374.7, 399.3, 424, 451.3, 460.7, 466, 471.3, 476.7, 478.7, 479.3, 480, 481.3, 482.3, 483.3, 484.3, 485.3, 486.7]
16308     0.562254
16309     1.401417
16310     2.636265
16311     4.680495
16312     9.634683
16313    14.976952
16314    20.280277
16315    26.258772
16316    32.699966
16317    36.844128
16318    39.850105
16319    42.802849
16320    46.098198
16321    49.066853
16322    51.942070
16323    54.729187
16324    57.432861
16325    60.354469
21979     2.083120
21980     4.079077
21983    19.103163
21984    25.033836
21985    31.446991
21986    35.675289
21987    38.784966
21988    41.818882
21989    45.169357
21990    48.188301
21991    51.103733
21992    53.923157
21993    56.652603
Name: X, dtype: float64
19
cracking 0.00175
cracking 0.00175
loss in 0.00175: 0.07627325402455216 
1750.0
11.4
32
[320, 348, 374.7, 399.3, 424, 451.3, 460.7, 466, 471.3, 476.7, 478.7, 479.3, 480, 481.3, 482.3, 483.3, 484.3, 485.3]
[348, 374.7, 399.3, 424, 451.3, 460.7, 466, 471.3, 476.7, 478.7, 479.3, 480, 481.3, 482.3, 483.3, 484.3, 485.3, 486.7]
16398     0.562164
16399     1.402028
16400     2.640424
16401     4.699936
16402     9.741444
16403    15.175193
16404    20.532568
16405    26.543690
16406    33.002403
16407    37.149147
16408    40.153389
16409    43.103264
16410    46.395760
16411    49.360245
16412    52.230438
16413    55.011837
16414    57.709297
16415    60.623573
22069     2.087057
22070     4.097618
22073    19.341686
22074    25.307962
22075    31.741730
22076    35.974251
22077    39.082542
22078    42.115032
22079    45.463417
22080    48.478718
22081    51.390026
22082    54.204418
22083    56.928070
Name: X, dtype: float64
19
cracking 0.001875
cracking 0.001875
loss in 0.001875: 0.07923078511261057 
1875.0
11.4
32
[320, 348, 374.7, 399.3, 424, 451.3, 460.7, 466, 471.3, 476.7, 478.7, 479.3, 480, 481.3, 482.3, 483.3, 484.3, 485.3]
[348, 374.7, 399.3, 424, 451.3, 460.7, 466, 471.3, 476.7, 478.7, 479.3, 480, 481.3, 482.3, 483.3, 484.3, 485.3, 486.7]
16488     0.562571
16489     1.403059
16490     2.644339
16491     4.718907
16492     9.846219
16493    15.368237
16494    20.776625
16495    26.818415
16496    33.294434
16497    37.443676
16498    40.446068
16499    43.393425
16500    46.682945
16501    49.643639
16502    52.509022
16503    55.284893
16504    57.976280
16505    60.883705
22159     2.090949
22160     4.115619
22163    19.572279
22164    25.572412
22165    32.026054
22166    36.262733
22167    39.370308
22168    42.401016
22169    45.747448
22170    48.759415
22171    51.666756
22172    54.476341
22173    57.194313
Name: X, dtype: float64
19
cracking 0.002
cracking 0.002
loss in 0.002: 0.08191991710145854 
2000.0
11.4
32
[320, 348, 374.7, 399.3, 424, 451.3, 460.7, 466, 471.3, 476.7, 478.7, 479.3, 480, 481.3, 482.3, 483.3, 484.3, 485.3]
[348, 374.7, 399.3, 424, 451.3, 460.7, 466, 471.3, 476.7, 478.7, 479.3, 480, 481.3, 482.3, 483.3, 484.3, 485.3, 486.7]
16578     0.562519
16579     1.403396
16580     2.648333
16581     4.737273
16582     9.948601
16583    15.555824
16584    21.012577
16585    27.083496
16586    33.576195
16587    37.727974
16588    40.728828
16589    43.673767
16590    46.960819
16591    49.917702
16592    52.778954
16593    55.549690
16594    58.235039
16595    61.135777
22249     2.094537
22250     4.133060
22253    19.795567
22254    25.827574
22255    32.300640
22256    36.541405
22257    39.648476
22258    42.677578
22259    46.022091
22260    49.031178
22261    51.934334
22262    54.739372
22263    57.452198
Name: X, dtype: float64
19
cracking 0.002125
cracking 0.002125
loss in 0.002125: 0.08438788672598566 
2125.0
11.4
32
[320, 348, 374.7, 399.3, 424, 451.3, 460.7, 466, 471.3, 476.7, 478.7, 479.3, 480, 481.3, 482.3, 483.3, 484.3, 485.3]
[348, 374.7, 399.3, 424, 451.3, 460.7, 466, 471.3, 476.7, 478.7, 479.3, 480, 481.3, 482.3, 483.3, 484.3, 485.3, 486.7]
16668     0.562413
16669     1.404283
16670     2.652005
16671     4.755459
16672    10.049224
16673    15.738583
16674    21.241503
16675    27.339979
16676    33.848789
16677    38.003239
16678    41.002499
16679    43.945290
16680    47.229965
16681    50.183495
16682    53.040256
16683    55.805878
16684    58.485897
16685    61.380028
22339     2.098078
22340     4.150115
22343    20.011984
22344    26.074694
22345    32.566418
22346    36.811047
22347    39.917568
22348    42.945240
22349    46.288372
22350    49.294308
22351    52.193935
22352    54.994541
22353    57.701954
Name: X, dtype: float64
19
cracking 0.00225
cracking 0.00225
loss in 0.00225: 0.08662337645955011 
2250.0
11.4
32
[320, 348, 374.7, 399.3, 424, 451.3, 460.7, 466, 471.3, 476.7, 478.7, 479.3, 480, 481.3, 482.3, 483.3, 484.3, 485.3]
[348, 374.7, 399.3, 424, 451.3, 460.7, 466, 471.3, 476.7, 478.7, 479.3, 480, 481.3, 482.3, 483.3, 484.3, 485.3, 486.7]
16758     0.562813
16759     1.405101
16760     2.655718
16761     4.772908
16762    10.147657
16763    15.916918
16764    21.463509
16765    27.588251
16766    34.112553
16767    38.269741
16768    41.267605
16769    44.208389
16770    47.490776
16771    50.440876
16772    53.293579
16773    56.054558
16774    58.729294
16775    61.616642
22429     2.101553
22430     4.166686
22433    20.221991
22434    26.313854
22435    32.823597
22436    37.072289
22437    40.178356
22438    43.204815
22439    46.546307
22440    49.549400
22441    52.445518
22442    55.241684
22443    57.944614
Name: X, dtype: float64
19
cracking 0.002375
cracking 0.002375
loss in 0.002375: 0.08874344145725552 
2375.0
11.4
32
[320, 348, 374.7, 399.3, 424, 451.3, 460.7, 466, 471.3, 476.7, 478.7, 479.3, 480, 481.3, 482.3, 483.3, 484.3, 485.3]
[348, 374.7, 399.3, 424, 451.3, 460.7, 466, 471.3, 476.7, 478.7, 479.3, 480, 481.3, 482.3, 483.3, 484.3, 485.3, 486.7]
16848     0.562944
16849     1.405720
16850     2.659262
16851     4.790354
16852    10.244515
16853    16.090988
16854    21.679022
16855    27.829165
16856    34.368637
16857    38.528271
16858    41.524906
16859    44.463772
16860    47.744228
16861    50.690884
16862    53.539635
16863    56.296043
16864    58.965252
16865    61.846928
22519     2.104990
22520     4.183092
22523    20.426115
22524    26.545851
22525    33.073200
22526    37.325684
22527    40.431133
22528    43.456432
22529    46.796844
22530    49.797504
22531    52.689983
22532    55.482193
22533    58.180000
Name: X, dtype: float64
19
cracking 0.0025
cracking 0.0025
loss in 0.0025: 0.09069438509584514 
2500.0
11.4
32
[320, 348, 374.7, 399.3, 424, 451.3, 460.7, 466, 471.3, 476.7, 478.7, 479.3, 480, 481.3, 482.3, 483.3, 484.3, 485.3]
[348, 374.7, 399.3, 424, 451.3, 460.7, 466, 471.3, 476.7, 478.7, 479.3, 480, 481.3, 482.3, 483.3, 484.3, 485.3, 486.7]
16938     0.562877
16939     1.406554
16940     2.662785
16941     4.807352
16942    10.339593
16943    16.260904
16944    21.888592
16945    28.063032
16946    34.617008
16947    38.779144
16948    41.774673
16949    44.712009
16950    47.990238
16951    50.933899
16952    53.778675
16953    56.530777
16954    59.194763
16955    62.070724
22609     2.108344
22610     4.199081
22613    20.624559
22614    26.771112
22615    33.315529
22616    37.571812
22617    40.676838
22618    43.701141
22619    47.040092
22620    50.037941
22621    52.927517
22622    55.715698
22623    58.408951
Name: X, dtype: float64
19
['/home/wesley/EDC/FPC/ML/results/0323_FPC_modelV3/plots/predict/20_320_12.4_32_org/CCl4_0.000000_mass_32_temp_320_20_320_12.4_32_org.png', '/home/wesley/EDC/FPC/ML/results/0323_FPC_modelV3/plots/predict/20_320_12.4_32_org/CCl4_125.000000_mass_32_temp_320_20_320_12.4_32_org.png', '/home/wesley/EDC/FPC/ML/results/0323_FPC_modelV3/plots/predict/20_320_12.4_32_org/CCl4_250.000000_mass_32_temp_320_20_320_12.4_32_org.png', '/home/wesley/EDC/FPC/ML/results/0323_FPC_modelV3/plots/predict/20_320_12.4_32_org/CCl4_375.000000_mass_32_temp_320_20_320_12.4_32_org.png', '/home/wesley/EDC/FPC/ML/results/0323_FPC_modelV3/plots/predict/20_320_12.4_32_org/CCl4_500.000000_mass_32_temp_320_20_320_12.4_32_org.png', '/home/wesley/EDC/FPC/ML/results/0323_FPC_modelV3/plots/predict/20_320_12.4_32_org/CCl4_625.000000_mass_32_temp_320_20_320_12.4_32_org.png', '/home/wesley/EDC/FPC/ML/results/0323_FPC_modelV3/plots/predict/20_320_12.4_32_org/CCl4_750.000000_mass_32_temp_320_20_320_12.4_32_org.png', '/home/wesley/EDC/FPC/ML/results/0323_FPC_modelV3/plots/predict/20_320_12.4_32_org/CCl4_875.000000_mass_32_temp_320_20_320_12.4_32_org.png', '/home/wesley/EDC/FPC/ML/results/0323_FPC_modelV3/plots/predict/20_320_12.4_32_org/CCl4_1000.000000_mass_32_temp_320_20_320_12.4_32_org.png', '/home/wesley/EDC/FPC/ML/results/0323_FPC_modelV3/plots/predict/20_320_12.4_32_org/CCl4_1125.000000_mass_32_temp_320_20_320_12.4_32_org.png', '/home/wesley/EDC/FPC/ML/results/0323_FPC_modelV3/plots/predict/20_320_12.4_32_org/CCl4_1250.000000_mass_32_temp_320_20_320_12.4_32_org.png', '/home/wesley/EDC/FPC/ML/results/0323_FPC_modelV3/plots/predict/20_320_12.4_32_org/CCl4_1375.000000_mass_32_temp_320_20_320_12.4_32_org.png', '/home/wesley/EDC/FPC/ML/results/0323_FPC_modelV3/plots/predict/20_320_12.4_32_org/CCl4_1500.000000_mass_32_temp_320_20_320_12.4_32_org.png', '/home/wesley/EDC/FPC/ML/results/0323_FPC_modelV3/plots/predict/20_320_12.4_32_org/CCl4_1625.000000_mass_32_temp_320_20_320_12.4_32_org.png', '/home/wesley/EDC/FPC/ML/results/0323_FPC_modelV3/plots/predict/20_320_12.4_32_org/CCl4_1750.000000_mass_32_temp_320_20_320_12.4_32_org.png', '/home/wesley/EDC/FPC/ML/results/0323_FPC_modelV3/plots/predict/20_320_12.4_32_org/CCl4_1875.000000_mass_32_temp_320_20_320_12.4_32_org.png', '/home/wesley/EDC/FPC/ML/results/0323_FPC_modelV3/plots/predict/20_320_12.4_32_org/CCl4_2000.000000_mass_32_temp_320_20_320_12.4_32_org.png', '/home/wesley/EDC/FPC/ML/results/0323_FPC_modelV3/plots/predict/20_320_12.4_32_org/CCl4_2125.000000_mass_32_temp_320_20_320_12.4_32_org.png', '/home/wesley/EDC/FPC/ML/results/0323_FPC_modelV3/plots/predict/20_320_12.4_32_org/CCl4_2250.000000_mass_32_temp_320_20_320_12.4_32_org.png', '/home/wesley/EDC/FPC/ML/results/0323_FPC_modelV3/plots/predict/20_320_12.4_32_org/CCl4_2375.000000_mass_32_temp_320_20_320_12.4_32_org.png', '/home/wesley/EDC/FPC/ML/results/0323_FPC_modelV3/plots/predict/20_320_12.4_32_org/CCl4_2500.000000_mass_32_temp_320_20_320_12.4_32_org.png']
