training_data_FPC_V4_3m_irrev.csv
            Experiment name: 0323_FPC_modelV3
            Training Data: training_data_FPC_V4_3m_irrev.csv
            Do k-fold: False
            Folds num: 10
            Learning rate: 0.001
            Batch size: 18
            Epoch: 10000
            CSTR num: 100
            Training vebose: 0
            #Genearalization test
            mass flow rates = True
            CCl4 = True
            inital pressure = True
            number of tubes = True
            T_in = True
            ncpus = 8
            training = False
            prediction only = False
                
Loading data...
Starting prediction...
cracking 0.0025
cracking 0.0025
loss in 0.0025: 0.04884049435360258 
2500.0
11.4
53
[350, 374.7, 399.3, 424, 440.3, 443.7, 446, 448.5, 451.3, 453.5, 455.8, 456.7, 457.7, 458.7, 459.3, 460, 461.3, 462.3, 463.3, 464.3, 465.3, 466]
[374.7, 399.3, 424, 440.3, 443.7, 446, 448.5, 451.3, 453.5, 455.8, 456.7, 457.7, 458.7, 459.3, 460, 461.3, 462.3, 463.3, 464.3, 465.3, 466, 466.7]
Series([], Name: X, dtype: float64)
FPC data not found
cracking 0.0
cracking 0.0
loss in 0.0: 0.260854345985619 
0.0
11.4
53
[350, 374.7, 399.3, 424, 440.3, 443.7, 446, 448.5, 451.3, 453.5, 455.8, 456.7, 457.7, 458.7, 459.3, 460, 461.3, 462.3, 463.3, 464.3, 465.3, 466]
[374.7, 399.3, 424, 440.3, 443.7, 446, 448.5, 451.3, 453.5, 455.8, 456.7, 457.7, 458.7, 459.3, 460, 461.3, 462.3, 463.3, 464.3, 465.3, 466, 466.7]
Series([], Name: X, dtype: float64)
FPC data not found
cracking 0.000125
cracking 0.000125
loss in 0.000125: 0.1491610394595602 
125.0
11.4
53
[350, 374.7, 399.3, 424, 440.3, 443.7, 446, 448.5, 451.3, 453.5, 455.8, 456.7, 457.7, 458.7, 459.3, 460, 461.3, 462.3, 463.3, 464.3, 465.3, 466]
[374.7, 399.3, 424, 440.3, 443.7, 446, 448.5, 451.3, 453.5, 455.8, 456.7, 457.7, 458.7, 459.3, 460, 461.3, 462.3, 463.3, 464.3, 465.3, 466, 466.7]
Series([], Name: X, dtype: float64)
FPC data not found
cracking 0.00025
cracking 0.00025
loss in 0.00025: 0.11170265135014981 
250.0
11.4
53
[350, 374.7, 399.3, 424, 440.3, 443.7, 446, 448.5, 451.3, 453.5, 455.8, 456.7, 457.7, 458.7, 459.3, 460, 461.3, 462.3, 463.3, 464.3, 465.3, 466]
[374.7, 399.3, 424, 440.3, 443.7, 446, 448.5, 451.3, 453.5, 455.8, 456.7, 457.7, 458.7, 459.3, 460, 461.3, 462.3, 463.3, 464.3, 465.3, 466, 466.7]
Series([], Name: X, dtype: float64)
FPC data not found
cracking 0.000375
cracking 0.000375
loss in 0.000375: 0.0878358209215214 
375.0
11.4
53
[350, 374.7, 399.3, 424, 440.3, 443.7, 446, 448.5, 451.3, 453.5, 455.8, 456.7, 457.7, 458.7, 459.3, 460, 461.3, 462.3, 463.3, 464.3, 465.3, 466]
[374.7, 399.3, 424, 440.3, 443.7, 446, 448.5, 451.3, 453.5, 455.8, 456.7, 457.7, 458.7, 459.3, 460, 461.3, 462.3, 463.3, 464.3, 465.3, 466, 466.7]
Series([], Name: X, dtype: float64)
FPC data not found
cracking 0.0005
cracking 0.0005
loss in 0.0005: 0.07062263006630683 
500.0
11.4
53
[350, 374.7, 399.3, 424, 440.3, 443.7, 446, 448.5, 451.3, 453.5, 455.8, 456.7, 457.7, 458.7, 459.3, 460, 461.3, 462.3, 463.3, 464.3, 465.3, 466]
[374.7, 399.3, 424, 440.3, 443.7, 446, 448.5, 451.3, 453.5, 455.8, 456.7, 457.7, 458.7, 459.3, 460, 461.3, 462.3, 463.3, 464.3, 465.3, 466, 466.7]
Series([], Name: X, dtype: float64)
FPC data not found
cracking 0.000625
cracking 0.000625
loss in 0.000625: 0.05702416266385712 
625.0
11.4
53
[350, 374.7, 399.3, 424, 440.3, 443.7, 446, 448.5, 451.3, 453.5, 455.8, 456.7, 457.7, 458.7, 459.3, 460, 461.3, 462.3, 463.3, 464.3, 465.3, 466]
[374.7, 399.3, 424, 440.3, 443.7, 446, 448.5, 451.3, 453.5, 455.8, 456.7, 457.7, 458.7, 459.3, 460, 461.3, 462.3, 463.3, 464.3, 465.3, 466, 466.7]
Series([], Name: X, dtype: float64)
FPC data not found
cracking 0.00075
cracking 0.00075
loss in 0.00075: 0.04568640245808808 
750.0
11.4
53
[350, 374.7, 399.3, 424, 440.3, 443.7, 446, 448.5, 451.3, 453.5, 455.8, 456.7, 457.7, 458.7, 459.3, 460, 461.3, 462.3, 463.3, 464.3, 465.3, 466]
[374.7, 399.3, 424, 440.3, 443.7, 446, 448.5, 451.3, 453.5, 455.8, 456.7, 457.7, 458.7, 459.3, 460, 461.3, 462.3, 463.3, 464.3, 465.3, 466, 466.7]
Series([], Name: X, dtype: float64)
FPC data not found
cracking 0.000875
cracking 0.000875
loss in 0.000875: 0.03590977318935878 
875.0
11.4
53
[350, 374.7, 399.3, 424, 440.3, 443.7, 446, 448.5, 451.3, 453.5, 455.8, 456.7, 457.7, 458.7, 459.3, 460, 461.3, 462.3, 463.3, 464.3, 465.3, 466]
[374.7, 399.3, 424, 440.3, 443.7, 446, 448.5, 451.3, 453.5, 455.8, 456.7, 457.7, 458.7, 459.3, 460, 461.3, 462.3, 463.3, 464.3, 465.3, 466, 466.7]
Series([], Name: X, dtype: float64)
FPC data not found
cracking 0.001
cracking 0.001
loss in 0.001: 0.027410937538967173 
1000.0
11.4
53
[350, 374.7, 399.3, 424, 440.3, 443.7, 446, 448.5, 451.3, 453.5, 455.8, 456.7, 457.7, 458.7, 459.3, 460, 461.3, 462.3, 463.3, 464.3, 465.3, 466]
[374.7, 399.3, 424, 440.3, 443.7, 446, 448.5, 451.3, 453.5, 455.8, 456.7, 457.7, 458.7, 459.3, 460, 461.3, 462.3, 463.3, 464.3, 465.3, 466, 466.7]
Series([], Name: X, dtype: float64)
FPC data not found
cracking 0.001125
cracking 0.001125
loss in 0.001125: 0.021942207378187244 
1125.0
11.4
53
[350, 374.7, 399.3, 424, 440.3, 443.7, 446, 448.5, 451.3, 453.5, 455.8, 456.7, 457.7, 458.7, 459.3, 460, 461.3, 462.3, 463.3, 464.3, 465.3, 466]
[374.7, 399.3, 424, 440.3, 443.7, 446, 448.5, 451.3, 453.5, 455.8, 456.7, 457.7, 458.7, 459.3, 460, 461.3, 462.3, 463.3, 464.3, 465.3, 466, 466.7]
Series([], Name: X, dtype: float64)
FPC data not found
cracking 0.00125
cracking 0.00125
