training_data_FPC_V1_2m_5p_6t_21Clppm.csv
            Experiment name: 0219_FPCV1_2m
            Training Data: training_data_FPC_V1_2m_5p_6t_21Clppm.csv
            Do k-fold: False
            Folds num: 10
            Learning rate: 0.001
            Batch size: 18
            Epoch: 10000
            CSTR num: 100
            Training vebose: 0
            #Genearalization test
            mass flow rates = False
            CCl4 = False
            inital pressure = False
            number of tubes = False
            ncpus = 8
            training = False
            prediction only = False
                
Loading data...
Generalization test...
Case5: Initial T_in...
12078     0.427796
12079     1.099702
12080     2.092860
12081     3.572870
12082     5.680058
12083     8.671024
12084    12.860494
12085    17.728849
12086    22.473316
12087    27.284609
12088    32.649631
12089    38.545822
12090    42.936005
12091    45.961712
12092    48.899776
12093    51.755440
12094    54.533463
12095    58.148285
Name: X, dtype: float64
18
19
Index:1    Loss:0.00187 
13968     0.490588
13969     1.245760
13970     2.349403
13971     3.984957
13972     7.172799
13973    10.789644
13974    14.925417
13975    20.282627
13976    26.674028
13977    31.305849
13978    35.616512
13979    39.750618
13980    43.830189
13981    46.841858
13982    49.764168
13983    52.602543
13984    55.361126
13985    58.496216
Name: X, dtype: float64
18
19
Index:2    Loss:0.00194 
15858     0.498813
15859     1.239803
15860     2.316923
15861     4.044648
15862     7.952158
15863    12.175834
15864    16.656191
15865    22.041237
15866    28.088306
15867    32.065742
15868    34.977886
15869    37.851376
15870    41.073231
15871    43.990482
15872    46.828388
15873    49.592281
15874    52.285259
15875    55.213360
21529     2.061319
21530     3.977252
21533    17.765987
21534    23.482344
21535    29.778053
21536    33.986713
21537    37.104710
21538    40.152061
21539    43.517235
21540    46.557972
21541    49.499695
21542    52.349857
21543    55.112770
Name: X, dtype: float64
31
19
Index:3    Loss:0.02326 
17748     0.646788
17749     1.577085
17750     2.959487
17751     5.284307
17752    10.296597
17753    14.711359
17754    20.360731
17755    26.319983
17756    31.586479
17757    35.700104
17758    38.704594
17759    41.658985
17760    44.954628
17761    47.931328
17762    50.818516
17763    53.620853
17764    56.343422
17765    59.212872
Name: X, dtype: float64
18
19
Index:4    Loss:0.00266 
19638     0.735767
19639     1.791250
19640     3.389124
19641     6.256111
19642    11.408984
19643    16.284878
19644    21.757643
19645    27.840591
19646    32.953201
19647    36.361851
19648    39.351341
19649    42.289715
19650    45.566231
19651    48.525036
19652    51.393246
19653    54.177410
19654    56.880836
19655    59.581833
Name: X, dtype: float64
18
19
Index:5    Loss:0.00187 
15860     2.316923
15861     4.044648
15864    16.656191
15865    22.041237
15866    28.088306
15867    32.065742
15868    34.977886
15869    37.851376
15870    41.073231
15871    43.990482
15872    46.828388
15873    49.592281
15874    52.285259
15875    55.213360
21528     0.845106
21529     2.061319
21530     3.977252
21531     7.863546
21532    12.860364
21533    17.765987
21534    23.482344
21535    29.778053
21536    33.986713
21537    37.104710
21538    40.152061
21539    43.517235
21540    46.557972
21541    49.499695
21542    52.349857
21543    55.112770
21544    57.571934
21545    59.957863
Name: X, dtype: float64
32
index + 17 dont exist in y_ground_df, continue
index + 17 dont exist in y_ground_df, continue
index + 17 dont exist in y_ground_df, continue
index + 17 dont exist in y_ground_df, continue
index + 17 dont exist in y_ground_df, continue
index + 17 dont exist in y_ground_df, continue
index + 17 dont exist in y_ground_df, continue
index + 17 dont exist in y_ground_df, continue
index + 17 dont exist in y_ground_df, continue
index + 17 dont exist in y_ground_df, continue
index + 17 dont exist in y_ground_df, continue
index + 17 dont exist in y_ground_df, continue
index + 17 dont exist in y_ground_df, continue
index + 17 dont exist in y_ground_df, continue
19
Index:6    Loss:0.00238 
Initial temperature generalization takes 1.208293656508128 min 12.497619390487671 sec.
