../Data/trainingdata_coking_V3_27_36_500ccl4.csv
            Experiment name: 0510_FPC_cokingV6_500epoch2
            Training Data: ../Data/trainingdata_coking_V3_27_36_500ccl4.csv
            Do k-fold: False
            Folds num: 10
            Learning rate: 0.001
            Batch size: 1800
            Epoch: 10000
            CSTR num: 100
            Training vebose: 1
            # Genearalization test
            mass flow rates = True
            CCl4 = True
            CHCl3 = True
            Tri = True
            Cp = True
            inital pressure = True
            number of tubes = False
            ncpus = 8
            training = False
            prediction only = False
                
Generalization test...
Case1: Mass flow rate...
coking CCl4:0.001, CHCl3:0.0002, Tri:0.0002, CP:0.0002
coking CCl4:0.001, CHCl3:0.0002, Tri:0.0002, CP:0.0002
coking CCl4:0.001, CHCl3:0.0002, Tri:0.0002, CP:0.0002
ML cracking rates
{'coking_rates': [0, 0.06893747299909592, 0.2168300449848175, 0.7409616708755493, 1.7814650535583496, 3.449862003326416, 4.819523811340332, 6.298069953918457, 7.420981407165527, 8.143121719360352, 9.129059791564941, 9.932194709777832, 10.705135345458984, 11.094332695007324, 11.404698371887207, 11.6691312789917, 11.891169548034668, 12.061108589172363, 12.088988304138184]}
ML cracking rates
{'coking_rates': [0, 0.1607845425605774, 0.6113113760948181, 1.8590351343154907, 3.577899694442749, 5.65852689743042, 6.8554511070251465, 8.734796524047852, 10.056039810180664, 11.10759449005127, 11.934370040893555, 12.472996711730957, 12.973782539367676, 13.486739158630371, 13.815290451049805, 14.006753921508789, 14.220253944396973, 14.330229759216309, 14.37429428100586]}
ML cracking rates
{'coking_rates': [0, 0.10936839878559113, 0.41229677200317383, 1.3285950422286987, 2.8573431968688965, 4.692121505737305, 6.16139030456543, 7.8548688888549805, 9.22221565246582, 10.092448234558105, 11.073387145996094, 11.672308921813965, 12.225042343139648, 12.629986763000488, 12.98541259765625, 13.221747398376465, 13.378423690795898, 13.546086311340332, 13.623504638671875]}
2412108     0.051031
2412109     0.259373
2412110     0.839435
2412111     2.008727
2412112     3.627506
2412113     5.252928
2412114     6.646089
2412115     7.793920
2412116     8.740439
2412117     9.524284
2412118    10.172385
2412119    10.703788
2412120    11.132666
2412121    11.470062
2412122    11.724974
2412123    11.904675
2412124    12.015196
2412125    12.061663
2412163     0.522509
2412164     1.447633
2412167     5.940591
2412168     7.136071
2412169     8.125824
2412170     8.948950
2412171     9.634081
2412172    10.201459
2412173    10.665765
2412174    11.038509
2412175    11.328745
2412176    11.543957
2412177    11.690276
Name: coke_rate, dtype: float64
19
312588     0.120052
312589     0.630795
312590     1.876290
312591     3.776497
312592     5.733775
312593     7.402928
312594     8.772405
312595     9.903454
312596    10.844570
312597    11.628284
312598    12.277795
312599    12.810925
312600    13.241911
312601    13.582482
312602    13.842204
312603    14.029009
312604    14.149343
312605    14.208492
312643     1.120544
312644     2.734652
312647     7.874967
312648     9.078176
312649    10.080854
312650    10.919562
312651    11.619529
312652    12.199737
312653    12.675093
312654    13.057680
312655    13.357583
312656    13.583102
312657    13.740950
Name: coke_rate, dtype: float64
19
1362348     0.090863
1362349     0.473526
1362350     1.468559
1362351     3.160815
1362352     5.070371
1362353     6.759039
1362354     8.149288
1362355     9.292605
1362356    10.240870
1362357    11.029535
1362358    11.683031
1362359    12.219500
1362360    12.652953
1362361    12.994862
1362362    13.254486
1362363    13.439510
1362364    13.556105
1362365    13.609495
1362403     0.881343
1362404     2.269406
1362407     7.304049
1362408     8.513445
1362409     9.517946
1362410    10.356814
1362411    11.056758
1362412    11.637027
1362413    12.112492
1362414    12.494909
1362415    12.793926
1362416    13.017546
1362417    13.172167
Name: coke_rate, dtype: float64
19
Error in 23 mass flow rate is 0.168225 
Error in 27 mass flow rate is 0.116983 
Error in 36 mass flow rate is 0.168345 
Mass flow rate generalization takes 0.15922333002090455 min 9.553399801254272 sec.
Case2: CCl4 concentration...
coking CCl4:0.0015, CHCl3:0.0002, Tri:0.0002, CP:0.0002coking CCl4:0.001, CHCl3:0.0002, Tri:0.0002, CP:0.0002

coking CCl4:0.0, CHCl3:0.0002, Tri:0.0002, CP:0.0002
coking CCl4:0.0025, CHCl3:0.0002, Tri:0.0002, CP:0.0002
coking CCl4:0.002, CHCl3:0.0002, Tri:0.0002, CP:0.0002
coking CCl4:0.0005, CHCl3:0.0002, Tri:0.0002, CP:0.0002
ML cracking rates
{'coking_rates': [0, 0.06657537072896957, 0.18791557848453522, 0.5529133081436157, 1.307848334312439, 2.471750497817993, 3.800506830215454, 4.891079425811768, 6.237812519073486, 7.071863651275635, 7.715457439422607, 8.495521545410156, 9.121167182922363, 9.520922660827637, 10.200849533081055, 10.54362964630127, 10.685317993164062, 10.729591369628906, 10.853796005249023]}
ML cracking rates
{'coking_rates': [0, 0.06271441280841827, 0.30289989709854126, 1.0566112995147705, 2.437969446182251, 4.300154209136963, 5.903655052185059, 7.468062400817871, 8.642484664916992, 9.386614799499512, 10.43228816986084, 11.063776969909668, 11.748722076416016, 12.299235343933105, 12.660087585449219, 12.98367691040039, 13.19043254852295, 13.354262351989746, 13.418599128723145]}
ML cracking rates
{'coking_rates': [0, 0.06556981056928635, 0.2805595099925995, 0.9588446617126465, 2.213550329208374, 4.05633544921875, 5.569241046905518, 7.1910600662231445, 8.29049301147461, 9.036947250366211, 10.067556381225586, 10.654999732971191, 11.323001861572266, 11.914230346679688, 12.27180004119873, 12.586008071899414, 12.809478759765625, 12.963765144348145, 13.012534141540527]}
ML cracking rates
{'coking_rates': [0, 0.06855802237987518, 0.2519201338291168, 0.8526731729507446, 2.0122876167297363, 3.801427125930786, 5.316163539886475, 6.781077861785889, 7.847906112670898, 8.55248737335205, 9.617010116577148, 10.22352123260498, 10.842288970947266, 11.49220085144043, 11.840027809143066, 12.139029502868652, 12.41535758972168, 12.527914047241211, 12.55394458770752]}
ML cracking rates
{'coking_rates': [0, 0.06667023152112961, 0.18824759125709534, 0.6501486301422119, 1.5683726072311401, 2.8205645084381104, 4.338649749755859, 5.864675521850586, 7.000127792358398, 7.937874794006348, 8.712798118591309, 9.392315864562988, 10.080078125, 10.605907440185547, 10.882928848266602, 11.057316780090332, 11.212684631347656, 11.389520645141602, 11.508697509765625]}
ML cracking rates
{'coking_rates': [0, 0.06893747299909592, 0.2168300449848175, 0.7409616708755493, 1.7814650535583496, 3.449862003326416, 4.819523811340332, 6.298069953918457, 7.420981407165527, 8.143121719360352, 9.129059791564941, 9.932194709777832, 10.705135345458984, 11.094332695007324, 11.404698371887207, 11.6691312789917, 11.891169548034668, 12.061108589172363, 12.088988304138184]}
2318796     0.042034
2318797     0.198198
2318798     0.610536
2318799     1.458098
2318800     2.766140
2318801     4.252039
2318802     5.615491
2318803     6.759532
2318804     7.700069
2318805     8.472729
2318806     9.106239
2318807     9.621431
2318808    10.033444
2318809    10.354086
2318810    10.592603
2318811    10.756612
2318812    10.852402
2318813    10.885282
2318851     0.389675
2318852     1.059168
2318855     4.999587
2318856     6.185689
2318857     7.169498
2318858     7.982060
2318859     8.652927
2318860     9.203992
2318861     9.651196
2318862    10.006619
2318863    10.279840
2318864    10.478545
2318865    10.609162
Name: coke_rate, dtype: float64
19
2505420     0.060874
2505421     0.332547
2505422     1.126946
2505423     2.676762
2505424     4.597133
2505425     6.343351
2505426     7.774921
2505427     8.942628
2505428     9.907199
2505429    10.709661
2505430    11.376851
2505431    11.927716
2505432    12.376476
2505433    12.734246
2505434    13.009985
2505435    13.210896
2505436    13.342896
2505437    13.410877
2505475     0.682462
2505476     1.918009
2505479     6.968979
2505480     8.190012
2505481     9.199333
2505482    10.041632
2505483    10.746170
2505484    11.333141
2505485    11.817304
2505486    12.210155
2505487    12.520940
2505488    12.757039
2505489    12.924513
Name: coke_rate, dtype: float64
19
2482092     0.057824
2482093     0.309338
2482094     1.035053
2482095     2.467560
2482096     4.301916
2482097     6.015086
2482098     7.435018
2482099     8.595754
2482100     9.554082
2482101    10.350430
2482102    11.011507
2482103    11.556201
2482104    11.998638
2482105    12.349875
2482106    12.618832
2482107    12.812784
2482108    12.937566
2482109    12.998103
2482147     0.631771
2482148     1.770128
2482151     6.659466
2482152     7.871960
2482153     8.874625
2482154     9.710596
2482155    10.408962
2482156    10.989731
2482157    11.467694
2482158    11.854222
2482159    12.158466
2482160    12.387805
2482161    12.548300
Name: coke_rate, dtype: float64
19
2458764     0.054558
2458765     0.285069
2458766     0.939603
2458767     2.245914
2458768     3.981025
2458769     5.654766
2458770     7.061928
2458771     8.215879
2458772     9.168129
2458773     9.958221
2458774    10.612997
2458775    11.151235
2458776    11.587115
2458777    11.931636
2458778    12.193695
2458779    12.380568
2458780    12.498203
2458781    12.551604
2458819     0.578743
2458820     1.614107
2458823     6.319566
2458824     7.523459
2458825     8.519419
2458826     9.348962
2458827    10.040862
2458828    10.615141
2458829    11.086557
2458830    11.466403
2458831    11.763859
2458832    11.986262
2458833    12.139732
Name: coke_rate, dtype: float64
19
2365452     0.047019
2365453     0.231298
2365454     0.732018
2365455     1.750430
2365456     3.229938
2365457     4.794542
2365458     6.172507
2365459     7.315934
2365460     8.257946
2365461     9.035761
2365462     9.676847
2365463    10.200770
2365464    10.621922
2365465    10.951639
2365466    11.198903
2365467    11.371100
2365468    11.474459
2365469    11.514159
2365507     0.461292
2365508     1.266418
2365511     5.508770
2365512     6.697201
2365513     7.682135
2365514     8.499227
2365515     9.177409
2365516     9.737183
2365517    10.193661
2365518    10.558488
2365519    10.840881
2365520    11.048385
2365521    11.187271
Name: coke_rate, dtype: float64
19
2412108     0.051031
2412109     0.259373
2412110     0.839435
2412111     2.008727
2412112     3.627506
2412113     5.252928
2412114     6.646089
2412115     7.793920
2412116     8.740439
2412117     9.524284
2412118    10.172385
2412119    10.703788
2412120    11.132666
2412121    11.470062
2412122    11.724974
2412123    11.904675
2412124    12.015196
2412125    12.061663
2412163     0.522509
2412164     1.447633
2412167     5.940591
2412168     7.136071
2412169     8.125824
2412170     8.948950
2412171     9.634081
2412172    10.201459
2412173    10.665765
2412174    11.038509
2412175    11.328745
2412176    11.543957
2412177    11.690276
Name: coke_rate, dtype: float64
19
Error in concentration in 0.0ppm is 0.298502 
Error in concentration in 500.0ppm is 0.175732 
Error in concentration in 1000.0ppm is 0.168345 
Error in concentration in 1500.0ppm is 0.184107 
Error in concentration in 2000.0ppm is 0.170334 
Error in concentration in 2500.0ppm is 0.167978 
CCl4 concentration generalization takes 0.167517352104187 min 10.05104112625122 sec.
Case3: CHCl3 concentration...
coking CCl4:0.001, CHCl3:0.0005, Tri:0.0002, CP:0.0002
coking CCl4:0.001, CHCl3:0.0, Tri:0.0002, CP:0.0002
coking CCl4:0.001, CHCl3:0.0002, Tri:0.0002, CP:0.0002
coking CCl4:0.001, CHCl3:0.0001, Tri:0.0002, CP:0.0002
coking CCl4:0.001, CHCl3:0.0003, Tri:0.0002, CP:0.0002
coking CCl4:0.001, CHCl3:0.0004, Tri:0.0002, CP:0.0002
ML cracking rates
{'coking_rates': [0, 0.0710434541106224, 0.19526751339435577, 0.7067158818244934, 1.7995176315307617, 3.372889518737793, 4.8259172439575195, 6.370137691497803, 7.5606303215026855, 8.33961296081543, 9.306644439697266, 10.18073844909668, 10.775372505187988, 11.154627799987793, 11.437056541442871, 11.679120063781738, 11.90127182006836, 12.090288162231445, 12.155611038208008]}
ML cracking rates
{'coking_rates': [0, 0.06893747299909592, 0.2168300449848175, 0.7409616708755493, 1.7814650535583496, 3.449862003326416, 4.819523811340332, 6.298069953918457, 7.420981407165527, 8.143121719360352, 9.129059791564941, 9.932194709777832, 10.705135345458984, 11.094332695007324, 11.404698371887207, 11.6691312789917, 11.891169548034668, 12.061108589172363, 12.088988304138184]}
ML cracking rates
{'coking_rates': [0, 0.0689469650387764, 0.2370454967021942, 0.7708152532577515, 1.7697588205337524, 3.5269389152526855, 4.879268646240234, 6.344448566436768, 7.454904556274414, 8.159504890441895, 9.138802528381348, 9.877904891967773, 10.615166664123535, 11.083328247070312, 11.409308433532715, 11.666911125183105, 11.885610580444336, 12.034157752990723, 12.061174392700195]}
ML cracking rates
{'coking_rates': [0, 0.07058810442686081, 0.1942334920167923, 0.7177390456199646, 1.7952297925949097, 3.3866732120513916, 4.81072998046875, 6.331328868865967, 7.4975080490112305, 8.25564956665039, 9.263747215270996, 10.098699569702148, 10.755640983581543, 11.136148452758789, 11.411785125732422, 11.675562858581543, 11.898881912231445, 12.088068008422852, 12.13589859008789]}
ML cracking rates
{'coking_rates': [0, 0.06947819888591766, 0.20321708917617798, 0.7232885360717773, 1.7899174690246582, 3.403426170349121, 4.7967753410339355, 6.293203353881836, 7.434964179992676, 8.174854278564453, 9.171767234802246, 10.012364387512207, 10.734808921813965, 11.116445541381836, 11.408939361572266, 11.672755241394043, 11.895466804504395, 12.084710121154785, 12.114136695861816]}
ML cracking rates
{'coking_rates': [0, 0.06897541880607605, 0.2549937069416046, 0.7999573945999146, 1.7567435503005981, 3.6087398529052734, 4.940948963165283, 6.391425132751465, 7.488932132720947, 8.175005912780762, 9.146760940551758, 9.813966751098633, 10.514070510864258, 11.068254470825195, 11.404044151306152, 11.678550720214844, 11.893854141235352, 12.014994621276855, 12.037097930908203]}
2423772     0.051311
2423773     0.261673
2423774     0.848924
2423775     2.032425
2423776     3.664832
2423777     5.297123
2423778     6.692896
2423779     7.841960
2423780     8.789419
2423781     9.574121
2423782    10.223051
2423783    10.755189
2423784    11.184831
2423785    11.523012
2423786    11.778669
2423787    11.959101
2423788    12.070339
2423789    12.117476
2423827     0.527720
2423828     1.463906
2423831     5.982954
2423832     7.180081
2423833     8.170907
2423834     8.994911
2423835     9.680903
2423836    10.249070
2423837    10.714184
2423838    11.087671
2423839    11.378639
2423840    11.594627
2423841    11.741663
Name: coke_rate, dtype: float64
19
2412108     0.051031
2412109     0.259373
2412110     0.839435
2412111     2.008727
2412112     3.627506
2412113     5.252928
2412114     6.646089
2412115     7.793920
2412116     8.740439
2412117     9.524284
2412118    10.172385
2412119    10.703788
2412120    11.132666
2412121    11.470062
2412122    11.724974
2412123    11.904675
2412124    12.015196
2412125    12.061663
2412163     0.522509
2412164     1.447633
2412167     5.940591
2412168     7.136071
2412169     8.125824
2412170     8.948950
2412171     9.634081
2412172    10.201459
2412173    10.665765
2412174    11.038509
2412175    11.328745
2412176    11.543957
2412177    11.690276
Name: coke_rate, dtype: float64
19
2408220     0.050916
2408221     0.258551
2408222     0.836105
2408223     2.000410
2408224     3.614402
2408225     5.237477
2408226     6.629755
2408227     7.777180
2408228     8.723404
2408229     9.506958
2408230    10.154770
2408231    10.685887
2408232    11.114504
2408233    11.451652
2408234    11.706297
2408235    11.885774
2408236    11.996030
2408237    12.042269
2408275     0.520701
2408276     1.441966
2408279     5.925815
2408280     7.120773
2408281     8.110172
2408282     8.933002
2408283     9.617844
2408284    10.184944
2408285    10.649000
2408286    11.021481
2408287    11.311449
2408288    11.526413
2408289    11.672468
Name: coke_rate, dtype: float64
19
2415996     0.051125
2415997     0.260143
2415998     0.842657
2415999     2.016804
2416000     3.640252
2416001     5.268013
2416002     6.662051
2416003     7.810302
2416004     8.757125
2416005     9.541298
2416006    10.189679
2416007    10.721319
2416008    11.150433
2416009    11.488127
2416010    11.743315
2416011    11.923232
2416012    12.034004
2416013    12.080688
2416051     0.524286
2416052     1.453178
2416055     5.954975
2416056     7.151021
2416057     8.141101
2416058     8.964503
2416059     9.649919
2416060    10.217577
2416061    10.682152
2416062    11.055129
2416063    11.345673
2416064    11.561109
2416065    11.707670
Name: coke_rate, dtype: float64
19
2404332     0.050792
2404333     0.257698
2404334     0.832690
2404335     1.991903
2404336     3.601029
2404337     5.221701
2404338     6.613094
2404339     7.760139
2404340     8.706067
2404341     9.489338
2404342    10.136875
2404343    10.667750
2404344    11.096065
2404345    11.432973
2404346    11.687379
2404347    11.866575
2404348    11.976637
2404349    12.022605
2404387     0.518856
2404388     1.436170
2404391     5.910744
2404392     7.105176
2404393     8.094232
2404394     8.916726
2404395     9.601302
2404396    10.168090
2404397    10.631909
2404398    11.004062
2404399    11.293810
2404400    11.508535
2404401    11.654345
Name: coke_rate, dtype: float64
19
2419884     0.051241
2419885     0.260963
2419886     0.845891
2419887     2.024778
2419888     3.652754
2419889     5.282780
2419890     6.677670
2419891     7.826325
2419892     8.773457
2419893     9.557875
2419894    10.206520
2419895    10.738431
2419896    11.167789
2419897    11.505721
2419898    11.761102
2419899    11.941296
2419900    12.052314
2419901    12.099213
2419939     0.526019
2419940     1.458601
2419943     5.969148
2419944     7.165711
2419945     8.156179
2419946     8.979882
2419947     9.665580
2419948    10.233482
2419949    10.698338
2419950    11.071581
2419951    11.362350
2419952    11.578072
2419953    11.724865
Name: coke_rate, dtype: float64
19
CHCl3 eror in concentration in 0.0ppm is 0.135055 
CHCl3 eror in concentration in 100.0ppm is 0.149393 
CHCl3 eror in concentration in 200.0ppm is 0.168345 
CHCl3 eror in concentration in 300.0ppm is 0.174318 
CHCl3 eror in concentration in 400.0ppm is 0.164211 
CHCl3 eror in concentration in 500.0ppm is 0.154731 
CHCl3 concentration generalization takes 0.16122753222783406 min 9.673651933670044 sec.
Case4: Tri concentration...
coking CCl4:0.001, CHCl3:0.0002, Tri:0.0, CP:0.0002
coking CCl4:0.001, CHCl3:0.0002, Tri:0.0003, CP:0.0002
coking CCl4:0.001, CHCl3:0.0002, Tri:0.0002, CP:0.0002
coking CCl4:0.001, CHCl3:0.0002, Tri:0.0004, CP:0.0002
coking CCl4:0.001, CHCl3:0.0002, Tri:0.0005, CP:0.0002
coking CCl4:0.001, CHCl3:0.0002, Tri:0.0001, CP:0.0002
ML cracking rates
{'coking_rates': [0, 0.06891850382089615, 0.2167826145887375, 0.7407909035682678, 1.7809813022613525, 3.44828724861145, 4.81809139251709, 6.2972917556762695, 7.400746822357178, 8.098422050476074, 9.077226638793945, 9.891584396362305, 10.692508697509766, 11.083271980285645, 11.403427124023438, 11.666067123413086, 11.887810707092285, 12.057910919189453, 12.085810661315918]}
ML cracking rates
{'coking_rates': [0, 0.06892798840999603, 0.21680158376693726, 0.7408762574195862, 1.781218409538269, 3.4490652084350586, 4.818802833557129, 6.29684591293335, 7.400158882141113, 8.113363265991211, 9.102621078491211, 9.911837577819824, 10.698826789855957, 11.089523315429688, 11.403712272644043, 11.667499542236328, 11.889480590820312, 12.059514045715332, 12.087394714355469]}
ML cracking rates
{'coking_rates': [0, 0.06893747299909592, 0.2168300449848175, 0.7409616708755493, 1.7814650535583496, 3.449862003326416, 4.819523811340332, 6.298069953918457, 7.420981407165527, 8.143121719360352, 9.129059791564941, 9.932194709777832, 10.705135345458984, 11.094332695007324, 11.404698371887207, 11.6691312789917, 11.891169548034668, 12.061108589172363, 12.088988304138184]}
ML cracking rates
{'coking_rates': [0, 0.06983868032693863, 0.21934393048286438, 0.7466060519218445, 1.7812658548355103, 3.463712215423584, 4.827701091766357, 6.312469959259033, 7.426682472229004, 8.141623497009277, 9.126289367675781, 9.946870803833008, 10.703190803527832, 11.095015525817871, 11.403465270996094, 11.670990943908691, 11.893664360046387, 12.0639066696167, 12.092100143432617]}
ML cracking rates
{'coking_rates': [0, 0.07227668166160583, 0.2264397293329239, 0.7540338635444641, 1.774985909461975, 3.5267112255096436, 4.841854572296143, 6.316586971282959, 7.410337448120117, 8.11242389678955, 9.08702564239502, 9.895795822143555, 10.670642852783203, 11.093526840209961, 11.4028959274292, 11.676321983337402, 11.899621963500977, 12.069864273071289, 12.098133087158203]}
ML cracking rates
{'coking_rates': [0, 0.07105293869972229, 0.22287285327911377, 0.7573351263999939, 1.7782301902770996, 3.491658926010132, 4.8143439292907715, 6.3000712394714355, 7.405309677124023, 8.111532211303711, 9.088685989379883, 9.883644104003906, 10.67554759979248, 11.09445571899414, 11.403190612792969, 11.673656463623047, 11.896642684936523, 12.066884994506836, 12.09511661529541]}
2410812     0.051036
2410813     0.259397
2410814     0.839526
2410815     2.008933
2410816     3.627836
2410817     5.253332
2410818     6.646517
2410819     7.794358
2410820     8.740895
2410821     9.524759
2410822    10.172873
2410823    10.704271
2410824    11.133133
2410825    11.470569
2410826    11.725450
2410827    11.905155
2410828    12.015661
2410829    12.062122
2410867     0.522561
2410868     1.447787
2410871     5.941012
2410872     7.136528
2410873     8.126288
2410874     8.949441
2410875     9.634604
2410876    10.201976
2410877    10.666314
2410878    11.039063
2410879    11.329304
2410880    11.544504
2410881    11.690817
Name: coke_rate, dtype: float64
19
2412756     0.051024
2412757     0.259351
2412758     0.839373
2412759     2.008594
2412760     3.627304
2412761     5.252697
2412762     6.645839
2412763     7.793646
2412764     8.740177
2412765     9.524014
2412766    10.172117
2412767    10.703527
2412768    11.132409
2412769    11.469797
2412770    11.724712
2412771    11.904423
2412772    12.014955
2412773    12.061411
2412811     0.522484
2412812     1.447551
2412815     5.940309
2412816     7.135770
2412817     8.125517
2412818     8.948586
2412819     9.633722
2412820    10.201082
2412821    10.665394
2412822    11.038169
2412823    11.328389
2412824    11.543617
2412825    11.689936
Name: coke_rate, dtype: float64
19
2412108     0.051031
2412109     0.259373
2412110     0.839435
2412111     2.008727
2412112     3.627506
2412113     5.252928
2412114     6.646089
2412115     7.793920
2412116     8.740439
2412117     9.524284
2412118    10.172385
2412119    10.703788
2412120    11.132666
2412121    11.470062
2412122    11.724974
2412123    11.904675
2412124    12.015196
2412125    12.061663
2412163     0.522509
2412164     1.447633
2412167     5.940591
2412168     7.136071
2412169     8.125824
2412170     8.948950
2412171     9.634081
2412172    10.201459
2412173    10.665765
2412174    11.038509
2412175    11.328745
2412176    11.543957
2412177    11.690276
Name: coke_rate, dtype: float64
19
2411460     0.051036
2411461     0.259394
2411462     0.839497
2411463     2.008842
2411464     3.627674
2411465     5.253137
2411466     6.646299
2411467     7.794120
2411468     8.740656
2411469     9.524508
2411470    10.172626
2411471    10.704038
2411472    11.132899
2411473    11.470314
2411474    11.725204
2411475    11.904903
2411476    12.015455
2411477    12.061895
2411515     0.522524
2411516     1.447693
2411519     5.940740
2411520     7.136238
2411521     8.125989
2411522     8.949125
2411523     9.634251
2411524    10.201640
2411525    10.665964
2411526    11.038723
2411527    11.328937
2411528    11.544159
2411529    11.690469
Name: coke_rate, dtype: float64
19
2413404     0.051018
2413405     0.259329
2413406     0.839313
2413407     2.008471
2413408     3.627130
2413409     5.252470
2413410     6.645585
2413411     7.793388
2413412     8.739903
2413413     9.523737
2413414    10.171845
2413415    10.703228
2413416    11.132136
2413417    11.469531
2413418    11.724468
2413419    11.904157
2413420    12.014730
2413421    12.061212
2413459     0.522456
2413460     1.447480
2413463     5.940094
2413464     7.135534
2413465     8.125249
2413466     8.948365
2413467     9.633486
2413468    10.200861
2413469    10.665157
2413470    11.037902
2413471    11.328132
2413472    11.543367
2413473    11.689700
Name: coke_rate, dtype: float64
19
2414052     0.051023
2414053     0.259323
2414054     0.839275
2414055     2.008356
2414056     3.626933
2414057     5.252247
2414058     6.645343
2414059     7.793121
2414060     8.739622
2414061     9.523440
2414062    10.171556
2414063    10.702940
2414064    11.131842
2414065    11.469244
2414066    11.724182
2414067    11.903911
2414068    12.014427
2414069    12.060921
2414107     0.522432
2414108     1.447403
2414111     5.939865
2414112     7.135286
2414113     8.124987
2414114     8.948086
2414115     9.633190
2414116    10.200548
2414117    10.664858
2414118    11.037600
2414119    11.327842
2414120    11.543074
2414121    11.689435
Name: coke_rate, dtype: float64
19
Tri error in concentration in 0.0ppm is 0.178291 
Tri error in concentration in 100.0ppm is 0.174259 
Tri error in concentration in 200.0ppm is 0.168345 
Tri error in concentration in 300.0ppm is 0.165134 
Tri error in concentration in 400.0ppm is 0.173874 
Tri error in concentration in 500.0ppm is 0.169265 
Tri concentration generalization takes 0.16609227259953815 min 9.96553635597229 sec.
Case5: CP concentration...
coking CCl4:0.001, CHCl3:0.0002, Tri:0.0002, CP:0.0
coking CCl4:0.001, CHCl3:0.0002, Tri:0.0002, CP:0.0003
coking CCl4:0.001, CHCl3:0.0002, Tri:0.0002, CP:0.0004
coking CCl4:0.001, CHCl3:0.0002, Tri:0.0002, CP:0.0001
coking CCl4:0.001, CHCl3:0.0002, Tri:0.0002, CP:0.0005
coking CCl4:0.001, CHCl3:0.0002, Tri:0.0002, CP:0.0002
ML cracking rates
{'coking_rates': [0, 0.06916514784097672, 0.21759843826293945, 0.744291365146637, 1.7906004190444946, 3.457716703414917, 4.8300628662109375, 6.30436897277832, 7.427659511566162, 8.151716232299805, 9.138545989990234, 9.942402839660645, 10.70010757446289, 11.088470458984375, 11.401947021484375, 11.666446685791016, 11.888351440429688, 12.057958602905273, 12.085762977600098]}
ML cracking rates
{'coking_rates': [0, 0.06892798840999603, 0.21682055294513702, 0.7408288717269897, 1.781341791152954, 3.4493308067321777, 4.819068431854248, 6.299066066741943, 7.422224044799805, 8.144601821899414, 9.130672454833984, 9.933438301086426, 10.706103324890137, 11.095736503601074, 11.406272888183594, 11.670772552490234, 11.892876625061035, 12.062948226928711, 12.09085750579834]}
ML cracking rates
{'coking_rates': [0, 0.06907977163791656, 0.2172853797674179, 0.7430676221847534, 1.7870146036148071, 3.454719066619873, 4.825936317443848, 6.301560878753662, 7.424557685852051, 8.147732734680176, 9.134116172790527, 9.93752670288086, 10.700201988220215, 11.089987754821777, 11.402061462402344, 11.666494369506836, 11.888437271118164, 12.058157920837402, 12.085990905761719]}
ML cracking rates
{'coking_rates': [0, 0.06893747299909592, 0.2168300449848175, 0.7409616708755493, 1.7814650535583496, 3.449862003326416, 4.819523811340332, 6.298069953918457, 7.420981407165527, 8.143121719360352, 9.129059791564941, 9.932194709777832, 10.705135345458984, 11.094332695007324, 11.404698371887207, 11.6691312789917, 11.891169548034668, 12.061108589172363, 12.088988304138184]}
ML cracking rates
{'coking_rates': [0, 0.06899439543485641, 0.21698182821273804, 0.7418344020843506, 1.7834287881851196, 3.451730728149414, 4.821819305419922, 6.29874324798584, 7.421464920043945, 8.14374828338623, 9.129694938659668, 9.93277359008789, 10.700904846191406, 11.091714859008789, 11.402460098266602, 11.666845321655273, 11.888826370239258, 12.058631896972656, 12.0864839553833]}
ML cracking rates
{'coking_rates': [0, 0.06891850382089615, 0.2168300449848175, 0.7408193945884705, 1.7812469005584717, 3.4488184452056885, 4.818613052368164, 6.3000712394714355, 7.423466682434082, 8.146072387695312, 9.132285118103027, 9.934700012207031, 10.707070350646973, 11.097140312194824, 11.407848358154297, 11.672423362731934, 11.894584655761719, 12.064779281616211, 12.092717170715332]}
2412432     0.050970
2412433     0.259036
2412434     0.838338
2412435     2.006274
2412436     3.623760
2412437     5.248413
2412438     6.641139
2412439     7.788699
2412440     8.735044
2412441     9.518803
2412442    10.166817
2412443    10.698236
2412444    11.127178
2412445    11.464662
2412446    11.719663
2412447    11.899575
2412448    12.010240
2412449    12.056904
2412487     0.521879
2412488     1.445956
2412491     5.936068
2412492     7.131224
2412493     8.120709
2412494     8.943681
2412495     9.628714
2412496    10.196020
2412497    10.660350
2412498    11.033125
2412499    11.323464
2412500    11.538809
2412501    11.685253
Name: coke_rate, dtype: float64
19
2412324     0.050989
2412325     0.259144
2412326     0.838697
2412327     2.007092
2412328     3.625018
2412329     5.249929
2412330     6.642793
2412331     7.790466
2412332     8.736871
2412333     9.520658
2412334    10.168765
2412335    10.700118
2412336    11.129039
2412337    11.466499
2412338    11.721487
2412339    11.901297
2412340    12.011921
2412341    12.058523
2412379     0.522089
2412380     1.446519
2412383     5.937612
2412384     7.132857
2412385     8.122469
2412386     8.945482
2412387     9.630548
2412388    10.197879
2412389    10.662225
2412390    11.034998
2412391    11.325281
2412392    11.540585
2412393    11.687012
Name: coke_rate, dtype: float64
19
2411892     0.051066
2411893     0.259593
2411894     0.840167
2411895     2.010336
2411896     3.629989
2411897     5.255931
2411898     6.649373
2411899     7.797363
2411900     8.744020
2411901     9.527951
2411902    10.176068
2411903    10.707475
2411904    11.136302
2411905    11.473698
2411906    11.728491
2411907    11.908116
2411908    12.018535
2411909    12.064851
2411947     0.522917
2411948     1.448732
2411951     5.943518
2411952     7.139218
2411953     8.129136
2411954     8.952365
2411955     9.637577
2411956    10.204960
2411957    10.669293
2411958    11.041970
2411959    11.332188
2411960    11.547318
2411961    11.693541
Name: coke_rate, dtype: float64
19
2412000     0.051048
2412001     0.259479
2412002     0.839799
2412003     2.009527
2412004     3.628748
2412005     5.254439
2412006     6.647733
2412007     7.795628
2412008     8.742217
2412009     9.526101
2412010    10.174224
2412011    10.705641
2412012    11.134488
2412013    11.471879
2412014    11.726739
2412015    11.906414
2412016    12.016862
2412017    12.063260
2412055     0.522715
2412056     1.448189
2412059     5.942042
2412060     7.137646
2412061     8.127472
2412062     8.950653
2412063     9.635807
2412064    10.203176
2412065    10.667553
2412066    11.040237
2412067    11.330456
2412068    11.545636
2412069    11.691911
Name: coke_rate, dtype: float64
19
2412216     0.051007
2412217     0.259248
2412218     0.839052
2412219     2.007895
2412220     3.626267
2412221     5.251444
2412222     6.644452
2412223     7.792207
2412224     8.738687
2412225     9.522490
2412226    10.170574
2412227    10.701987
2412228    11.130865
2412229    11.468318
2412230    11.723286
2412231    11.903026
2412232    12.013602
2412233    12.060142
2412271     0.522301
2412272     1.447075
2412275     5.939077
2412276     7.134456
2412277     8.124136
2412278     8.947203
2412279     9.632300
2412280    10.199661
2412281    10.663969
2412282    11.036762
2412283    11.326977
2412284    11.542276
2412285    11.688613
Name: coke_rate, dtype: float64
19
2412108     0.051031
2412109     0.259373
2412110     0.839435
2412111     2.008727
2412112     3.627506
2412113     5.252928
2412114     6.646089
2412115     7.793920
2412116     8.740439
2412117     9.524284
2412118    10.172385
2412119    10.703788
2412120    11.132666
2412121    11.470062
2412122    11.724974
2412123    11.904675
2412124    12.015196
2412125    12.061663
2412163     0.522509
2412164     1.447633
2412167     5.940591
2412168     7.136071
2412169     8.125824
2412170     8.948950
2412171     9.634081
2412172    10.201459
2412173    10.665765
2412174    11.038509
2412175    11.328745
2412176    11.543957
2412177    11.690276
Name: coke_rate, dtype: float64
19
CP error in concentration in 0.0ppm is 0.169202 
CP error in concentration in 100.0ppm is 0.168757 
CP error in concentration in 200.0ppm is 0.168345 
CP error in concentration in 300.0ppm is 0.167168 
CP error in concentration in 400.0ppm is 0.164691 
CP error in concentration in 500.0ppm is 0.162309 
CP concentration generalization takes 0.16107033093770345 min 9.664219856262207 sec.
Case3: Initial pressure...
coking CCl4:0.001, CHCl3:0.0002, Tri:0.0002, CP:0.0002
coking CCl4:0.001, CHCl3:0.0002, Tri:0.0002, CP:0.0002
coking CCl4:0.001, CHCl3:0.0002, Tri:0.0002, CP:0.0002
coking CCl4:0.001, CHCl3:0.0002, Tri:0.0002, CP:0.0002
coking CCl4:0.001, CHCl3:0.0002, Tri:0.0002, CP:0.0002
ML cracking rates
{'coking_rates': [0, 0.07686808705329895, 0.2636263072490692, 0.9345406293869019, 2.139528274536133, 4.018152713775635, 5.472878456115723, 6.969999313354492, 8.174341201782227, 9.07217025756836, 10.147649765014648, 11.270580291748047, 11.844505310058594, 12.2815523147583, 12.636067390441895, 12.996606826782227, 13.29345417022705, 13.477680206298828, 13.498720169067383]}
ML cracking rates
{'coking_rates': [0, 0.08694261312484741, 0.3099103271961212, 1.1169730424880981, 2.5464651584625244, 4.557187557220459, 6.161039352416992, 7.629672050476074, 9.271411895751953, 10.052985191345215, 11.547554016113281, 12.353848457336426, 12.871842384338379, 13.482081413269043, 13.947027206420898, 14.31918716430664, 14.548321723937988, 14.709628105163574, 14.851372718811035]}
ML cracking rates
{'coking_rates': [0, 0.04971808195114136, 0.14469565451145172, 0.49105262756347656, 1.3115954399108887, 2.5526883602142334, 3.6730005741119385, 4.801177024841309, 5.736912727355957, 6.44216775894165, 7.153977870941162, 7.694112777709961, 8.123892784118652, 8.416633605957031, 8.869976997375488, 9.08425521850586, 9.211183547973633, 9.302945137023926, 9.305752754211426]}
ML cracking rates
{'coking_rates': [0, 0.05907164886593819, 0.17290812730789185, 0.6049365401268005, 1.531261920928955, 2.9516756534576416, 4.242676258087158, 5.560997486114502, 6.610968112945557, 7.293503284454346, 8.127223014831543, 8.712949752807617, 9.37148380279541, 9.868864059448242, 10.168140411376953, 10.370123863220215, 10.524467468261719, 10.649554252624512, 10.717050552368164]}
ML cracking rates
{'coking_rates': [0, 0.06893747299909592, 0.2168300449848175, 0.7409616708755493, 1.7814650535583496, 3.449862003326416, 4.819523811340332, 6.298069953918457, 7.420981407165527, 8.143121719360352, 9.129059791564941, 9.932194709777832, 10.705135345458984, 11.094332695007324, 11.404698371887207, 11.6691312789917, 11.891169548034668, 12.061108589172363, 12.088988304138184]}
2832012     0.074726
2832013     0.377326
2832014     1.191918
2832015     2.735639
2832016     4.720776
2832017     6.618535
2832018     8.219948
2832019     9.543361
2832020    10.644840
2832021    11.567291
2832022    12.339885
2832023    12.983475
2832024    13.513798
2832025    13.943394
2832026    14.282490
2832027    14.539416
2832028    14.721132
2832029    14.833317
2832067     0.733417
2832068     1.964479
2832071     7.334037
2832072     8.714817
2832073     9.866310
2832074    10.833573
2832075    11.648018
2832076    12.331816
2832077    12.901314
2832078    13.369413
2832079    13.746684
2832080    14.041503
2832081    14.261038
Name: coke_rate, dtype: float64
19
2622060     0.062326
2622061     0.316055
2622062     1.011237
2622063     2.369451
2622064     4.177270
2622065     5.943125
2622066     7.442074
2622067     8.678043
2622068     9.701968
2622069    10.554850
2622070    11.264763
2622071    11.851571
2622072    12.330357
2622073    12.712885
2622074    13.008651
2622075    13.225486
2622076    13.369826
2622077    13.447022
2622115     0.625104
2622116     1.703268
2622119     6.645920
2622120     7.934907
2622121     9.005759
2622122     9.900838
2622123    10.650389
2622124    11.275502
2622125    11.791841
2622126    12.211527
2622127    12.544329
2622128    12.798181
2622129    12.979658
Name: coke_rate, dtype: float64
19
2202156     0.040814
2202157     0.207571
2202158     0.678294
2202159     1.657404
2202160     3.074508
2202161     4.548349
2202162     5.830621
2202163     6.888660
2202164     7.757653
2202165     8.473076
2202166     9.060438
2202167     9.537815
2202168     9.918551
2202169    10.213131
2202170    10.429868
2202171    10.575619
2202172    10.656147
2202173    10.676238
2202211     0.426497
2202212     1.200223
2202215     5.217201
2202216     6.316483
2202217     7.224284
2202218     7.975475
2202219     8.596787
2202220     9.107328
2202221     9.520968
2202222     9.848471
2202223    10.098374
2202224    10.277559
2202225    10.391803
Name: coke_rate, dtype: float64
19
1992204    0.031768
1992205    0.161115
1992206    0.530050
1992207    1.321035
1992208    2.523919
1992209    3.831787
1992210    4.995564
1992211    5.960791
1992212    6.751437
1992213    7.398695
1992214    7.926251
1992215    8.350990
1992216    8.685557
1992217    8.939673
1992218    9.121127
1992219    9.236382
1992220    9.290815
1992221    9.289030
1992259    0.338015
1992260    0.964324
1992263    4.475681
1992264    5.474489
1992265    6.298680
1992266    6.977451
1992267    7.535286
1992268    7.989873
1992269    8.354282
1992270    8.638427
1992271    8.850212
1992272    8.996151
1992273    9.081628
Name: coke_rate, dtype: float64
19
2412108     0.051031
2412109     0.259373
2412110     0.839435
2412111     2.008727
2412112     3.627506
2412113     5.252928
2412114     6.646089
2412115     7.793920
2412116     8.740439
2412117     9.524284
2412118    10.172385
2412119    10.703788
2412120    11.132666
2412121    11.470062
2412122    11.724974
2412123    11.904675
2412124    12.015196
2412125    12.061663
2412163     0.522509
2412164     1.447633
2412167     5.940591
2412168     7.136071
2412169     8.125824
2412170     8.948950
2412171     9.634081
2412172    10.201459
2412173    10.665765
2412174    11.038509
2412175    11.328745
2412176    11.543957
2412177    11.690276
Name: coke_rate, dtype: float64
19
Error in 10.4atm is 0.112179 
Error in 11.4atm is 0.147634 
Error in 12.4atm is 0.168345 
Error in 13.4atm is 0.178621 
Error in 14.4atm is 0.140777 
Initial pressure generalization takes 0.16717936992645263 min 10.030762195587158 sec.
Case7: Initial T_in...
coking CCl4:0.001, CHCl3:0.0002, Tri:0.0002, CP:0.0002
coking CCl4:0.001, CHCl3:0.0002, Tri:0.0002, CP:0.0002
coking CCl4:0.001, CHCl3:0.0002, Tri:0.0002, CP:0.0002
coking CCl4:0.001, CHCl3:0.0002, Tri:0.0002, CP:0.0002
coking CCl4:0.001, CHCl3:0.0002, Tri:0.0002, CP:0.0002
coking CCl4:0.001, CHCl3:0.0002, Tri:0.0002, CP:0.0002
ML cracking rates
{'coking_rates': [0, 0.14740875363349915, 0.4894304573535919, 1.373721718788147, 2.71368145942688, 4.273497581481934, 5.62985897064209, 6.89333963394165, 7.7963948249816895, 8.660774230957031, 9.48128890991211, 10.312996864318848, 10.720351219177246, 11.05832290649414, 11.367853164672852, 11.623852729797363, 11.826766014099121, 11.928716659545898, 11.975968360900879]}
ML cracking rates
{'coking_rates': [0, 0.06893747299909592, 0.2168300449848175, 0.7409616708755493, 1.7814650535583496, 3.449862003326416, 4.819523811340332, 6.298069953918457, 7.420981407165527, 8.143121719360352, 9.129059791564941, 9.932194709777832, 10.705135345458984, 11.094332695007324, 11.404698371887207, 11.6691312789917, 11.891169548034668, 12.061108589172363, 12.088988304138184]}
ML cracking rates
{'coking_rates': [0, 0.24463459849357605, 0.7454676628112793, 1.7836090326309204, 3.487058162689209, 4.783968448638916, 6.2085185050964355, 7.337330341339111, 8.073302268981934, 9.061934471130371, 9.858760833740234, 10.513785362243652, 10.779622077941895, 11.015064239501953, 11.268474578857422, 11.48479175567627, 11.652909278869629, 11.745980262756348, 11.85523509979248]}
ML cracking rates
{'coking_rates': [0, 0.04635990783572197, 0.13518081605434418, 0.5531978607177734, 1.6036335229873657, 2.791118860244751, 4.918959617614746, 6.378732204437256, 7.51173734664917, 8.207989692687988, 8.97722053527832, 9.952960968017578, 10.550772666931152, 11.099322319030762, 11.48310375213623, 11.697419166564941, 11.90924072265625, 12.123091697692871, 12.22192096710205]}
ML cracking rates
{'coking_rates': [0, 0.09883852303028107, 0.3492123782634735, 1.012139081954956, 2.18467378616333, 3.828871011734009, 5.351642608642578, 6.599527835845947, 7.56813383102417, 8.402327537536621, 9.384593963623047, 10.1819429397583, 10.727779388427734, 11.078841209411621, 11.398807525634766, 11.658696174621582, 11.871996879577637, 12.012357711791992, 12.045663833618164]}
ML cracking rates
{'coking_rates': [0, 0.032652098685503006, 0.10087809711694717, 0.3945382833480835, 1.262446641921997, 2.7857494354248047, 4.380181312561035, 6.325191497802734, 7.155419826507568, 8.102482795715332, 9.10065746307373, 9.801624298095703, 10.396648406982422, 11.034843444824219, 11.53650188446045, 11.811995506286621, 12.018542289733887, 12.183055877685547, 12.25648021697998]}
2412108     0.051031
2412109     0.259373
2412110     0.839435
2412111     2.008727
2412112     3.627506
2412113     5.252928
2412114     6.646089
2412115     7.793920
2412116     8.740439
2412117     9.524284
2412118    10.172385
2412119    10.703788
2412120    11.132666
2412121    11.470062
2412122    11.724974
2412123    11.904675
2412124    12.015196
2412125    12.061663
2412163     0.522509
2412164     1.447633
2412167     5.940591
2412168     7.136071
2412169     8.125824
2412170     8.948950
2412171     9.634081
2412172    10.201459
2412173    10.665765
2412174    11.038509
2412175    11.328745
2412176    11.543957
2412177    11.690276
Name: coke_rate, dtype: float64
19
2412110     0.839435
2412111     2.008727
2412114     6.646089
2412115     7.793920
2412116     8.740439
2412117     9.524284
2412118    10.172385
2412119    10.703788
2412120    11.132666
2412121    11.470062
2412122    11.724974
2412123    11.904675
2412124    12.015196
2412125    12.061663
2412162     0.118975
2412163     0.522509
2412164     1.447633
2412165     2.903328
2412166     4.507340
2412167     5.940591
2412168     7.136071
2412169     8.125824
2412170     8.948950
2412171     9.634081
2412172    10.201459
2412173    10.665765
2412174    11.038509
2412175    11.328745
2412176    11.543957
2412177    11.690276
2412178    11.772857
2412179    11.795972
Name: coke_rate, dtype: float64
index + 17 dont exist in y_ground_df, continue
index + 17 dont exist in y_ground_df, continue
index + 17 dont exist in y_ground_df, continue
index + 17 dont exist in y_ground_df, continue
index + 17 dont exist in y_ground_df, continue
index + 17 dont exist in y_ground_df, continue
index + 17 dont exist in y_ground_df, continue
index + 17 dont exist in y_ground_df, continue
index + 17 dont exist in y_ground_df, continue
index + 17 dont exist in y_ground_df, continue
index + 17 dont exist in y_ground_df, continue
index + 17 dont exist in y_ground_df, continue
index + 17 dont exist in y_ground_df, continue
index + 17 dont exist in y_ground_df, continue
19
2412090     0.038243
2412091     0.204401
2412092     0.693488
2412093     1.749952
2412094     3.332415
2412095     5.007220
2412096     6.468160
2412097     7.672791
2412098     8.663412
2412099     9.482092
2412100    10.158436
2412101    10.713129
2412102    11.161391
2412103    11.515069
2412104    11.783594
2412105    11.974729
2412106    12.094857
2412107    12.149317
Name: coke_rate, dtype: float64
19
2412144     0.089907
2412145     0.414605
2412146     1.213958
2412147     2.588910
2412148     4.217890
2412149     5.720177
2412150     6.979923
2412151     8.020318
2412152     8.883148
2412153     9.600258
2412154    10.193888
2412155    10.680066
2412156    11.071156
2412157    11.376892
2412158    11.605112
2412159    11.762407
2412160    11.854195
2412161    11.885033
Name: coke_rate, dtype: float64
19
2412126     0.067825
2412127     0.328282
2412128     1.011931
2412129     2.289351
2412130     3.923693
2412131     5.490816
2412132     6.816638
2412133     7.909723
2412134     8.813663
2412135     9.563652
2412136    10.184179
2412137    10.692764
2412138    11.102570
2412139    11.423988
2412140    11.665485
2412141    11.833908
2412142    11.934983
2412143    11.973542
Name: coke_rate, dtype: float64
19
2412072     0.028566
2412073     0.160728
2412074     0.571043
2412075     1.515020
2412076     3.042010
2412077     4.754789
2412078     6.283057
2412079     7.546316
2412080     8.582573
2412081     9.437109
2412082    10.142370
2412083    10.720789
2412084    11.188801
2412085    11.558983
2412086    11.841343
2412087    12.044085
2412088    12.173901
2412089    12.236404
Name: coke_rate, dtype: float64
19
Error in 300°C is 0.173626 
Error in 310°C is 0.153613 
Error in 320°C is 0.168345 
Error in 330°C is 0.095813 
Error in 340°C is 0.086551 
Error in 350°C is 0.162995 
Initial temperature generalization takes 0.16986302932103475 min 10.191781759262085 sec.
Starting prediction...
coking CCl4:0.0, CHCl3:0.0002, Tri:0.0002, CP:0.0002
ML cracking rates
{'coking_rates': [0, 0.9468539357185364, 2.345060110092163, 5.239172458648682, 7.341580390930176, 9.696392059326172, 12.235980033874512, 14.208187103271484, 14.915396690368652, 16.1029109954834, 16.863224029541016, 17.654417037963867, 18.220544815063477, 18.789432525634766, 19.429943084716797, 19.852313995361328, 20.269468307495117, 21.09686851501465, 21.760345458984375, 22.557334899902344, 23.44751739501953, 24.047643661499023, 24.590444564819336]}
2528750    0.756626
2528751    1.780801
2528756    8.720414
2528802    0.115961
2528803    0.477416
2528804    1.284360
2528809    8.105677
Name: coke_rate, dtype: float64
coking CCl4:0.0005, CHCl3:0.0002, Tri:0.0002, CP:0.0002
ML cracking rates
{'coking_rates': [0, 1.0296794176101685, 3.262439727783203, 6.246331214904785, 9.63677978515625, 10.507524490356445, 10.383718490600586, 11.778432846069336, 13.495162963867188, 15.689607620239258, 18.57529640197754, 21.059389114379883, 23.62360382080078, 25.415939331054688, 22.42840576171875, 22.204782485961914, 22.167728424072266, 22.307416915893555, 22.49812126159668, 22.803468704223633, 23.1377010345459, 23.550111770629883, 23.927717208862305]}
2575406    0.892183
2575407    2.094675
2575412    9.243871
2575458    0.131298
2575459    0.557234
2575460    1.508659
2575465    8.585318
Name: coke_rate, dtype: float64
coking CCl4:0.001, CHCl3:0.0002, Tri:0.0002, CP:0.0002
ML cracking rates
{'coking_rates': [0, 1.3684947490692139, 3.5334465503692627, 6.127884387969971, 10.287829399108887, 10.324152946472168, 11.126387596130371, 12.933133125305176, 15.032923698425293, 17.55304527282715, 20.201772689819336, 21.44854736328125, 21.062955856323242, 20.67443084716797, 19.84275245666504, 20.27102279663086, 21.709129333496094, 22.70601463317871, 23.25851058959961, 23.793664932250977, 24.205772399902344, 24.793045043945312, 25.23210334777832]}
2622062    1.011237
2622063    2.369451
2622068    9.701968
2622114    0.143544
2622115    0.625104
2622116    1.703268
2622121    9.005759
Name: coke_rate, dtype: float64
coking CCl4:0.0015, CHCl3:0.0002, Tri:0.0002, CP:0.0002
ML cracking rates
{'coking_rates': [0, 1.4690028429031372, 3.276934862136841, 6.580109119415283, 10.263108253479004, 10.631985664367676, 11.672972679138184, 13.83693790435791, 15.881726264953613, 17.53080940246582, 18.48167610168457, 18.354795455932617, 17.816368103027344, 17.900815963745117, 19.0233097076416, 20.195682525634766, 21.2312068939209, 22.616283416748047, 23.591121673583984, 24.096858978271484, 24.53255844116211, 24.976037979125977, 25.108428955078125]}
2668718     1.121653
2668719     2.619789
2668724    10.110836
2668770     0.154451
2668771     0.687154
2668772     1.880754
2668777     9.380948
Name: coke_rate, dtype: float64
coking CCl4:0.002, CHCl3:0.0002, Tri:0.0002, CP:0.0002
ML cracking rates
{'coking_rates': [0, 1.5524260997772217, 3.254755735397339, 6.850527763366699, 9.016029357910156, 10.37397575378418, 12.075593948364258, 14.406110763549805, 16.93606948852539, 18.153732299804688, 18.433029174804688, 18.364992141723633, 18.004976272583008, 18.84634017944336, 20.215993881225586, 21.592077255249023, 22.83269500732422, 23.608718872070312, 24.08633804321289, 24.5211181640625, 24.87324333190918, 24.794923782348633, 24.730558395385742]}
2692046     1.226290
2692047     2.852174
2692052    10.481255
2692098     0.164517
2692099     0.745439
2692100     2.046138
2692105     9.720905
Name: coke_rate, dtype: float64
coking CCl4:0.0025, CHCl3:0.0002, Tri:0.0002, CP:0.0002
ML cracking rates
{'coking_rates': [0, 1.616980791091919, 3.2879011631011963, 7.169459819793701, 8.285009384155273, 10.575968742370605, 12.46129035949707, 14.858601570129395, 17.38364601135254, 18.62198829650879, 18.565773010253906, 18.665645599365234, 18.644868850708008, 19.918529510498047, 21.624340057373047, 23.044422149658203, 23.53654670715332, 24.03388786315918, 24.473960876464844, 24.590131759643555, 24.376461029052734, 24.431671142578125, 24.595348358154297]}
2715374     1.326497
2715375     3.070040
2715380    10.820639
2715426     0.173969
2715427     0.800935
2715428     2.202027
2715433    10.032485
Name: coke_rate, dtype: float64
['/home/wesley/EDC/Coke/ML/results/0510_FPC_cokingV6_500epoch2/plots/predict/30_350/CCl4_0.0_CHCl3_200_Tri_200_CP_200_mass_36_temp_350_30_350.png', '/home/wesley/EDC/Coke/ML/results/0510_FPC_cokingV6_500epoch2/plots/predict/30_350/CCl4_500.0_CHCl3_200_Tri_200_CP_200_mass_36_temp_350_30_350.png', '/home/wesley/EDC/Coke/ML/results/0510_FPC_cokingV6_500epoch2/plots/predict/30_350/CCl4_1000.0_CHCl3_200_Tri_200_CP_200_mass_36_temp_350_30_350.png', '/home/wesley/EDC/Coke/ML/results/0510_FPC_cokingV6_500epoch2/plots/predict/30_350/CCl4_1500.0_CHCl3_200_Tri_200_CP_200_mass_36_temp_350_30_350.png', '/home/wesley/EDC/Coke/ML/results/0510_FPC_cokingV6_500epoch2/plots/predict/30_350/CCl4_2000.0_CHCl3_200_Tri_200_CP_200_mass_36_temp_350_30_350.png', '/home/wesley/EDC/Coke/ML/results/0510_FPC_cokingV6_500epoch2/plots/predict/30_350/CCl4_2500.0_CHCl3_200_Tri_200_CP_200_mass_36_temp_350_30_350.png']
Mean absolute error of `0510_FPC_cokingV6_500epoch2` is 0.00000
