../Data/trainingdata_coking_V2.csv
            Experiment name: 0503_FPC_cokingV4
            Training Data: ../Data/trainingdata_coking_V2.csv
            Do k-fold: False
            Folds num: 10
            Learning rate: 0.001
            Batch size: 1800
            Epoch: 10000
            CSTR num: 100
            Training vebose: 1
            # Genearalization test
            mass flow rates = True
            CCl4 = True
            CHCl3 = True
            Tri = True
            Cp = True
            inital pressure = True
            number of tubes = False
            ncpus = 8
            training = False
            prediction only = False
                
Generalization test...
Case1: Mass flow rate...
KerasTensor(type_spec=TensorSpec(shape=(None, 1), dtype=tf.float32, name='Scaling_factor(Diameter(m))'), name='Scaling_factor(Diameter(m))', description="created by layer 'Scaling_factor(Diameter(m))'")KerasTensor(type_spec=TensorSpec(shape=(None, 1), dtype=tf.float32, name='Scaling_factor(Diameter(m))'), name='Scaling_factor(Diameter(m))', description="created by layer 'Scaling_factor(Diameter(m))'")

KerasTensor(type_spec=TensorSpec(shape=(None, 1), dtype=tf.float32, name='Scaling_factor(Diameter(m))'), name='Scaling_factor(Diameter(m))', description="created by layer 'Scaling_factor(Diameter(m))'")
