training_data_FPC_V10_addtexas_aspenparams.csv
            Experiment name: 0602_FPC_modelV11_texas_aspenparam
            Training Data: training_data_FPC_V10_addtexas_aspenparams.csv
            Do k-fold: False
            Folds num: 10
            Learning rate: 0.001
            Batch size: 128
            Epoch: 1500
            CSTR num: 100
            Training vebose: 0
            # Genearalization test
            mass flow rates = True
            CCl4 = True
            inital pressure = True
            number of tubes = True
            T_in = True
            ncpus = 8
            training = False
            prediction only = False
                
Starting prediction...
{'Schirmeister': '../KM/2009_Schirmeister_EDC/chem_annotated_irreversible.cti', 'CANSPEN': '../KM/2009_Schirmeister_EDC/test3.cti', 'CANSPEN(original)': '../KM/2009_Schirmeister_EDC/test.cti'}
cracking 0
cracking 0
cracking 0
prev_y: 0
prev_y: 0
prev_y: 0
prev_y: 0
prev_y: 0
prev_y: 0
prev_y: 0
prev_y: 0
prev_y: 0
prev_y: 0
prev_y: 0
prev_y: 0
prev_y: 0
prev_y: 0
prev_y: 0
prev_y: 0
prev_y: 0
prev_y: 0
prev_y: 0
prev_y: 0
prev_y: 0
prev_y: 0
Ti            4.831000e+02
Te            4.839000e+02
X1            4.204185e-01
X2            1.363059e-10
X3            1.770686e-14
X4            0.000000e+00
X5            0.000000e+00
X6            2.137391e-01
X7            2.235039e-09
X8            3.436813e-01
X9            1.677697e-10
X10           7.697228e-09
X11           7.143604e-10
X12           8.060624e-05
X13           3.352682e-18
X14           1.688013e-14
X15           0.000000e+00
X16           0.000000e+00
X17           0.000000e+00
X18           3.030504e-04
X19           2.170127e-02
X20           2.794949e-05
X21           1.359444e-09
X22           0.000000e+00
X23           4.813715e-05
X24           2.629940e-12
X25           0.000000e+00
X26           1.931154e-08
X27           1.066518e-08
pressure_0    1.300000e+01
CCl4_X_0      0.000000e+00
t             2.236453e+01
tr            7.602603e-01
X_prev        5.405000e-01
X             5.605000e-01
Name: 38793, dtype: float64
[array([3.48300000e+02, 3.68300000e+02, 9.99997735e-01, 7.45869024e-15,
       4.39692664e-19, 0.00000000e+00, 0.00000000e+00, 8.34604588e-07,
       1.11676144e-13, 1.43067221e-06, 1.14815685e-20, 4.35749286e-14,
       3.25097851e-17, 2.02059018e-13, 2.07013811e-31, 2.23602510e-28,
       0.00000000e+00, 0.00000000e+00, 0.00000000e+00, 2.10174280e-21,
       8.44491086e-17, 1.20045213e-17, 1.46127761e-19, 0.00000000e+00,
       4.59522860e-29, 1.87540369e-28, 0.00000000e+00, 6.66343178e-28,
       1.70497269e-27, 1.30000000e+01, 0.00000000e+00, 1.41446541e+00,
       1.41446541e+00, 0.00000000e+00, 5.20000000e-03]), array([3.68300000e+02, 3.88300000e+02, 9.99964540e-01, 8.99540721e-14,
       2.62692388e-18, 0.00000000e+00, 0.00000000e+00, 1.30645863e-05,
       8.62882260e-13, 2.23952046e-05, 2.38787635e-18, 3.67585395e-13,
       4.72649160e-15, 4.72320558e-11, 2.02628624e-28, 3.45228600e-25,
       0.00000000e+00, 0.00000000e+00, 0.00000000e+00, 1.00133088e-17,
       2.66576836e-13, 5.27359059e-15, 1.72622017e-17, 0.00000000e+00,
       5.68060203e-24, 1.39130349e-24, 0.00000000e+00, 1.43457655e-23,
       1.63174094e-23, 1.30000000e+01, 0.00000000e+00, 2.78548898e+00,
       1.37102356e+00, 5.20000000e-03, 1.36000000e-02]), array([3.88300000e+02, 4.05800000e+02, 9.99676686e-01, 6.85306387e-13,
       1.15339956e-17, 0.00000000e+00, 0.00000000e+00, 1.19118570e-04,
       4.57416955e-12, 2.04191889e-04, 1.79660394e-16, 2.21439025e-12,
       2.54413685e-13, 3.67739630e-09, 5.61841263e-26, 1.38282750e-22,
       0.00000000e+00, 0.00000000e+00, 0.00000000e+00, 9.15775156e-15,
       1.66798670e-10, 7.26948703e-13, 8.57674847e-16, 0.00000000e+00,
       7.43678366e-20, 1.68617280e-21, 0.00000000e+00, 4.05092767e-20,
       2.76740114e-20, 1.30000000e+01, 0.00000000e+00, 4.11799631e+00,
       1.33250733e+00, 1.36000000e-02, 2.64000000e-02]), array([4.05800000e+02, 4.21800000e+02, 9.98055077e-01, 3.37768732e-12,
       4.20422480e-17, 0.00000000e+00, 0.00000000e+00, 7.16533924e-04,
       1.69792144e-11, 1.22824904e-03, 5.71471017e-15, 1.03815317e-11,
       5.16315953e-12, 1.12359548e-07, 4.86441167e-24, 1.72593463e-20,
       0.00000000e+00, 0.00000000e+00, 0.00000000e+00, 2.34596242e-12,
       2.72443816e-08, 4.06735124e-11, 1.97884031e-14, 0.00000000e+00,
       1.68545688e-16, 4.83038268e-19, 0.00000000e+00, 2.54529942e-17,
       1.20118504e-17, 1.30000000e+01, 0.00000000e+00, 5.41698666e+00,
       1.29899035e+00, 2.64000000e-02, 4.42000000e-02]), array([4.21800000e+02, 4.35300000e+02, 9.92080091e-01, 1.10167465e-11,
       1.21805250e-16, 0.00000000e+00, 0.00000000e+00, 2.91749270e-03,
       4.87418523e-11, 5.00000444e-03, 8.06300512e-14, 3.84873224e-11,
       3.70937381e-11, 1.27859498e-06, 1.47637868e-22, 7.23679855e-19,
       0.00000000e+00, 0.00000000e+00, 0.00000000e+00, 1.81785122e-10,
       1.13219940e-06, 9.69496803e-10, 2.30633447e-13, 0.00000000e+00,
       7.34016932e-14, 3.14490771e-17, 0.00000000e+00, 3.47495202e-15,
       1.43680565e-15, 1.30000000e+01, 0.00000000e+00, 6.68433637e+00,
       1.26734971e+00, 4.42000000e-02, 6.76000000e-02]), array([4.35300000e+02, 4.46300000e+02, 9.76283222e-01, 2.75557752e-11,
       2.93489431e-16, 0.00000000e+00, 0.00000000e+00, 8.73566273e-03,
       1.32063674e-10, 1.49584266e-02, 6.39171797e-13, 1.12691964e-10,
       1.29380571e-10, 6.56570606e-06, 2.34104793e-21, 1.36626860e-17,
       0.00000000e+00, 0.00000000e+00, 0.00000000e+00, 5.52630306e-09,
       1.61050455e-05, 1.18395246e-08, 1.76404809e-12, 0.00000000e+00,
       8.80458176e-12, 6.34950984e-16, 0.00000000e+00, 1.31949840e-13,
       6.23523389e-14, 1.30000000e+01, 0.00000000e+00, 7.91733051e+00,
       1.23299414e+00, 6.76000000e-02, 9.60000000e-02]), array([4.46300000e+02, 4.55300000e+02, 9.44091339e-01, 5.56359490e-11,
       6.33148279e-16, 0.00000000e+00, 0.00000000e+00, 2.05915829e-02,
       3.37800696e-10, 3.51858052e-02, 3.23691166e-12, 2.67834187e-10,
       2.93368237e-10, 1.95814455e-05, 2.29622157e-20, 1.41535199e-16,
       0.00000000e+00, 0.00000000e+00, 0.00000000e+00, 8.20289681e-08,
       1.11521474e-04, 8.69490772e-08, 1.01326338e-11, 0.00000000e+00,
       3.95380201e-10, 5.79901830e-15, 0.00000000e+00, 2.03809439e-12,
       1.24497506e-12, 1.30000000e+01, 0.00000000e+00, 9.10592814e+00,
       1.18859763e+00, 9.60000000e-02, 1.28400000e-01]), array([4.55300000e+02, 4.62300000e+02, 8.93429322e-01, 9.06388099e-11,
       1.23032666e-15, 0.00000000e+00, 0.00000000e+00, 3.92505507e-02,
       7.21811300e-10, 6.68237521e-02, 1.07955851e-11, 5.30871296e-10,
       4.94197136e-10, 3.94633732e-05, 1.32428393e-19, 8.10315043e-16,
       0.00000000e+00, 0.00000000e+00, 0.00000000e+00, 6.48862113e-07,
       4.55845646e-04, 4.08037151e-07, 4.16989636e-11, 0.00000000e+00,
       7.51089614e-09, 2.92483737e-14, 0.00000000e+00, 1.61284806e-11,
       1.25747981e-11, 1.30000000e+01, 0.00000000e+00, 1.02365826e+01,
       1.13065447e+00, 1.28400000e-01, 1.63600000e-01]), array([4.62300000e+02, 4.67700000e+02, 8.31127252e-01, 1.20299286e-10,
       2.13609074e-15, 0.00000000e+00, 0.00000000e+00, 6.21995030e-02,
       1.18942830e-09, 1.05371221e-01, 2.45608073e-11, 9.05063976e-10,
       6.58450238e-10, 5.98176093e-05, 4.33297312e-19, 2.62499612e-15,
       0.00000000e+00, 0.00000000e+00, 0.00000000e+00, 2.96346908e-06,
       1.23788992e-03, 1.28349675e-06, 1.17501028e-10, 0.00000000e+00,
       6.67964966e-08, 9.32438923e-14, 0.00000000e+00, 7.63755893e-11,
       6.96667487e-11, 1.30000000e+01, 0.00000000e+00, 1.13017044e+01,
       1.06512175e+00, 1.63600000e-01, 2.00200000e-01]), array([4.67700000e+02, 4.70700000e+02, 7.69379340e-01, 1.29515336e-10,
       3.06124312e-15, 0.00000000e+00, 0.00000000e+00, 8.49488349e-02,
       1.50188985e-09, 1.43133422e-01, 3.88432387e-11, 1.35592855e-09,
       7.08167025e-10, 7.48041443e-05, 8.39005528e-19, 5.36829901e-15,
       0.00000000e+00, 0.00000000e+00, 0.00000000e+00, 8.56717932e-06,
       2.45187291e-03, 2.84360710e-06, 2.32413702e-10, 0.00000000e+00,
       3.11286126e-07, 2.01988358e-13, 0.00000000e+00, 2.39014718e-10,
       2.30992178e-10, 1.30000000e+01, 0.00000000e+00, 1.23057661e+01,
       1.00406172e+00, 2.00200000e-01, 2.36700000e-01]), array([4.70700000e+02, 4.72700000e+02, 7.17064681e-01, 1.22562823e-10,
       3.86020416e-15, 0.00000000e+00, 0.00000000e+00, 1.04227374e-01,
       1.57290571e-09, 1.74732379e-01, 4.80256473e-11, 1.83983353e-09,
       6.67975430e-10, 8.35484747e-05, 1.11820676e-18, 8.01436133e-15,
       0.00000000e+00, 0.00000000e+00, 0.00000000e+00, 1.75782451e-05,
       3.86873665e-03, 4.81451688e-06, 3.51291042e-10, 0.00000000e+00,
       8.82699399e-07, 3.38481026e-13, 0.00000000e+00, 5.50789030e-10,
       5.16980097e-10, 1.30000000e+01, 0.00000000e+00, 1.32614651e+01,
       9.55699049e-01, 2.36700000e-01, 2.71900000e-01]), array([4.72700000e+02, 4.74100000e+02, 6.74814504e-01, 1.12684357e-10,
       4.54063243e-15, 0.00000000e+00, 0.00000000e+00, 1.19801044e-01,
       1.54498292e-09, 1.99952112e-01, 5.34728592e-11, 2.33807459e-09,
       6.12104379e-10, 8.81636872e-05, 1.26179886e-18, 1.00368451e-14,
       0.00000000e+00, 0.00000000e+00, 0.00000000e+00, 2.90953653e-05,
       5.30635414e-03, 6.89147138e-06, 4.54389183e-10, 0.00000000e+00,
       1.82861824e-06, 4.84211992e-13, 0.00000000e+00, 1.03491809e-09,
       9.04536206e-10, 1.30000000e+01, 0.00000000e+00, 1.41812280e+01,
       9.19762921e-01, 2.71900000e-01, 3.05500000e-01]), array([4.74100000e+02, 4.75300000e+02, 6.39735286e-01, 1.06473325e-10,
       5.23402164e-15, 0.00000000e+00, 0.00000000e+00, 1.32734884e-01,
       1.52631787e-09, 2.20663008e-01, 5.85622841e-11, 2.84354732e-09,
       5.76312337e-10, 9.04732641e-05, 1.36546714e-18, 1.14989842e-14,
       0.00000000e+00, 0.00000000e+00, 0.00000000e+00, 4.25844745e-05,
       6.72163169e-03, 8.96097227e-06, 5.43317639e-10, 0.00000000e+00,
       3.16203183e-06, 6.35617839e-13, 0.00000000e+00, 1.70157581e-09,
       1.37458724e-09, 1.30000000e+01, 0.00000000e+00, 1.50737786e+01,
       8.92550596e-01, 3.05500000e-01, 3.37300000e-01]), array([4.75300000e+02, 4.76500000e+02, 6.09097566e-01, 1.04396426e-10,
       6.03613059e-15, 0.00000000e+00, 0.00000000e+00, 1.44034275e-01,
       1.54314764e-09, 2.38564242e-01, 6.49274394e-11, 3.35739798e-09,
       5.62782313e-10, 9.14587397e-05, 1.48105473e-18, 1.25831332e-14,
       0.00000000e+00, 0.00000000e+00, 0.00000000e+00, 5.81315445e-05,
       8.13835198e-03, 1.10310451e-05, 6.24966156e-10, 0.00000000e+00,
       4.93254852e-06, 7.97165223e-13, 0.00000000e+00, 2.56532249e-09,
       1.92835711e-09, 1.30000000e+01, 0.00000000e+00, 1.59443459e+01,
       8.70567299e-01, 3.37300000e-01, 3.67500000e-01]), array([4.76500000e+02, 4.77600000e+02, 5.81233468e-01, 1.04771596e-10,
       6.94167522e-15, 0.00000000e+00, 0.00000000e+00, 1.54313835e-01,
       1.58577526e-09, 2.54678556e-01, 7.25594623e-11, 3.88059369e-09,
       5.62598745e-10, 9.15874307e-05, 1.61764240e-18, 1.34270613e-14,
       0.00000000e+00, 0.00000000e+00, 0.00000000e+00, 7.60722131e-05,
       9.58611911e-03, 1.31242407e-05, 7.04418689e-10, 0.00000000e+00,
       7.22494437e-06, 9.69557909e-13, 0.00000000e+00, 3.64539194e-09,
       2.57634187e-09, 1.30000000e+01, 0.00000000e+00, 1.67961362e+01,
       8.51790249e-01, 3.67500000e-01, 3.96200000e-01]), array([4.77600000e+02, 4.78700000e+02, 5.55263393e-01, 1.06824362e-10,
       7.98546613e-15, 0.00000000e+00, 0.00000000e+00, 1.63897847e-01,
       1.64592040e-09, 2.69541776e-01, 8.15603448e-11, 4.41300988e-09,
       5.71286458e-10, 9.10985265e-05, 1.77676112e-18, 1.41137811e-14,
       0.00000000e+00, 0.00000000e+00, 0.00000000e+00, 9.67671613e-05,
       1.10837157e-02, 1.52469330e-05, 7.84498752e-10, 0.00000000e+00,
       1.01397932e-05, 1.15731512e-12, 0.00000000e+00, 4.96448466e-09,
       3.32968389e-09, 1.30000000e+01, 0.00000000e+00, 1.76313130e+01,
       8.35176827e-01, 3.96200000e-01, 4.23400000e-01]), array([4.78700000e+02, 4.79700000e+02, 5.30667446e-01, 1.09829263e-10,
       9.15046358e-15, 0.00000000e+00, 0.00000000e+00, 1.72978131e-01,
       1.71787243e-09, 2.83467554e-01, 9.17606245e-11, 4.95374922e-09,
       5.85141880e-10, 9.01321581e-05, 1.95846053e-18, 1.46959333e-14,
       0.00000000e+00, 0.00000000e+00, 0.00000000e+00, 1.20613690e-04,
       1.26449143e-02, 1.73956515e-05, 8.67103845e-10, 0.00000000e+00,
       1.37942291e-05, 1.35897657e-12, 0.00000000e+00, 6.54756133e-09,
       4.20009691e-09, 1.30000000e+01, 0.00000000e+00, 1.84514607e+01,
       8.20147677e-01, 4.23400000e-01, 4.49300000e-01]), array([4.79700000e+02, 4.80600000e+02, 5.07167492e-01, 1.13452044e-10,
       1.04406846e-14, 0.00000000e+00, 0.00000000e+00, 1.81657419e-01,
       1.79806064e-09, 2.96623224e-01, 1.03128607e-10, 5.49948864e-09,
       6.02363659e-10, 8.87798823e-05, 2.16293353e-18, 1.52080427e-14,
       0.00000000e+00, 0.00000000e+00, 0.00000000e+00, 1.47977756e-04,
       1.42772238e-02, 1.95512897e-05, 9.53363767e-10, 0.00000000e+00,
       1.83092106e-05, 1.57464621e-12, 0.00000000e+00, 8.41622254e-09,
       5.19643450e-09, 1.30000000e+01, 0.00000000e+00, 1.92578805e+01,
       8.06419821e-01, 4.49300000e-01, 4.73900000e-01]), array([4.80600000e+02, 4.81500000e+02, 4.84548996e-01, 1.18004440e-10,
       1.19206297e-14, 0.00000000e+00, 0.00000000e+00, 1.90015090e-01,
       1.88982268e-09, 3.09135015e-01, 1.16216801e-10, 6.04858203e-09,
       6.24343893e-10, 8.71088857e-05, 2.39869129e-18, 1.56692555e-14,
       0.00000000e+00, 0.00000000e+00, 0.00000000e+00, 1.79308191e-04,
       1.59889312e-02, 2.16992300e-05, 1.04440286e-09, 0.00000000e+00,
       2.38244847e-05, 1.80951030e-12, 0.00000000e+00, 1.05973396e-08,
       6.32894566e-09, 1.30000000e+01, 0.00000000e+00, 2.00516037e+01,
       7.93723191e-01, 4.73900000e-01, 4.97200000e-01]), array([4.81500000e+02, 4.82300000e+02, 4.62633155e-01, 1.23139376e-10,
       1.35746102e-14, 0.00000000e+00, 0.00000000e+00, 1.98117439e-01,
       1.99124599e-09, 3.21104609e-01, 1.30929677e-10, 6.59904142e-09,
       6.49471883e-10, 8.51665472e-05, 2.66848643e-18, 1.60954828e-14,
       0.00000000e+00, 0.00000000e+00, 0.00000000e+00, 2.15155467e-04,
       1.77901135e-02, 2.38245612e-05, 1.14153021e-09, 0.00000000e+00,
       3.05049659e-05, 2.05994422e-12, 0.00000000e+00, 1.31188186e-08,
       7.60952648e-09, 1.30000000e+01, 0.00000000e+00, 2.08334876e+01,
       7.81883920e-01, 4.97200000e-01, 5.19400000e-01]), array([4.82300000e+02, 4.83100000e+02, 4.41302211e-01, 1.29189797e-10,
       1.54829329e-14, 0.00000000e+00, 0.00000000e+00, 2.06008319e-01,
       2.10537375e-09, 3.32596272e-01, 1.47925861e-10, 7.14871936e-09,
       6.79228719e-10, 8.29902395e-05, 2.98237103e-18, 1.64969090e-14,
       0.00000000e+00, 0.00000000e+00, 0.00000000e+00, 2.56125903e-04,
       1.96896034e-02, 2.59100943e-05, 1.24595325e-09, 0.00000000e+00,
       3.85318332e-05, 2.33248817e-12, 0.00000000e+00, 1.60101794e-08,
       9.04939242e-09, 1.30000000e+01, 0.00000000e+00, 2.16042687e+01,
       7.70781110e-01, 5.19400000e-01, 5.40500000e-01]), array([4.83100000e+02, 4.83900000e+02, 4.20418506e-01, 1.36305948e-10,
       1.77068648e-14, 0.00000000e+00, 0.00000000e+00, 2.13739095e-01,
       2.23503918e-09, 3.43681342e-01, 1.67769670e-10, 7.69722792e-09,
       7.14360440e-10, 8.06062407e-05, 3.35268224e-18, 1.68801336e-14,
       0.00000000e+00, 0.00000000e+00, 0.00000000e+00, 3.03050357e-04,
       2.17012708e-02, 2.79494938e-05, 1.35944440e-09, 0.00000000e+00,
       4.81371456e-05, 2.62993992e-12, 0.00000000e+00, 1.93115436e-08,
       1.06651779e-08, 1.30000000e+01, 0.00000000e+00, 2.23645290e+01,
       7.60260274e-01, 5.40500000e-01, 5.60500000e-01])]
Series([], Name: X, dtype: float64)
FPC data not found
