training_data_FPC_V4_3m_irrev.csv
            Experiment name: 0323_FPC_modelV4_stand
            Training Data: training_data_FPC_V4_3m_irrev.csv
            Do k-fold: False
            Folds num: 10
            Learning rate: 0.001
            Batch size: 18
            Epoch: 10000
            CSTR num: 100
            Training vebose: 0
            #Genearalization test
            mass flow rates = True
            CCl4 = True
            inital pressure = True
            number of tubes = False
            T_in = True
            ncpus = 8
            training = False
            prediction only = False
                
Loading data...
Generalization test...
Case1: Mass flow rate...
cracking 0.001
cracking 0.001
cracking 0.001
cracking 0.001
cracking 0.001
cracking 0.001
1000.0
12.4
32
[320, 348, 374.7, 399.3, 424, 451.3, 460.7, 466, 471.3, 476.7, 478.7, 479.3, 480, 481.3, 482.3, 483.3, 484.3, 485.3]
[348, 374.7, 399.3, 424, 451.3, 460.7, 466, 471.3, 476.7, 478.7, 479.3, 480, 481.3, 482.3, 483.3, 484.3, 485.3, 486.7]
15876     0.610756
15877     1.518815
15878     2.840815
15879     4.962894
15880     9.806705
15881    15.008576
15882    20.294807
15883    26.347033
15884    32.918468
15885    37.175453
15886    40.272453
15887    43.309750
15888    46.690166
15889    49.733852
15890    52.677071
15891    55.525879
15892    58.284916
15893    61.258751
21547     2.238101
21548     4.309210
21551    19.078014
21552    25.072390
21553    31.610193
21554    35.952656
21555    39.155643
21556    42.277164
21557    45.714828
21558    48.810452
21559    51.796638
21560    54.679977
21561    57.466980
Name: X, dtype: float64
19
1000.0
12.4
27
[320, 348, 374.7, 399.3, 424, 451.3, 460.7, 466, 471.3, 476.7, 478.7, 479.3, 480, 481.3, 482.3, 483.3, 484.3, 485.3]
[348, 374.7, 399.3, 424, 451.3, 460.7, 466, 471.3, 476.7, 478.7, 479.3, 480, 481.3, 482.3, 483.3, 484.3, 485.3, 486.7]
4536      0.724143
4537      1.803454
4538      3.377409
4539      5.920120
4540     11.801787
4541     17.967903
4542     23.894844
4543     30.400738
4544     37.291317
4545     41.702919
4546     44.896271
4547     48.012245
4548     51.455254
4549     54.539902
4550     57.506420
4551     60.361488
4552     63.110199
4553     66.047676
10207     2.654113
10208     5.118789
10211    22.382277
10212    28.868383
10213    35.764668
10214    40.286350
10215    43.602276
10216    46.816563
10217    50.331848
10218    53.481255
10219    56.501766
10220    59.402229
10221    62.189110
Name: X, dtype: float64
19
1000.0
12.4
36
[320, 348, 374.7, 399.3, 424, 451.3, 460.7, 466, 471.3, 476.7, 478.7, 479.3, 480, 481.3, 482.3, 483.3, 484.3, 485.3]
[348, 374.7, 399.3, 424, 451.3, 460.7, 466, 471.3, 476.7, 478.7, 479.3, 480, 481.3, 482.3, 483.3, 484.3, 485.3, 486.7]
27216     0.542458
27217     1.348509
27218     2.519060
27219     4.391415
27220     8.616336
27221    13.183365
27222    17.979229
27223    23.657576
27224    29.959951
27225    34.078899
27226    37.084000
27227    40.041294
27228    43.348572
27229    46.334602
27230    49.232445
27231    52.046650
27232    54.781319
27233    57.745777
32887     1.988156
32888     3.823128
32891    16.964336
32892    22.569231
32893    28.816078
32894    33.005142
32895    36.106174
32896    39.138523
32897    42.493961
32898    45.524872
32899    48.458012
32900    51.300186
32901    54.056561
Name: X, dtype: float64
19
Error in 27 mass flow rate is 0.004770 
Error in 32 mass flow rate is 0.005617 
Error in 36 mass flow rate is 0.005846 
Mass flow rate generalization takes 0.3002873500188192 min 18.01724100112915 sec.
Case2: CCl4 concentration...
cracking 0.000125
cracking 0.000375
cracking 0.000625
cracking 0.0
cracking 0.00025
cracking 0.000875
cracking 0.00075
cracking 0.0005
cracking 0.0
cracking 0.000125
cracking 0.00025
cracking 0.000375
cracking 0.000625
cracking 0.0005
cracking 0.00075
cracking 0.000875
0.0
12.4
36
[320, 348, 374.7, 399.3, 424, 451.3, 460.7, 466, 471.3, 476.7, 478.7, 479.3, 480, 481.3, 482.3, 483.3, 484.3, 485.3]
[348, 374.7, 399.3, 424, 451.3, 460.7, 466, 471.3, 476.7, 478.7, 479.3, 480, 481.3, 482.3, 483.3, 484.3, 485.3, 486.7]
26496     0.541702
26497     1.337990
26498     2.467171
26499     4.165375
26500     7.507545
26501    11.026672
26502    14.946434
26503    20.012291
26504    26.076492
26505    30.217064
26506    33.291397
26507    36.324223
26508    39.711197
26509    42.783905
26510    45.770622
26511    48.677361
26512    51.508545
26513    54.577679
32167     1.938072
32168     3.604752
32171    14.107353
32172    19.077141
32173    25.040344
32174    29.226753
32175    32.383583
32176    35.480537
32177    38.904716
32178    42.012615
32179    45.027523
32180    47.955437
32181    50.801556
Name: X, dtype: float64
19
cracking 0.001
125.0
12.4
36
[320, 348, 374.7, 399.3, 424, 451.3, 460.7, 466, 471.3, 476.7, 478.7, 479.3, 480, 481.3, 482.3, 483.3, 484.3, 485.3]
[348, 374.7, 399.3, 424, 451.3, 460.7, 466, 471.3, 476.7, 478.7, 479.3, 480, 481.3, 482.3, 483.3, 484.3, 485.3, 486.7]
26586     0.541053
26587     1.340141
26588     2.476842
26589     4.203300
26590     7.679679
26591    11.356103
26592    15.419874
26593    20.596409
26594    26.698132
26595    30.829142
26596    33.887325
26597    36.903980
26598    40.273952
26599    43.329025
26600    46.298855
26601    49.188999
26602    52.002823
26603    55.054344
32257     1.947242
32258     3.642408
32261    14.554661
32262    19.636328
32263    25.644800
32264    29.825911
32265    32.968884
32266    36.051121
32267    39.459869
32268    42.552090
32269    45.551327
32270    48.463448
32271    51.293407
Name: X, dtype: float64
19
cracking 0.001125
250.0
12.4
36
[320, 348, 374.7, 399.3, 424, 451.3, 460.7, 466, 471.3, 476.7, 478.7, 479.3, 480, 481.3, 482.3, 483.3, 484.3, 485.3]
[348, 374.7, 399.3, 424, 451.3, 460.7, 466, 471.3, 476.7, 478.7, 479.3, 480, 481.3, 482.3, 483.3, 484.3, 485.3, 486.7]
26676     0.541349
26677     1.341674
26678     2.484447
26679     4.237044
26680     7.837187
26681    11.660980
26682    15.856541
26683    21.130030
26684    27.266428
26685    31.391476
26686    34.436951
26687    37.439999
26688    40.796062
26689    43.836716
26690    46.792538
26691    49.667618
26692    52.466686
26693    55.502041
32347     1.955185
32348     3.674968
32351    14.966463
32352    20.147499
32353    26.197657
32354    30.376007
32355    33.508472
32356    36.579025
32357    39.975403
32358    43.054581
32359    46.040283
32360    48.938595
32361    51.754738
Name: X, dtype: float64
19
cracking 0.00125
500.0
12.4
36
[320, 348, 374.7, 399.3, 424, 451.3, 460.7, 466, 471.3, 476.7, 478.7, 479.3, 480, 481.3, 482.3, 483.3, 484.3, 485.3]
[348, 374.7, 399.3, 424, 451.3, 460.7, 466, 471.3, 476.7, 478.7, 479.3, 480, 481.3, 482.3, 483.3, 484.3, 485.3, 486.7]
26856     0.541882
26857     1.344231
26858     2.497915
26859     4.295200
26860     8.122637
26861    12.217281
26862    16.644733
26863    22.081114
26864    28.279892
26865    32.398544
26866    35.425644
26867    38.408493
26868    41.742748
26869    44.761127
26870    47.692856
26871    50.543480
26872    53.317299
26873    56.324795
32527     1.967979
32528     3.731189
32531    15.708635
32532    21.058371
32533    27.182899
32534    31.361494
32535    34.478882
32536    37.532063
32537    40.909870
32538    43.968147
32539    46.932514
32540    49.808250
32541    52.600548
Name: X, dtype: float64
19
750.0
12.4
36
[320, 348, 374.7, 399.3, 424, 451.3, 460.7, 466, 471.3, 476.7, 478.7, 479.3, 480, 481.3, 482.3, 483.3, 484.3, 485.3]
[348, 374.7, 399.3, 424, 451.3, 460.7, 466, 471.3, 476.7, 478.7, 479.3, 480, 481.3, 482.3, 483.3, 484.3, 485.3, 486.7]
27036     0.542414
27037     1.346515
27038     2.509336
27039     4.345644
27040     8.379178
27041    12.720531
27042    17.345581
27043    22.913807
27044    29.167658
27045    33.284927
27046    36.299171
27047    39.267300
27048    42.586494
27049    45.586723
27050    48.499870
27051    51.330868
27052    54.083344
27053    57.067833
32707     1.978695
32708     3.779629
32711    16.368149
32712    21.856274
32713    28.045601
32714    32.228561
32715    35.336056
32716    38.377071
32717    41.742035
32718    44.785194
32719    47.732018
32720    50.589596
32721    53.362576
Name: X, dtype: float64
19
cracking 0.001375
375.0
12.4
36
[320, 348, 374.7, 399.3, 424, 451.3, 460.7, 466, 471.3, 476.7, 478.7, 479.3, 480, 481.3, 482.3, 483.3, 484.3, 485.3]
[348, 374.7, 399.3, 424, 451.3, 460.7, 466, 471.3, 476.7, 478.7, 479.3, 480, 481.3, 482.3, 483.3, 484.3, 485.3, 486.7]
625.0
12.4
36
[320, 348, 374.7, 399.3, 424, 451.3, 460.7, 466, 471.3, 476.7, 478.7, 479.3, 480, 481.3, 482.3, 483.3, 484.3, 485.3]
[348, 374.7, 399.3, 424, 451.3, 460.7, 466, 471.3, 476.7, 478.7, 479.3, 480, 481.3, 482.3, 483.3, 484.3, 485.3, 486.7]
26766     0.541325
26767     1.342926
26768     2.491726
26769     4.266912
26770     7.984195
26771    11.946932
26772    16.263231
26773    21.622541
26774    27.791443
26775    31.912319
26776    34.947720
26777    37.939823
26778    41.284466
26779    44.312798
26780    47.255867
26781    50.118141
26782    52.903507
26783    55.924343
32437     1.961841
32438     3.704316
32441    15.349513
32442    20.619343
32443    26.707998
32444    30.885918
32445    34.010067
32446    37.070984
32447    40.457230
32448    43.525303
32449    46.499355
32450    49.385841
32451    52.189384
Name: X, dtype: float64
19
26946     0.541728
26947     1.345468
26948     2.503976
26949     4.321380
26950     8.253869
26951    12.474607
26952    17.004583
26953    22.510054
26954    28.737150
26955    32.854691
26956    35.874935
26957    38.849796
26958    42.176178
26959    45.184940
26960    48.106636
26961    50.946999
26962    53.709663
26963    56.705158
32617     1.973470
32618     3.756246
32621    16.047337
32622    21.469456
32623    27.627365
32624    31.807812
32625    34.919773
32626    37.966515
32627    41.337311
32628    44.387512
32629    47.342590
32630    50.208595
32631    52.990883
Name: X, dtype: float64
19
cracking 0.0015
cracking 0.001625
cracking 0.00175
875.0
12.4
36
[320, 348, 374.7, 399.3, 424, 451.3, 460.7, 466, 471.3, 476.7, 478.7, 479.3, 480, 481.3, 482.3, 483.3, 484.3, 485.3]
[348, 374.7, 399.3, 424, 451.3, 460.7, 466, 471.3, 476.7, 478.7, 479.3, 480, 481.3, 482.3, 483.3, 484.3, 485.3, 486.7]
27126     0.541825
27127     1.347661
27128     2.514255
27129     4.369035
27130     8.499916
27131    12.956445
27132    17.669851
27133    23.295486
27134    29.574274
27135    33.692043
27136    36.701366
27137    39.663750
27138    42.976536
27139    45.969486
27140    48.874496
27141    51.696651
27142    54.439999
27143    57.414059
32797     1.983494
32798     3.801911
32801    16.673145
32802    22.222090
32803    28.441011
32804    32.626896
32805    35.730701
32806    38.766991
32807    42.126820
32808    45.189877
32809    48.103359
32810    50.952766
32811    53.717201
Name: X, dtype: float64
19
cracking 0.001875
cracking 0.001
cracking 0.001125
cracking 0.00125
cracking 0.001375
cracking 0.00175
cracking 0.001625
cracking 0.0015
cracking 0.001875
1000.0
12.4
36
[320, 348, 374.7, 399.3, 424, 451.3, 460.7, 466, 471.3, 476.7, 478.7, 479.3, 480, 481.3, 482.3, 483.3, 484.3, 485.3]
[348, 374.7, 399.3, 424, 451.3, 460.7, 466, 471.3, 476.7, 478.7, 479.3, 480, 481.3, 482.3, 483.3, 484.3, 485.3, 486.7]
27216     0.542458
27217     1.348509
27218     2.519060
27219     4.391415
27220     8.616336
27221    13.183365
27222    17.979229
27223    23.657576
27224    29.959951
27225    34.078899
27226    37.084000
27227    40.041294
27228    43.348572
27229    46.334602
27230    49.232445
27231    52.046650
27232    54.781319
27233    57.745777
32887     1.988156
32888     3.823128
32891    16.964336
32892    22.569231
32893    28.816078
32894    33.005142
32895    36.106174
32896    39.138523
32897    42.493961
32898    45.524872
32899    48.458012
32900    51.300186
32901    54.056561
Name: X, dtype: float64
19
cracking 0.002
1125.0
12.4
36
[320, 348, 374.7, 399.3, 424, 451.3, 460.7, 466, 471.3, 476.7, 478.7, 479.3, 480, 481.3, 482.3, 483.3, 484.3, 485.3]
[348, 374.7, 399.3, 424, 451.3, 460.7, 466, 471.3, 476.7, 478.7, 479.3, 480, 481.3, 482.3, 483.3, 484.3, 485.3, 486.7]
27306     0.542610
27307     1.349266
27308     2.523576
27309     4.412122
27310     8.728655
27311    13.402409
27312    18.275398
27313    24.002178
27314    30.327028
27315    34.447632
27316    37.448933
27317    40.401661
27318    43.704071
27319    46.684307
27320    49.575214
27321    52.381802
27322    55.108685
27323    58.063862
32977     1.992446
32978     3.843329
32981    17.243002
32982    22.899742
32983    29.173098
32984    33.365719
32985    36.464256
32986    39.493118
32987    42.844631
32988    45.870312
32989    48.797527
32990    51.633106
32991    54.382198
Name: X, dtype: float64
19
cracking 0.002125
1250.0
12.4
36
[320, 348, 374.7, 399.3, 424, 451.3, 460.7, 466, 471.3, 476.7, 478.7, 479.3, 480, 481.3, 482.3, 483.3, 484.3, 485.3]
[348, 374.7, 399.3, 424, 451.3, 460.7, 466, 471.3, 476.7, 478.7, 479.3, 480, 481.3, 482.3, 483.3, 484.3, 485.3, 486.7]
27396     0.542472
27397     1.350076
27398     2.527795
27399     4.432566
27400     8.837959
27401    13.613895
27402    18.559248
27403    24.331181
27404    30.677729
27405    34.800129
27406    37.797985
27407    40.746830
27408    44.044872
27409    47.019554
27410    49.903885
27411    52.703873
27412    55.423183
27413    58.369591
33067     1.996713
33068     3.862861
33071    17.510315
33072    23.215191
33073    29.513828
33074    33.710419
33075    36.806835
33076    39.832638
33077    43.180828
33078    46.201775
33079    49.123581
33080    51.952835
33081    54.694805
Name: X, dtype: float64
19
cracking 0.00225
1375.0
12.4
36
[320, 348, 374.7, 399.3, 424, 451.3, 460.7, 466, 471.3, 476.7, 478.7, 479.3, 480, 481.3, 482.3, 483.3, 484.3, 485.3]
[348, 374.7, 399.3, 424, 451.3, 460.7, 466, 471.3, 476.7, 478.7, 479.3, 480, 481.3, 482.3, 483.3, 484.3, 485.3, 486.7]
27486     0.542807
27487     1.351246
27488     2.532054
27489     4.452388
27490     8.943993
27491    13.818852
27492    18.832161
27493    24.646019
27494    31.013302
27495    35.137512
27496    38.132671
27497    41.077824
27498    44.371891
27499    47.341526
27500    50.220081
27501    53.013393
27502    55.725685
27503    58.664047
33157     2.000722
33158     3.881589
33161    17.767252
33162    23.517315
33163    29.840088
33164    34.040627
33165    37.135242
33166    40.158489
33167    43.503643
33168    46.520302
33169    49.436935
33170    52.259995
33171    54.995678
Name: X, dtype: float64
19
1750.0
12.4
36
[320, 348, 374.7, 399.3, 424, 451.3, 460.7, 466, 471.3, 476.7, 478.7, 479.3, 480, 481.3, 482.3, 483.3, 484.3, 485.3]
[348, 374.7, 399.3, 424, 451.3, 460.7, 466, 471.3, 476.7, 478.7, 479.3, 480, 481.3, 482.3, 483.3, 484.3, 485.3, 486.7]
27756     0.543240
27757     1.353550
27758     2.543712
27759     4.507874
27760     9.246910
27761    14.398619
27762    19.593386
27763    25.518168
27764    31.941961
27765    36.073360
27766    39.061821
27767    41.997856
27768    45.282249
27769    48.238506
27770    51.101791
27771    53.877739
27772    56.570747
27773    59.487003
33427     2.011913
33428     3.934414
33431    18.484421
33432    24.354527
33433    30.743607
33434    34.956093
33435    38.047081
33436    41.063995
33437    44.402119
33438    47.407864
33439    50.310738
33440    53.118423
33441    55.836315
Name: X, dtype: float64
19
cracking 0.002375
1875.0
12.4
36
[320, 348, 374.7, 399.3, 424, 451.3, 460.7, 466, 471.3, 476.7, 478.7, 479.3, 480, 481.3, 482.3, 483.3, 484.3, 485.3]
[348, 374.7, 399.3, 424, 451.3, 460.7, 466, 471.3, 476.7, 478.7, 479.3, 480, 481.3, 482.3, 483.3, 484.3, 485.3, 486.7]
27846     0.543392
27847     1.353964
27848     2.547776
27849     4.525368
27850     9.343522
27851    14.581598
27852    19.830307
27853    25.787788
27854    32.229309
27855    36.363182
27856    39.349762
27857    42.283451
27858    45.564930
27859    48.517471
27860    51.376205
27861    54.146992
27862    56.833817
27863    59.743198
33517     1.744130
33518     3.336127
33521    17.143639
33522    22.835997
33523    29.049589
33524    34.203415
33525    37.591595
33526    40.547531
33527    43.448956
33528    46.692268
33529    49.608681
33530    52.431084
33531    55.165054
Name: X, dtype: float64
19
1625.0
12.4
36
[320, 348, 374.7, 399.3, 424, 451.3, 460.7, 466, 471.3, 476.7, 478.7, 479.3, 480, 481.3, 482.3, 483.3, 484.3, 485.3]
[348, 374.7, 399.3, 424, 451.3, 460.7, 466, 471.3, 476.7, 478.7, 479.3, 480, 481.3, 482.3, 483.3, 484.3, 485.3, 486.7]
27666     0.543104
27667     1.352754
27668     2.540131
27669     4.489710
27670     9.148190
27671    14.210928
27672    19.348587
27673    25.238491
27674    31.644516
27675    35.772999
27676    38.763474
27677    41.702236
27678    44.989590
27679    47.950134
27680    50.818348
27681    53.599792
27682    56.298611
27683    59.221794
33337     2.008337
33338     3.917323
33341    18.253675
33342    24.086052
33343    30.453899
33344    34.662251
33345    37.754295
33346    40.773239
33347    44.113411
33348    47.122414
33349    50.029663
33350    52.842213
33351    55.566029
Name: X, dtype: float64
19
cracking 0.0025
1500.0
12.4
36
[320, 348, 374.7, 399.3, 424, 451.3, 460.7, 466, 471.3, 476.7, 478.7, 479.3, 480, 481.3, 482.3, 483.3, 484.3, 485.3]
[348, 374.7, 399.3, 424, 451.3, 460.7, 466, 471.3, 476.7, 478.7, 479.3, 480, 481.3, 482.3, 483.3, 484.3, 485.3, 486.7]
27576     0.542676
27577     1.351919
27578     2.536466
27579     4.471398
27580     9.047612
27581    14.017790
27582    19.095016
27583    24.948162
27584    31.335169
27585    35.461308
27586    38.454155
27587    41.396130
27588    44.686485
27589    47.651424
27590    50.524719
27591    53.311901
27592    56.017242
27593    58.947922
33247     2.004540
33248     3.899724
33251    18.014812
33252    23.807268
33253    30.153074
33254    34.357578
33255    37.450680
33256    40.471684
33257    43.814156
33258    46.826836
33259    49.738602
33260    52.556316
33261    55.285847
Name: X, dtype: float64
19
cracking 0.002
cracking 0.002125
cracking 0.00225
cracking 0.002375
cracking 0.0025
2000.0
12.4
36
[320, 348, 374.7, 399.3, 424, 451.3, 460.7, 466, 471.3, 476.7, 478.7, 479.3, 480, 481.3, 482.3, 483.3, 484.3, 485.3]
[348, 374.7, 399.3, 424, 451.3, 460.7, 466, 471.3, 476.7, 478.7, 479.3, 480, 481.3, 482.3, 483.3, 484.3, 485.3, 486.7]
27936     0.543270
27937     1.354699
27938     2.551046
27939     4.542449
27940     9.437722
27941    14.759844
27942    20.059813
27943    26.048229
27944    32.506779
27945    36.643238
27946    39.628147
27947    42.559517
27948    45.838524
27949    48.787399
27950    51.641895
27951    54.407429
27952    57.088913
27953    59.992123
33607     2.018900
33608     3.967109
33611    18.924217
33612    24.863777
33613    31.293041
33614    35.513557
33615    38.603218
33616    41.616764
33617    44.951412
33618    47.950775
33619    50.845932
33620    53.644531
33621    56.352123
Name: X, dtype: float64
19
2125.0
12.4
36
[320, 348, 374.7, 399.3, 424, 451.3, 460.7, 466, 471.3, 476.7, 478.7, 479.3, 480, 481.3, 482.3, 483.3, 484.3, 485.3]
[348, 374.7, 399.3, 424, 451.3, 460.7, 466, 471.3, 476.7, 478.7, 479.3, 480, 481.3, 482.3, 483.3, 484.3, 485.3, 486.7]
28026     0.543575
28027     1.355534
28028     2.554432
28029     4.558943
28030     9.530605
28031    14.933734
28032    20.282272
28033    26.300188
28034    32.775318
28035    36.914417
28036    39.897678
28037    42.826954
28038    46.103859
28039    49.049004
28040    51.899342
28041    54.660053
28042    57.336227
28043    60.232941
33697     2.022188
33698     3.983020
33701    19.134233
33702    25.106014
33703    31.554218
33704    35.778847
33705    38.868099
33706    41.880196
33707    45.213154
33708    48.209831
33709    51.101192
33710    53.895512
33711    56.598236
Name: X, dtype: float64
19
2250.0
12.4
36
[320, 348, 374.7, 399.3, 424, 451.3, 460.7, 466, 471.3, 476.7, 478.7, 479.3, 480, 481.3, 482.3, 483.3, 484.3, 485.3]
[348, 374.7, 399.3, 424, 451.3, 460.7, 466, 471.3, 476.7, 478.7, 479.3, 480, 481.3, 482.3, 483.3, 484.3, 485.3, 486.7]
28116     0.543528
28117     1.356186
28118     2.557711
28119     4.575198
28120     9.621357
28121    15.103373
28122    20.498394
28123    26.544270
28124    33.035316
28125    37.176598
28126    40.158909
28127    43.086243
28128    46.360798
28129    49.302807
28130    52.149208
28131    54.905220
28132    57.576035
28133    60.467091
33787     2.025409
33788     3.998315
33791    19.338221
33792    25.340763
33793    31.807278
33794    36.035862
33795    39.124317
33796    42.135399
33797    45.467037
33798    48.460777
33799    51.349152
33800    54.139244
33801    56.837082
Name: X, dtype: float64
19
2375.0
12.4
36
[320, 348, 374.7, 399.3, 424, 451.3, 460.7, 466, 471.3, 476.7, 478.7, 479.3, 480, 481.3, 482.3, 483.3, 484.3, 485.3]
[348, 374.7, 399.3, 424, 451.3, 460.7, 466, 471.3, 476.7, 478.7, 479.3, 480, 481.3, 482.3, 483.3, 484.3, 485.3, 486.7]
28206     0.627169
28207     1.535913
28208     2.917857
28209     5.380042
28210    11.180683
28211    16.174807
28212    22.302740
28213    28.510355
28214    33.872265
28215    37.995029
28216    40.960819
28217    43.870090
28218    47.123203
28219    50.044552
28220    52.869083
28221    55.603046
28222    58.250938
28223    61.041443
33877     2.028660
33878     4.013438
33881    19.536596
33882    25.568455
33883    32.052765
33884    36.285275
33885    39.373341
33886    42.383324
33887    45.713516
33888    48.704849
33889    51.589844
33890    54.376019
33891    57.069374
Name: X, dtype: float64
19
2500.0
12.4
36
[320, 348, 374.7, 399.3, 424, 451.3, 460.7, 466, 471.3, 476.7, 478.7, 479.3, 480, 481.3, 482.3, 483.3, 484.3, 485.3]
[348, 374.7, 399.3, 424, 451.3, 460.7, 466, 471.3, 476.7, 478.7, 479.3, 480, 481.3, 482.3, 483.3, 484.3, 485.3, 486.7]
28296     0.715075
28297     1.753300
28298     3.380307
28299     6.533431
28300    12.606651
28301    18.110371
28302    23.982710
28303    30.302004
28304    35.496487
28305    38.886726
28306    41.835896
28307    44.727448
28308    47.959572
28309    50.859642
28310    53.661911
28311    56.372982
28312    58.997246
28313    61.612911
33967     2.031729
33968     4.028282
33971    19.729744
33972    25.789556
33973    32.291306
33974    36.527508
33975    39.615082
33976    42.624306
33977    45.953175
33978    48.941998
33979    51.823925
33980    54.606083
33981    57.295177
Name: X, dtype: float64
19
Error in concentration in 0.0ppm is 0.001569 
Error in concentration in 125.0ppm is 0.001822 
Error in concentration in 250.0ppm is 0.002658 
Error in concentration in 375.0ppm is 0.003234 
Error in concentration in 500.0ppm is 0.003948 
Error in concentration in 625.0ppm is 0.004259 
Error in concentration in 750.0ppm is 0.004741 
Error in concentration in 875.0ppm is 0.005233 
Error in concentration in 1000.0ppm is 0.005846 
Error in concentration in 1125.0ppm is 0.006451 
Error in concentration in 1250.0ppm is 0.007169 
Error in concentration in 1375.0ppm is 0.007905 
Error in concentration in 1500.0ppm is 0.008657 
Error in concentration in 1625.0ppm is 0.009414 
Error in concentration in 1750.0ppm is 0.010152 
Error in concentration in 1875.0ppm is 0.010932 
Error in concentration in 2000.0ppm is 0.011776 
Error in concentration in 2125.0ppm is 0.012630 
Error in concentration in 2250.0ppm is 0.013477 
Error in concentration in 2375.0ppm is 0.020644 
Error in concentration in 2500.0ppm is 0.029041 
CCl4 concentration generalization takes 0.8112234354019165 min 48.67340612411499 sec.
Case3: Initial pressure...
cracking 0.001
cracking 0.001
cracking 0.001
cracking 0.001
cracking 0.001
cracking 0.001
cracking 0.001
cracking 0.001
cracking 0.001
cracking 0.001
1000.0
10.4
36
[320, 348, 374.7, 399.3, 424, 451.3, 460.7, 466, 471.3, 476.7, 478.7, 479.3, 480, 481.3, 482.3, 483.3, 484.3, 485.3]
[348, 374.7, 399.3, 424, 451.3, 460.7, 466, 471.3, 476.7, 478.7, 479.3, 480, 481.3, 482.3, 483.3, 484.3, 485.3, 486.7]
27180     0.454785
27181     1.130655
27182     2.114152
27183     3.696109
27184     7.284056
27185    11.155511
27186    15.298104
27187    20.355278
27188    26.109171
27189    29.918217
27190    32.715446
27191    35.482731
27192    38.594120
27193    41.417507
27194    44.170925
27195    46.858204
27196    49.483093
27197    52.345600
32851     1.672907
32852     3.230075
32855    14.516745
32856    19.502863
32857    25.189457
32858    29.052176
32859    31.931536
32860    34.761982
32861    37.910316
32862    40.768604
32863    43.548790
32864    46.255814
32865    48.894310
Name: X, dtype: float64
19
1000.0
14.4
36
[320, 348, 374.7, 399.3, 424, 451.3, 460.7, 466, 471.3, 476.7, 478.7, 479.3, 480, 481.3, 482.3, 483.3, 484.3, 485.3]
[348, 374.7, 399.3, 424, 451.3, 460.7, 466, 471.3, 476.7, 478.7, 479.3, 480, 481.3, 482.3, 483.3, 484.3, 485.3, 486.7]
27252     0.629719
27253     1.565561
27254     2.921959
27255     5.080405
27256     9.933167
27257    15.161333
27258    20.523582
27259    26.698008
27260    33.417145
27261    37.754749
27262    40.894264
27263    43.968117
27264    47.389000
27265    50.459202
27266    53.421783
27267    56.282993
27268    59.047371
27269    62.025661
32923     2.301587
32924     4.410195
32927    19.293867
32928    25.407755
32929    32.092968
32930    36.520485
32931    39.771515
32932    42.933533
32933    46.415279
32934    49.541054
32935    52.549808
32936    55.448601
32937    58.244057
Name: X, dtype: float64
19
1000.0
11.4
36
[320, 348, 374.7, 399.3, 424, 451.3, 460.7, 466, 471.3, 476.7, 478.7, 479.3, 480, 481.3, 482.3, 483.3, 484.3, 485.3]
[348, 374.7, 399.3, 424, 451.3, 460.7, 466, 471.3, 476.7, 478.7, 479.3, 480, 481.3, 482.3, 483.3, 484.3, 485.3, 486.7]
27198     0.498813
27199     1.239803
27200     2.316923
27201     4.044648
27202     7.952158
27203    12.175834
27204    16.656191
27205    22.041237
27206    28.088306
27207    32.065742
27208    34.977886
27209    37.851376
27210    41.073231
27211    43.990482
27212    46.828388
27213    49.592281
27214    52.285259
27215    55.213360
32869     1.830757
32870     3.527285
32873    15.755860
32874    21.066385
32875    27.050220
32876    31.089109
32877    34.089897
32878    37.032177
32879    40.296383
32880    43.252800
32881    46.121750
32882    48.908863
32883    51.619415
Name: X, dtype: float64
19
1000.0
13.4
36
[320, 348, 374.7, 399.3, 424, 451.3, 460.7, 466, 471.3, 476.7, 478.7, 479.3, 480, 481.3, 482.3, 483.3, 484.3, 485.3]
[348, 374.7, 399.3, 424, 451.3, 460.7, 466, 471.3, 476.7, 478.7, 479.3, 480, 481.3, 482.3, 483.3, 484.3, 485.3, 486.7]
27234     0.586226
27235     1.456787
27236     2.720463
27237     4.736258
27238     9.276443
27239    14.178668
27240    19.268429
27241    25.208618
27242    31.733568
27243    35.971470
27244    39.051460
27245    42.074471
27246    45.446541
27247    48.482704
27248    51.420414
27249    54.265423
27250    57.022522
27251    60.001507
32905     2.145028
32906     4.117322
32909    18.143463
32910    24.015234
32911    30.494621
32912    34.812271
32913    37.995739
32914    41.100273
32915    44.527157
32916    47.613293
32917    50.591789
32918    53.469505
32919    56.252918
Name: X, dtype: float64
19
1000.0
12.4
36
[320, 348, 374.7, 399.3, 424, 451.3, 460.7, 466, 471.3, 476.7, 478.7, 479.3, 480, 481.3, 482.3, 483.3, 484.3, 485.3]
[348, 374.7, 399.3, 424, 451.3, 460.7, 466, 471.3, 476.7, 478.7, 479.3, 480, 481.3, 482.3, 483.3, 484.3, 485.3, 486.7]
27216     0.542458
27217     1.348509
27218     2.519060
27219     4.391415
27220     8.616336
27221    13.183365
27222    17.979229
27223    23.657576
27224    29.959951
27225    34.078899
27226    37.084000
27227    40.041294
27228    43.348572
27229    46.334602
27230    49.232445
27231    52.046650
27232    54.781319
27233    57.745777
32887     1.988156
32888     3.823128
32891    16.964336
32892    22.569231
32893    28.816078
32894    33.005142
32895    36.106174
32896    39.138523
32897    42.493961
32898    45.524872
32899    48.458012
32900    51.300186
32901    54.056561
Name: X, dtype: float64
19
Error in 10.4atm is 0.008840 
Error in 11.4atm is 0.007223 
Error in 12.4atm is 0.005846 
Error in 13.4atm is 0.005813 
Error in 14.4atm is 0.006005 
Initial pressure generalization takes 0.29462172985076907 min 17.677303791046143 sec.
Case5: Initial T_in...
cracking 0.001
cracking 0.001
cracking 0.001
cracking 0.001
cracking 0.001
cracking 0.001
cracking 0.001
cracking 0.001
cracking 0.001
cracking 0.001
cracking 0.001
cracking 0.001
1000.0
12.4
36
[320, 348, 374.7, 399.3, 424, 451.3, 460.7, 466, 471.3, 476.7, 478.7, 479.3, 480, 481.3, 482.3, 483.3, 484.3, 485.3]
[348, 374.7, 399.3, 424, 451.3, 460.7, 466, 471.3, 476.7, 478.7, 479.3, 480, 481.3, 482.3, 483.3, 484.3, 485.3, 486.7]
27216     0.542458
27217     1.348509
27218     2.519060
27219     4.391415
27220     8.616336
27221    13.183365
27222    17.979229
27223    23.657576
27224    29.959951
27225    34.078899
27226    37.084000
27227    40.041294
27228    43.348572
27229    46.334602
27230    49.232445
27231    52.046650
27232    54.781319
27233    57.745777
32887     1.988156
32888     3.823128
32891    16.964336
32892    22.569231
32893    28.816078
32894    33.005142
32895    36.106174
32896    39.138523
32897    42.493961
32898    45.524872
32899    48.458012
32900    51.300186
32901    54.056561
Name: X, dtype: float64
19
1000.0
12.4
36
[310, 340, 368.4, 393.7, 416.5, 441.6, 452, 458.3, 464.6, 471, 474, 476.5, 478.8, 481.1, 482.1, 483.1, 484.1, 485.1]
[340, 368.4, 393.7, 416.5, 441.6, 452, 458.3, 464.6, 471, 474, 476.5, 478.8, 481.1, 482.1, 483.1, 484.1, 485.1, 486.7]
25326     0.474298
25327     1.203352
25328     2.264449
25329     3.830666
25330     6.846836
25331    10.252577
25332    14.173184
25333    19.345295
25334    25.640257
25335    30.240322
25336    34.534534
25337    38.660404
25338    42.738884
25339    45.742294
25340    48.657490
25341    51.489452
25342    54.242508
25343    57.381119
Name: X, dtype: float64
19
1000.0
12.4
36
[300, 332, 361, 387, 411, 429.6, 443.4, 453.7, 460.5, 464.9, 468.7, 473, 477.8, 480.5, 481.5, 482.5, 483.5, 484.5]
[332, 361, 387, 411, 429.6, 443.4, 453.7, 460.5, 464.9, 468.7, 473, 477.8, 480.5, 481.5, 482.5, 483.5, 484.5, 486.7]
23436     0.413293
23437     1.061914
23438     2.017482
23439     3.435916
23440     5.440827
23441     8.261160
23442    12.204152
23443    16.850574
23444    21.467978
23445    26.212378
23446    31.545210
23447    37.437271
23448    41.827908
23449    44.844757
23450    47.775604
23451    50.624786
23452    53.397049
23453    57.023300
Name: X, dtype: float64
19
1000.0
12.4
36
[350, 374.7, 399.3, 424, 449.3, 460.7, 466, 471.3, 476.7, 478.7, 479.3, 480, 481.3, 482.3, 483.3, 484.3, 485.3, 486]
[374.7, 399.3, 424, 449.3, 460.7, 466, 471.3, 476.7, 478.7, 479.3, 480, 481.3, 482.3, 483.3, 484.3, 485.3, 486, 486.7]
27218     2.519060
27219     4.391415
27222    17.979229
27223    23.657576
27224    29.959951
27225    34.078899
27226    37.084000
27227    40.041294
27228    43.348572
27229    46.334602
27230    49.232445
27231    52.046650
27232    54.781319
27233    57.745777
32886     0.816246
32887     1.988156
32888     3.823128
32889     7.502276
32890    12.236892
32891    16.964336
32892    22.569231
32893    28.816078
32894    33.005142
32895    36.106174
32896    39.138523
32897    42.493961
32898    45.524872
32899    48.458012
32900    51.300186
32901    54.056561
32902    56.505898
32903    58.882050
Name: X, dtype: float64
index + 17 dont exist in y_ground_df, continue
index + 17 dont exist in y_ground_df, continue
index + 17 dont exist in y_ground_df, continue
index + 17 dont exist in y_ground_df, continue
index + 17 dont exist in y_ground_df, continue
index + 17 dont exist in y_ground_df, continue
index + 17 dont exist in y_ground_df, continue
index + 17 dont exist in y_ground_df, continue
index + 17 dont exist in y_ground_df, continue
index + 17 dont exist in y_ground_df, continue
index + 17 dont exist in y_ground_df, continue
index + 17 dont exist in y_ground_df, continue
index + 17 dont exist in y_ground_df, continue
index + 17 dont exist in y_ground_df, continue
19
1000.0
12.4
36
[340, 365.3, 390, 414.6, 439.3, 458.6, 464, 469.3, 474.6, 478, 479, 479.6, 480.3, 481.6, 482.6, 483.6, 484.6, 485.6]
[365.3, 390, 414.6, 439.3, 458.6, 464, 469.3, 474.6, 478, 479, 479.6, 480.3, 481.6, 482.6, 483.6, 484.6, 485.6, 486.7]
30996     0.710702
30997     1.728581
30998     3.262257
30999     5.987028
31000    10.848617
31001    15.513132
31002    20.849447
31003    26.866802
31004    31.956562
31005    35.348457
31006    38.322697
31007    41.247086
31008    44.515331
31009    47.464828
31010    50.325401
31011    53.102322
31012    55.799538
31013    58.495918
Name: X, dtype: float64
19
1000.0
12.4
36
[330, 357.3, 382, 406.6, 431.3, 455.1, 461.5, 467.8, 473.1, 476.8, 478.8, 479.4, 480.1, 481.4, 482.4, 483.4, 484.4, 485.4]
[357.3, 382, 406.6, 431.3, 455.1, 461.5, 467.8, 473.1, 476.8, 478.8, 479.4, 480.1, 481.4, 482.4, 483.4, 484.4, 485.4, 486.7]
29106     0.625022
29107     1.522511
29108     2.850919
29109     5.067071
29110     9.789055
29111    13.986291
29112    19.459461
29113    25.337235
29114    30.573709
29115    34.672466
29116    37.661659
29117    40.602127
29118    43.889729
29119    46.858032
29120    49.737183
29121    52.532883
29122    55.249313
29123    58.117283
Name: X, dtype: float64
19
Error in 300°C is 0.005364 
Error in 310°C is 0.005899 
Error in 320°C is 0.005846 
Error in 330°C is 0.007244 
Error in 340°C is 0.007069 
Error in 350°C is 0.006367 
Initial temperature generalization takes 0.29943395853042604 min 17.96603751182556 sec.
Starting prediction...
cracking 0.0
cracking 0.0
0.0
11.4
27
[350, 374.7, 399.3, 424, 449.3, 460.7, 466, 471.3, 476.7, 478.7, 479.3, 480, 481.3, 482.3, 483.3, 484.3, 485.3, 486]
[374.7, 399.3, 424, 449.3, 460.7, 466, 471.3, 476.7, 478.7, 479.3, 480, 481.3, 482.3, 483.3, 484.3, 485.3, 486, 486.7]
3800     3.041878
3801     5.160904
3804    18.913307
3805    24.814201
3806    31.411224
3807    35.791222
3808    39.023811
3809    42.192139
3810    45.696671
3811    48.863720
3812    51.926571
3813    54.892826
3814    57.766644
3815    60.851658
9468     0.990356
9469     2.381363
9470     4.445663
9471     8.192818
9472    12.879906
9473    17.692108
9474    23.501862
9475    30.040649
9476    34.496803
9477    37.831604
9478    41.080898
9479    44.639988
9480    47.856678
9481    50.960663
9482    53.960045
9483    56.860512
9484    59.444366
9485    61.945179
Name: X, dtype: float64
index + 17 dont exist in y_ground_df, continue
index + 17 dont exist in y_ground_df, continue
index + 17 dont exist in y_ground_df, continue
index + 17 dont exist in y_ground_df, continue
index + 17 dont exist in y_ground_df, continue
index + 17 dont exist in y_ground_df, continue
index + 17 dont exist in y_ground_df, continue
index + 17 dont exist in y_ground_df, continue
index + 17 dont exist in y_ground_df, continue
index + 17 dont exist in y_ground_df, continue
index + 17 dont exist in y_ground_df, continue
index + 17 dont exist in y_ground_df, continue
index + 17 dont exist in y_ground_df, continue
index + 17 dont exist in y_ground_df, continue
19
cracking 0.000125
cracking 0.000125
125.0
11.4
27
[350, 374.7, 399.3, 424, 449.3, 460.7, 466, 471.3, 476.7, 478.7, 479.3, 480, 481.3, 482.3, 483.3, 484.3, 485.3, 486]
[374.7, 399.3, 424, 449.3, 460.7, 466, 471.3, 476.7, 478.7, 479.3, 480, 481.3, 482.3, 483.3, 484.3, 485.3, 486, 486.7]
3890     3.054665
3891     5.211467
3894    19.456360
3895    25.421629
3896    32.026237
3897    36.388908
3898    39.602230
3899    42.751781
3900    46.237373
3901    49.384655
3902    52.429276
3903    55.376637
3904    58.231167
3905    61.295818
9558     0.992609
9559     2.393152
9560     4.493741
9561     8.383014
9562    13.265155
9563    18.208561
9564    24.091207
9565    30.645861
9566    35.088280
9567    38.405285
9568    41.637222
9569    45.178501
9570    48.377129
9571    51.463398
9572    54.444546
9573    57.326733
9574    59.892944
9575    62.376343
Name: X, dtype: float64
index + 17 dont exist in y_ground_df, continue
index + 17 dont exist in y_ground_df, continue
index + 17 dont exist in y_ground_df, continue
index + 17 dont exist in y_ground_df, continue
index + 17 dont exist in y_ground_df, continue
index + 17 dont exist in y_ground_df, continue
index + 17 dont exist in y_ground_df, continue
index + 17 dont exist in y_ground_df, continue
index + 17 dont exist in y_ground_df, continue
index + 17 dont exist in y_ground_df, continue
index + 17 dont exist in y_ground_df, continue
index + 17 dont exist in y_ground_df, continue
index + 17 dont exist in y_ground_df, continue
index + 17 dont exist in y_ground_df, continue
19
cracking 0.00025
cracking 0.00025
250.0
11.4
27
[350, 374.7, 399.3, 424, 449.3, 460.7, 466, 471.3, 476.7, 478.7, 479.3, 480, 481.3, 482.3, 483.3, 484.3, 485.3, 486]
[374.7, 399.3, 424, 449.3, 460.7, 466, 471.3, 476.7, 478.7, 479.3, 480, 481.3, 482.3, 483.3, 484.3, 485.3, 486, 486.7]
3980     3.064487
3981     5.255540
3984    19.953733
3985    25.975372
3986    32.590328
3987    36.940350
3988    40.137978
3989    43.271744
3990    46.740284
3991    49.871841
3992    52.899570
3993    55.829933
3994    58.667698
3995    61.713737
9648     0.994511
9649     2.402990
9650     4.535565
9651     8.556513
9652    13.619760
9653    18.680870
9654    24.628767
9655    31.200830
9656    35.633556
9657    38.936356
9658    42.153648
9659    45.679745
9660    48.863255
9661    51.933655
9662    54.898613
9663    57.764492
9664    60.315094
9665    62.782204
Name: X, dtype: float64
index + 17 dont exist in y_ground_df, continue
index + 17 dont exist in y_ground_df, continue
index + 17 dont exist in y_ground_df, continue
index + 17 dont exist in y_ground_df, continue
index + 17 dont exist in y_ground_df, continue
index + 17 dont exist in y_ground_df, continue
index + 17 dont exist in y_ground_df, continue
index + 17 dont exist in y_ground_df, continue
index + 17 dont exist in y_ground_df, continue
index + 17 dont exist in y_ground_df, continue
index + 17 dont exist in y_ground_df, continue
index + 17 dont exist in y_ground_df, continue
index + 17 dont exist in y_ground_df, continue
index + 17 dont exist in y_ground_df, continue
19
cracking 0.000375
cracking 0.000375
375.0
11.4
27
[350, 374.7, 399.3, 424, 449.3, 460.7, 466, 471.3, 476.7, 478.7, 479.3, 480, 481.3, 482.3, 483.3, 484.3, 485.3, 486]
[374.7, 399.3, 424, 449.3, 460.7, 466, 471.3, 476.7, 478.7, 479.3, 480, 481.3, 482.3, 483.3, 484.3, 485.3, 486, 486.7]
4070     3.073372
4071     5.295160
4074    20.413210
4075    26.485914
4076    33.112934
4077    37.453098
4078    40.637241
4079    43.757687
4080    47.212566
4081    50.329514
4082    53.342037
4083    56.257313
4084    59.079411
4085    62.108135
9738     0.996101
9739     2.411618
9740     4.573187
9741     8.717457
9742    13.949918
9743    19.117138
9744    25.123861
9745    31.714460
9746    36.140148
9747    39.431057
9748    42.636330
9749    46.149479
9750    49.319336
9751    52.375748
9752    55.326572
9753    58.177540
9754    60.713287
9755    63.165985
Name: X, dtype: float64
index + 17 dont exist in y_ground_df, continue
index + 17 dont exist in y_ground_df, continue
index + 17 dont exist in y_ground_df, continue
index + 17 dont exist in y_ground_df, continue
index + 17 dont exist in y_ground_df, continue
index + 17 dont exist in y_ground_df, continue
index + 17 dont exist in y_ground_df, continue
index + 17 dont exist in y_ground_df, continue
index + 17 dont exist in y_ground_df, continue
index + 17 dont exist in y_ground_df, continue
index + 17 dont exist in y_ground_df, continue
index + 17 dont exist in y_ground_df, continue
index + 17 dont exist in y_ground_df, continue
index + 17 dont exist in y_ground_df, continue
19
cracking 0.0005
cracking 0.0005
500.0
11.4
27
[350, 374.7, 399.3, 424, 449.3, 460.7, 466, 471.3, 476.7, 478.7, 479.3, 480, 481.3, 482.3, 483.3, 484.3, 485.3, 486]
[374.7, 399.3, 424, 449.3, 460.7, 466, 471.3, 476.7, 478.7, 479.3, 480, 481.3, 482.3, 483.3, 484.3, 485.3, 486, 486.7]
4160     3.081848
4161     5.331530
4164    20.841183
4165    26.960354
4166    33.600079
4167    37.932766
4168    41.105686
4169    44.214256
4170    47.657257
4171    50.760685
4172    53.760357
4173    56.661530
4174    59.469227
4175    62.482578
9828     0.997493
9829     2.419438
9830     4.607894
9831     8.868638
9832    14.260119
9833    19.523676
9834    25.583780
9835    32.193340
9836    36.613899
9837    39.895031
9838    43.089245
9839    46.591633
9840    49.749336
9841    52.793411
9842    55.731045
9843    58.568455
9844    61.091011
9845    63.529640
Name: X, dtype: float64
index + 17 dont exist in y_ground_df, continue
index + 17 dont exist in y_ground_df, continue
index + 17 dont exist in y_ground_df, continue
index + 17 dont exist in y_ground_df, continue
index + 17 dont exist in y_ground_df, continue
index + 17 dont exist in y_ground_df, continue
index + 17 dont exist in y_ground_df, continue
index + 17 dont exist in y_ground_df, continue
index + 17 dont exist in y_ground_df, continue
index + 17 dont exist in y_ground_df, continue
index + 17 dont exist in y_ground_df, continue
index + 17 dont exist in y_ground_df, continue
index + 17 dont exist in y_ground_df, continue
index + 17 dont exist in y_ground_df, continue
19
cracking 0.000625
cracking 0.000625
625.0
11.4
27
[350, 374.7, 399.3, 424, 449.3, 460.7, 466, 471.3, 476.7, 478.7, 479.3, 480, 481.3, 482.3, 483.3, 484.3, 485.3, 486]
[374.7, 399.3, 424, 449.3, 460.7, 466, 471.3, 476.7, 478.7, 479.3, 480, 481.3, 482.3, 483.3, 484.3, 485.3, 486, 486.7]
4250     3.089005
4251     5.365833
4254    21.242485
4255    27.403975
4256    34.057415
4257    38.383923
4258    41.546978
4259    44.645199
4260    48.077049
4261    51.169308
4262    54.156517
4263    57.045193
4264    59.839878
4265    62.838249
9918     0.998839
9919     2.426519
9920     4.640114
9921     9.011666
9922    14.553246
9923    19.904781
9924    26.013754
9925    32.642185
9926    37.059338
9927    40.331917
9928    43.517162
9929    47.009659
9930    50.156818
9931    53.189449
9932    56.115124
9933    58.939861
9934    61.449654
9935    63.875973
Name: X, dtype: float64
index + 17 dont exist in y_ground_df, continue
index + 17 dont exist in y_ground_df, continue
index + 17 dont exist in y_ground_df, continue
index + 17 dont exist in y_ground_df, continue
index + 17 dont exist in y_ground_df, continue
index + 17 dont exist in y_ground_df, continue
index + 17 dont exist in y_ground_df, continue
index + 17 dont exist in y_ground_df, continue
index + 17 dont exist in y_ground_df, continue
index + 17 dont exist in y_ground_df, continue
index + 17 dont exist in y_ground_df, continue
index + 17 dont exist in y_ground_df, continue
index + 17 dont exist in y_ground_df, continue
index + 17 dont exist in y_ground_df, continue
19
cracking 0.00075
cracking 0.00075
750.0
11.4
27
[350, 374.7, 399.3, 424, 449.3, 460.7, 466, 471.3, 476.7, 478.7, 479.3, 480, 481.3, 482.3, 483.3, 484.3, 485.3, 486]
[374.7, 399.3, 424, 449.3, 460.7, 466, 471.3, 476.7, 478.7, 479.3, 480, 481.3, 482.3, 483.3, 484.3, 485.3, 486, 486.7]
4340      3.095713
4341      5.397710
4344     21.620569
4345     27.821096
4346     34.488319
4347     38.809971
4348     41.964481
4349     45.053356
4350     48.475754
4351     51.557369
4352     54.533375
4353     57.410294
4354     60.192547
4355     63.177608
10008     0.999918
10009     2.433069
10010     4.670480
10011     9.148043
10012    14.831551
10013    20.264008
10014    26.418190
10015    33.065250
10016    37.480083
10017    40.745239
10018    43.922310
10019    47.406372
10020    50.543667
10021    53.565998
10022    56.480419
10023    59.293720
10024    61.792030
10025    64.205902
Name: X, dtype: float64
index + 17 dont exist in y_ground_df, continue
index + 17 dont exist in y_ground_df, continue
index + 17 dont exist in y_ground_df, continue
index + 17 dont exist in y_ground_df, continue
index + 17 dont exist in y_ground_df, continue
index + 17 dont exist in y_ground_df, continue
index + 17 dont exist in y_ground_df, continue
index + 17 dont exist in y_ground_df, continue
index + 17 dont exist in y_ground_df, continue
index + 17 dont exist in y_ground_df, continue
index + 17 dont exist in y_ground_df, continue
index + 17 dont exist in y_ground_df, continue
index + 17 dont exist in y_ground_df, continue
index + 17 dont exist in y_ground_df, continue
19
cracking 0.000875
cracking 0.000875
875.0
11.4
27
[350, 374.7, 399.3, 424, 449.3, 460.7, 466, 471.3, 476.7, 478.7, 479.3, 480, 481.3, 482.3, 483.3, 484.3, 485.3, 486]
[374.7, 399.3, 424, 449.3, 460.7, 466, 471.3, 476.7, 478.7, 479.3, 480, 481.3, 482.3, 483.3, 484.3, 485.3, 486, 486.7]
4430      3.102645
4431      5.428426
4434     21.978355
4435     28.214876
4436     34.895786
4437     39.214191
4438     42.360840
4439     45.441483
4440     48.855148
4441     51.927319
4442     54.892956
4443     57.758717
4444     60.529659
4445     63.501900
10098     1.000968
10099     2.439345
10100     4.699181
10101     9.278635
10102    15.096944
10103    20.604250
10104    26.799980
10105    33.465466
10106    37.878925
10107    41.137409
10108    44.307281
10109    47.783386
10110    50.912228
10111    53.924957
10112    56.829266
10113    59.631672
10114    62.118786
10115    64.521660
Name: X, dtype: float64
index + 17 dont exist in y_ground_df, continue
index + 17 dont exist in y_ground_df, continue
index + 17 dont exist in y_ground_df, continue
index + 17 dont exist in y_ground_df, continue
index + 17 dont exist in y_ground_df, continue
index + 17 dont exist in y_ground_df, continue
index + 17 dont exist in y_ground_df, continue
index + 17 dont exist in y_ground_df, continue
index + 17 dont exist in y_ground_df, continue
index + 17 dont exist in y_ground_df, continue
index + 17 dont exist in y_ground_df, continue
index + 17 dont exist in y_ground_df, continue
index + 17 dont exist in y_ground_df, continue
index + 17 dont exist in y_ground_df, continue
19
cracking 0.001
cracking 0.001
1000.0
11.4
27
[350, 374.7, 399.3, 424, 449.3, 460.7, 466, 471.3, 476.7, 478.7, 479.3, 480, 481.3, 482.3, 483.3, 484.3, 485.3, 486]
[374.7, 399.3, 424, 449.3, 460.7, 466, 471.3, 476.7, 478.7, 479.3, 480, 481.3, 482.3, 483.3, 484.3, 485.3, 486, 486.7]
4520      3.108509
4521      5.457591
4524     22.318094
4525     28.588341
4526     35.283260
4527     39.598507
4528     42.738537
4529     45.811749
4530     49.217445
4531     52.280338
4532     55.236675
4533     58.092232
4534     60.852192
4535     63.812344
10188     1.002146
10189     2.445217
10190     4.726597
10191     9.404279
10192    15.350990
10193    20.927475
10194    27.162149
10195    33.845566
10196    38.258156
10197    41.511074
10198    44.674374
10199    48.143726
10200    51.264187
10201    54.268074
10202    57.162872
10203    59.954998
10204    62.431976
10205    64.824074
Name: X, dtype: float64
index + 17 dont exist in y_ground_df, continue
index + 17 dont exist in y_ground_df, continue
index + 17 dont exist in y_ground_df, continue
index + 17 dont exist in y_ground_df, continue
index + 17 dont exist in y_ground_df, continue
index + 17 dont exist in y_ground_df, continue
index + 17 dont exist in y_ground_df, continue
index + 17 dont exist in y_ground_df, continue
index + 17 dont exist in y_ground_df, continue
index + 17 dont exist in y_ground_df, continue
index + 17 dont exist in y_ground_df, continue
index + 17 dont exist in y_ground_df, continue
index + 17 dont exist in y_ground_df, continue
index + 17 dont exist in y_ground_df, continue
19
cracking 0.001125
cracking 0.001125
1125.0
11.4
27
[350, 374.7, 399.3, 424, 449.3, 460.7, 466, 471.3, 476.7, 478.7, 479.3, 480, 481.3, 482.3, 483.3, 484.3, 485.3, 486]
[374.7, 399.3, 424, 449.3, 460.7, 466, 471.3, 476.7, 478.7, 479.3, 480, 481.3, 482.3, 483.3, 484.3, 485.3, 486, 486.7]
4610      3.114588
4611      5.485359
4614     22.641846
4615     28.943766
4616     35.652111
4617     39.965160
4618     43.099083
4619     46.165764
4620     49.563889
4621     52.618660
4622     55.565750
4623     58.411976
4624     61.161499
4625     64.110237
10278     1.003013
10279     2.450710
10280     4.752776
10281     9.525557
10282    15.594671
10283    21.235569
10284    27.506535
10285    34.207569
10286    38.619984
10287    41.867821
10288    45.025265
10289    48.488220
10290    51.601429
10291    54.596802
10292    57.482651
10293    60.265270
10294    62.732418
10295    65.114037
Name: X, dtype: float64
index + 17 dont exist in y_ground_df, continue
index + 17 dont exist in y_ground_df, continue
index + 17 dont exist in y_ground_df, continue
index + 17 dont exist in y_ground_df, continue
index + 17 dont exist in y_ground_df, continue
index + 17 dont exist in y_ground_df, continue
index + 17 dont exist in y_ground_df, continue
index + 17 dont exist in y_ground_df, continue
index + 17 dont exist in y_ground_df, continue
index + 17 dont exist in y_ground_df, continue
index + 17 dont exist in y_ground_df, continue
index + 17 dont exist in y_ground_df, continue
index + 17 dont exist in y_ground_df, continue
index + 17 dont exist in y_ground_df, continue
19
cracking 0.00125
cracking 0.00125
1250.0
11.4
27
[350, 374.7, 399.3, 424, 449.3, 460.7, 466, 471.3, 476.7, 478.7, 479.3, 480, 481.3, 482.3, 483.3, 484.3, 485.3, 486]
[374.7, 399.3, 424, 449.3, 460.7, 466, 471.3, 476.7, 478.7, 479.3, 480, 481.3, 482.3, 483.3, 484.3, 485.3, 486, 486.7]
4700      3.120348
4701      5.512063
4704     22.951235
4705     29.282797
4706     36.004604
4707     40.316193
4708     43.444313
4709     46.504257
4710     49.895832
4711     52.943020
4712     55.881660
4713     58.718899
4714     61.458874
4715     64.396454
10368     1.004063
10369     2.456249
10370     4.778106
10371     9.642913
10372    15.829159
10373    21.530010
10374    27.835377
10375    34.553722
10376    38.966190
10377    42.209339
10378    45.361324
10379    48.818787
10380    51.924927
10381    54.912567
10382    57.789803
10383    60.563339
10384    63.021206
10385    65.393158
Name: X, dtype: float64
index + 17 dont exist in y_ground_df, continue
index + 17 dont exist in y_ground_df, continue
index + 17 dont exist in y_ground_df, continue
index + 17 dont exist in y_ground_df, continue
index + 17 dont exist in y_ground_df, continue
index + 17 dont exist in y_ground_df, continue
index + 17 dont exist in y_ground_df, continue
index + 17 dont exist in y_ground_df, continue
index + 17 dont exist in y_ground_df, continue
index + 17 dont exist in y_ground_df, continue
index + 17 dont exist in y_ground_df, continue
index + 17 dont exist in y_ground_df, continue
index + 17 dont exist in y_ground_df, continue
index + 17 dont exist in y_ground_df, continue
19
cracking 0.001375
cracking 0.001375
1375.0
11.4
27
[350, 374.7, 399.3, 424, 449.3, 460.7, 466, 471.3, 476.7, 478.7, 479.3, 480, 481.3, 482.3, 483.3, 484.3, 485.3, 486]
[374.7, 399.3, 424, 449.3, 460.7, 466, 471.3, 476.7, 478.7, 479.3, 480, 481.3, 482.3, 483.3, 484.3, 485.3, 486, 486.7]
4790      3.125567
4791      5.538033
4794     23.247536
4795     29.607147
4796     36.342278
4797     40.652393
4798     43.775368
4799     46.829903
4800     50.214897
4801     53.254883
4802     56.185883
4803     59.014236
4804     61.745041
4805     64.672386
10458     1.004952
10459     2.461339
10460     4.802303
10461     9.756625
10462    16.055050
10463    21.812227
10464    28.149822
10465    34.885281
10466    39.297791
10467    42.536972
10468    45.684101
10469    49.136288
10470    52.235710
10471    55.216202
10472    58.085426
10473    60.850185
10474    63.299084
10475    65.661819
Name: X, dtype: float64
index + 17 dont exist in y_ground_df, continue
index + 17 dont exist in y_ground_df, continue
index + 17 dont exist in y_ground_df, continue
index + 17 dont exist in y_ground_df, continue
index + 17 dont exist in y_ground_df, continue
index + 17 dont exist in y_ground_df, continue
index + 17 dont exist in y_ground_df, continue
index + 17 dont exist in y_ground_df, continue
index + 17 dont exist in y_ground_df, continue
index + 17 dont exist in y_ground_df, continue
index + 17 dont exist in y_ground_df, continue
index + 17 dont exist in y_ground_df, continue
index + 17 dont exist in y_ground_df, continue
index + 17 dont exist in y_ground_df, continue
19
cracking 0.0015
cracking 0.0015
1500.0
11.4
27
[350, 374.7, 399.3, 424, 449.3, 460.7, 466, 471.3, 476.7, 478.7, 479.3, 480, 481.3, 482.3, 483.3, 484.3, 485.3, 486]
[374.7, 399.3, 424, 449.3, 460.7, 466, 471.3, 476.7, 478.7, 479.3, 480, 481.3, 482.3, 483.3, 484.3, 485.3, 486, 486.7]
4880      3.130924
4881      5.563154
4884     23.531946
4885     29.918171
4886     36.666290
4887     40.975525
4888     44.093830
4889     47.142933
4890     50.522442
4891     53.555195
4892     56.478630
4893     59.298798
4894     62.020882
4895     64.938431
10548     1.005842
10549     2.466353
10550     4.825880
10551     9.867208
10552    16.273241
10553    22.083323
10554    28.451563
10555    35.203381
10556    39.616833
10557    42.852043
10558    45.994473
10559    49.441643
10560    52.535042
10561    55.508705
10562    58.370235
10563    61.126652
10564    63.567074
10565    65.920975
Name: X, dtype: float64
index + 17 dont exist in y_ground_df, continue
index + 17 dont exist in y_ground_df, continue
index + 17 dont exist in y_ground_df, continue
index + 17 dont exist in y_ground_df, continue
index + 17 dont exist in y_ground_df, continue
index + 17 dont exist in y_ground_df, continue
index + 17 dont exist in y_ground_df, continue
index + 17 dont exist in y_ground_df, continue
index + 17 dont exist in y_ground_df, continue
index + 17 dont exist in y_ground_df, continue
index + 17 dont exist in y_ground_df, continue
index + 17 dont exist in y_ground_df, continue
index + 17 dont exist in y_ground_df, continue
index + 17 dont exist in y_ground_df, continue
19
cracking 0.001625
cracking 0.001625
1625.0
11.4
27
[350, 374.7, 399.3, 424, 449.3, 460.7, 466, 471.3, 476.7, 478.7, 479.3, 480, 481.3, 482.3, 483.3, 484.3, 485.3, 486]
[374.7, 399.3, 424, 449.3, 460.7, 466, 471.3, 476.7, 478.7, 479.3, 480, 481.3, 482.3, 483.3, 484.3, 485.3, 486, 486.7]
4970      3.136001
4971      5.587380
4974     23.805559
4975     30.217018
4976     36.978027
4977     41.286545
4978     44.400513
4979     47.444191
4980     50.818504
4981     53.844986
4982     56.760956
4983     59.573502
4984     62.287006
4985     65.195030
10638     1.006664
10639     2.471133
10640     4.848661
10641     9.974957
10642    16.484154
10643    22.344162
10644    28.741430
10645    35.509285
10646    39.923737
10647    43.155231
10648    46.293488
10649    49.736130
10650    52.823650
10651    55.790550
10652    58.645161
10653    61.393616
10654    63.825977
10655    66.171356
Name: X, dtype: float64
index + 17 dont exist in y_ground_df, continue
index + 17 dont exist in y_ground_df, continue
index + 17 dont exist in y_ground_df, continue
index + 17 dont exist in y_ground_df, continue
index + 17 dont exist in y_ground_df, continue
index + 17 dont exist in y_ground_df, continue
index + 17 dont exist in y_ground_df, continue
index + 17 dont exist in y_ground_df, continue
index + 17 dont exist in y_ground_df, continue
index + 17 dont exist in y_ground_df, continue
index + 17 dont exist in y_ground_df, continue
index + 17 dont exist in y_ground_df, continue
index + 17 dont exist in y_ground_df, continue
index + 17 dont exist in y_ground_df, continue
19
cracking 0.00175
cracking 0.00175
1750.0
11.4
27
[350, 374.7, 399.3, 424, 449.3, 460.7, 466, 471.3, 476.7, 478.7, 479.3, 480, 481.3, 482.3, 483.3, 484.3, 485.3, 486]
[374.7, 399.3, 424, 449.3, 460.7, 466, 471.3, 476.7, 478.7, 479.3, 480, 481.3, 482.3, 483.3, 484.3, 485.3, 486, 486.7]
5060      3.140789
5061      5.611100
5064     24.069298
5065     30.504778
5066     37.278126
5067     41.586346
5068     44.695942
5069     47.735374
5070     51.104015
5071     54.124836
5072     57.033939
5073     59.838669
5074     62.544212
5075     65.442993
10728     1.007500
10729     2.475753
10730     4.870737
10731    10.079888
10732    16.688629
10733    22.595566
10734    29.020697
10735    35.804020
10736    40.219559
10737    43.447853
10738    46.582169
10739    50.020454
10740    53.102474
10741    56.063004
10742    58.910748
10743    61.651630
10744    64.075943
10745    66.413330
Name: X, dtype: float64
index + 17 dont exist in y_ground_df, continue
index + 17 dont exist in y_ground_df, continue
index + 17 dont exist in y_ground_df, continue
index + 17 dont exist in y_ground_df, continue
index + 17 dont exist in y_ground_df, continue
index + 17 dont exist in y_ground_df, continue
index + 17 dont exist in y_ground_df, continue
index + 17 dont exist in y_ground_df, continue
index + 17 dont exist in y_ground_df, continue
index + 17 dont exist in y_ground_df, continue
index + 17 dont exist in y_ground_df, continue
index + 17 dont exist in y_ground_df, continue
index + 17 dont exist in y_ground_df, continue
index + 17 dont exist in y_ground_df, continue
19
cracking 0.001875
cracking 0.001875
1875.0
11.4
27
[350, 374.7, 399.3, 424, 449.3, 460.7, 466, 471.3, 476.7, 478.7, 479.3, 480, 481.3, 482.3, 483.3, 484.3, 485.3, 486]
[374.7, 399.3, 424, 449.3, 460.7, 466, 471.3, 476.7, 478.7, 479.3, 480, 481.3, 482.3, 483.3, 484.3, 485.3, 486, 486.7]
5150      3.145477
5151      5.634404
5154     24.323832
5155     30.782299
5156     37.568047
5157     41.875839
5158     44.981697
5159     48.016533
5160     51.380550
5161     54.395115
5162     57.298004
5163     60.095657
5164     62.793449
5165     65.682983
10818     1.008337
10819     2.480358
10820     4.892344
10821    10.182221
10822    16.886847
10823    22.838266
10824    29.290121
10825    36.088406
10826    40.505299
10827    43.730389
10828    46.861195
10829    50.295067
10830    53.371998
10831    56.326626
10832    59.167484
10833    61.901340
10834    64.318222
10835    66.647446
Name: X, dtype: float64
index + 17 dont exist in y_ground_df, continue
index + 17 dont exist in y_ground_df, continue
index + 17 dont exist in y_ground_df, continue
index + 17 dont exist in y_ground_df, continue
index + 17 dont exist in y_ground_df, continue
index + 17 dont exist in y_ground_df, continue
index + 17 dont exist in y_ground_df, continue
index + 17 dont exist in y_ground_df, continue
index + 17 dont exist in y_ground_df, continue
index + 17 dont exist in y_ground_df, continue
index + 17 dont exist in y_ground_df, continue
index + 17 dont exist in y_ground_df, continue
index + 17 dont exist in y_ground_df, continue
index + 17 dont exist in y_ground_df, continue
19
cracking 0.002
cracking 0.002
2000.0
11.4
27
[350, 374.7, 399.3, 424, 449.3, 460.7, 466, 471.3, 476.7, 478.7, 479.3, 480, 481.3, 482.3, 483.3, 484.3, 485.3, 486]
[374.7, 399.3, 424, 449.3, 460.7, 466, 471.3, 476.7, 478.7, 479.3, 480, 481.3, 482.3, 483.3, 484.3, 485.3, 486, 486.7]
5240      3.150007
5241      5.656562
5244     24.569908
5245     31.050207
5246     37.847912
5247     42.155560
5248     45.257767
5249     48.288544
5250     51.648201
5251     54.656723
5252     57.553608
5253     60.344128
5254     63.034397
5255     65.915695
10908     1.009030
10909     2.484538
10910     4.913322
10911    10.282712
10912    17.079309
10913    23.073040
10914    29.550220
10915    36.363068
10916    40.781410
10917    44.003803
10918    47.130852
10919    50.561035
10920    53.633038
10921    56.582226
10922    59.416237
10923    62.143322
10924    64.552841
10925    66.874260
Name: X, dtype: float64
index + 17 dont exist in y_ground_df, continue
index + 17 dont exist in y_ground_df, continue
index + 17 dont exist in y_ground_df, continue
index + 17 dont exist in y_ground_df, continue
index + 17 dont exist in y_ground_df, continue
index + 17 dont exist in y_ground_df, continue
index + 17 dont exist in y_ground_df, continue
index + 17 dont exist in y_ground_df, continue
index + 17 dont exist in y_ground_df, continue
index + 17 dont exist in y_ground_df, continue
index + 17 dont exist in y_ground_df, continue
index + 17 dont exist in y_ground_df, continue
index + 17 dont exist in y_ground_df, continue
index + 17 dont exist in y_ground_df, continue
19
cracking 0.002125
cracking 0.002125
2125.0
11.4
27
[350, 374.7, 399.3, 424, 449.3, 460.7, 466, 471.3, 476.7, 478.7, 479.3, 480, 481.3, 482.3, 483.3, 484.3, 485.3, 486]
[374.7, 399.3, 424, 449.3, 460.7, 466, 471.3, 476.7, 478.7, 479.3, 480, 481.3, 482.3, 483.3, 484.3, 485.3, 486, 486.7]
5330      3.154645
5331      5.678578
5334     24.808163
5335     31.309549
5336     38.118935
5337     42.426571
5338     45.525513
5339     48.552086
5340     51.907242
5341     54.910675
5342     57.801067
5343     60.585438
5344     63.268383
5345     66.141640
10998     1.009829
10999     2.488901
11000     4.933801
11001    10.380892
11002    17.266571
11003    23.300459
11004    29.801975
11005    36.629211
11006    41.048798
11007    44.268765
11008    47.392445
11009    50.819103
11010    53.886280
11011    56.829548
11012    59.657780
11013    62.377747
11014    64.780334
11015    67.094696
Name: X, dtype: float64
index + 17 dont exist in y_ground_df, continue
index + 17 dont exist in y_ground_df, continue
index + 17 dont exist in y_ground_df, continue
index + 17 dont exist in y_ground_df, continue
index + 17 dont exist in y_ground_df, continue
index + 17 dont exist in y_ground_df, continue
index + 17 dont exist in y_ground_df, continue
index + 17 dont exist in y_ground_df, continue
index + 17 dont exist in y_ground_df, continue
index + 17 dont exist in y_ground_df, continue
index + 17 dont exist in y_ground_df, continue
index + 17 dont exist in y_ground_df, continue
index + 17 dont exist in y_ground_df, continue
index + 17 dont exist in y_ground_df, continue
19
cracking 0.00225
cracking 0.00225
2250.0
11.4
27
[350, 374.7, 399.3, 424, 449.3, 460.7, 466, 471.3, 476.7, 478.7, 479.3, 480, 481.3, 482.3, 483.3, 484.3, 485.3, 486]
[374.7, 399.3, 424, 449.3, 460.7, 466, 471.3, 476.7, 478.7, 479.3, 480, 481.3, 482.3, 483.3, 484.3, 485.3, 486, 486.7]
5420      3.158963
5421      5.699905
5424     25.039028
5425     31.560753
5426     38.381451
5427     42.689148
5428     45.784885
5429     48.807663
5430     52.158360
5431     55.157059
5432     58.041645
5433     60.819336
5434     63.495541
5435     66.360428
11088     1.010544
11089     2.492967
11090     4.953842
11091    10.476958
11092    17.448578
11093    23.520918
11094    30.045685
11095    36.886921
11096    41.308079
11097    44.525490
11098    47.645939
11099    51.069027
11100    54.131603
11101    57.069771
11102    59.892265
11103    62.605305
11104    65.001167
11105    67.308144
Name: X, dtype: float64
index + 17 dont exist in y_ground_df, continue
index + 17 dont exist in y_ground_df, continue
index + 17 dont exist in y_ground_df, continue
index + 17 dont exist in y_ground_df, continue
index + 17 dont exist in y_ground_df, continue
index + 17 dont exist in y_ground_df, continue
index + 17 dont exist in y_ground_df, continue
index + 17 dont exist in y_ground_df, continue
index + 17 dont exist in y_ground_df, continue
index + 17 dont exist in y_ground_df, continue
index + 17 dont exist in y_ground_df, continue
index + 17 dont exist in y_ground_df, continue
index + 17 dont exist in y_ground_df, continue
index + 17 dont exist in y_ground_df, continue
19
cracking 0.002375
cracking 0.002375
2375.0
11.4
27
[350, 374.7, 399.3, 424, 449.3, 460.7, 466, 471.3, 476.7, 478.7, 479.3, 480, 481.3, 482.3, 483.3, 484.3, 485.3, 486]
[374.7, 399.3, 424, 449.3, 460.7, 466, 471.3, 476.7, 478.7, 479.3, 480, 481.3, 482.3, 483.3, 484.3, 485.3, 486, 486.7]
5510      3.163167
5511      5.721077
5514     25.263111
5515     31.804251
5516     38.635868
5517     42.944130
5518     46.036716
5519     49.056152
5520     52.402729
5521     55.396500
5522     58.275200
5523     61.046474
5524     63.715954
5525     66.572899
11178     1.011290
11179     2.497157
11180     4.973398
11181    10.571258
11182    17.626076
11183    23.735159
11184    30.282194
11185    37.137161
11186    41.559612
11187    44.774956
11188    47.892265
11189    51.311901
11190    54.370129
11191    57.303188
11192    60.120026
11193    62.826565
11194    65.215904
11195    67.515778
Name: X, dtype: float64
index + 17 dont exist in y_ground_df, continue
index + 17 dont exist in y_ground_df, continue
index + 17 dont exist in y_ground_df, continue
index + 17 dont exist in y_ground_df, continue
index + 17 dont exist in y_ground_df, continue
index + 17 dont exist in y_ground_df, continue
index + 17 dont exist in y_ground_df, continue
index + 17 dont exist in y_ground_df, continue
index + 17 dont exist in y_ground_df, continue
index + 17 dont exist in y_ground_df, continue
index + 17 dont exist in y_ground_df, continue
index + 17 dont exist in y_ground_df, continue
index + 17 dont exist in y_ground_df, continue
index + 17 dont exist in y_ground_df, continue
19
cracking 0.0025
cracking 0.0025
2500.0
11.4
27
[350, 374.7, 399.3, 424, 449.3, 460.7, 466, 471.3, 476.7, 478.7, 479.3, 480, 481.3, 482.3, 483.3, 484.3, 485.3, 486]
[374.7, 399.3, 424, 449.3, 460.7, 466, 471.3, 476.7, 478.7, 479.3, 480, 481.3, 482.3, 483.3, 484.3, 485.3, 486, 486.7]
5600      3.167488
5601      5.741473
5604     25.480618
5605     32.040749
5606     38.883217
5607     43.191639
5608     46.281391
5609     49.297077
5610     52.640137
5611     55.628609
5612     58.502384
5613     61.267563
5614     63.930405
5615     66.779892
11268     1.012006
11269     2.501126
11270     4.992653
11271    10.663759
11272    17.799137
11273    23.943022
11274    30.511881
11275    37.379860
11276    41.803951
11277    45.016911
11278    48.131638
11279    51.548080
11280    54.602062
11281    57.530182
11282    60.340912
11283    63.041771
11284    65.424698
11285    67.717697
Name: X, dtype: float64
index + 17 dont exist in y_ground_df, continue
index + 17 dont exist in y_ground_df, continue
index + 17 dont exist in y_ground_df, continue
index + 17 dont exist in y_ground_df, continue
index + 17 dont exist in y_ground_df, continue
index + 17 dont exist in y_ground_df, continue
index + 17 dont exist in y_ground_df, continue
index + 17 dont exist in y_ground_df, continue
index + 17 dont exist in y_ground_df, continue
index + 17 dont exist in y_ground_df, continue
index + 17 dont exist in y_ground_df, continue
index + 17 dont exist in y_ground_df, continue
index + 17 dont exist in y_ground_df, continue
index + 17 dont exist in y_ground_df, continue
19
['/home/wesley/EDC/FPC/ML/results/0323_FPC_modelV4_stand/plots/predict/20_350_11.4_27_org/CCl4_0.000000_mass_27_temp_350_20_350_11.4_27_org.png', '/home/wesley/EDC/FPC/ML/results/0323_FPC_modelV4_stand/plots/predict/20_350_11.4_27_org/CCl4_125.000000_mass_27_temp_350_20_350_11.4_27_org.png', '/home/wesley/EDC/FPC/ML/results/0323_FPC_modelV4_stand/plots/predict/20_350_11.4_27_org/CCl4_250.000000_mass_27_temp_350_20_350_11.4_27_org.png', '/home/wesley/EDC/FPC/ML/results/0323_FPC_modelV4_stand/plots/predict/20_350_11.4_27_org/CCl4_375.000000_mass_27_temp_350_20_350_11.4_27_org.png', '/home/wesley/EDC/FPC/ML/results/0323_FPC_modelV4_stand/plots/predict/20_350_11.4_27_org/CCl4_500.000000_mass_27_temp_350_20_350_11.4_27_org.png', '/home/wesley/EDC/FPC/ML/results/0323_FPC_modelV4_stand/plots/predict/20_350_11.4_27_org/CCl4_625.000000_mass_27_temp_350_20_350_11.4_27_org.png', '/home/wesley/EDC/FPC/ML/results/0323_FPC_modelV4_stand/plots/predict/20_350_11.4_27_org/CCl4_750.000000_mass_27_temp_350_20_350_11.4_27_org.png', '/home/wesley/EDC/FPC/ML/results/0323_FPC_modelV4_stand/plots/predict/20_350_11.4_27_org/CCl4_875.000000_mass_27_temp_350_20_350_11.4_27_org.png', '/home/wesley/EDC/FPC/ML/results/0323_FPC_modelV4_stand/plots/predict/20_350_11.4_27_org/CCl4_1000.000000_mass_27_temp_350_20_350_11.4_27_org.png', '/home/wesley/EDC/FPC/ML/results/0323_FPC_modelV4_stand/plots/predict/20_350_11.4_27_org/CCl4_1125.000000_mass_27_temp_350_20_350_11.4_27_org.png', '/home/wesley/EDC/FPC/ML/results/0323_FPC_modelV4_stand/plots/predict/20_350_11.4_27_org/CCl4_1250.000000_mass_27_temp_350_20_350_11.4_27_org.png', '/home/wesley/EDC/FPC/ML/results/0323_FPC_modelV4_stand/plots/predict/20_350_11.4_27_org/CCl4_1375.000000_mass_27_temp_350_20_350_11.4_27_org.png', '/home/wesley/EDC/FPC/ML/results/0323_FPC_modelV4_stand/plots/predict/20_350_11.4_27_org/CCl4_1500.000000_mass_27_temp_350_20_350_11.4_27_org.png', '/home/wesley/EDC/FPC/ML/results/0323_FPC_modelV4_stand/plots/predict/20_350_11.4_27_org/CCl4_1625.000000_mass_27_temp_350_20_350_11.4_27_org.png', '/home/wesley/EDC/FPC/ML/results/0323_FPC_modelV4_stand/plots/predict/20_350_11.4_27_org/CCl4_1750.000000_mass_27_temp_350_20_350_11.4_27_org.png', '/home/wesley/EDC/FPC/ML/results/0323_FPC_modelV4_stand/plots/predict/20_350_11.4_27_org/CCl4_1875.000000_mass_27_temp_350_20_350_11.4_27_org.png', '/home/wesley/EDC/FPC/ML/results/0323_FPC_modelV4_stand/plots/predict/20_350_11.4_27_org/CCl4_2000.000000_mass_27_temp_350_20_350_11.4_27_org.png', '/home/wesley/EDC/FPC/ML/results/0323_FPC_modelV4_stand/plots/predict/20_350_11.4_27_org/CCl4_2125.000000_mass_27_temp_350_20_350_11.4_27_org.png', '/home/wesley/EDC/FPC/ML/results/0323_FPC_modelV4_stand/plots/predict/20_350_11.4_27_org/CCl4_2250.000000_mass_27_temp_350_20_350_11.4_27_org.png', '/home/wesley/EDC/FPC/ML/results/0323_FPC_modelV4_stand/plots/predict/20_350_11.4_27_org/CCl4_2375.000000_mass_27_temp_350_20_350_11.4_27_org.png', '/home/wesley/EDC/FPC/ML/results/0323_FPC_modelV4_stand/plots/predict/20_350_11.4_27_org/CCl4_2500.000000_mass_27_temp_350_20_350_11.4_27_org.png']
