training_data_FPC_V4_3m_irrev.csv
            Experiment name: 0323_FPC_modelV4
            Training Data: training_data_FPC_V4_3m_irrev.csv
            Do k-fold: False
            Folds num: 10
            Learning rate: 0.001
            Batch size: 18
            Epoch: 10000
            CSTR num: 100
            Training vebose: 0
            #Genearalization test
            mass flow rates = True
            CCl4 = True
            inital pressure = True
            number of tubes = True
            T_in = True
            ncpus = 8
            training = False
            prediction only = False
                
Loading data...
Starting prediction...
cracking 0.0
cracking 0.0
loss in 0.0: 0.46071800770223864 
0.0
11.4
53
[300, 332, 361, 387, 411, 429.6, 443.4, 453.7, 455.1, 457.5, 460.5, 464.9, 466.8, 468.7, 473, 475.4, 477.8, 480.5, 481.5, 482.5, 483.5, 484.5]
[332, 361, 387, 411, 429.6, 443.4, 453.7, 455.1, 457.5, 460.5, 464.9, 466.8, 468.7, 473, 475.4, 477.8, 480.5, 481.5, 482.5, 483.5, 484.5, 486.7]
Series([], Name: X, dtype: float64)
FPC data not found
cracking 0.000125
cracking 0.000125
loss in 0.000125: 0.26896900763633613 
125.0
11.4
53
[300, 332, 361, 387, 411, 429.6, 443.4, 453.7, 455.1, 457.5, 460.5, 464.9, 466.8, 468.7, 473, 475.4, 477.8, 480.5, 481.5, 482.5, 483.5, 484.5]
[332, 361, 387, 411, 429.6, 443.4, 453.7, 455.1, 457.5, 460.5, 464.9, 466.8, 468.7, 473, 475.4, 477.8, 480.5, 481.5, 482.5, 483.5, 484.5, 486.7]
Series([], Name: X, dtype: float64)
FPC data not found
cracking 0.00025
cracking 0.00025
loss in 0.00025: 0.19309132677429505 
250.0
11.4
53
[300, 332, 361, 387, 411, 429.6, 443.4, 453.7, 455.1, 457.5, 460.5, 464.9, 466.8, 468.7, 473, 475.4, 477.8, 480.5, 481.5, 482.5, 483.5, 484.5]
[332, 361, 387, 411, 429.6, 443.4, 453.7, 455.1, 457.5, 460.5, 464.9, 466.8, 468.7, 473, 475.4, 477.8, 480.5, 481.5, 482.5, 483.5, 484.5, 486.7]
Series([], Name: X, dtype: float64)
FPC data not found
cracking 0.000375
cracking 0.000375
loss in 0.000375: 0.19231442190435646 
375.0
11.4
53
[300, 332, 361, 387, 411, 429.6, 443.4, 453.7, 455.1, 457.5, 460.5, 464.9, 466.8, 468.7, 473, 475.4, 477.8, 480.5, 481.5, 482.5, 483.5, 484.5]
[332, 361, 387, 411, 429.6, 443.4, 453.7, 455.1, 457.5, 460.5, 464.9, 466.8, 468.7, 473, 475.4, 477.8, 480.5, 481.5, 482.5, 483.5, 484.5, 486.7]
Series([], Name: X, dtype: float64)
FPC data not found
cracking 0.0005
cracking 0.0005
loss in 0.0005: 0.19208592889628467 
500.0
11.4
53
[300, 332, 361, 387, 411, 429.6, 443.4, 453.7, 455.1, 457.5, 460.5, 464.9, 466.8, 468.7, 473, 475.4, 477.8, 480.5, 481.5, 482.5, 483.5, 484.5]
[332, 361, 387, 411, 429.6, 443.4, 453.7, 455.1, 457.5, 460.5, 464.9, 466.8, 468.7, 473, 475.4, 477.8, 480.5, 481.5, 482.5, 483.5, 484.5, 486.7]
Series([], Name: X, dtype: float64)
FPC data not found
cracking 0.000625
cracking 0.000625
loss in 0.000625: 0.18939776406348044 
625.0
11.4
53
[300, 332, 361, 387, 411, 429.6, 443.4, 453.7, 455.1, 457.5, 460.5, 464.9, 466.8, 468.7, 473, 475.4, 477.8, 480.5, 481.5, 482.5, 483.5, 484.5]
[332, 361, 387, 411, 429.6, 443.4, 453.7, 455.1, 457.5, 460.5, 464.9, 466.8, 468.7, 473, 475.4, 477.8, 480.5, 481.5, 482.5, 483.5, 484.5, 486.7]
Series([], Name: X, dtype: float64)
FPC data not found
cracking 0.00075
cracking 0.00075
loss in 0.00075: 0.18672427629178082 
750.0
11.4
53
[300, 332, 361, 387, 411, 429.6, 443.4, 453.7, 455.1, 457.5, 460.5, 464.9, 466.8, 468.7, 473, 475.4, 477.8, 480.5, 481.5, 482.5, 483.5, 484.5]
[332, 361, 387, 411, 429.6, 443.4, 453.7, 455.1, 457.5, 460.5, 464.9, 466.8, 468.7, 473, 475.4, 477.8, 480.5, 481.5, 482.5, 483.5, 484.5, 486.7]
Series([], Name: X, dtype: float64)
FPC data not found
cracking 0.000875
cracking 0.000875
loss in 0.000875: 0.18279704002855054 
875.0
11.4
53
[300, 332, 361, 387, 411, 429.6, 443.4, 453.7, 455.1, 457.5, 460.5, 464.9, 466.8, 468.7, 473, 475.4, 477.8, 480.5, 481.5, 482.5, 483.5, 484.5]
[332, 361, 387, 411, 429.6, 443.4, 453.7, 455.1, 457.5, 460.5, 464.9, 466.8, 468.7, 473, 475.4, 477.8, 480.5, 481.5, 482.5, 483.5, 484.5, 486.7]
Series([], Name: X, dtype: float64)
FPC data not found
cracking 0.001
cracking 0.001
loss in 0.001: 0.17375824639529225 
1000.0
11.4
53
[300, 332, 361, 387, 411, 429.6, 443.4, 453.7, 455.1, 457.5, 460.5, 464.9, 466.8, 468.7, 473, 475.4, 477.8, 480.5, 481.5, 482.5, 483.5, 484.5]
[332, 361, 387, 411, 429.6, 443.4, 453.7, 455.1, 457.5, 460.5, 464.9, 466.8, 468.7, 473, 475.4, 477.8, 480.5, 481.5, 482.5, 483.5, 484.5, 486.7]
Series([], Name: X, dtype: float64)
FPC data not found
cracking 0.001125
cracking 0.001125
loss in 0.001125: 0.17305588211184916 
1125.0
11.4
53
[300, 332, 361, 387, 411, 429.6, 443.4, 453.7, 455.1, 457.5, 460.5, 464.9, 466.8, 468.7, 473, 475.4, 477.8, 480.5, 481.5, 482.5, 483.5, 484.5]
[332, 361, 387, 411, 429.6, 443.4, 453.7, 455.1, 457.5, 460.5, 464.9, 466.8, 468.7, 473, 475.4, 477.8, 480.5, 481.5, 482.5, 483.5, 484.5, 486.7]
Series([], Name: X, dtype: float64)
FPC data not found
cracking 0.00125
cracking 0.00125
loss in 0.00125: 0.17260227927334307 
1250.0
11.4
53
[300, 332, 361, 387, 411, 429.6, 443.4, 453.7, 455.1, 457.5, 460.5, 464.9, 466.8, 468.7, 473, 475.4, 477.8, 480.5, 481.5, 482.5, 483.5, 484.5]
[332, 361, 387, 411, 429.6, 443.4, 453.7, 455.1, 457.5, 460.5, 464.9, 466.8, 468.7, 473, 475.4, 477.8, 480.5, 481.5, 482.5, 483.5, 484.5, 486.7]
Series([], Name: X, dtype: float64)
FPC data not found
cracking 0.001375
cracking 0.001375
loss in 0.001375: 0.16083430416861666 
1375.0
11.4
53
[300, 332, 361, 387, 411, 429.6, 443.4, 453.7, 455.1, 457.5, 460.5, 464.9, 466.8, 468.7, 473, 475.4, 477.8, 480.5, 481.5, 482.5, 483.5, 484.5]
[332, 361, 387, 411, 429.6, 443.4, 453.7, 455.1, 457.5, 460.5, 464.9, 466.8, 468.7, 473, 475.4, 477.8, 480.5, 481.5, 482.5, 483.5, 484.5, 486.7]
Series([], Name: X, dtype: float64)
FPC data not found
cracking 0.0015
cracking 0.0015
loss in 0.0015: 0.16690462301062553 
1500.0
11.4
53
[300, 332, 361, 387, 411, 429.6, 443.4, 453.7, 455.1, 457.5, 460.5, 464.9, 466.8, 468.7, 473, 475.4, 477.8, 480.5, 481.5, 482.5, 483.5, 484.5]
[332, 361, 387, 411, 429.6, 443.4, 453.7, 455.1, 457.5, 460.5, 464.9, 466.8, 468.7, 473, 475.4, 477.8, 480.5, 481.5, 482.5, 483.5, 484.5, 486.7]
Series([], Name: X, dtype: float64)
FPC data not found
cracking 0.001625
cracking 0.001625
loss in 0.001625: 0.15962571394282885 
1625.0
11.4
53
[300, 332, 361, 387, 411, 429.6, 443.4, 453.7, 455.1, 457.5, 460.5, 464.9, 466.8, 468.7, 473, 475.4, 477.8, 480.5, 481.5, 482.5, 483.5, 484.5]
[332, 361, 387, 411, 429.6, 443.4, 453.7, 455.1, 457.5, 460.5, 464.9, 466.8, 468.7, 473, 475.4, 477.8, 480.5, 481.5, 482.5, 483.5, 484.5, 486.7]
Series([], Name: X, dtype: float64)
FPC data not found
cracking 0.00175
cracking 0.00175
loss in 0.00175: 0.1492156238586321 
1750.0
11.4
53
[300, 332, 361, 387, 411, 429.6, 443.4, 453.7, 455.1, 457.5, 460.5, 464.9, 466.8, 468.7, 473, 475.4, 477.8, 480.5, 481.5, 482.5, 483.5, 484.5]
[332, 361, 387, 411, 429.6, 443.4, 453.7, 455.1, 457.5, 460.5, 464.9, 466.8, 468.7, 473, 475.4, 477.8, 480.5, 481.5, 482.5, 483.5, 484.5, 486.7]
Series([], Name: X, dtype: float64)
FPC data not found
cracking 0.001875
cracking 0.001875
loss in 0.001875: 0.15321515613762116 
1875.0
11.4
53
[300, 332, 361, 387, 411, 429.6, 443.4, 453.7, 455.1, 457.5, 460.5, 464.9, 466.8, 468.7, 473, 475.4, 477.8, 480.5, 481.5, 482.5, 483.5, 484.5]
[332, 361, 387, 411, 429.6, 443.4, 453.7, 455.1, 457.5, 460.5, 464.9, 466.8, 468.7, 473, 475.4, 477.8, 480.5, 481.5, 482.5, 483.5, 484.5, 486.7]
Series([], Name: X, dtype: float64)
FPC data not found
cracking 0.002
cracking 0.002
loss in 0.002: 0.14926151318192185 
2000.0
11.4
53
[300, 332, 361, 387, 411, 429.6, 443.4, 453.7, 455.1, 457.5, 460.5, 464.9, 466.8, 468.7, 473, 475.4, 477.8, 480.5, 481.5, 482.5, 483.5, 484.5]
[332, 361, 387, 411, 429.6, 443.4, 453.7, 455.1, 457.5, 460.5, 464.9, 466.8, 468.7, 473, 475.4, 477.8, 480.5, 481.5, 482.5, 483.5, 484.5, 486.7]
Series([], Name: X, dtype: float64)
FPC data not found
cracking 0.002125
cracking 0.002125
loss in 0.002125: 0.14061345779675297 
2125.0
11.4
53
[300, 332, 361, 387, 411, 429.6, 443.4, 453.7, 455.1, 457.5, 460.5, 464.9, 466.8, 468.7, 473, 475.4, 477.8, 480.5, 481.5, 482.5, 483.5, 484.5]
[332, 361, 387, 411, 429.6, 443.4, 453.7, 455.1, 457.5, 460.5, 464.9, 466.8, 468.7, 473, 475.4, 477.8, 480.5, 481.5, 482.5, 483.5, 484.5, 486.7]
Series([], Name: X, dtype: float64)
FPC data not found
cracking 0.00225
cracking 0.00225
loss in 0.00225: 0.1392303468620568 
2250.0
11.4
53
[300, 332, 361, 387, 411, 429.6, 443.4, 453.7, 455.1, 457.5, 460.5, 464.9, 466.8, 468.7, 473, 475.4, 477.8, 480.5, 481.5, 482.5, 483.5, 484.5]
[332, 361, 387, 411, 429.6, 443.4, 453.7, 455.1, 457.5, 460.5, 464.9, 466.8, 468.7, 473, 475.4, 477.8, 480.5, 481.5, 482.5, 483.5, 484.5, 486.7]
Series([], Name: X, dtype: float64)
FPC data not found
cracking 0.002375
cracking 0.002375
loss in 0.002375: 0.13680228542289935 
2375.0
11.4
53
[300, 332, 361, 387, 411, 429.6, 443.4, 453.7, 455.1, 457.5, 460.5, 464.9, 466.8, 468.7, 473, 475.4, 477.8, 480.5, 481.5, 482.5, 483.5, 484.5]
[332, 361, 387, 411, 429.6, 443.4, 453.7, 455.1, 457.5, 460.5, 464.9, 466.8, 468.7, 473, 475.4, 477.8, 480.5, 481.5, 482.5, 483.5, 484.5, 486.7]
Series([], Name: X, dtype: float64)
FPC data not found
cracking 0.0025
cracking 0.0025
loss in 0.0025: 0.13225931088222867 
2500.0
11.4
53
[300, 332, 361, 387, 411, 429.6, 443.4, 453.7, 455.1, 457.5, 460.5, 464.9, 466.8, 468.7, 473, 475.4, 477.8, 480.5, 481.5, 482.5, 483.5, 484.5]
[332, 361, 387, 411, 429.6, 443.4, 453.7, 455.1, 457.5, 460.5, 464.9, 466.8, 468.7, 473, 475.4, 477.8, 480.5, 481.5, 482.5, 483.5, 484.5, 486.7]
Series([], Name: X, dtype: float64)
FPC data not found
['/home/wesley/EDC/FPC/ML/results/0323_FPC_modelV4/plots/predict/30_300_11.4_53_org/CCl4_0.000000_mass_53_temp_300_30_300_11.4_53_org.png', '/home/wesley/EDC/FPC/ML/results/0323_FPC_modelV4/plots/predict/30_300_11.4_53_org/CCl4_125.000000_mass_53_temp_300_30_300_11.4_53_org.png', '/home/wesley/EDC/FPC/ML/results/0323_FPC_modelV4/plots/predict/30_300_11.4_53_org/CCl4_250.000000_mass_53_temp_300_30_300_11.4_53_org.png', '/home/wesley/EDC/FPC/ML/results/0323_FPC_modelV4/plots/predict/30_300_11.4_53_org/CCl4_375.000000_mass_53_temp_300_30_300_11.4_53_org.png', '/home/wesley/EDC/FPC/ML/results/0323_FPC_modelV4/plots/predict/30_300_11.4_53_org/CCl4_500.000000_mass_53_temp_300_30_300_11.4_53_org.png', '/home/wesley/EDC/FPC/ML/results/0323_FPC_modelV4/plots/predict/30_300_11.4_53_org/CCl4_625.000000_mass_53_temp_300_30_300_11.4_53_org.png', '/home/wesley/EDC/FPC/ML/results/0323_FPC_modelV4/plots/predict/30_300_11.4_53_org/CCl4_750.000000_mass_53_temp_300_30_300_11.4_53_org.png', '/home/wesley/EDC/FPC/ML/results/0323_FPC_modelV4/plots/predict/30_300_11.4_53_org/CCl4_875.000000_mass_53_temp_300_30_300_11.4_53_org.png', '/home/wesley/EDC/FPC/ML/results/0323_FPC_modelV4/plots/predict/30_300_11.4_53_org/CCl4_1000.000000_mass_53_temp_300_30_300_11.4_53_org.png', '/home/wesley/EDC/FPC/ML/results/0323_FPC_modelV4/plots/predict/30_300_11.4_53_org/CCl4_1125.000000_mass_53_temp_300_30_300_11.4_53_org.png', '/home/wesley/EDC/FPC/ML/results/0323_FPC_modelV4/plots/predict/30_300_11.4_53_org/CCl4_1250.000000_mass_53_temp_300_30_300_11.4_53_org.png', '/home/wesley/EDC/FPC/ML/results/0323_FPC_modelV4/plots/predict/30_300_11.4_53_org/CCl4_1375.000000_mass_53_temp_300_30_300_11.4_53_org.png', '/home/wesley/EDC/FPC/ML/results/0323_FPC_modelV4/plots/predict/30_300_11.4_53_org/CCl4_1500.000000_mass_53_temp_300_30_300_11.4_53_org.png', '/home/wesley/EDC/FPC/ML/results/0323_FPC_modelV4/plots/predict/30_300_11.4_53_org/CCl4_1625.000000_mass_53_temp_300_30_300_11.4_53_org.png', '/home/wesley/EDC/FPC/ML/results/0323_FPC_modelV4/plots/predict/30_300_11.4_53_org/CCl4_1750.000000_mass_53_temp_300_30_300_11.4_53_org.png', '/home/wesley/EDC/FPC/ML/results/0323_FPC_modelV4/plots/predict/30_300_11.4_53_org/CCl4_1875.000000_mass_53_temp_300_30_300_11.4_53_org.png', '/home/wesley/EDC/FPC/ML/results/0323_FPC_modelV4/plots/predict/30_300_11.4_53_org/CCl4_2000.000000_mass_53_temp_300_30_300_11.4_53_org.png', '/home/wesley/EDC/FPC/ML/results/0323_FPC_modelV4/plots/predict/30_300_11.4_53_org/CCl4_2125.000000_mass_53_temp_300_30_300_11.4_53_org.png', '/home/wesley/EDC/FPC/ML/results/0323_FPC_modelV4/plots/predict/30_300_11.4_53_org/CCl4_2250.000000_mass_53_temp_300_30_300_11.4_53_org.png', '/home/wesley/EDC/FPC/ML/results/0323_FPC_modelV4/plots/predict/30_300_11.4_53_org/CCl4_2375.000000_mass_53_temp_300_30_300_11.4_53_org.png', '/home/wesley/EDC/FPC/ML/results/0323_FPC_modelV4/plots/predict/30_300_11.4_53_org/CCl4_2500.000000_mass_53_temp_300_30_300_11.4_53_org.png']
