training_data_FPC_V4_3m_irrev.csv
            Experiment name: 0323_FPC_modelV4
            Training Data: training_data_FPC_V4_3m_irrev.csv
            Do k-fold: False
            Folds num: 10
            Learning rate: 0.001
            Batch size: 18
            Epoch: 10000
            CSTR num: 100
            Training vebose: 0
            #Genearalization test
            mass flow rates = True
            CCl4 = True
            inital pressure = True
            number of tubes = False
            T_in = True
            ncpus = 8
            training = False
            prediction only = False
                
Loading data...
Generalization test...
Case1: Mass flow rate...
cracking 0.001
cracking 0.001
cracking 0.001
cracking 0.001
cracking 0.001
cracking 0.001
1000.0
12.4
32
[320, 348, 374.7, 399.3, 424, 451.3, 460.7, 466, 471.3, 476.7, 478.7, 479.3, 480, 481.3, 482.3, 483.3, 484.3, 485.3]
[348, 374.7, 399.3, 424, 451.3, 460.7, 466, 471.3, 476.7, 478.7, 479.3, 480, 481.3, 482.3, 483.3, 484.3, 485.3, 486.7]
15876     0.610756
15877     1.518815
15878     2.840815
15879     4.962894
15880     9.806705
15881    15.008576
15882    20.294807
15883    26.347033
15884    32.918468
15885    37.175453
15886    40.272453
15887    43.309750
15888    46.690166
15889    49.733852
15890    52.677071
15891    55.525879
15892    58.284916
15893    61.258751
21547     2.238101
21548     4.309210
21551    19.078014
21552    25.072390
21553    31.610193
21554    35.952656
21555    39.155643
21556    42.277164
21557    45.714828
21558    48.810452
21559    51.796638
21560    54.679977
21561    57.466980
Name: X, dtype: float64
19
1000.0
12.4
27
[320, 348, 374.7, 399.3, 424, 451.3, 460.7, 466, 471.3, 476.7, 478.7, 479.3, 480, 481.3, 482.3, 483.3, 484.3, 485.3]
[348, 374.7, 399.3, 424, 451.3, 460.7, 466, 471.3, 476.7, 478.7, 479.3, 480, 481.3, 482.3, 483.3, 484.3, 485.3, 486.7]
4536      0.724143
4537      1.803454
4538      3.377409
4539      5.920120
4540     11.801787
4541     17.967903
4542     23.894844
4543     30.400738
4544     37.291317
4545     41.702919
4546     44.896271
4547     48.012245
4548     51.455254
4549     54.539902
4550     57.506420
4551     60.361488
4552     63.110199
4553     66.047676
10207     2.654113
10208     5.118789
10211    22.382277
10212    28.868383
10213    35.764668
10214    40.286350
10215    43.602276
10216    46.816563
10217    50.331848
10218    53.481255
10219    56.501766
10220    59.402229
10221    62.189110
Name: X, dtype: float64
19
1000.0
12.4
36
[320, 348, 374.7, 399.3, 424, 451.3, 460.7, 466, 471.3, 476.7, 478.7, 479.3, 480, 481.3, 482.3, 483.3, 484.3, 485.3]
[348, 374.7, 399.3, 424, 451.3, 460.7, 466, 471.3, 476.7, 478.7, 479.3, 480, 481.3, 482.3, 483.3, 484.3, 485.3, 486.7]
27216     0.542458
27217     1.348509
27218     2.519060
27219     4.391415
27220     8.616336
27221    13.183365
27222    17.979229
27223    23.657576
27224    29.959951
27225    34.078899
27226    37.084000
27227    40.041294
27228    43.348572
27229    46.334602
27230    49.232445
27231    52.046650
27232    54.781319
27233    57.745777
32887     1.988156
32888     3.823128
32891    16.964336
32892    22.569231
32893    28.816078
32894    33.005142
32895    36.106174
32896    39.138523
32897    42.493961
32898    45.524872
32899    48.458012
32900    51.300186
32901    54.056561
Name: X, dtype: float64
19
Error in 27 mass flow rate is 0.006958 
Error in 32 mass flow rate is 0.005921 
Error in 36 mass flow rate is 0.004590 
Mass flow rate generalization takes 0.26366456747055056 min 15.819874048233032 sec.
Case2: CCl4 concentration...
cracking 0.000125
cracking 0.000875
cracking 0.000375
cracking 0.0
cracking 0.000625
cracking 0.00075
cracking 0.00025
cracking 0.0005
cracking 0.0
cracking 0.000125
cracking 0.0005
cracking 0.00025
cracking 0.000625
cracking 0.000375
cracking 0.000875
cracking 0.00075
0.0
12.4
36
[320, 348, 374.7, 399.3, 424, 451.3, 460.7, 466, 471.3, 476.7, 478.7, 479.3, 480, 481.3, 482.3, 483.3, 484.3, 485.3]
[348, 374.7, 399.3, 424, 451.3, 460.7, 466, 471.3, 476.7, 478.7, 479.3, 480, 481.3, 482.3, 483.3, 484.3, 485.3, 486.7]
26496     0.541702
26497     1.337990
26498     2.467171
26499     4.165375
26500     7.507545
26501    11.026672
26502    14.946434
26503    20.012291
26504    26.076492
26505    30.217064
26506    33.291397
26507    36.324223
26508    39.711197
26509    42.783905
26510    45.770622
26511    48.677361
26512    51.508545
26513    54.577679
32167     1.938072
32168     3.604752
32171    14.107353
32172    19.077141
32173    25.040344
32174    29.226753
32175    32.383583
32176    35.480537
32177    38.904716
32178    42.012615
32179    45.027523
32180    47.955437
32181    50.801556
Name: X, dtype: float64
19
cracking 0.001
125.0
12.4
36
[320, 348, 374.7, 399.3, 424, 451.3, 460.7, 466, 471.3, 476.7, 478.7, 479.3, 480, 481.3, 482.3, 483.3, 484.3, 485.3]
[348, 374.7, 399.3, 424, 451.3, 460.7, 466, 471.3, 476.7, 478.7, 479.3, 480, 481.3, 482.3, 483.3, 484.3, 485.3, 486.7]
26586     0.541053
26587     1.340141
26588     2.476842
26589     4.203300
26590     7.679679
26591    11.356103
26592    15.419874
26593    20.596409
26594    26.698132
26595    30.829142
26596    33.887325
26597    36.903980
26598    40.273952
26599    43.329025
26600    46.298855
26601    49.188999
26602    52.002823
26603    55.054344
32257     1.947242
32258     3.642408
32261    14.554661
32262    19.636328
32263    25.644800
32264    29.825911
32265    32.968884
32266    36.051121
32267    39.459869
32268    42.552090
32269    45.551327
32270    48.463448
32271    51.293407
Name: X, dtype: float64
19
cracking 0.001125
250.0
12.4
36
[320, 348, 374.7, 399.3, 424, 451.3, 460.7, 466, 471.3, 476.7, 478.7, 479.3, 480, 481.3, 482.3, 483.3, 484.3, 485.3]
[348, 374.7, 399.3, 424, 451.3, 460.7, 466, 471.3, 476.7, 478.7, 479.3, 480, 481.3, 482.3, 483.3, 484.3, 485.3, 486.7]
500.0
12.4
36
[320, 348, 374.7, 399.3, 424, 451.3, 460.7, 466, 471.3, 476.7, 478.7, 479.3, 480, 481.3, 482.3, 483.3, 484.3, 485.3]
[348, 374.7, 399.3, 424, 451.3, 460.7, 466, 471.3, 476.7, 478.7, 479.3, 480, 481.3, 482.3, 483.3, 484.3, 485.3, 486.7]
26676     0.541349
26677     1.341674
26678     2.484447
26679     4.237044
26680     7.837187
26681    11.660980
26682    15.856541
26683    21.130030
26684    27.266428
26685    31.391476
26686    34.436951
26687    37.439999
26688    40.796062
26689    43.836716
26690    46.792538
26691    49.667618
26692    52.466686
26693    55.502041
32347     1.955185
32348     3.674968
32351    14.966463
32352    20.147499
32353    26.197657
32354    30.376007
32355    33.508472
32356    36.579025
32357    39.975403
32358    43.054581
32359    46.040283
32360    48.938595
32361    51.754738
Name: X, dtype: float64
19
26856     0.541882
26857     1.344231
26858     2.497915
26859     4.295200
26860     8.122637
26861    12.217281
26862    16.644733
26863    22.081114
26864    28.279892
26865    32.398544
26866    35.425644
26867    38.408493
26868    41.742748
26869    44.761127
26870    47.692856
26871    50.543480
26872    53.317299
26873    56.324795
32527     1.967979
32528     3.731189
32531    15.708635
32532    21.058371
32533    27.182899
32534    31.361494
32535    34.478882
32536    37.532063
32537    40.909870
32538    43.968147
32539    46.932514
32540    49.808250
32541    52.600548
Name: X, dtype: float64
19
625.0
12.4
36
[320, 348, 374.7, 399.3, 424, 451.3, 460.7, 466, 471.3, 476.7, 478.7, 479.3, 480, 481.3, 482.3, 483.3, 484.3, 485.3]
[348, 374.7, 399.3, 424, 451.3, 460.7, 466, 471.3, 476.7, 478.7, 479.3, 480, 481.3, 482.3, 483.3, 484.3, 485.3, 486.7]
26946     0.541728
26947     1.345468
26948     2.503976
26949     4.321380
26950     8.253869
26951    12.474607
26952    17.004583
26953    22.510054
26954    28.737150
26955    32.854691
26956    35.874935
26957    38.849796
26958    42.176178
26959    45.184940
26960    48.106636
26961    50.946999
26962    53.709663
26963    56.705158
32617     1.973470
32618     3.756246
32621    16.047337
32622    21.469456
32623    27.627365
32624    31.807812
32625    34.919773
32626    37.966515
32627    41.337311
32628    44.387512
32629    47.342590
32630    50.208595
32631    52.990883
Name: X, dtype: float64
19
375.0
12.4
36
[320, 348, 374.7, 399.3, 424, 451.3, 460.7, 466, 471.3, 476.7, 478.7, 479.3, 480, 481.3, 482.3, 483.3, 484.3, 485.3]
[348, 374.7, 399.3, 424, 451.3, 460.7, 466, 471.3, 476.7, 478.7, 479.3, 480, 481.3, 482.3, 483.3, 484.3, 485.3, 486.7]
26766     0.541325
26767     1.342926
26768     2.491726
26769     4.266912
26770     7.984195
26771    11.946932
26772    16.263231
26773    21.622541
26774    27.791443
26775    31.912319
26776    34.947720
26777    37.939823
26778    41.284466
26779    44.312798
26780    47.255867
26781    50.118141
26782    52.903507
26783    55.924343
32437     1.961841
32438     3.704316
32441    15.349513
32442    20.619343
32443    26.707998
32444    30.885918
32445    34.010067
32446    37.070984
32447    40.457230
32448    43.525303
32449    46.499355
32450    49.385841
32451    52.189384
Name: X, dtype: float64
19
cracking 0.001375
cracking 0.00125
cracking 0.0015
cracking 0.001625
750.0
12.4
36
[320, 348, 374.7, 399.3, 424, 451.3, 460.7, 466, 471.3, 476.7, 478.7, 479.3, 480, 481.3, 482.3, 483.3, 484.3, 485.3]
[348, 374.7, 399.3, 424, 451.3, 460.7, 466, 471.3, 476.7, 478.7, 479.3, 480, 481.3, 482.3, 483.3, 484.3, 485.3, 486.7]
27036     0.542414
27037     1.346515
27038     2.509336
27039     4.345644
27040     8.379178
27041    12.720531
27042    17.345581
27043    22.913807
27044    29.167658
27045    33.284927
27046    36.299171
27047    39.267300
27048    42.586494
27049    45.586723
27050    48.499870
27051    51.330868
27052    54.083344
27053    57.067833
32707     1.978695
32708     3.779629
32711    16.368149
32712    21.856274
32713    28.045601
32714    32.228561
32715    35.336056
32716    38.377071
32717    41.742035
32718    44.785194
32719    47.732018
32720    50.589596
32721    53.362576
Name: X, dtype: float64
19
875.0
12.4
36
[320, 348, 374.7, 399.3, 424, 451.3, 460.7, 466, 471.3, 476.7, 478.7, 479.3, 480, 481.3, 482.3, 483.3, 484.3, 485.3]
[348, 374.7, 399.3, 424, 451.3, 460.7, 466, 471.3, 476.7, 478.7, 479.3, 480, 481.3, 482.3, 483.3, 484.3, 485.3, 486.7]
27126     0.541825
27127     1.347661
27128     2.514255
27129     4.369035
27130     8.499916
27131    12.956445
27132    17.669851
27133    23.295486
27134    29.574274
27135    33.692043
27136    36.701366
27137    39.663750
27138    42.976536
27139    45.969486
27140    48.874496
27141    51.696651
27142    54.439999
27143    57.414059
32797     1.983494
32798     3.801911
32801    16.673145
32802    22.222090
32803    28.441011
32804    32.626896
32805    35.730701
32806    38.766991
32807    42.126820
32808    45.189877
32809    48.103359
32810    50.952766
32811    53.717201
Name: X, dtype: float64
19
cracking 0.00175
cracking 0.001875
cracking 0.001
cracking 0.001125
cracking 0.0015
cracking 0.001375
cracking 0.00125
cracking 0.001625
cracking 0.001875
cracking 0.00175
1000.0
12.4
36
[320, 348, 374.7, 399.3, 424, 451.3, 460.7, 466, 471.3, 476.7, 478.7, 479.3, 480, 481.3, 482.3, 483.3, 484.3, 485.3]
[348, 374.7, 399.3, 424, 451.3, 460.7, 466, 471.3, 476.7, 478.7, 479.3, 480, 481.3, 482.3, 483.3, 484.3, 485.3, 486.7]
27216     0.542458
27217     1.348509
27218     2.519060
27219     4.391415
27220     8.616336
27221    13.183365
27222    17.979229
27223    23.657576
27224    29.959951
27225    34.078899
27226    37.084000
27227    40.041294
27228    43.348572
27229    46.334602
27230    49.232445
27231    52.046650
27232    54.781319
27233    57.745777
32887     1.988156
32888     3.823128
32891    16.964336
32892    22.569231
32893    28.816078
32894    33.005142
32895    36.106174
32896    39.138523
32897    42.493961
32898    45.524872
32899    48.458012
32900    51.300186
32901    54.056561
Name: X, dtype: float64
19
cracking 0.002
1125.0
12.4
36
[320, 348, 374.7, 399.3, 424, 451.3, 460.7, 466, 471.3, 476.7, 478.7, 479.3, 480, 481.3, 482.3, 483.3, 484.3, 485.3]
[348, 374.7, 399.3, 424, 451.3, 460.7, 466, 471.3, 476.7, 478.7, 479.3, 480, 481.3, 482.3, 483.3, 484.3, 485.3, 486.7]
27306     0.542610
27307     1.349266
27308     2.523576
27309     4.412122
27310     8.728655
27311    13.402409
27312    18.275398
27313    24.002178
27314    30.327028
27315    34.447632
27316    37.448933
27317    40.401661
27318    43.704071
27319    46.684307
27320    49.575214
27321    52.381802
27322    55.108685
27323    58.063862
32977     1.992446
32978     3.843329
32981    17.243002
32982    22.899742
32983    29.173098
32984    33.365719
32985    36.464256
32986    39.493118
32987    42.844631
32988    45.870312
32989    48.797527
32990    51.633106
32991    54.382198
Name: X, dtype: float64
19
1375.0
12.4
36
[320, 348, 374.7, 399.3, 424, 451.3, 460.7, 466, 471.3, 476.7, 478.7, 479.3, 480, 481.3, 482.3, 483.3, 484.3, 485.3]
[348, 374.7, 399.3, 424, 451.3, 460.7, 466, 471.3, 476.7, 478.7, 479.3, 480, 481.3, 482.3, 483.3, 484.3, 485.3, 486.7]
27486     0.542807
27487     1.351246
27488     2.532054
27489     4.452388
27490     8.943993
27491    13.818852
27492    18.832161
27493    24.646019
27494    31.013302
27495    35.137512
27496    38.132671
27497    41.077824
27498    44.371891
27499    47.341526
27500    50.220081
27501    53.013393
27502    55.725685
27503    58.664047
33157     2.000722
33158     3.881589
33161    17.767252
33162    23.517315
33163    29.840088
33164    34.040627
33165    37.135242
33166    40.158489
33167    43.503643
33168    46.520302
33169    49.436935
33170    52.259995
33171    54.995678
Name: X, dtype: float64
19
1500.0
12.4
36
[320, 348, 374.7, 399.3, 424, 451.3, 460.7, 466, 471.3, 476.7, 478.7, 479.3, 480, 481.3, 482.3, 483.3, 484.3, 485.3]
[348, 374.7, 399.3, 424, 451.3, 460.7, 466, 471.3, 476.7, 478.7, 479.3, 480, 481.3, 482.3, 483.3, 484.3, 485.3, 486.7]
27576     0.542676
27577     1.351919
27578     2.536466
27579     4.471398
27580     9.047612
27581    14.017790
27582    19.095016
27583    24.948162
27584    31.335169
27585    35.461308
27586    38.454155
27587    41.396130
27588    44.686485
27589    47.651424
27590    50.524719
27591    53.311901
27592    56.017242
27593    58.947922
33247     2.004540
33248     3.899724
33251    18.014812
33252    23.807268
33253    30.153074
33254    34.357578
33255    37.450680
33256    40.471684
33257    43.814156
33258    46.826836
33259    49.738602
33260    52.556316
33261    55.285847
Name: X, dtype: float64
19
cracking 0.002125
1250.0
12.4
36
[320, 348, 374.7, 399.3, 424, 451.3, 460.7, 466, 471.3, 476.7, 478.7, 479.3, 480, 481.3, 482.3, 483.3, 484.3, 485.3]
[348, 374.7, 399.3, 424, 451.3, 460.7, 466, 471.3, 476.7, 478.7, 479.3, 480, 481.3, 482.3, 483.3, 484.3, 485.3, 486.7]
27396     0.542472
27397     1.350076
27398     2.527795
27399     4.432566
27400     8.837959
27401    13.613895
27402    18.559248
27403    24.331181
27404    30.677729
27405    34.800129
27406    37.797985
27407    40.746830
27408    44.044872
27409    47.019554
27410    49.903885
27411    52.703873
27412    55.423183
27413    58.369591
33067     1.996713
33068     3.862861
33071    17.510315
33072    23.215191
33073    29.513828
33074    33.710419
33075    36.806835
33076    39.832638
33077    43.180828
33078    46.201775
33079    49.123581
33080    51.952835
33081    54.694805
Name: X, dtype: float64
19
1625.0
12.4
36
[320, 348, 374.7, 399.3, 424, 451.3, 460.7, 466, 471.3, 476.7, 478.7, 479.3, 480, 481.3, 482.3, 483.3, 484.3, 485.3]
[348, 374.7, 399.3, 424, 451.3, 460.7, 466, 471.3, 476.7, 478.7, 479.3, 480, 481.3, 482.3, 483.3, 484.3, 485.3, 486.7]
27666     0.543104
27667     1.352754
27668     2.540131
27669     4.489710
27670     9.148190
27671    14.210928
27672    19.348587
27673    25.238491
27674    31.644516
27675    35.772999
27676    38.763474
27677    41.702236
27678    44.989590
27679    47.950134
27680    50.818348
27681    53.599792
27682    56.298611
27683    59.221794
33337     2.008337
33338     3.917323
33341    18.253675
33342    24.086052
33343    30.453899
33344    34.662251
33345    37.754295
33346    40.773239
33347    44.113411
33348    47.122414
33349    50.029663
33350    52.842213
33351    55.566029
Name: X, dtype: float64
19
cracking 0.00225
cracking 0.002375
cracking 0.0025
1875.0
12.4
36
[320, 348, 374.7, 399.3, 424, 451.3, 460.7, 466, 471.3, 476.7, 478.7, 479.3, 480, 481.3, 482.3, 483.3, 484.3, 485.3]
[348, 374.7, 399.3, 424, 451.3, 460.7, 466, 471.3, 476.7, 478.7, 479.3, 480, 481.3, 482.3, 483.3, 484.3, 485.3, 486.7]
27846     0.543392
27847     1.353964
27848     2.547776
27849     4.525368
27850     9.343522
27851    14.581598
27852    19.830307
27853    25.787788
27854    32.229309
27855    36.363182
27856    39.349762
27857    42.283451
27858    45.564930
27859    48.517471
27860    51.376205
27861    54.146992
27862    56.833817
27863    59.743198
33517     1.744130
33518     3.336127
33521    17.143639
33522    22.835997
33523    29.049589
33524    34.203415
33525    37.591595
33526    40.547531
33527    43.448956
33528    46.692268
33529    49.608681
33530    52.431084
33531    55.165054
Name: X, dtype: float64
19
1750.0
12.4
36
[320, 348, 374.7, 399.3, 424, 451.3, 460.7, 466, 471.3, 476.7, 478.7, 479.3, 480, 481.3, 482.3, 483.3, 484.3, 485.3]
[348, 374.7, 399.3, 424, 451.3, 460.7, 466, 471.3, 476.7, 478.7, 479.3, 480, 481.3, 482.3, 483.3, 484.3, 485.3, 486.7]
27756     0.543240
27757     1.353550
27758     2.543712
27759     4.507874
27760     9.246910
27761    14.398619
27762    19.593386
27763    25.518168
27764    31.941961
27765    36.073360
27766    39.061821
27767    41.997856
27768    45.282249
27769    48.238506
27770    51.101791
27771    53.877739
27772    56.570747
27773    59.487003
33427     2.011913
33428     3.934414
33431    18.484421
33432    24.354527
33433    30.743607
33434    34.956093
33435    38.047081
33436    41.063995
33437    44.402119
33438    47.407864
33439    50.310738
33440    53.118423
33441    55.836315
Name: X, dtype: float64
19
cracking 0.002
cracking 0.002125
cracking 0.00225
cracking 0.002375
cracking 0.0025
2000.0
12.4
36
[320, 348, 374.7, 399.3, 424, 451.3, 460.7, 466, 471.3, 476.7, 478.7, 479.3, 480, 481.3, 482.3, 483.3, 484.3, 485.3]
[348, 374.7, 399.3, 424, 451.3, 460.7, 466, 471.3, 476.7, 478.7, 479.3, 480, 481.3, 482.3, 483.3, 484.3, 485.3, 486.7]
27936     0.543270
27937     1.354699
27938     2.551046
27939     4.542449
27940     9.437722
27941    14.759844
27942    20.059813
27943    26.048229
27944    32.506779
27945    36.643238
27946    39.628147
27947    42.559517
27948    45.838524
27949    48.787399
27950    51.641895
27951    54.407429
27952    57.088913
27953    59.992123
33607     2.018900
33608     3.967109
33611    18.924217
33612    24.863777
33613    31.293041
33614    35.513557
33615    38.603218
33616    41.616764
33617    44.951412
33618    47.950775
33619    50.845932
33620    53.644531
33621    56.352123
Name: X, dtype: float64
19
2250.0
12.4
36
[320, 348, 374.7, 399.3, 424, 451.3, 460.7, 466, 471.3, 476.7, 478.7, 479.3, 480, 481.3, 482.3, 483.3, 484.3, 485.3]
[348, 374.7, 399.3, 424, 451.3, 460.7, 466, 471.3, 476.7, 478.7, 479.3, 480, 481.3, 482.3, 483.3, 484.3, 485.3, 486.7]
28116     0.543528
28117     1.356186
28118     2.557711
28119     4.575198
28120     9.621357
28121    15.103373
28122    20.498394
28123    26.544270
28124    33.035316
28125    37.176598
28126    40.158909
28127    43.086243
28128    46.360798
28129    49.302807
28130    52.149208
28131    54.905220
28132    57.576035
28133    60.467091
33787     2.025409
33788     3.998315
33791    19.338221
33792    25.340763
33793    31.807278
33794    36.035862
33795    39.124317
33796    42.135399
33797    45.467037
33798    48.460777
33799    51.349152
33800    54.139244
33801    56.837082
Name: X, dtype: float64
19
2125.0
12.4
36
[320, 348, 374.7, 399.3, 424, 451.3, 460.7, 466, 471.3, 476.7, 478.7, 479.3, 480, 481.3, 482.3, 483.3, 484.3, 485.3]
[348, 374.7, 399.3, 424, 451.3, 460.7, 466, 471.3, 476.7, 478.7, 479.3, 480, 481.3, 482.3, 483.3, 484.3, 485.3, 486.7]
28026     0.543575
28027     1.355534
28028     2.554432
28029     4.558943
28030     9.530605
28031    14.933734
28032    20.282272
28033    26.300188
28034    32.775318
28035    36.914417
28036    39.897678
28037    42.826954
28038    46.103859
28039    49.049004
28040    51.899342
28041    54.660053
28042    57.336227
28043    60.232941
33697     2.022188
33698     3.983020
33701    19.134233
33702    25.106014
33703    31.554218
33704    35.778847
33705    38.868099
33706    41.880196
33707    45.213154
33708    48.209831
33709    51.101192
33710    53.895512
33711    56.598236
Name: X, dtype: float64
19
2375.0
12.4
36
[320, 348, 374.7, 399.3, 424, 451.3, 460.7, 466, 471.3, 476.7, 478.7, 479.3, 480, 481.3, 482.3, 483.3, 484.3, 485.3]
[348, 374.7, 399.3, 424, 451.3, 460.7, 466, 471.3, 476.7, 478.7, 479.3, 480, 481.3, 482.3, 483.3, 484.3, 485.3, 486.7]
28206     0.627169
28207     1.535913
28208     2.917857
28209     5.380042
28210    11.180683
28211    16.174807
28212    22.302740
28213    28.510355
28214    33.872265
28215    37.995029
28216    40.960819
28217    43.870090
28218    47.123203
28219    50.044552
28220    52.869083
28221    55.603046
28222    58.250938
28223    61.041443
33877     2.028660
33878     4.013438
33881    19.536596
33882    25.568455
33883    32.052765
33884    36.285275
33885    39.373341
33886    42.383324
33887    45.713516
33888    48.704849
33889    51.589844
33890    54.376019
33891    57.069374
Name: X, dtype: float64
19
2500.0
12.4
36
[320, 348, 374.7, 399.3, 424, 451.3, 460.7, 466, 471.3, 476.7, 478.7, 479.3, 480, 481.3, 482.3, 483.3, 484.3, 485.3]
[348, 374.7, 399.3, 424, 451.3, 460.7, 466, 471.3, 476.7, 478.7, 479.3, 480, 481.3, 482.3, 483.3, 484.3, 485.3, 486.7]
28296     0.715075
28297     1.753300
28298     3.380307
28299     6.533431
28300    12.606651
28301    18.110371
28302    23.982710
28303    30.302004
28304    35.496487
28305    38.886726
28306    41.835896
28307    44.727448
28308    47.959572
28309    50.859642
28310    53.661911
28311    56.372982
28312    58.997246
28313    61.612911
33967     2.031729
33968     4.028282
33971    19.729744
33972    25.789556
33973    32.291306
33974    36.527508
33975    39.615082
33976    42.624306
33977    45.953175
33978    48.941998
33979    51.823925
33980    54.606083
33981    57.295177
Name: X, dtype: float64
19
Error in concentration in 0.0ppm is 0.000790 
Error in concentration in 125.0ppm is 0.002044 
Error in concentration in 250.0ppm is 0.002340 
Error in concentration in 375.0ppm is 0.002535 
Error in concentration in 500.0ppm is 0.002947 
Error in concentration in 625.0ppm is 0.003360 
Error in concentration in 750.0ppm is 0.003778 
Error in concentration in 875.0ppm is 0.004227 
Error in concentration in 1000.0ppm is 0.004590 
Error in concentration in 1125.0ppm is 0.004894 
Error in concentration in 1250.0ppm is 0.005148 
Error in concentration in 1375.0ppm is 0.005365 
Error in concentration in 1500.0ppm is 0.005595 
Error in concentration in 1625.0ppm is 0.005902 
Error in concentration in 1750.0ppm is 0.006186 
Error in concentration in 1875.0ppm is 0.006518 
Error in concentration in 2000.0ppm is 0.006935 
Error in concentration in 2125.0ppm is 0.007333 
Error in concentration in 2250.0ppm is 0.007717 
Error in concentration in 2375.0ppm is 0.013900 
Error in concentration in 2500.0ppm is 0.022000 
CCl4 concentration generalization takes 0.6824984272321065 min 40.94990563392639 sec.
Case3: Initial pressure...
cracking 0.001
cracking 0.001
cracking 0.001
cracking 0.001
cracking 0.001
cracking 0.001
cracking 0.001
cracking 0.001
cracking 0.001
cracking 0.001
1000.0
11.4
36
[320, 348, 374.7, 399.3, 424, 451.3, 460.7, 466, 471.3, 476.7, 478.7, 479.3, 480, 481.3, 482.3, 483.3, 484.3, 485.3]
[348, 374.7, 399.3, 424, 451.3, 460.7, 466, 471.3, 476.7, 478.7, 479.3, 480, 481.3, 482.3, 483.3, 484.3, 485.3, 486.7]
27198     0.498813
27199     1.239803
27200     2.316923
27201     4.044648
27202     7.952158
27203    12.175834
27204    16.656191
27205    22.041237
27206    28.088306
27207    32.065742
27208    34.977886
27209    37.851376
27210    41.073231
27211    43.990482
27212    46.828388
27213    49.592281
27214    52.285259
27215    55.213360
32869     1.830757
32870     3.527285
32873    15.755860
32874    21.066385
32875    27.050220
32876    31.089109
32877    34.089897
32878    37.032177
32879    40.296383
32880    43.252800
32881    46.121750
32882    48.908863
32883    51.619415
Name: X, dtype: float64
19
1000.0
12.4
36
[320, 348, 374.7, 399.3, 424, 451.3, 460.7, 466, 471.3, 476.7, 478.7, 479.3, 480, 481.3, 482.3, 483.3, 484.3, 485.3]
[348, 374.7, 399.3, 424, 451.3, 460.7, 466, 471.3, 476.7, 478.7, 479.3, 480, 481.3, 482.3, 483.3, 484.3, 485.3, 486.7]
27216     0.542458
27217     1.348509
27218     2.519060
27219     4.391415
27220     8.616336
27221    13.183365
27222    17.979229
27223    23.657576
27224    29.959951
27225    34.078899
27226    37.084000
27227    40.041294
27228    43.348572
27229    46.334602
27230    49.232445
27231    52.046650
27232    54.781319
27233    57.745777
32887     1.988156
32888     3.823128
32891    16.964336
32892    22.569231
32893    28.816078
32894    33.005142
32895    36.106174
32896    39.138523
32897    42.493961
32898    45.524872
32899    48.458012
32900    51.300186
32901    54.056561
Name: X, dtype: float64
19
1000.0
14.4
36
[320, 348, 374.7, 399.3, 424, 451.3, 460.7, 466, 471.3, 476.7, 478.7, 479.3, 480, 481.3, 482.3, 483.3, 484.3, 485.3]
[348, 374.7, 399.3, 424, 451.3, 460.7, 466, 471.3, 476.7, 478.7, 479.3, 480, 481.3, 482.3, 483.3, 484.3, 485.3, 486.7]
27252     0.629719
27253     1.565561
27254     2.921959
27255     5.080405
27256     9.933167
27257    15.161333
27258    20.523582
27259    26.698008
27260    33.417145
27261    37.754749
27262    40.894264
27263    43.968117
27264    47.389000
27265    50.459202
27266    53.421783
27267    56.282993
27268    59.047371
27269    62.025661
32923     2.301587
32924     4.410195
32927    19.293867
32928    25.407755
32929    32.092968
32930    36.520485
32931    39.771515
32932    42.933533
32933    46.415279
32934    49.541054
32935    52.549808
32936    55.448601
32937    58.244057
Name: X, dtype: float64
19
1000.0
10.4
36
[320, 348, 374.7, 399.3, 424, 451.3, 460.7, 466, 471.3, 476.7, 478.7, 479.3, 480, 481.3, 482.3, 483.3, 484.3, 485.3]
[348, 374.7, 399.3, 424, 451.3, 460.7, 466, 471.3, 476.7, 478.7, 479.3, 480, 481.3, 482.3, 483.3, 484.3, 485.3, 486.7]
27180     0.454785
27181     1.130655
27182     2.114152
27183     3.696109
27184     7.284056
27185    11.155511
27186    15.298104
27187    20.355278
27188    26.109171
27189    29.918217
27190    32.715446
27191    35.482731
27192    38.594120
27193    41.417507
27194    44.170925
27195    46.858204
27196    49.483093
27197    52.345600
32851     1.672907
32852     3.230075
32855    14.516745
32856    19.502863
32857    25.189457
32858    29.052176
32859    31.931536
32860    34.761982
32861    37.910316
32862    40.768604
32863    43.548790
32864    46.255814
32865    48.894310
Name: X, dtype: float64
19
1000.0
13.4
36
[320, 348, 374.7, 399.3, 424, 451.3, 460.7, 466, 471.3, 476.7, 478.7, 479.3, 480, 481.3, 482.3, 483.3, 484.3, 485.3]
[348, 374.7, 399.3, 424, 451.3, 460.7, 466, 471.3, 476.7, 478.7, 479.3, 480, 481.3, 482.3, 483.3, 484.3, 485.3, 486.7]
27234     0.586226
27235     1.456787
27236     2.720463
27237     4.736258
27238     9.276443
27239    14.178668
27240    19.268429
27241    25.208618
27242    31.733568
27243    35.971470
27244    39.051460
27245    42.074471
27246    45.446541
27247    48.482704
27248    51.420414
27249    54.265423
27250    57.022522
27251    60.001507
32905     2.145028
32906     4.117322
32909    18.143463
32910    24.015234
32911    30.494621
32912    34.812271
32913    37.995739
32914    41.100273
32915    44.527157
32916    47.613293
32917    50.591789
32918    53.469505
32919    56.252918
Name: X, dtype: float64
19
Error in 10.4atm is 0.003784 
Error in 11.4atm is 0.003539 
Error in 12.4atm is 0.004590 
Error in 13.4atm is 0.006214 
Error in 14.4atm is 0.007916 
Initial pressure generalization takes 0.2532023787498474 min 15.192142724990845 sec.
Case5: Initial T_in...
cracking 0.001
cracking 0.001
cracking 0.001
cracking 0.001
cracking 0.001
cracking 0.001
cracking 0.001
cracking 0.001
cracking 0.001
cracking 0.001
cracking 0.001
cracking 0.001
1000.0
12.4
36
[310, 340, 368.4, 393.7, 416.5, 441.6, 452, 458.3, 464.6, 471, 474, 476.5, 478.8, 481.1, 482.1, 483.1, 484.1, 485.1]
[340, 368.4, 393.7, 416.5, 441.6, 452, 458.3, 464.6, 471, 474, 476.5, 478.8, 481.1, 482.1, 483.1, 484.1, 485.1, 486.7]
25326     0.474298
25327     1.203352
25328     2.264449
25329     3.830666
25330     6.846836
25331    10.252577
25332    14.173184
25333    19.345295
25334    25.640257
25335    30.240322
25336    34.534534
25337    38.660404
25338    42.738884
25339    45.742294
25340    48.657490
25341    51.489452
25342    54.242508
25343    57.381119
Name: X, dtype: float64
19
1000.0
12.4
36
[320, 348, 374.7, 399.3, 424, 451.3, 460.7, 466, 471.3, 476.7, 478.7, 479.3, 480, 481.3, 482.3, 483.3, 484.3, 485.3]
[348, 374.7, 399.3, 424, 451.3, 460.7, 466, 471.3, 476.7, 478.7, 479.3, 480, 481.3, 482.3, 483.3, 484.3, 485.3, 486.7]
27216     0.542458
27217     1.348509
27218     2.519060
27219     4.391415
27220     8.616336
27221    13.183365
27222    17.979229
27223    23.657576
27224    29.959951
27225    34.078899
27226    37.084000
27227    40.041294
27228    43.348572
27229    46.334602
27230    49.232445
27231    52.046650
27232    54.781319
27233    57.745777
32887     1.988156
32888     3.823128
32891    16.964336
32892    22.569231
32893    28.816078
32894    33.005142
32895    36.106174
32896    39.138523
32897    42.493961
32898    45.524872
32899    48.458012
32900    51.300186
32901    54.056561
Name: X, dtype: float64
19
1000.0
12.4
36
[350, 374.7, 399.3, 424, 449.3, 460.7, 466, 471.3, 476.7, 478.7, 479.3, 480, 481.3, 482.3, 483.3, 484.3, 485.3, 486]
[374.7, 399.3, 424, 449.3, 460.7, 466, 471.3, 476.7, 478.7, 479.3, 480, 481.3, 482.3, 483.3, 484.3, 485.3, 486, 486.7]
27218     2.519060
27219     4.391415
27222    17.979229
27223    23.657576
27224    29.959951
27225    34.078899
27226    37.084000
27227    40.041294
27228    43.348572
27229    46.334602
27230    49.232445
27231    52.046650
27232    54.781319
27233    57.745777
32886     0.816246
32887     1.988156
32888     3.823128
32889     7.502276
32890    12.236892
32891    16.964336
32892    22.569231
32893    28.816078
32894    33.005142
32895    36.106174
32896    39.138523
32897    42.493961
32898    45.524872
32899    48.458012
32900    51.300186
32901    54.056561
32902    56.505898
32903    58.882050
Name: X, dtype: float64
index + 17 dont exist in y_ground_df, continue
index + 17 dont exist in y_ground_df, continue
index + 17 dont exist in y_ground_df, continue
index + 17 dont exist in y_ground_df, continue
index + 17 dont exist in y_ground_df, continue
index + 17 dont exist in y_ground_df, continue
index + 17 dont exist in y_ground_df, continue
index + 17 dont exist in y_ground_df, continue
index + 17 dont exist in y_ground_df, continue
index + 17 dont exist in y_ground_df, continue
index + 17 dont exist in y_ground_df, continue
index + 17 dont exist in y_ground_df, continue
index + 17 dont exist in y_ground_df, continue
index + 17 dont exist in y_ground_df, continue
19
1000.0
12.4
36
[340, 365.3, 390, 414.6, 439.3, 458.6, 464, 469.3, 474.6, 478, 479, 479.6, 480.3, 481.6, 482.6, 483.6, 484.6, 485.6]
[365.3, 390, 414.6, 439.3, 458.6, 464, 469.3, 474.6, 478, 479, 479.6, 480.3, 481.6, 482.6, 483.6, 484.6, 485.6, 486.7]
30996     0.710702
30997     1.728581
30998     3.262257
30999     5.987028
31000    10.848617
31001    15.513132
31002    20.849447
31003    26.866802
31004    31.956562
31005    35.348457
31006    38.322697
31007    41.247086
31008    44.515331
31009    47.464828
31010    50.325401
31011    53.102322
31012    55.799538
31013    58.495918
Name: X, dtype: float64
19
1000.0
12.4
36
[330, 357.3, 382, 406.6, 431.3, 455.1, 461.5, 467.8, 473.1, 476.8, 478.8, 479.4, 480.1, 481.4, 482.4, 483.4, 484.4, 485.4]
[357.3, 382, 406.6, 431.3, 455.1, 461.5, 467.8, 473.1, 476.8, 478.8, 479.4, 480.1, 481.4, 482.4, 483.4, 484.4, 485.4, 486.7]
29106     0.625022
29107     1.522511
29108     2.850919
29109     5.067071
29110     9.789055
29111    13.986291
29112    19.459461
29113    25.337235
29114    30.573709
29115    34.672466
29116    37.661659
29117    40.602127
29118    43.889729
29119    46.858032
29120    49.737183
29121    52.532883
29122    55.249313
29123    58.117283
Name: X, dtype: float64
19
1000.0
12.4
36
[300, 332, 361, 387, 411, 429.6, 443.4, 453.7, 460.5, 464.9, 468.7, 473, 477.8, 480.5, 481.5, 482.5, 483.5, 484.5]
[332, 361, 387, 411, 429.6, 443.4, 453.7, 460.5, 464.9, 468.7, 473, 477.8, 480.5, 481.5, 482.5, 483.5, 484.5, 486.7]
23436     0.413293
23437     1.061914
23438     2.017482
23439     3.435916
23440     5.440827
23441     8.261160
23442    12.204152
23443    16.850574
23444    21.467978
23445    26.212378
23446    31.545210
23447    37.437271
23448    41.827908
23449    44.844757
23450    47.775604
23451    50.624786
23452    53.397049
23453    57.023300
Name: X, dtype: float64
19
Error in 300°C is 0.002409 
Error in 310°C is 0.002220 
Error in 320°C is 0.004590 
Error in 330°C is 0.004583 
Error in 340°C is 0.005654 
Error in 350°C is 0.006151 
Initial temperature generalization takes 0.2701628565788269 min 16.209771394729614 sec.
Starting prediction...
cracking 0.0
cracking 0.0
0.0
11.4
36
[320, 348, 374.7, 399.3, 424, 451.3, 460.7, 466, 471.3, 476.7, 478.7, 479.3, 480, 481.3, 482.3, 483.3, 484.3, 485.3]
[348, 374.7, 399.3, 424, 451.3, 460.7, 466, 471.3, 476.7, 478.7, 479.3, 480, 481.3, 482.3, 483.3, 484.3, 485.3, 486.7]
26478     0.497704
26479     1.229408
26480     2.268288
26481     3.827408
26482     6.898010
26483    10.112396
26484    13.691635
26485    18.370972
26486    24.085365
26487    28.041382
26488    30.998161
26489    33.926323
26490    37.208454
26491    40.195084
26492    43.108845
26493    45.952354
26494    48.729759
26495    51.751019
32149     1.782867
32150     3.318359
32153    12.964798
32154    17.562393
32155    23.174606
32156    27.167198
32157    30.197556
32158    33.182869
32159    36.495010
32160    39.511810
32161    42.447353
32162    45.306843
32163    48.094376
Name: X, dtype: float64
19
cracking 0.000125
cracking 0.000125
125.0
11.4
36
[320, 348, 374.7, 399.3, 424, 451.3, 460.7, 466, 471.3, 476.7, 478.7, 479.3, 480, 481.3, 482.3, 483.3, 484.3, 485.3]
[348, 374.7, 399.3, 424, 451.3, 460.7, 466, 471.3, 476.7, 478.7, 479.3, 480, 481.3, 482.3, 483.3, 484.3, 485.3, 486.7]
26568     0.497712
26569     1.231424
26570     2.276812
26571     3.865435
26572     7.063002
26573    10.427756
26574    14.153465
26575    18.960318
26576    24.731989
26577    28.686625
26578    31.631321
26579    34.546738
26580    37.814365
26581    40.786175
26582    43.684666
26583    46.512688
26584    49.274521
26585    52.279102
32239     1.791781
32240     3.354355
32243    13.402005
32244    18.125427
32245    23.801086
32246    27.796307
32247    30.817421
32248    33.791451
32249    37.091084
32250    40.094387
32251    43.016026
32252    45.861202
32253    48.634285
Name: X, dtype: float64
19
cracking 0.00025
cracking 0.00025
250.0
11.4
36
[320, 348, 374.7, 399.3, 424, 451.3, 460.7, 466, 471.3, 476.7, 478.7, 479.3, 480, 481.3, 482.3, 483.3, 484.3, 485.3]
[348, 374.7, 399.3, 424, 451.3, 460.7, 466, 471.3, 476.7, 478.7, 479.3, 480, 481.3, 482.3, 483.3, 484.3, 485.3, 486.7]
26658     0.497324
26659     1.233821
26660     2.284110
26661     3.897428
26662     7.213496
26663    10.719781
26664    14.579770
26665    19.498571
26666    25.321056
26667    29.276588
26668    32.212658
26669    35.117374
26670    38.374142
26671    41.333759
26672    44.219212
26673    47.034397
26674    49.782566
26675    52.772251
32329     1.799224
32330     3.385680
32333    13.803919
32334    18.639080
32335    24.371235
32336    28.371227
32337    31.385782
32338    34.351223
32339    37.641472
32340    40.633846
32341    43.544170
32342    46.377377
32343    49.138020
Name: X, dtype: float64
19
cracking 0.000375
cracking 0.000375
375.0
11.4
36
[320, 348, 374.7, 399.3, 424, 451.3, 460.7, 466, 471.3, 476.7, 478.7, 479.3, 480, 481.3, 482.3, 483.3, 484.3, 485.3]
[348, 374.7, 399.3, 424, 451.3, 460.7, 466, 471.3, 476.7, 478.7, 479.3, 480, 481.3, 482.3, 483.3, 484.3, 485.3, 486.7]
26748     0.497959
26749     1.234136
26750     2.291242
26751     3.926231
26752     7.352893
26753    10.993503
26754    14.977059
26755    19.994925
26756    25.863298
26757    29.821127
26758    32.750385
26759    35.646942
26760    38.894470
26761    41.844242
26762    44.719028
26763    47.522583
26764    50.259064
26765    53.236065
32419     1.805609
32420     3.413756
32423    14.178039
32424    19.112675
32425    24.896040
32426    28.901577
32427    31.911465
32428    34.870316
32429    38.153213
32430    41.137112
32431    44.037708
32432    46.860699
32433    49.610287
Name: X, dtype: float64
19
cracking 0.0005
cracking 0.0005
500.0
11.4
36
[320, 348, 374.7, 399.3, 424, 451.3, 460.7, 466, 471.3, 476.7, 478.7, 479.3, 480, 481.3, 482.3, 483.3, 484.3, 485.3]
[348, 374.7, 399.3, 424, 451.3, 460.7, 466, 471.3, 476.7, 478.7, 479.3, 480, 481.3, 482.3, 483.3, 484.3, 485.3, 486.7]
26838     0.498113
26839     1.235954
26840     2.297207
26841     3.953110
26842     7.484279
26843    11.252100
26844    15.349943
26845    20.456347
26846    26.366421
26847    30.327156
26848    33.251232
26849    36.141357
26850    39.381512
26851    42.322605
26852    45.188129
26853    47.982216
26854    50.707859
26855    53.673317
32509     1.811590
32510     3.439524
32513    14.528525
32514    19.552887
32515    25.383110
32516    29.394867
32517    32.401306
32518    35.354992
32519    38.632351
32520    41.608730
32521    44.501225
32522    47.315231
32523    50.055401
Name: X, dtype: float64
19
cracking 0.000625
cracking 0.000625
625.0
11.4
36
[320, 348, 374.7, 399.3, 424, 451.3, 460.7, 466, 471.3, 476.7, 478.7, 479.3, 480, 481.3, 482.3, 483.3, 484.3, 485.3]
[348, 374.7, 399.3, 424, 451.3, 460.7, 466, 471.3, 476.7, 478.7, 479.3, 480, 481.3, 482.3, 483.3, 484.3, 485.3, 486.7]
26928     0.498351
26929     1.237094
26930     2.302388
26931     3.978163
26932     7.608942
26933    11.497992
26934    15.701776
26935    20.887894
26936    26.836351
26937    30.800720
26938    33.720634
26939    36.605366
26940    39.839672
26941    42.773579
26942    45.631107
26943    48.416050
26944    51.132774
26945    54.087479
32599     1.816763
32600     3.463514
32603    14.859254
32604    19.964998
32605    25.838146
32606    29.856266
32607    32.860233
32608    35.810043
32609    39.083012
32610    42.053207
32611    44.938690
32612    47.744797
32613    50.476364
Name: X, dtype: float64
19
cracking 0.00075
cracking 0.00075
750.0
11.4
36
[320, 348, 374.7, 399.3, 424, 451.3, 460.7, 466, 471.3, 476.7, 478.7, 479.3, 480, 481.3, 482.3, 483.3, 484.3, 485.3]
[348, 374.7, 399.3, 424, 451.3, 460.7, 466, 471.3, 476.7, 478.7, 479.3, 480, 481.3, 482.3, 483.3, 484.3, 485.3, 486.7]
27018     0.498306
27019     1.237821
27020     2.307509
27021     4.001185
27022     7.728078
27023    11.732883
27024    16.035448
27025    21.293848
27026    27.277630
27027    31.246105
27028    34.162926
27029    37.043056
27030    40.272507
27031    43.200150
27032    46.050194
27033    48.827644
27034    51.535782
27035    54.480869
32689     1.821671
32690     3.485975
32693    15.172733
32694    20.352575
32695    26.265335
32696    30.290287
32697    33.292751
32698    36.239361
32699    39.508530
32700    42.473503
32701    45.352737
32702    48.151924
32703    50.876019
Name: X, dtype: float64
19
cracking 0.000875
cracking 0.000875
875.0
11.4
36
[320, 348, 374.7, 399.3, 424, 451.3, 460.7, 466, 471.3, 476.7, 478.7, 479.3, 480, 481.3, 482.3, 483.3, 484.3, 485.3]
[348, 374.7, 399.3, 424, 451.3, 460.7, 466, 471.3, 476.7, 478.7, 479.3, 480, 481.3, 482.3, 483.3, 484.3, 485.3, 486.7]
27108     0.498483
27109     1.238816
27110     2.312204
27111     4.023319
27112     7.842075
27113    11.958592
27114    16.352835
27115    21.677418
27116    27.694012
27117    31.666857
27118    34.580860
27119    37.457382
27120    40.682819
27121    43.604839
27122    46.448620
27123    49.218868
27124    51.919296
27125    54.855370
32779     1.826351
32780     3.507136
32783    15.471020
32784    20.718884
32785    26.668325
32786    30.700342
32787    33.701603
32788    36.645866
32789    39.912083
32790    42.872726
32791    45.746429
32792    48.539345
32793    51.256336
Name: X, dtype: float64
19
cracking 0.001
cracking 0.001
1000.0
11.4
36
[320, 348, 374.7, 399.3, 424, 451.3, 460.7, 466, 471.3, 476.7, 478.7, 479.3, 480, 481.3, 482.3, 483.3, 484.3, 485.3]
[348, 374.7, 399.3, 424, 451.3, 460.7, 466, 471.3, 476.7, 478.7, 479.3, 480, 481.3, 482.3, 483.3, 484.3, 485.3, 486.7]
27198     0.498813
27199     1.239803
27200     2.316923
27201     4.044648
27202     7.952158
27203    12.175834
27204    16.656191
27205    22.041237
27206    28.088306
27207    32.065742
27208    34.977886
27209    37.851376
27210    41.073231
27211    43.990482
27212    46.828388
27213    49.592281
27214    52.285259
27215    55.213360
32869     1.830757
32870     3.527285
32873    15.755860
32874    21.066385
32875    27.050220
32876    31.089109
32877    34.089897
32878    37.032177
32879    40.296383
32880    43.252800
32881    46.121750
32882    48.908863
32883    51.619415
Name: X, dtype: float64
19
cracking 0.001125
cracking 0.001125
1125.0
11.4
36
[320, 348, 374.7, 399.3, 424, 451.3, 460.7, 466, 471.3, 476.7, 478.7, 479.3, 480, 481.3, 482.3, 483.3, 484.3, 485.3]
[348, 374.7, 399.3, 424, 451.3, 460.7, 466, 471.3, 476.7, 478.7, 479.3, 480, 481.3, 482.3, 483.3, 484.3, 485.3, 486.7]
27288     0.498806
27289     1.240455
27290     2.321467
27291     4.064868
27292     8.058780
27293    12.385159
27294    16.946312
27295    22.387173
27296    28.463161
27297    32.445339
27298    35.355835
27299    38.226490
27300    41.445553
27301    44.358414
27302    47.191380
27303    49.948856
27304    52.635612
27305    55.555916
32959     1.834859
32960     3.546723
32963    16.028448
32964    21.397045
32965    27.413481
32966    31.459139
32967    34.459557
32968    37.400333
32969    40.662617
32970    43.615788
32971    46.480175
32972    49.262093
32973    51.966457
Name: X, dtype: float64
19
cracking 0.00125
cracking 0.00125
1250.0
11.4
36
[320, 348, 374.7, 399.3, 424, 451.3, 460.7, 466, 471.3, 476.7, 478.7, 479.3, 480, 481.3, 482.3, 483.3, 484.3, 485.3]
[348, 374.7, 399.3, 424, 451.3, 460.7, 466, 471.3, 476.7, 478.7, 479.3, 480, 481.3, 482.3, 483.3, 484.3, 485.3, 486.7]
27378     0.498792
27379     1.241657
27380     2.325432
27381     4.084191
27382     8.161913
27383    12.587985
27384    17.225023
27385    22.717484
27386    28.820747
27387    32.807388
27388    35.716751
27389    38.585361
27390    41.801968
27391    44.710770
27392    47.538868
27393    50.290920
27394    52.971191
27395    55.884403
33049     1.839007
33050     3.565339
33053    16.290146
33054    21.712780
33055    27.759844
33056    31.812225
33057    34.812717
33058    37.752224
33059    41.012989
33060    43.963047
33061    46.823574
33062    49.600796
33063    52.299515
Name: X, dtype: float64
19
cracking 0.001375
cracking 0.001375
1375.0
11.4
36
[320, 348, 374.7, 399.3, 424, 451.3, 460.7, 466, 471.3, 476.7, 478.7, 479.3, 480, 481.3, 482.3, 483.3, 484.3, 485.3]
[348, 374.7, 399.3, 424, 451.3, 460.7, 466, 471.3, 476.7, 478.7, 479.3, 480, 481.3, 482.3, 483.3, 484.3, 485.3, 486.7]
27468     0.499130
27469     1.242294
27470     2.329375
27471     4.102710
27472     8.262223
27473    12.784608
27474    17.492857
27475    23.033594
27476    29.162376
27477    33.153950
27478    36.062122
27479    38.928764
27480    42.143005
27481    45.048595
27482    47.872356
27483    50.619282
27484    53.293682
27485    56.200195
33139     1.842797
33140     3.583212
33143    16.541994
33144    22.014830
33145    28.091009
33146    32.149906
33147    35.150642
33148    38.089329
33149    41.349045
33150    44.296440
33151    47.153084
33152    49.925911
33153    52.619450
Name: X, dtype: float64
19
cracking 0.0015
cracking 0.0015
1500.0
11.4
36
[320, 348, 374.7, 399.3, 424, 451.3, 460.7, 466, 471.3, 476.7, 478.7, 479.3, 480, 481.3, 482.3, 483.3, 484.3, 485.3]
[348, 374.7, 399.3, 424, 451.3, 460.7, 466, 471.3, 476.7, 478.7, 479.3, 480, 481.3, 482.3, 483.3, 484.3, 485.3, 486.7]
27558     0.499139
27559     1.242869
27560     2.333380
27561     4.120873
27562     8.360081
27563    12.975225
27564    17.751226
27565    23.336393
27566    29.489649
27567    33.486023
27568    36.393536
27569    39.258514
27570    42.471111
27571    45.373173
27572    48.192970
27573    50.935009
27574    53.603817
27575    56.504044
33229     1.846481
33230     3.600531
33233    16.784559
33234    22.304787
33235    28.408407
33236    32.473656
33237    35.474762
33238    38.412853
33239    41.671841
33240    44.616634
33241    47.470203
33242    50.238518
33243    52.927433
Name: X, dtype: float64
19
cracking 0.001625
cracking 0.001625
1625.0
11.4
36
[320, 348, 374.7, 399.3, 424, 451.3, 460.7, 466, 471.3, 476.7, 478.7, 479.3, 480, 481.3, 482.3, 483.3, 484.3, 485.3]
[348, 374.7, 399.3, 424, 451.3, 460.7, 466, 471.3, 476.7, 478.7, 479.3, 480, 481.3, 482.3, 483.3, 484.3, 485.3, 486.7]
27648     0.499377
27649     1.243644
27650     2.337134
27651     4.138256
27652     8.455359
27653    13.160370
27654    18.000189
27655    23.627605
27656    29.804001
27657    33.805107
27658    36.712116
27659    39.575661
27660    42.786591
27661    45.685932
27662    48.501648
27663    51.239361
27664    53.902992
27665    56.796894
33319     1.850121
33320     3.617290
33323    17.018713
33324    22.583176
33325    28.713032
33326    32.784988
33327    35.786491
33328    38.723957
33329    41.982185
33330    44.925083
33331    47.775272
33332    50.539951
33333    53.223858
Name: X, dtype: float64
19
cracking 0.00175
cracking 0.00175
1750.0
11.4
36
[320, 348, 374.7, 399.3, 424, 451.3, 460.7, 466, 471.3, 476.7, 478.7, 479.3, 480, 481.3, 482.3, 483.3, 484.3, 485.3]
[348, 374.7, 399.3, 424, 451.3, 460.7, 466, 471.3, 476.7, 478.7, 479.3, 480, 481.3, 482.3, 483.3, 484.3, 485.3, 486.7]
27738     0.499310
27739     1.244487
27740     2.340537
27741     4.155267
27742     8.548545
27743    13.340791
27744    18.241076
27745    23.907776
27746    30.106421
27747    34.112240
27748    37.018814
27749    39.881271
27750    43.090607
27751    45.987064
27752    48.799603
27753    51.532906
27754    54.191689
27755    57.079674
33409     1.853524
33410     3.633579
33413    17.245108
33414    22.851416
33415    29.006245
33416    33.084694
33417    36.086853
33418    39.023895
33419    42.281548
33420    45.222336
33421    48.069786
33422    50.830738
33423    53.510319
Name: X, dtype: float64
19
cracking 0.001875
cracking 0.001875
1875.0
11.4
36
[320, 348, 374.7, 399.3, 424, 451.3, 460.7, 466, 471.3, 476.7, 478.7, 479.3, 480, 481.3, 482.3, 483.3, 484.3, 485.3]
[348, 374.7, 399.3, 424, 451.3, 460.7, 466, 471.3, 476.7, 478.7, 479.3, 480, 481.3, 482.3, 483.3, 484.3, 485.3, 486.7]
27828     0.499418
27829     1.244979
27830     2.344300
27831     4.172091
27832     8.639688
27833    13.516667
27834    18.474304
27835    24.178112
27836    30.398079
27837    34.408367
27838    37.314823
27839    40.176170
27840    43.384380
27841    46.278286
27842    49.087181
27843    51.816452
27844    54.470478
27845    57.352962
33499     1.605442
33500     3.076194
33503    15.961642
33504    21.383696
33505    27.361870
33506    32.348736
33507    35.639183
33508    38.517487
33509    41.348675
33510    44.521023
33511    47.381065
33512    50.155666
33513    52.850117
Name: X, dtype: float64
19
cracking 0.002
cracking 0.002
2000.0
11.4
36
[320, 348, 374.7, 399.3, 424, 451.3, 460.7, 466, 471.3, 476.7, 478.7, 479.3, 480, 481.3, 482.3, 483.3, 484.3, 485.3]
[348, 374.7, 399.3, 424, 451.3, 460.7, 466, 471.3, 476.7, 478.7, 479.3, 480, 481.3, 482.3, 483.3, 484.3, 485.3, 486.7]
27918     0.499412
27919     1.245762
27920     2.347445
27921     4.188255
27922     8.728815
27923    13.687952
27924    18.700068
27925    24.439123
27926    30.679510
27927    34.694435
27928    37.600491
27929    40.460804
27930    43.667927
27931    46.559799
27932    49.365421
27933    52.090912
27934    54.740131
27935    57.617470
33589     1.860158
33590     3.664755
33593    17.676842
33594    23.360252
33595    29.561779
33596    33.652786
33597    36.656273
33598    39.593021
33599    42.850040
33600    45.787148
33601    48.629028
33602    51.383518
33603    54.054874
Name: X, dtype: float64
19
cracking 0.002125
cracking 0.002125
2125.0
11.4
36
[320, 348, 374.7, 399.3, 424, 451.3, 460.7, 466, 471.3, 476.7, 478.7, 479.3, 480, 481.3, 482.3, 483.3, 484.3, 485.3]
[348, 374.7, 399.3, 424, 451.3, 460.7, 466, 471.3, 476.7, 478.7, 479.3, 480, 481.3, 482.3, 483.3, 484.3, 485.3, 486.7]
28008     0.499796
28009     1.246553
28010     2.350928
28011     4.203910
28012     8.816319
28013    13.855179
28014    18.919239
28015    24.691643
28016    30.951597
28017    34.971161
28018    37.876976
28019    40.736610
28020    43.942509
28021    46.831871
28022    49.634819
28023    52.356533
28024    55.001797
28025    57.873718
33679     1.863388
33680     3.679901
33683    17.883123
33684    23.602201
33685    29.825890
33686    33.922722
33687    36.927124
33688    39.863640
33689    43.120548
33690    46.055988
33691    48.895874
33692    51.646793
33693    54.314255
Name: X, dtype: float64
19
cracking 0.00225
cracking 0.00225
2250.0
11.4
36
[320, 348, 374.7, 399.3, 424, 451.3, 460.7, 466, 471.3, 476.7, 478.7, 479.3, 480, 481.3, 482.3, 483.3, 484.3, 485.3]
[348, 374.7, 399.3, 424, 451.3, 460.7, 466, 471.3, 476.7, 478.7, 479.3, 480, 481.3, 482.3, 483.3, 484.3, 485.3, 486.7]
28098     0.499728
28099     1.246962
28100     2.354098
28101     4.219302
28102     8.902332
28103    14.018641
28104    19.131992
28105    24.936029
28106    31.215012
28107    35.238911
28108    38.144753
28109    41.003513
28110    44.208832
28111    47.096035
28112    49.895775
28113    52.614136
28114    55.255123
28115    58.122231
33769     1.866436
33770     3.694493
33773    18.083467
33774    23.836477
33775    30.081333
33776    34.183559
33777    37.189224
33778    40.126019
33779    43.382729
33780    46.316837
33781    49.154461
33782    51.902061
33783    54.565968
Name: X, dtype: float64
19
cracking 0.002375
cracking 0.002375
2375.0
11.4
36
[320, 348, 374.7, 399.3, 424, 451.3, 460.7, 466, 471.3, 476.7, 478.7, 479.3, 480, 481.3, 482.3, 483.3, 484.3, 485.3]
[348, 374.7, 399.3, 424, 451.3, 460.7, 466, 471.3, 476.7, 478.7, 479.3, 480, 481.3, 482.3, 483.3, 484.3, 485.3, 486.7]
28188     0.576955
28189     1.413162
28190     2.688055
28191     4.970048
28192    10.363863
28193    15.047801
28194    20.884195
28195    26.862352
28196    32.056023
28197    36.064770
28198    38.956394
28199    41.799206
28200    44.985680
28201    47.853920
28202    50.634083
28203    53.331944
28204    55.951988
28205    58.720863
33859     1.869499
33860     3.708882
33863    18.278259
33864    24.063835
33865    30.329296
33866    34.437183
33867    37.443447
33868    40.380249
33869    43.637062
33870    46.569756
33871    49.405121
33872    52.150032
33873    54.810436
Name: X, dtype: float64
19
cracking 0.0025
cracking 0.0025
2500.0
11.4
36
[320, 348, 374.7, 399.3, 424, 451.3, 460.7, 466, 471.3, 476.7, 478.7, 479.3, 480, 481.3, 482.3, 483.3, 484.3, 485.3]
[348, 374.7, 399.3, 424, 451.3, 460.7, 466, 471.3, 476.7, 478.7, 479.3, 480, 481.3, 482.3, 483.3, 484.3, 485.3, 486.7]
28278     0.657726
28279     1.614112
28280     3.118254
28281     6.047942
28282    11.710367
28283    16.905170
28284    22.524183
28285    28.623331
28286    33.662251
28287    36.961922
28288    39.839390
28289    42.667023
28290    45.834835
28291    48.683876
28292    51.444416
28293    54.121067
28294    56.718952
28295    59.315960
33949     1.872448
33950     3.723007
33953    18.468006
33954    24.284489
33955    30.569611
33956    34.683289
33957    37.690475
33958    40.627388
33959    43.884159
33960    46.815559
33961    49.648800
33962    52.390900
33963    55.047878
Name: X, dtype: float64
19
['/home/wesley/EDC/FPC/ML/results/0323_FPC_modelV4/plots/predict/20_320_11.4_36_org/CCl4_0.000000_mass_36_temp_320_20_320_11.4_36_org.png', '/home/wesley/EDC/FPC/ML/results/0323_FPC_modelV4/plots/predict/20_320_11.4_36_org/CCl4_125.000000_mass_36_temp_320_20_320_11.4_36_org.png', '/home/wesley/EDC/FPC/ML/results/0323_FPC_modelV4/plots/predict/20_320_11.4_36_org/CCl4_250.000000_mass_36_temp_320_20_320_11.4_36_org.png', '/home/wesley/EDC/FPC/ML/results/0323_FPC_modelV4/plots/predict/20_320_11.4_36_org/CCl4_375.000000_mass_36_temp_320_20_320_11.4_36_org.png', '/home/wesley/EDC/FPC/ML/results/0323_FPC_modelV4/plots/predict/20_320_11.4_36_org/CCl4_500.000000_mass_36_temp_320_20_320_11.4_36_org.png', '/home/wesley/EDC/FPC/ML/results/0323_FPC_modelV4/plots/predict/20_320_11.4_36_org/CCl4_625.000000_mass_36_temp_320_20_320_11.4_36_org.png', '/home/wesley/EDC/FPC/ML/results/0323_FPC_modelV4/plots/predict/20_320_11.4_36_org/CCl4_750.000000_mass_36_temp_320_20_320_11.4_36_org.png', '/home/wesley/EDC/FPC/ML/results/0323_FPC_modelV4/plots/predict/20_320_11.4_36_org/CCl4_875.000000_mass_36_temp_320_20_320_11.4_36_org.png', '/home/wesley/EDC/FPC/ML/results/0323_FPC_modelV4/plots/predict/20_320_11.4_36_org/CCl4_1000.000000_mass_36_temp_320_20_320_11.4_36_org.png', '/home/wesley/EDC/FPC/ML/results/0323_FPC_modelV4/plots/predict/20_320_11.4_36_org/CCl4_1125.000000_mass_36_temp_320_20_320_11.4_36_org.png', '/home/wesley/EDC/FPC/ML/results/0323_FPC_modelV4/plots/predict/20_320_11.4_36_org/CCl4_1250.000000_mass_36_temp_320_20_320_11.4_36_org.png', '/home/wesley/EDC/FPC/ML/results/0323_FPC_modelV4/plots/predict/20_320_11.4_36_org/CCl4_1375.000000_mass_36_temp_320_20_320_11.4_36_org.png', '/home/wesley/EDC/FPC/ML/results/0323_FPC_modelV4/plots/predict/20_320_11.4_36_org/CCl4_1500.000000_mass_36_temp_320_20_320_11.4_36_org.png', '/home/wesley/EDC/FPC/ML/results/0323_FPC_modelV4/plots/predict/20_320_11.4_36_org/CCl4_1625.000000_mass_36_temp_320_20_320_11.4_36_org.png', '/home/wesley/EDC/FPC/ML/results/0323_FPC_modelV4/plots/predict/20_320_11.4_36_org/CCl4_1750.000000_mass_36_temp_320_20_320_11.4_36_org.png', '/home/wesley/EDC/FPC/ML/results/0323_FPC_modelV4/plots/predict/20_320_11.4_36_org/CCl4_1875.000000_mass_36_temp_320_20_320_11.4_36_org.png', '/home/wesley/EDC/FPC/ML/results/0323_FPC_modelV4/plots/predict/20_320_11.4_36_org/CCl4_2000.000000_mass_36_temp_320_20_320_11.4_36_org.png', '/home/wesley/EDC/FPC/ML/results/0323_FPC_modelV4/plots/predict/20_320_11.4_36_org/CCl4_2125.000000_mass_36_temp_320_20_320_11.4_36_org.png', '/home/wesley/EDC/FPC/ML/results/0323_FPC_modelV4/plots/predict/20_320_11.4_36_org/CCl4_2250.000000_mass_36_temp_320_20_320_11.4_36_org.png', '/home/wesley/EDC/FPC/ML/results/0323_FPC_modelV4/plots/predict/20_320_11.4_36_org/CCl4_2375.000000_mass_36_temp_320_20_320_11.4_36_org.png', '/home/wesley/EDC/FPC/ML/results/0323_FPC_modelV4/plots/predict/20_320_11.4_36_org/CCl4_2500.000000_mass_36_temp_320_20_320_11.4_36_org.png']
