training_data_cracking_V8_3m_choi_rev_big.csv
            Experiment name: 0323_choi_V2
            Training Data: training_data_cracking_V8_3m_choi_rev_big.csv
            Do k-fold: False
            Folds num: 10
            Learning rate: 0.001
            Batch size: 18
            Epoch: 10000
            CSTR num: 100
            Training vebose: 0
            #Genearalization test
            mass flow rates = False
            CCl4 = False
            inital pressure = False
            number of tubes = False
            T_in = True
            ncpus = 8
            training = False
            prediction only = False
                
Loading data...
Generalization test...
Case5: Initial T_in...
cracking 0.001
cracking 0.001
cracking 0.001
cracking 0.001
cracking 0.001
cracking 0.001
cracking 0.001
cracking 0.001
cracking 0.001
cracking 0.001
cracking 0.001
cracking 0.001
{'cracking_rates': [0, 4.796546591023798e-07, 1.9388397049624473e-05, 0.0002434253692626953, 0.002501189708709717, 0.01547849178314209, 0.04710787534713745, 0.08752936124801636, 0.13622650504112244, 0.1902262270450592, 0.2441486120223999, 0.29654085636138916, 0.3457321226596832, 0.39250171184539795, 0.4362463355064392, 0.47847092151641846, 0.5177566409111023, 0.5550673604011536, 0.5902070999145508]}
loss in 0.001: 0.0011091566591790274 
Series([], Name: X, dtype: float64)
FPC data not found
{'cracking_rates': [0, 9.417289561497455e-07, 1.5988740415195934e-05, 0.00021344423294067383, 0.002309471368789673, 0.015117555856704712, 0.05188450217247009, 0.0991716980934143, 0.15195637941360474, 0.2049712836742401, 0.25816428661346436, 0.30987054109573364, 0.3604675531387329, 0.40677034854888916, 0.45049187541007996, 0.49099406599998474, 0.5289153456687927, 0.5641845464706421, 0.5971237421035767, 0.6268514394760132, 0.6534227728843689]}
loss in 0.001: 0.0017444796791406707 
{'cracking_rates': [0, 1.0506668104426353e-06, 4.472928776522167e-05, 0.0005618035793304443, 0.005434513092041016, 0.028681308031082153, 0.08391347527503967, 0.14473828673362732, 0.20463135838508606, 0.26079052686691284, 0.31498581171035767, 0.365136981010437, 0.4108722507953644, 0.4537728726863861, 0.4930928945541382, 0.5301218032836914, 0.5650668740272522, 0.5970324277877808, 0.6256758570671082, 0.6514918208122253, 0.6748827695846558]}
loss in 0.001: 0.004881034195005269 
Series([], Name: X, dtype: float64)
FPC data not found
Series([], Name: X, dtype: float64)
FPC data not found
{'cracking_rates': [0, 3.2921835924071274e-08, 9.141775763055193e-07, 3.074802953051403e-05, 0.00038358569145202637, 0.002995222806930542, 0.012876898050308228, 0.033706843852996826, 0.06248238682746887, 0.098442941904068, 0.1379552185535431, 0.17770269513130188, 0.21595293283462524, 0.2615700364112854, 0.30150845646858215, 0.34380507469177246, 0.38793110847473145, 0.42918187379837036, 0.46894577145576477, 0.5067210793495178, 0.5420287251472473, 0.5752270221710205, 0.6073691248893738]}
loss in 0.001: 0.001121505061519816 
Series([], Name: X, dtype: float64)
FPC data not found
{'cracking_rates': [0, 7.255873413214431e-08, 2.379680154263042e-06, 6.433318776544183e-05, 0.0007035434246063232, 0.005966782569885254, 0.023813724517822266, 0.05066457390785217, 0.08541557192802429, 0.12949249148368835, 0.17341578006744385, 0.2165997326374054, 0.2650849521160126, 0.307850182056427, 0.3520602583885193, 0.3947528600692749, 0.43477094173431396, 0.47362178564071655, 0.5088785290718079, 0.5429774522781372, 0.5763875246047974, 0.606877326965332, 0.6368197202682495]}
loss in 0.001: 0.0010281821853495336 
Series([], Name: X, dtype: float64)
FPC data not found
{'cracking_rates': [0, 5.4125048336572945e-06, 0.00012054124817950651, 0.0012696385383605957, 0.010453253984451294, 0.03805139660835266, 0.07736849784851074, 0.12467175722122192, 0.1750437617301941, 0.23134776949882507, 0.2850188612937927, 0.3334324359893799, 0.38057035207748413, 0.42291539907455444, 0.4634963572025299, 0.5001583099365234, 0.5346474051475525, 0.5666630268096924, 0.5958992838859558, 0.6227146983146667, 0.6476929783821106, 0.6699578762054443, 0.69044029712677]}
loss in 0.001: 0.003411527289615018 
Series([], Name: X, dtype: float64)
FPC data not found
Error in 300°C is 0.001122 
Error in 310°C is 0.001028 
Error in 320°C is 0.001744 
Error in 330°C is 0.001109 
Error in 340°C is 0.004881 
Error in 350°C is 0.003412 
Initial temperature generalization takes 0.3120037833849589 min 18.720227003097534 sec.
