training_data_cracking_V8_3m_choi_rev_big.csv
            Experiment name: 0323_choi_V2
            Training Data: training_data_cracking_V8_3m_choi_rev_big.csv
            Do k-fold: False
            Folds num: 10
            Learning rate: 0.001
            Batch size: 18
            Epoch: 10000
            CSTR num: 100
            Training vebose: 0
            #Genearalization test
            mass flow rates = True
            CCl4 = True
            inital pressure = True
            number of tubes = True
            T_in = True
            ncpus = 8
            training = False
            prediction only = False
                
Loading data...
Starting prediction...
cracking 0.0
cracking 0.0
{'cracking_rates': [0, 1.138533978206624e-08, 3.8657140066789e-07, 2.328348955416004e-06, 3.978265340265352e-06, 1.3713513453694759e-06, 6.79711661177862e-07, 4.675376203522319e-06, 3.1266034056898206e-05, 0.00018092989921569824, 0.0007971227169036865, 0.001736283302307129, 0.003192335367202759, 0.005103498697280884, 0.006535619497299194, 0.008257806301116943, 0.012186676263809204, 0.01433783769607544, 0.017160117626190186, 0.02220594882965088, 0.02632322907447815, 0.02366536855697632, 0.02817597985267639]}
loss in 0.0: 0.0022156746016739723 
cracking 0.000125
cracking 0.000125
{'cracking_rates': [0, 1.1406858568818734e-08, 3.899285729858093e-07, 2.528174945837236e-06, 7.177614861575421e-06, 0.00018477439880371094, 0.0008165538311004639, 0.006635576486587524, 0.013521730899810791, 0.021880686283111572, 0.033090800046920776, 0.04776793718338013, 0.06386014819145203, 0.08153736591339111, 0.0967717170715332, 0.11500474810600281, 0.13350063562393188, 0.15762293338775635, 0.18030372262001038, 0.1954490840435028, 0.2181561291217804, 0.23985353112220764, 0.25908511877059937]}
loss in 0.000125: 0.0026174922324610707 
cracking 0.00025
cracking 0.00025
{'cracking_rates': [0, 1.1428396895496462e-08, 3.9330851109298237e-07, 2.7330434022587724e-06, 0.00011624066974036396, 0.0007565915584564209, 0.0037196576595306396, 0.010253220796585083, 0.02121514081954956, 0.03410232067108154, 0.0504126250743866, 0.07349890470504761, 0.091437429189682, 0.11075136065483093, 0.13140669465065002, 0.1574922800064087, 0.18304261565208435, 0.20939227938652039, 0.22975066304206848, 0.2540377974510193, 0.28349876403808594, 0.3110334277153015, 0.3398045301437378]}
loss in 0.00025: 0.0029830694618867702 
cracking 0.000375
cracking 0.000375
{'cracking_rates': [0, 1.144999650648515e-08, 3.967075485888927e-07, 2.9424891181406565e-06, 0.0001430213451385498, 0.0009884536266326904, 0.004833012819290161, 0.013554483652114868, 0.028060048818588257, 0.044610559940338135, 0.06711739301681519, 0.08764749765396118, 0.10973867774009705, 0.13214832544326782, 0.15845713019371033, 0.18694090843200684, 0.21165123581886292, 0.2368660271167755, 0.2680540084838867, 0.29876908659935, 0.32900816202163696, 0.35966747999191284, 0.3916010856628418]}
loss in 0.000375: 0.0026507704484924227 
cracking 0.0005
cracking 0.0005
{'cracking_rates': [0, 1.1471637861859563e-08, 4.001275328846532e-07, 3.1560746265313355e-06, 0.00016880035400390625, 0.0012142658233642578, 0.0058789849281311035, 0.016602694988250732, 0.03417590260505676, 0.055461585521698, 0.07750251889228821, 0.09996527433395386, 0.12364497780799866, 0.15098506212234497, 0.17855268716812134, 0.19979605078697205, 0.2347804605960846, 0.2652573585510254, 0.2982507348060608, 0.3300793170928955, 0.36404722929000854, 0.3981545865535736, 0.4285365045070648]}
loss in 0.0005: 0.002333743798767141 
cracking 0.000625
cracking 0.000625
{'cracking_rates': [0, 1.1493320073441282e-08, 4.0356627550863777e-07, 4.642443855118472e-06, 0.00019374489784240723, 0.001435011625289917, 0.006868422031402588, 0.019432246685028076, 0.03979489207267761, 0.06276765465736389, 0.08493903279304504, 0.10989433526992798, 0.13712698221206665, 0.16362014412879944, 0.18553447723388672, 0.2203575074672699, 0.25527843832969666, 0.2880750298500061, 0.32276904582977295, 0.3579287528991699, 0.3933976888656616, 0.42439761757850647, 0.457352876663208]}
loss in 0.000625: 0.0019226646978536073 
cracking 0.00075
cracking 0.00075
{'cracking_rates': [0, 1.5920869955721173e-08, 4.963628157383937e-07, 1.8474584067007527e-05, 0.00022146105766296387, 0.0016575455665588379, 0.007807433605194092, 0.02206796407699585, 0.044504910707473755, 0.06693774461746216, 0.09174197912216187, 0.11805742979049683, 0.14577928185462952, 0.17023319005966187, 0.20025557279586792, 0.23888441920280457, 0.2725551724433899, 0.3069113492965698, 0.3432222008705139, 0.37990671396255493, 0.41532236337661743, 0.4487379193305969, 0.48231565952301025]}
loss in 0.00075: 0.0015179884720333907 
cracking 0.000875
cracking 0.000875
{'cracking_rates': [0, 2.4563760803175683e-08, 6.671238566013926e-07, 2.0676094209193252e-05, 0.00025337934494018555, 0.0019237101078033447, 0.008720993995666504, 0.024529755115509033, 0.04724624752998352, 0.0711563229560852, 0.09782963991165161, 0.12305721640586853, 0.15344786643981934, 0.18060442805290222, 0.2133306860923767, 0.25268030166625977, 0.28699207305908203, 0.32180139422416687, 0.36078545451164246, 0.39898183941841125, 0.43435701727867126, 0.46844282746315, 0.5019760131835938]}
loss in 0.000875: 0.0013075588932746354 
cracking 0.001
cracking 0.001
{'cracking_rates': [0, 3.285678218389876e-08, 8.965496931523376e-07, 2.299161860719323e-05, 0.00028634071350097656, 0.002198129892349243, 0.00973886251449585, 0.026493877172470093, 0.049700021743774414, 0.07464182376861572, 0.1017589271068573, 0.12883180379867554, 0.1592845320701599, 0.1903558075428009, 0.22425395250320435, 0.26375991106033325, 0.2997947335243225, 0.3369867205619812, 0.3768657147884369, 0.4158124029636383, 0.4517536163330078, 0.4871678650379181, 0.521061897277832]}
loss in 0.001: 0.0007463110169384508 
cracking 0.001125
cracking 0.001125
{'cracking_rates': [0, 4.394962616061093e-08, 1.2861908089689678e-06, 2.5420464226044714e-05, 0.0003205835819244385, 0.0024809539318084717, 0.01073572039604187, 0.02824494242668152, 0.052215576171875, 0.0775221586227417, 0.10504236817359924, 0.13485389947891235, 0.16700956225395203, 0.1981390118598938, 0.2379399538040161, 0.274664044380188, 0.3120056688785553, 0.3511873781681061, 0.39040568470954895, 0.42967790365219116, 0.4663248062133789, 0.5018044114112854, 0.5357081294059753]}
loss in 0.001125: 0.000732244686274548 
cracking 0.00125
cracking 0.00125
{'cracking_rates': [0, 5.8787207990462775e-08, 1.3288172340253368e-06, 2.796267108351458e-05, 0.0003559589385986328, 0.0027721822261810303, 0.011712253093719482, 0.02982485294342041, 0.054935187101364136, 0.07987412810325623, 0.1086130440235138, 0.14040520787239075, 0.17335030436515808, 0.20643818378448486, 0.24734246730804443, 0.2840839624404907, 0.3230823278427124, 0.3626525104045868, 0.40403106808662415, 0.4432380199432373, 0.480372816324234, 0.5156348347663879, 0.5499114394187927]}
loss in 0.00125: 0.0006808153608877917 
cracking 0.001375
cracking 0.001375
{'cracking_rates': [0, 6.684857822847334e-08, 1.372843144054059e-06, 3.0618546588812023e-05, 0.00039264559745788574, 0.003071904182434082, 0.012700110673904419, 0.031315773725509644, 0.058003783226013184, 0.08282792568206787, 0.11340487003326416, 0.14406663179397583, 0.17951363325119019, 0.2149685025215149, 0.25388801097869873, 0.2941245436668396, 0.33395063877105713, 0.37414705753326416, 0.41666966676712036, 0.4555938243865967, 0.49311649799346924, 0.5281980037689209, 0.5625514984130859]}
loss in 0.001375: 0.000570718203459095 
cracking 0.0015
cracking 0.0015
{'cracking_rates': [0, 5.9390504958400925e-08, 1.4183048051563674e-06, 3.3388925658073276e-05, 0.00043070316314697266, 0.00338020920753479, 0.013884305953979492, 0.03276887536048889, 0.05950665473937988, 0.086223304271698, 0.11781102418899536, 0.14883816242218018, 0.18537414073944092, 0.225262850522995, 0.26189368963241577, 0.30361801385879517, 0.3433733880519867, 0.3848109841346741, 0.42798590660095215, 0.4669482409954071, 0.5047920942306519, 0.5397351384162903, 0.5741472840309143]}
loss in 0.0015: 0.0006999623523096968 
cracking 0.001625
cracking 0.001625
{'cracking_rates': [0, 5.276470460557903e-08, 1.4652509889856447e-06, 3.627490877988748e-05, 0.00047013163566589355, 0.0036971569061279297, 0.015082478523254395, 0.034659773111343384, 0.061859697103500366, 0.08945253491401672, 0.12231627106666565, 0.15350094437599182, 0.19105514883995056, 0.23199564218521118, 0.2697673439979553, 0.3123869299888611, 0.3521632254123688, 0.39473623037338257, 0.43800148367881775, 0.47746121883392334, 0.5155278444290161, 0.5504283308982849, 0.5848932266235352]}
loss in 0.001625: 0.0007324578920237632 
cracking 0.00175
cracking 0.00175
{'cracking_rates': [0, 5.0889578773194444e-08, 1.5137293303268962e-06, 3.927818761439994e-05, 0.0005108416080474854, 0.0040229856967926025, 0.01629510521888733, 0.03617560863494873, 0.06412753462791443, 0.09247246384620667, 0.12664467096328735, 0.15812668204307556, 0.19806674122810364, 0.2369629144668579, 0.27763742208480835, 0.32059532403945923, 0.3603981137275696, 0.4040146470069885, 0.4473499655723572, 0.4872593581676483, 0.5253087282180786, 0.5604165196418762, 0.5949352979660034]}
loss in 0.00175: 0.0007822336525999662 
cracking 0.001875
cracking 0.001875
{'cracking_rates': [0, 5.240204004053339e-08, 1.5637922388123116e-06, 4.240052658133209e-05, 0.0005531609058380127, 0.004357874393463135, 0.017522841691970825, 0.03764009475708008, 0.06629332900047302, 0.09526962041854858, 0.1288255751132965, 0.1624583601951599, 0.20472410321235657, 0.24306735396385193, 0.28487324714660645, 0.32830238342285156, 0.36817699670791626, 0.41273072361946106, 0.4561184346675873, 0.4964437484741211, 0.5344988107681274, 0.5698069930076599, 0.6043839454650879]}
loss in 0.001875: 0.0010596783491818513 
cracking 0.002
cracking 0.002
{'cracking_rates': [0, 5.408092818015575e-08, 1.6154863260453567e-06, 4.564425762509927e-05, 0.0005969107151031494, 0.004701972007751465, 0.018766194581985474, 0.03906884789466858, 0.06836667656898499, 0.09850886464118958, 0.13112518191337585, 0.16823634505271912, 0.2114560604095459, 0.24886253476142883, 0.29116520285606384, 0.3349829614162445, 0.3755456507205963, 0.42095431685447693, 0.464365154504776, 0.5050954222679138, 0.5431779623031616, 0.5786833763122559, 0.6133245229721069]}
loss in 0.002: 0.00126791515800071 
cracking 0.002125
cracking 0.002125
{'cracking_rates': [0, 5.58133947947681e-08, 1.6688684354448924e-06, 4.90118472953327e-05, 0.0006422102451324463, 0.005055516958236694, 0.020026057958602905, 0.04129466414451599, 0.07035627961158752, 0.10185888409614563, 0.13498395681381226, 0.17365184426307678, 0.2182844579219818, 0.25459638237953186, 0.2970266342163086, 0.34085217118263245, 0.3825140595436096, 0.4288635849952698, 0.47216564416885376, 0.513279914855957, 0.5514096021652222, 0.5871113538742065, 0.6218230724334717]}
loss in 0.002125: 0.00151789489547879 
cracking 0.00225
cracking 0.00225
{'cracking_rates': [0, 5.760157861800508e-08, 1.7239866565432749e-06, 5.2506220526993275e-05, 0.0006891191005706787, 0.0054188072681427, 0.021303027868270874, 0.04399755597114563, 0.07222813367843628, 0.1051386296749115, 0.13886067271232605, 0.17827680706977844, 0.22469422221183777, 0.260059118270874, 0.30212077498435974, 0.34651029109954834, 0.38912272453308105, 0.4356441795825958, 0.4795684814453125, 0.5208056569099426, 0.5592449307441711, 0.5951433181762695, 0.6297838687896729]}
loss in 0.00225: 0.0017738720279700012 
cracking 0.002375
cracking 0.002375
{'cracking_rates': [0, 5.944694336790235e-08, 1.780901470738172e-06, 5.6130444136215374e-05, 0.0007376372814178467, 0.005791962146759033, 0.02259799838066101, 0.04682627320289612, 0.0740182101726532, 0.1082453727722168, 0.14278173446655273, 0.18293428421020508, 0.22788473963737488, 0.2645207643508911, 0.3069065809249878, 0.3518833518028259, 0.3954632878303528, 0.44249290227890015, 0.48730990290641785, 0.5289169549942017, 0.5674311518669128, 0.6032396554946899, 0.637333869934082]}
loss in 0.002375: 0.0020984992562234632 
cracking 0.0025
cracking 0.0025
{'cracking_rates': [0, 6.135142172070118e-08, 1.8396706309431465e-06, 5.988791599520482e-05, 0.000787883996963501, 0.0061754584312438965, 0.023911774158477783, 0.04975023865699768, 0.07622182369232178, 0.11123955249786377, 0.14651918411254883, 0.18774494528770447, 0.23091021180152893, 0.26989561319351196, 0.31352710723876953, 0.3590266704559326, 0.4024752080440521, 0.44967031478881836, 0.495092511177063, 0.5369033217430115, 0.575943112373352, 0.6119497418403625, 0.6457852721214294]}
loss in 0.0025: 0.002946281767012896 
['/home/wesley/EDC/FPC/ML/results/0323_choi_V2/plots/predict/22tubes_300_12.4_105_org/CCl4_0.000000_mass_105_temp_300_22tubes_300_12.4_105_org.png', '/home/wesley/EDC/FPC/ML/results/0323_choi_V2/plots/predict/22tubes_300_12.4_105_org/CCl4_125.000000_mass_105_temp_300_22tubes_300_12.4_105_org.png', '/home/wesley/EDC/FPC/ML/results/0323_choi_V2/plots/predict/22tubes_300_12.4_105_org/CCl4_250.000000_mass_105_temp_300_22tubes_300_12.4_105_org.png', '/home/wesley/EDC/FPC/ML/results/0323_choi_V2/plots/predict/22tubes_300_12.4_105_org/CCl4_375.000000_mass_105_temp_300_22tubes_300_12.4_105_org.png', '/home/wesley/EDC/FPC/ML/results/0323_choi_V2/plots/predict/22tubes_300_12.4_105_org/CCl4_500.000000_mass_105_temp_300_22tubes_300_12.4_105_org.png', '/home/wesley/EDC/FPC/ML/results/0323_choi_V2/plots/predict/22tubes_300_12.4_105_org/CCl4_625.000000_mass_105_temp_300_22tubes_300_12.4_105_org.png', '/home/wesley/EDC/FPC/ML/results/0323_choi_V2/plots/predict/22tubes_300_12.4_105_org/CCl4_750.000000_mass_105_temp_300_22tubes_300_12.4_105_org.png', '/home/wesley/EDC/FPC/ML/results/0323_choi_V2/plots/predict/22tubes_300_12.4_105_org/CCl4_875.000000_mass_105_temp_300_22tubes_300_12.4_105_org.png', '/home/wesley/EDC/FPC/ML/results/0323_choi_V2/plots/predict/22tubes_300_12.4_105_org/CCl4_1000.000000_mass_105_temp_300_22tubes_300_12.4_105_org.png', '/home/wesley/EDC/FPC/ML/results/0323_choi_V2/plots/predict/22tubes_300_12.4_105_org/CCl4_1125.000000_mass_105_temp_300_22tubes_300_12.4_105_org.png', '/home/wesley/EDC/FPC/ML/results/0323_choi_V2/plots/predict/22tubes_300_12.4_105_org/CCl4_1250.000000_mass_105_temp_300_22tubes_300_12.4_105_org.png', '/home/wesley/EDC/FPC/ML/results/0323_choi_V2/plots/predict/22tubes_300_12.4_105_org/CCl4_1375.000000_mass_105_temp_300_22tubes_300_12.4_105_org.png', '/home/wesley/EDC/FPC/ML/results/0323_choi_V2/plots/predict/22tubes_300_12.4_105_org/CCl4_1500.000000_mass_105_temp_300_22tubes_300_12.4_105_org.png', '/home/wesley/EDC/FPC/ML/results/0323_choi_V2/plots/predict/22tubes_300_12.4_105_org/CCl4_1625.000000_mass_105_temp_300_22tubes_300_12.4_105_org.png', '/home/wesley/EDC/FPC/ML/results/0323_choi_V2/plots/predict/22tubes_300_12.4_105_org/CCl4_1750.000000_mass_105_temp_300_22tubes_300_12.4_105_org.png', '/home/wesley/EDC/FPC/ML/results/0323_choi_V2/plots/predict/22tubes_300_12.4_105_org/CCl4_1875.000000_mass_105_temp_300_22tubes_300_12.4_105_org.png', '/home/wesley/EDC/FPC/ML/results/0323_choi_V2/plots/predict/22tubes_300_12.4_105_org/CCl4_2000.000000_mass_105_temp_300_22tubes_300_12.4_105_org.png', '/home/wesley/EDC/FPC/ML/results/0323_choi_V2/plots/predict/22tubes_300_12.4_105_org/CCl4_2125.000000_mass_105_temp_300_22tubes_300_12.4_105_org.png', '/home/wesley/EDC/FPC/ML/results/0323_choi_V2/plots/predict/22tubes_300_12.4_105_org/CCl4_2250.000000_mass_105_temp_300_22tubes_300_12.4_105_org.png', '/home/wesley/EDC/FPC/ML/results/0323_choi_V2/plots/predict/22tubes_300_12.4_105_org/CCl4_2375.000000_mass_105_temp_300_22tubes_300_12.4_105_org.png', '/home/wesley/EDC/FPC/ML/results/0323_choi_V2/plots/predict/22tubes_300_12.4_105_org/CCl4_2500.000000_mass_105_temp_300_22tubes_300_12.4_105_org.png']
_105_temp_300_22tubes_300_11.4_105_org.png']
