training_data.csv
            Experiment name: 0121_18batches
            Training Data: training_data.csv
            Do k-fold: False
            Folds num: 10
            Learning rate: 0.001
            Batch size: 18
            Epoch: 10000
            CSTR num: 100
            Training vebose: 0
            #Genearalization test
            mass flow rates = True
            CCl4 = True
            inital pressure = True
            number of tubes = True
            ncpus = 8
                
Loading data...
Training takes 7.947285970052083e-09 min 4.76837158203125e-07 sec.
Generalization test...
Case1: Mass flow rate...
Error in 45.0 mass flow rate is 0.005960 
Error in 45.37373737373738 mass flow rate is 0.005880 
Error in 45.74747474747475 mass flow rate is 0.005802 
Error in 46.121212121212125 mass flow rate is 0.005693 
Error in 46.494949494949495 mass flow rate is 0.005578 
Error in 46.86868686868687 mass flow rate is 0.005466 
Error in 47.24242424242424 mass flow rate is 0.005604 
Error in 47.61616161616162 mass flow rate is 0.005718 
Error in 47.98989898989899 mass flow rate is 0.005685 
Error in 48.36363636363637 mass flow rate is 0.005624 
Error in 48.73737373737374 mass flow rate is 0.005525 
Error in 49.111111111111114 mass flow rate is 0.005432 
Error in 49.484848484848484 mass flow rate is 0.005366 
Error in 49.85858585858586 mass flow rate is 0.005303 
Error in 50.23232323232323 mass flow rate is 0.005237 
Error in 50.60606060606061 mass flow rate is 0.005181 
Error in 50.97979797979798 mass flow rate is 0.005119 
Error in 51.35353535353536 mass flow rate is 0.005085 
Error in 51.72727272727273 mass flow rate is 0.005146 
Error in 52.101010101010104 mass flow rate is 0.005135 
Error in 52.474747474747474 mass flow rate is 0.005122 
Error in 52.84848484848485 mass flow rate is 0.005122 
Error in 53.22222222222222 mass flow rate is 0.005112 
Error in 53.5959595959596 mass flow rate is 0.005095 
Error in 53.96969696969697 mass flow rate is 0.005073 
Error in 54.343434343434346 mass flow rate is 0.005073 
Error in 54.717171717171716 mass flow rate is 0.005068 
Error in 55.09090909090909 mass flow rate is 0.005061 
Error in 55.464646464646464 mass flow rate is 0.005049 
Error in 55.83838383838384 mass flow rate is 0.005037 
Error in 56.21212121212121 mass flow rate is 0.005025 
Error in 56.58585858585859 mass flow rate is 0.005013 
Error in 56.95959595959596 mass flow rate is 0.004996 
Error in 57.333333333333336 mass flow rate is 0.004975 
Error in 57.707070707070706 mass flow rate is 0.004947 
Error in 58.08080808080808 mass flow rate is 0.004922 
Error in 58.45454545454545 mass flow rate is 0.004917 
Error in 58.82828282828283 mass flow rate is 0.004911 
Error in 59.2020202020202 mass flow rate is 0.004905 
Error in 59.57575757575758 mass flow rate is 0.004892 
Error in 59.94949494949495 mass flow rate is 0.004862 
Error in 60.323232323232325 mass flow rate is 0.004827 
Error in 60.696969696969695 mass flow rate is 0.004787 
Error in 61.07070707070707 mass flow rate is 0.004748 
Error in 61.44444444444444 mass flow rate is 0.004705 
Error in 61.81818181818182 mass flow rate is 0.004655 
Error in 62.1919191919192 mass flow rate is 0.004598 
Error in 62.56565656565657 mass flow rate is 0.004517 
Error in 62.93939393939394 mass flow rate is 0.004433 
Error in 63.313131313131315 mass flow rate is 0.004338 
Error in 63.68686868686869 mass flow rate is 0.004250 
Error in 64.06060606060606 mass flow rate is 0.004164 
Error in 64.43434343434343 mass flow rate is 0.004081 
Error in 64.8080808080808 mass flow rate is 0.003998 
Error in 65.18181818181819 mass flow rate is 0.003917 
Error in 65.55555555555556 mass flow rate is 0.003845 
Error in 65.92929292929293 mass flow rate is 0.003775 
Error in 66.30303030303031 mass flow rate is 0.003707 
Error in 66.67676767676768 mass flow rate is 0.003640 
Error in 67.05050505050505 mass flow rate is 0.003573 
Error in 67.42424242424242 mass flow rate is 0.003505 
Error in 67.79797979797979 mass flow rate is 0.003432 
Error in 68.17171717171718 mass flow rate is 0.003360 
Error in 68.54545454545455 mass flow rate is 0.003291 
Error in 68.91919191919192 mass flow rate is 0.003229 
Error in 69.2929292929293 mass flow rate is 0.003183 
Error in 69.66666666666667 mass flow rate is 0.003130 
Error in 70.04040404040404 mass flow rate is 0.003120 
Error in 70.41414141414141 mass flow rate is 0.003115 
Error in 70.78787878787878 mass flow rate is 0.003110 
Error in 71.16161616161617 mass flow rate is 0.003105 
Error in 71.53535353535354 mass flow rate is 0.003098 
Error in 71.9090909090909 mass flow rate is 0.003140 
Error in 72.28282828282829 mass flow rate is 0.003133 
Error in 72.65656565656566 mass flow rate is 0.002977 
Error in 73.03030303030303 mass flow rate is 0.003036 
Error in 73.4040404040404 mass flow rate is 0.003173 
Error in 73.77777777777777 mass flow rate is 0.003284 
Error in 74.15151515151516 mass flow rate is 0.003394 
Error in 74.52525252525253 mass flow rate is 0.003511 
Error in 74.8989898989899 mass flow rate is 0.003663 
Error in 75.27272727272728 mass flow rate is 0.003791 
Error in 75.64646464646465 mass flow rate is 0.003898 
Error in 76.02020202020202 mass flow rate is 0.004009 
Error in 76.39393939393939 mass flow rate is 0.004098 
Error in 76.76767676767676 mass flow rate is 0.004148 
Error in 77.14141414141415 mass flow rate is 0.004142 
Error in 77.51515151515152 mass flow rate is 0.004130 
Error in 77.88888888888889 mass flow rate is 0.004147 
Error in 78.26262626262627 mass flow rate is 0.004165 
Error in 78.63636363636364 mass flow rate is 0.004183 
Error in 79.01010101010101 mass flow rate is 0.004212 
Error in 79.3838383838384 mass flow rate is 0.004249 
Error in 79.75757575757575 mass flow rate is 0.004295 
Error in 80.13131313131314 mass flow rate is 0.004340 
Error in 80.5050505050505 mass flow rate is 0.004385 
Error in 80.87878787878788 mass flow rate is 0.004427 
Error in 81.25252525252526 mass flow rate is 0.004460 
Error in 81.62626262626263 mass flow rate is 0.004499 
Error in 82.0 mass flow rate is 0.004543 
Mass flow rate generalization takes 4.063888541857401 min 3.833312511444092 sec.
Case2: CCl4 concentration...
Error in concentration in 0.0ppm is 0.002560 
Error in concentration in 50.505050505050505ppm is 0.034697 
Error in concentration in 101.01010101010101ppm is 0.023002 
Error in concentration in 151.5151515151515ppm is 0.011963 
Error in concentration in 202.02020202020202ppm is 0.007076 
Error in concentration in 252.5252525252525ppm is 0.003701 
Error in concentration in 303.030303030303ppm is 0.005866 
Error in concentration in 353.5353535353535ppm is 0.009187 
Error in concentration in 404.04040404040404ppm is 0.008580 
Error in concentration in 454.54545454545456ppm is 0.007156 
Error in concentration in 505.050505050505ppm is 0.004536 
Error in concentration in 555.5555555555555ppm is 0.001906 
Error in concentration in 606.060606060606ppm is 0.002646 
Error in concentration in 656.5656565656566ppm is 0.003229 
Error in concentration in 707.070707070707ppm is 0.002909 
Error in concentration in 757.5757575757576ppm is 0.002547 
Error in concentration in 808.0808080808081ppm is 0.002488 
Error in concentration in 858.5858585858585ppm is 0.002461 
Error in concentration in 909.0909090909091ppm is 0.002841 
Error in concentration in 959.5959595959596ppm is 0.003114 
Error in concentration in 1010.10101010101ppm is 0.003098 
Error in concentration in 1060.6060606060605ppm is 0.002728 
Error in concentration in 1111.111111111111ppm is 0.002255 
Error in concentration in 1161.6161616161617ppm is 0.003129 
Error in concentration in 1212.121212121212ppm is 0.003697 
Error in concentration in 1262.6262626262626ppm is 0.004387 
Error in concentration in 1313.1313131313132ppm is 0.003015 
Error in concentration in 1363.6363636363637ppm is 0.002325 
Error in concentration in 1414.141414141414ppm is 0.002254 
Error in concentration in 1464.6464646464644ppm is 0.002010 
Error in concentration in 1515.1515151515152ppm is 0.001998 
Error in concentration in 1565.6565656565658ppm is 0.001947 
Error in concentration in 1616.1616161616162ppm is 0.001902 
Error in concentration in 1666.6666666666665ppm is 0.001883 
Error in concentration in 1717.171717171717ppm is 0.001904 
Error in concentration in 1767.676767676768ppm is 0.001967 
Error in concentration in 1818.1818181818182ppm is 0.001945 
Error in concentration in 1868.6868686868686ppm is 0.001889 
Error in concentration in 1919.1919191919192ppm is 0.001801 
Error in concentration in 1969.6969696969697ppm is 0.001690 
Error in concentration in 2020.20202020202ppm is 0.001575 
Error in concentration in 2070.7070707070707ppm is 0.001525 
Error in concentration in 2121.212121212121ppm is 0.001581 
Error in concentration in 2171.717171717172ppm is 0.001579 
Error in concentration in 2222.222222222222ppm is 0.001577 
Error in concentration in 2272.7272727272725ppm is 0.001566 
Error in concentration in 2323.2323232323233ppm is 0.001541 
Error in concentration in 2373.7373737373737ppm is 0.001573 
Error in concentration in 2424.242424242424ppm is 0.001575 
Error in concentration in 2474.747474747475ppm is 0.001569 
Error in concentration in 2525.252525252525ppm is 0.001662 
Error in concentration in 2575.757575757576ppm is 0.001675 
Error in concentration in 2626.2626262626263ppm is 0.001667 
Error in concentration in 2676.7676767676767ppm is 0.001678 
Error in concentration in 2727.2727272727275ppm is 0.001690 
Error in concentration in 2777.777777777778ppm is 0.001695 
Error in concentration in 2828.282828282828ppm is 0.001693 
Error in concentration in 2878.7878787878785ppm is 0.001697 
Error in concentration in 2929.292929292929ppm is 0.001739 
Error in concentration in 2979.7979797979797ppm is 0.001817 
Error in concentration in 3030.3030303030305ppm is 0.001900 
Error in concentration in 3080.808080808081ppm is 0.002033 
Error in concentration in 3131.3131313131316ppm is 0.002254 
Error in concentration in 3181.818181818182ppm is 0.002511 
Error in concentration in 3232.3232323232323ppm is 0.002896 
Error in concentration in 3282.8282828282827ppm is 0.003669 
Error in concentration in 3333.333333333333ppm is 0.005069 
Error in concentration in 3383.838383838384ppm is 0.006846 
Error in concentration in 3434.343434343434ppm is 0.008820 
Error in concentration in 3484.8484848484845ppm is 0.011311 
Error in concentration in 3535.353535353536ppm is 0.011559 
Error in concentration in 3585.858585858586ppm is 0.009817 
Error in concentration in 3636.3636363636365ppm is 0.008511 
Error in concentration in 3686.868686868687ppm is 0.010663 
Error in concentration in 3737.373737373737ppm is 0.014095 
Error in concentration in 3787.878787878788ppm is 0.017417 
Error in concentration in 3838.3838383838383ppm is 0.023507 
Error in concentration in 3888.8888888888887ppm is 0.029899 
Error in concentration in 3939.3939393939395ppm is 0.036831 
Error in concentration in 3989.8989898989894ppm is 0.045927 
Error in concentration in 4040.40404040404ppm is 0.054722 
Error in concentration in 4090.9090909090914ppm is 0.061189 
Error in concentration in 4141.414141414141ppm is 0.070520 
Error in concentration in 4191.919191919192ppm is 0.079853 
Error in concentration in 4242.424242424242ppm is 0.088406 
Error in concentration in 4292.929292929292ppm is 0.095572 
Error in concentration in 4343.434343434344ppm is 0.102116 
Error in concentration in 4393.939393939394ppm is 0.109395 
Error in concentration in 4444.444444444444ppm is 0.115460 
Error in concentration in 4494.949494949496ppm is 0.120101 
Error in concentration in 4545.454545454545ppm is 0.123878 
Error in concentration in 4595.959595959596ppm is 0.127587 
Error in concentration in 4646.464646464647ppm is 0.131009 
Error in concentration in 4696.969696969697ppm is 0.133111 
Error in concentration in 4747.474747474747ppm is 0.135956 
Error in concentration in 4797.979797979798ppm is 0.138265 
Error in concentration in 4848.484848484848ppm is 0.140020 
Error in concentration in 4898.989898989899ppm is 0.143340 
Error in concentration in 4949.49494949495ppm is 0.145861 
Error in concentration in 5000.0ppm is 0.148081 
CCl4 concentration generalization takes 4.328284549713135 min 19.697072982788086 sec.
Case3: Initial pressure...
Error in 10.0atm is 0.003975 
Error in 10.044444444444444atm is 0.003950 
Error in 10.088888888888889atm is 0.004076 
Error in 10.133333333333333atm is 0.004093 
Error in 10.177777777777777atm is 0.004132 
Error in 10.222222222222221atm is 0.004159 
Error in 10.266666666666667atm is 0.004077 
Error in 10.311111111111112atm is 0.003986 
Error in 10.355555555555556atm is 0.003891 
Error in 10.4atm is 0.003794 
Error in 10.444444444444445atm is 0.003740 
Error in 10.488888888888889atm is 0.003750 
Error in 10.533333333333333atm is 0.003767 
Error in 10.577777777777778atm is 0.003768 
Error in 10.622222222222222atm is 0.003760 
Error in 10.666666666666666atm is 0.003750 
Error in 10.71111111111111atm is 0.003736 
Error in 10.755555555555556atm is 0.003733 
Error in 10.8atm is 0.003730 
Error in 10.844444444444445atm is 0.003718 
Error in 10.88888888888889atm is 0.003662 
Error in 10.933333333333334atm is 0.003597 
Error in 10.977777777777778atm is 0.003543 
Error in 11.022222222222222atm is 0.003491 
Error in 11.066666666666666atm is 0.003431 
Error in 11.11111111111111atm is 0.003371 
Error in 11.155555555555555atm is 0.003324 
Error in 11.2atm is 0.003276 
Error in 11.244444444444444atm is 0.003152 
Error in 11.28888888888889atm is 0.003181 
Error in 11.333333333333334atm is 0.003208 
Error in 11.377777777777778atm is 0.003183 
Error in 11.422222222222222atm is 0.003119 
Error in 11.466666666666667atm is 0.003063 
Error in 11.511111111111111atm is 0.003010 
Error in 11.555555555555555atm is 0.002982 
Error in 11.6atm is 0.003036 
Error in 11.644444444444444atm is 0.003078 
Error in 11.688888888888888atm is 0.003102 
Error in 11.733333333333334atm is 0.003127 
Error in 11.777777777777779atm is 0.003151 
Error in 11.822222222222223atm is 0.003175 
Error in 11.866666666666667atm is 0.003198 
Error in 11.911111111111111atm is 0.003245 
Error in 11.955555555555556atm is 0.003296 
Error in 12.0atm is 0.003350 
Error in 12.044444444444444atm is 0.003416 
Error in 12.088888888888889atm is 0.003479 
Error in 12.133333333333333atm is 0.003538 
Error in 12.177777777777777atm is 0.003593 
Error in 12.222222222222221atm is 0.003497 
Error in 12.266666666666666atm is 0.003228 
Error in 12.311111111111112atm is 0.003313 
Error in 12.355555555555556atm is 0.003403 
Error in 12.4atm is 0.003494 
Error in 12.444444444444445atm is 0.003558 
Error in 12.488888888888889atm is 0.003606 
Error in 12.533333333333333atm is 0.003653 
Error in 12.577777777777778atm is 0.003702 
Error in 12.622222222222222atm is 0.003751 
Error in 12.666666666666668atm is 0.003799 
Error in 12.711111111111112atm is 0.003848 
Error in 12.755555555555556atm is 0.003895 
Error in 12.8atm is 0.003945 
Error in 12.844444444444445atm is 0.003981 
Error in 12.88888888888889atm is 0.004009 
Error in 12.933333333333334atm is 0.004036 
Error in 12.977777777777778atm is 0.004048 
Error in 13.022222222222222atm is 0.004053 
Error in 13.066666666666666atm is 0.004057 
Error in 13.11111111111111atm is 0.004062 
Error in 13.155555555555555atm is 0.004066 
Error in 13.2atm is 0.004080 
Error in 13.244444444444444atm is 0.004106 
Error in 13.28888888888889atm is 0.004135 
Error in 13.333333333333334atm is 0.004163 
Error in 13.377777777777778atm is 0.004177 
Error in 13.422222222222222atm is 0.004189 
Error in 13.466666666666667atm is 0.004199 
Error in 13.511111111111111atm is 0.004209 
Error in 13.555555555555555atm is 0.004221 
Error in 13.6atm is 0.004253 
Error in 13.644444444444444atm is 0.004295 
Error in 13.68888888888889atm is 0.004337 
Error in 13.733333333333334atm is 0.004370 
Error in 13.777777777777779atm is 0.004414 
Error in 13.822222222222223atm is 0.004470 
Error in 13.866666666666667atm is 0.004528 
Error in 13.911111111111111atm is 0.004578 
Error in 13.955555555555556atm is 0.004632 
Error in 14.0atm is 0.004672 
Error in 14.044444444444444atm is 0.004684 
Error in 14.088888888888889atm is 0.004694 
Error in 14.133333333333333atm is 0.004703 
Error in 14.177777777777777atm is 0.004710 
Error in 14.222222222222221atm is 0.004709 
Error in 14.266666666666666atm is 0.004717 
Error in 14.31111111111111atm is 0.004759 
Error in 14.355555555555556atm is 0.004828 
Error in 14.4atm is 0.004896 
Initial pressure generalization takes 4.268229059378306 min 16.093743562698364 sec.
Case4: Number of tubes...
Figures saved in /home/wesley/EDC/FPC/ML/results/0121_18batches/plots
Number of tubes generalization takes 36.2047704855601 min 12.286229133605957 sec.
Starting prediction...
Mean absolute error of `0121_18batches` is 0.00482
