training_dataV3_10_5_20.csv
            Experiment name: 0316_time_k
            Training Data: training_dataV3_10_5_20.csv
            Do k-fold: False
            Folds num: 10
            Learning rate: 0.001
            Batch size: 18
            Epoch: 10000
            CSTR num: 100
            Training vebose: 0
            #Genearalization test
            mass flow rates = True
            CCl4 = True
            inital pressure = True
            number of tubes = True
            T_in = False
            ncpus = 8
            training = False
            prediction only = False
                
Loading data...
(144000, 35)
(144000, 31)
Generalization test...
Case1: Mass flow rate...
cracking 0.001
cracking 0.001
cracking 0.001cracking 0.001

cracking 0.001
cracking 0.001
cracking 0.001
cracking 0.001
cracking 0.001
cracking 0.001
cracking 0.001
cracking 0.001
cracking 0.001
cracking 0.001
cracking 0.001
cracking 0.001
loss in 0.001: 0.034962590015436 
cracking 0.001
loss in 0.001: 0.0016387213381652845 
cracking 0.001
loss in 0.001: 0.04918194409768434 
cracking 0.001
loss in 0.001: 0.04889766866462373 
cracking 0.001
loss in 0.001: 0.053574014689149546 
loss in 0.001: 0.004059395146100463 
loss in 0.001: 0.0057176660019372105 
loss in 0.001: 0.061739450188823014 
cracking 0.001
cracking 0.001
cracking 0.001
cracking 0.001
cracking 0.001
cracking 0.001
cracking 0.001
cracking 0.001
cracking 0.001
cracking 0.001
cracking 0.001
cracking 0.001
loss in 0.001: 0.017647170442185257 
cracking 0.001
loss in 0.001: 0.0016711848511098356 
cracking 0.001
loss in 0.001: 0.04930710370295111 
cracking 0.001
loss in 0.001: 0.0012475895094699282 
loss in 0.001: 0.005958985664399247 
cracking 0.001
cracking 0.001
loss in 0.001: 0.048397571236112345 
loss in 0.001: 0.05324806655849118 
cracking 0.001
cracking 0.001
loss in 0.001: 0.04968709083863948 
cracking 0.001
cracking 0.001
cracking 0.001
cracking 0.001
cracking 0.001
cracking 0.001
cracking 0.001
cracking 0.001
cracking 0.001
loss in 0.001: 0.0017092510564567195 
cracking 0.001
loss in 0.001: 0.001487664339801653 
cracking 0.001
loss in 0.001: 0.05191083410789448 
cracking 0.001
loss in 0.001: 0.002636158129399638 
cracking 0.001
loss in 0.001: 0.04734323552175233 
cracking 0.001
loss in 0.001: 0.005847624266675507 
cracking 0.001
loss in 0.001: 0.04928204332826461 
cracking 0.001
loss in 0.001: 0.05295059234489141 
cracking 0.001
cracking 0.001
cracking 0.001
cracking 0.001
cracking 0.001
cracking 0.001
cracking 0.001
cracking 0.001
cracking 0.001
loss in 0.001: 0.0016869344881355278 
cracking 0.001
loss in 0.001: 0.0016005085752124851 
loss in 0.001: 0.04875490482040724 
cracking 0.001
cracking 0.001
loss in 0.001: 0.004259975375155788 
cracking 0.001
loss in 0.001: 0.04441509420520294 
cracking 0.001
loss in 0.001: 0.049176156012425365 
cracking 0.001
loss in 0.001: 0.005630899666912046 
cracking 0.001
loss in 0.001: 0.05363070252717667 
cracking 0.001
cracking 0.001
cracking 0.001
cracking 0.001
cracking 0.001
cracking 0.001
cracking 0.001
cracking 0.001
cracking 0.001
loss in 0.001: 0.0015737147534244896 
cracking 0.001
loss in 0.001: 0.001379507344099415 
cracking 0.001
loss in 0.001: 0.001328370836660437 
cracking 0.001
loss in 0.001: 0.0013085559666852627 
cracking 0.001
loss in 0.001: 0.0013327074230418032 
loss in 0.001: 0.0012657781225705166 
cracking 0.001
cracking 0.001
loss in 0.001: 0.0013168047343128729 
cracking 0.001
loss in 0.001: 0.001337409946734451 
cracking 0.001
cracking 0.001
cracking 0.001
cracking 0.001
cracking 0.001
cracking 0.001
cracking 0.001
cracking 0.001
cracking 0.001
loss in 0.001: 0.001341268332384335 
loss in 0.001: 0.0014807647385224022 
cracking 0.001
cracking 0.001
loss in 0.001: 0.0013246847920220899 
cracking 0.001
loss in 0.001: 0.001316498014410493 
cracking 0.001
loss in 0.001: 0.0013349002260604113 
cracking 0.001
loss in 0.001: 0.0012713903581779318 
cracking 0.001
loss in 0.001: 0.00131993949481766 
cracking 0.001
loss in 0.001: 0.0013339043414326273 
cracking 0.001
cracking 0.001
cracking 0.001
cracking 0.001
cracking 0.001
cracking 0.001
cracking 0.001
cracking 0.001
cracking 0.001
loss in 0.001: 0.0014281115708298612 
cracking 0.001
loss in 0.001: 0.0013157757453128075 
loss in 0.001: 0.0013273327203931927 
cracking 0.001
cracking 0.001
loss in 0.001: 0.001323467067249198 
cracking 0.001
loss in 0.001: 0.0013377476727184539 
cracking 0.001
loss in 0.001: 0.0012811751673792672 
cracking 0.001
loss in 0.001: 0.0013213478731770821 
cracking 0.001
loss in 0.001: 0.0012758577525447876 
cracking 0.001
cracking 0.001
cracking 0.001
cracking 0.001
cracking 0.001
cracking 0.001
cracking 0.001
cracking 0.001
cracking 0.001
loss in 0.001: 0.001317112253511884 
cracking 0.001
loss in 0.001: 0.0014093918942044699 
cracking 0.001
loss in 0.001: 0.0013117680906854564 
cracking 0.001
loss in 0.001: 0.0012904996819739047 
cracking 0.001
loss in 0.001: 0.0013293886337835215 
cracking 0.001
loss in 0.001: 0.0013236736796860336 
cracking 0.001
loss in 0.001: 0.0013435927425298761 
cracking 0.001
loss in 0.001: 0.0012624258644102677 
cracking 0.001
cracking 0.001
cracking 0.001
cracking 0.001
cracking 0.001
cracking 0.001
cracking 0.001
cracking 0.001
cracking 0.001
loss in 0.001: 0.0012935118141504964 
cracking 0.001
loss in 0.001: 0.001276675718820238 
cracking 0.001
loss in 0.001: 0.0012278592927045218 
cracking 0.001
loss in 0.001: 0.0011879526182833522 
cracking 0.001
loss in 0.001: 0.001152551041511621 
cracking 0.001
loss in 0.001: 0.001126293151715108 
cracking 0.001
loss in 0.001: 0.0011016557436639566 
cracking 0.001
cracking 0.001
cracking 0.001
cracking 0.001
loss in 0.001: 0.0011020138407549004 
cracking 0.001
cracking 0.001
cracking 0.001
cracking 0.001
cracking 0.001
cracking 0.001
loss in 0.001: 0.0012876329114379747 
cracking 0.001
loss in 0.001: 0.0012653273184151299 
cracking 0.001
loss in 0.001: 0.0012165745372245424 
cracking 0.001
loss in 0.001: 0.0011759702631346355 
cracking 0.001
loss in 0.001: 0.0011461057997123314 
cracking 0.001
loss in 0.001: 0.001119650978462868 
cracking 0.001
loss in 0.001: 0.0010948897791109007 
cracking 0.001
cracking 0.001
cracking 0.001
cracking 0.001
cracking 0.001
cracking 0.001
loss in 0.001: 0.0011438951289504797 
cracking 0.001
cracking 0.001
cracking 0.001
cracking 0.001
loss in 0.001: 0.0012843729353451288 
cracking 0.001
loss in 0.001: 0.0012550242128149588 
cracking 0.001
loss in 0.001: 0.0012078268722617563 
cracking 0.001
loss in 0.001: 0.0011392797748589784 
cracking 0.001
loss in 0.001: 0.0011126925718154433 
cracking 0.001
cracking 0.001
cracking 0.001
loss in 0.001: 0.0011629785560214052 
cracking 0.001
loss in 0.001: 0.001064614454386576 
cracking 0.001
cracking 0.001
cracking 0.001
loss in 0.001: 0.001184898002884322 
cracking 0.001
cracking 0.001
cracking 0.001
cracking 0.001
loss in 0.001: 0.001281871575960039 
cracking 0.001
cracking 0.001
loss in 0.001: 0.001242141133881219 
loss in 0.001: 0.0011986425518696801 
loss in 0.001: 0.001131855920585081 
loss in 0.001: 0.00110593253149176 
cracking 0.001
loss in 0.001: 0.0011585443526768676 
loss in 0.001: 0.0010597043294300274 
loss in 0.001: 0.0012282711352964298 
loss in 0.001: 0.0012614281216143976 
cracking 0.001
cracking 0.001
loss in 0.001: 0.0012728149727265785 
cracking 0.001
cracking 0.001
loss in 0.001: 0.0012798674535420347 
cracking 0.001
cracking 0.001
loss in 0.001: 0.0012882845307386679 
Error in 45.0 mass flow rate is 0.061739 
Error in 45.37373737373738 mass flow rate is 0.049687 
Error in 45.74747474747475 mass flow rate is 0.052951 
Error in 46.121212121212125 mass flow rate is 0.053631 
Error in 46.494949494949495 mass flow rate is 0.053574 
Error in 46.86868686868687 mass flow rate is 0.053248 
Error in 47.24242424242424 mass flow rate is 0.051911 
Error in 47.61616161616162 mass flow rate is 0.048755 
Error in 47.98989898989899 mass flow rate is 0.049182 
Error in 48.36363636363637 mass flow rate is 0.049307 
Error in 48.73737373737374 mass flow rate is 0.049282 
Error in 49.111111111111114 mass flow rate is 0.049176 
Error in 49.484848484848484 mass flow rate is 0.048898 
Error in 49.85858585858586 mass flow rate is 0.048398 
Error in 50.23232323232323 mass flow rate is 0.047343 
Error in 50.60606060606061 mass flow rate is 0.044415 
Error in 50.97979797979798 mass flow rate is 0.034963 
Error in 51.35353535353536 mass flow rate is 0.017647 
Error in 51.72727272727273 mass flow rate is 0.002636 
Error in 52.101010101010104 mass flow rate is 0.004260 
Error in 52.474747474747474 mass flow rate is 0.005718 
Error in 52.84848484848485 mass flow rate is 0.005959 
Error in 53.22222222222222 mass flow rate is 0.005848 
Error in 53.5959595959596 mass flow rate is 0.005631 
Error in 53.96969696969697 mass flow rate is 0.004059 
Error in 54.343434343434346 mass flow rate is 0.001248 
Error in 54.717171717171716 mass flow rate is 0.001488 
Error in 55.09090909090909 mass flow rate is 0.001601 
Error in 55.464646464646464 mass flow rate is 0.001639 
Error in 55.83838383838384 mass flow rate is 0.001671 
Error in 56.21212121212121 mass flow rate is 0.001709 
Error in 56.58585858585859 mass flow rate is 0.001687 
Error in 56.95959595959596 mass flow rate is 0.001574 
Error in 57.333333333333336 mass flow rate is 0.001481 
Error in 57.707070707070706 mass flow rate is 0.001428 
Error in 58.08080808080808 mass flow rate is 0.001409 
Error in 58.45454545454545 mass flow rate is 0.001380 
Error in 58.82828282828283 mass flow rate is 0.001341 
Error in 59.2020202020202 mass flow rate is 0.001327 
Error in 59.57575757575758 mass flow rate is 0.001317 
Error in 59.94949494949495 mass flow rate is 0.001317 
Error in 60.323232323232325 mass flow rate is 0.001320 
Error in 60.696969696969695 mass flow rate is 0.001321 
Error in 61.07070707070707 mass flow rate is 0.001324 
Error in 61.44444444444444 mass flow rate is 0.001328 
Error in 61.81818181818182 mass flow rate is 0.001325 
Error in 62.1919191919192 mass flow rate is 0.001316 
Error in 62.56565656565657 mass flow rate is 0.001312 
Error in 62.93939393939394 mass flow rate is 0.001309 
Error in 63.313131313131315 mass flow rate is 0.001316 
Error in 63.68686868686869 mass flow rate is 0.001323 
Error in 64.06060606060606 mass flow rate is 0.001329 
Error in 64.43434343434343 mass flow rate is 0.001333 
Error in 64.8080808080808 mass flow rate is 0.001335 
Error in 65.18181818181819 mass flow rate is 0.001338 
Error in 65.55555555555556 mass flow rate is 0.001344 
Error in 65.92929292929293 mass flow rate is 0.001337 
Error in 66.30303030303031 mass flow rate is 0.001334 
Error in 66.67676767676768 mass flow rate is 0.001276 
Error in 67.05050505050505 mass flow rate is 0.001262 
Error in 67.42424242424242 mass flow rate is 0.001266 
Error in 67.79797979797979 mass flow rate is 0.001271 
Error in 68.17171717171718 mass flow rate is 0.001281 
Error in 68.54545454545455 mass flow rate is 0.001290 
Error in 68.91919191919192 mass flow rate is 0.001294 
Error in 69.2929292929293 mass flow rate is 0.001288 
Error in 69.66666666666667 mass flow rate is 0.001284 
Error in 70.04040404040404 mass flow rate is 0.001282 
Error in 70.41414141414141 mass flow rate is 0.001277 
Error in 70.78787878787878 mass flow rate is 0.001265 
Error in 71.16161616161617 mass flow rate is 0.001255 
Error in 71.53535353535354 mass flow rate is 0.001242 
Error in 71.9090909090909 mass flow rate is 0.001228 
Error in 72.28282828282829 mass flow rate is 0.001217 
Error in 72.65656565656566 mass flow rate is 0.001208 
Error in 73.03030303030303 mass flow rate is 0.001199 
Error in 73.4040404040404 mass flow rate is 0.001188 
Error in 73.77777777777777 mass flow rate is 0.001176 
Error in 74.15151515151516 mass flow rate is 0.001163 
Error in 74.52525252525253 mass flow rate is 0.001159 
Error in 74.8989898989899 mass flow rate is 0.001153 
Error in 75.27272727272728 mass flow rate is 0.001146 
Error in 75.64646464646465 mass flow rate is 0.001139 
Error in 76.02020202020202 mass flow rate is 0.001132 
Error in 76.39393939393939 mass flow rate is 0.001126 
Error in 76.76767676767676 mass flow rate is 0.001120 
Error in 77.14141414141415 mass flow rate is 0.001113 
Error in 77.51515151515152 mass flow rate is 0.001106 
Error in 77.88888888888889 mass flow rate is 0.001102 
Error in 78.26262626262627 mass flow rate is 0.001095 
Error in 78.63636363636364 mass flow rate is 0.001065 
Error in 79.01010101010101 mass flow rate is 0.001060 
Error in 79.3838383838384 mass flow rate is 0.001102 
Error in 79.75757575757575 mass flow rate is 0.001144 
Error in 80.13131313131314 mass flow rate is 0.001185 
Error in 80.5050505050505 mass flow rate is 0.001228 
Error in 80.87878787878788 mass flow rate is 0.001261 
Error in 81.25252525252526 mass flow rate is 0.001273 
Error in 81.62626262626263 mass flow rate is 0.001280 
Error in 82.0 mass flow rate is 0.001288 
Mass flow rate generalization takes 4.961469391981761 min 57.68816351890564 sec.
Case2: CCl4 concentration...
cracking 0.0cracking 0.000641025641025641

cracking 0.0008974358974358974
cracking 0.0003846153846153846
cracking 0.0007692307692307692
cracking 0.0005128205128205128
cracking 0.0001282051282051282
cracking 0.0002564102564102564
cracking 0.0
cracking 0.0001282051282051282
cracking 0.0002564102564102564
cracking 0.0005128205128205128
cracking 0.000641025641025641
cracking 0.0007692307692307692
cracking 0.0003846153846153846
cracking 0.0008974358974358974
loss in 0.0: 0.00505038690694007 
cracking 6.41025641025641e-05
loss in 0.0001282051282051282: 0.00358385681579292 
cracking 0.0001923076923076923
loss in 0.0003846153846153846: 0.0014420472536798524 
loss in 0.0007692307692307692: 0.000819432907421414 
cracking 0.0004487179487179487
cracking 0.0008333333333333334
loss in 0.0008974358974358974: 0.001082366742697706 
cracking 0.0009615384615384616
loss in 0.0002564102564102564: 0.0017710619690480284 
cracking 0.0003205128205128205
loss in 0.0005128205128205128: 0.0013583675481780861 
cracking 0.0005769230769230769
loss in 0.000641025641025641: 0.0009789176096857265 
cracking 0.0007051282051282051
cracking 6.41025641025641e-05
cracking 0.0001923076923076923
cracking 0.0004487179487179487
cracking 0.0008333333333333334
cracking 0.0009615384615384616
cracking 0.0003205128205128205
cracking 0.0005769230769230769
cracking 0.0007051282051282051
loss in 6.41025641025641e-05: 0.004963213997704929 
cracking 0.0010256410256410256
loss in 0.0001923076923076923: 0.0026462731974794497 
cracking 0.0011538461538461537
loss in 0.0004487179487179487: 0.0013870105616759039 
cracking 0.001282051282051282
loss in 0.0008333333333333334: 0.00104998181645716 
cracking 0.0014102564102564101
loss in 0.0009615384615384616: 0.0011228691775658853 
cracking 0.0015384615384615385
loss in 0.0005769230769230769: 0.0011840151846748378 
cracking 0.0016666666666666668
loss in 0.0003205128205128205: 0.0015303753339008068 
cracking 0.0017948717948717949
loss in 0.0007051282051282051: 0.0007547105500634865 
cracking 0.0019230769230769232
cracking 0.0010256410256410256
cracking 0.0011538461538461537
cracking 0.001282051282051282
cracking 0.0014102564102564101
cracking 0.0015384615384615385
cracking 0.0016666666666666668
cracking 0.0017948717948717949
cracking 0.0019230769230769232
loss in 0.0010256410256410256: 0.0013038290930136801 
cracking 0.00108974358974359
loss in 0.0011538461538461537: 0.0016184957180937355 
cracking 0.001217948717948718
loss in 0.0014102564102564101: 0.0016080590796415228 
cracking 0.0014743589743589744
loss in 0.001282051282051282: 0.0015422334535562811 
cracking 0.001346153846153846
loss in 0.0015384615384615385: 0.002047745267980071 
cracking 0.0016025641025641025
loss in 0.0016666666666666668: 0.002138982446684533 
cracking 0.0017307692307692308
loss in 0.0017948717948717949: 0.002147705377014082 
cracking 0.001858974358974359
loss in 0.0019230769230769232: 0.00200993070537479 
cracking 0.0019871794871794872
cracking 0.001217948717948718
cracking 0.00108974358974359
cracking 0.0014743589743589744
cracking 0.0016025641025641025
cracking 0.001346153846153846
cracking 0.0017307692307692308
cracking 0.001858974358974359
cracking 0.0019871794871794872
loss in 0.001217948717948718: 0.0015889519869377317 
cracking 0.0020512820512820513
loss in 0.00108974358974359: 0.0014735123195138882 
cracking 0.00217948717948718
loss in 0.0014743589743589744: 0.001787830885713061 
cracking 0.0023076923076923075
loss in 0.0016025641025641025: 0.0021489021359021488 
cracking 0.002435897435897436
loss in 0.001346153846153846: 0.0015469054174742302 
loss in 0.0017307692307692308: 0.0021106284057984125 
loss in 0.001858974358974359: 0.00209434955519538 
cracking 0.0020512820512820513
loss in 0.0019871794871794872: 0.001976649901749671 
cracking 0.00217948717948718
cracking 0.0023076923076923075
cracking 0.002435897435897436
loss in 0.0020512820512820513: 0.001990629403942008 
cracking 0.0021153846153846153
loss in 0.0023076923076923075: 0.0024504994164142526 
cracking 0.0023717948717948715
loss in 0.00217948717948718: 0.0021910307954796705 
cracking 0.002243589743589744
loss in 0.002435897435897436: 0.0026201116438827688 
cracking 0.0025
cracking 0.0021153846153846153
cracking 0.0023717948717948715
cracking 0.002243589743589744
cracking 0.0025
loss in 0.0021153846153846153: 0.0021085616941046016 
loss in 0.002243589743589744: 0.0024100418752407804 
loss in 0.0023717948717948715: 0.002507590367986461 
loss in 0.0025: 0.0025689482278088292 
Error in concentration in 0.0ppm is 0.005050 
Error in concentration in 64.1025641025641ppm is 0.004963 
Error in concentration in 128.2051282051282ppm is 0.003584 
Error in concentration in 192.30769230769232ppm is 0.002646 
Error in concentration in 256.4102564102564ppm is 0.001771 
Error in concentration in 320.5128205128205ppm is 0.001530 
Error in concentration in 384.61538461538464ppm is 0.001442 
Error in concentration in 448.71794871794873ppm is 0.001387 
Error in concentration in 512.8205128205128ppm is 0.001358 
Error in concentration in 576.9230769230769ppm is 0.001184 
Error in concentration in 641.025641025641ppm is 0.000979 
Error in concentration in 705.1282051282051ppm is 0.000755 
Error in concentration in 769.2307692307693ppm is 0.000819 
Error in concentration in 833.3333333333334ppm is 0.001050 
Error in concentration in 897.4358974358975ppm is 0.001082 
Error in concentration in 961.5384615384615ppm is 0.001123 
Error in concentration in 1025.6410256410256ppm is 0.001304 
Error in concentration in 1089.7435897435898ppm is 0.001474 
Error in concentration in 1153.8461538461538ppm is 0.001618 
Error in concentration in 1217.948717948718ppm is 0.001589 
Error in concentration in 1282.051282051282ppm is 0.001542 
Error in concentration in 1346.1538461538462ppm is 0.001547 
Error in concentration in 1410.2564102564102ppm is 0.001608 
Error in concentration in 1474.3589743589744ppm is 0.001788 
Error in concentration in 1538.4615384615386ppm is 0.002048 
Error in concentration in 1602.5641025641025ppm is 0.002149 
Error in concentration in 1666.6666666666667ppm is 0.002139 
Error in concentration in 1730.7692307692307ppm is 0.002111 
Error in concentration in 1794.871794871795ppm is 0.002148 
Error in concentration in 1858.974358974359ppm is 0.002094 
Error in concentration in 1923.076923076923ppm is 0.002010 
Error in concentration in 1987.179487179487ppm is 0.001977 
Error in concentration in 2051.2820512820513ppm is 0.001991 
Error in concentration in 2115.3846153846152ppm is 0.002109 
Error in concentration in 2179.4871794871797ppm is 0.002191 
Error in concentration in 2243.5897435897436ppm is 0.002410 
Error in concentration in 2307.6923076923076ppm is 0.002450 
Error in concentration in 2371.7948717948716ppm is 0.002508 
Error in concentration in 2435.897435897436ppm is 0.002620 
Error in concentration in 2500.0ppm is 0.002569 
CCl4 concentration generalization takes 1.9252528270085654 min 55.515169620513916 sec.
Case3: Initial pressure...
cracking 0.001
cracking 0.001
cracking 0.001
cracking 0.001
cracking 0.001
cracking 0.001
cracking 0.001
cracking 0.001
cracking 0.001
cracking 0.001
cracking 0.001
cracking 0.001
cracking 0.001
cracking 0.001
cracking 0.001
cracking 0.001
loss in 0.001: 0.0012457095989383401 
loss in 0.001: 0.0013480938368359012 
loss in 0.001: 0.0012627061857278584 
cracking 0.001
cracking 0.001
cracking 0.001
loss in 0.001: 0.0014307566098534581 
loss in 0.001: 0.001530051073378102 
cracking 0.001
cracking 0.001
loss in 0.001: 0.0011867015918005813 
cracking 0.001
loss in 0.001: 0.0011991700100747766 
cracking 0.001
loss in 0.001: 0.0013622894322429652 
cracking 0.001
cracking 0.001
cracking 0.001
cracking 0.001
cracking 0.001
cracking 0.001
cracking 0.001
cracking 0.001
cracking 0.001
loss in 0.001: 0.001465629407319068 
cracking 0.001
loss in 0.001: 0.001456079312579407 
cracking 0.001
loss in 0.001: 0.001700275241524871 
cracking 0.001
loss in 0.001: 0.0019672291303945723 
cracking 0.001
loss in 0.001: 0.0015990060319698788 
loss in 0.001: 0.0022688980072239294 
loss in 0.001: 0.00659511057534737 
loss in 0.001: 0.0018941687313955287 
cracking 0.001
cracking 0.001
cracking 0.001
cracking 0.001
loss in 0.001: 0.005476038956401763 
loss in 0.001: 0.048619123167931516 
loss in 0.001: 0.04245972232951519 
loss in 0.001: 0.05247052444998754 
Error in 10.4atm is 0.001530 
Error in 10.610526315789475atm is 0.001362 
Error in 10.821052631578947atm is 0.001263 
Error in 11.031578947368422atm is 0.001187 
Error in 11.242105263157896atm is 0.001199 
Error in 11.452631578947368atm is 0.001246 
Error in 11.663157894736843atm is 0.001348 
Error in 11.873684210526315atm is 0.001431 
Error in 12.08421052631579atm is 0.001466 
Error in 12.294736842105264atm is 0.001456 
Error in 12.505263157894737atm is 0.001599 
Error in 12.715789473684211atm is 0.001700 
Error in 12.926315789473684atm is 0.001894 
Error in 13.136842105263158atm is 0.002269 
Error in 13.347368421052632atm is 0.001967 
Error in 13.557894736842105atm is 0.006595 
Error in 13.76842105263158atm is 0.005476 
Error in 13.978947368421053atm is 0.042460 
Error in 14.189473684210526atm is 0.048619 
Error in 14.4atm is 0.052471 
Initial pressure generalization takes 0.9770147601763407 min 58.620885610580444 sec.
Case4: Number of tubes...
cracking 0.001
cracking 0.001
cracking 0.001
cracking 0.001
cracking 0.001
cracking 0.001
cracking 0.001
cracking 0.001
cracking 0.001
cracking 0.001
cracking 0.001
cracking 0.001
cracking 0.001
cracking 0.001
cracking 0.001
cracking 0.001
loss in 0.001: 0.0008595471788654335 
cracking 0.001
loss in 0.001: 0.0005975360620218064 
cracking 0.001
loss in 0.001: 0.0005061297770566047 
cracking 0.001
loss in 0.001: 0.0005135602498341076 
loss in 0.001: 0.0007445968357203403 
cracking 0.001
cracking 0.001
loss in 0.001: 0.0005535725295642816 
loss in 0.001: 0.0005302148565529408 
cracking 0.001
cracking 0.001
loss in 0.001: 0.0010953912841114148 
cracking 0.001
cracking 0.001
cracking 0.001
cracking 0.001
cracking 0.001
cracking 0.001
cracking 0.001
cracking 0.001
cracking 0.001
loss in 0.001: 0.00029610953365596487 
cracking 0.001
loss in 0.001: 0.0003524450484570372 
cracking 0.001
loss in 0.001: 0.0006603913961200831 
cracking 0.001
loss in 0.001: 0.0007146414495935568 
cracking 0.001
loss in 0.001: 0.0012525463698586585 
cracking 0.001
loss in 0.001: 0.0005177686299349144 
cracking 0.001
loss in 0.001: 0.0008118013180849987 
cracking 0.001
loss in 0.001: 0.0008547795669203093 
cracking 0.001
cracking 0.001
cracking 0.001
cracking 0.001
cracking 0.001
cracking 0.001
cracking 0.001
cracking 0.001
cracking 0.001
loss in 0.001: 0.0002146579335627236 
cracking 0.001
loss in 0.001: 0.001672625829196159 
cracking 0.001
loss in 0.001: 0.0007296806632709144 
cracking 0.001
loss in 0.001: 0.0004378367520041165 
cracking 0.001
loss in 0.001: 0.0004684257207495149 
cracking 0.001
loss in 0.001: 0.00025611578191598173 
cracking 0.001
loss in 0.001: 0.0005970278440013455 
cracking 0.001
loss in 0.001: 0.00032597453626647804 
cracking 0.001
cracking 0.001
cracking 0.001
cracking 0.001
cracking 0.001
cracking 0.001
cracking 0.001
cracking 0.001
cracking 0.001
loss in 0.001: 0.0006381502052982508 
cracking 0.001
loss in 0.001: 0.001251355538676642 
loss in 0.001: 0.000661341358430783 
cracking 0.001
cracking 0.001
loss in 0.001: 0.0006085991978192702 
cracking 0.001
loss in 0.001: 0.00042617990905287654 
cracking 0.001
loss in 0.001: 0.00029215689341740095 
cracking 0.001
loss in 0.001: 0.0011049292909971638 
cracking 0.001
loss in 0.001: 0.0005090976286398482 
cracking 0.001
cracking 0.001
cracking 0.001
cracking 0.001
cracking 0.001
cracking 0.001
cracking 0.001
cracking 0.001
cracking 0.001
loss in 0.001: 0.0003996560079619239 
cracking 0.001
loss in 0.001: 0.00040297424913687303 
cracking 0.001
loss in 0.001: 0.0006455611000568739 
cracking 0.001
loss in 0.001: 0.0004597768505831518 
cracking 0.001
loss in 0.001: 0.0005285712313373256 
cracking 0.001
loss in 0.001: 0.00118881866590827 
cracking 0.001
loss in 0.001: 0.0007967400317325575 
cracking 0.001
cracking 0.001
loss in 0.001: 0.00088236160136222 
cracking 0.001
cracking 0.001
cracking 0.001
cracking 0.001
cracking 0.001
cracking 0.001
cracking 0.001
cracking 0.001
loss in 0.001: 0.0006882788449721134 
cracking 0.001
loss in 0.001: 0.0010085772571439783 
cracking 0.001
loss in 0.001: 0.0008967980015063367 
cracking 0.001
loss in 0.001: 0.0005566630745991126 
cracking 0.001
loss in 0.001: 0.00035918681342124686 
cracking 0.001
loss in 0.001: 0.00036455712643350917 
cracking 0.001
loss in 0.001: 0.0008782118308873904 
cracking 0.001
loss in 0.001: 0.0003129724554746985 
cracking 0.001
cracking 0.001
cracking 0.001
cracking 0.001
cracking 0.001
cracking 0.001
cracking 0.001
cracking 0.001
cracking 0.001
loss in 0.001: 0.0006054945435574933 
cracking 0.001
loss in 0.001: 0.0007224375117679813 
cracking 0.001
loss in 0.001: 0.0013409469232913858 
cracking 0.001
loss in 0.001: 0.00028270836757924157 
cracking 0.001
loss in 0.001: 0.0006259245044074654 
cracking 0.001
loss in 0.001: 0.0004626575863491359 
cracking 0.001
loss in 0.001: 0.0006075023962733195 
cracking 0.001
cracking 0.001
loss in 0.001: 0.0013136586548400618 
cracking 0.001
cracking 0.001
cracking 0.001
cracking 0.001
cracking 0.001
cracking 0.001
cracking 0.001
cracking 0.001
loss in 0.001: 0.0005372840054469384 
cracking 0.001
loss in 0.001: 0.000559727380059067 
loss in 0.001: 0.0007447599905015724 
cracking 0.001
cracking 0.001
loss in 0.001: 0.0012926830317857851 
cracking 0.001
loss in 0.001: 0.0006097361548684457 
cracking 0.001
loss in 0.001: 0.000789435689865408 
cracking 0.001
loss in 0.001: 0.001133517192624683 
cracking 0.001
cracking 0.001
cracking 0.001
loss in 0.001: 0.0006475096363106834 
cracking 0.001
cracking 0.001
cracking 0.001
cracking 0.001
cracking 0.001
cracking 0.001
cracking 0.001
loss in 0.001: 0.00037039029919717307 
cracking 0.001
loss in 0.001: 0.0010124689673797437 
cracking 0.001
loss in 0.001: 0.0007861566337437365 
cracking 0.001
loss in 0.001: 0.00040568977189648476 
cracking 0.001
loss in 0.001: 0.0007744944240634112 
cracking 0.001
loss in 0.001: 0.00044283575522257733 
cracking 0.001
cracking 0.001
loss in 0.001: 0.000563982914509088 
cracking 0.001
cracking 0.001
loss in 0.001: 0.0007845153409423769 
cracking 0.001
cracking 0.001
cracking 0.001
cracking 0.001
cracking 0.001
cracking 0.001
cracking 0.001
loss in 0.001: 0.00023676399658536504 
cracking 0.001
loss in 0.001: 0.0003775895959791834 
cracking 0.001
loss in 0.001: 0.0011528761960186657 
cracking 0.001
loss in 0.001: 0.0008224464102369738 
cracking 0.001
loss in 0.001: 0.0005086870214841688 
loss in 0.001: 0.00045593313928034805 
cracking 0.001
cracking 0.001
cracking 0.001
loss in 0.001: 0.000676641348956134 
cracking 0.001
cracking 0.001
cracking 0.001
cracking 0.001
loss in 0.001: 0.0006814018935562196 
cracking 0.001
cracking 0.001
cracking 0.001
cracking 0.001
cracking 0.001
loss in 0.001: 0.0004251444785325289 
cracking 0.001
loss in 0.001: 0.0005582601473225654 
cracking 0.001
loss in 0.001: 0.0006292918396270141 
cracking 0.001
loss in 0.001: 0.0005052435517893717 
cracking 0.001
loss in 0.001: 0.000513888607411587 
cracking 0.001
loss in 0.001: 0.0009212387459327331 
cracking 0.001
loss in 0.001: 0.0009147791717691434 
cracking 0.001
cracking 0.001
loss in 0.001: 0.00022406276373561864 
cracking 0.001
cracking 0.001
cracking 0.001
cracking 0.001
cracking 0.001
cracking 0.001
cracking 0.001
cracking 0.001
loss in 0.001: 0.001077778727645618 
loss in 0.001: 0.0008598014569691265 
cracking 0.001
loss in 0.001: 0.0013361950185943928 
loss in 0.001: 0.0011548571751338337 
loss in 0.001: 0.0007442268460632526 
loss in 0.001: 0.0003327464349177614 
loss in 0.001: 0.0007090347275106066 
loss in 0.001: 0.0006129724470445301 
cracking 0.001
loss in 0.001: 0.0011053241025025468 
cracking 0.001
cracking 0.001
loss in 0.001: 0.0007751476594234729 
cracking 0.001
cracking 0.001
loss in 0.001: 0.0012709611458718803 
cracking 0.001
cracking 0.001
loss in 0.001: 0.0005117009388517388 
cracking 0.001
cracking 0.001cracking 0.001cracking 0.001


cracking 0.001
cracking 0.001
cracking 0.001
cracking 0.001
cracking 0.001
cracking 0.001
cracking 0.001
cracking 0.001
cracking 0.001
cracking 0.001
cracking 0.001
cracking 0.001
loss in 0.001: 0.0005189896709387105 
cracking 0.001
loss in 0.001: 0.0005158031732356202 
cracking 0.001
loss in 0.001: 0.0005246260633229418 
cracking 0.001
loss in 0.001: 0.0007293149149583825 
cracking 0.001
loss in 0.001: 0.001112623111807624 
loss in 0.001: 0.0004907591473047827 
cracking 0.001
cracking 0.001
loss in 0.001: 0.0008865549380295496 
cracking 0.001
loss in 0.001: 0.0006722794189073302 
cracking 0.001
cracking 0.001
cracking 0.001
cracking 0.001
cracking 0.001
cracking 0.001
cracking 0.001
cracking 0.001
cracking 0.001
loss in 0.001: 0.0005070071060999145 
cracking 0.001
loss in 0.001: 0.0003669393907728506 
cracking 0.001
loss in 0.001: 0.00021390658680919467 
cracking 0.001
loss in 0.001: 0.0006717545339320996 
cracking 0.001
loss in 0.001: 0.0006907030984852798 
cracking 0.001
loss in 0.001: 0.0007631864124319557 
cracking 0.001
loss in 0.001: 0.0005382300430123829 
cracking 0.001
cracking 0.001
cracking 0.001
cracking 0.001
loss in 0.001: 0.0009473401868911057 
cracking 0.001
cracking 0.001
cracking 0.001
cracking 0.001
cracking 0.001
cracking 0.001
loss in 0.001: 0.0006770854711600756 
cracking 0.001
loss in 0.001: 0.0006779478359671674 
cracking 0.001
loss in 0.001: 0.001109108509034709 
cracking 0.001
loss in 0.001: 0.0007231145992532584 
cracking 0.001
loss in 0.001: 0.0006649821201978677 
cracking 0.001
loss in 0.001: 0.0009419691484039151 
cracking 0.001
loss in 0.001: 0.0005083887804863116 
cracking 0.001
cracking 0.001
cracking 0.001
loss in 0.001: 0.001029447477720707 
cracking 0.001
cracking 0.001
cracking 0.001
cracking 0.001
cracking 0.001
cracking 0.001
cracking 0.001
loss in 0.001: 0.0007368289164038559 
cracking 0.001
loss in 0.001: 0.0007159280187380556 
cracking 0.001
loss in 0.001: 0.0006665629349092046 
cracking 0.001
loss in 0.001: 0.000720679093941988 
cracking 0.001
loss in 0.001: 0.0003698952280856551 
cracking 0.001
loss in 0.001: 0.0009597652562486404 
cracking 0.001
loss in 0.001: 0.0004503668777009574 
cracking 0.001
cracking 0.001
cracking 0.001
loss in 0.001: 0.0005995367761603242 
cracking 0.001
cracking 0.001
cracking 0.001
cracking 0.001
cracking 0.001
cracking 0.001
cracking 0.001
loss in 0.001: 0.000751621867992348 
cracking 0.001
loss in 0.001: 0.000293766801320001 
cracking 0.001
loss in 0.001: 0.001192115677225167 
cracking 0.001
loss in 0.001: 0.0004469724770688017 
cracking 0.001
loss in 0.001: 0.0007943218934674394 
cracking 0.001
loss in 0.001: 0.0005450416723236028 
cracking 0.001
cracking 0.001
cracking 0.001
loss in 0.001: 0.00046714350690673213 
cracking 0.001
cracking 0.001
cracking 0.001
cracking 0.001
loss in 0.001: 0.00046696492321328083 
cracking 0.001
cracking 0.001
cracking 0.001
cracking 0.001
loss in 0.001: 0.0010101706167695457 
cracking 0.001
loss in 0.001: 0.00040049032925350004 
loss in 0.001: 0.00031026398695305354 
cracking 0.001
cracking 0.001
loss in 0.001: 0.000710032831574137 
loss in 0.001: 0.0004631437433337563 
cracking 0.001
cracking 0.001
loss in 0.001: 0.0003850169628883595 
cracking 0.001
cracking 0.001
cracking 0.001
cracking 0.001
cracking 0.001
loss in 0.001: 0.0003432590298539854 
cracking 0.001
cracking 0.001
cracking 0.001
loss in 0.001: 0.0008778596086778073 
cracking 0.001
loss in 0.001: 0.001063642081563447 
cracking 0.001
cracking 0.001
cracking 0.001
loss in 0.001: 0.0008791424570732844 
cracking 0.001
loss in 0.001: 0.0012916647176748133 
cracking 0.001
loss in 0.001: 0.000493952793461293 
cracking 0.001
cracking 0.001
loss in 0.001: 0.0008751580914890463 
cracking 0.001
loss in 0.001: 0.0008885860337270557 
cracking 0.001
cracking 0.001
cracking 0.001
cracking 0.001
loss in 0.001: 0.0008288447745255764 
cracking 0.001
loss in 0.001: 0.0004009763491999665 
cracking 0.001
cracking 0.001
cracking 0.001
loss in 0.001: 0.0009891874973007827 
cracking 0.001
cracking 0.001
cracking 0.001
loss in 0.001: 0.0011022718561807603 
cracking 0.001
loss in 0.001: 0.0004926114388749574 
cracking 0.001
loss in 0.001: 0.0003682363691075188 
cracking 0.001
loss in 0.001: 0.0004605057207101424 
cracking 0.001
cracking 0.001
loss in 0.001: 0.0003752260003834782 
cracking 0.001
cracking 0.001
cracking 0.001
cracking 0.001
cracking 0.001
cracking 0.001
loss in 0.001: 0.0006161507976876095 
cracking 0.001
loss in 0.001: 0.000448577298407075 
cracking 0.001
loss in 0.001: 0.00040725001529134437 
cracking 0.001
cracking 0.001
loss in 0.001: 0.00047005404353918 
cracking 0.001
cracking 0.001
loss in 0.001: 0.0005525917916311639 
cracking 0.001
cracking 0.001
loss in 0.001: 0.00032437694437731455 
cracking 0.001
loss in 0.001: 0.00043369877098526076 
cracking 0.001
loss in 0.001: 0.0002653089066515016 
cracking 0.001
cracking 0.001
loss in 0.001: 0.0003692367495370878 
cracking 0.001
cracking 0.001
cracking 0.001
cracking 0.001
loss in 0.001: 0.0006904759852983202 
cracking 0.001
cracking 0.001
loss in 0.001: 0.00046584800266566786 
cracking 0.001
cracking 0.001
cracking 0.001
cracking 0.001
loss in 0.001: 0.00043245429618253377 
cracking 0.001
loss in 0.001: 0.001059039040347887 
cracking 0.001
loss in 0.001: 0.00048194224496771627 
cracking 0.001
loss in 0.001: 0.001056493855528082 
cracking 0.001
loss in 0.001: 0.0008345259157801785 
cracking 0.001
cracking 0.001
cracking 0.001
loss in 0.001: 0.0008896665509014468 
cracking 0.001
cracking 0.001
cracking 0.001
loss in 0.001: 0.0005011417337570381 
cracking 0.001
loss in 0.001: 0.0012696771200833446 
cracking 0.001
cracking 0.001
cracking 0.001
cracking 0.001
cracking 0.001
loss in 0.001: 0.000518484415395547 
cracking 0.001
loss in 0.001: 0.0006073040448300616 
cracking 0.001
loss in 0.001: 0.00038528571123981777 
cracking 0.001
loss in 0.001: 0.0007646375960300924 
cracking 0.001
loss in 0.001: 0.0005592680991520932 
cracking 0.001
cracking 0.001
cracking 0.001
cracking 0.001
loss in 0.001: 0.0007325282339326672 
cracking 0.001
loss in 0.001: 0.0008470194742064689 
cracking 0.001
cracking 0.001
loss in 0.001: 0.0009631484689807671 
cracking 0.001
cracking 0.001
cracking 0.001
cracking 0.001
cracking 0.001
loss in 0.001: 0.0009477920110446049 
loss in 0.001: 0.001146782709883313 
loss in 0.001: 0.0004394855356515724 
loss in 0.001: 0.0008618520281156094 
loss in 0.001: 0.00042398450501018837 
loss in 0.001: 0.00039680767657417705 
loss in 0.001: 0.0008538800981831992 
cracking 0.001
loss in 0.001: 0.0010586516052077412 
cracking 0.001
loss in 0.001: 0.0006327589522900074 
cracking 0.001
cracking 0.001
loss in 0.001: 0.0002856510964852736 
cracking 0.001
cracking 0.001
loss in 0.001: 0.000950665591218457 
cracking 0.001
cracking 0.001
cracking 0.001
cracking 0.001cracking 0.001

cracking 0.001
cracking 0.001
cracking 0.001
cracking 0.001
cracking 0.001
cracking 0.001
cracking 0.001
cracking 0.001
cracking 0.001
cracking 0.001
cracking 0.001
loss in 0.001: 0.0006992678827034519 
loss in 0.001: 0.00046547209306515837 
cracking 0.001
cracking 0.001
loss in 0.001: 0.0004869113159887224 
cracking 0.001
loss in 0.001: 0.0005159365689160855 
cracking 0.001
loss in 0.001: 0.0008068852010919024 
cracking 0.001
loss in 0.001: 0.0008152027490060095 
loss in 0.001: 0.0007040013196646299 
cracking 0.001
cracking 0.001
loss in 0.001: 0.0007699872943568798 
cracking 0.001
cracking 0.001
cracking 0.001
cracking 0.001
cracking 0.001
cracking 0.001
cracking 0.001
cracking 0.001
cracking 0.001
loss in 0.001: 0.000585637090638805 
cracking 0.001
loss in 0.001: 0.0010237230271951613 
cracking 0.001
loss in 0.001: 0.0006354704816225155 
cracking 0.001
loss in 0.001: 0.0005621838276727187 
cracking 0.001
loss in 0.001: 0.0005509563943951494 
cracking 0.001
loss in 0.001: 0.00035389784951778494 
cracking 0.001
loss in 0.001: 0.00030722683585988653 
cracking 0.001
loss in 0.001: 0.00042520669590981043 
cracking 0.001
cracking 0.001
cracking 0.001
cracking 0.001
cracking 0.001
cracking 0.001
cracking 0.001
cracking 0.001
cracking 0.001
loss in 0.001: 0.0004889807920870484 
cracking 0.001
loss in 0.001: 0.00041200261364601764 
cracking 0.001
loss in 0.001: 0.00045463424319511654 
cracking 0.001
loss in 0.001: 0.0005764810906838183 
cracking 0.001
loss in 0.001: 0.0007180994977402592 
cracking 0.001
loss in 0.001: 0.0004803373430076895 
cracking 0.001
loss in 0.001: 0.0005480879080081656 
cracking 0.001
cracking 0.001
cracking 0.001
cracking 0.001
loss in 0.001: 0.0005568051211547266 
cracking 0.001
cracking 0.001
cracking 0.001
cracking 0.001
cracking 0.001
cracking 0.001
loss in 0.001: 0.000406328945873381 
cracking 0.001
loss in 0.001: 0.0004695269615322384 
cracking 0.001
loss in 0.001: 0.00048215366822799917 
cracking 0.001
loss in 0.001: 0.0003444667532904135 
cracking 0.001
loss in 0.001: 0.0005487152995960688 
cracking 0.001
loss in 0.001: 0.0004287823509529697 
cracking 0.001
cracking 0.001
cracking 0.001
loss in 0.001: 0.0010562179801975385 
cracking 0.001
cracking 0.001
cracking 0.001
cracking 0.001
loss in 0.001: 0.0006928066704234989 
cracking 0.001
cracking 0.001
cracking 0.001
loss in 0.001: 0.0003357023918232132 
cracking 0.001
cracking 0.001
loss in 0.001: 0.0004497300739460081 
cracking 0.001
loss in 0.001: 0.0004736178371901182 
cracking 0.001
loss in 0.001: 0.0010081384557192093 
cracking 0.001
loss in 0.001: 0.0005027806938812185 
cracking 0.001
loss in 0.001: 0.00041245827376908486 
cracking 0.001
cracking 0.001
cracking 0.001
loss in 0.001: 0.0006478352457123253 
cracking 0.001
cracking 0.001
cracking 0.001
cracking 0.001
loss in 0.001: 0.00037491240322914883 
cracking 0.001
cracking 0.001
cracking 0.001
cracking 0.001
loss in 0.001: 0.0006821881546717035 
cracking 0.001
loss in 0.001: 0.000914622441229219 
cracking 0.001
loss in 0.001: 0.00033325872096301597 
cracking 0.001
loss in 0.001: 0.00039121646862957693 
cracking 0.001
loss in 0.001: 0.0009799854820544394 
cracking 0.001
loss in 0.001: 0.0002695331977660129 
cracking 0.001
cracking 0.001
cracking 0.001
loss in 0.001: 0.00047706752778523356 
cracking 0.001
cracking 0.001
cracking 0.001
loss in 0.001: 0.0006494531962358028 
cracking 0.001
cracking 0.001
cracking 0.001
cracking 0.001
cracking 0.001
loss in 0.001: 0.0010490311546055263 
cracking 0.001
loss in 0.001: 0.00028723383299410763 
cracking 0.001
loss in 0.001: 0.0006818002980581847 
cracking 0.001
loss in 0.001: 0.00035080972680237793 
cracking 0.001
loss in 0.001: 0.0002816842761117749 
cracking 0.001
cracking 0.001
loss in 0.001: 0.00039235683820130064 
cracking 0.001
loss in 0.001: 0.0007167771907289354 
cracking 0.001
cracking 0.001
cracking 0.001
loss in 0.001: 0.00041681652739489753 
cracking 0.001
cracking 0.001
cracking 0.001
cracking 0.001
cracking 0.001
cracking 0.001
loss in 0.001: 0.0010734887630811738 
cracking 0.001
loss in 0.001: 0.00041970055236633573 
cracking 0.001
loss in 0.001: 0.001296185859433201 
cracking 0.001
loss in 0.001: 0.0005203760153964403 
cracking 0.001
cracking 0.001
loss in 0.001: 0.000547693374793044 
cracking 0.001
loss in 0.001: 0.0004990382046679299 
cracking 0.001
cracking 0.001
loss in 0.001: 0.0006127644727554264 
loss in 0.001: 0.00030255699215140687 
cracking 0.001
cracking 0.001
cracking 0.001
cracking 0.001
cracking 0.001
cracking 0.001
cracking 0.001
cracking 0.001
loss in 0.001: 0.0008550680662448302 
cracking 0.001
loss in 0.001: 0.0009425354218308565 
cracking 0.001
loss in 0.001: 0.0013583260251705687 
cracking 0.001
loss in 0.001: 0.00037834935174465786 
cracking 0.001
loss in 0.001: 0.0004942909780990149 
cracking 0.001
loss in 0.001: 0.0007686430070114113 
cracking 0.001
cracking 0.001
cracking 0.001
cracking 0.001
loss in 0.001: 0.001090164658886257 
cracking 0.001
cracking 0.001
loss in 0.001: 0.0010101502417275898 
cracking 0.001
cracking 0.001
cracking 0.001
cracking 0.001
cracking 0.001
loss in 0.001: 0.000538194402342711 
loss in 0.001: 0.0009013799898312812 
cracking 0.001
cracking 0.001
loss in 0.001: 0.0006471124619261955 
loss in 0.001: 0.000558325456908174 
cracking 0.001
cracking 0.001
loss in 0.001: 0.00039539389570057774 
loss in 0.001: 0.0006320077868881651 
cracking 0.001
cracking 0.001
cracking 0.001
cracking 0.001
cracking 0.001
cracking 0.001
loss in 0.001: 0.0005369755266014796 
cracking 0.001
cracking 0.001
cracking 0.001
loss in 0.001: 0.0004577059511093707 
cracking 0.001
cracking 0.001
cracking 0.001
loss in 0.001: 0.0006374657940721997 
loss in 0.001: 0.00043636556136660514 
cracking 0.001
cracking 0.001
loss in 0.001: 0.00034463300921830164 
cracking 0.001
loss in 0.001: 0.0011492504209866935 
cracking 0.001
loss in 0.001: 0.0006270890467975503 
cracking 0.001
loss in 0.001: 0.00036184427665403307 
cracking 0.001
cracking 0.001
cracking 0.001
cracking 0.001
cracking 0.001
cracking 0.001
loss in 0.001: 0.0002489008319698751 
cracking 0.001
cracking 0.001
loss in 0.001: 0.0006456125915325348 
cracking 0.001
cracking 0.001
loss in 0.001: 0.0003970347353314888 
cracking 0.001
loss in 0.001: 0.0008009663275574927 
cracking 0.001
loss in 0.001: 0.0005777145861870405 
loss in 0.001: 0.00047377688667790257 
loss in 0.001: 0.0006609500206654002 
loss in 0.001: 0.00038103519988979466 
cracking 0.001
loss in 0.001: 0.0005169330202443527 
loss in 0.001: 0.0006428163810064571 
loss in 0.001: 0.0003306159678037588 
cracking 0.001
cracking 0.001
loss in 0.001: 0.0006762136983019374 
cracking 0.001
cracking 0.001
loss in 0.001: 0.0006693500220434418 
cracking 0.001
cracking 0.001
loss in 0.001: 0.0004111508108990956 
cracking 0.001
cracking 0.001
cracking 0.001
cracking 0.001
cracking 0.001
cracking 0.001
cracking 0.001
cracking 0.001
cracking 0.001
cracking 0.001
cracking 0.001
cracking 0.001
cracking 0.001
cracking 0.001
cracking 0.001
cracking 0.001
loss in 0.001: 0.00045052842464465614 
cracking 0.001
loss in 0.001: 0.0007495408601082852 
cracking 0.001
loss in 0.001: 0.00040649639787083166 
cracking 0.001
loss in 0.001: 0.0003788803402461449 
cracking 0.001
loss in 0.001: 0.0005241104551927472 
cracking 0.001
loss in 0.001: 0.0003853853710414035 
cracking 0.001
loss in 0.001: 0.000305115424431333 
cracking 0.001
loss in 0.001: 0.0005987509016115232 
cracking 0.001
cracking 0.001
cracking 0.001
cracking 0.001
cracking 0.001
cracking 0.001
cracking 0.001
cracking 0.001
cracking 0.001
loss in 0.001: 0.0007206261129101847 
cracking 0.001
loss in 0.001: 0.0008575773759246778 
cracking 0.001
loss in 0.001: 0.0005509565565163247 
cracking 0.001
loss in 0.001: 0.0009734518293502288 
cracking 0.001
loss in 0.001: 0.00044837972804624205 
cracking 0.001
loss in 0.001: 0.0005234071259929656 
cracking 0.001
loss in 0.001: 0.0008349385987952464 
cracking 0.001
loss in 0.001: 0.0007084959948984659 
cracking 0.001
cracking 0.001
cracking 0.001
cracking 0.001
cracking 0.001
cracking 0.001
cracking 0.001
cracking 0.001
cracking 0.001
loss in 0.001: 0.0003049090022383519 
cracking 0.001
loss in 0.001: 0.0008495187588219587 
cracking 0.001
loss in 0.001: 0.0003930161269718855 
cracking 0.001
loss in 0.001: 0.00043295781343620824 
cracking 0.001
loss in 0.001: 0.0009406175205941065 
cracking 0.001
loss in 0.001: 0.00047754036570421305 
cracking 0.001
loss in 0.001: 0.0006030091719556904 
cracking 0.001
loss in 0.001: 0.0005207334385052087 
cracking 0.001
cracking 0.001
cracking 0.001
cracking 0.001
cracking 0.001
cracking 0.001
cracking 0.001
cracking 0.001
cracking 0.001
loss in 0.001: 0.0003999480409143878 
cracking 0.001
loss in 0.001: 0.0006195520332924564 
loss in 0.001: 0.0003324022578998768 
cracking 0.001
cracking 0.001
loss in 0.001: 0.0006881493359445198 
cracking 0.001
loss in 0.001: 0.00047803655933332536 
loss in 0.001: 0.0007569556617497623 
cracking 0.001
cracking 0.001
loss in 0.001: 0.0007275770469126496 
cracking 0.001
loss in 0.001: 0.0006381778156833428 
cracking 0.001
cracking 0.001
cracking 0.001
cracking 0.001
cracking 0.001
cracking 0.001
cracking 0.001
cracking 0.001
cracking 0.001
loss in 0.001: 0.00028211392498511093 
cracking 0.001
loss in 0.001: 0.00036733611778748377 
cracking 0.001
loss in 0.001: 0.0008782042095143221 
cracking 0.001
loss in 0.001: 0.00031594625337353667 
cracking 0.001
loss in 0.001: 0.0007315966564949886 
cracking 0.001
loss in 0.001: 0.0007316425711553108 
cracking 0.001
loss in 0.001: 0.00031978102117915255 
cracking 0.001
cracking 0.001
cracking 0.001
cracking 0.001
cracking 0.001
cracking 0.001
loss in 0.001: 0.0003833206092941139 
cracking 0.001
cracking 0.001
cracking 0.001
cracking 0.001
loss in 0.001: 0.00046939602603808897 
cracking 0.001
loss in 0.001: 0.0004742147485172214 
cracking 0.001
loss in 0.001: 0.0006065351999154475 
cracking 0.001
loss in 0.001: 0.0005608987787844902 
cracking 0.001
loss in 0.001: 0.0006672654619162394 
cracking 0.001
loss in 0.001: 0.0006872511431195304 
cracking 0.001
loss in 0.001: 0.0005426331893817856 
cracking 0.001
cracking 0.001
cracking 0.001
cracking 0.001
cracking 0.001
cracking 0.001
cracking 0.001
cracking 0.001
loss in 0.001: 0.0008459003245333056 
cracking 0.001
loss in 0.001: 0.0003300577167068138 
cracking 0.001
cracking 0.001
loss in 0.001: 0.00028083360019520585 
cracking 0.001
loss in 0.001: 0.00021650586060205875 
cracking 0.001
loss in 0.001: 0.0006661817882448189 
cracking 0.001
loss in 0.001: 0.0004155104073949331 
cracking 0.001
loss in 0.001: 0.0006517679246100537 
cracking 0.001
loss in 0.001: 0.0005885093309280275 
cracking 0.001
cracking 0.001
cracking 0.001
cracking 0.001
cracking 0.001
cracking 0.001
cracking 0.001
loss in 0.001: 0.0006017830384459163 
cracking 0.001
cracking 0.001
loss in 0.001: 0.0008919978868151912 
cracking 0.001
loss in 0.001: 0.0003046272685322946 
cracking 0.001
cracking 0.001
loss in 0.001: 0.0006156384451758332 
cracking 0.001
loss in 0.001: 0.00033889440562089306 
cracking 0.001
loss in 0.001: 0.0004458572861159996 
cracking 0.001
loss in 0.001: 0.0006100859211131377 
cracking 0.001
cracking 0.001
cracking 0.001
loss in 0.001: 0.0006672165859262945 
cracking 0.001
cracking 0.001
cracking 0.001
cracking 0.001
cracking 0.001
loss in 0.001: 0.00035248309196509657 
cracking 0.001
cracking 0.001
loss in 0.001: 0.0005951605709390872 
cracking 0.001
loss in 0.001: 0.0008120979076380644 
cracking 0.001
cracking 0.001
loss in 0.001: 0.00035772912892734546 
cracking 0.001
loss in 0.001: 0.0005814104002857377 
cracking 0.001
loss in 0.001: 0.0009622080168871989 
cracking 0.001
loss in 0.001: 0.0003439298445544139 
cracking 0.001
cracking 0.001
loss in 0.001: 0.000404010863810391 
cracking 0.001
cracking 0.001
cracking 0.001
cracking 0.001
cracking 0.001
cracking 0.001
loss in 0.001: 0.00048345308402413466 
cracking 0.001
cracking 0.001
loss in 0.001: 0.00048680668235249504 
cracking 0.001
loss in 0.001: 0.0005431990243316075 
cracking 0.001
cracking 0.001
loss in 0.001: 0.00047767058340396834 
cracking 0.001
loss in 0.001: 0.0009413672278040353 
cracking 0.001
loss in 0.001: 0.0010398701504630609 
cracking 0.001
loss in 0.001: 0.0008920423041858932 
cracking 0.001
cracking 0.001
loss in 0.001: 0.0005237404283550735 
cracking 0.001
cracking 0.001
cracking 0.001
cracking 0.001
cracking 0.001
cracking 0.001
cracking 0.001
loss in 0.001: 0.00037835344752859524 
cracking 0.001
loss in 0.001: 0.0002733578324941708 
cracking 0.001
loss in 0.001: 0.00020699760120003745 
cracking 0.001
loss in 0.001: 0.0003954839889049705 
cracking 0.001
cracking 0.001
loss in 0.001: 0.0007408554092959165 
cracking 0.001
loss in 0.001: 0.00042636193297182376 
cracking 0.001
cracking 0.001
loss in 0.001: 0.0005632002753145187 
cracking 0.001
loss in 0.001: 0.0007623136872045888 
cracking 0.001
cracking 0.001
cracking 0.001
cracking 0.001
cracking 0.001
loss in 0.001: 0.0003244954438622932 
cracking 0.001
cracking 0.001
cracking 0.001
loss in 0.001: 0.0003740917412223343 
cracking 0.001
loss in 0.001: 0.0002962503627431557 
cracking 0.001
loss in 0.001: 0.0012834674312364716 
loss in 0.001: 0.00041678694608092236 
loss in 0.001: 0.0005088152015097411 
loss in 0.001: 0.000598026641469507 
cracking 0.001
loss in 0.001: 0.0007175523543990226 
loss in 0.001: 0.0005055812754084043 
loss in 0.001: 0.0005935311659896397 
cracking 0.001
cracking 0.001
loss in 0.001: 0.0004443784162884369 
cracking 0.001
cracking 0.001
loss in 0.001: 0.0011550422901129584 
cracking 0.001
cracking 0.001
loss in 0.001: 0.000449030653523626 
cracking 0.001
cracking 0.001
cracking 0.001
cracking 0.001
cracking 0.001
cracking 0.001
cracking 0.001
cracking 0.001
cracking 0.001
cracking 0.001
cracking 0.001
cracking 0.001
cracking 0.001
cracking 0.001
cracking 0.001
cracking 0.001
loss in 0.001: 0.0003522779911491473 
cracking 0.001
loss in 0.001: 0.00028709771521674617 
cracking 0.001
loss in 0.001: 0.00046931886512285674 
cracking 0.001
loss in 0.001: 0.0012445171272812876 
cracking 0.001
loss in 0.001: 0.0005006281062623389 
cracking 0.001
loss in 0.001: 0.0008505402565264199 
loss in 0.001: 0.0004593345475292086 
cracking 0.001
cracking 0.001
loss in 0.001: 0.0007178429547984013 
cracking 0.001
cracking 0.001
cracking 0.001
cracking 0.001
cracking 0.001
cracking 0.001
cracking 0.001
cracking 0.001
cracking 0.001
loss in 0.001: 0.00040909855032069433 
cracking 0.001
loss in 0.001: 0.0003815983982893823 
cracking 0.001
loss in 0.001: 0.0008843016209771359 
loss in 0.001: 0.00028186454793729883 
cracking 0.001
cracking 0.001
loss in 0.001: 0.0004492393153855927 
cracking 0.001
loss in 0.001: 0.00046618474052496407 
cracking 0.001
loss in 0.001: 0.0004669158895849382 
cracking 0.001
loss in 0.001: 0.0004414874195636053 
cracking 0.001
cracking 0.001
cracking 0.001
cracking 0.001
cracking 0.001
cracking 0.001
cracking 0.001
cracking 0.001
cracking 0.001
loss in 0.001: 0.0003456421961646505 
cracking 0.001
loss in 0.001: 0.0002757266012707908 
cracking 0.001
loss in 0.001: 0.0006191127381317144 
cracking 0.001
loss in 0.001: 0.0005505507557399044 
cracking 0.001
loss in 0.001: 0.0007963725053060925 
cracking 0.001
cracking 0.001
loss in 0.001: 0.0007372428250748931 
cracking 0.001
loss in 0.001: 0.0002690951299467906 
cracking 0.001
loss in 0.001: 0.0008646323142041328 
cracking 0.001
cracking 0.001
cracking 0.001
cracking 0.001
cracking 0.001
cracking 0.001
cracking 0.001
cracking 0.001
loss in 0.001: 0.00035296380397497825 
loss in 0.001: 0.0007704298748257348 
cracking 0.001
cracking 0.001
loss in 0.001: 0.0003316003626599547 
cracking 0.001
loss in 0.001: 0.0005271331439950988 
cracking 0.001
loss in 0.001: 0.00035004474881609104 
cracking 0.001
loss in 0.001: 0.0003870095543512337 
cracking 0.001
cracking 0.001
cracking 0.001
loss in 0.001: 0.0004592006198694729 
cracking 0.001
loss in 0.001: 0.00038143642175310805 
cracking 0.001
cracking 0.001
cracking 0.001
cracking 0.001
cracking 0.001
cracking 0.001
cracking 0.001
loss in 0.001: 0.0003066874101106748 
cracking 0.001
loss in 0.001: 0.00045488113314501007 
cracking 0.001
loss in 0.001: 0.0006435885016120261 
cracking 0.001
loss in 0.001: 0.0003431783797962251 
cracking 0.001
loss in 0.001: 0.0007291514090250794 
cracking 0.001
loss in 0.001: 0.0003566024303102016 
cracking 0.001
cracking 0.001
cracking 0.001
loss in 0.001: 0.0003735990219863269 
cracking 0.001
cracking 0.001
cracking 0.001
loss in 0.001: 0.000780784973689843 
cracking 0.001
cracking 0.001
cracking 0.001
cracking 0.001
loss in 0.001: 0.0006983825380700012 
cracking 0.001
cracking 0.001
loss in 0.001: 0.0007805544933116789 
cracking 0.001
loss in 0.001: 0.0005774828895994926 
cracking 0.001
loss in 0.001: 0.00036593858959489673 
cracking 0.001
cracking 0.001
loss in 0.001: 0.0003258810638354294 
cracking 0.001
cracking 0.001
loss in 0.001: 0.0005256166365636004 
cracking 0.001
cracking 0.001
cracking 0.001
loss in 0.001: 0.0005204948601128862 
cracking 0.001
loss in 0.001: 0.0005435216219038619 
cracking 0.001
cracking 0.001
cracking 0.001
cracking 0.001
loss in 0.001: 0.00047926758319817125 
cracking 0.001
loss in 0.001: 0.00042038026978996655 
cracking 0.001
cracking 0.001
loss in 0.001: 0.0004437494028408647 
cracking 0.001
loss in 0.001: 0.0006096402231752228 
cracking 0.001
cracking 0.001
cracking 0.001
loss in 0.001: 0.0009237614483882912 
cracking 0.001
loss in 0.001: 0.0008181987811441815 
cracking 0.001
cracking 0.001
cracking 0.001
loss in 0.001: 0.0002946637503741284 
cracking 0.001
loss in 0.001: 0.0005111303047074908 
cracking 0.001
cracking 0.001
cracking 0.001
loss in 0.001: 0.00023715132119665581 
cracking 0.001
loss in 0.001: 0.0006705363552626136 
cracking 0.001
cracking 0.001
cracking 0.001
loss in 0.001: 0.000873247236794027 
cracking 0.001
loss in 0.001: 0.0003748779935864429 
cracking 0.001
cracking 0.001
cracking 0.001
loss in 0.001: 0.0004125127643429649 
cracking 0.001
loss in 0.001: 0.000553177255551592 
cracking 0.001
cracking 0.001
cracking 0.001
loss in 0.001: 0.000279103811295213 
cracking 0.001
loss in 0.001: 0.0007254117734283431 
cracking 0.001
cracking 0.001
cracking 0.001
loss in 0.001: 0.00040381180916178517 
cracking 0.001
cracking 0.001
loss in 0.001: 0.0003691748949974075 
cracking 0.001
cracking 0.001
loss in 0.001: 0.0004131572561172784 
cracking 0.001
loss in 0.001: 0.0001893507480172563 
cracking 0.001
cracking 0.001
cracking 0.001
cracking 0.001
loss in 0.001: 0.000572379716310841 
cracking 0.001
cracking 0.001
loss in 0.001: 0.0006061839403588155 
cracking 0.001
loss in 0.001: 0.0005762061746354411 
cracking 0.001
loss in 0.001: 0.0007238660677113657 
cracking 0.001
loss in 0.001: 0.0005992216935554025 
cracking 0.001
cracking 0.001
cracking 0.001
cracking 0.001
cracking 0.001
loss in 0.001: 0.00042333934924079 
cracking 0.001
loss in 0.001: 0.0007363510755319666 
cracking 0.001
loss in 0.001: 0.0007219489569915172 
cracking 0.001
cracking 0.001
cracking 0.001
cracking 0.001
cracking 0.001
loss in 0.001: 0.0007053699718752707 
cracking 0.001
loss in 0.001: 0.0006966932869720363 
cracking 0.001
loss in 0.001: 0.0009342714017493925 
cracking 0.001
loss in 0.001: 0.0002997032972282871 
cracking 0.001
loss in 0.001: 0.0011209606089526937 
cracking 0.001
cracking 0.001
cracking 0.001
cracking 0.001
loss in 0.001: 0.00029097554560184475 
cracking 0.001
cracking 0.001
loss in 0.001: 0.0007579821959885195 
cracking 0.001
loss in 0.001: 0.0008011593543652851 
cracking 0.001
cracking 0.001
cracking 0.001
cracking 0.001
loss in 0.001: 0.00039595826523907253 
cracking 0.001
loss in 0.001: 0.0006166862799419304 
cracking 0.001
cracking 0.001
loss in 0.001: 0.000222101457273671 
cracking 0.001
loss in 0.001: 0.0005248525384377856 
cracking 0.001
loss in 0.001: 0.0004052789634689152 
cracking 0.001
cracking 0.001
cracking 0.001
cracking 0.001
loss in 0.001: 0.00034009035937534267 
loss in 0.001: 0.0008939348436767221 
cracking 0.001
loss in 0.001: 0.0004944755606514861 
cracking 0.001
loss in 0.001: 0.0004651322065211242 
loss in 0.001: 0.0004772236681002035 
loss in 0.001: 0.0004422299220909567 
loss in 0.001: 0.0003576680854906287 
loss in 0.001: 0.0007542055524203664 
cracking 0.001
cracking 0.001
loss in 0.001: 0.0008443767532300643 
cracking 0.001
cracking 0.001
loss in 0.001: 0.0005450514002075214 
cracking 0.001
cracking 0.001
loss in 0.001: 0.0004935227560566432 
cracking 0.001
cracking 0.001
cracking 0.001
cracking 0.001cracking 0.001

cracking 0.001
cracking 0.001
cracking 0.001
cracking 0.001
cracking 0.001
cracking 0.001
cracking 0.001
cracking 0.001
cracking 0.001
cracking 0.001
cracking 0.001
loss in 0.001: 0.00040413905291481936 
cracking 0.001
loss in 0.001: 0.0006514643889529929 
cracking 0.001
loss in 0.001: 0.0003384568552629734 
cracking 0.001
loss in 0.001: 0.0009278441554263954 
cracking 0.001
loss in 0.001: 0.0003462209009949024 
cracking 0.001
loss in 0.001: 0.0004422882308682683 
cracking 0.001
loss in 0.001: 0.00044570932706720565 
cracking 0.001
loss in 0.001: 0.0004408826477497914 
cracking 0.001
cracking 0.001
cracking 0.001
cracking 0.001
cracking 0.001
cracking 0.001
cracking 0.001
cracking 0.001
cracking 0.001
loss in 0.001: 0.0003795710173454418 
cracking 0.001
loss in 0.001: 0.0004113507182515291 
cracking 0.001
loss in 0.001: 0.0008010642435815563 
cracking 0.001
loss in 0.001: 0.00040373817828820565 
cracking 0.001
loss in 0.001: 0.00030608174807275905 
cracking 0.001
loss in 0.001: 0.0005617075627091882 
cracking 0.001
loss in 0.001: 0.0006003328693428703 
cracking 0.001
loss in 0.001: 0.00042526086161474055 
cracking 0.001
cracking 0.001
cracking 0.001
cracking 0.001
cracking 0.001
cracking 0.001
cracking 0.001
cracking 0.001
cracking 0.001
loss in 0.001: 0.0005184157265360038 
cracking 0.001
loss in 0.001: 0.00042305889842760393 
cracking 0.001
loss in 0.001: 0.0008664102994094579 
cracking 0.001
loss in 0.001: 0.0007092528285950632 
cracking 0.001
loss in 0.001: 0.000441193715590653 
cracking 0.001
loss in 0.001: 0.00043662589795956716 
cracking 0.001
loss in 0.001: 0.0006334291118660783 
cracking 0.001
loss in 0.001: 0.0009492053817433526 
cracking 0.001
cracking 0.001
cracking 0.001
cracking 0.001
cracking 0.001
cracking 0.001
cracking 0.001
cracking 0.001
cracking 0.001
loss in 0.001: 0.0003947343843531938 
cracking 0.001
loss in 0.001: 0.0005798924777676081 
cracking 0.001
loss in 0.001: 0.0006955508469300521 
cracking 0.001
loss in 0.001: 0.0004519620613959917 
cracking 0.001
loss in 0.001: 0.0006410936786547545 
loss in 0.001: 0.0003152903432255556 
cracking 0.001
cracking 0.001
loss in 0.001: 0.0003955229006910884 
cracking 0.001
loss in 0.001: 0.0005904463183907524 
cracking 0.001
cracking 0.001
cracking 0.001
cracking 0.001
cracking 0.001
cracking 0.001
cracking 0.001
cracking 0.001
cracking 0.001
loss in 0.001: 0.0005305223443665256 
cracking 0.001
loss in 0.001: 0.00043713060346234746 
cracking 0.001
loss in 0.001: 0.000594049271267457 
cracking 0.001
loss in 0.001: 0.0007056411825655895 
loss in 0.001: 0.0005552085121377682 
cracking 0.001
cracking 0.001
loss in 0.001: 0.0005573989429520166 
cracking 0.001
cracking 0.001
loss in 0.001: 0.0004240860942021354 
loss in 0.001: 0.0005665420814083932 
cracking 0.001
cracking 0.001
cracking 0.001
cracking 0.001
cracking 0.001
cracking 0.001
cracking 0.001
cracking 0.001
cracking 0.001
loss in 0.001: 0.00044903614686603066 
cracking 0.001
loss in 0.001: 0.0006368630855199413 
cracking 0.001
loss in 0.001: 0.00035060151482417735 
cracking 0.001
loss in 0.001: 0.0004063639759449924 
cracking 0.001
loss in 0.001: 0.0005021748716995841 
cracking 0.001
loss in 0.001: 0.0006949901040181016 
cracking 0.001
cracking 0.001
cracking 0.001
loss in 0.001: 0.0005688445206904115 
cracking 0.001
loss in 0.001: 0.0006900374322600292 
cracking 0.001
cracking 0.001
cracking 0.001
cracking 0.001
cracking 0.001
cracking 0.001
cracking 0.001
loss in 0.001: 0.001123907402960082 
cracking 0.001
loss in 0.001: 0.0007634899792604039 
cracking 0.001
loss in 0.001: 0.0005524382492737088 
cracking 0.001
loss in 0.001: 0.00044108082731988746 
cracking 0.001
loss in 0.001: 0.0005617683058674387 
cracking 0.001
cracking 0.001
loss in 0.001: 0.000396322344607515 
cracking 0.001
cracking 0.001
loss in 0.001: 0.0005944390282929463 
cracking 0.001
cracking 0.001
loss in 0.001: 0.00031921179585302483 
cracking 0.001
cracking 0.001
cracking 0.001
cracking 0.001
cracking 0.001
cracking 0.001
loss in 0.001: 0.000504298060371192 
cracking 0.001
loss in 0.001: 0.00041029657965950105 
cracking 0.001
loss in 0.001: 0.0006881059428356941 
cracking 0.001
loss in 0.001: 0.0004680554976611933 
cracking 0.001
loss in 0.001: 0.00045642094103523175 
cracking 0.001
cracking 0.001
loss in 0.001: 0.0006474368915700305 
cracking 0.001
cracking 0.001
cracking 0.001
loss in 0.001: 0.0005155754824621425 
cracking 0.001
loss in 0.001: 0.00045496144693037317 
cracking 0.001
cracking 0.001
cracking 0.001
cracking 0.001
cracking 0.001
cracking 0.001
loss in 0.001: 0.0004764734838656022 
cracking 0.001
loss in 0.001: 0.0005086883235515902 
cracking 0.001
loss in 0.001: 0.000713292129861892 
cracking 0.001
loss in 0.001: 0.0006362752695477278 
cracking 0.001
cracking 0.001
loss in 0.001: 0.0003749302475315531 
cracking 0.001
loss in 0.001: 0.0005933905502034616 
cracking 0.001
cracking 0.001
cracking 0.001
loss in 0.001: 0.0003925854896206227 
cracking 0.001
loss in 0.001: 0.0006116238671775114 
cracking 0.001
cracking 0.001
cracking 0.001
cracking 0.001
cracking 0.001
cracking 0.001
loss in 0.001: 0.0003652801310944897 
cracking 0.001
loss in 0.001: 0.00043629725583810687 
cracking 0.001
loss in 0.001: 0.0004905163586899817 
cracking 0.001
loss in 0.001: 0.00043697205825093087 
loss in 0.001: 0.00027926709144591446 
cracking 0.001
cracking 0.001
cracking 0.001
loss in 0.001: 0.00033075296641325744 
cracking 0.001
cracking 0.001
cracking 0.001
loss in 0.001: 0.0004736352178351121 
cracking 0.001
loss in 0.001: 0.0004244224095097578 
cracking 0.001
cracking 0.001
cracking 0.001
cracking 0.001
cracking 0.001
cracking 0.001
loss in 0.001: 0.0004277528588153858 
cracking 0.001
loss in 0.001: 0.0003448236937725605 
cracking 0.001
loss in 0.001: 0.00034251264478504985 
cracking 0.001
loss in 0.001: 0.0006322848584611324 
loss in 0.001: 0.0006689462618306262 
cracking 0.001
cracking 0.001
cracking 0.001
cracking 0.001
loss in 0.001: 0.0005909576276548022 
cracking 0.001
cracking 0.001
loss in 0.001: 0.00026067112824773705 
cracking 0.001
cracking 0.001
cracking 0.001
loss in 0.001: 0.0004315666531626289 
cracking 0.001
cracking 0.001
cracking 0.001
loss in 0.001: 0.00048108545941937913 
cracking 0.001
loss in 0.001: 0.0005106844306081099 
cracking 0.001
loss in 0.001: 0.0006934368623409693 
loss in 0.001: 0.0004213721288027646 
loss in 0.001: 0.0002772831425451838 
loss in 0.001: 0.00043781735862618144 
cracking 0.001
loss in 0.001: 0.0007373849606348955 
loss in 0.001: 0.0006600658866160008 
loss in 0.001: 0.0007746128761547714 
cracking 0.001
cracking 0.001
loss in 0.001: 0.0005603433529153941 
cracking 0.001
cracking 0.001
loss in 0.001: 0.0003904352138361219 
cracking 0.001
cracking 0.001
loss in 0.001: 0.0006989296191096156 
cracking 0.001
cracking 0.001
cracking 0.001
cracking 0.001
cracking 0.001
cracking 0.001
cracking 0.001
cracking 0.001
cracking 0.001
cracking 0.001
cracking 0.001
cracking 0.001
cracking 0.001
cracking 0.001
cracking 0.001
cracking 0.001
loss in 0.001: 0.0004252726592437094 
cracking 0.001
loss in 0.001: 0.0006378865422232086 
cracking 0.001
loss in 0.001: 0.000330579021867762 
cracking 0.001
loss in 0.001: 0.0005091400289961121 
cracking 0.001
loss in 0.001: 0.0003451564722284599 
loss in 0.001: 0.00031001166607017445 
cracking 0.001
cracking 0.001
loss in 0.001: 0.0005295505958557863 
cracking 0.001
loss in 0.001: 0.00048353903692096326 
cracking 0.001
cracking 0.001
cracking 0.001
cracking 0.001
cracking 0.001
cracking 0.001
cracking 0.001
cracking 0.001
cracking 0.001
loss in 0.001: 0.0004634018938308303 
cracking 0.001
loss in 0.001: 0.000494960348997882 
cracking 0.001
loss in 0.001: 0.00036336907344141744 
loss in 0.001: 0.0006929903727633486 
cracking 0.001
cracking 0.001
loss in 0.001: 0.00037854336722614767 
loss in 0.001: 0.00035980319177248305 
cracking 0.001
cracking 0.001
loss in 0.001: 0.0003866130008195239 
loss in 0.001: 0.00032212285545874024 
cracking 0.001
cracking 0.001
cracking 0.001
cracking 0.001
cracking 0.001
cracking 0.001
cracking 0.001
cracking 0.001
cracking 0.001
cracking 0.001
loss in 0.001: 0.0004934778137560294 
cracking 0.001
loss in 0.001: 0.0003636366102847664 
cracking 0.001
loss in 0.001: 0.0003871433431310228 
cracking 0.001
loss in 0.001: 0.0007031198720622677 
cracking 0.001
loss in 0.001: 0.0004466031701451079 
cracking 0.001
loss in 0.001: 0.0004900550465566775 
cracking 0.001
loss in 0.001: 0.0008273329599431832 
cracking 0.001
loss in 0.001: 0.0006629764769721721 
cracking 0.001
cracking 0.001
cracking 0.001
cracking 0.001
cracking 0.001
cracking 0.001
cracking 0.001
cracking 0.001
cracking 0.001
loss in 0.001: 0.0004894930987640628 
cracking 0.001
loss in 0.001: 0.0007529656096293731 
cracking 0.001
loss in 0.001: 0.0006683408510781474 
cracking 0.001
loss in 0.001: 0.0003595125056388942 
cracking 0.001
loss in 0.001: 0.00042824806772159466 
cracking 0.001
loss in 0.001: 0.0005783719082270538 
cracking 0.001
loss in 0.001: 0.00040378634537466875 
cracking 0.001
loss in 0.001: 0.0004217063011555188 
cracking 0.001
cracking 0.001
cracking 0.001
cracking 0.001
cracking 0.001
cracking 0.001
cracking 0.001
cracking 0.001
cracking 0.001
loss in 0.001: 0.00038798417122891057 
cracking 0.001
loss in 0.001: 0.00021753360446632552 
cracking 0.001
loss in 0.001: 0.000424282503286312 
cracking 0.001
loss in 0.001: 0.0006148152828632561 
cracking 0.001
loss in 0.001: 0.000795904614976174 
cracking 0.001
cracking 0.001
loss in 0.001: 0.00036481425015714937 
cracking 0.001
loss in 0.001: 0.00027606311286222104 
cracking 0.001
loss in 0.001: 0.0005143142703512363 
cracking 0.001
cracking 0.001
cracking 0.001
cracking 0.001
cracking 0.001
cracking 0.001
cracking 0.001
cracking 0.001
loss in 0.001: 0.00048119560498993116 
cracking 0.001
loss in 0.001: 0.0004955052789696702 
cracking 0.001
loss in 0.001: 0.00043200510132084246 
cracking 0.001
loss in 0.001: 0.00030702874402382306 
cracking 0.001
loss in 0.001: 0.0005294088778214663 
cracking 0.001
loss in 0.001: 0.0006904333515152485 
cracking 0.001
cracking 0.001
loss in 0.001: 0.000585407781797162 
cracking 0.001
cracking 0.001
loss in 0.001: 0.000552769575311597 
cracking 0.001
cracking 0.001
cracking 0.001
cracking 0.001
cracking 0.001
cracking 0.001
cracking 0.001
loss in 0.001: 0.00046409005041600634 
cracking 0.001
loss in 0.001: 0.00048490792656916815 
cracking 0.001
loss in 0.001: 0.0005103015162296014 
loss in 0.001: 0.00034952608813904355 
cracking 0.001
cracking 0.001
cracking 0.001
loss in 0.001: 0.0003270977302303051 
cracking 0.001
loss in 0.001: 0.0008183969222153066 
cracking 0.001
cracking 0.001
loss in 0.001: 0.0005683486562826545 
cracking 0.001
loss in 0.001: 0.00035013440638834587 
cracking 0.001
cracking 0.001
cracking 0.001
cracking 0.001
cracking 0.001
cracking 0.001
cracking 0.001
loss in 0.001: 0.0003126238728405187 
cracking 0.001
loss in 0.001: 0.0007060880312543952 
cracking 0.001
loss in 0.001: 0.00047750064358031947 
loss in 0.001: 0.000606781237718441 
cracking 0.001
cracking 0.001
loss in 0.001: 0.0005074116695208706 
cracking 0.001
loss in 0.001: 0.0010448412773966067 
cracking 0.001
cracking 0.001
loss in 0.001: 0.0003625782903787042 
loss in 0.001: 0.00068459981579311 
cracking 0.001
cracking 0.001
cracking 0.001
cracking 0.001
cracking 0.001
cracking 0.001
cracking 0.001
cracking 0.001
cracking 0.001
loss in 0.001: 0.00043431322475383384 
cracking 0.001
loss in 0.001: 0.0006177535722713044 
cracking 0.001
loss in 0.001: 0.00040456558896674957 
cracking 0.001
loss in 0.001: 0.0007015183435304469 
cracking 0.001
loss in 0.001: 0.00039878741076338045 
cracking 0.001
loss in 0.001: 0.00035883439996368054 
cracking 0.001
loss in 0.001: 0.0005562668341384464 
cracking 0.001
loss in 0.001: 0.00038337586195551915 
cracking 0.001
cracking 0.001
cracking 0.001
cracking 0.001
cracking 0.001
cracking 0.001
cracking 0.001
cracking 0.001
cracking 0.001
loss in 0.001: 0.0004391950267608855 
cracking 0.001
loss in 0.001: 0.0004241477018316075 
cracking 0.001
loss in 0.001: 0.000501611904219633 
cracking 0.001
loss in 0.001: 0.0006140928663392101 
cracking 0.001
loss in 0.001: 0.000556522132488294 
cracking 0.001
loss in 0.001: 0.0003984728948674038 
cracking 0.001
loss in 0.001: 0.00044470267339098024 
cracking 0.001
cracking 0.001
loss in 0.001: 0.0006294941740199537 
cracking 0.001
cracking 0.001
cracking 0.001
cracking 0.001
cracking 0.001
cracking 0.001
cracking 0.001
cracking 0.001
loss in 0.001: 0.00045519517978664427 
cracking 0.001
loss in 0.001: 0.0009104614482719648 
cracking 0.001
loss in 0.001: 0.0005584619564215643 
cracking 0.001
loss in 0.001: 0.0005284006672321766 
loss in 0.001: 0.00055624954990645 
cracking 0.001
cracking 0.001
loss in 0.001: 0.0009684780397563213 
cracking 0.001
loss in 0.001: 0.0004884829182732037 
cracking 0.001
cracking 0.001
loss in 0.001: 0.00039844805583422893 
cracking 0.001
cracking 0.001
cracking 0.001
cracking 0.001
cracking 0.001
cracking 0.001
cracking 0.001
cracking 0.001
loss in 0.001: 0.0005170117481955678 
cracking 0.001
loss in 0.001: 0.0005400047415337711 
loss in 0.001: 0.0006887098333692133 
loss in 0.001: 0.0004718525152140225 
loss in 0.001: 0.0005393899225958022 
loss in 0.001: 0.0009436941112199374 
loss in 0.001: 0.0004621278366900547 
cracking 0.001
loss in 0.001: 0.00042262636583315495 
loss in 0.001: 0.0003318912203404031 
cracking 0.001
cracking 0.001
loss in 0.001: 0.0006322505922656098 
cracking 0.001
cracking 0.001
loss in 0.001: 0.0008569572662468952 
cracking 0.001
cracking 0.001
loss in 0.001: 0.00036563877922884784 
cracking 0.001cracking 0.001

cracking 0.001
cracking 0.001
cracking 0.001cracking 0.001

cracking 0.001
cracking 0.001
cracking 0.001
cracking 0.001
cracking 0.001
cracking 0.001
cracking 0.001
cracking 0.001
cracking 0.001
cracking 0.001
loss in 0.001: 0.00032681708720195163 
cracking 0.001
loss in 0.001: 0.0007951506855606801 
cracking 0.001
loss in 0.001: 0.0009705058915737047 
cracking 0.001
loss in 0.001: 0.0003635541988295111 
cracking 0.001
loss in 0.001: 0.0004363119294387152 
cracking 0.001
loss in 0.001: 0.0004213501787129131 
cracking 0.001
loss in 0.001: 0.0003226453975633276 
cracking 0.001
loss in 0.001: 0.0009652102104598077 
cracking 0.001
cracking 0.001
cracking 0.001
cracking 0.001
cracking 0.001
cracking 0.001
cracking 0.001
cracking 0.001
cracking 0.001
loss in 0.001: 0.000681900245263363 
cracking 0.001
loss in 0.001: 0.00044357120686561435 
cracking 0.001
loss in 0.001: 0.00033985984387540865 
cracking 0.001
loss in 0.001: 0.0003951605894384663 
cracking 0.001
loss in 0.001: 0.00040914549343139923 
cracking 0.001
loss in 0.001: 0.00036698531674441977 
cracking 0.001
loss in 0.001: 0.0004929387440220732 
cracking 0.001
cracking 0.001
cracking 0.001
cracking 0.001
loss in 0.001: 0.0007125563477716732 
cracking 0.001
cracking 0.001
cracking 0.001
cracking 0.001
cracking 0.001
cracking 0.001
loss in 0.001: 0.0005327106043962503 
cracking 0.001
loss in 0.001: 0.00033540333304604096 
loss in 0.001: 0.0009225300315566555 
cracking 0.001
cracking 0.001
loss in 0.001: 0.0006380151308543682 
cracking 0.001
loss in 0.001: 0.0007680826057030517 
cracking 0.001
loss in 0.001: 0.0007060998794781724 
cracking 0.001
loss in 0.001: 0.0004615106668820186 
cracking 0.001
loss in 0.001: 0.0003189563186929486 
cracking 0.001
cracking 0.001
cracking 0.001
cracking 0.001
cracking 0.001
cracking 0.001
cracking 0.001
cracking 0.001
cracking 0.001
loss in 0.001: 0.0004039084294014576 
cracking 0.001
loss in 0.001: 0.0006282215403226587 
cracking 0.001
loss in 0.001: 0.00044218645703762477 
loss in 0.001: 0.00045275913921724657 
cracking 0.001
cracking 0.001
loss in 0.001: 0.000509154655941835 
cracking 0.001
loss in 0.001: 0.000703485695739739 
cracking 0.001
loss in 0.001: 0.0005060919302984998 
cracking 0.001
cracking 0.001
cracking 0.001
cracking 0.001
loss in 0.001: 0.0006687046762736923 
cracking 0.001
cracking 0.001
cracking 0.001
cracking 0.001
cracking 0.001
cracking 0.001
loss in 0.001: 0.0002861326603689303 
cracking 0.001
loss in 0.001: 0.0004224685388521147 
loss in 0.001: 0.00039322455754672256 
cracking 0.001
cracking 0.001
loss in 0.001: 0.0006303445957171833 
cracking 0.001
loss in 0.001: 0.00040754948472532547 
cracking 0.001
loss in 0.001: 0.00038298538698593887 
cracking 0.001
loss in 0.001: 0.0003743303628791261 
cracking 0.001
cracking 0.001
cracking 0.001
cracking 0.001
cracking 0.001
loss in 0.001: 0.0004169142510730491 
cracking 0.001
cracking 0.001
cracking 0.001
cracking 0.001
cracking 0.001
loss in 0.001: 0.0004885804318021432 
cracking 0.001
loss in 0.001: 0.000632787625403232 
cracking 0.001
loss in 0.001: 0.0004312525524678103 
cracking 0.001
loss in 0.001: 0.0003503238222525176 
cracking 0.001
cracking 0.001
loss in 0.001: 0.00048652148015825914 
cracking 0.001
loss in 0.001: 0.0006343424226518643 
loss in 0.001: 0.0005330362969028047 
cracking 0.001
cracking 0.001
loss in 0.001: 0.0007416010725689576 
cracking 0.001
cracking 0.001
cracking 0.001
cracking 0.001
cracking 0.001
cracking 0.001
cracking 0.001
cracking 0.001
loss in 0.001: 0.0003755728487594355 
cracking 0.001
loss in 0.001: 0.00038111504620340895 
cracking 0.001
loss in 0.001: 0.0004685874994728901 
cracking 0.001
cracking 0.001
loss in 0.001: 0.0005465525364381558 
cracking 0.001
loss in 0.001: 0.00042551473751339155 
cracking 0.001
loss in 0.001: 0.0004406612799200507 
cracking 0.001
loss in 0.001: 0.00045089247945207526 
cracking 0.001
loss in 0.001: 0.00036028594140706044 
cracking 0.001
cracking 0.001
cracking 0.001
cracking 0.001
cracking 0.001
cracking 0.001
cracking 0.001
cracking 0.001
loss in 0.001: 0.0006909845437461929 
cracking 0.001
loss in 0.001: 0.0004185813233818916 
cracking 0.001
loss in 0.001: 0.0004343553606116894 
cracking 0.001
loss in 0.001: 0.0004779884317653655 
cracking 0.001
loss in 0.001: 0.00040384316868165705 
cracking 0.001
loss in 0.001: 0.0006346340778898709 
cracking 0.001
cracking 0.001
loss in 0.001: 0.0006620752898598923 
cracking 0.001
cracking 0.001
cracking 0.001
loss in 0.001: 0.0008483698819822748 
cracking 0.001
cracking 0.001
cracking 0.001
cracking 0.001
cracking 0.001
cracking 0.001
loss in 0.001: 0.0006088406451589819 
cracking 0.001
loss in 0.001: 0.0004114815428011642 
cracking 0.001
loss in 0.001: 0.0005474772794073084 
cracking 0.001
loss in 0.001: 0.0004967406243339152 
cracking 0.001
loss in 0.001: 0.0005360280354384593 
cracking 0.001
loss in 0.001: 0.00032411199030487703 
cracking 0.001
cracking 0.001
loss in 0.001: 0.0003155984680557082 
cracking 0.001
cracking 0.001
loss in 0.001: 0.0005099124994868933 
cracking 0.001
cracking 0.001
cracking 0.001
cracking 0.001
cracking 0.001
cracking 0.001
cracking 0.001
loss in 0.001: 0.00041799627923867094 
cracking 0.001
loss in 0.001: 0.0004672530763873759 
cracking 0.001
loss in 0.001: 0.0004610795016052502 
cracking 0.001
loss in 0.001: 0.0007264046284950047 
cracking 0.001
loss in 0.001: 0.0004633795034725973 
cracking 0.001
loss in 0.001: 0.0003622129144528212 
cracking 0.001
cracking 0.001
loss in 0.001: 0.0006189231045304077 
cracking 0.001
cracking 0.001
loss in 0.001: 0.000488337452173257 
cracking 0.001
cracking 0.001
cracking 0.001
cracking 0.001
cracking 0.001
cracking 0.001
loss in 0.001: 0.000785764482551225 
cracking 0.001
cracking 0.001
loss in 0.001: 0.0005942347308231343 
cracking 0.001
loss in 0.001: 0.00025333032188630165 
cracking 0.001
loss in 0.001: 0.00043078526653601997 
cracking 0.001
loss in 0.001: 0.0002739805205048636 
cracking 0.001
loss in 0.001: 0.00043371999051634006 
cracking 0.001
cracking 0.001
cracking 0.001
loss in 0.001: 0.0003737424693330406 
cracking 0.001
cracking 0.001
loss in 0.001: 0.0006070347688278056 
cracking 0.001
cracking 0.001
cracking 0.001
cracking 0.001
cracking 0.001
cracking 0.001
loss in 0.001: 0.0004683273687238554 
cracking 0.001
loss in 0.001: 0.0008322455854820606 
loss in 0.001: 0.0005329690432733688 
loss in 0.001: 0.0004511803918039173 
loss in 0.001: 0.000627853009383923 
loss in 0.001: 0.0005616238019021685 
loss in 0.001: 0.00045879299943808163 
cracking 0.001
loss in 0.001: 0.00034153019937253383 
loss in 0.001: 0.0004714149451962928 
cracking 0.001
cracking 0.001
loss in 0.001: 0.0005068233852958279 
cracking 0.001
cracking 0.001
loss in 0.001: 0.0004055879740352744 
cracking 0.001
cracking 0.001
loss in 0.001: 0.00045029308024926285 
cracking 0.001
cracking 0.001
cracking 0.001
cracking 0.001
cracking 0.001
cracking 0.001
cracking 0.001
cracking 0.001
cracking 0.001
cracking 0.001
cracking 0.001
cracking 0.001
cracking 0.001
cracking 0.001
cracking 0.001
cracking 0.001
loss in 0.001: 0.0004674234684540073 
loss in 0.001: 0.0004989496642023567 
cracking 0.001
cracking 0.001
loss in 0.001: 0.0005499304638870116 
cracking 0.001
loss in 0.001: 0.00048772777277415134 
cracking 0.001
loss in 0.001: 0.0003831440541497992 
loss in 0.001: 0.0005037852446266296 
cracking 0.001
cracking 0.001
loss in 0.001: 0.0005227657980181815 
cracking 0.001
loss in 0.001: 0.0005078264654632132 
cracking 0.001
cracking 0.001
cracking 0.001
cracking 0.001
cracking 0.001
cracking 0.001
cracking 0.001
cracking 0.001
cracking 0.001
loss in 0.001: 0.0005073569225942415 
cracking 0.001
loss in 0.001: 0.0004683827611805541 
cracking 0.001
loss in 0.001: 0.0004233672462487422 
cracking 0.001
loss in 0.001: 0.0004396784843063372 
cracking 0.001
loss in 0.001: 0.0004205007393789827 
cracking 0.001
loss in 0.001: 0.000495643643893846 
cracking 0.001
loss in 0.001: 0.00035115044113889283 
cracking 0.001
cracking 0.001
loss in 0.001: 0.0004055794847592363 
cracking 0.001
cracking 0.001
cracking 0.001
cracking 0.001
cracking 0.001
cracking 0.001
cracking 0.001
cracking 0.001
loss in 0.001: 0.0003859062750954324 
cracking 0.001
loss in 0.001: 0.0006142626913168053 
cracking 0.001
loss in 0.001: 0.0005901798842781692 
cracking 0.001
loss in 0.001: 0.0005516562787697954 
cracking 0.001
loss in 0.001: 0.000364536951898847 
cracking 0.001
loss in 0.001: 0.000456531236415167 
loss in 0.001: 0.0004221698393792093 
cracking 0.001
cracking 0.001
loss in 0.001: 0.0006034638167635808 
cracking 0.001
cracking 0.001
cracking 0.001
cracking 0.001
cracking 0.001
cracking 0.001
cracking 0.001
cracking 0.001
cracking 0.001
loss in 0.001: 0.0004949852382979302 
cracking 0.001
loss in 0.001: 0.00037343725795015674 
cracking 0.001
loss in 0.001: 0.00047656275775716196 
cracking 0.001
loss in 0.001: 0.0005478358043930947 
cracking 0.001
loss in 0.001: 0.0003122954982681948 
cracking 0.001
loss in 0.001: 0.0002956615367881101 
cracking 0.001
loss in 0.001: 0.0003777933432954554 
cracking 0.001
loss in 0.001: 0.0004944640371122986 
cracking 0.001
cracking 0.001
cracking 0.001
cracking 0.001
cracking 0.001
cracking 0.001
cracking 0.001
cracking 0.001
cracking 0.001
loss in 0.001: 0.0007052603494352056 
cracking 0.001
loss in 0.001: 0.0006660827857964248 
loss in 0.001: 0.00044364699943671634 
cracking 0.001
cracking 0.001
loss in 0.001: 0.00041201860665532574 
cracking 0.001
loss in 0.001: 0.0003789816590493729 
cracking 0.001
loss in 0.001: 0.0005517003249369557 
cracking 0.001
loss in 0.001: 0.0005180699363316192 
cracking 0.001
loss in 0.001: 0.00034687521741492245 
cracking 0.001
cracking 0.001
cracking 0.001
cracking 0.001
cracking 0.001
cracking 0.001
cracking 0.001
cracking 0.001
cracking 0.001
loss in 0.001: 0.0004358249720694907 
cracking 0.001
loss in 0.001: 0.00037648596766147143 
cracking 0.001
loss in 0.001: 0.0003820678882624011 
cracking 0.001
loss in 0.001: 0.0006644290863304069 
cracking 0.001
loss in 0.001: 0.0004356894856867477 
cracking 0.001
loss in 0.001: 0.00018743087629537915 
cracking 0.001
loss in 0.001: 0.0005631055593565162 
cracking 0.001
loss in 0.001: 0.00042328917416421943 
cracking 0.001
cracking 0.001
cracking 0.001
cracking 0.001
cracking 0.001
cracking 0.001
cracking 0.001
cracking 0.001
cracking 0.001
loss in 0.001: 0.000603400803522267 
cracking 0.001
loss in 0.001: 0.0007248236367623198 
cracking 0.001
loss in 0.001: 0.0004038856372037287 
cracking 0.001
loss in 0.001: 0.0006043963451650624 
cracking 0.001
loss in 0.001: 0.0005010040776787138 
cracking 0.001
loss in 0.001: 0.0003956933701851624 
cracking 0.001
loss in 0.001: 0.0009823689816109448 
cracking 0.001
loss in 0.001: 0.0002931099163663337 
cracking 0.001
cracking 0.001
cracking 0.001
cracking 0.001
cracking 0.001
cracking 0.001
cracking 0.001
cracking 0.001
cracking 0.001
loss in 0.001: 0.0008083964823711391 
cracking 0.001
loss in 0.001: 0.00043911261663626735 
cracking 0.001
loss in 0.001: 0.0004660156447114409 
cracking 0.001
loss in 0.001: 0.00044574570188359204 
cracking 0.001
loss in 0.001: 0.0008412423224741851 
cracking 0.001
loss in 0.001: 0.0006372041952178161 
loss in 0.001: 0.00048309799821496656 
cracking 0.001
cracking 0.001
loss in 0.001: 0.0005583404977661074 
cracking 0.001
cracking 0.001
cracking 0.001
cracking 0.001
cracking 0.001
cracking 0.001
cracking 0.001
cracking 0.001
cracking 0.001
loss in 0.001: 0.0004760807886876413 
cracking 0.001
loss in 0.001: 0.0005517212721607787 
loss in 0.001: 0.0003820192694126689 
cracking 0.001
cracking 0.001
loss in 0.001: 0.0006572517741917642 
cracking 0.001
loss in 0.001: 0.00035501339827987284 
loss in 0.001: 0.0005773196536768816 
cracking 0.001
cracking 0.001
loss in 0.001: 0.00044453552786973807 
cracking 0.001
cracking 0.001
loss in 0.001: 0.00042957549647271994 
cracking 0.001
cracking 0.001
cracking 0.001
cracking 0.001
cracking 0.001
cracking 0.001
cracking 0.001
cracking 0.001
loss in 0.001: 0.0004961651402401819 
cracking 0.001
loss in 0.001: 0.00032233429297024883 
cracking 0.001
loss in 0.001: 0.0007048882600719239 
cracking 0.001
loss in 0.001: 0.00038127682109189977 
cracking 0.001
loss in 0.001: 0.00040691134827128565 
cracking 0.001
loss in 0.001: 0.0004340180211961389 
cracking 0.001
loss in 0.001: 0.0005273403951207884 
cracking 0.001
cracking 0.001
loss in 0.001: 0.0003737303134898271 
cracking 0.001
cracking 0.001
cracking 0.001
cracking 0.001
cracking 0.001
cracking 0.001
cracking 0.001
cracking 0.001
loss in 0.001: 0.0005558652498567687 
cracking 0.001
loss in 0.001: 0.00048502255015828454 
cracking 0.001
loss in 0.001: 0.00024135244398410533 
cracking 0.001
loss in 0.001: 0.00046417374625479875 
cracking 0.001
loss in 0.001: 0.00040765079663375567 
cracking 0.001
loss in 0.001: 0.0005560696549011345 
cracking 0.001
cracking 0.001
loss in 0.001: 0.0004936291190991725 
cracking 0.001
cracking 0.001
cracking 0.001
loss in 0.001: 0.00047189736073414664 
cracking 0.001
cracking 0.001
cracking 0.001
cracking 0.001
cracking 0.001
cracking 0.001
loss in 0.001: 0.00045700268770171136 
cracking 0.001
loss in 0.001: 0.0004580352392307547 
loss in 0.001: 0.00048432215396083326 
loss in 0.001: 0.0004770539234344869 
loss in 0.001: 0.0004015971139188661 
loss in 0.001: 0.00039566499374894164 
loss in 0.001: 0.0006265413762905246 
cracking 0.001
loss in 0.001: 0.0004585795488883892 
loss in 0.001: 0.0005400737148442786 
cracking 0.001
cracking 0.001
loss in 0.001: 0.00042525390957959285 
cracking 0.001
cracking 0.001
loss in 0.001: 0.0003368254773444557 
cracking 0.001
cracking 0.001
loss in 0.001: 0.00041412812098225247 
Figures saved in /home/wesley/EDC/FPC/ML/results/0316_time_k/plots
Number of tubes generalization takes 47.14403652350108 min 8.642191410064697 sec.
Starting prediction...
cracking 0.0
cracking 0.0
loss in 0.0: 0.003373068002493243 
cracking 0.000125
cracking 0.000125
loss in 0.000125: 0.04305453995774677 
cracking 0.00025
cracking 0.00025
loss in 0.00025: 0.16101876020678407 
cracking 0.000375
cracking 0.000375
loss in 0.000375: 0.19950253604916932 
cracking 0.0005
cracking 0.0005
loss in 0.0005: 0.2007230166117369 
cracking 0.000625
cracking 0.000625
loss in 0.000625: 0.20015147326851956 
cracking 0.00075
cracking 0.00075
loss in 0.00075: 0.19946413106069896 
cracking 0.000875
cracking 0.000875
loss in 0.000875: 0.19732599879372206 
cracking 0.001
cracking 0.001
loss in 0.001: 0.16399022925967352 
cracking 0.001125
cracking 0.001125
loss in 0.001125: 0.16075804464570517 
cracking 0.00125
cracking 0.00125
loss in 0.00125: 0.12496801334480778 
cracking 0.001375
cracking 0.001375
loss in 0.001375: 0.12279976064374842 
cracking 0.0015
cracking 0.0015
loss in 0.0015: 0.08425030994975588 
cracking 0.001625
cracking 0.001625
loss in 0.001625: 0.07568597109917471 
cracking 0.00175
cracking 0.00175
loss in 0.00175: 0.04303173752264461 
cracking 0.001875
cracking 0.001875
loss in 0.001875: 0.004590118989058345 
cracking 0.002
cracking 0.002
loss in 0.002: 0.004107770496388299 
cracking 0.002125
cracking 0.002125
loss in 0.002125: 0.002624006315831204 
cracking 0.00225
cracking 0.00225
loss in 0.00225: 0.002435998760902009 
cracking 0.002375
cracking 0.002375
loss in 0.002375: 0.0028091352967801668 
cracking 0.0025
cracking 0.0025
loss in 0.0025: 0.003544264724726533 
