training_data_FPC_V8_addprev_area.csv
            Experiment name: 0525_FPC_modelV9_difflayer
            Training Data: training_data_FPC_V8_addprev_area.csv
            Do k-fold: False
            Folds num: 10
            Learning rate: 0.001
            Batch size: 128
            Epoch: 1500
            CSTR num: 100
            Training vebose: 0
            # Genearalization test
            mass flow rates = True
            CCl4 = True
            inital pressure = True
            number of tubes = False
            T_in = True
            ncpus = 8
            training = False
            prediction only = False
                
Generalization test...
Case1: Mass flow rate...
cracking 0.001
cracking 0.001
cracking 0.001
cracking 0.001
cracking 0.001
cracking 0.001
prev_y: 0
prev_y: 0.00611308217048645
prev_y: 0.015334904193878174
prev_y: 0.028303444385528564
prev_y: 0.049305349588394165
prev_y: 0.09720739722251892
prev_y: 0.14759069681167603
prev_y: 0.19967195391654968
prev_y: 0.26096978783607483
prev_y: 0.32766106724739075
prev_y: 0.36893147230148315
prev_y: 0.3999033570289612
prev_y: 0.4312403202056885
prev_y: 0.4654780924320221
prev_y: 0.49619707465171814
prev_y: 0.5258671045303345
prev_y: 0.554959774017334
prev_y: 0.5823649168014526
ML cracking rates
{'cracking_rates': [0, 0.00611308217048645, 0.015334904193878174, 0.028303444385528564, 0.049305349588394165, 0.09720739722251892, 0.14759069681167603, 0.19967195391654968, 0.26096978783607483, 0.32766106724739075, 0.36893147230148315, 0.3999033570289612, 0.4312403202056885, 0.4654780924320221, 0.49619707465171814, 0.5258671045303345, 0.554959774017334, 0.5823649168014526, 0.612189769744873]}
21060     0.610756
21061     1.518815
21062     2.840815
21063     4.962894
21064     9.806705
21065    15.008576
21066    20.294807
21067    26.347033
21068    32.918468
21069    37.175453
21070    40.272453
21071    43.309750
21072    46.690166
21073    49.733852
21074    52.677071
21075    55.525879
21076    58.284916
21077    61.258751
26731     2.238101
26732     4.309210
26735    19.078014
26736    25.072390
26737    31.610193
26738    35.952656
26739    39.155643
26740    42.277164
26741    45.714828
26742    48.810452
26743    51.796638
26744    54.679977
26745    57.466980
Name: X, dtype: float64
19
FPC
[0, 0.006107563379999999, 0.015188146830000002, 0.02840815306, 0.04962894440000001, 0.09806704521000001, 0.1500857639, 0.20294807429999998, 0.2634703255, 0.3291846848, 0.37175453189999996, 0.4027245331, 0.433097496, 0.4669016647, 0.49733852390000005, 0.5267707062, 0.5552587891, 0.5828491592, 0.6125875091999999]
prev_y: 0
prev_y: 0.006996095180511475
prev_y: 0.017939001321792603
prev_y: 0
prev_y: 0.0336381196975708
prev_y: 0.058868199586868286
prev_y: 0.1161017119884491
prev_y: 0.17554768919944763
prev_y: 0.22892475128173828
prev_y: 0.005637764930725098
prev_y: 0.2942195534706116
prev_y: 0.014013826847076416
prev_y: 0.3638875484466553
prev_y: 0.025481611490249634
prev_y: 0.40914684534072876
prev_y: 0.04411894083023071
prev_y: 0.4427616596221924
prev_y: 0.08595460653305054
prev_y: 0.47504881024360657
prev_y: 0.13549527525901794
prev_y: 0.5099493861198425
prev_y: 0.1846449077129364
prev_y: 0.5415318012237549
prev_y: 0.24130716919898987
prev_y: 0.5712802410125732
prev_y: 0.3043716549873352
prev_y: 0.3431944251060486
prev_y: 0.6006702780723572
prev_y: 0.62904953956604
prev_y: 0.3733755648136139
ML cracking rates
prev_y: 0.4029846787452698
{'cracking_rates': [0, 0.006996095180511475, 0.017939001321792603, 0.0336381196975708, 0.058868199586868286, 0.1161017119884491, 0.17554768919944763, 0.22892475128173828, 0.2942195534706116, 0.3638875484466553, 0.40914684534072876, 0.4427616596221924, 0.47504881024360657, 0.5099493861198425, 0.5415318012237549, 0.5712802410125732, 0.6006702780723572, 0.62904953956604, 0.6590040922164917]}
prev_y: 0.43460720777511597
3149     61.499603
3167     61.861389
3185     62.230686
9720      0.724143
9721      1.803454
9722      3.377409
9723      5.920120
9724     11.801787
9725     17.967903
9726     23.894844
9727     30.400738
9728     37.291317
9729     41.702919
9730     44.896271
9731     48.012245
9732     51.455254
9733     54.539902
9734     57.506420
9735     60.361488
9736     63.110199
9737     66.047676
15391     2.654113
15392     5.118789
15395    22.382277
15396    28.868383
15397    35.764668
15398    40.286350
15399    43.602276
15400    46.816563
15401    50.331848
15402    53.481255
15403    56.501766
15404    59.402229
15405    62.189110
Name: X, dtype: float64
index + 17 dont exist in y_ground_df, continue
index + 17 dont exist in y_ground_df, continue
index + 17 dont exist in y_ground_df, continue
19
FPC
[0, 0.00724143326, 0.01803454399, 0.03377408504, 0.05920119762000001, 0.1180178738, 0.1796790314, 0.2389484406, 0.30400737759999996, 0.3729131699, 0.4170291901, 0.4489627075, 0.4801224518, 0.514552536, 0.5453990173, 0.5750642014, 0.6036148834, 0.6311019897, 0.6604767609]
prev_y: 0.4631791114807129
prev_y: 0.49173951148986816
prev_y: 0.5200013518333435
prev_y: 0.5477919578552246
ML cracking rates
{'cracking_rates': [0, 0.005637764930725098, 0.014013826847076416, 0.025481611490249634, 0.04411894083023071, 0.08595460653305054, 0.13549527525901794, 0.1846449077129364, 0.24130716919898987, 0.3043716549873352, 0.3431944251060486, 0.3733755648136139, 0.4029846787452698, 0.43460720777511597, 0.4631791114807129, 0.49173951148986816, 0.5200013518333435, 0.5477919578552246, 0.5765617489814758]}
4877     53.057343
4895     53.473549
4913     53.898239
32400     0.542458
32401     1.348509
32402     2.519060
32403     4.391415
32404     8.616336
32405    13.183365
32406    17.979229
32407    23.657576
32408    29.959951
32409    34.078899
32410    37.084000
32411    40.041294
32412    43.348572
32413    46.334602
32414    49.232445
32415    52.046650
32416    54.781319
32417    57.745777
38071     1.988156
38072     3.823128
38075    16.964336
38076    22.569231
38077    28.816078
38078    33.005142
38079    36.106174
38080    39.138523
38081    42.493961
38082    45.524872
38083    48.458012
38084    51.300186
38085    54.056561
Name: X, dtype: float64
index + 17 dont exist in y_ground_df, continue
index + 17 dont exist in y_ground_df, continue
index + 17 dont exist in y_ground_df, continue
19
FPC
[0, 0.00542458355, 0.01348508835, 0.025190596580000002, 0.04391415119, 0.08616335869, 0.1318336487, 0.17979228970000002, 0.23657575609999998, 0.299599514, 0.34078899380000005, 0.37083999630000003, 0.400412941, 0.4334857178, 0.4633460236, 0.4923244476, 0.5204664993, 0.5478131866, 0.5774577713]
Error in 27 mass flow rate is 0.003872 
Error in 32 mass flow rate is 0.001231 
Error in 36 mass flow rate is 0.001591 
Mass flow rate generalization takes 0.42566763957341514 min 25.540058374404907 sec.
Case2: CCl4 concentration...
cracking 0.0005
cracking 0.00025
cracking 0.000625
cracking 0.000375
cracking 0.000875
cracking 0.00075
cracking 0.000125
cracking 0.0
cracking 0.000375
cracking 0.000625
cracking 0.00075
cracking 0.000875
cracking 0.00025
cracking 0.0
cracking 0.000125
cracking 0.0005
prev_y: 0
prev_y: 0.005502492189407349
prev_y: 0.014523446559906006
prev_y: 0.02577570080757141
prev_y: 0.04171955585479736
prev_y: 0.07489535212516785
prev_y: 0.1122487485408783
prev_y: 0.14948272705078125
prev_y: 0.2059754729270935
prev_y: 0.2691764235496521
prev_y: 0.3089531660079956
prev_y: 0.34359878301620483
prev_y: 0.3739885091781616
prev_y: 0.4074345827102661
prev_y: 0.43759292364120483
prev_y: 0.4672272503376007
prev_y: 0.4952310025691986
prev_y: 0.5229232311248779
prev_y: 0
4769     49.846069
4787     50.295673
4805     50.753357
31680     0.541702
31681     1.337990
31682     2.467171
31683     4.165375
31684     7.507545
31685    11.026672
31686    14.946434
31687    20.012291
31688    26.076492
31689    30.217064
31690    33.291397
31691    36.324223
31692    39.711197
31693    42.783905
31694    45.770622
31695    48.677361
31696    51.508545
31697    54.577679
37351     1.938072
37352     3.604752
37355    14.107353
37356    19.077141
37357    25.040344
37358    29.226753
37359    32.383583
37360    35.480537
37361    38.904716
37362    42.012615
37363    45.027523
37364    47.955437
37365    50.801556
Name: X, dtype: float64
index + 17 dont exist in y_ground_df, continue
index + 17 dont exist in y_ground_df, continue
index + 17 dont exist in y_ground_df, continue
19
FPC
[0, 0.00541702271, 0.01337989807, 0.02467170715, 0.04165374756, 0.07507545471, 0.11026672359999999, 0.1494643402, 0.2001229095, 0.2607649231, 0.302170639, 0.33291397089999997, 0.3632422256, 0.39711196899999995, 0.4278390503, 0.45770622250000004, 0.4867736053, 0.5150854492, 0.5457767868]
cracking 0.001
prev_y: 0.005576729774475098
prev_y: 0
prev_y: 0.01418641209602356
prev_y: 0.025290459394454956
prev_y: 0
prev_y: 0
prev_y: 0.04330086708068848
prev_y: 0.08403235673904419
prev_y: 0.1307876706123352
prev_y: 0.0055464208126068115
prev_y: 0.17968961596488953
prev_y: 0.014304012060165405
prev_y: 0.23406341671943665
prev_y: 0.02522304654121399
prev_y: 0.2965211868286133
prev_y: 0.042872607707977295
prev_y: 0.33500009775161743
prev_y: 0.08356785774230957
prev_y: 0.36430078744888306
prev_y: 0.12876474857330322
prev_y: 0.3940940499305725
prev_y: 0.17747443914413452
prev_y: 0.42586755752563477
prev_y: 0.23075538873672485
prev_y: 0.2928912043571472
prev_y: 0.4549081325531006
prev_y: 0.33118969202041626
prev_y: 0.48382046818733215
prev_y: 0
prev_y: 0.3604363203048706
prev_y: 0.5113703012466431
prev_y: 0
prev_y: 0.3899824619293213
prev_y: 0.5385014414787292
prev_y: 0.42156511545181274
prev_y: 0.45032578706741333
prev_y: 0.4787813723087311
prev_y: 0.507178008556366
prev_y: 0.5358061790466309
prev_y: 0
cracking 0.001
prev_y: 0.0055162906646728516
32130     0.541728
32131     1.345468
32132     2.503976
32133     4.321380
32134     8.253869
32135    12.474607
32136    17.004583
32137    22.510054
32138    28.737150
32139    32.854691
32140    35.874935
32141    38.849796
32142    42.176178
32143    45.184940
32144    48.106636
32145    50.946999
32146    53.709663
32147    56.705158
37801     1.973470
37802     3.756246
37805    16.047337
37806    21.469456
37807    27.627365
37808    31.807812
37809    34.919773
37810    37.966515
37811    41.337311
37812    44.387512
37813    47.342590
37814    50.208595
37815    52.990883
Name: X, dtype: float64
19
FPC
[0, 0.0054172802, 0.01345468163, 0.025039756299999997, 0.04321380138, 0.08253869057000002, 0.1247460747, 0.17004583360000003, 0.22510053630000001, 0.2873715019, 0.3285469055, 0.3587493515, 0.388497963, 0.42176177979999996, 0.45184940339999996, 0.4810663605, 0.509469986, 0.5370966339000001, 0.5670515823]
32220     0.542414
32221     1.346515
32222     2.509336
32223     4.345644
32224     8.379178
32225    12.720531
32226    17.345581
32227    22.913807
32228    29.167658
32229    33.284927
32230    36.299171
32231    39.267300
32232    42.586494
32233    45.586723
32234    48.499870
32235    51.330868
32236    54.083344
32237    57.067833
37891     1.978695
37892     3.779629
37895    16.368149
37896    21.856274
37897    28.045601
37898    32.228561
37899    35.336056
37900    38.377071
37901    41.742035
37902    44.785194
37903    47.732018
37904    50.589596
37905    53.362576
Name: X, dtype: float64
19
FPC
[0, 0.00542414248, 0.01346514583, 0.02509335756, 0.043456435200000004, 0.08379178047, 0.1272053051, 0.1734558105, 0.2291380692, 0.2916765785, 0.3328492737, 0.3629917145, 0.3926729965, 0.42586494449999995, 0.4558672333, 0.484998703, 0.5133086777, 0.5408334351, 0.5706783295000001]
prev_y: 0.005505502223968506
prev_y: 0.014447927474975586
prev_y: 0.014605730772018433
prev_y: 0.025203555822372437
prev_y: 0.00560721755027771
prev_y: 0.005511581897735596
prev_y: 0.0055085718631744385
cracking 0.001125
cracking 0.00125
prev_y: 0.02605593204498291
prev_y: 0.01470133662223816
prev_y: 0.042548567056655884
prev_y: 0.014090865850448608
prev_y: 0.014682859182357788
prev_y: 0.04186806082725525
prev_y: 0.025395750999450684
prev_y: 0.08334082365036011
prev_y: 0.02564328908920288
prev_y: 0.025378406047821045
prev_y: 0.12647545337677002
prev_y: 0.042367398738861084
prev_y: 0.042146503925323486
prev_y: 0.07691192626953125
prev_y: 0.04371526837348938
prev_y: 0.17467358708381653
prev_y: 0.0813744068145752
prev_y: 0.11307108402252197
prev_y: 0.07877463102340698
prev_y: 0.08494767546653748
prev_y: 0.22720187902450562
prev_y: 0.12302127480506897
prev_y: 0.1564655303955078
prev_y: 0.1186666488647461
prev_y: 0.13317769765853882
prev_y: 0.16960114240646362
prev_y: 0.288698673248291
prev_y: 0.21253088116645813
prev_y: 0.1636526882648468
prev_y: 0.32677775621414185
prev_y: 0.2772465944290161
prev_y: 0.22348132729530334
prev_y: 0.1818954348564148
prev_y: 0.21787011623382568
prev_y: 0.3570009469985962
prev_y: 0.28329864144325256
prev_y: 0.3156631588935852
prev_y: 0.23765504360198975
prev_y: 0.28164374828338623
prev_y: 0.3874914050102234
prev_y: 0.32033491134643555
prev_y: 0.3469928205013275
prev_y: 0.31450337171554565
prev_y: 0.3005174398422241
prev_y: 0.3507537543773651
prev_y: 0.41967344284057617
prev_y: 0.3393763303756714
prev_y: 0.37945112586021423
prev_y: 0.34508925676345825
prev_y: 0.38282349705696106
prev_y: 0.4482983946800232
prev_y: 0.3793635070323944
prev_y: 0.41626808047294617
prev_y: 0.41539841890335083
prev_y: 0.36833882331848145
prev_y: 0.4760482609272003
prev_y: 0.41567790508270264
prev_y: 0.44567447900772095
prev_y: 0.44756901264190674
prev_y: 0.3981481194496155
prev_y: 0.5035477876663208
prev_y: 0.4460937976837158
prev_y: 0.4738856852054596
prev_y: 0.4770541787147522
prev_y: 0.531579315662384
prev_y: 0.47611865401268005
prev_y: 0.5002647042274475
prev_y: 0.5043594837188721
prev_y: 0.43010079860687256
prev_y: 0.5315989255905151
prev_y: 0.5272700190544128
4823     51.623543
4841     52.053825
4859     52.492455
32040     0.541882
32041     1.344231
32042     2.497915
32043     4.295200
32044     8.122637
32045    12.217281
32046    16.644733
32047    22.081114
32048    28.279892
32049    32.398544
32050    35.425644
32051    38.408493
32052    41.742748
32053    44.761127
32054    47.692856
32055    50.543480
32056    53.317299
32057    56.324795
37711     1.967979
37712     3.731189
37715    15.708635
37716    21.058371
37717    27.182899
37718    31.361494
37719    34.478882
37720    37.532063
37721    40.909870
37722    43.968147
37723    46.932514
37724    49.808250
37725    52.600548
Name: X, dtype: float64
prev_y: 0.5038020014762878
index + 17 dont exist in y_ground_df, continue
index + 17 dont exist in y_ground_df, continue
index + 17 dont exist in y_ground_df, continue
19
FPC
[0, 0.00541881621, 0.013442312480000001, 0.024979145530000003, 0.04295199871, 0.08122636795, 0.1221728134, 0.1664473343, 0.22081113819999998, 0.28279891970000004, 0.3239854431, 0.3542564392, 0.3840849304, 0.4174274826, 0.4476112747, 0.47692855829999997, 0.5054347992, 0.5331729889, 0.5632479477]
prev_y: 0.45934438705444336
prev_y: 0.5290864706039429
prev_y: 0.48784202337265015
cracking 0.001375
31950     0.541325
31951     1.342926
31952     2.491726
31953     4.266912
31954     7.984195
31955    11.946932
31956    16.263231
31957    21.622541
31958    27.791443
31959    31.912319
31960    34.947720
31961    37.939823
31962    41.284466
31963    44.312798
31964    47.255867
31965    50.118141
31966    52.903507
31967    55.924343
37621     1.961841
37622     3.704316
37625    15.349513
37626    20.619343
37627    26.707998
37628    30.885918
37629    34.010067
37630    37.070984
37631    40.457230
37632    43.525303
37633    46.499355
37634    49.385841
37635    52.189384
Name: X, dtype: float64
19
FPC
31770     0.541053
31771     1.340141
31772     2.476842
31773     4.203300
31774     7.679679
31775    11.356103
31776    15.419874
31777    20.596409
31778    26.698132
31779    30.829142
31780    33.887325
31781    36.903980
31782    40.273952
31783    43.329025
31784    46.298855
31785    49.188999
31786    52.002823
31787    55.054344
37441     1.947242
37442     3.642408
37445    14.554661
37446    19.636328
37447    25.644800
37448    29.825911
37449    32.968884
37450    36.051121
37451    39.459869
37452    42.552090
37453    45.551327
37454    48.463448
37455    51.293407
Name: X, dtype: float64[0, 0.0054132545, 0.013429260249999998, 0.02491725683, 0.04266911983, 0.07984195232, 0.1194693184, 0.16263231279999998, 0.21622541429999997, 0.2779144287, 0.3191231918, 0.34947719569999997, 0.3793982315, 0.41284465789999997, 0.4431279755, 0.47255867, 0.5011814117, 0.5290350723, 0.5592434311000001]

19
FPC
[0, 0.005410527589999999, 0.01340141058, 0.024768416879999998, 0.04203299522, 0.07679678917, 0.1135610294, 0.1541987419, 0.2059640884, 0.2669813156, 0.3082914162, 0.3388732529, 0.36903980259999997, 0.40273952479999997, 0.43329025270000004, 0.4629885483, 0.49188999180000004, 0.5200282288, 0.5505434418]
prev_y: 0.5160117149353027
31860     0.541349
31861     1.341674
31862     2.484447
31863     4.237044
31864     7.837187
31865    11.660980
31866    15.856541
31867    21.130030
31868    27.266428
31869    31.391476
31870    34.436951
31871    37.439999
31872    40.796062
31873    43.836716
31874    46.792538
31875    49.667618
31876    52.466686
31877    55.502041
37531     1.955185
37532     3.674968
37535    14.966463
37536    20.147499
37537    26.197657
37538    30.376007
37539    33.508472
37540    36.579025
37541    39.975403
37542    43.054581
37543    46.040283
37544    48.938595
37545    51.754738
Name: X, dtype: float64
19
FPC
[0, 0.0054134929200000004, 0.013416744469999999, 0.02484446526, 0.042370438579999996, 0.07837186813, 0.1166098022, 0.1585654068, 0.2113002968, 0.27266427990000003, 0.31391475679999997, 0.3443695068, 0.3743999863, 0.40796062470000005, 0.438367157, 0.4679253769, 0.496676178, 0.5246668625, 0.5550204086]
cracking 0.001625
cracking 0.0015
prev_y: 0.5431240200996399
cracking 0.00175
32310     0.541825
32311     1.347661
32312     2.514255
32313     4.369035
32314     8.499916
32315    12.956445
32316    17.669851
32317    23.295486
32318    29.574274
32319    33.692043
32320    36.701366
32321    39.663750
32322    42.976536
32323    45.969486
32324    48.874496
32325    51.696651
32326    54.439999
32327    57.414059
37981     1.983494
37982     3.801911
37985    16.673145
37986    22.222090
37987    28.441011
37988    32.626896
37989    35.730701
37990    38.766991
37991    42.126820
37992    45.189877
37993    48.103359
37994    50.952766
37995    53.717201
Name: X, dtype: float64
19
FPC
[0, 0.00541825473, 0.013476606609999999, 0.025142545699999998, 0.04369034767, 0.08499916077, 0.1295644474, 0.176698513, 0.2329548645, 0.2957427406, 0.33692043299999996, 0.3670136642, 0.39663749690000005, 0.42976535799999993, 0.4596948624, 0.48874496460000005, 0.5169665146, 0.5443999863, 0.5741405869]
cracking 0.001875
cracking 0.00125
cracking 0.001125
cracking 0.0015
cracking 0.00175
cracking 0.001625
cracking 0.001375
cracking 0.001875
prev_y: 0
prev_y: 0.005637764930725098
prev_y: 0.014013826847076416
prev_y: 0.025481611490249634
prev_y: 0.04411894083023071
prev_y: 0.08595460653305054
prev_y: 0.13549527525901794
prev_y: 0.1846449077129364
prev_y: 0.24130716919898987
prev_y: 0.3043716549873352
prev_y: 0.3431944251060486
prev_y: 0.3733755648136139
prev_y: 0.4029846787452698
prev_y: 0.43460720777511597
prev_y: 0.4631791114807129
prev_y: 0.49173951148986816
prev_y: 0.5200013518333435
prev_y: 0.5477919578552246
4877     53.057343
4895     53.473549
4913     53.898239
32400     0.542458
32401     1.348509
32402     2.519060
32403     4.391415
32404     8.616336
32405    13.183365
32406    17.979229
32407    23.657576
32408    29.959951
32409    34.078899
32410    37.084000
32411    40.041294
32412    43.348572
32413    46.334602
32414    49.232445
32415    52.046650
32416    54.781319
32417    57.745777
38071     1.988156
38072     3.823128
38075    16.964336
38076    22.569231
38077    28.816078
38078    33.005142
38079    36.106174
38080    39.138523
38081    42.493961
38082    45.524872
38083    48.458012
38084    51.300186
38085    54.056561
Name: X, dtype: float64
index + 17 dont exist in y_ground_df, continue
index + 17 dont exist in y_ground_df, continue
index + 17 dont exist in y_ground_df, continue
19
FPC
[0, 0.00542458355, 0.01348508835, 0.025190596580000002, 0.04391415119, 0.08616335869, 0.1318336487, 0.17979228970000002, 0.23657575609999998, 0.299599514, 0.34078899380000005, 0.37083999630000003, 0.400412941, 0.4334857178, 0.4633460236, 0.4923244476, 0.5204664993, 0.5478131866, 0.5774577713]
cracking 0.002
prev_y: 0
prev_y: 0.005697876214981079
prev_y: 0.013996422290802002
prev_y: 0
prev_y: 0.02571013569831848
prev_y: 0.04486823081970215
prev_y: 0.08793672919273376
prev_y: 0.005668818950653076
prev_y: 0.13965556025505066
prev_y: 0.013987839221954346
prev_y: 0.19051086902618408
prev_y: 0.24820619821548462
prev_y: 0.025599777698516846
prev_y: 0.3113481402397156
prev_y: 0.044514626264572144
prev_y: 0.3503549098968506
prev_y: 0.08694875240325928
prev_y: 0.38001197576522827
prev_y: 0.13766232132911682
prev_y: 0.18760523200035095
prev_y: 0.4093761742115021
prev_y: 0.24480918049812317
prev_y: 0.4399016499519348prev_y: 0.30780088901519775

prev_y: 0.3467404246330261
prev_y: 0.4680391252040863
prev_y: 0.3769315779209137
prev_y: 0.49711599946022034
prev_y: 0.4064972996711731
prev_y: 0.4374409019947052
prev_y: 0.5253555774688721
prev_y: 0.46569308638572693
prev_y: 0.5536521673202515
prev_y: 0.494588702917099
prev_y: 0.5226921439170837
prev_y: 0.5509241819381714
32580     0.542472
32581     1.350076
32582     2.527795
32583     4.432566
32584     8.837959
32585    13.613895
32586    18.559248
32587    24.331181
32588    30.677729
32589    34.800129
32590    37.797985
32591    40.746830
32592    44.044872
32593    47.019554
32594    49.903885
32595    52.703873
32596    55.423183
32597    58.369591
38251     1.996713
38252     3.862861
38255    17.510315
38256    23.215191
38257    29.513828
38258    33.710419
38259    36.806835
38260    39.832638
38261    43.180828
38262    46.201775
38263    49.123581
38264    51.952835
38265    54.694805
Name: X, dtype: float64
19
FPC
[0, 0.00542471886, 0.013500763180000002, 0.025277950759999997, 0.044325656889999995, 0.08837959290000001, 0.1361389542, 0.1855924797, 0.2433118057, 0.30677728649999997, 0.3480012894, 0.37797985079999996, 0.4074682999, 0.4404487228, 0.47019554139999997, 0.4990388489, 0.5270387268000001, 0.5542318344, 0.5836959076]
32490     0.542610
32491     1.349266
32492     2.523576
32493     4.412122
32494     8.728655
32495    13.402409
32496    18.275398
32497    24.002178
32498    30.327028
32499    34.447632
32500    37.448933
32501    40.401661
32502    43.704071
32503    46.684307
32504    49.575214
32505    52.381802
32506    55.108685
32507    58.063862
38161     1.992446
38162     3.843329
38165    17.243002
38166    22.899742
38167    29.173098
38168    33.365719
38169    36.464256
38170    39.493118
38171    42.844631
38172    45.870312
38173    48.797527
38174    51.633106
38175    54.382198
Name: X, dtype: float64
19
FPC
[0, 0.00542610288, 0.01349265814, 0.02523576021, 0.04412121773, 0.08728654861000001, 0.134024086, 0.1827539825, 0.24002178189999998, 0.3032702827, 0.3444763184, 0.37448932650000005, 0.4040166092, 0.43704071040000003, 0.466843071, 0.4957521439, 0.5238180161, 0.5510868454, 0.5806386185]
cracking 0.002125
cracking 0.00225
prev_y: 0
prev_y: 0.005750507116317749
prev_y: 0.01389053463935852
prev_y: 0.025813370943069458
prev_y: 0.044776976108551025
prev_y: 0.09148496389389038
prev_y: 0.14826864004135132
prev_y: 0.2020208239555359
prev_y: 0.26096296310424805
prev_y: 0.3249627947807312
prev_y: 0
prev_y: 0.36371082067489624
prev_y: 0.3935723304748535
prev_y: 0.005737334489822388
prev_y: 0.421652615070343
prev_y: 0.013908058404922485
prev_y: 0.45207133889198303
prev_y: 0.025780916213989258
prev_y: 0.4817083775997162
prev_y: 0.04483446478843689
prev_y: 0.5106533765792847
prev_y: 0.09080934524536133
prev_y: 0.5391642451286316
prev_y: 0.14686334133148193
prev_y: 0.5667320489883423
prev_y: 0.19963520765304565
prev_y: 0
32940     0.543240
32941     1.353550
32942     2.543712
32943     4.507874
32944     9.246910
32945    14.398619
32946    19.593386
32947    25.518168
32948    31.941961
32949    36.073360
32950    39.061821
32951    41.997856
32952    45.282249
32953    48.238506
32954    51.101791
32955    53.877739
32956    56.570747
32957    59.487003
38611     2.011913
38612     3.934414
38615    18.484421
38616    24.354527
38617    30.743607
38618    34.956093
38619    38.047081
38620    41.063995
38621    44.402119
38622    47.407864
38623    50.310738
38624    53.118423
38625    55.836315
Name: X, dtype: float64
prev_y: 0.25831151008605957
19
FPC
[0, 0.00543240428, 0.013535498380000002, 0.02543712378, 0.045078735349999996, 0.09246910095000001, 0.143986187, 0.195933857, 0.255181675, 0.3194196129, 0.3607336044, 0.3906182098, 0.4199785614, 0.4528224945, 0.48238506319999996, 0.5110179138000001, 0.5387773895, 0.5657074738, 0.5948700333]
prev_y: 0.3219240605831146
cracking 0.002375
prev_y: 0.3607892096042633
prev_y: 0.005724221467971802
prev_y: 0.013931095600128174
prev_y: 0.3904463052749634
prev_y: 0.025752395391464233
prev_y: 0.418838769197464
prev_y: 0.044938743114471436
prev_y: 0.08987462520599365
prev_y: 0.44910526275634766
prev_y: 0.14364191889762878
prev_y: 0.4786009192466736
prev_y: 0.1961020529270172
prev_y: 0.5075985193252563
prev_y: 0.25481879711151123
prev_y: 0.536180853843689
prev_y: 0.3182607889175415
prev_y: 0.5640403032302856
prev_y: 0.3574035167694092
prev_y: 0.3868773579597473
32850     0.543104
32851     1.352754
32852     2.540131
32853     4.489710
32854     9.148190
32855    14.210928
32856    19.348587
32857    25.238491
32858    31.644516
32859    35.772999
32860    38.763474
32861    41.702236
32862    44.989590
32863    47.950134
32864    50.818348
32865    53.599792
32866    56.298611
32867    59.221794
38521     2.008337
38522     3.917323
38525    18.253675
38526    24.086052
38527    30.453899
38528    34.662251
38529    37.754295
38530    40.773239
38531    44.113411
38532    47.122414
38533    50.029663
38534    52.842213
38535    55.566029
Name: X, dtype: float64
19
FPC
[0, 0.00543103576, 0.013527536389999999, 0.02540130854, 0.04489709854, 0.09148189544999999, 0.1421092796, 0.1934858704, 0.2523849106, 0.3164451599, 0.35772998809999995, 0.38763473509999996, 0.4170223618, 0.44989589690000004, 0.4795013428, 0.5081834793, 0.5359979248, 0.5629861069, 0.5922179412999999]
prev_y: 0.4157145619392395
prev_y: 0.44596025347709656
cracking 0.0025
prev_y: 0.4750591516494751
prev_y: 0.5041274428367615
prev_y: 0.5327628254890442
prev_y: 0.5609274506568909
4931     54.265797
4949     54.671265
4967     55.084660
32760     0.542676
32761     1.351919
32762     2.536466
32763     4.471398
32764     9.047612
32765    14.017790
32766    19.095016
32767    24.948162
32768    31.335169
32769    35.461308
32770    38.454155
32771    41.396130
32772    44.686485
32773    47.651424
32774    50.524719
32775    53.311901
32776    56.017242
32777    58.947922
38431     2.004540
38432     3.899724
38435    18.014812
38436    23.807268
38437    30.153074
38438    34.357578
38439    37.450680
38440    40.471684
38441    43.814156
38442    46.826836
38443    49.738602
38444    52.556316
38445    55.285847
Name: X, dtype: float64
index + 17 dont exist in y_ground_df, continue
index + 17 dont exist in y_ground_df, continue
index + 17 dont exist in y_ground_df, continue
19
FPC
[0, 0.00542676449, 0.01351919413, 0.02536465883, 0.04471397877, 0.09047612190000001, 0.1401778984, 0.19095016480000002, 0.2494816208, 0.3133516884, 0.35461307529999997, 0.3845415497, 0.41396129610000004, 0.4468648529, 0.4765142441, 0.5052471924, 0.5331190109, 0.5601724243, 0.5894792175]
prev_y: 0
prev_y: 0.005710989236831665
prev_y: 0.01396024227142334
prev_y: 0.02572852373123169
prev_y: 0.04503825306892395
prev_y: 0.088947594165802
prev_y: 0.14161080121994019
prev_y: 0.193360835313797
prev_y: 0.2516756057739258
prev_y: 0.3149864077568054
prev_y: 0.3540709912776947
prev_y: 0.3836756944656372
prev_y: 0.4129598140716553
prev_y: 0.44324547052383423
prev_y: 0.47183218598365784
prev_y: 0.5008833408355713
prev_y: 0
prev_y: 0.5293689370155334
prev_y: 0.5577546954154968
cracking 0.002
prev_y: 0.0057637691497802734
32670     0.542807
32671     1.351246
32672     2.532054
32673     4.452388
32674     8.943993
32675    13.818852
32676    18.832161
32677    24.646019
32678    31.013302
32679    35.137512
32680    38.132671
32681    41.077824
32682    44.371891
32683    47.341526
32684    50.220081
32685    53.013393
32686    55.725685
32687    58.664047
38341     2.000722
38342     3.881589
38345    17.767252
38346    23.517315
38347    29.840088
38348    34.040627
38349    37.135242
38350    40.158489
38351    43.503643
38352    46.520302
38353    49.436935
38354    52.259995
38355    54.995678
Name: X, dtype: float64
19
FPC
[0, 0.00542807221, 0.01351246119, 0.025320537089999998, 0.044523882869999996, 0.08943992615000002, 0.1381885242, 0.1883216095, 0.2464601898, 0.3101330185, 0.3513751221, 0.38132671360000003, 0.4107782364, 0.4437189102, 0.4734152603, 0.5022008133, 0.530133934, 0.5572568512, 0.5866404724000001]
prev_y: 0.013877719640731812
prev_y: 0.025848954916000366
prev_y: 0.044759273529052734
prev_y: 0.09209650754928589
prev_y: 0.1496429145336151
prev_y: 0.2040223777294159
prev_y: 0.26339516043663025
prev_y: 0.32776910066604614
prev_y: 0.3665509819984436
prev_y: 0.3965809941291809
prev_y: 0.4244038164615631
prev_y: 0.45496124029159546
prev_y: 0.48455414175987244
prev_y: 0.5134423971176147
prev_y: 0.5419291853904724
prev_y: 0.5692753791809082
33030     0.543392
33031     1.353964
33032     2.547776
33033     4.525368
33034     9.343522
33035    14.581598
33036    19.830307
33037    25.787788
33038    32.229309
33039    36.363182
33040    39.349762
33041    42.283451
33042    45.564930
33043    48.517471
33044    51.376205
33045    54.146992
33046    56.833817
33047    59.743198
38701     1.744130
38702     3.336127
38705    17.143639
38706    22.835997
38707    29.049589
38708    34.203415
38709    37.591595
38710    40.547531
38711    43.448956
38712    46.692268
38713    49.608681
38714    52.431084
38715    55.165054
Name: X, dtype: float64
19
FPC
[0, 0.0054339242, 0.01353963614, 0.025477759840000003, 0.045253682139999994, 0.09343522072, 0.1458159828, 0.19830307009999998, 0.2578778839, 0.3222930908, 0.3636318207, 0.3934976196, 0.4228345108, 0.4556492996, 0.4851747131, 0.5137620544, 0.5414699173, 0.5683381653, 0.5974319839000001]
cracking 0.002125
cracking 0.00225
cracking 0.002375
cracking 0.0025
prev_y: 0
prev_y: 0.00577700138092041
prev_y: 0.01386919617652893
prev_y: 0.02588745951652527
prev_y: 0.04477575421333313
prev_y: 0.09272214770317078
prev_y: 0.15127027034759521
prev_y: 0.20611968636512756
prev_y: 0.26589933037757874
prev_y: 0.3305586576461792
prev_y: 0.3694315254688263
prev_y: 0.39954468607902527
prev_y: 0.42713668942451477
prev_y: 0.4578033983707428
prev_y: 0.4873393774032593
prev_y: 0.5161416530609131
prev_y: 0.5445771217346191
prev_y: 0.5718592405319214
33120     0.543270
33121     1.354699
33122     2.551046
33123     4.542449
33124     9.437722
33125    14.759844
33126    20.059813
33127    26.048229
33128    32.506779
33129    36.643238
33130    39.628147
33131    42.559517
33132    45.838524
33133    48.787399
33134    51.641895
33135    54.407429
33136    57.088913
33137    59.992123
38791     2.018900
38792     3.967109
38795    18.924217
38796    24.863777
38797    31.293041
38798    35.513557
38799    38.603218
38800    41.616764
38801    44.951412
38802    47.950775
38803    50.845932
38804    53.644531
38805    56.352123
Name: X, dtype: float64
19
FPC
[0, 0.00543269515, 0.01354699254, 0.02551046371, 0.04542448521, 0.09437722206, 0.1475984383, 0.2005981255, 0.2604822922, 0.3250677872, 0.3664323807, 0.3962814713, 0.4255951691, 0.4583852386, 0.48787399290000005, 0.5164189529000001, 0.5440742874, 0.5708891296, 0.5999212265]
prev_y: 0
prev_y: 0.005790203809738159
prev_y: 0.013864487409591675
prev_y: 0.02592828869819641
prev_y: 0.04482194781303406
prev_y: 0.093360036611557
prev_y: 0.15281829237937927
prev_y: 0.208135724067688
prev_y: 0.2683489918708801
prev_y: 0.3333107829093933
prev_y: 0.37238067388534546
prev_y: 0.4019913077354431
prev_y: 0.42944276332855225
prev_y: 0
prev_y: 0.460244357585907
prev_y: 0.48976072669029236
prev_y: 0.005803495645523071
prev_y: 0.01386311650276184
prev_y: 0.5184947848320007
prev_y: 0.025971204042434692
prev_y: 0.5468838810920715
prev_y: 0.044894129037857056
prev_y: 0.5741125345230103
33210     0.543575
33211     1.355534
33212     2.554432
33213     4.558943
33214     9.530605
33215    14.933734
33216    20.282272
33217    26.300188
33218    32.775318
33219    36.914417
33220    39.897678
33221    42.826954
33222    46.103859
33223    49.049004
33224    51.899342
33225    54.660053
33226    57.336227
33227    60.232941
38881     2.022188
38882     3.983020
38885    19.134233
38886    25.106014
38887    31.554218
38888    35.778847
38889    38.868099
38890    41.880196
38891    45.213154
38892    48.209831
38893    51.101192
38894    53.895512
38895    56.598236
Name: X, dtype: float64
19
FPC
[0, 0.005435745120000001, 0.013555339569999998, 0.025544316770000002, 0.045589427950000004, 0.09530605316000001, 0.1493373394, 0.2028227234, 0.2630018806, 0.3277531815, 0.3691441727, 0.3989767838, 0.42826953889999997, 0.46103858950000004, 0.49049003599999996, 0.5189934158, 0.5466005325, 0.5733622742, 0.6023294067]
prev_y: 0.09400853514671326
prev_y: 0.15378546714782715
prev_y: 0.20976632833480835
prev_y: 0.2705404758453369
prev_y: 0.3358857035636902
prev_y: 0.3752073347568512
prev_y: 0.40434110164642334
prev_y: 0.43166691064834595
prev_y: 0.46257516741752625
prev_y: 0.4920685589313507
prev_y: 0
prev_y: 0.5207204818725586
prev_y: 0.5490438938140869
prev_y: 0.005816727876663208
prev_y: 0.5762089490890503
prev_y: 0.01386481523513794
prev_y: 0.026015937328338623
33300     0.543528
33301     1.356186
33302     2.557711
33303     4.575198
33304     9.621357
33305    15.103373
33306    20.498394
33307    26.544270
33308    33.035316
33309    37.176598
33310    40.158909
33311    43.086243
33312    46.360798
33313    49.302807
33314    52.149208
33315    54.905220
33316    57.576035
33317    60.467091
38971     2.025409
38972     3.998315
38975    19.338221
38976    25.340763
38977    31.807278
38978    36.035862
38979    39.124317
38980    42.135399
38981    45.467037
38982    48.460777
38983    51.349152
38984    54.139244
38985    56.837082
Name: X, dtype: float64
19
FPC
[0, 0.00543527961, 0.01356185675, 0.02557711124, 0.045751976970000004, 0.09621356964, 0.15103372569999998, 0.20498394009999998, 0.2654426956, 0.3303531647, 0.371765976, 0.4015890884, 0.4308624268, 0.4636079788, 0.4930280685, 0.5214920807, 0.5490522003, 0.5757603455, 0.6046709061]
prev_y: 0.04498910903930664
prev_y: 0.09466639161109924
prev_y: 0.1545429229736328
prev_y: 0.21119803190231323
prev_y: 0.27254581451416016
prev_y: 0.33833372592926025
prev_y: 0.3779507279396057
prev_y: 0.4066828489303589
prev_y: 0.43387871980667114
prev_y: 0.46485430002212524
prev_y: 0.4943144619464874
prev_y: 0.522911012172699
prev_y: 0.5511105060577393
prev_y: 0.578201413154602
33390     0.627169
33391     1.535913
33392     2.917857
33393     5.380042
33394    11.180683
33395    16.174807
33396    22.302740
33397    28.510355
33398    33.872265
33399    37.995029
33400    40.960819
33401    43.870090
33402    47.123203
33403    50.044552
33404    52.869083
33405    55.603046
33406    58.250938
33407    61.041443
39061     2.028660
39062     4.013438
39065    19.536596
39066    25.568455
39067    32.052765
39068    36.285275
39069    39.373341
39070    42.383324
39071    45.713516
39072    48.704849
39073    51.589844
39074    54.376019
39075    57.069374
Name: X, dtype: float64
19
FPC
[0, 0.00627168536, 0.01535912514, 0.02917856932, 0.05380041599, 0.11180683139999999, 0.1617480659, 0.22302740100000001, 0.28510355, 0.3387226486, 0.37995029449999995, 0.4096081924, 0.4387009048, 0.4712320328, 0.5004455185, 0.528690834, 0.5560304642, 0.5825093842, 0.6104144287]
prev_y: 0
prev_y: 0.005812287330627441
prev_y: 0.013868361711502075
prev_y: 0.026062190532684326
prev_y: 0.04510456323623657
prev_y: 0.09533262252807617
prev_y: 0.15529343485832214
prev_y: 0.21259957551956177
prev_y: 0.2745386064052582
prev_y: 0.34078848361968994
prev_y: 0.3799491226673126
prev_y: 0.4085688591003418
prev_y: 0.4356969892978668
prev_y: 0.46675628423690796
prev_y: 0.4962206482887268
prev_y: 0.524821400642395
prev_y: 0.5528560280799866
prev_y: 0.5799062252044678
33480     0.715075
33481     1.753300
33482     3.380307
33483     6.533431
33484    12.606651
33485    18.110371
33486    23.982710
33487    30.302004
33488    35.496487
33489    38.886726
33490    41.835896
33491    44.727448
33492    47.959572
33493    50.859642
33494    53.661911
33495    56.372982
33496    58.997246
33497    61.612911
39151     2.031729
39152     4.028282
39155    19.729744
39156    25.789556
39157    32.291306
39158    36.527508
39159    39.615082
39160    42.624306
39161    45.953175
39162    48.941998
39163    51.823925
39164    54.606083
39165    57.295177
Name: X, dtype: float64
19
FPC
[0, 0.007150750159999999, 0.01753299832, 0.033803074360000004, 0.06533431053, 0.1260665131, 0.18110370639999998, 0.23982709880000003, 0.3030200386, 0.35496486660000004, 0.3888672638, 0.4183589554, 0.44727447509999996, 0.47959571840000004, 0.5085964203000001, 0.5366191101, 0.5637298203000001, 0.5899724579, 0.6161291122]
Error in concentration in 0.0ppm is 0.005312 
Error in concentration in 125.0ppm is 0.006528 
Error in concentration in 250.0ppm is 0.003599 
Error in concentration in 375.0ppm is 0.002410 
Error in concentration in 500.0ppm is 0.002489 
Error in concentration in 625.0ppm is 0.002082 
Error in concentration in 750.0ppm is 0.001810 
Error in concentration in 875.0ppm is 0.001594 
Error in concentration in 1000.0ppm is 0.001591 
Error in concentration in 1125.0ppm is 0.001671 
Error in concentration in 1250.0ppm is 0.001804 
Error in concentration in 1375.0ppm is 0.001731 
Error in concentration in 1500.0ppm is 0.001743 
Error in concentration in 1625.0ppm is 0.001923 
Error in concentration in 1750.0ppm is 0.001897 
Error in concentration in 1875.0ppm is 0.001850 
Error in concentration in 2000.0ppm is 0.001857 
Error in concentration in 2125.0ppm is 0.001839 
Error in concentration in 2250.0ppm is 0.001752 
Error in concentration in 2375.0ppm is 0.005432 
Error in concentration in 2500.0ppm is 0.013391 
CCl4 concentration generalization takes 1.1706178029378256 min 10.237068176269531 sec.
Case3: Initial pressure...
cracking 0.001
cracking 0.001
cracking 0.001
cracking 0.001
cracking 0.001
cracking 0.001
cracking 0.001
cracking 0.001
cracking 0.001
cracking 0.001
prev_y: 0
prev_y: 0
prev_y: 0.005919158458709717
prev_y: 0.006214618682861328
prev_y: 0.01471412181854248
prev_y: 0.015496253967285156
prev_y: 0.02701592445373535
prev_y: 0.028653502464294434
prev_y: 0.04714980721473694
prev_y: 0.05025508999824524
prev_y: 0.09191268682479858
prev_y: 0.09850248694419861
prev_y: 0.14288389682769775
prev_y: 0.1515444815158844
prev_y: 0.19513481855392456
prev_y: 0.20600676536560059
prev_y: 0.25608956813812256
prev_y: 0.26964330673217773
prev_y: 0.3369795083999634
prev_y: 0.3215906620025635
prev_y: 0.37780898809432983
prev_y: 0.3612987995147705
prev_y: 0.40891531109809875
prev_y: 0.39121800661087036
prev_y: 0.4386904537677765
prev_y: 0.42174309492111206
prev_y: 0.45343679189682007
prev_y: 0.47128134965896606
prev_y: 0.4832615852355957
prev_y: 0.5022756457328796
prev_y: 0.5130351781845093
prev_y: 0.5330896973609924
prev_y: 0.5423776507377625
prev_y: 0.5623420476913452
prev_y: 0.5701581239700317
prev_y: 0.591063380241394
32418     0.586226
32419     1.456787
32420     2.720463
32421     4.736258
32422     9.276443
32423    14.178668
32424    19.268429
32425    25.208618
32426    31.733568
32427    35.971470
32428    39.051460
32429    42.074471
32430    45.446541
32431    48.482704
32432    51.420414
32433    54.265423
32434    57.022522
32435    60.001507
38089     2.145028
38090     4.117322
38093    18.143463
38094    24.015234
38095    30.494621
38096    34.812271
38097    37.995739
38098    41.100273
38099    44.527157
38100    47.613293
38101    50.591789
38102    53.469505
38103    56.252918
Name: X, dtype: float64
19
FPC
[0, 0.0058622616500000006, 0.014567866330000002, 0.027204632760000003, 0.0473625803, 0.09276442527999999, 0.1417866802, 0.19268428799999998, 0.2520861816, 0.3173356819, 0.3597146988, 0.3905146027, 0.42074470519999996, 0.45446540830000004, 0.48482704159999995, 0.5142041397, 0.5426542282, 0.5702252197, 0.6000150681]
5093     57.266998
5111     57.662952
5129     58.066563
32436     0.629719
32437     1.565561
32438     2.921959
32439     5.080405
32440     9.933167
32441    15.161333
32442    20.523582
32443    26.698008
32444    33.417145
32445    37.754749
32446    40.894264
32447    43.968117
32448    47.389000
32449    50.459202
32450    53.421783
32451    56.282993
32452    59.047371
32453    62.025661
38107     2.301587
38108     4.410195
38111    19.293867
38112    25.407755
38113    32.092968
38114    36.520485
38115    39.771515
38116    42.933533
38117    46.415279
38118    49.541054
38119    52.549808
38120    55.448601
38121    58.244057
Name: X, dtype: float64
index + 17 dont exist in y_ground_df, continue
index + 17 dont exist in y_ground_df, continue
index + 17 dont exist in y_ground_df, continue
19
FPC
[0, 0.0062971907900000006, 0.01565560937, 0.02921958685, 0.05080405235, 0.09933166503999999, 0.1516133308, 0.2052358246, 0.2669800758, 0.3341714478, 0.37754749299999996, 0.4089426422, 0.43968116760000003, 0.4738899994, 0.5045920181, 0.5342178345, 0.5628299332000001, 0.5904737091, 0.6202566147]
prev_y: 0
prev_y: 0.005637764930725098
prev_y: 0.014013826847076416
prev_y: 0.025481611490249634
prev_y: 0
prev_y: 0.04411894083023071
prev_y: 0.08595460653305054
prev_y: 0.13549527525901794
prev_y: 0.1846449077129364
prev_y: 0.00509268045425415
prev_y: 0.24130716919898987
prev_y: 0.012875676155090332
prev_y: 0.3043716549873352
prev_y: 0.022464007139205933
prev_y: 0.3431944251060486
prev_y: 0.03807452321052551
prev_y: 0.3733755648136139
prev_y: 0.07410827279090881
prev_y: 0.4029846787452698
prev_y: 0.1192457377910614
prev_y: 0
prev_y: 0.43460720777511597
prev_y: 0.16183409094810486
prev_y: 0.4631791114807129
prev_y: 0.2081974446773529
prev_y: 0.49173951148986816
prev_y: 0.26555368304252625
prev_y: 0.5200013518333435
prev_y: 0.3004874587059021
prev_y: 0.0053577721118927
prev_y: 0.5477919578552246
prev_y: 0.32840245962142944
prev_y: 0.013426899909973145
4877     53.057343
4895     53.473549
4913     53.898239
32400     0.542458
32401     1.348509
32402     2.519060
32403     4.391415
32404     8.616336
32405    13.183365
32406    17.979229
32407    23.657576
32408    29.959951
32409    34.078899
32410    37.084000
32411    40.041294
32412    43.348572
32413    46.334602
32414    49.232445
32415    52.046650
32416    54.781319
32417    57.745777
38071     1.988156
38072     3.823128
38075    16.964336
38076    22.569231
38077    28.816078
38078    33.005142
38079    36.106174
38080    39.138523
38081    42.493961
38082    45.524872
38083    48.458012
38084    51.300186
38085    54.056561
Name: X, dtype: float64
index + 17 dont exist in y_ground_df, continue
index + 17 dont exist in y_ground_df, continue
index + 17 dont exist in y_ground_df, continue
19
FPC
[0, 0.00542458355, 0.01348508835, 0.025190596580000002, 0.04391415119, 0.08616335869, 0.1318336487, 0.17979228970000002, 0.23657575609999998, 0.299599514, 0.34078899380000005, 0.37083999630000003, 0.400412941, 0.4334857178, 0.4633460236, 0.4923244476, 0.5204664993, 0.5478131866, 0.5774577713]
prev_y: 0.35747450590133667
prev_y: 0.02391853928565979
prev_y: 0.04100257158279419
prev_y: 0.3888484239578247
prev_y: 0.07981288433074951
prev_y: 0.4154314398765564
prev_y: 0.4413720369338989
prev_y: 0.12733513116836548
prev_y: 0.4684140682220459
prev_y: 0.17299017310142517
prev_y: 0.49552401900291443
prev_y: 0.22472992539405823
32364     0.454785
32365     1.130655
32366     2.114152
32367     3.696109
32368     7.284056
32369    11.155511
32370    15.298104
32371    20.355278
32372    26.109171
32373    29.918217
32374    32.715446
32375    35.482731
32376    38.594120
32377    41.417507
32378    44.170925
32379    46.858204
32380    49.483093
32381    52.345600
38035     1.672907
38036     3.230075
38039    14.516745
38040    19.502863
38041    25.189457
38042    29.052176
38043    31.931536
38044    34.761982
38045    37.910316
38046    40.768604
38047    43.548790
38048    46.255814
38049    48.894310
Name: X, dtype: float64
19
FPC
[0, 0.0045478522799999995, 0.011306548119999999, 0.021141517159999998, 0.036961092949999996, 0.0728405571, 0.111555109, 0.1529810429, 0.2035527802, 0.2610917091, 0.2991821671, 0.32715446470000004, 0.35482730869999995, 0.3859412003, 0.4141750717, 0.4417092514, 0.4685820389, 0.4948309326, 0.5234560013]
prev_y: 0.285378634929657
prev_y: 0.3227824568748474
prev_y: 0.3513827919960022
prev_y: 0.38079676032066345
prev_y: 0.4123118817806244
prev_y: 0.43995171785354614
prev_y: 0.46745765209198
prev_y: 0.4947899878025055
prev_y: 0.5228437185287476
32382     0.498813
32383     1.239803
32384     2.316923
32385     4.044648
32386     7.952158
32387    12.175834
32388    16.656191
32389    22.041237
32390    28.088306
32391    32.065742
32392    34.977886
32393    37.851376
32394    41.073231
32395    43.990482
32396    46.828388
32397    49.592281
32398    52.285259
32399    55.213360
38053     1.830757
38054     3.527285
38057    15.755860
38058    21.066385
38059    27.050220
38060    31.089109
38061    34.089897
38062    37.032177
38063    40.296383
38064    43.252800
38065    46.121750
38066    48.908863
38067    51.619415
Name: X, dtype: float64
19
FPC
[0, 0.00498812705, 0.01239803314, 0.02316922665, 0.0404464817, 0.07952158450999999, 0.121758337, 0.16656190869999998, 0.2204123688, 0.2808830643, 0.3206574249, 0.349778862, 0.3785137558, 0.4107323074, 0.43990482329999997, 0.4682838821, 0.4959228134, 0.5228525925, 0.5521335983]
Error in 10.4atm is 0.002274 
Error in 11.4atm is 0.001766 
Error in 12.4atm is 0.001591 
Error in 13.4atm is 0.001097 
Error in 14.4atm is 0.000893 
Initial pressure generalization takes 0.519678795337677 min 31.18072772026062 sec.
Case5: Initial T_in...
cracking 0.001
cracking 0.001
cracking 0.001
cracking 0.001
cracking 0.001
cracking 0.001
cracking 0.001
cracking 0.001
cracking 0.001
cracking 0.001
cracking 0.001
cracking 0.001
prev_y: 0
prev_y: 0.010958075523376465
prev_y: 0.025093436241149902
prev_y: 0.043977171182632446
prev_y: 0.08127245306968689
prev_y: 0.13022759556770325
prev_y: 0.18062520027160645
prev_y: 0.23745346069335938
prev_y: 0.30072182416915894
prev_y: 0.3397963047027588
prev_y: 0
prev_y: 0.370429128408432
prev_y: 0.39992988109588623
prev_y: 0.4308939278125763
prev_y: 0
prev_y: 0.4576537609100342
prev_y: 0.008238136768341064
prev_y: 0.48487600684165955
prev_y: 0.021068602800369263
prev_y: 0
prev_y: 0.5128899216651917
prev_y: 0.03550329804420471
prev_y: 0.004279911518096924
prev_y: 0.5403233766555786
prev_y: 0
prev_y: 0.06191381812095642
prev_y: 0.01058042049407959
prev_y: 0.5653518438339233
prev_y: 0.019989371299743652
prev_y: 0.11022746562957764
prev_y: 0.005637764930725098
prev_y: 0
prev_y: 0.033006101846694946
4877     53.057343
4895     53.473549
4913     53.898239
32402     2.519060
32403     4.391415
32406    17.979229
32407    23.657576
32408    29.959951
32409    34.078899
32410    37.084000
32411    40.041294
32412    43.348572
32413    46.334602
32414    49.232445
32415    52.046650
32416    54.781319
32417    57.745777
38070     0.816246
38071     1.988156
38072     3.823128
38073     7.502276
38074    12.236892
38075    16.964336
38076    22.569231
38077    28.816078
38078    33.005142
38079    36.106174
38080    39.138523
38081    42.493961
38082    45.524872
38083    48.458012
38084    51.300186
38085    54.056561
38086    56.505898
38087    58.882050
Name: X, dtype: float64
index + 17 dont exist in y_ground_df, continue
index + 17 dont exist in y_ground_df, continue
index + 17 dont exist in y_ground_df, continue
index + 17 dont exist in y_ground_df, continue
index + 17 dont exist in y_ground_df, continue
index + 17 dont exist in y_ground_df, continue
index + 17 dont exist in y_ground_df, continue
index + 17 dont exist in y_ground_df, continue
index + 17 dont exist in y_ground_df, continue
index + 17 dont exist in y_ground_df, continue
index + 17 dont exist in y_ground_df, continue
index + 17 dont exist in y_ground_df, continue
prev_y: 0.1609337329864502
index + 17 dont exist in y_ground_df, continue
index + 17 dont exist in y_ground_df, continue
index + 17 dont exist in y_ground_df, continue
index + 17 dont exist in y_ground_df, continue
index + 17 dont exist in y_ground_df, continue
19
FPC
[0, 0.00816245914, 0.0198815608, 0.03823128462, 0.07502275944, 0.1223689175, 0.16964336399999996, 0.2256923103, 0.2881607819, 0.33005142210000005, 0.36106174469999996, 0.391385231, 0.42493961329999996, 0.4552487183, 0.48458011630000003, 0.5130018616, 0.5405656052, 0.5650589751999999, 0.5888204955999999]
prev_y: 0.014013826847076416
prev_y: 0.055344611406326294
prev_y: 0.21386852860450745
prev_y: 0.025481611490249634
prev_y: 0.0834086537361145
prev_y: 0.2755090892314911
prev_y: 0.04411894083023071
prev_y: 0.004914820194244385
prev_y: 0.12636858224868774
prev_y: 0.32527631521224976
prev_y: 0.013218343257904053
prev_y: 0.0073671042919158936
prev_y: 0.3578742742538452
prev_y: 0.1772872805595398
prev_y: 0.022742927074432373
prev_y: 0.015700817108154297
prev_y: 0.08595460653305054
prev_y: 0.038005322217941284
prev_y: 0.38751816749572754
prev_y: 0.13549527525901794
prev_y: 0.02959609031677246
prev_y: 0.22633829712867737
prev_y: 0.41637223958969116
prev_y: 0.06698721647262573
prev_y: 0.05245611071586609
prev_y: 0.1846449077129364
prev_y: 0.27523648738861084
prev_y: 0.1051182746887207
prev_y: 0.09914547204971313
prev_y: 0.4472655653953552
prev_y: 0.3311741352081299
prev_y: 0.24130716919898987
prev_y: 0.14645054936408997
prev_y: 0.4753848612308502
prev_y: 0.1528463065624237
prev_y: 0.39176493883132935
prev_y: 0.3043716549873352
prev_y: 0.20952442288398743
prev_y: 0.5039750933647156
prev_y: 0.20024946331977844
prev_y: 0.43496832251548767
prev_y: 0.5318453311920166
prev_y: 0.3431944251060486
prev_y: 0.2586856782436371
prev_y: 0.2739407420158386
prev_y: 0.5593676567077637
prev_y: 0.4642418324947357
prev_y: 0.3733755648136139
prev_y: 0.3103194832801819
prev_y: 0.3176843225955963
prev_y: 0.49122655391693115
prev_y: 0.4029846787452698
prev_y: 0.35049304366111755
3615           NaN
4874     46.388847
4875     48.423317
4891     44.010555
4892     46.849041
4911     49.326599
36180     0.710702
36181     1.728581
36182     3.262257
36183     5.987028
36184    10.848617
36185    15.513132
36186    20.849447
36187    26.866802
36188    31.956562
36189    35.348457
36190    38.322697
36191    41.247086
36192    44.515331
36193    47.464828
36194    50.325401
36195    53.102322
36196    55.799538
36197    58.495918
Name: X, dtype: float64
index + 17 dont exist in y_ground_df, continue
index + 17 dont exist in y_ground_df, continue
index + 17 dont exist in y_ground_df, continue
index + 17 dont exist in y_ground_df, continue
index + 17 dont exist in y_ground_df, continue
index + 17 dont exist in y_ground_df, continue
22
FPC
[0, 0.4638884735, 0.4842331696, 0.4842331696, 0.00710702121, 0.01728580952, 0.03262257338, 0.05987028122000001, 0.108486166, 0.155131321, 0.2084944725, 0.2686680222, 0.31956562040000003, 0.35348457340000006, 0.3832269669, 0.4124708557, 0.44515331269999997, 0.4746482849, 0.5032540131, 0.5310232161999999, 0.5579953766, 0.5849591827]
prev_y: 0.3604452908039093
prev_y: 0.5177304148674011
prev_y: 0.3801891803741455
prev_y: 0.43460720777511597
prev_y: 0.403545618057251
prev_y: 0.4631791114807129
prev_y: 0.543495237827301
prev_y: 0.44369494915008545
prev_y: 0.40959134697914124
prev_y: 0.49173951148986816
prev_y: 0.4713701009750366
28620     0.413293
28621     1.061914
28622     2.017482
28623     3.435916
28624     5.440827
28625     8.261160
28626    12.204152
28627    16.850574
28628    21.467978
28629    26.212378
28630    31.545210
28631    37.437271
28632    41.827908
28633    44.844757
28634    47.775604
28635    50.624786
28636    53.397049
28637    57.023300
Name: X, dtype: float64
19
FPC
[0, 0.00413293242, 0.01061913967, 0.02017482281, 0.03435915709, 0.0544082737, 0.08261159897, 0.12204152110000001, 0.1685057449, 0.2146797752, 0.2621237755, 0.3154520988, 0.3743727112, 0.4182790756, 0.44844757080000003, 0.47775604250000003, 0.5062478638000001, 0.5339704895, 0.5702330017]
prev_y: 0.5200013518333435
prev_y: 0.44073358178138733
prev_y: 0.49881529808044434
prev_y: 0.5477919578552246
prev_y: 0.5255662202835083
prev_y: 0.4692133367061615
prev_y: 0.5513986349105835
4877     53.057343
4895     53.473549
4913     53.898239
32400     0.542458
32401     1.348509
32402     2.519060
32403     4.391415
32404     8.616336
32405    13.183365
32406    17.979229
32407    23.657576
32408    29.959951
32409    34.078899
32410    37.084000
32411    40.041294
32412    43.348572
32413    46.334602
32414    49.232445
32415    52.046650
32416    54.781319
32417    57.745777
38071     1.988156
38072     3.823128
38075    16.964336
38076    22.569231
38077    28.816078
38078    33.005142
38079    36.106174
38080    39.138523
38081    42.493961
38082    45.524872
38083    48.458012
38084    51.300186
38085    54.056561
Name: X, dtype: float64
index + 17 dont exist in y_ground_df, continue
index + 17 dont exist in y_ground_df, continue
index + 17 dont exist in y_ground_df, continue
19
FPC
[0, 0.00542458355, 0.01348508835, 0.025190596580000002, 0.04391415119, 0.08616335869, 0.1318336487, 0.17979228970000002, 0.23657575609999998, 0.299599514, 0.34078899380000005, 0.37083999630000003, 0.400412941, 0.4334857178, 0.4633460236, 0.4923244476, 0.5204664993, 0.5478131866, 0.5774577713]
prev_y: 0.497866153717041
30510     0.474298
30511     1.203352
30512     2.264449
30513     3.830666
30514     6.846836
30515    10.252577
30516    14.173184
30517    19.345295
30518    25.640257
30519    30.240322
30520    34.534534
30521    38.660404
30522    42.738884
30523    45.742294
30524    48.657490
30525    51.489452
30526    54.242508
30527    57.381119
Name: X, dtype: float64
19
FPC
[0, 0.00474297851, 0.012033517359999999, 0.022644486430000003, 0.03830666304, 0.06846835612999999, 0.1025257683, 0.1417318439, 0.1934529495, 0.2564025688, 0.3024032211, 0.34534534450000004, 0.38660404210000004, 0.4273888397, 0.4574229431, 0.48657489779999996, 0.5148945236, 0.5424250793000001, 0.5738111877000001]
prev_y: 0.5258617401123047
prev_y: 0.5535273551940918
34290     0.625022
34291     1.522511
34292     2.850919
34293     5.067071
34294     9.789055
34295    13.986291
34296    19.459461
34297    25.337235
34298    30.573709
34299    34.672466
34300    37.661659
34301    40.602127
34302    43.889729
34303    46.858032
34304    49.737183
34305    52.532883
34306    55.249313
34307    58.117283
Name: X, dtype: float64
19
FPC
[0, 0.00625022292, 0.015225110049999999, 0.02850919008, 0.05067070961, 0.09789054871, 0.1398629093, 0.1945946121, 0.253372345, 0.3057370949, 0.3467246628, 0.3766165924, 0.4060212708, 0.4388972855, 0.4685803223, 0.4973718262, 0.5253288269, 0.5524931335000001, 0.5811728287]
