training_data_FPC_V8_addprev_area.csv
            Experiment name: 0525_FPC_modelV9_difflayer
            Training Data: training_data_FPC_V8_addprev_area.csv
            Do k-fold: False
            Folds num: 10
            Learning rate: 0.001
            Batch size: 128
            Epoch: 1500
            CSTR num: 100
            Training vebose: 0
            # Genearalization test
            mass flow rates = True
            CCl4 = True
            inital pressure = True
            number of tubes = True
            T_in = True
            ncpus = 8
            training = False
            prediction only = False
                
Starting prediction...
cracking 0.0005
prev_y: 0
prev_y: 0.01904773712158203
prev_y: 0.03363001346588135
prev_y: 0.05579248070716858
prev_y: 0.08888253569602966
prev_y: 0.07412931323051453
prev_y: 0.08650866150856018
prev_y: 0.1336958110332489
prev_y: 0.1498444676399231
prev_y: 0.15516313910484314
prev_y: 0.1677834391593933
prev_y: 0.20119938254356384
prev_y: 0.22142261266708374
prev_y: 0.2648526430130005
prev_y: 0.3119054436683655
prev_y: 0.3507652282714844
prev_y: 0.3861817419528961
prev_y: 0.4072282910346985
ML cracking rates
{'cracking_rates': [0, 0.01904773712158203, 0.03363001346588135, 0.05579248070716858, 0.08888253569602966, 0.07412931323051453, 0.08650866150856018, 0.1336958110332489, 0.1498444676399231, 0.15516313910484314, 0.1677834391593933, 0.20119938254356384, 0.22142261266708374, 0.2648526430130005, 0.3119054436683655, 0.3507652282714844, 0.3861817419528961, 0.4072282910346985, 0.42578423023223877]}
54       1.055826
55       2.668868
58      10.680876
59      13.897809
60      18.178711
61      22.432554
62      26.429800
63      30.408007
64      34.742222
65      38.516735
66      42.266209
67      45.313698
68      48.294243
69      51.212177
70      53.389145
71      55.513042
87      50.978828
88      53.815044
89      55.925316
98      30.472576
99      34.388405
100     38.272541
101     40.828560
102     43.922199
103     46.282375
104     49.222393
105     51.433243
106     54.249626
107     56.345760
515     42.259918
530     30.472538
533     42.771797
928     39.141987
1356    25.357471
Name: X, dtype: float64
index + 17 dont exist in y_ground_df, continue
index + 17 dont exist in y_ground_df, continue
index + 17 dont exist in y_ground_df, continue
index + 17 dont exist in y_ground_df, continue
index + 17 dont exist in y_ground_df, continue
index + 17 dont exist in y_ground_df, continue
index + 17 dont exist in y_ground_df, continue
index + 17 dont exist in y_ground_df, continue
index + 17 dont exist in y_ground_df, continue
index + 17 dont exist in y_ground_df, continue
index + 17 dont exist in y_ground_df, continue
index + 17 dont exist in y_ground_df, continue
index + 17 dont exist in y_ground_df, continue
index + 17 dont exist in y_ground_df, continue
index + 17 dont exist in y_ground_df, continue
index + 17 dont exist in y_ground_df, continue
index + 17 dont exist in y_ground_df, continue
index + 17 dont exist in y_ground_df, continue
index + 17 dont exist in y_ground_df, continue
index + 17 dont exist in y_ground_df, continue
index + 17 dont exist in y_ground_df, continue
index + 17 dont exist in y_ground_df, continue
index + 17 dont exist in y_ground_df, continue
index + 17 dont exist in y_ground_df, continue
index + 17 dont exist in y_ground_df, continue
index + 17 dont exist in y_ground_df, continue
index + 17 dont exist in y_ground_df, continue
index + 17 dont exist in y_ground_df, continue
index + 17 dont exist in y_ground_df, continue
index + 17 dont exist in y_ground_df, continue
index + 17 dont exist in y_ground_df, continue
index + 17 dont exist in y_ground_df, continue
index + 17 dont exist in y_ground_df, continue
index + 17 dont exist in y_ground_df, continue
12
