training_data_FPC_V9_addtexas.csv
            Experiment name: 0522_FPC_modelV10_texas
            Training Data: training_data_FPC_V9_addtexas.csv
            Do k-fold: False
            Folds num: 10
            Learning rate: 0.001
            Batch size: 128
            Epoch: 1500
            CSTR num: 100
            Training vebose: 0
            # Genearalization test
            mass flow rates = True
            CCl4 = True
            inital pressure = True
            number of tubes = False
            T_in = True
            ncpus = 8
            training = False
            prediction only = False
                
Generalization test...
Case1: Mass flow rate...
cracking 0.001
cracking 0.001
cracking 0.001
cracking 0.001
cracking 0.001
cracking 0.001
prev_y: 0
prev_y: 0
prev_y: 0
prev_y: 0.0059580206871032715
prev_y: 0.015643835067749023
prev_y: 0.029317259788513184
prev_y: 0.05046015977859497
prev_y: 0.0071311891078948975
prev_y: 0.0984346866607666
prev_y: 0.01840263605117798
prev_y: 0.14822325110435486
prev_y: 0.00534898042678833
prev_y: 0.03403159976005554
prev_y: 0.19954201579093933
prev_y: 0.01402348279953003
prev_y: 0.05836048722267151
prev_y: 0.25956153869628906
prev_y: 0.11786708235740662
prev_y: 0.025686949491500854
prev_y: 0.3233095407485962
prev_y: 0.17935913801193237
prev_y: 0.04444164037704468
prev_y: 0.36603978276252747
prev_y: 0.23205101490020752
prev_y: 0.08563283085823059
prev_y: 0.3977425992488861
prev_y: 0.2958923876285553
prev_y: 0.13267090916633606
prev_y: 0.4284694790840149
prev_y: 0.36286747455596924
prev_y: 0.17887970805168152
prev_y: 0.4613563120365143
prev_y: 0.40513259172439575
prev_y: 0.23367643356323242
prev_y: 0.49123015999794006
prev_y: 0.2945305109024048
prev_y: 0.4368250370025635
prev_y: 0.5201831459999084
prev_y: 0.5486189723014832
prev_y: 0.46793830394744873
prev_y: 0.33511149883270264
prev_y: 0.5763829946517944
prev_y: 0.5013510584831238
prev_y: 0.36489421129226685
ML cracking rates
{'cracking_rates': [0, 0.0059580206871032715, 0.015643835067749023, 0.029317259788513184, 0.05046015977859497, 0.0984346866607666, 0.14822325110435486, 0.19954201579093933, 0.25956153869628906, 0.3233095407485962, 0.36603978276252747, 0.3977425992488861, 0.4284694790840149, 0.4613563120365143, 0.49123015999794006, 0.5201831459999084, 0.5486189723014832, 0.5763829946517944, 0.6057708263397217]}
prev_y: 0.5321149826049805
prev_y: 0.3956811726093292
21060     0.610756
21061     1.518815
21062     2.840815
21063     4.962894
21064     9.806705
21065    15.008576
21066    20.294807
21067    26.347033
21068    32.918468
21069    37.175453
21070    40.272453
21071    43.309750
21072    46.690166
21073    49.733852
21074    52.677071
21075    55.525879
21076    58.284916
21077    61.258751
26731     2.238101
26732     4.309210
26735    19.078014
26736    25.072390
26737    31.610193
26738    35.952656
26739    39.155643
26740    42.277164
26741    45.714828
26742    48.810452
26743    51.796638
26744    54.679977
26745    57.466980
Name: X, dtype: float64
19
FPC
[0, 0.006107563379999999, 0.015188146830000002, 0.02840815306, 0.04962894440000001, 0.09806704521000001, 0.1500857639, 0.20294807429999998, 0.2634703255, 0.3291846848, 0.37175453189999996, 0.4027245331, 0.433097496, 0.4669016647, 0.49733852390000005, 0.5267707062, 0.5552587891, 0.5828491592, 0.6125875091999999]
prev_y: 0.5627343058586121
prev_y: 0.4288918375968933
prev_y: 0.5922170877456665
prev_y: 0.45846444368362427
prev_y: 0.6202748417854309
prev_y: 0.4869779348373413
ML cracking rates
{'cracking_rates': [0, 0.0071311891078948975, 0.01840263605117798, 0.03403159976005554, 0.05836048722267151, 0.11786708235740662, 0.17935913801193237, 0.23205101490020752, 0.2958923876285553, 0.36286747455596924, 0.40513259172439575, 0.4368250370025635, 0.46793830394744873, 0.5013510584831238, 0.5321149826049805, 0.5627343058586121, 0.5922170877456665, 0.6202748417854309, 0.65078204870224]}
prev_y: 0.5147804021835327
3149     61.499603
3167     61.861389
3185     62.230686
9720      0.724143
9721      1.803454
9722      3.377409
9723      5.920120
9724     11.801787
9725     17.967903
9726     23.894844
9727     30.400738
9728     37.291317
9729     41.702919
9730     44.896271
9731     48.012245
9732     51.455254
9733     54.539902
9734     57.506420
9735     60.361488
9736     63.110199
9737     66.047676
15391     2.654113
15392     5.118789
15395    22.382277
15396    28.868383
15397    35.764668
15398    40.286350
15399    43.602276
15400    46.816563
15401    50.331848
15402    53.481255
15403    56.501766
15404    59.402229
15405    62.189110
Name: X, dtype: float64
index + 17 dont exist in y_ground_df, continue
index + 17 dont exist in y_ground_df, continue
index + 17 dont exist in y_ground_df, continue
19
FPC
[0, 0.00724143326, 0.01803454399, 0.03377408504, 0.05920119762000001, 0.1180178738, 0.1796790314, 0.2389484406, 0.30400737759999996, 0.3729131699, 0.4170291901, 0.4489627075, 0.4801224518, 0.514552536, 0.5453990173, 0.5750642014, 0.6036148834, 0.6311019897, 0.6604767609]
prev_y: 0.5420526266098022
ML cracking rates
{'cracking_rates': [0, 0.00534898042678833, 0.01402348279953003, 0.025686949491500854, 0.04444164037704468, 0.08563283085823059, 0.13267090916633606, 0.17887970805168152, 0.23367643356323242, 0.2945305109024048, 0.33511149883270264, 0.36489421129226685, 0.3956811726093292, 0.4288918375968933, 0.45846444368362427, 0.4869779348373413, 0.5147804021835327, 0.5420526266098022, 0.5710284113883972]}
4877     53.057343
4895     53.473549
4913     53.898239
32400     0.542458
32401     1.348509
32402     2.519060
32403     4.391415
32404     8.616336
32405    13.183365
32406    17.979229
32407    23.657576
32408    29.959951
32409    34.078899
32410    37.084000
32411    40.041294
32412    43.348572
32413    46.334602
32414    49.232445
32415    52.046650
32416    54.781319
32417    57.745777
38071     1.988156
38072     3.823128
38075    16.964336
38076    22.569231
38077    28.816078
38078    33.005142
38079    36.106174
38080    39.138523
38081    42.493961
38082    45.524872
38083    48.458012
38084    51.300186
38085    54.056561
Name: X, dtype: float64
index + 17 dont exist in y_ground_df, continue
index + 17 dont exist in y_ground_df, continue
index + 17 dont exist in y_ground_df, continue
19
FPC
[0, 0.00542458355, 0.01348508835, 0.025190596580000002, 0.04391415119, 0.08616335869, 0.1318336487, 0.17979228970000002, 0.23657575609999998, 0.299599514, 0.34078899380000005, 0.37083999630000003, 0.400412941, 0.4334857178, 0.4633460236, 0.4923244476, 0.5204664993, 0.5478131866, 0.5774577713]
Error in 27 mass flow rate is 0.007056 
Error in 32 mass flow rate is 0.003750 
Error in 36 mass flow rate is 0.003207 
Mass flow rate generalization takes 0.2866709550221761 min 17.200257301330566 sec.
Case2: CCl4 concentration...
cracking 0.0
cracking 0.00025
cracking 0.0005
cracking 0.000625
cracking 0.000875
cracking 0.000375
cracking 0.000125
cracking 0.00075
cracking 0.0
cracking 0.000125
cracking 0.000625
cracking 0.00025
cracking 0.0005
cracking 0.000375
cracking 0.000875
cracking 0.00075
prev_y: 0
prev_y: 0.0053334832191467285
prev_y: 0.014482617378234863
prev_y: 0.024211615324020386
prev_y: 0.04123944044113159
prev_y: 0.07697674632072449
prev_y: 0.11407575011253357
prev_y: 0.14846426248550415
prev_y: 0.20667916536331177
prev_y: 0.26325008273124695
prev_y: 0.3051144778728485
prev_y: 0.33809900283813477
prev_y: 0.37051597237586975
prev_y: 0.4061439037322998
prev_y: 0.43823498487472534
prev_y: 0.4684498906135559
prev_y: 0.49693766236305237
prev_y: 0.5243534445762634
4769     49.846069
4787     50.295673
4805     50.753357
31680     0.541702
31681     1.337990
31682     2.467171
31683     4.165375
31684     7.507545
31685    11.026672
31686    14.946434
31687    20.012291
31688    26.076492
31689    30.217064
31690    33.291397
31691    36.324223
31692    39.711197
31693    42.783905
31694    45.770622
31695    48.677361
31696    51.508545
31697    54.577679
37351     1.938072
37352     3.604752
37355    14.107353
37356    19.077141
37357    25.040344
37358    29.226753
37359    32.383583
37360    35.480537
37361    38.904716
37362    42.012615
37363    45.027523
37364    47.955437
37365    50.801556
Name: X, dtype: float64
index + 17 dont exist in y_ground_df, continue
index + 17 dont exist in y_ground_df, continue
index + 17 dont exist in y_ground_df, continue
19
FPC
[0, 0.00541702271, 0.01337989807, 0.02467170715, 0.04165374756, 0.07507545471, 0.11026672359999999, 0.1494643402, 0.2001229095, 0.2607649231, 0.302170639, 0.33291397089999997, 0.3632422256, 0.39711196899999995, 0.4278390503, 0.45770622250000004, 0.4867736053, 0.5150854492, 0.5457767868]
cracking 0.001
prev_y: 0
prev_y: 0.005337655544281006
prev_y: 0.014609575271606445
prev_y: 0.024920225143432617
prev_y: 0.04227200150489807
prev_y: 0.08012717962265015
prev_y: 0.11557012796401978
prev_y: 0.15540677309036255
prev_y: 0.20281454920768738
prev_y: 0
prev_y: 0.2659587562084198
prev_y: 0.30942589044570923
prev_y: 0.3410341441631317
prev_y: 0.3734701871871948
prev_y: 0.00534173846244812
prev_y: 0.4089049696922302
prev_y: 0.014728963375091553
prev_y: 0.4407995343208313
prev_y: 0.025230377912521362
prev_y: 0.4717595875263214
prev_y: 0.04334390163421631
prev_y: 0.5001598000526428
prev_y: 0.08132466673851013
prev_y: 0
prev_y: 0.5276799201965332
prev_y: 0.1176493763923645
prev_y: 0.16051846742630005
31770     0.541053
31771     1.340141
31772     2.476842
31773     4.203300
31774     7.679679
31775    11.356103
31776    15.419874
31777    20.596409
31778    26.698132
31779    30.829142
31780    33.887325
31781    36.903980
31782    40.273952
31783    43.329025
31784    46.298855
31785    49.188999
31786    52.002823
31787    55.054344
37441     1.947242
37442     3.642408
37445    14.554661
37446    19.636328
37447    25.644800
37448    29.825911
37449    32.968884
37450    36.051121
37451    39.459869
37452    42.552090
37453    45.551327
37454    48.463448
37455    51.293407
Name: X, dtype: float64
19
FPC
[0, 0.005410527589999999, 0.01340141058, 0.024768416879999998, 0.04203299522, 0.07679678917, 0.1135610294, 0.1541987419, 0.2059640884, 0.2669813156, 0.3082914162, 0.3388732529, 0.36903980259999997, 0.40273952479999997, 0.43329025270000004, 0.4629885483, 0.49188999180000004, 0.5200282288, 0.5505434418]
prev_y: 0.2111445963382721
prev_y: 0.2754478454589844
cracking 0.001125
prev_y: 0.3181104362010956
prev_y: 0.3495680093765259
prev_y: 0
prev_y: 0.005348950624465942
prev_y: 0.3817085921764374
prev_y: 0.014190852642059326
prev_y: 0
prev_y: 0.4174731373786926
prev_y: 0.025939583778381348
prev_y: 0.44739046692848206
prev_y: 0.043830305337905884
prev_y: 0
prev_y: 0.4758663773536682
prev_y: 0.00534588098526001
prev_y: 0.08244737982749939
prev_y: 0.5036389231681824
prev_y: 0.1250421702861786
prev_y: 0.014689475297927856
prev_y: 0.5307679772377014
prev_y: 0.1719396710395813
prev_y: 0.02551165223121643
prev_y: 0.005348950624465942
prev_y: 0.22478243708610535
prev_y: 0.04346245527267456
prev_y: 0.014265835285186768
31860     0.541349
31861     1.341674
31862     2.484447
31863     4.237044
31864     7.837187
31865    11.660980
31866    15.856541
31867    21.130030
31868    27.266428
31869    31.391476
31870    34.436951
31871    37.439999
31872    40.796062
31873    43.836716
31874    46.792538
31875    49.667618
31876    52.466686
31877    55.502041
37531     1.955185
37532     3.674968
37535    14.966463
37536    20.147499
37537    26.197657
37538    30.376007
37539    33.508472
37540    36.579025
37541    39.975403
37542    43.054581
37543    46.040283
37544    48.938595
37545    51.754738
Name: X, dtype: float64
19
FPC
[0, 0.0054134929200000004, 0.013416744469999999, 0.02484446526, 0.042370438579999996, 0.07837186813, 0.1166098022, 0.1585654068, 0.2113002968, 0.27266427990000003, 0.31391475679999997, 0.3443695068, 0.3743999863, 0.40796062470000005, 0.438367157, 0.4679253769, 0.496676178, 0.5246668625, 0.5550204086]
prev_y: 0.2827516794204712
prev_y: 0.0818014144897461
prev_y: 0.00534898042678833
prev_y: 0.0257299542427063
prev_y: 0.3252476751804352
prev_y: 0
prev_y: 0.12027549743652344
prev_y: 0.014071375131607056
prev_y: 0.04360327124595642
prev_y: 0.3561713695526123
cracking 0.00125
prev_y: 0.1652621030807495
prev_y: 0.025926023721694946
prev_y: 0.08207601308822632
prev_y: 0.3864046633243561
prev_y: 0.0442638099193573
prev_y: 0.21625983715057373
prev_y: 0.12286406755447388
prev_y: 0.41900262236595154
prev_y: 0.08446153998374939
prev_y: 0.2767385244369507
prev_y: 0.005349010229110718
prev_y: 0.17111456394195557
prev_y: 0.12999340891838074
prev_y: 0.44877225160598755
prev_y: 0.3196171522140503
prev_y: 0.014126688241958618
prev_y: 0.2216421365737915
prev_y: 0.1751256287097931
prev_y: 0.477722704410553
prev_y: 0.3510614037513733
prev_y: 0.02612900733947754
prev_y: 0.2805802822113037
prev_y: 0.2310892939567566
prev_y: 0.5068658590316772
prev_y: 0.3841313123703003
prev_y: 0.3222476840019226
prev_y: 0.04407769441604614
prev_y: 0.29109400510787964
prev_y: 0.5350218415260315
prev_y: 0.41761040687561035
prev_y: 0.08322954177856445
prev_y: 0.353039026260376
prev_y: 0.332145631313324
prev_y: 0.1271759569644928
prev_y: 0.3849874436855316
prev_y: 0.4473065137863159
32130     0.541728
32131     1.345468
32132     2.503976
32133     4.321380
32134     8.253869
32135    12.474607
32136    17.004583
32137    22.510054
32138    28.737150
32139    32.854691
32140    35.874935
32141    38.849796
32142    42.176178
32143    45.184940
32144    48.106636
32145    50.946999
32146    53.709663
32147    56.705158
37801     1.973470
37802     3.756246
37805    16.047337
37806    21.469456
37807    27.627365
37808    31.807812
37809    34.919773
37810    37.966515
37811    41.337311
37812    44.387512
37813    47.342590
37814    50.208595
37815    52.990883
Name: X, dtype: float64
19
FPC
[0, 0.0054172802, 0.01345468163, 0.025039756299999997, 0.04321380138, 0.08253869057000002, 0.1247460747, 0.17004583360000003, 0.22510053630000001, 0.2873715019, 0.3285469055, 0.3587493515, 0.388497963, 0.42176177979999996, 0.45184940339999996, 0.4810663605, 0.509469986, 0.5370966339000001, 0.5670515823]
prev_y: 0.36211588978767395
prev_y: 0.17327269911766052
prev_y: 0.41805142164230347
prev_y: 0.4756273925304413
prev_y: 0.22792723774909973
prev_y: 0.3922792673110962
cracking 0.001375
prev_y: 0.4476257562637329
prev_y: 0.2877771258354187
prev_y: 0.5035693645477295
prev_y: 0.42588144540786743
prev_y: 0.4761747419834137
prev_y: 0.32953107357025146
prev_y: 0.5313037037849426
prev_y: 0.5047099590301514
prev_y: 0.45580413937568665
prev_y: 0.36108145117759705
prev_y: 0.5333395004272461
prev_y: 0.4845268130302429
31950     0.541325
31951     1.342926
31952     2.491726
31953     4.266912
31954     7.984195
31955    11.946932
31956    16.263231
31957    21.622541
31958    27.791443
31959    31.912319
31960    34.947720
31961    37.939823
31962    41.284466
31963    44.312798
31964    47.255867
31965    50.118141
31966    52.903507
31967    55.924343
37621     1.961841
37622     3.704316
37625    15.349513
37626    20.619343
37627    26.707998
37628    30.885918
37629    34.010067
37630    37.070984
37631    40.457230
37632    43.525303
37633    46.499355
37634    49.385841
37635    52.189384
Name: X, dtype: float64
19
FPC
[0, 0.0054132545, 0.013429260249999998, 0.02491725683, 0.04266911983, 0.07984195232, 0.1194693184, 0.16263231279999998, 0.21622541429999997, 0.2779144287, 0.3191231918, 0.34947719569999997, 0.3793982315, 0.41284465789999997, 0.4431279755, 0.47255867, 0.5011814117, 0.5290350723, 0.5592434311000001]
prev_y: 0.3908844590187073
prev_y: 0.5124458074569702
prev_y: 0.42367860674858093
4823     51.623543
4841     52.053825
4859     52.492455
32040     0.541882
32041     1.344231
32042     2.497915
32043     4.295200
32044     8.122637
32045    12.217281
32046    16.644733
32047    22.081114
32048    28.279892
32049    32.398544
32050    35.425644
32051    38.408493
32052    41.742748
32053    44.761127
32054    47.692856
32055    50.543480
32056    53.317299
32057    56.324795
37711     1.967979
37712     3.731189
37715    15.708635
37716    21.058371
37717    27.182899
37718    31.361494
37719    34.478882
37720    37.532063
37721    40.909870
37722    43.968147
37723    46.932514
37724    49.808250
37725    52.600548
Name: X, dtype: float64
index + 17 dont exist in y_ground_df, continue
index + 17 dont exist in y_ground_df, continue
index + 17 dont exist in y_ground_df, continue
19
FPC
[0, 0.00541881621, 0.013442312480000001, 0.024979145530000003, 0.04295199871, 0.08122636795, 0.1221728134, 0.1664473343, 0.22081113819999998, 0.28279891970000004, 0.3239854431, 0.3542564392, 0.3840849304, 0.4174274826, 0.4476112747, 0.47692855829999997, 0.5054347992, 0.5331729889, 0.5632479477]
cracking 0.0015
prev_y: 0.5398186445236206
prev_y: 0.4537743330001831
cracking 0.001625
prev_y: 0.4825695753097534
32310     0.541825
32311     1.347661
32312     2.514255
32313     4.369035
32314     8.499916
32315    12.956445
32316    17.669851
32317    23.295486
32318    29.574274
32319    33.692043
32320    36.701366
32321    39.663750
32322    42.976536
32323    45.969486
32324    48.874496
32325    51.696651
32326    54.439999
32327    57.414059
37981     1.983494
37982     3.801911
37985    16.673145
37986    22.222090
37987    28.441011
37988    32.626896
37989    35.730701
37990    38.766991
37991    42.126820
37992    45.189877
37993    48.103359
37994    50.952766
37995    53.717201
Name: X, dtype: float64
19
FPC
[0, 0.00541825473, 0.013476606609999999, 0.025142545699999998, 0.04369034767, 0.08499916077, 0.1295644474, 0.176698513, 0.2329548645, 0.2957427406, 0.33692043299999996, 0.3670136642, 0.39663749690000005, 0.42976535799999993, 0.4596948624, 0.48874496460000005, 0.5169665146, 0.5443999863, 0.5741405869]
prev_y: 0.5108819603919983
prev_y: 0.5381956100463867
cracking 0.00175
32220     0.542414
32221     1.346515
32222     2.509336
32223     4.345644
32224     8.379178
32225    12.720531
32226    17.345581
32227    22.913807
32228    29.167658
32229    33.284927
32230    36.299171
32231    39.267300
32232    42.586494
32233    45.586723
32234    48.499870
32235    51.330868
32236    54.083344
32237    57.067833
37891     1.978695
37892     3.779629
37895    16.368149
37896    21.856274
37897    28.045601
37898    32.228561
37899    35.336056
37900    38.377071
37901    41.742035
37902    44.785194
37903    47.732018
37904    50.589596
37905    53.362576
Name: X, dtype: float64
19
FPC
[0, 0.00542414248, 0.01346514583, 0.02509335756, 0.043456435200000004, 0.08379178047, 0.1272053051, 0.1734558105, 0.2291380692, 0.2916765785, 0.3328492737, 0.3629917145, 0.3926729965, 0.42586494449999995, 0.4558672333, 0.484998703, 0.5133086777, 0.5408334351, 0.5706783295000001]
cracking 0.001875
cracking 0.001
cracking 0.001125
cracking 0.00125
cracking 0.001375
cracking 0.001625
cracking 0.001875
cracking 0.0015
cracking 0.00175
prev_y: 0
prev_y: 0.00534898042678833
prev_y: 0.01402348279953003
prev_y: 0.025686949491500854
prev_y: 0.04444164037704468
prev_y: 0.08563283085823059
prev_y: 0.13267090916633606
prev_y: 0.17887970805168152
prev_y: 0.23367643356323242
prev_y: 0.2945305109024048
prev_y: 0.33511149883270264
prev_y: 0.36489421129226685
prev_y: 0.3956811726093292
prev_y: 0.4288918375968933
prev_y: 0.45846444368362427
prev_y: 0.4869779348373413
prev_y: 0.5147804021835327
prev_y: 0.5420526266098022
4877     53.057343
4895     53.473549
4913     53.898239
32400     0.542458
32401     1.348509
32402     2.519060
32403     4.391415
32404     8.616336
32405    13.183365
32406    17.979229
32407    23.657576
32408    29.959951
32409    34.078899
32410    37.084000
32411    40.041294
32412    43.348572
32413    46.334602
32414    49.232445
32415    52.046650
32416    54.781319
32417    57.745777
38071     1.988156
38072     3.823128
38075    16.964336
38076    22.569231
38077    28.816078
38078    33.005142
38079    36.106174
38080    39.138523
38081    42.493961
38082    45.524872
38083    48.458012
38084    51.300186
38085    54.056561
Name: X, dtype: float64
index + 17 dont exist in y_ground_df, continue
index + 17 dont exist in y_ground_df, continue
index + 17 dont exist in y_ground_df, continue
19
FPC
[0, 0.00542458355, 0.01348508835, 0.025190596580000002, 0.04391415119, 0.08616335869, 0.1318336487, 0.17979228970000002, 0.23657575609999998, 0.299599514, 0.34078899380000005, 0.37083999630000003, 0.400412941, 0.4334857178, 0.4633460236, 0.4923244476, 0.5204664993, 0.5478131866, 0.5774577713]
cracking 0.002
prev_y: 0
prev_y: 0.005349010229110718
prev_y: 0.013981878757476807
prev_y: 0.025492966175079346
prev_y: 0.044622957706451416
prev_y: 0.08675587177276611
prev_y: 0.13523539900779724
prev_y: 0.1824321448802948
prev_y: 0.2353745400905609
prev_y: 0.29648515582084656
prev_y: 0.3374149203300476
prev_y: 0.368014395236969
prev_y: 0.3980334997177124
prev_y: 0.4308409094810486
prev_y: 0.4600529670715332
prev_y: 0.4885093867778778
prev_y: 0.516034722328186
prev_y: 0.543165922164917
32490     0.542610
32491     1.349266
32492     2.523576
32493     4.412122
32494     8.728655
32495    13.402409
32496    18.275398
32497    24.002178
32498    30.327028
32499    34.447632
32500    37.448933
32501    40.401661
32502    43.704071
32503    46.684307
32504    49.575214
32505    52.381802
32506    55.108685
32507    58.063862
38161     1.992446
38162     3.843329
38165    17.243002
38166    22.899742
38167    29.173098
38168    33.365719
38169    36.464256
38170    39.493118
38171    42.844631
38172    45.870312
38173    48.797527
38174    51.633106
38175    54.382198
Name: X, dtype: float64
19
FPC
[0, 0.00542610288, 0.01349265814, 0.02523576021, 0.04412121773, 0.08728654861000001, 0.134024086, 0.1827539825, 0.24002178189999998, 0.3032702827, 0.3444763184, 0.37448932650000005, 0.4040166092, 0.43704071040000003, 0.466843071, 0.4957521439, 0.5238180161, 0.5510868454, 0.5806386185]
cracking 0.002125
prev_y: 0
prev_y: 0.0053636133670806885
prev_y: 0.013983994722366333
prev_y: 0.025387227535247803
prev_y: 0.0448479950428009
prev_y: 0
prev_y: 0.08790704607963562
prev_y: 0.13722869753837585
prev_y: 0.005384206771850586
prev_y: 0
prev_y: 0.18538904190063477
prev_y: 0.014006435871124268
prev_y: 0.238008052110672
prev_y: 0.29877814650535583
prev_y: 0.025330930948257446
prev_y: 0.00544661283493042
prev_y: 0.34056222438812256
prev_y: 0.04483416676521301
prev_y: 0.08897614479064941
prev_y: 0.014094412326812744
prev_y: 0.37094324827194214
prev_y: 0.13928160071372986
prev_y: 0
prev_y: 0.025282472372055054
prev_y: 0.4006815254688263
prev_y: 0.18841683864593506
prev_y: 0.04495209455490112
prev_y: 0.4333466589450836
prev_y: 0.2417866587638855
prev_y: 0.09166482090950012
prev_y: 0.005467593669891357
prev_y: 0.46261170506477356
prev_y: 0.30261391401290894
prev_y: 0.014129191637039185
prev_y: 0
prev_y: 0.14447706937789917
prev_y: 0.4911060929298401
prev_y: 0.3449913263320923
prev_y: 0.02529636025428772
prev_y: 0.19527047872543335
prev_y: 0.518744945526123
prev_y: 0.37486618757247925
prev_y: 0
prev_y: 0.0450308620929718
prev_y: 0.24879568815231323
prev_y: 0.5458757281303406
prev_y: 0.005405008792877197
prev_y: 0.4044593274593353
prev_y: 0.09238427877426147
prev_y: 0.3117777109146118
prev_y: 0.014032602310180664
prev_y: 0.4370517432689667
prev_y: 0.005425810813903809
prev_y: 0.35273268818855286
prev_y: 0.14559689164161682
32580     0.542472
32581     1.350076
32582     2.527795
32583     4.432566
32584     8.837959
32585    13.613895
32586    18.559248
32587    24.331181
32588    30.677729
32589    34.800129
32590    37.797985
32591    40.746830
32592    44.044872
32593    47.019554
32594    49.903885
32595    52.703873
32596    55.423183
32597    58.369591
38251     1.996713
38252     3.862861
38255    17.510315
38256    23.215191
38257    29.513828
38258    33.710419
38259    36.806835
38260    39.832638
38261    43.180828
38262    46.201775
38263    49.123581
38264    51.952835
38265    54.694805
Name: X, dtype: float64
19
FPC
[0, 0.00542471886, 0.013500763180000002, 0.025277950759999997, 0.044325656889999995, 0.08837959290000001, 0.1361389542, 0.1855924797, 0.2433118057, 0.30677728649999997, 0.3480012894, 0.37797985079999996, 0.4074682999, 0.4404487228, 0.47019554139999997, 0.4990388489, 0.5270387268000001, 0.5542318344, 0.5836959076]
prev_y: 0.4663245677947998
prev_y: 0.0252971351146698
prev_y: 0.014062076807022095
prev_y: 0.382518470287323
prev_y: 0.1973065435886383
prev_y: 0.04485020041465759
prev_y: 0.4948066771030426
prev_y: 0.025281965732574463
prev_y: 0.4124410152435303
prev_y: 0.0900220274925232
cracking 0.00225
prev_y: 0.2510007619857788
prev_y: 0.5224642157554626
prev_y: 0.04489082098007202
prev_y: 0.1417267620563507
prev_y: 0.4450130760669708
prev_y: 0.5495316386222839
prev_y: 0.3141408860683441
prev_y: 0.09101969003677368
prev_y: 0.47434309124946594
prev_y: 0.19108954071998596
32670     0.542807
32671     1.351246
32672     2.532054
32673     4.452388
32674     8.943993
32675    13.818852
32676    18.832161
32677    24.646019
32678    31.013302
32679    35.137512
32680    38.132671
32681    41.077824
32682    44.371891
32683    47.341526
32684    50.220081
32685    53.013393
32686    55.725685
32687    58.664047
38341     2.000722
38342     3.881589
38345    17.767252
38346    23.517315
38347    29.840088
38348    34.040627
38349    37.135242
38350    40.158489
38351    43.503643
38352    46.520302
38353    49.436935
38354    52.259995
38355    54.995678
Name: X, dtype: float64
19
FPC
[0, 0.00542807221, 0.01351246119, 0.025320537089999998, 0.044523882869999996, 0.08943992615000002, 0.1381885242, 0.1883216095, 0.2464601898, 0.3101330185, 0.3513751221, 0.38132671360000003, 0.4107782364, 0.4437189102, 0.4734152603, 0.5022008133, 0.530133934, 0.5572568512, 0.5866404724000001]
prev_y: 0.1435105800628662
prev_y: 0.5028219223022461
prev_y: 0.24414151906967163
prev_y: 0.35492274165153503
prev_y: 0.1933504343032837
prev_y: 0.5305318236351013
prev_y: 0.30589112639427185
prev_y: 0.38480255007743835
cracking 0.002375
prev_y: 0.3479175269603729
prev_y: 0.24640506505966187
prev_y: 0.5575805902481079
prev_y: 0.4148668944835663
prev_y: 0.37763941287994385
prev_y: 0.4474065601825714
prev_y: 0.30907678604125977
prev_y: 0.47670942544937134
prev_y: 0.407306969165802
prev_y: 0.35047200322151184
32940     0.543240
32941     1.353550
32942     2.543712
32943     4.507874
32944     9.246910
32945    14.398619
32946    19.593386
32947    25.518168
32948    31.941961
32949    36.073360
32950    39.061821
32951    41.997856
32952    45.282249
32953    48.238506
32954    51.101791
32955    53.877739
32956    56.570747
32957    59.487003
38611     2.011913
38612     3.934414
38615    18.484421
38616    24.354527
38617    30.743607
38618    34.956093
38619    38.047081
38620    41.063995
38621    44.402119
38622    47.407864
38623    50.310738
38624    53.118423
38625    55.836315
Name: X, dtype: float64
19
FPC
[0, 0.00543240428, 0.013535498380000002, 0.02543712378, 0.045078735349999996, 0.09246910095000001, 0.143986187, 0.195933857, 0.255181675, 0.3194196129, 0.3607336044, 0.3906182098, 0.4199785614, 0.4528224945, 0.48238506319999996, 0.5110179138000001, 0.5387773895, 0.5657074738, 0.5948700333]
prev_y: 0.505089521408081
prev_y: 0.4398995637893677
prev_y: 0.3801914155483246
prev_y: 0.5328442454338074
prev_y: 0.4692140221595764
prev_y: 0.4099724292755127
prev_y: 0.559868574142456
cracking 0.0025
prev_y: 0.4977487325668335
prev_y: 0.44255754351615906
prev_y: 0.5254216194152832
33030     0.543392
33031     1.353964
33032     2.547776
33033     4.525368
33034     9.343522
33035    14.581598
33036    19.830307
33037    25.787788
33038    32.229309
33039    36.363182
33040    39.349762
33041    42.283451
33042    45.564930
33043    48.517471
33044    51.376205
33045    54.146992
33046    56.833817
33047    59.743198
38701     1.744130
38702     3.336127
38705    17.143639
38706    22.835997
38707    29.049589
38708    34.203415
38709    37.591595
38710    40.547531
38711    43.448956
38712    46.692268
38713    49.608681
38714    52.431084
38715    55.165054
Name: X, dtype: float64
19
FPC
[0, 0.0054339242, 0.01353963614, 0.025477759840000003, 0.045253682139999994, 0.09343522072, 0.1458159828, 0.19830307009999998, 0.2578778839, 0.3222930908, 0.3636318207, 0.3934976196, 0.4228345108, 0.4556492996, 0.4851747131, 0.5137620544, 0.5414699173, 0.5683381653, 0.5974319839000001]
prev_y: 0.47188955545425415
prev_y: 0.5524265170097351
prev_y: 0.5004401206970215
prev_y: 0.5280774235725403
4931     54.265797
4949     54.671265
4967     55.084660
32760     0.542676
32761     1.351919
32762     2.536466
32763     4.471398
32764     9.047612
32765    14.017790
32766    19.095016
32767    24.948162
32768    31.335169
32769    35.461308
32770    38.454155
32771    41.396130
32772    44.686485
32773    47.651424
32774    50.524719
32775    53.311901
32776    56.017242
32777    58.947922
38431     2.004540
38432     3.899724
38435    18.014812
38436    23.807268
38437    30.153074
38438    34.357578
38439    37.450680
38440    40.471684
38441    43.814156
38442    46.826836
38443    49.738602
38444    52.556316
38445    55.285847
Name: X, dtype: float64
index + 17 dont exist in y_ground_df, continue
index + 17 dont exist in y_ground_df, continue
index + 17 dont exist in y_ground_df, continue
19
FPC
[0, 0.00542676449, 0.01351919413, 0.02536465883, 0.04471397877, 0.09047612190000001, 0.1401778984, 0.19095016480000002, 0.2494816208, 0.3133516884, 0.35461307529999997, 0.3845415497, 0.41396129610000004, 0.4468648529, 0.4765142441, 0.5052471924, 0.5331190109, 0.5601724243, 0.5894792175]
prev_y: 0.5551086664199829
32850     0.543104
32851     1.352754
32852     2.540131
32853     4.489710
32854     9.148190
32855    14.210928
32856    19.348587
32857    25.238491
32858    31.644516
32859    35.772999
32860    38.763474
32861    41.702236
32862    44.989590
32863    47.950134
32864    50.818348
32865    53.599792
32866    56.298611
32867    59.221794
38521     2.008337
38522     3.917323
38525    18.253675
38526    24.086052
38527    30.453899
38528    34.662251
38529    37.754295
38530    40.773239
38531    44.113411
38532    47.122414
38533    50.029663
38534    52.842213
38535    55.566029
Name: X, dtype: float64
19
FPC
[0, 0.00543103576, 0.013527536389999999, 0.02540130854, 0.04489709854, 0.09148189544999999, 0.1421092796, 0.1934858704, 0.2523849106, 0.3164451599, 0.35772998809999995, 0.38763473509999996, 0.4170223618, 0.44989589690000004, 0.4795013428, 0.5081834793, 0.5359979248, 0.5629861069, 0.5922179412999999]
cracking 0.002
cracking 0.002125
cracking 0.00225
cracking 0.002375
cracking 0.0025
prev_y: 0
prev_y: 0.005488574504852295
prev_y: 0.014166176319122314
prev_y: 0.025321781635284424
prev_y: 0.04512467980384827
prev_y: 0.0930989682674408
prev_y: 0.14683663845062256
prev_y: 0.19939330220222473
prev_y: 0.25349944829940796
prev_y: 0.3166095018386841
prev_y: 0.3575807213783264
prev_y: 0.38740816712379456
prev_y: 0.4175701141357422
prev_y: 0.45002907514572144
prev_y: 0.4792712926864624
prev_y: 0.5075454115867615
prev_y: 0.5352858901023865
prev_y: 0.5622272491455078
33120     0.543270
33121     1.354699
33122     2.551046
33123     4.542449
33124     9.437722
33125    14.759844
33126    20.059813
33127    26.048229
33128    32.506779
33129    36.643238
33130    39.628147
33131    42.559517
33132    45.838524
33133    48.787399
33134    51.641895
33135    54.407429
33136    57.088913
33137    59.992123
38791     2.018900
38792     3.967109
38795    18.924217
38796    24.863777
38797    31.293041
38798    35.513557
38799    38.603218
38800    41.616764
38801    44.951412
38802    47.950775
38803    50.845932
38804    53.644531
38805    56.352123
Name: X, dtype: float64
19
FPC
[0, 0.00543269515, 0.01354699254, 0.02551046371, 0.04542448521, 0.09437722206, 0.1475984383, 0.2005981255, 0.2604822922, 0.3250677872, 0.3664323807, 0.3962814713, 0.4255951691, 0.4583852386, 0.48787399290000005, 0.5164189529000001, 0.5440742874, 0.5708891296, 0.5999212265]
prev_y: 0
prev_y: 0.005509614944458008
prev_y: 0.014205187559127808
prev_y: 0.02535727620124817
prev_y: 0.04523143172264099
prev_y: 0.09380942583084106
prev_y: 0.14791229367256165
prev_y: 0.2014375627040863
prev_y: 0.2564690113067627
prev_y: 0.3194522261619568
prev_y: 0.3607477843761444
prev_y: 0.39046913385391235
prev_y: 0.42058467864990234
prev_y: 0.4529150426387787
prev_y: 0.4820500314235687
prev_y: 0.5101943612098694
prev_y: 0.5378684997558594
prev_y: 0.5646752715110779
33210     0.543575
33211     1.355534
33212     2.554432
33213     4.558943
33214     9.530605
33215    14.933734
33216    20.282272
33217    26.300188
33218    32.775318
33219    36.914417
33220    39.897678
33221    42.826954
33222    46.103859
33223    49.049004
33224    51.899342
33225    54.660053
33226    57.336227
33227    60.232941
38881     2.022188
38882     3.983020
38885    19.134233
38886    25.106014
38887    31.554218
38888    35.778847
38889    38.868099
38890    41.880196
38891    45.213154
38892    48.209831
38893    51.101192
38894    53.895512
38895    56.598236
Name: X, dtype: float64
19
FPC
[0, 0.005435745120000001, 0.013555339569999998, 0.025544316770000002, 0.045589427950000004, 0.09530605316000001, 0.1493373394, 0.2028227234, 0.2630018806, 0.3277531815, 0.3691441727, 0.3989767838, 0.42826953889999997, 0.46103858950000004, 0.49049003599999996, 0.5189934158, 0.5466005325, 0.5733622742, 0.6023294067]
prev_y: 0
prev_y: 0.005530744791030884
prev_y: 0.014245778322219849
prev_y: 0.025401681661605835
prev_y: 0.04535558819770813
prev_y: 0.09451806545257568
prev_y: 0.14927580952644348
prev_y: 0.2038746476173401
prev_y: 0.2600284218788147
prev_y: 0.32272663712501526
prev_y: 0.3643106520175934
prev_y: 0.3938925564289093
prev_y: 0.4237877428531647
prev_y: 0.4559568762779236
prev_y: 0.48495250940322876
prev_y: 0.5130504965782166
prev_y: 0.5406074523925781
prev_y: 0.5672329664230347
33300     0.543528
33301     1.356186
33302     2.557711
33303     4.575198
33304     9.621357
33305    15.103373
33306    20.498394
33307    26.544270
33308    33.035316
33309    37.176598
33310    40.158909
33311    43.086243
33312    46.360798
33313    49.302807
33314    52.149208
33315    54.905220
33316    57.576035
33317    60.467091
38971     2.025409
38972     3.998315
38975    19.338221
38976    25.340763
38977    31.807278
38978    36.035862
38979    39.124317
38980    42.135399
38981    45.467037
38982    48.460777
38983    51.349152
38984    54.139244
38985    56.837082
Name: X, dtype: float64
19
FPC
[0, 0.00543527961, 0.01356185675, 0.02557711124, 0.045751976970000004, 0.09621356964, 0.15103372569999998, 0.20498394009999998, 0.2654426956, 0.3303531647, 0.371765976, 0.4015890884, 0.4308624268, 0.4636079788, 0.4930280685, 0.5214920807, 0.5490522003, 0.5757603455, 0.6046709061]
prev_y: 0
prev_y: 0
prev_y: 0.0055519044399261475
prev_y: 0.014287859201431274
prev_y: 0.02545374631881714
prev_y: 0.005566507577896118
prev_y: 0.04552567005157471
prev_y: 0.014331042766571045
prev_y: 0.09523484110832214
prev_y: 0.025512784719467163
prev_y: 0.15068677067756653
prev_y: 0.045707106590270996
prev_y: 0.20635086297988892
prev_y: 0.09594964981079102
prev_y: 0.26433664560317993
prev_y: 0.1523282527923584
prev_y: 0.32657912373542786
prev_y: 0.2089824378490448
prev_y: 0.36839163303375244
prev_y: 0.2688470482826233
prev_y: 0.39778560400009155
prev_y: 0.3305891454219818
prev_y: 0.4274015426635742
prev_y: 0.3725382089614868
prev_y: 0.45935875177383423
prev_y: 0.40204888582229614
prev_y: 0.48816850781440735
prev_y: 0.4313410818576813
prev_y: 0.5161677598953247
prev_y: 0.463047057390213
prev_y: 0.5435494780540466
prev_y: 0.4916345775127411
prev_y: 0.5699468851089478
prev_y: 0.5194934010505676
prev_y: 0.5466597676277161
33390     0.627169
33391     1.535913
33392     2.917857
33393     5.380042
33394    11.180683
33395    16.174807
33396    22.302740
33397    28.510355
33398    33.872265
33399    37.995029
33400    40.960819
33401    43.870090
33402    47.123203
33403    50.044552
33404    52.869083
33405    55.603046
33406    58.250938
33407    61.041443
39061     2.028660
39062     4.013438
39065    19.536596
39066    25.568455
39067    32.052765
39068    36.285275
39069    39.373341
39070    42.383324
39071    45.713516
39072    48.704849
39073    51.589844
39074    54.376019
39075    57.069374
Name: X, dtype: float64
19
FPC
[0, 0.00627168536, 0.01535912514, 0.02917856932, 0.05380041599, 0.11180683139999999, 0.1617480659, 0.22302740100000001, 0.28510355, 0.3387226486, 0.37995029449999995, 0.4096081924, 0.4387009048, 0.4712320328, 0.5004455185, 0.528690834, 0.5560304642, 0.5825093842, 0.6104144287]
prev_y: 0.5727898478507996
33480     0.715075
33481     1.753300
33482     3.380307
33483     6.533431
33484    12.606651
33485    18.110371
33486    23.982710
33487    30.302004
33488    35.496487
33489    38.886726
33490    41.835896
33491    44.727448
33492    47.959572
33493    50.859642
33494    53.661911
33495    56.372982
33496    58.997246
33497    61.612911
39151     2.031729
39152     4.028282
39155    19.729744
39156    25.789556
39157    32.291306
39158    36.527508
39159    39.615082
39160    42.624306
39161    45.953175
39162    48.941998
39163    51.823925
39164    54.606083
39165    57.295177
Name: X, dtype: float64
19
FPC
[0, 0.007150750159999999, 0.01753299832, 0.033803074360000004, 0.06533431053, 0.1260665131, 0.18110370639999998, 0.23982709880000003, 0.3030200386, 0.35496486660000004, 0.3888672638, 0.4183589554, 0.44727447509999996, 0.47959571840000004, 0.5085964203000001, 0.5366191101, 0.5637298203000001, 0.5899724579, 0.6161291122]
Error in concentration in 0.0ppm is 0.004889 
Error in concentration in 125.0ppm is 0.003478 
Error in concentration in 250.0ppm is 0.003867 
Error in concentration in 375.0ppm is 0.001817 
Error in concentration in 500.0ppm is 0.000981 
Error in concentration in 625.0ppm is 0.001829 
Error in concentration in 750.0ppm is 0.001618 
Error in concentration in 875.0ppm is 0.002704 
Error in concentration in 1000.0ppm is 0.003207 
Error in concentration in 1125.0ppm is 0.004157 
Error in concentration in 1250.0ppm is 0.004517 
Error in concentration in 1375.0ppm is 0.004145 
Error in concentration in 1500.0ppm is 0.004283 
Error in concentration in 1625.0ppm is 0.004439 
Error in concentration in 1750.0ppm is 0.004685 
Error in concentration in 1875.0ppm is 0.004976 
Error in concentration in 2000.0ppm is 0.005128 
Error in concentration in 2125.0ppm is 0.005072 
Error in concentration in 2250.0ppm is 0.004778 
Error in concentration in 2375.0ppm is 0.010476 
Error in concentration in 2500.0ppm is 0.017322 
CCl4 concentration generalization takes 0.8076654473940531 min 48.45992684364319 sec.
Case3: Initial pressure...
cracking 0.001
cracking 0.001
cracking 0.001
cracking 0.001
cracking 0.001
cracking 0.001
cracking 0.001
cracking 0.001
cracking 0.001
cracking 0.001
prev_y: 0
prev_y: 0
prev_y: 0
prev_y: 0
prev_y: 0.0056261420249938965
prev_y: 0.014736354351043701
prev_y: 0
prev_y: 0.005901336669921875
prev_y: 0.004989564418792725
prev_y: 0.027132391929626465
prev_y: 0.00534898042678833
prev_y: 0.01545056700706482
prev_y: 0.04751920700073242
prev_y: 0.01309877634048462
prev_y: 0.01402348279953003
prev_y: 0.028625190258026123
prev_y: 0.09239581227302551
prev_y: 0.02391335368156433
prev_y: 0.025686949491500854
prev_y: 0.050092875957489014
prev_y: 0.14042147994041443
prev_y: 0.040131598711013794
prev_y: 0.004654437303543091
prev_y: 0.04444164037704468
prev_y: 0.09937819838523865
prev_y: 0.19044512510299683
prev_y: 0.07887786626815796
prev_y: 0.012243539094924927
prev_y: 0.08563283085823059
prev_y: 0.14903125166893005
prev_y: 0.12252292037010193
prev_y: 0.24688953161239624
prev_y: 0.022317200899124146
prev_y: 0.13267090916633606
prev_y: 0.201764315366745
prev_y: 0.16498398780822754
prev_y: 0.3102337419986725
prev_y: 0.03623443841934204
prev_y: 0.17887970805168152
prev_y: 0.26446354389190674
prev_y: 0.2167019248008728
prev_y: 0.3523092567920685
prev_y: 0.0734362006187439
prev_y: 0.23367643356323242
prev_y: 0.3841385245323181
prev_y: 0.3289554715156555
prev_y: 0.2753462493419647
prev_y: 0.11255627870559692
prev_y: 0.41592997312545776
prev_y: 0.2945305109024048
prev_y: 0.37093842029571533
prev_y: 0.31493598222732544
prev_y: 0.15240570902824402
prev_y: 0.4493423402309418
prev_y: 0.4039154052734375
prev_y: 0.33511149883270264
prev_y: 0.3448615074157715
prev_y: 0.20021316409111023
prev_y: 0.47943130135536194
prev_y: 0.43553537130355835
prev_y: 0.36489421129226685
prev_y: 0.2552042305469513
prev_y: 0.3748674988746643
prev_y: 0.5086538791656494
prev_y: 0.4691550135612488
prev_y: 0.3956811726093292
prev_y: 0.2930073142051697
prev_y: 0.5371567010879517
prev_y: 0.4995218813419342
prev_y: 0.4074258506298065
prev_y: 0.4288918375968933
prev_y: 0.3218116760253906
prev_y: 0.5290933847427368
prev_y: 0.5650399923324585
prev_y: 0.4370226263999939
prev_y: 0.45846444368362427
prev_y: 0.34971705079078674
prev_y: 0.5578980445861816
prev_y: 0.4869779348373413
prev_y: 0.3818454146385193
prev_y: 0.4652521014213562
prev_y: 0.5854207873344421
prev_y: 0.5147804021835327
32418     0.586226
32419     1.456787
32420     2.720463
32421     4.736258
32422     9.276443
32423    14.178668
32424    19.268429
32425    25.208618
32426    31.733568
32427    35.971470
32428    39.051460
32429    42.074471
32430    45.446541
32431    48.482704
32432    51.420414
32433    54.265423
32434    57.022522
32435    60.001507
38089     2.145028
38090     4.117322
38093    18.143463
38094    24.015234
38095    30.494621
38096    34.812271
38097    37.995739
38098    41.100273
38099    44.527157
38100    47.613293
38101    50.591789
38102    53.469505
38103    56.252918
Name: X, dtype: float64
19
FPC
prev_y: 0.49251165986061096
[0, 0.0058622616500000006, 0.014567866330000002, 0.027204632760000003, 0.0473625803, 0.09276442527999999, 0.1417866802, 0.19268428799999998, 0.2520861816, 0.3173356819, 0.3597146988, 0.3905146027, 0.42074470519999996, 0.45446540830000004, 0.48482704159999995, 0.5142041397, 0.5426542282, 0.5702252197, 0.6000150681]
prev_y: 0.40944230556488037
prev_y: 0.519235372543335
prev_y: 0.5420526266098022
prev_y: 0.4369589686393738
5093     57.266998
5111     57.662952
5129     58.066563
32436     0.629719
32437     1.565561
32438     2.921959
32439     5.080405
32440     9.933167
32441    15.161333
32442    20.523582
32443    26.698008
32444    33.417145
32445    37.754749
32446    40.894264
32447    43.968117
32448    47.389000
32449    50.459202
32450    53.421783
32451    56.282993
32452    59.047371
32453    62.025661
38107     2.301587
38108     4.410195
38111    19.293867
38112    25.407755
38113    32.092968
38114    36.520485
38115    39.771515
38116    42.933533
38117    46.415279
38118    49.541054
38119    52.549808
38120    55.448601
38121    58.244057
Name: X, dtype: float64
index + 17 dont exist in y_ground_df, continue
index + 17 dont exist in y_ground_df, continue
index + 17 dont exist in y_ground_df, continue
19
FPC
[0, 0.0062971907900000006, 0.01565560937, 0.02921958685, 0.05080405235, 0.09933166503999999, 0.1516133308, 0.2052358246, 0.2669800758, 0.3341714478, 0.37754749299999996, 0.4089426422, 0.43968116760000003, 0.4738899994, 0.5045920181, 0.5342178345, 0.5628299332000001, 0.5904737091, 0.6202566147]
prev_y: 0.46382588148117065
32382     0.498813
32383     1.239803
32384     2.316923
32385     4.044648
32386     7.952158
32387    12.175834
32388    16.656191
32389    22.041237
32390    28.088306
32391    32.065742
32392    34.977886
32393    37.851376
32394    41.073231
32395    43.990482
32396    46.828388
32397    49.592281
32398    52.285259
32399    55.213360
38053     1.830757
38054     3.527285
38057    15.755860
38058    21.066385
38059    27.050220
38060    31.089109
38061    34.089897
38062    37.032177
38063    40.296383
38064    43.252800
38065    46.121750
38066    48.908863
38067    51.619415
Name: X, dtype: float64
4877     53.057343
4895     53.473549
4913     53.898239
32400     0.542458
32401     1.348509
32402     2.519060
32403     4.391415
32404     8.616336
32405    13.183365
32406    17.979229
32407    23.657576
32408    29.959951
32409    34.078899
32410    37.084000
32411    40.041294
32412    43.348572
32413    46.334602
32414    49.232445
32415    52.046650
32416    54.781319
32417    57.745777
38071     1.988156
38072     3.823128
38075    16.964336
38076    22.569231
38077    28.816078
38078    33.005142
38079    36.106174
38080    39.138523
38081    42.493961
38082    45.524872
38083    48.458012
38084    51.300186
38085    54.056561
Name: X, dtype: float64
index + 17 dont exist in y_ground_df, continue
index + 17 dont exist in y_ground_df, continue
19
FPC
[0, 0.00498812705, 0.01239803314, 0.02316922665, 0.0404464817, 0.07952158450999999, 0.121758337, 0.16656190869999998, 0.2204123688, 0.2808830643, 0.3206574249, 0.349778862, 0.3785137558, 0.4107323074, 0.43990482329999997, 0.4682838821, 0.4959228134, 0.5228525925, 0.5521335983]
index + 17 dont exist in y_ground_df, continue
19
FPC
[0, 0.00542458355, 0.01348508835, 0.025190596580000002, 0.04391415119, 0.08616335869, 0.1318336487, 0.17979228970000002, 0.23657575609999998, 0.299599514, 0.34078899380000005, 0.37083999630000003, 0.400412941, 0.4334857178, 0.4633460236, 0.4923244476, 0.5204664993, 0.5478131866, 0.5774577713]
prev_y: 0.48986127972602844
32364     0.454785
32365     1.130655
32366     2.114152
32367     3.696109
32368     7.284056
32369    11.155511
32370    15.298104
32371    20.355278
32372    26.109171
32373    29.918217
32374    32.715446
32375    35.482731
32376    38.594120
32377    41.417507
32378    44.170925
32379    46.858204
32380    49.483093
32381    52.345600
38035     1.672907
38036     3.230075
38039    14.516745
38040    19.502863
38041    25.189457
38042    29.052176
38043    31.931536
38044    34.761982
38045    37.910316
38046    40.768604
38047    43.548790
38048    46.255814
38049    48.894310
Name: X, dtype: float64
19
FPC
[0, 0.0045478522799999995, 0.011306548119999999, 0.021141517159999998, 0.036961092949999996, 0.0728405571, 0.111555109, 0.1529810429, 0.2035527802, 0.2610917091, 0.2991821671, 0.32715446470000004, 0.35482730869999995, 0.3859412003, 0.4141750717, 0.4417092514, 0.4685820389, 0.4948309326, 0.5234560013]
Error in 10.4atm is 0.003125 
Error in 11.4atm is 0.002572 
Error in 12.4atm is 0.003207 
Error in 13.4atm is 0.003587 
Error in 14.4atm is 0.003259 
Initial pressure generalization takes 0.2935919165611267 min 17.615514993667603 sec.
Case5: Initial T_in...
cracking 0.001
cracking 0.001
cracking 0.001
cracking 0.001
cracking 0.001
cracking 0.001
cracking 0.001
cracking 0.001
cracking 0.001
cracking 0.001
cracking 0.001
cracking 0.001
prev_y: 0
prev_y: 0
prev_y: 0
prev_y: 0.010903894901275635
prev_y: 0.02503824234008789
prev_y: 0.044087350368499756
prev_y: 0.008045345544815063
prev_y: 0.004796326160430908
prev_y: 0.07626762986183167
prev_y: 0.020901650190353394
prev_y: 0
prev_y: 0.013039261102676392
prev_y: 0.12449333071708679
prev_y: 0
prev_y: 0.035373687744140625
prev_y: 0.02306625247001648
prev_y: 0.17287218570709229
prev_y: 0.06170773506164551
prev_y: 0.037785619497299194
prev_y: 0.22884047031402588
prev_y: 0.10963225364685059
prev_y: 0.06671866774559021
prev_y: 0.2900647521018982
prev_y: 0
prev_y: 0.1544693112373352
prev_y: 0.10009163618087769
prev_y: 0.004359155893325806
prev_y: 0.33096906542778015
prev_y: 0.1425950527191162
prev_y: 0.010540664196014404
prev_y: 0.20732060074806213
prev_y: 0.3610026240348816
prev_y: 0.00534898042678833
prev_y: 0.20541885495185852
prev_y: 0.019830942153930664
prev_y: 0.3916472792625427
prev_y: 0.01402348279953003
prev_y: 0.2691439390182495
prev_y: 0.2675417959690094
prev_y: 0.032823532819747925
prev_y: 0.4242374897003174
prev_y: 0.025686949491500854
prev_y: 0.3197174072265625
prev_y: 0.007288724184036255
prev_y: 0.3103890120983124
prev_y: 0.054591983556747437
prev_y: 0.45331501960754395
prev_y: 0.04444164037704468
prev_y: 0.35332953929901123
prev_y: 0.015419214963912964
prev_y: 0.3540194034576416
prev_y: 0.48134586215019226
prev_y: 0.08303853869438171
prev_y: 0.3832657039165497
prev_y: 0.08563283085823059
prev_y: 0.39701467752456665
prev_y: 0.02958253026008606
prev_y: 0.5083792209625244
prev_y: 0.41262373328208923
prev_y: 0.12620314955711365
prev_y: 0.13267090916633606
prev_y: 0.4371391534805298
prev_y: 0.05176091194152832
prev_y: 0.5350055694580078
prev_y: 0.4445685148239136
prev_y: 0.17887970805168152
prev_y: 0.17914250493049622
prev_y: 0.4664173424243927
prev_y: 0.09847620129585266
prev_y: 0.5597676634788513
prev_y: 0.4732690155506134
prev_y: 0.23367643356323242
prev_y: 0.22624629735946655
prev_y: 0.4941631257534027
prev_y: 0.5011488795280457
prev_y: 0.2945305109024048
prev_y: 0.27343153953552246
prev_y: 0.14056271314620972
prev_y: 0.5209580063819885
4877     53.057343
4895     53.473549
4913     53.898239
32402     2.519060
32403     4.391415
32406    17.979229
32407    23.657576
32408    29.959951
32409    34.078899
32410    37.084000
32411    40.041294
32412    43.348572
32413    46.334602
32414    49.232445
32415    52.046650
32416    54.781319
32417    57.745777
38070     0.816246
38071     1.988156
38072     3.823128
38073     7.502276
38074    12.236892
38075    16.964336
38076    22.569231
38077    28.816078
38078    33.005142
38079    36.106174
38080    39.138523
38081    42.493961
38082    45.524872
38083    48.458012
38084    51.300186
38085    54.056561
38086    56.505898
38087    58.882050
Name: X, dtype: float64
index + 17 dont exist in y_ground_df, continue
index + 17 dont exist in y_ground_df, continue
prev_y: 0.33511149883270264
index + 17 dont exist in y_ground_df, continue
index + 17 dont exist in y_ground_df, continue
index + 17 dont exist in y_ground_df, continue
index + 17 dont exist in y_ground_df, continue
index + 17 dont exist in y_ground_df, continue
index + 17 dont exist in y_ground_df, continue
index + 17 dont exist in y_ground_df, continue
index + 17 dont exist in y_ground_df, continue
index + 17 dont exist in y_ground_df, continue
prev_y: 0.5280951261520386
index + 17 dont exist in y_ground_df, continue
index + 17 dont exist in y_ground_df, continue
index + 17 dont exist in y_ground_df, continue
index + 17 dont exist in y_ground_df, continue
index + 17 dont exist in y_ground_df, continue
index + 17 dont exist in y_ground_df, continue
19
FPC
[0, 0.00816245914, 0.0198815608, 0.03823128462, 0.07502275944, 0.1223689175, 0.16964336399999996, 0.2256923103, 0.2881607819, 0.33005142210000005, 0.36106174469999996, 0.391385231, 0.42493961329999996, 0.4552487183, 0.48458011630000003, 0.5130018616, 0.5405656052, 0.5650589751999999, 0.5888204955999999]
prev_y: 0.329772412776947
prev_y: 0.5467660427093506
prev_y: 0.19520670175552368
prev_y: 0.36489421129226685
prev_y: 0.5547620058059692
prev_y: 0.3900729715824127
prev_y: 0.25106287002563477
prev_y: 0.3956811726093292
30510     0.474298
30511     1.203352
30512     2.264449
30513     3.830666
30514     6.846836
30515    10.252577
30516    14.173184
30517    19.345295
30518    25.640257
30519    30.240322
30520    34.534534
30521    38.660404
30522    42.738884
30523    45.742294
30524    48.657490
30525    51.489452
30526    54.242508
30527    57.381119
Name: X, dtype: float64
19
FPC
[0, 0.00474297851, 0.012033517359999999, 0.022644486430000003, 0.03830666304, 0.06846835612999999, 0.1025257683, 0.1417318439, 0.1934529495, 0.2564025688, 0.3024032211, 0.34534534450000004, 0.38660404210000004, 0.4273888397, 0.4574229431, 0.48657489779999996, 0.5148945236, 0.5424250793000001, 0.5738111877000001]
prev_y: 0.4322545826435089
prev_y: 0.3040107786655426
prev_y: 0.4288918375968933
3615           NaN
4874     46.388847
4875     48.423317
4891     44.010555
4892     46.849041
4911     49.326599
36180     0.710702
36181     1.728581
36182     3.262257
36183     5.987028
36184    10.848617
36185    15.513132
36186    20.849447
36187    26.866802
36188    31.956562
36189    35.348457
36190    38.322697
36191    41.247086
36192    44.515331
36193    47.464828
36194    50.325401
36195    53.102322
36196    55.799538
36197    58.495918
Name: X, dtype: float64
index + 17 dont exist in y_ground_df, continue
index + 17 dont exist in y_ground_df, continue
index + 17 dont exist in y_ground_df, continue
index + 17 dont exist in y_ground_df, continue
index + 17 dont exist in y_ground_df, continue
index + 17 dont exist in y_ground_df, continue
22
prev_y: 0.4621935188770294
prev_y: 0.34505248069763184
prev_y: 0.45846444368362427
prev_y: 0.3749844431877136
prev_y: 0.49034643173217773
prev_y: 0.40504127740859985
prev_y: 0.4869779348373413
prev_y: 0.517108142375946
prev_y: 0.43756046891212463
prev_y: 0.5147804021835327
prev_y: 0.5427685379981995
prev_y: 0.46662598848342896
prev_y: 0.5420526266098022
prev_y: 0.494751513004303
28620     0.413293
28621     1.061914
28622     2.017482
28623     3.435916
28624     5.440827
28625     8.261160
28626    12.204152
28627    16.850574
28628    21.467978
28629    26.212378
28630    31.545210
28631    37.437271
28632    41.827908
28633    44.844757
28634    47.775604
28635    50.624786
28636    53.397049
28637    57.023300
Name: X, dtype: float64
19
FPC
[0, 0.00413293242, 0.01061913967, 0.02017482281, 0.03435915709, 0.0544082737, 0.08261159897, 0.12204152110000001, 0.1685057449, 0.2146797752, 0.2621237755, 0.3154520988, 0.3743727112, 0.4182790756, 0.44844757080000003, 0.47775604250000003, 0.5062478638000001, 0.5339704895, 0.5702330017]
prev_y: 0.5219609141349792
4877     53.057343
4895     53.473549
4913     53.898239
32400     0.542458
32401     1.348509
32402     2.519060
32403     4.391415
32404     8.616336
32405    13.183365
32406    17.979229
32407    23.657576
32408    29.959951
32409    34.078899
32410    37.084000
32411    40.041294
32412    43.348572
32413    46.334602
32414    49.232445
32415    52.046650
32416    54.781319
32417    57.745777
38071     1.988156
38072     3.823128
38075    16.964336
38076    22.569231
38077    28.816078
38078    33.005142
38079    36.106174
38080    39.138523
38081    42.493961
38082    45.524872
38083    48.458012
38084    51.300186
38085    54.056561
Name: X, dtype: float64
index + 17 dont exist in y_ground_df, continue
index + 17 dont exist in y_ground_df, continue
index + 17 dont exist in y_ground_df, continue
19
FPC
[0, 0.00542458355, 0.01348508835, 0.025190596580000002, 0.04391415119, 0.08616335869, 0.1318336487, 0.17979228970000002, 0.23657575609999998, 0.299599514, 0.34078899380000005, 0.37083999630000003, 0.400412941, 0.4334857178, 0.4633460236, 0.4923244476, 0.5204664993, 0.5478131866, 0.5774577713]
prev_y: 0.5488497018814087
34290     0.625022
34291     1.522511
34292     2.850919
34293     5.067071
34294     9.789055
34295    13.986291
34296    19.459461
34297    25.337235
34298    30.573709
34299    34.672466
34300    37.661659
34301    40.602127
34302    43.889729
34303    46.858032
34304    49.737183
34305    52.532883
34306    55.249313
34307    58.117283
Name: X, dtype: float64
19
FPC
[0, 0.00625022292, 0.015225110049999999, 0.02850919008, 0.05067070961, 0.09789054871, 0.1398629093, 0.1945946121, 0.253372345, 0.3057370949, 0.3467246628, 0.3766165924, 0.4060212708, 0.4388972855, 0.4685803223, 0.4973718262, 0.5253288269, 0.5524931335000001, 0.5811728287]
