training_data_FPC_V9_addtexas.csv
            Experiment name: 0522_FPC_modelV10_texas
            Training Data: training_data_FPC_V9_addtexas.csv
            Do k-fold: False
            Folds num: 10
            Learning rate: 0.001
            Batch size: 128
            Epoch: 1500
            CSTR num: 100
            Training vebose: 0
            # Genearalization test
            mass flow rates = True
            CCl4 = True
            inital pressure = True
            number of tubes = True
            T_in = True
            ncpus = 8
            training = False
            prediction only = False
                
Starting prediction...
{'Schirmeister': '../KM/2009_Schirmeister_EDC/chem_annotated_irreversible.cti', 'Aspen': '../KM/2009_Schirmeister_EDC/chem_annotated_irreversible_aspen.cti'}
cracking 0.001
cracking 0.001
prev_y: 0
prev_y: 0.004989564418792725
prev_y: 0.01309877634048462
prev_y: 0.02391335368156433
prev_y: 0.040131598711013794
prev_y: 0.07887786626815796
prev_y: 0.12252292037010193
prev_y: 0.16498398780822754
prev_y: 0.2167019248008728
prev_y: 0.2753462493419647
prev_y: 0.31493598222732544
prev_y: 0.3448615074157715
prev_y: 0.3748674988746643
prev_y: 0.4074258506298065
prev_y: 0.4370226263999939
prev_y: 0.4652521014213562
prev_y: 0.49251165986061096
prev_y: 0.519235372543335
ML cracking rates
{'cracking_rates': [0, 0.004989564418792725, 0.01309877634048462, 0.02391335368156433, 0.040131598711013794, 0.07887786626815796, 0.12252292037010193, 0.16498398780822754, 0.2167019248008728, 0.2753462493419647, 0.31493598222732544, 0.3448615074157715, 0.3748674988746643, 0.4074258506298065, 0.4370226263999939, 0.4652521014213562, 0.49251165986061096, 0.519235372543335, 0.5477970838546753]}
32382     0.498813
32383     1.239803
32384     2.316923
32385     4.044648
32386     7.952158
32387    12.175834
32388    16.656191
32389    22.041237
32390    28.088306
32391    32.065742
32392    34.977886
32393    37.851376
32394    41.073231
32395    43.990482
32396    46.828388
32397    49.592281
32398    52.285259
32399    55.213360
38053     1.830757
38054     3.527285
38057    15.755860
38058    21.066385
38059    27.050220
38060    31.089109
38061    34.089897
38062    37.032177
38063    40.296383
38064    43.252800
38065    46.121750
38066    48.908863
38067    51.619415
Name: X, dtype: float64
19
FPC
[0, 0.00498812705, 0.01239803314, 0.02316922665, 0.0404464817, 0.07952158450999999, 0.121758337, 0.16656190869999998, 0.2204123688, 0.2808830643, 0.3206574249, 0.349778862, 0.3785137558, 0.4107323074, 0.43990482329999997, 0.4682838821, 0.4959228134, 0.5228525925, 0.5521335983]
