training_data_FPC_V1_3m_5p_6t_21Clppm.csv
            Experiment name: 0322_FPC_lowparam_irrev3
            Training Data: training_data_FPC_V1_3m_5p_6t_21Clppm.csv
            Do k-fold: False
            Folds num: 10
            Learning rate: 0.001
            Batch size: 18
            Epoch: 10000
            CSTR num: 100
            Training vebose: 0
            #Genearalization test
            mass flow rates = True
            CCl4 = True
            inital pressure = True
            number of tubes = True
            T_in = True
            ncpus = 8
            training = False
            prediction only = False
                
Loading data...
Starting prediction...
cracking 0.0
cracking 0.0
loss in 0.0: 0.255959224894968 
0.0
14.4
36
[320, 348, 374.7, 399.3, 424, 451.3, 460.7, 466, 471.3, 476.7, 478.7, 479.3, 480, 481.3, 482.3, 483.3, 484.3, 485.3]
[348, 374.7, 399.3, 424, 451.3, 460.7, 466, 471.3, 476.7, 478.7, 479.3, 480, 481.3, 482.3, 483.3, 484.3, 485.3, 486.7]
26532     0.628456
26533     1.553513
26534     2.866005
26535     4.836777
26536     8.728104
26537    12.864800
26538    17.445221
26539    23.195061
26540    29.827591
26541    34.248642
26542    37.490398
26543    40.666710
26544    44.193649
26545    47.368916
26546    50.438175
26547    53.406506
26548    56.279106
26549    59.374428
32203     2.247841
32204     4.175667
32207    16.379456
32208    22.023460
32209    28.572830
32210    33.063187
32211    36.406570
32212    39.663303
32213    43.241905
32214    46.466930
32215    49.575901
32216    52.576630
32217    55.475288
Name: X, dtype: float64
19
cracking 0.000125
cracking 0.000125
loss in 0.000125: 0.11227708690601468 
125.0
14.4
36
[320, 348, 374.7, 399.3, 424, 451.3, 460.7, 466, 471.3, 476.7, 478.7, 479.3, 480, 481.3, 482.3, 483.3, 484.3, 485.3]
[348, 374.7, 399.3, 424, 451.3, 460.7, 466, 471.3, 476.7, 478.7, 479.3, 480, 481.3, 482.3, 483.3, 484.3, 485.3, 486.7]
26622     0.628260
26623     1.556141
26624     2.876100
26625     4.877380
26626     8.912995
26627    13.213994
26628    17.925535
26629    23.750986
26630    30.390305
26631    34.790611
26632    38.012299
26633    41.168827
26634    44.675072
26635    47.831944
26636    50.882156
26637    53.832268
26638    56.687054
26639    59.763699
32293     2.257774
32294     4.215760
32297    16.834831
32298    22.560087
32299    29.125391
32300    33.598789
32301    36.923294
32302    40.160999
32303    43.720707
32304    46.927605
32305    50.018913
32306    53.002151
32307    55.883720
Name: X, dtype: float64
19
cracking 0.00025
cracking 0.00025
loss in 0.00025: 0.07052408678318253 
250.0
14.4
36
[320, 348, 374.7, 399.3, 424, 451.3, 460.7, 466, 471.3, 476.7, 478.7, 479.3, 480, 481.3, 482.3, 483.3, 484.3, 485.3]
[348, 374.7, 399.3, 424, 451.3, 460.7, 466, 471.3, 476.7, 478.7, 479.3, 480, 481.3, 482.3, 483.3, 484.3, 485.3, 486.7]
26712     0.628171
26713     1.558121
26714     2.884525
26715     4.913360
26716     9.083364
26717    13.538692
26718    18.369062
26719    24.260542
26720    30.909161
26721    35.294037
26722    38.498585
26723    41.638199
26724    45.127148
26725    48.267315
26726    51.301167
26727    54.235046
26728    57.073608
26729    60.133060
32383     2.266008
32384     4.250559
32387    17.254808
32388    23.052736
32389    29.634993
32390    34.095818
32391    37.404076
32392    40.626053
32393    44.169960
32394    47.360977
32395    50.436695
32396    53.404591
32397    56.270275
Name: X, dtype: float64
19
cracking 0.000375
cracking 0.000375
loss in 0.000375: 0.04822971300494156 
375.0
14.4
36
[320, 348, 374.7, 399.3, 424, 451.3, 460.7, 466, 471.3, 476.7, 478.7, 479.3, 480, 481.3, 482.3, 483.3, 484.3, 485.3]
[348, 374.7, 399.3, 424, 451.3, 460.7, 466, 471.3, 476.7, 478.7, 479.3, 480, 481.3, 482.3, 483.3, 484.3, 485.3, 486.7]
26802     0.628936
26803     1.559613
26804     2.892579
26805     4.945832
26806     9.242380
26807    13.843684
26808    18.782282
26809    24.732677
26810    31.392181
26811    35.764671
26812    38.954575
26813    42.079155
26814    45.553398
26815    48.678822
26816    51.697895
26817    54.617050
26818    57.440838
26819    60.483982
32473     2.273283
32474     4.281871
32477    17.645906
32478    23.509083
32479    30.108755
32480    34.559772
32481    37.854679
32482    41.063217
32483    44.593178
32484    47.770382
32485    50.832047
32486    53.785839
32487    56.637707
Name: X, dtype: float64
19
cracking 0.0005
cracking 0.0005
loss in 0.0005: 0.04619852720723479 
500.0
14.4
36
[320, 348, 374.7, 399.3, 424, 451.3, 460.7, 466, 471.3, 476.7, 478.7, 479.3, 480, 481.3, 482.3, 483.3, 484.3, 485.3]
[348, 374.7, 399.3, 424, 451.3, 460.7, 466, 471.3, 476.7, 478.7, 479.3, 480, 481.3, 482.3, 483.3, 484.3, 485.3, 486.7]
26892     0.629381
26893     1.561014
26894     2.899024
26895     4.976479
26896     9.393100
26897    14.131919
26898    19.169716
26899    25.173456
26900    31.844570
26901    36.207020
26902    39.383907
26903    42.495888
26904    45.956985
26905    49.069134
26906    52.074852
26907    54.980724
26908    57.790844
26909    60.819199
32563     2.279742
32564     4.310909
32567    18.012514
32568    23.934763
32569    30.552084
32570    34.995621
32571    38.279186
32572    41.475945
32573    44.993935
32574    48.158726
32575    51.207817
32576    54.148823
32577    56.987606
Name: X, dtype: float64
19
cracking 0.000625
cracking 0.000625
loss in 0.000625: 0.050223368494362396 
625.0
14.4
36
[320, 348, 374.7, 399.3, 424, 451.3, 460.7, 466, 471.3, 476.7, 478.7, 479.3, 480, 481.3, 482.3, 483.3, 484.3, 485.3]
[348, 374.7, 399.3, 424, 451.3, 460.7, 466, 471.3, 476.7, 478.7, 479.3, 480, 481.3, 482.3, 483.3, 484.3, 485.3, 486.7]
26982     0.629460
26983     1.562225
26984     2.905166
26985     5.004478
26986     9.536317
26987    14.406342
26988    19.535173
26989    25.587278
26990    32.270012
26991    36.624371
26992    39.790100
26993    42.890907
26994    46.340286
26995    49.440514
26996    52.434193
26997    55.327583
26998    58.125000
26999    61.139732
32653     2.285791
32654     4.337878
32657    18.358252
32658    24.334444
32659    30.969168
32660    35.406944
32661    38.680637
32662    41.867161
32663    45.374462
32664    48.528275
32665    51.565792
32666    54.495049
32667    57.321705
Name: X, dtype: float64
19
cracking 0.00075
cracking 0.00075
loss in 0.00075: 0.054887100699508105 
750.0
14.4
36
[320, 348, 374.7, 399.3, 424, 451.3, 460.7, 466, 471.3, 476.7, 478.7, 479.3, 480, 481.3, 482.3, 483.3, 484.3, 485.3]
[348, 374.7, 399.3, 424, 451.3, 460.7, 466, 471.3, 476.7, 478.7, 479.3, 480, 481.3, 482.3, 483.3, 484.3, 485.3, 486.7]
27072     0.629638
27073     1.563314
27074     2.910890
27075     5.031033
27076     9.673812
27077    14.668433
27078    19.881021
27079    25.977489
27080    32.672062
27081    37.019959
27082    40.175884
27083    43.266750
27084    46.705544
27085    49.794987
27086    52.777576
27087    55.659363
27088    58.445152
27089    61.446922
32743     2.291414
32744     4.363288
32747    18.685568
32748    24.711227
32749    31.363182
32750    35.796608
32751    39.061642
32752    42.239285
32753    45.737167
32754    48.880611
32755    51.907940
32756    54.826336
32757    57.641773
Name: X, dtype: float64
19
cracking 0.000875
cracking 0.000875
loss in 0.000875: 0.06033497813827595 
875.0
14.4
36
[320, 348, 374.7, 399.3, 424, 451.3, 460.7, 466, 471.3, 476.7, 478.7, 479.3, 480, 481.3, 482.3, 483.3, 484.3, 485.3]
[348, 374.7, 399.3, 424, 451.3, 460.7, 466, 471.3, 476.7, 478.7, 479.3, 480, 481.3, 482.3, 483.3, 484.3, 485.3, 486.7]
27162     0.629404
27163     1.564304
27164     2.916668
27165     5.056435
27166     9.805563
27167    14.919611
27168    20.210152
27169    26.346916
27170    33.053528
27171    37.396042
27172    40.543606
27173    43.625320
27174    47.054668
27175    50.134212
27176    53.106285
27177    55.977547
27178    58.752319
27179    61.741806
32833     2.296649
32834     4.387285
32837    18.996857
32838    25.068438
32839    31.737101
32840    36.167076
32841    39.424877
32842    42.594086
32843    46.083572
32844    49.217930
32845    52.235386
32846    55.143810
32847    57.948910
Name: X, dtype: float64
19
cracking 0.001
cracking 0.001
loss in 0.001: 0.0649283320229529 
1000.0
14.4
36
[320, 348, 374.7, 399.3, 424, 451.3, 460.7, 466, 471.3, 476.7, 478.7, 479.3, 480, 481.3, 482.3, 483.3, 484.3, 485.3]
[348, 374.7, 399.3, 424, 451.3, 460.7, 466, 471.3, 476.7, 478.7, 479.3, 480, 481.3, 482.3, 483.3, 484.3, 485.3, 486.7]
27252     0.629719
27253     1.565561
27254     2.921959
27255     5.080405
27256     9.933167
27257    15.161333
27258    20.523582
27259    26.698008
27260    33.417145
27261    37.754749
27262    40.894264
27263    43.968117
27264    47.389000
27265    50.459202
27266    53.421783
27267    56.282993
27268    59.047371
27269    62.025661
32923     2.301587
32924     4.410195
32927    19.293867
32928    25.407755
32929    32.092968
32930    36.520485
32931    39.771515
32932    42.933533
32933    46.415279
32934    49.541054
32935    52.549808
32936    55.448601
32937    58.244057
Name: X, dtype: float64
19
cracking 0.001125
cracking 0.001125
loss in 0.001125: 0.06918066898241289 
1125.0
14.4
36
[320, 348, 374.7, 399.3, 424, 451.3, 460.7, 466, 471.3, 476.7, 478.7, 479.3, 480, 481.3, 482.3, 483.3, 484.3, 485.3]
[348, 374.7, 399.3, 424, 451.3, 460.7, 466, 471.3, 476.7, 478.7, 479.3, 480, 481.3, 482.3, 483.3, 484.3, 485.3, 486.7]
27342     0.629874
27343     1.566437
27344     2.926831
27345     5.103604
27346    10.056473
27347    15.394128
27348    20.823538
27349    27.032772
27350    33.763954
27351    38.097866
27352    41.230389
27353    44.296654
27354    47.709847
27355    50.771420
27356    53.725220
27357    56.576977
27358    59.331753
27359    62.298965
33013     2.306252
33014     4.432172
33017    19.577738
33018    25.731312
33019    32.432632
33020    36.858398
33021    40.103409
33022    43.258934
33023    46.733448
33024    49.851696
33025    52.852077
33026    55.742004
33027    58.528191
Name: X, dtype: float64
19
cracking 0.00125
cracking 0.00125
loss in 0.00125: 0.07357145302556922 
1250.0
14.4
36
[320, 348, 374.7, 399.3, 424, 451.3, 460.7, 466, 471.3, 476.7, 478.7, 479.3, 480, 481.3, 482.3, 483.3, 484.3, 485.3]
[348, 374.7, 399.3, 424, 451.3, 460.7, 466, 471.3, 476.7, 478.7, 479.3, 480, 481.3, 482.3, 483.3, 484.3, 485.3, 486.7]
27432     0.630213
27433     1.567496
27434     2.931475
27435     5.125784
27436    10.176310
27437    15.618851
27438    21.110868
27439    27.352947
27440    34.096073
27441    38.426903
27442    41.553108
27443    44.612621
27444    48.018372
27445    51.072147
27446    54.017471
27447    56.860134
27448    59.605644
27449    62.562859
33103     2.310864
33104     4.453343
33107    19.850161
33108    26.040676
33109    32.757942
33110    37.182358
33111    40.421814
33112    43.571083
33113    47.039745
33114    50.150749
33115    53.143166
33116    56.024853
33117    58.802059
Name: X, dtype: float64
19
cracking 0.001375
cracking 0.001375
loss in 0.001375: 0.0775208625313156 
1375.0
14.4
36
[320, 348, 374.7, 399.3, 424, 451.3, 460.7, 466, 471.3, 476.7, 478.7, 479.3, 480, 481.3, 482.3, 483.3, 484.3, 485.3]
[348, 374.7, 399.3, 424, 451.3, 460.7, 466, 471.3, 476.7, 478.7, 479.3, 480, 481.3, 482.3, 483.3, 484.3, 485.3, 486.7]
27522     0.630170
27523     1.568082
27524     2.935754
27525     5.147359
27526    10.292664
27527    15.836175
27528    21.386959
27529    27.659706
27530    34.414600
27531    38.742943
27532    41.863316
27533    44.916588
27534    48.315460
27535    51.361897
27536    54.299294
27537    57.133820
27538    59.870457
27539    62.817661
33193     2.315180
33194     4.473711
33197    20.111715
33198    26.337065
33199    33.069832
33200    37.493568
33201    40.728069
33202    43.871960
33203    47.334690
33204    50.438839
33205    53.424034
33206    56.297829
33207    59.066734
Name: X, dtype: float64
19
cracking 0.0015
cracking 0.0015
loss in 0.0015: 0.08109341482884991 
1500.0
14.4
36
[320, 348, 374.7, 399.3, 424, 451.3, 460.7, 466, 471.3, 476.7, 478.7, 479.3, 480, 481.3, 482.3, 483.3, 484.3, 485.3]
[348, 374.7, 399.3, 424, 451.3, 460.7, 466, 471.3, 476.7, 478.7, 479.3, 480, 481.3, 482.3, 483.3, 484.3, 485.3, 486.7]
27612     0.630210
27613     1.569332
27614     2.940285
27615     5.168282
27616    10.406202
27617    16.046888
27618    21.652746
27619    27.954220
27620    34.720779
27621    39.046959
27622    42.162052
27623    45.209484
27624    48.602173
27625    51.641609
27626    54.571568
27627    57.398098
27628    60.126190
27629    63.063892
33283     2.319381
33284     4.493518
33287    20.363756
33288    26.621876
33289    33.369987
33290    37.792858
33291    41.023045
33292    44.162098
33293    47.619202
33294    50.717182
33295    53.695324
33296    56.561661
33297    59.322681
Name: X, dtype: float64
19
cracking 0.001625
cracking 0.001625
loss in 0.001625: 0.08432167594198182 
1625.0
14.4
36
[320, 348, 374.7, 399.3, 424, 451.3, 460.7, 466, 471.3, 476.7, 478.7, 479.3, 480, 481.3, 482.3, 483.3, 484.3, 485.3]
[348, 374.7, 399.3, 424, 451.3, 460.7, 466, 471.3, 476.7, 478.7, 479.3, 480, 481.3, 482.3, 483.3, 484.3, 485.3, 486.7]
27702     0.630465
27703     1.569880
27704     2.944505
27705     5.188294
27706    10.516930
27707    16.251116
27708    21.908932
27709    28.237558
27710    35.015656
27711    39.340202
27712    42.450378
27713    45.492428
27714    48.879078
27715    51.912003
27716    54.834854
27717    57.653667
27718    60.373913
27719    63.302799
33373     2.323432
33374     4.512551
33377    20.606766
33378    26.895893
33379    33.658852
33380    38.081539
33381    41.307621
33382    44.442009
33383    47.893955
33384    50.985882
33385    53.957371
33386    56.817039
33387    59.570545
Name: X, dtype: float64
19
cracking 0.00175
cracking 0.00175
loss in 0.00175: 0.08724948544667592 
1750.0
14.4
36
[320, 348, 374.7, 399.3, 424, 451.3, 460.7, 466, 471.3, 476.7, 478.7, 479.3, 480, 481.3, 482.3, 483.3, 484.3, 485.3]
[348, 374.7, 399.3, 424, 451.3, 460.7, 466, 471.3, 476.7, 478.7, 479.3, 480, 481.3, 482.3, 483.3, 484.3, 485.3, 486.7]
27792     0.630582
27793     1.570482
27794     2.948718
27795     5.207867
27796    10.625284
27797    16.449602
27798    22.156336
27799    28.510878
27800    35.300270
27801    39.623299
27802    42.728935
27803    45.765598
27804    49.147121
27805    52.173862
27806    55.089767
27807    57.901588
27808    60.614174
27809    63.534267
33463     2.327353
33464     4.530970
33467    20.841480
33468    27.160133
33469    33.937611
33470    38.360401
33471    41.582500
33472    44.712364
33473    48.159782
33474    51.246056
33475    54.211559
33476    57.064156
33477    59.810535
Name: X, dtype: float64
19
cracking 0.001875
cracking 0.001875
loss in 0.001875: 0.09001800833018843 
1875.0
14.4
36
[320, 348, 374.7, 399.3, 424, 451.3, 460.7, 466, 471.3, 476.7, 478.7, 479.3, 480, 481.3, 482.3, 483.3, 484.3, 485.3]
[348, 374.7, 399.3, 424, 451.3, 460.7, 466, 471.3, 476.7, 478.7, 479.3, 480, 481.3, 482.3, 483.3, 484.3, 485.3, 486.7]
27882     0.631012
27883     1.571787
27884     2.952817
27885     5.227131
27886    10.731233
27887    16.642630
27888    22.395618
27889    28.774689
27890    35.575222
27891    39.896976
27892    42.998428
27893    46.030392
27894    49.406872
27895    52.427677
27896    55.337086
27897    58.141758
27898    60.846916
27899    63.758636
33553     2.020565
33554     3.852491
33557    19.402067
33558    25.555344
33559    32.159172
33560    37.578876
33561    41.112984
33562    44.179317
33563    47.175575
33564    50.509113
33565    53.490154
33566    56.359692
33567    59.124565
Name: X, dtype: float64
19
cracking 0.002
cracking 0.002
loss in 0.002: 0.09304107902595755 
2000.0
14.4
36
[320, 348, 374.7, 399.3, 424, 451.3, 460.7, 466, 471.3, 476.7, 478.7, 479.3, 480, 481.3, 482.3, 483.3, 484.3, 485.3]
[348, 374.7, 399.3, 424, 451.3, 460.7, 466, 471.3, 476.7, 478.7, 479.3, 480, 481.3, 482.3, 483.3, 484.3, 485.3, 486.7]
27972     0.631000
27973     1.572382
27974     2.956536
27975     5.245561
27976    10.835002
27977    16.830482
27978    22.627264
27979    29.029764
27980    35.841133
27981    40.162148
27982    43.259251
27983    46.286854
27984    49.658607
27985    52.673733
27986    55.577080
27987    58.375313
27988    61.072830
27989    63.976734
33643     2.334801
33644     4.566636
33647    21.288595
33648    27.662090
33649    34.467564
33650    38.891010
33651    42.106243
33652    45.228489
33653    48.667263
33654    51.743237
33655    54.697037
33656    57.536957
33657    60.269524
Name: X, dtype: float64
19
cracking 0.002125
cracking 0.002125
loss in 0.002125: 0.09585931350616621 
2125.0
14.4
36
[320, 348, 374.7, 399.3, 424, 451.3, 460.7, 466, 471.3, 476.7, 478.7, 479.3, 480, 481.3, 482.3, 483.3, 484.3, 485.3]
[348, 374.7, 399.3, 424, 451.3, 460.7, 466, 471.3, 476.7, 478.7, 479.3, 480, 481.3, 482.3, 483.3, 484.3, 485.3, 486.7]
28062     0.631002
28063     1.573114
28064     2.960308
28065     5.263947
28066    10.936814
28067    17.013531
28068    22.851927
28069    29.276674
28070    36.098835
28071    40.418934
28072    43.512505
28073    46.536140
28074    49.902897
28075    52.912540
28076    55.810173
28077    58.601822
28078    61.292915
28079    64.188957
33733     2.338496
33734     4.583745
33737    21.501898
33738    27.901047
33739    34.719696
33740    39.144035
33741    42.356274
33742    45.474895
33743    48.910065
33744    51.980999
33745    54.929359
33746    57.763176
33747    60.489304
Name: X, dtype: float64
19
cracking 0.00225
cracking 0.00225
loss in 0.00225: 0.09844374231281042 
2250.0
14.4
36
[320, 348, 374.7, 399.3, 424, 451.3, 460.7, 466, 471.3, 476.7, 478.7, 479.3, 480, 481.3, 482.3, 483.3, 484.3, 485.3]
[348, 374.7, 399.3, 424, 451.3, 460.7, 466, 471.3, 476.7, 478.7, 479.3, 480, 481.3, 482.3, 483.3, 484.3, 485.3, 486.7]
28152     0.631296
28153     1.573762
28154     2.963983
28155     5.281552
28156    11.036651
28157    17.192003
28158    23.070059
28159    29.516167
28160    36.348694
28161    40.668301
28162    43.758282
28163    46.777988
28164    50.140091
28165    53.144711
28166    56.036564
28167    58.821987
28168    61.506573
28169    64.395279
33823     2.341924
33824     4.600562
33827    21.709126
33828    28.132896
33829    34.964569
33830    39.389515
33831    42.599056
33832    45.714058
33833    49.145363
33834    52.212078
33835    55.155178
33836    57.983307
33837    60.703186
Name: X, dtype: float64
19
cracking 0.002375
cracking 0.002375
loss in 0.002375: 0.10052133680982771 
2375.0
14.4
36
[320, 348, 374.7, 399.3, 424, 451.3, 460.7, 466, 471.3, 476.7, 478.7, 479.3, 480, 481.3, 482.3, 483.3, 484.3, 485.3]
[348, 374.7, 399.3, 424, 451.3, 460.7, 466, 471.3, 476.7, 478.7, 479.3, 480, 481.3, 482.3, 483.3, 484.3, 485.3, 486.7]
28242     0.728025
28243     1.780948
28244     3.375097
28245     6.192051
28246    12.777272
28247    18.330698
28248    24.954823
28249    31.541479
28250    37.170872
28251    41.466202
28252    44.535622
28253    47.533611
28254    50.870750
28255    53.850929
28256    56.718189
28257    59.478371
28258    62.137558
28259    64.923096
33913     2.345384
33914     4.616945
33917    21.910460
33918    28.357939
33919    35.202450
33920    39.628086
33921    42.835125
33922    45.946865
33923    49.374443
33924    52.436562
33925    55.375137
33926    58.197834
33927    60.911598
Name: X, dtype: float64
19
cracking 0.0025
cracking 0.0025
loss in 0.0025: 0.10184518265831269 
2500.0
14.4
36
[320, 348, 374.7, 399.3, 424, 451.3, 460.7, 466, 471.3, 476.7, 478.7, 479.3, 480, 481.3, 482.3, 483.3, 484.3, 485.3]
[348, 374.7, 399.3, 424, 451.3, 460.7, 466, 471.3, 476.7, 478.7, 479.3, 480, 481.3, 482.3, 483.3, 484.3, 485.3, 486.7]
28332     0.829459
28333     2.030360
28334     3.900590
28335     7.491874
28336    14.345227
28337    20.395103
28338    26.694819
28339    33.376503
28340    38.816772
28341    42.339634
28342    45.388630
28343    48.364765
28344    51.677166
28345    54.632599
28346    57.474155
28347    60.208168
28348    62.840256
28349    65.448547
34003     2.348798
34004     4.633042
34007    22.106474
34008    28.576515
34009    35.433601
34010    39.860287
34011    43.064674
34012    46.173260
34013    49.597618
34014    52.655640
34015    55.589016
34016    58.406555
34017    61.114605
Name: X, dtype: float64
19
['/home/wesley/EDC/FPC/ML/results/0322_FPC_lowparam_irrev3/plots/predict/20_320_11.4_36_org2/CCl4_0.000000_mass_1000_temp_320_20_320_11.4_36_org2.png', '/home/wesley/EDC/FPC/ML/results/0322_FPC_lowparam_irrev3/plots/predict/20_320_11.4_36_org2/CCl4_125.000000_mass_1000_temp_320_20_320_11.4_36_org2.png', '/home/wesley/EDC/FPC/ML/results/0322_FPC_lowparam_irrev3/plots/predict/20_320_11.4_36_org2/CCl4_250.000000_mass_1000_temp_320_20_320_11.4_36_org2.png', '/home/wesley/EDC/FPC/ML/results/0322_FPC_lowparam_irrev3/plots/predict/20_320_11.4_36_org2/CCl4_375.000000_mass_1000_temp_320_20_320_11.4_36_org2.png', '/home/wesley/EDC/FPC/ML/results/0322_FPC_lowparam_irrev3/plots/predict/20_320_11.4_36_org2/CCl4_500.000000_mass_1000_temp_320_20_320_11.4_36_org2.png', '/home/wesley/EDC/FPC/ML/results/0322_FPC_lowparam_irrev3/plots/predict/20_320_11.4_36_org2/CCl4_625.000000_mass_1000_temp_320_20_320_11.4_36_org2.png', '/home/wesley/EDC/FPC/ML/results/0322_FPC_lowparam_irrev3/plots/predict/20_320_11.4_36_org2/CCl4_750.000000_mass_1000_temp_320_20_320_11.4_36_org2.png', '/home/wesley/EDC/FPC/ML/results/0322_FPC_lowparam_irrev3/plots/predict/20_320_11.4_36_org2/CCl4_875.000000_mass_1000_temp_320_20_320_11.4_36_org2.png', '/home/wesley/EDC/FPC/ML/results/0322_FPC_lowparam_irrev3/plots/predict/20_320_11.4_36_org2/CCl4_1000.000000_mass_1000_temp_320_20_320_11.4_36_org2.png', '/home/wesley/EDC/FPC/ML/results/0322_FPC_lowparam_irrev3/plots/predict/20_320_11.4_36_org2/CCl4_1125.000000_mass_1000_temp_320_20_320_11.4_36_org2.png', '/home/wesley/EDC/FPC/ML/results/0322_FPC_lowparam_irrev3/plots/predict/20_320_11.4_36_org2/CCl4_1250.000000_mass_1000_temp_320_20_320_11.4_36_org2.png', '/home/wesley/EDC/FPC/ML/results/0322_FPC_lowparam_irrev3/plots/predict/20_320_11.4_36_org2/CCl4_1375.000000_mass_1000_temp_320_20_320_11.4_36_org2.png', '/home/wesley/EDC/FPC/ML/results/0322_FPC_lowparam_irrev3/plots/predict/20_320_11.4_36_org2/CCl4_1500.000000_mass_1000_temp_320_20_320_11.4_36_org2.png', '/home/wesley/EDC/FPC/ML/results/0322_FPC_lowparam_irrev3/plots/predict/20_320_11.4_36_org2/CCl4_1625.000000_mass_1000_temp_320_20_320_11.4_36_org2.png', '/home/wesley/EDC/FPC/ML/results/0322_FPC_lowparam_irrev3/plots/predict/20_320_11.4_36_org2/CCl4_1750.000000_mass_1000_temp_320_20_320_11.4_36_org2.png', '/home/wesley/EDC/FPC/ML/results/0322_FPC_lowparam_irrev3/plots/predict/20_320_11.4_36_org2/CCl4_1875.000000_mass_1000_temp_320_20_320_11.4_36_org2.png', '/home/wesley/EDC/FPC/ML/results/0322_FPC_lowparam_irrev3/plots/predict/20_320_11.4_36_org2/CCl4_2000.000000_mass_1000_temp_320_20_320_11.4_36_org2.png', '/home/wesley/EDC/FPC/ML/results/0322_FPC_lowparam_irrev3/plots/predict/20_320_11.4_36_org2/CCl4_2125.000000_mass_1000_temp_320_20_320_11.4_36_org2.png', '/home/wesley/EDC/FPC/ML/results/0322_FPC_lowparam_irrev3/plots/predict/20_320_11.4_36_org2/CCl4_2250.000000_mass_1000_temp_320_20_320_11.4_36_org2.png', '/home/wesley/EDC/FPC/ML/results/0322_FPC_lowparam_irrev3/plots/predict/20_320_11.4_36_org2/CCl4_2375.000000_mass_1000_temp_320_20_320_11.4_36_org2.png', '/home/wesley/EDC/FPC/ML/results/0322_FPC_lowparam_irrev3/plots/predict/20_320_11.4_36_org2/CCl4_2500.000000_mass_1000_temp_320_20_320_11.4_36_org2.png', '/home/wesley/EDC/FPC/ML/results/0322_FPC_lowparam_irrev3/plots/predict/20_320_11.4_36_org2/CCl4_0.000000_mass_36_temp_320_20_320_11.4_36_org2.png', '/home/wesley/EDC/FPC/ML/results/0322_FPC_lowparam_irrev3/plots/predict/20_320_11.4_36_org2/CCl4_125.000000_mass_36_temp_320_20_320_11.4_36_org2.png', '/home/wesley/EDC/FPC/ML/results/0322_FPC_lowparam_irrev3/plots/predict/20_320_11.4_36_org2/CCl4_250.000000_mass_36_temp_320_20_320_11.4_36_org2.png', '/home/wesley/EDC/FPC/ML/results/0322_FPC_lowparam_irrev3/plots/predict/20_320_11.4_36_org2/CCl4_375.000000_mass_36_temp_320_20_320_11.4_36_org2.png', '/home/wesley/EDC/FPC/ML/results/0322_FPC_lowparam_irrev3/plots/predict/20_320_11.4_36_org2/CCl4_500.000000_mass_36_temp_320_20_320_11.4_36_org2.png', '/home/wesley/EDC/FPC/ML/results/0322_FPC_lowparam_irrev3/plots/predict/20_320_11.4_36_org2/CCl4_625.000000_mass_36_temp_320_20_320_11.4_36_org2.png', '/home/wesley/EDC/FPC/ML/results/0322_FPC_lowparam_irrev3/plots/predict/20_320_11.4_36_org2/CCl4_750.000000_mass_36_temp_320_20_320_11.4_36_org2.png', '/home/wesley/EDC/FPC/ML/results/0322_FPC_lowparam_irrev3/plots/predict/20_320_11.4_36_org2/CCl4_875.000000_mass_36_temp_320_20_320_11.4_36_org2.png', '/home/wesley/EDC/FPC/ML/results/0322_FPC_lowparam_irrev3/plots/predict/20_320_11.4_36_org2/CCl4_1000.000000_mass_36_temp_320_20_320_11.4_36_org2.png', '/home/wesley/EDC/FPC/ML/results/0322_FPC_lowparam_irrev3/plots/predict/20_320_11.4_36_org2/CCl4_1125.000000_mass_36_temp_320_20_320_11.4_36_org2.png', '/home/wesley/EDC/FPC/ML/results/0322_FPC_lowparam_irrev3/plots/predict/20_320_11.4_36_org2/CCl4_1250.000000_mass_36_temp_320_20_320_11.4_36_org2.png', '/home/wesley/EDC/FPC/ML/results/0322_FPC_lowparam_irrev3/plots/predict/20_320_11.4_36_org2/CCl4_1375.000000_mass_36_temp_320_20_320_11.4_36_org2.png', '/home/wesley/EDC/FPC/ML/results/0322_FPC_lowparam_irrev3/plots/predict/20_320_11.4_36_org2/CCl4_1500.000000_mass_36_temp_320_20_320_11.4_36_org2.png', '/home/wesley/EDC/FPC/ML/results/0322_FPC_lowparam_irrev3/plots/predict/20_320_11.4_36_org2/CCl4_1625.000000_mass_36_temp_320_20_320_11.4_36_org2.png', '/home/wesley/EDC/FPC/ML/results/0322_FPC_lowparam_irrev3/plots/predict/20_320_11.4_36_org2/CCl4_1750.000000_mass_36_temp_320_20_320_11.4_36_org2.png', '/home/wesley/EDC/FPC/ML/results/0322_FPC_lowparam_irrev3/plots/predict/20_320_11.4_36_org2/CCl4_1875.000000_mass_36_temp_320_20_320_11.4_36_org2.png', '/home/wesley/EDC/FPC/ML/results/0322_FPC_lowparam_irrev3/plots/predict/20_320_11.4_36_org2/CCl4_2000.000000_mass_36_temp_320_20_320_11.4_36_org2.png', '/home/wesley/EDC/FPC/ML/results/0322_FPC_lowparam_irrev3/plots/predict/20_320_11.4_36_org2/CCl4_2125.000000_mass_36_temp_320_20_320_11.4_36_org2.png', '/home/wesley/EDC/FPC/ML/results/0322_FPC_lowparam_irrev3/plots/predict/20_320_11.4_36_org2/CCl4_2250.000000_mass_36_temp_320_20_320_11.4_36_org2.png', '/home/wesley/EDC/FPC/ML/results/0322_FPC_lowparam_irrev3/plots/predict/20_320_11.4_36_org2/CCl4_2375.000000_mass_36_temp_320_20_320_11.4_36_org2.png', '/home/wesley/EDC/FPC/ML/results/0322_FPC_lowparam_irrev3/plots/predict/20_320_11.4_36_org2/CCl4_2500.000000_mass_36_temp_320_20_320_11.4_36_org2.png']
