training_data_FPC_V1_3m_5p_6t_21Clppm.csv
            Experiment name: 0322_FPC_lowparam_irrev3
            Training Data: training_data_FPC_V1_3m_5p_6t_21Clppm.csv
            Do k-fold: False
            Folds num: 10
            Learning rate: 0.001
            Batch size: 18
            Epoch: 10000
            CSTR num: 100
            Training vebose: 0
            #Genearalization test
            mass flow rates = True
            CCl4 = True
            inital pressure = True
            number of tubes = False
            T_in = True
            ncpus = 8
            training = False
            prediction only = False
                
Loading data...
Starting prediction...
cracking 0.0
cracking 0.0
loss in 0.0: 0.04012744319228311 
0.0
14.4
1000
[320, 348, 374.7, 399.3, 424, 451.3, 460.7, 466, 471.3, 476.7, 478.7, 479.3, 480, 481.3, 482.3, 483.3, 484.3, 485.3]
[348, 374.7, 399.3, 424, 451.3, 460.7, 466, 471.3, 476.7, 478.7, 479.3, 480, 481.3, 482.3, 483.3, 484.3, 485.3, 486.7]
Series([], Name: X, dtype: float64)
FPC data not found
cracking 0.000125
cracking 0.000125
loss in 0.000125: 0.0429280946048902 
125.0
14.4
1000
[320, 348, 374.7, 399.3, 424, 451.3, 460.7, 466, 471.3, 476.7, 478.7, 479.3, 480, 481.3, 482.3, 483.3, 484.3, 485.3]
[348, 374.7, 399.3, 424, 451.3, 460.7, 466, 471.3, 476.7, 478.7, 479.3, 480, 481.3, 482.3, 483.3, 484.3, 485.3, 486.7]
Series([], Name: X, dtype: float64)
FPC data not found
cracking 0.00025
cracking 0.00025
loss in 0.00025: 0.039695813458810555 
250.0
14.4
1000
[320, 348, 374.7, 399.3, 424, 451.3, 460.7, 466, 471.3, 476.7, 478.7, 479.3, 480, 481.3, 482.3, 483.3, 484.3, 485.3]
[348, 374.7, 399.3, 424, 451.3, 460.7, 466, 471.3, 476.7, 478.7, 479.3, 480, 481.3, 482.3, 483.3, 484.3, 485.3, 486.7]
Series([], Name: X, dtype: float64)
FPC data not found
cracking 0.000375
cracking 0.000375
loss in 0.000375: 0.035373360245737485 
375.0
14.4
1000
[320, 348, 374.7, 399.3, 424, 451.3, 460.7, 466, 471.3, 476.7, 478.7, 479.3, 480, 481.3, 482.3, 483.3, 484.3, 485.3]
[348, 374.7, 399.3, 424, 451.3, 460.7, 466, 471.3, 476.7, 478.7, 479.3, 480, 481.3, 482.3, 483.3, 484.3, 485.3, 486.7]
Series([], Name: X, dtype: float64)
FPC data not found
cracking 0.0005
cracking 0.0005
loss in 0.0005: 0.03154915627642576 
500.0
14.4
1000
[320, 348, 374.7, 399.3, 424, 451.3, 460.7, 466, 471.3, 476.7, 478.7, 479.3, 480, 481.3, 482.3, 483.3, 484.3, 485.3]
[348, 374.7, 399.3, 424, 451.3, 460.7, 466, 471.3, 476.7, 478.7, 479.3, 480, 481.3, 482.3, 483.3, 484.3, 485.3, 486.7]
Series([], Name: X, dtype: float64)
FPC data not found
cracking 0.000625
cracking 0.000625
loss in 0.000625: 0.028293838748557433 
625.0
14.4
1000
[320, 348, 374.7, 399.3, 424, 451.3, 460.7, 466, 471.3, 476.7, 478.7, 479.3, 480, 481.3, 482.3, 483.3, 484.3, 485.3]
[348, 374.7, 399.3, 424, 451.3, 460.7, 466, 471.3, 476.7, 478.7, 479.3, 480, 481.3, 482.3, 483.3, 484.3, 485.3, 486.7]
Series([], Name: X, dtype: float64)
FPC data not found
cracking 0.00075
cracking 0.00075
loss in 0.00075: 0.025521094386492634 
750.0
14.4
1000
[320, 348, 374.7, 399.3, 424, 451.3, 460.7, 466, 471.3, 476.7, 478.7, 479.3, 480, 481.3, 482.3, 483.3, 484.3, 485.3]
[348, 374.7, 399.3, 424, 451.3, 460.7, 466, 471.3, 476.7, 478.7, 479.3, 480, 481.3, 482.3, 483.3, 484.3, 485.3, 486.7]
Series([], Name: X, dtype: float64)
FPC data not found
cracking 0.000875
cracking 0.000875
loss in 0.000875: 0.02311734908897045 
875.0
14.4
1000
[320, 348, 374.7, 399.3, 424, 451.3, 460.7, 466, 471.3, 476.7, 478.7, 479.3, 480, 481.3, 482.3, 483.3, 484.3, 485.3]
[348, 374.7, 399.3, 424, 451.3, 460.7, 466, 471.3, 476.7, 478.7, 479.3, 480, 481.3, 482.3, 483.3, 484.3, 485.3, 486.7]
Series([], Name: X, dtype: float64)
FPC data not found
cracking 0.001
cracking 0.001
loss in 0.001: 0.02104966694629974 
1000.0
14.4
1000
[320, 348, 374.7, 399.3, 424, 451.3, 460.7, 466, 471.3, 476.7, 478.7, 479.3, 480, 481.3, 482.3, 483.3, 484.3, 485.3]
[348, 374.7, 399.3, 424, 451.3, 460.7, 466, 471.3, 476.7, 478.7, 479.3, 480, 481.3, 482.3, 483.3, 484.3, 485.3, 486.7]
Series([], Name: X, dtype: float64)
FPC data not found
cracking 0.001125
cracking 0.001125
loss in 0.001125: 0.019490916973485126 
1125.0
14.4
1000
[320, 348, 374.7, 399.3, 424, 451.3, 460.7, 466, 471.3, 476.7, 478.7, 479.3, 480, 481.3, 482.3, 483.3, 484.3, 485.3]
[348, 374.7, 399.3, 424, 451.3, 460.7, 466, 471.3, 476.7, 478.7, 479.3, 480, 481.3, 482.3, 483.3, 484.3, 485.3, 486.7]
Series([], Name: X, dtype: float64)
FPC data not found
cracking 0.00125
cracking 0.00125
loss in 0.00125: 0.01839589536548203 
1250.0
14.4
1000
[320, 348, 374.7, 399.3, 424, 451.3, 460.7, 466, 471.3, 476.7, 478.7, 479.3, 480, 481.3, 482.3, 483.3, 484.3, 485.3]
[348, 374.7, 399.3, 424, 451.3, 460.7, 466, 471.3, 476.7, 478.7, 479.3, 480, 481.3, 482.3, 483.3, 484.3, 485.3, 486.7]
Series([], Name: X, dtype: float64)
FPC data not found
cracking 0.001375
cracking 0.001375
loss in 0.001375: 0.017622763851931116 
1375.0
14.4
1000
[320, 348, 374.7, 399.3, 424, 451.3, 460.7, 466, 471.3, 476.7, 478.7, 479.3, 480, 481.3, 482.3, 483.3, 484.3, 485.3]
[348, 374.7, 399.3, 424, 451.3, 460.7, 466, 471.3, 476.7, 478.7, 479.3, 480, 481.3, 482.3, 483.3, 484.3, 485.3, 486.7]
Series([], Name: X, dtype: float64)
FPC data not found
cracking 0.0015
cracking 0.0015
loss in 0.0015: 0.017057264511398232 
1500.0
14.4
1000
[320, 348, 374.7, 399.3, 424, 451.3, 460.7, 466, 471.3, 476.7, 478.7, 479.3, 480, 481.3, 482.3, 483.3, 484.3, 485.3]
[348, 374.7, 399.3, 424, 451.3, 460.7, 466, 471.3, 476.7, 478.7, 479.3, 480, 481.3, 482.3, 483.3, 484.3, 485.3, 486.7]
Series([], Name: X, dtype: float64)
FPC data not found
cracking 0.001625
cracking 0.001625
loss in 0.001625: 0.016591856710174203 
1625.0
14.4
1000
[320, 348, 374.7, 399.3, 424, 451.3, 460.7, 466, 471.3, 476.7, 478.7, 479.3, 480, 481.3, 482.3, 483.3, 484.3, 485.3]
[348, 374.7, 399.3, 424, 451.3, 460.7, 466, 471.3, 476.7, 478.7, 479.3, 480, 481.3, 482.3, 483.3, 484.3, 485.3, 486.7]
Series([], Name: X, dtype: float64)
FPC data not found
cracking 0.00175
cracking 0.00175
loss in 0.00175: 0.016220476988601067 
1750.0
14.4
1000
[320, 348, 374.7, 399.3, 424, 451.3, 460.7, 466, 471.3, 476.7, 478.7, 479.3, 480, 481.3, 482.3, 483.3, 484.3, 485.3]
[348, 374.7, 399.3, 424, 451.3, 460.7, 466, 471.3, 476.7, 478.7, 479.3, 480, 481.3, 482.3, 483.3, 484.3, 485.3, 486.7]
Series([], Name: X, dtype: float64)
FPC data not found
cracking 0.001875
cracking 0.001875
loss in 0.001875: 0.015936673587603423 
1875.0
14.4
1000
[320, 348, 374.7, 399.3, 424, 451.3, 460.7, 466, 471.3, 476.7, 478.7, 479.3, 480, 481.3, 482.3, 483.3, 484.3, 485.3]
[348, 374.7, 399.3, 424, 451.3, 460.7, 466, 471.3, 476.7, 478.7, 479.3, 480, 481.3, 482.3, 483.3, 484.3, 485.3, 486.7]
Series([], Name: X, dtype: float64)
FPC data not found
cracking 0.002
cracking 0.002
loss in 0.002: 0.015698258743049035 
2000.0
14.4
1000
[320, 348, 374.7, 399.3, 424, 451.3, 460.7, 466, 471.3, 476.7, 478.7, 479.3, 480, 481.3, 482.3, 483.3, 484.3, 485.3]
[348, 374.7, 399.3, 424, 451.3, 460.7, 466, 471.3, 476.7, 478.7, 479.3, 480, 481.3, 482.3, 483.3, 484.3, 485.3, 486.7]
Series([], Name: X, dtype: float64)
FPC data not found
cracking 0.002125
cracking 0.002125
loss in 0.002125: 0.015175377561454881 
2125.0
14.4
1000
[320, 348, 374.7, 399.3, 424, 451.3, 460.7, 466, 471.3, 476.7, 478.7, 479.3, 480, 481.3, 482.3, 483.3, 484.3, 485.3]
[348, 374.7, 399.3, 424, 451.3, 460.7, 466, 471.3, 476.7, 478.7, 479.3, 480, 481.3, 482.3, 483.3, 484.3, 485.3, 486.7]
Series([], Name: X, dtype: float64)
FPC data not found
cracking 0.00225
cracking 0.00225
loss in 0.00225: 0.014483139845244882 
2250.0
14.4
1000
[320, 348, 374.7, 399.3, 424, 451.3, 460.7, 466, 471.3, 476.7, 478.7, 479.3, 480, 481.3, 482.3, 483.3, 484.3, 485.3]
[348, 374.7, 399.3, 424, 451.3, 460.7, 466, 471.3, 476.7, 478.7, 479.3, 480, 481.3, 482.3, 483.3, 484.3, 485.3, 486.7]
Series([], Name: X, dtype: float64)
FPC data not found
cracking 0.002375
cracking 0.002375
loss in 0.002375: 0.01378426208317536 
2375.0
14.4
1000
[320, 348, 374.7, 399.3, 424, 451.3, 460.7, 466, 471.3, 476.7, 478.7, 479.3, 480, 481.3, 482.3, 483.3, 484.3, 485.3]
[348, 374.7, 399.3, 424, 451.3, 460.7, 466, 471.3, 476.7, 478.7, 479.3, 480, 481.3, 482.3, 483.3, 484.3, 485.3, 486.7]
Series([], Name: X, dtype: float64)
FPC data not found
cracking 0.0025
cracking 0.0025
loss in 0.0025: 0.013138147629297442 
2500.0
14.4
1000
[320, 348, 374.7, 399.3, 424, 451.3, 460.7, 466, 471.3, 476.7, 478.7, 479.3, 480, 481.3, 482.3, 483.3, 484.3, 485.3]
[348, 374.7, 399.3, 424, 451.3, 460.7, 466, 471.3, 476.7, 478.7, 479.3, 480, 481.3, 482.3, 483.3, 484.3, 485.3, 486.7]
Series([], Name: X, dtype: float64)
FPC data not found
['/home/wesley/EDC/FPC/ML/results/0322_FPC_lowparam_irrev3/plots/predict/20_320_11.4_36_org2/CCl4_0.000000_mass_1000_temp_320_20_320_11.4_36_org2.png', '/home/wesley/EDC/FPC/ML/results/0322_FPC_lowparam_irrev3/plots/predict/20_320_11.4_36_org2/CCl4_125.000000_mass_1000_temp_320_20_320_11.4_36_org2.png', '/home/wesley/EDC/FPC/ML/results/0322_FPC_lowparam_irrev3/plots/predict/20_320_11.4_36_org2/CCl4_250.000000_mass_1000_temp_320_20_320_11.4_36_org2.png', '/home/wesley/EDC/FPC/ML/results/0322_FPC_lowparam_irrev3/plots/predict/20_320_11.4_36_org2/CCl4_375.000000_mass_1000_temp_320_20_320_11.4_36_org2.png', '/home/wesley/EDC/FPC/ML/results/0322_FPC_lowparam_irrev3/plots/predict/20_320_11.4_36_org2/CCl4_500.000000_mass_1000_temp_320_20_320_11.4_36_org2.png', '/home/wesley/EDC/FPC/ML/results/0322_FPC_lowparam_irrev3/plots/predict/20_320_11.4_36_org2/CCl4_625.000000_mass_1000_temp_320_20_320_11.4_36_org2.png', '/home/wesley/EDC/FPC/ML/results/0322_FPC_lowparam_irrev3/plots/predict/20_320_11.4_36_org2/CCl4_750.000000_mass_1000_temp_320_20_320_11.4_36_org2.png', '/home/wesley/EDC/FPC/ML/results/0322_FPC_lowparam_irrev3/plots/predict/20_320_11.4_36_org2/CCl4_875.000000_mass_1000_temp_320_20_320_11.4_36_org2.png', '/home/wesley/EDC/FPC/ML/results/0322_FPC_lowparam_irrev3/plots/predict/20_320_11.4_36_org2/CCl4_1000.000000_mass_1000_temp_320_20_320_11.4_36_org2.png', '/home/wesley/EDC/FPC/ML/results/0322_FPC_lowparam_irrev3/plots/predict/20_320_11.4_36_org2/CCl4_1125.000000_mass_1000_temp_320_20_320_11.4_36_org2.png', '/home/wesley/EDC/FPC/ML/results/0322_FPC_lowparam_irrev3/plots/predict/20_320_11.4_36_org2/CCl4_1250.000000_mass_1000_temp_320_20_320_11.4_36_org2.png', '/home/wesley/EDC/FPC/ML/results/0322_FPC_lowparam_irrev3/plots/predict/20_320_11.4_36_org2/CCl4_1375.000000_mass_1000_temp_320_20_320_11.4_36_org2.png', '/home/wesley/EDC/FPC/ML/results/0322_FPC_lowparam_irrev3/plots/predict/20_320_11.4_36_org2/CCl4_1500.000000_mass_1000_temp_320_20_320_11.4_36_org2.png', '/home/wesley/EDC/FPC/ML/results/0322_FPC_lowparam_irrev3/plots/predict/20_320_11.4_36_org2/CCl4_1625.000000_mass_1000_temp_320_20_320_11.4_36_org2.png', '/home/wesley/EDC/FPC/ML/results/0322_FPC_lowparam_irrev3/plots/predict/20_320_11.4_36_org2/CCl4_1750.000000_mass_1000_temp_320_20_320_11.4_36_org2.png', '/home/wesley/EDC/FPC/ML/results/0322_FPC_lowparam_irrev3/plots/predict/20_320_11.4_36_org2/CCl4_1875.000000_mass_1000_temp_320_20_320_11.4_36_org2.png', '/home/wesley/EDC/FPC/ML/results/0322_FPC_lowparam_irrev3/plots/predict/20_320_11.4_36_org2/CCl4_2000.000000_mass_1000_temp_320_20_320_11.4_36_org2.png', '/home/wesley/EDC/FPC/ML/results/0322_FPC_lowparam_irrev3/plots/predict/20_320_11.4_36_org2/CCl4_2125.000000_mass_1000_temp_320_20_320_11.4_36_org2.png', '/home/wesley/EDC/FPC/ML/results/0322_FPC_lowparam_irrev3/plots/predict/20_320_11.4_36_org2/CCl4_2250.000000_mass_1000_temp_320_20_320_11.4_36_org2.png', '/home/wesley/EDC/FPC/ML/results/0322_FPC_lowparam_irrev3/plots/predict/20_320_11.4_36_org2/CCl4_2375.000000_mass_1000_temp_320_20_320_11.4_36_org2.png', '/home/wesley/EDC/FPC/ML/results/0322_FPC_lowparam_irrev3/plots/predict/20_320_11.4_36_org2/CCl4_2500.000000_mass_1000_temp_320_20_320_11.4_36_org2.png']
