training_dataV6_mimicFPC_bigmass.csv
            Experiment name: 0321_lowparam_bigmass2
            Training Data: training_dataV6_mimicFPC_bigmass.csv
            Do k-fold: False
            Folds num: 10
            Learning rate: 0.001
            Batch size: 18
            Epoch: 10000
            CSTR num: 100
            Training vebose: 0
            #Genearalization test
            mass flow rates = True
            CCl4 = True
            inital pressure = True
            number of tubes = True
            T_in = True
            ncpus = 8
            training = False
            prediction only = False
                
Loading data...
Starting prediction...
cracking 0.0
cracking 0.0
loss in 0.0: 0.003198393417156366 
0.0
11.4
72
[320, 348, 374.7, 399.3, 424, 451.3, 460.7, 466, 471.3, 476.7, 478.7, 479.3, 480, 481.3, 482.3, 483.3, 484.3, 485.3]
[348, 374.7, 399.3, 424, 451.3, 460.7, 466, 471.3, 476.7, 478.7, 479.3, 480, 481.3, 482.3, 483.3, 484.3, 485.3, 486.7]
Series([], Name: X, dtype: float64)
FPC data not found
cracking 0.000125
cracking 0.000125
loss in 0.000125: 0.006093578687399551 
125.0
11.4
72
[320, 348, 374.7, 399.3, 424, 451.3, 460.7, 466, 471.3, 476.7, 478.7, 479.3, 480, 481.3, 482.3, 483.3, 484.3, 485.3]
[348, 374.7, 399.3, 424, 451.3, 460.7, 466, 471.3, 476.7, 478.7, 479.3, 480, 481.3, 482.3, 483.3, 484.3, 485.3, 486.7]
Series([], Name: X, dtype: float64)
FPC data not found
cracking 0.00025
cracking 0.00025
loss in 0.00025: 0.006365586733533849 
250.0
11.4
72
[320, 348, 374.7, 399.3, 424, 451.3, 460.7, 466, 471.3, 476.7, 478.7, 479.3, 480, 481.3, 482.3, 483.3, 484.3, 485.3]
[348, 374.7, 399.3, 424, 451.3, 460.7, 466, 471.3, 476.7, 478.7, 479.3, 480, 481.3, 482.3, 483.3, 484.3, 485.3, 486.7]
Series([], Name: X, dtype: float64)
FPC data not found
cracking 0.000375
cracking 0.000375
loss in 0.000375: 0.007550176196359796 
375.0
11.4
72
[320, 348, 374.7, 399.3, 424, 451.3, 460.7, 466, 471.3, 476.7, 478.7, 479.3, 480, 481.3, 482.3, 483.3, 484.3, 485.3]
[348, 374.7, 399.3, 424, 451.3, 460.7, 466, 471.3, 476.7, 478.7, 479.3, 480, 481.3, 482.3, 483.3, 484.3, 485.3, 486.7]
Series([], Name: X, dtype: float64)
FPC data not found
cracking 0.0005
cracking 0.0005
loss in 0.0005: 0.007392686686926156 
500.0
11.4
72
[320, 348, 374.7, 399.3, 424, 451.3, 460.7, 466, 471.3, 476.7, 478.7, 479.3, 480, 481.3, 482.3, 483.3, 484.3, 485.3]
[348, 374.7, 399.3, 424, 451.3, 460.7, 466, 471.3, 476.7, 478.7, 479.3, 480, 481.3, 482.3, 483.3, 484.3, 485.3, 486.7]
Series([], Name: X, dtype: float64)
FPC data not found
cracking 0.000625
cracking 0.000625
loss in 0.000625: 0.007021898095031731 
625.0
11.4
72
[320, 348, 374.7, 399.3, 424, 451.3, 460.7, 466, 471.3, 476.7, 478.7, 479.3, 480, 481.3, 482.3, 483.3, 484.3, 485.3]
[348, 374.7, 399.3, 424, 451.3, 460.7, 466, 471.3, 476.7, 478.7, 479.3, 480, 481.3, 482.3, 483.3, 484.3, 485.3, 486.7]
Series([], Name: X, dtype: float64)
FPC data not found
cracking 0.00075
cracking 0.00075
loss in 0.00075: 0.007141945046616247 
750.0
11.4
72
[320, 348, 374.7, 399.3, 424, 451.3, 460.7, 466, 471.3, 476.7, 478.7, 479.3, 480, 481.3, 482.3, 483.3, 484.3, 485.3]
[348, 374.7, 399.3, 424, 451.3, 460.7, 466, 471.3, 476.7, 478.7, 479.3, 480, 481.3, 482.3, 483.3, 484.3, 485.3, 486.7]
Series([], Name: X, dtype: float64)
FPC data not found
cracking 0.000875
cracking 0.000875
loss in 0.000875: 0.007092219513817213 
875.0
11.4
72
[320, 348, 374.7, 399.3, 424, 451.3, 460.7, 466, 471.3, 476.7, 478.7, 479.3, 480, 481.3, 482.3, 483.3, 484.3, 485.3]
[348, 374.7, 399.3, 424, 451.3, 460.7, 466, 471.3, 476.7, 478.7, 479.3, 480, 481.3, 482.3, 483.3, 484.3, 485.3, 486.7]
Series([], Name: X, dtype: float64)
FPC data not found
cracking 0.001
cracking 0.001
loss in 0.001: 0.006901104095360388 
1000.0
11.4
72
[320, 348, 374.7, 399.3, 424, 451.3, 460.7, 466, 471.3, 476.7, 478.7, 479.3, 480, 481.3, 482.3, 483.3, 484.3, 485.3]
[348, 374.7, 399.3, 424, 451.3, 460.7, 466, 471.3, 476.7, 478.7, 479.3, 480, 481.3, 482.3, 483.3, 484.3, 485.3, 486.7]
Series([], Name: X, dtype: float64)
FPC data not found
cracking 0.001125
cracking 0.001125
loss in 0.001125: 0.006593134864522559 
1125.0
11.4
72
[320, 348, 374.7, 399.3, 424, 451.3, 460.7, 466, 471.3, 476.7, 478.7, 479.3, 480, 481.3, 482.3, 483.3, 484.3, 485.3]
[348, 374.7, 399.3, 424, 451.3, 460.7, 466, 471.3, 476.7, 478.7, 479.3, 480, 481.3, 482.3, 483.3, 484.3, 485.3, 486.7]
Series([], Name: X, dtype: float64)
FPC data not found
cracking 0.00125
cracking 0.00125
loss in 0.00125: 0.0063503181969495354 
1250.0
11.4
72
[320, 348, 374.7, 399.3, 424, 451.3, 460.7, 466, 471.3, 476.7, 478.7, 479.3, 480, 481.3, 482.3, 483.3, 484.3, 485.3]
[348, 374.7, 399.3, 424, 451.3, 460.7, 466, 471.3, 476.7, 478.7, 479.3, 480, 481.3, 482.3, 483.3, 484.3, 485.3, 486.7]
Series([], Name: X, dtype: float64)
FPC data not found
cracking 0.001375
cracking 0.001375
loss in 0.001375: 0.006160934096551379 
1375.0
11.4
72
[320, 348, 374.7, 399.3, 424, 451.3, 460.7, 466, 471.3, 476.7, 478.7, 479.3, 480, 481.3, 482.3, 483.3, 484.3, 485.3]
[348, 374.7, 399.3, 424, 451.3, 460.7, 466, 471.3, 476.7, 478.7, 479.3, 480, 481.3, 482.3, 483.3, 484.3, 485.3, 486.7]
Series([], Name: X, dtype: float64)
FPC data not found
cracking 0.0015
cracking 0.0015
loss in 0.0015: 0.0060702041916630214 
1500.0
11.4
72
[320, 348, 374.7, 399.3, 424, 451.3, 460.7, 466, 471.3, 476.7, 478.7, 479.3, 480, 481.3, 482.3, 483.3, 484.3, 485.3]
[348, 374.7, 399.3, 424, 451.3, 460.7, 466, 471.3, 476.7, 478.7, 479.3, 480, 481.3, 482.3, 483.3, 484.3, 485.3, 486.7]
Series([], Name: X, dtype: float64)
FPC data not found
cracking 0.001625
cracking 0.001625
loss in 0.001625: 0.006015493978838402 
1625.0
11.4
72
[320, 348, 374.7, 399.3, 424, 451.3, 460.7, 466, 471.3, 476.7, 478.7, 479.3, 480, 481.3, 482.3, 483.3, 484.3, 485.3]
[348, 374.7, 399.3, 424, 451.3, 460.7, 466, 471.3, 476.7, 478.7, 479.3, 480, 481.3, 482.3, 483.3, 484.3, 485.3, 486.7]
Series([], Name: X, dtype: float64)
FPC data not found
cracking 0.00175
cracking 0.00175
loss in 0.00175: 0.0059918260653783004 
1750.0
11.4
72
[320, 348, 374.7, 399.3, 424, 451.3, 460.7, 466, 471.3, 476.7, 478.7, 479.3, 480, 481.3, 482.3, 483.3, 484.3, 485.3]
[348, 374.7, 399.3, 424, 451.3, 460.7, 466, 471.3, 476.7, 478.7, 479.3, 480, 481.3, 482.3, 483.3, 484.3, 485.3, 486.7]
Series([], Name: X, dtype: float64)
FPC data not found
cracking 0.001875
cracking 0.001875
loss in 0.001875: 0.006081899945286709 
1875.0
11.4
72
[320, 348, 374.7, 399.3, 424, 451.3, 460.7, 466, 471.3, 476.7, 478.7, 479.3, 480, 481.3, 482.3, 483.3, 484.3, 485.3]
[348, 374.7, 399.3, 424, 451.3, 460.7, 466, 471.3, 476.7, 478.7, 479.3, 480, 481.3, 482.3, 483.3, 484.3, 485.3, 486.7]
Series([], Name: X, dtype: float64)
FPC data not found
cracking 0.002
cracking 0.002
loss in 0.002: 0.006149572932910901 
2000.0
11.4
72
[320, 348, 374.7, 399.3, 424, 451.3, 460.7, 466, 471.3, 476.7, 478.7, 479.3, 480, 481.3, 482.3, 483.3, 484.3, 485.3]
[348, 374.7, 399.3, 424, 451.3, 460.7, 466, 471.3, 476.7, 478.7, 479.3, 480, 481.3, 482.3, 483.3, 484.3, 485.3, 486.7]
Series([], Name: X, dtype: float64)
FPC data not found
cracking 0.002125
cracking 0.002125
loss in 0.002125: 0.0061588745505769095 
2125.0
11.4
72
[320, 348, 374.7, 399.3, 424, 451.3, 460.7, 466, 471.3, 476.7, 478.7, 479.3, 480, 481.3, 482.3, 483.3, 484.3, 485.3]
[348, 374.7, 399.3, 424, 451.3, 460.7, 466, 471.3, 476.7, 478.7, 479.3, 480, 481.3, 482.3, 483.3, 484.3, 485.3, 486.7]
Series([], Name: X, dtype: float64)
FPC data not found
cracking 0.00225
cracking 0.00225
loss in 0.00225: 0.006277321294832926 
2250.0
11.4
72
[320, 348, 374.7, 399.3, 424, 451.3, 460.7, 466, 471.3, 476.7, 478.7, 479.3, 480, 481.3, 482.3, 483.3, 484.3, 485.3]
[348, 374.7, 399.3, 424, 451.3, 460.7, 466, 471.3, 476.7, 478.7, 479.3, 480, 481.3, 482.3, 483.3, 484.3, 485.3, 486.7]
Series([], Name: X, dtype: float64)
FPC data not found
cracking 0.002375
cracking 0.002375
loss in 0.002375: 0.006480906905070955 
2375.0
11.4
72
[320, 348, 374.7, 399.3, 424, 451.3, 460.7, 466, 471.3, 476.7, 478.7, 479.3, 480, 481.3, 482.3, 483.3, 484.3, 485.3]
[348, 374.7, 399.3, 424, 451.3, 460.7, 466, 471.3, 476.7, 478.7, 479.3, 480, 481.3, 482.3, 483.3, 484.3, 485.3, 486.7]
Series([], Name: X, dtype: float64)
FPC data not found
cracking 0.0025
cracking 0.0025
loss in 0.0025: 0.0067517329813211735 
2500.0
11.4
72
[320, 348, 374.7, 399.3, 424, 451.3, 460.7, 466, 471.3, 476.7, 478.7, 479.3, 480, 481.3, 482.3, 483.3, 484.3, 485.3]
[348, 374.7, 399.3, 424, 451.3, 460.7, 466, 471.3, 476.7, 478.7, 479.3, 480, 481.3, 482.3, 483.3, 484.3, 485.3, 486.7]
Series([], Name: X, dtype: float64)
FPC data not found
['/home/wesley/EDC/FPC/ML/results/0321_lowparam_bigmass2/plots/predict/20_320_11.4_72_700ppm_org/CCl4_0.000000_mass_72_temp_320_20_320_11.4_72_700ppm_org.png', '/home/wesley/EDC/FPC/ML/results/0321_lowparam_bigmass2/plots/predict/20_320_11.4_72_700ppm_org/CCl4_125.000000_mass_72_temp_320_20_320_11.4_72_700ppm_org.png', '/home/wesley/EDC/FPC/ML/results/0321_lowparam_bigmass2/plots/predict/20_320_11.4_72_700ppm_org/CCl4_250.000000_mass_72_temp_320_20_320_11.4_72_700ppm_org.png', '/home/wesley/EDC/FPC/ML/results/0321_lowparam_bigmass2/plots/predict/20_320_11.4_72_700ppm_org/CCl4_375.000000_mass_72_temp_320_20_320_11.4_72_700ppm_org.png', '/home/wesley/EDC/FPC/ML/results/0321_lowparam_bigmass2/plots/predict/20_320_11.4_72_700ppm_org/CCl4_500.000000_mass_72_temp_320_20_320_11.4_72_700ppm_org.png', '/home/wesley/EDC/FPC/ML/results/0321_lowparam_bigmass2/plots/predict/20_320_11.4_72_700ppm_org/CCl4_625.000000_mass_72_temp_320_20_320_11.4_72_700ppm_org.png', '/home/wesley/EDC/FPC/ML/results/0321_lowparam_bigmass2/plots/predict/20_320_11.4_72_700ppm_org/CCl4_750.000000_mass_72_temp_320_20_320_11.4_72_700ppm_org.png', '/home/wesley/EDC/FPC/ML/results/0321_lowparam_bigmass2/plots/predict/20_320_11.4_72_700ppm_org/CCl4_875.000000_mass_72_temp_320_20_320_11.4_72_700ppm_org.png', '/home/wesley/EDC/FPC/ML/results/0321_lowparam_bigmass2/plots/predict/20_320_11.4_72_700ppm_org/CCl4_1000.000000_mass_72_temp_320_20_320_11.4_72_700ppm_org.png', '/home/wesley/EDC/FPC/ML/results/0321_lowparam_bigmass2/plots/predict/20_320_11.4_72_700ppm_org/CCl4_1125.000000_mass_72_temp_320_20_320_11.4_72_700ppm_org.png', '/home/wesley/EDC/FPC/ML/results/0321_lowparam_bigmass2/plots/predict/20_320_11.4_72_700ppm_org/CCl4_1250.000000_mass_72_temp_320_20_320_11.4_72_700ppm_org.png', '/home/wesley/EDC/FPC/ML/results/0321_lowparam_bigmass2/plots/predict/20_320_11.4_72_700ppm_org/CCl4_1375.000000_mass_72_temp_320_20_320_11.4_72_700ppm_org.png', '/home/wesley/EDC/FPC/ML/results/0321_lowparam_bigmass2/plots/predict/20_320_11.4_72_700ppm_org/CCl4_1500.000000_mass_72_temp_320_20_320_11.4_72_700ppm_org.png', '/home/wesley/EDC/FPC/ML/results/0321_lowparam_bigmass2/plots/predict/20_320_11.4_72_700ppm_org/CCl4_1625.000000_mass_72_temp_320_20_320_11.4_72_700ppm_org.png', '/home/wesley/EDC/FPC/ML/results/0321_lowparam_bigmass2/plots/predict/20_320_11.4_72_700ppm_org/CCl4_1750.000000_mass_72_temp_320_20_320_11.4_72_700ppm_org.png', '/home/wesley/EDC/FPC/ML/results/0321_lowparam_bigmass2/plots/predict/20_320_11.4_72_700ppm_org/CCl4_1875.000000_mass_72_temp_320_20_320_11.4_72_700ppm_org.png', '/home/wesley/EDC/FPC/ML/results/0321_lowparam_bigmass2/plots/predict/20_320_11.4_72_700ppm_org/CCl4_2000.000000_mass_72_temp_320_20_320_11.4_72_700ppm_org.png', '/home/wesley/EDC/FPC/ML/results/0321_lowparam_bigmass2/plots/predict/20_320_11.4_72_700ppm_org/CCl4_2125.000000_mass_72_temp_320_20_320_11.4_72_700ppm_org.png', '/home/wesley/EDC/FPC/ML/results/0321_lowparam_bigmass2/plots/predict/20_320_11.4_72_700ppm_org/CCl4_2250.000000_mass_72_temp_320_20_320_11.4_72_700ppm_org.png', '/home/wesley/EDC/FPC/ML/results/0321_lowparam_bigmass2/plots/predict/20_320_11.4_72_700ppm_org/CCl4_2375.000000_mass_72_temp_320_20_320_11.4_72_700ppm_org.png', '/home/wesley/EDC/FPC/ML/results/0321_lowparam_bigmass2/plots/predict/20_320_11.4_72_700ppm_org/CCl4_2500.000000_mass_72_temp_320_20_320_11.4_72_700ppm_org.png']
