training_data_FPC_V4_3m_irrev.csv
            Experiment name: 0323_FPC_modelV4_kfold
            Training Data: training_data_FPC_V4_3m_irrev.csv
            Do k-fold: True
            Folds num: 10
            Learning rate: 0.001
            Batch size: 18
            Epoch: 10000
            CSTR num: 100
            Training vebose: 0
            #Genearalization test
            mass flow rates = True
            CCl4 = True
            inital pressure = True
            number of tubes = True
            T_in = True
            ncpus = 8
            training = True
            prediction only = False
                
Loading data...
Bulid model...
------------------------------------------------------------------------
Training for fold 1 ...
Testset loss for 1: 0.0015
Bulid model...
------------------------------------------------------------------------
Training for fold 2 ...
Testset loss for 2: 0.0011
Bulid model...
------------------------------------------------------------------------
Training for fold 3 ...
Testset loss for 3: 0.0013
Bulid model...
------------------------------------------------------------------------
Training for fold 4 ...
Testset loss for 4: 0.0008
Bulid model...
------------------------------------------------------------------------
Training for fold 5 ...
Testset loss for 5: 0.0012
Bulid model...
------------------------------------------------------------------------
Training for fold 6 ...
Testset loss for 6: 0.0011
Bulid model...
------------------------------------------------------------------------
Training for fold 7 ...
Testset loss for 7: 0.0012
Bulid model...
------------------------------------------------------------------------
Training for fold 8 ...
Testset loss for 8: 0.0007
Bulid model...
------------------------------------------------------------------------
Training for fold 9 ...
Testset loss for 9: 0.0011
Bulid model...
------------------------------------------------------------------------
Training for fold 10 ...
Testset loss for 10: 0.0010
Training takes 17.15141147772471 min 9.084688663482666 sec.
------------------------------------------------------------------------
Score per fold
------------------------------------------------------------------------
> Fold 1 - Loss: 0.0014565021265298128 - Accuracy: 0.0%
------------------------------------------------------------------------
> Fold 2 - Loss: 0.0011186070041731 - Accuracy: 0.0%
------------------------------------------------------------------------
> Fold 3 - Loss: 0.00132966716773808 - Accuracy: 0.0%
------------------------------------------------------------------------
> Fold 4 - Loss: 0.000819481210783124 - Accuracy: 0.0%
------------------------------------------------------------------------
> Fold 5 - Loss: 0.0011947498423978686 - Accuracy: 0.0%
------------------------------------------------------------------------
> Fold 6 - Loss: 0.0010917158797383308 - Accuracy: 0.0%
------------------------------------------------------------------------
> Fold 7 - Loss: 0.001180371968075633 - Accuracy: 0.0%
------------------------------------------------------------------------
> Fold 8 - Loss: 0.0007098123896867037 - Accuracy: 0.0%
------------------------------------------------------------------------
> Fold 9 - Loss: 0.0011110136983916163 - Accuracy: 0.0%
------------------------------------------------------------------------
> Fold 10 - Loss: 0.0009526414796710014 - Accuracy: 0.0%
------------------------------------------------------------------------
Average scores for all folds:
> Accuracy: 0.0 (+- 0.0)
> Loss: 0.001096456276718527
------------------------------------------------------------------------
