training_data_FPC_V1_2m_5p_6t_ppm_extrapolate.csv
            Experiment name: 0225_exraploate
            Training Data: training_data_FPC_V1_2m_5p_6t_ppm_extrapolate.csv
            Do k-fold: False
            Folds num: 10
            Learning rate: 0.001
            Batch size: 18
            Epoch: 10000
            CSTR num: 100
            Training vebose: 0
            #Genearalization test
            mass flow rates = True
            CCl4 = True
            inital pressure = True
            number of tubes = False
            ncpus = 8
            training = False
            prediction only = False
                
Loading data...
Generalization test...
Case1: Mass flow rate...
Error in 27 mass flow rate is 0.017724 
Error in 32 mass flow rate is 0.000667 
Error in 36 mass flow rate is 0.000613 
Mass flow rate generalization takes 0.45434021949768066 min 27.26041316986084 sec.
Case2: CCl4 concentration...
Error in concentration in 0.0ppm is 0.021676 
Error in concentration in 125000000.0ppm is 0.017179 
Error in concentration in 250000000.0ppm is 0.014896 
Error in concentration in 375000000.0ppm is 0.015580 
Error in concentration in 500000000.0ppm is 0.016988 
Error in concentration in 625000000.0ppm is 0.017097 
Error in concentration in 750000000.0ppm is 0.017465 
Error in concentration in 875000000.0ppm is 0.017895 
Error in concentration in 1000000000.0ppm is 0.017724 
Error in concentration in 1125000000.0ppm is 0.018545 
Error in concentration in 1250000000.0ppm is 0.019142 
Error in concentration in 1375000000.0ppm is 0.019206 
Error in concentration in 1500000000.0ppm is 0.019088 
Error in concentration in 1625000000.0ppm is 0.019139 
Error in concentration in 1750000000.0ppm is 0.019350 
Error in concentration in 1875000000.0ppm is 0.019580 
Error in concentration in 2000000000.0ppm is 0.019646 
Error in concentration in 2125000000.0ppm is 0.019538 
Error in concentration in 2250000000.0ppm is 0.019356 
Error in concentration in 2375000000.0ppm is 0.019194 
Error in concentration in 2500000000.0ppm is 0.018917 
CCl4 concentration generalization takes 1.2525741140047708 min 15.154446840286255 sec.
Case3: Initial pressure...
Error in 10.4atm is 0.015699 
Error in 11.4atm is 0.017724 
Error in 12.4atm is 0.017180 
Error in 13.4atm is 0.016972 
Error in 14.4atm is 0.017078 
Initial pressure generalization takes 0.4377354621887207 min 26.264127731323242 sec.
Starting prediction...
