training_dataV3_10_5_20.csv
            Experiment name: 0316_temp_k
            Training Data: training_dataV3_10_5_20.csv
            Do k-fold: False
            Folds num: 10
            Learning rate: 0.001
            Batch size: 18
            Epoch: 10000
            CSTR num: 100
            Training vebose: 0
            #Genearalization test
            mass flow rates = True
            CCl4 = True
            inital pressure = True
            number of tubes = True
            T_in = False
            ncpus = 8
            training = False
            prediction only = False
                
Loading data...
Generalization test...
Case1: Mass flow rate...
cracking 0.001
cracking 0.001
cracking 0.001
cracking 0.001
cracking 0.001
cracking 0.001
cracking 0.001
cracking 0.001
cracking 0.001
cracking 0.001
cracking 0.001
cracking 0.001
cracking 0.001
cracking 0.001
cracking 0.001
cracking 0.001
loss in 0.001: 0.015894686159778043 
loss in 0.001: 0.006500629904918752 
cracking 0.001
cracking 0.001
loss in 0.001: 0.043177910136862084 
cracking 0.001
loss in 0.001: 0.01221344985273689 
loss in 0.001: 0.01215167220415128 
cracking 0.001
cracking 0.001
loss in 0.001: 0.011577725933790209 
cracking 0.001
loss in 0.001: 0.007521797972958557 
cracking 0.001
loss in 0.001: 0.012134287206145462 
cracking 0.001
cracking 0.001
cracking 0.001
cracking 0.001
cracking 0.001
cracking 0.001
cracking 0.001
cracking 0.001
cracking 0.001
loss in 0.001: 0.00641163267384548 
cracking 0.001
loss in 0.001: 0.051213922380321054 
cracking 0.001
loss in 0.001: 0.007582917448188848 
cracking 0.001
loss in 0.001: 0.012134449601828204 
cracking 0.001
loss in 0.001: 0.012229169863551935 
cracking 0.001
loss in 0.001: 0.01216007549666398 
cracking 0.001
cracking 0.001
loss in 0.001: 0.007499543997461211 
cracking 0.001
cracking 0.001
cracking 0.001
loss in 0.001: 0.0119596135122941 
cracking 0.001
cracking 0.001
cracking 0.001
cracking 0.001
cracking 0.001
cracking 0.001
loss in 0.001: 0.007224898950849846 
cracking 0.001
loss in 0.001: 0.012114172374044932 
cracking 0.001
loss in 0.001: 0.01008524126473233 
cracking 0.001
loss in 0.001: 0.023494529563902012 
cracking 0.001
loss in 0.001: 0.012180371889891644 
cracking 0.001
cracking 0.001
loss in 0.001: 0.007568952162403467 
cracking 0.001
cracking 0.001
loss in 0.001: 0.012221098074828938 
loss in 0.001: 0.007436205895174265 
cracking 0.001
cracking 0.001
cracking 0.001
cracking 0.001
cracking 0.001
cracking 0.001
cracking 0.001
cracking 0.001
loss in 0.001: 0.007306039568398863 
cracking 0.001
loss in 0.001: 0.012109696970660347 
cracking 0.001
loss in 0.001: 0.013881964978475042 
cracking 0.001
loss in 0.001: 0.04923782311714934 
cracking 0.001
loss in 0.001: 0.012194222614786194 
cracking 0.001
cracking 0.001
loss in 0.001: 0.00754567178871198 
cracking 0.001
cracking 0.001
loss in 0.001: 0.007391152181329037 
cracking 0.001
cracking 0.001
cracking 0.001
cracking 0.001
loss in 0.001: 0.012090615388858281 
cracking 0.001
cracking 0.001
cracking 0.001
loss in 0.001: 0.007378137944189134 
cracking 0.001
cracking 0.001
loss in 0.001: 0.007371583645315582 
cracking 0.001
loss in 0.001: 0.02890953795647367 
cracking 0.001
loss in 0.001: 0.0012137386282452215 
cracking 0.001
loss in 0.001: 0.0021182205434363563 
cracking 0.001
cracking 0.001
loss in 0.001: 0.002136455852907577 
cracking 0.001
cracking 0.001
loss in 0.001: 0.002126031151447623 
cracking 0.001
cracking 0.001
cracking 0.001
cracking 0.001
loss in 0.001: 0.0019822051676551735 
cracking 0.001
cracking 0.001
cracking 0.001
cracking 0.001
loss in 0.001: 0.00736525174752125 
cracking 0.001
loss in 0.001: 0.006088708023296668 
cracking 0.001
loss in 0.001: 0.002135446638127811 
loss in 0.001: 0.002511729598519119 
cracking 0.001
cracking 0.001
loss in 0.001: 0.0067074373141079065 
cracking 0.001
cracking 0.001
loss in 0.001: 0.002125015341807176 
cracking 0.001
cracking 0.001
cracking 0.001
cracking 0.001
loss in 0.001: 0.0021350282764223687 
cracking 0.001
cracking 0.001
loss in 0.001: 0.0018857435866440576 
cracking 0.001
cracking 0.001
cracking 0.001
cracking 0.001
loss in 0.001: 0.007359508350339906 
cracking 0.001
loss in 0.001: 0.002156636215111963 
cracking 0.001
loss in 0.001: 0.0024299157799511375 
cracking 0.001
loss in 0.001: 0.03338727656948206 
cracking 0.001
loss in 0.001: 0.0022692330089350773 
cracking 0.001
cracking 0.001
loss in 0.001: 0.0021152964654594882 
cracking 0.001
cracking 0.001
loss in 0.001: 0.0021405373563470735 
cracking 0.001
cracking 0.001
cracking 0.001
cracking 0.001
loss in 0.001: 0.0017945717438225955 
cracking 0.001
cracking 0.001
cracking 0.001
cracking 0.001
loss in 0.001: 0.007375099333905096 
cracking 0.001
loss in 0.001: 0.0021656854983808436 
cracking 0.001
loss in 0.001: 0.047658483261292225 
cracking 0.001
loss in 0.001: 0.0023730475855096075 
cracking 0.001
loss in 0.001: 0.0021688657289664396 
cracking 0.001
cracking 0.001
cracking 0.001
loss in 0.001: 0.0021174807782820583 
cracking 0.001
cracking 0.001
cracking 0.001
cracking 0.001
loss in 0.001: 0.0017008866735280354 
cracking 0.001
loss in 0.001: 0.0020753265177794367 
cracking 0.001
cracking 0.001
cracking 0.001
cracking 0.001
loss in 0.001: 0.001663180661232425 
cracking 0.001
loss in 0.001: 0.0015439665361819787 
cracking 0.001
loss in 0.001: 0.001303034746066566 
cracking 0.001
loss in 0.001: 0.001144645464104043 
cracking 0.001
loss in 0.001: 0.0010409880264808085 
cracking 0.001
cracking 0.001
cracking 0.001
loss in 0.001: 0.001103523940490756 
cracking 0.001
cracking 0.001
loss in 0.001: 0.0012764217100536298 
cracking 0.001
cracking 0.001
cracking 0.001
loss in 0.001: 0.001494774608135588 
cracking 0.001
cracking 0.001
cracking 0.001
loss in 0.001: 0.0016492731616818094 
cracking 0.001
cracking 0.001
loss in 0.001: 0.0014821053234816643 
cracking 0.001
loss in 0.001: 0.0012431447739580314 
cracking 0.001
loss in 0.001: 0.00104156670173506 
cracking 0.001
loss in 0.001: 0.001115829349867488 
cracking 0.001
cracking 0.001
cracking 0.001
cracking 0.001
cracking 0.001
loss in 0.001: 0.0011446305734960109 
cracking 0.001
loss in 0.001: 0.0013333172858586248 
cracking 0.001
cracking 0.001
loss in 0.001: 0.0015349704296732957 
cracking 0.001
cracking 0.001
cracking 0.001
loss in 0.001: 0.0016117161473828533 
cracking 0.001
loss in 0.001: 0.0014210296870193718 
cracking 0.001
cracking 0.001
loss in 0.001: 0.0010447996316644533 
cracking 0.001
loss in 0.001: 0.0011821773017521061 
cracking 0.001
loss in 0.001: 0.0010815906044554114 
cracking 0.001
cracking 0.001
cracking 0.001
cracking 0.001
loss in 0.001: 0.001389287588985358 
cracking 0.001
cracking 0.001
loss in 0.001: 0.001184456660475555 
cracking 0.001
cracking 0.001
loss in 0.001: 0.0015741664750112134 
cracking 0.001
cracking 0.001
loss in 0.001: 0.0015778548063673191 
cracking 0.001
cracking 0.001
cracking 0.001
loss in 0.001: 0.0013628121540314273 
loss in 0.001: 0.0010556752343359322 
loss in 0.001: 0.0010653281744927552 
cracking 0.001
loss in 0.001: 0.0011611726935022843 
loss in 0.001: 0.0014442014199726942 
loss in 0.001: 0.0012302882923379383 
loss in 0.001: 0.0016124729470049397 
loss in 0.001: 0.0016505209187256196 
cracking 0.001
cracking 0.001
loss in 0.001: 0.0016940368885031494 
cracking 0.001
cracking 0.001
loss in 0.001: 0.001739267648349642 
cracking 0.001
cracking 0.001
loss in 0.001: 0.0017806546474504002 
Error in 45.0 mass flow rate is 0.015895 
Error in 45.37373737373738 mass flow rate is 0.051214 
Error in 45.74747474747475 mass flow rate is 0.023495 
Error in 46.121212121212125 mass flow rate is 0.013882 
Error in 46.494949494949495 mass flow rate is 0.011578 
Error in 46.86868686868687 mass flow rate is 0.011960 
Error in 47.24242424242424 mass flow rate is 0.012221 
Error in 47.61616161616162 mass flow rate is 0.012091 
Error in 47.98989898989899 mass flow rate is 0.012152 
Error in 48.36363636363637 mass flow rate is 0.012134 
Error in 48.73737373737374 mass flow rate is 0.012114 
Error in 49.111111111111114 mass flow rate is 0.012110 
Error in 49.484848484848484 mass flow rate is 0.012134 
Error in 49.85858585858586 mass flow rate is 0.012160 
Error in 50.23232323232323 mass flow rate is 0.012180 
Error in 50.60606060606061 mass flow rate is 0.012194 
Error in 50.97979797979798 mass flow rate is 0.012213 
Error in 51.35353535353536 mass flow rate is 0.012229 
Error in 51.72727272727273 mass flow rate is 0.010085 
Error in 52.101010101010104 mass flow rate is 0.049238 
Error in 52.474747474747474 mass flow rate is 0.043178 
Error in 52.84848484848485 mass flow rate is 0.006412 
Error in 53.22222222222222 mass flow rate is 0.007225 
Error in 53.5959595959596 mass flow rate is 0.007306 
Error in 53.96969696969697 mass flow rate is 0.006501 
Error in 54.343434343434346 mass flow rate is 0.007583 
Error in 54.717171717171716 mass flow rate is 0.007569 
Error in 55.09090909090909 mass flow rate is 0.007546 
Error in 55.464646464646464 mass flow rate is 0.007522 
Error in 55.83838383838384 mass flow rate is 0.007500 
Error in 56.21212121212121 mass flow rate is 0.007436 
Error in 56.58585858585859 mass flow rate is 0.007391 
Error in 56.95959595959596 mass flow rate is 0.007378 
Error in 57.333333333333336 mass flow rate is 0.007365 
Error in 57.707070707070706 mass flow rate is 0.007360 
Error in 58.08080808080808 mass flow rate is 0.007375 
Error in 58.45454545454545 mass flow rate is 0.007372 
Error in 58.82828282828283 mass flow rate is 0.006707 
Error in 59.2020202020202 mass flow rate is 0.033387 
Error in 59.57575757575758 mass flow rate is 0.047658 
Error in 59.94949494949495 mass flow rate is 0.028910 
Error in 60.323232323232325 mass flow rate is 0.006089 
Error in 60.696969696969695 mass flow rate is 0.002430 
Error in 61.07070707070707 mass flow rate is 0.002373 
Error in 61.44444444444444 mass flow rate is 0.001214 
Error in 61.81818181818182 mass flow rate is 0.002512 
Error in 62.1919191919192 mass flow rate is 0.002269 
Error in 62.56565656565657 mass flow rate is 0.002169 
Error in 62.93939393939394 mass flow rate is 0.002118 
Error in 63.313131313131315 mass flow rate is 0.002135 
Error in 63.68686868686869 mass flow rate is 0.002157 
Error in 64.06060606060606 mass flow rate is 0.002166 
Error in 64.43434343434343 mass flow rate is 0.002136 
Error in 64.8080808080808 mass flow rate is 0.002125 
Error in 65.18181818181819 mass flow rate is 0.002115 
Error in 65.55555555555556 mass flow rate is 0.002117 
Error in 65.92929292929293 mass flow rate is 0.002126 
Error in 66.30303030303031 mass flow rate is 0.002135 
Error in 66.67676767676768 mass flow rate is 0.002141 
Error in 67.05050505050505 mass flow rate is 0.002075 
Error in 67.42424242424242 mass flow rate is 0.001982 
Error in 67.79797979797979 mass flow rate is 0.001886 
Error in 68.17171717171718 mass flow rate is 0.001795 
Error in 68.54545454545455 mass flow rate is 0.001701 
Error in 68.91919191919192 mass flow rate is 0.001663 
Error in 69.2929292929293 mass flow rate is 0.001649 
Error in 69.66666666666667 mass flow rate is 0.001612 
Error in 70.04040404040404 mass flow rate is 0.001578 
Error in 70.41414141414141 mass flow rate is 0.001544 
Error in 70.78787878787878 mass flow rate is 0.001482 
Error in 71.16161616161617 mass flow rate is 0.001421 
Error in 71.53535353535354 mass flow rate is 0.001363 
Error in 71.9090909090909 mass flow rate is 0.001303 
Error in 72.28282828282829 mass flow rate is 0.001243 
Error in 72.65656565656566 mass flow rate is 0.001182 
Error in 73.03030303030303 mass flow rate is 0.001161 
Error in 73.4040404040404 mass flow rate is 0.001145 
Error in 73.77777777777777 mass flow rate is 0.001116 
Error in 74.15151515151516 mass flow rate is 0.001082 
Error in 74.52525252525253 mass flow rate is 0.001056 
Error in 74.8989898989899 mass flow rate is 0.001041 
Error in 75.27272727272728 mass flow rate is 0.001042 
Error in 75.64646464646465 mass flow rate is 0.001045 
Error in 76.02020202020202 mass flow rate is 0.001065 
Error in 76.39393939393939 mass flow rate is 0.001104 
Error in 76.76767676767676 mass flow rate is 0.001145 
Error in 77.14141414141415 mass flow rate is 0.001184 
Error in 77.51515151515152 mass flow rate is 0.001230 
Error in 77.88888888888889 mass flow rate is 0.001276 
Error in 78.26262626262627 mass flow rate is 0.001333 
Error in 78.63636363636364 mass flow rate is 0.001389 
Error in 79.01010101010101 mass flow rate is 0.001444 
Error in 79.3838383838384 mass flow rate is 0.001495 
Error in 79.75757575757575 mass flow rate is 0.001535 
Error in 80.13131313131314 mass flow rate is 0.001574 
Error in 80.5050505050505 mass flow rate is 0.001612 
Error in 80.87878787878788 mass flow rate is 0.001651 
Error in 81.25252525252526 mass flow rate is 0.001694 
Error in 81.62626262626263 mass flow rate is 0.001739 
Error in 82.0 mass flow rate is 0.001781 
Mass flow rate generalization takes 4.499833909670512 min 29.990034580230713 sec.
Case2: CCl4 concentration...
cracking 0.0001282051282051282
cracking 0.0007692307692307692
cracking 0.0005128205128205128
cracking 0.0008974358974358974
cracking 0.0
cracking 0.000641025641025641
cracking 0.0003846153846153846
cracking 0.0002564102564102564
cracking 0.0
cracking 0.0001282051282051282
cracking 0.0003846153846153846
cracking 0.0002564102564102564
cracking 0.0005128205128205128
cracking 0.0008974358974358974
cracking 0.000641025641025641
cracking 0.0007692307692307692
loss in 0.0: 0.006279362135029507 
cracking 6.41025641025641e-05
loss in 0.0001282051282051282: 0.0029000759388114333 
cracking 0.0001923076923076923
loss in 0.0003846153846153846: 0.001505887354870618 
cracking 0.0004487179487179487
loss in 0.0005128205128205128: 0.0014707816899967856 
cracking 0.0005769230769230769
loss in 0.0008974358974358974: 0.0012856996833389145 
cracking 0.0009615384615384616
loss in 0.0002564102564102564: 0.0015637946024612327 
loss in 0.0007692307692307692: 0.0012097088776713994 
cracking 0.0003205128205128205
cracking 0.0008333333333333334
loss in 0.000641025641025641: 0.0012779795205096903 
cracking 0.0007051282051282051
cracking 6.41025641025641e-05
cracking 0.0001923076923076923
cracking 0.0004487179487179487
cracking 0.0005769230769230769
cracking 0.0009615384615384616
cracking 0.0008333333333333334
cracking 0.0003205128205128205
cracking 0.0007051282051282051
loss in 0.0001923076923076923: 0.0015301586033303473 
cracking 0.0010256410256410256
loss in 0.0004487179487179487: 0.0014981774959514382 
cracking 0.0011538461538461537
loss in 0.0005769230769230769: 0.0013302873029529692 
cracking 0.001282051282051282
loss in 0.0009615384615384616: 0.001303571587273722 
cracking 0.0014102564102564101
loss in 6.41025641025641e-05: 0.00782279765218195 
cracking 0.0015384615384615385
loss in 0.0003205128205128205: 0.0016704859374060542 
loss in 0.0008333333333333334: 0.0012559363239429966 
cracking 0.0016666666666666668
cracking 0.0017948717948717949
loss in 0.0007051282051282051: 0.001196342781277163 
cracking 0.0019230769230769232
cracking 0.0010256410256410256
cracking 0.0011538461538461537
cracking 0.001282051282051282
cracking 0.0014102564102564101
cracking 0.0015384615384615385
cracking 0.0016666666666666668
cracking 0.0017948717948717949
cracking 0.0019230769230769232
loss in 0.0011538461538461537: 0.0010112172334237608 
cracking 0.001217948717948718
loss in 0.0010256410256410256: 0.001232732003163572 
cracking 0.00108974358974359
loss in 0.0014102564102564101: 0.0009631974382962415 
cracking 0.0014743589743589744
loss in 0.001282051282051282: 0.0009997346050973244 
cracking 0.001346153846153846
loss in 0.0015384615384615385: 0.0009045518071684175 
cracking 0.0016025641025641025
loss in 0.0016666666666666668: 0.0008688761465773398 
cracking 0.0017307692307692308
loss in 0.0019230769230769232: 0.0007855901785485045 
cracking 0.0019871794871794872
cracking 0.001217948717948718
loss in 0.0017948717948717949: 0.0007763661527075031 
cracking 0.001858974358974359
cracking 0.00108974358974359
cracking 0.0014743589743589744
cracking 0.001346153846153846
cracking 0.0017307692307692308
cracking 0.0019871794871794872
cracking 0.0016025641025641025
cracking 0.001858974358974359
loss in 0.001217948717948718: 0.0009339588608080389 
cracking 0.0020512820512820513
loss in 0.0014743589743589744: 0.0009305216001513518 
cracking 0.00217948717948718
loss in 0.00108974358974359: 0.0011242853895882731 
cracking 0.0023076923076923075
loss in 0.0017307692307692308: 0.0008089330756106841 
cracking 0.002435897435897436
loss in 0.001346153846153846: 0.0009678282271131816 
loss in 0.0019871794871794872: 0.0008463061664105194 
loss in 0.0016025641025641025: 0.0009063926048958107 
cracking 0.0020512820512820513
cracking 0.00217948717948718
loss in 0.001858974358974359: 0.0007592697077636101 
cracking 0.0023076923076923075
cracking 0.002435897435897436
loss in 0.0023076923076923075: 0.0009044958547834473 
cracking 0.0023717948717948715
loss in 0.002435897435897436: 0.0009170729512947565 
cracking 0.0025
loss in 0.00217948717948718: 0.0009663294593283258 
cracking 0.002243589743589744
loss in 0.0020512820512820513: 0.0009228755766604617 
cracking 0.0021153846153846153
cracking 0.0023717948717948715
cracking 0.002243589743589744
cracking 0.0025
cracking 0.0021153846153846153
loss in 0.0023717948717948715: 0.0008654793960599016 
loss in 0.002243589743589744: 0.0009492061742560056 
loss in 0.0025: 0.001077538233423696 
loss in 0.0021153846153846153: 0.0009589947043951465 
Error in concentration in 0.0ppm is 0.006279 
Error in concentration in 64.1025641025641ppm is 0.007823 
Error in concentration in 128.2051282051282ppm is 0.002900 
Error in concentration in 192.30769230769232ppm is 0.001530 
Error in concentration in 256.4102564102564ppm is 0.001564 
Error in concentration in 320.5128205128205ppm is 0.001670 
Error in concentration in 384.61538461538464ppm is 0.001506 
Error in concentration in 448.71794871794873ppm is 0.001498 
Error in concentration in 512.8205128205128ppm is 0.001471 
Error in concentration in 576.9230769230769ppm is 0.001330 
Error in concentration in 641.025641025641ppm is 0.001278 
Error in concentration in 705.1282051282051ppm is 0.001196 
Error in concentration in 769.2307692307693ppm is 0.001210 
Error in concentration in 833.3333333333334ppm is 0.001256 
Error in concentration in 897.4358974358975ppm is 0.001286 
Error in concentration in 961.5384615384615ppm is 0.001304 
Error in concentration in 1025.6410256410256ppm is 0.001233 
Error in concentration in 1089.7435897435898ppm is 0.001124 
Error in concentration in 1153.8461538461538ppm is 0.001011 
Error in concentration in 1217.948717948718ppm is 0.000934 
Error in concentration in 1282.051282051282ppm is 0.001000 
Error in concentration in 1346.1538461538462ppm is 0.000968 
Error in concentration in 1410.2564102564102ppm is 0.000963 
Error in concentration in 1474.3589743589744ppm is 0.000931 
Error in concentration in 1538.4615384615386ppm is 0.000905 
Error in concentration in 1602.5641025641025ppm is 0.000906 
Error in concentration in 1666.6666666666667ppm is 0.000869 
Error in concentration in 1730.7692307692307ppm is 0.000809 
Error in concentration in 1794.871794871795ppm is 0.000776 
Error in concentration in 1858.974358974359ppm is 0.000759 
Error in concentration in 1923.076923076923ppm is 0.000786 
Error in concentration in 1987.179487179487ppm is 0.000846 
Error in concentration in 2051.2820512820513ppm is 0.000923 
Error in concentration in 2115.3846153846152ppm is 0.000959 
Error in concentration in 2179.4871794871797ppm is 0.000966 
Error in concentration in 2243.5897435897436ppm is 0.000949 
Error in concentration in 2307.6923076923076ppm is 0.000904 
Error in concentration in 2371.7948717948716ppm is 0.000865 
Error in concentration in 2435.897435897436ppm is 0.000917 
Error in concentration in 2500.0ppm is 0.001078 
CCl4 concentration generalization takes 1.7933945894241332 min 47.603675365448 sec.
Case3: Initial pressure...
cracking 0.001
cracking 0.001
cracking 0.001
cracking 0.001
cracking 0.001cracking 0.001

cracking 0.001
cracking 0.001
cracking 0.001
cracking 0.001
cracking 0.001
cracking 0.001
cracking 0.001
cracking 0.001
cracking 0.001
cracking 0.001
loss in 0.001: 0.0012965889824801406 
loss in 0.001: 0.0014124493295873072 
cracking 0.001
cracking 0.001
loss in 0.001: 0.0022855657326322208 
loss in 0.001: 0.0012134422456026937 
cracking 0.001
cracking 0.001
loss in 0.001: 0.0016152980656270214 
cracking 0.001
loss in 0.001: 0.0027962265302293185 
cracking 0.001
loss in 0.001: 0.0017697023356038686 
cracking 0.001
cracking 0.001
cracking 0.001
cracking 0.001
cracking 0.001
loss in 0.001: 0.001265467238938085 
cracking 0.001
cracking 0.001
cracking 0.001
cracking 0.001
cracking 0.001
loss in 0.001: 0.0016796460178670656 
cracking 0.001
loss in 0.001: 0.00187742644579951 
cracking 0.001
loss in 0.001: 0.0016475924788722908 
cracking 0.001
loss in 0.001: 0.0016438015657009451 
cracking 0.001
loss in 0.001: 0.03549707157013262 
loss in 0.001: 0.007308331502525403 
loss in 0.001: 0.007127984365599409 
cracking 0.001
cracking 0.001
loss in 0.001: 0.0077845973917475214 
cracking 0.001
cracking 0.001
loss in 0.001: 0.012451642637874101 
loss in 0.001: 0.05248636999523269 
loss in 0.001: 0.013292253704842943 
loss in 0.001: 0.013956268010310918 
Error in 10.4atm is 0.002796 
Error in 10.610526315789475atm is 0.002286 
Error in 10.821052631578947atm is 0.001770 
Error in 11.031578947368422atm is 0.001265 
Error in 11.242105263157896atm is 0.001213 
Error in 11.452631578947368atm is 0.001297 
Error in 11.663157894736843atm is 0.001412 
Error in 11.873684210526315atm is 0.001615 
Error in 12.08421052631579atm is 0.001648 
Error in 12.294736842105264atm is 0.001644 
Error in 12.505263157894737atm is 0.001680 
Error in 12.715789473684211atm is 0.001877 
Error in 12.926315789473684atm is 0.035497 
Error in 13.136842105263158atm is 0.007128 
Error in 13.347368421052632atm is 0.007308 
Error in 13.557894736842105atm is 0.007785 
Error in 13.76842105263158atm is 0.012452 
Error in 13.978947368421053atm is 0.052486 
Error in 14.189473684210526atm is 0.013292 
Error in 14.4atm is 0.013956 
Initial pressure generalization takes 0.8830068945884705 min 52.98041367530823 sec.
Case4: Number of tubes...
cracking 0.001
cracking 0.001
cracking 0.001
cracking 0.001
cracking 0.001
cracking 0.001
cracking 0.001
cracking 0.001
cracking 0.001
cracking 0.001
cracking 0.001
cracking 0.001
cracking 0.001
cracking 0.001
cracking 0.001
cracking 0.001
loss in 0.001: 0.0006220758846200418 
cracking 0.001
loss in 0.001: 0.0007434572184956317 
cracking 0.001
loss in 0.001: 0.0006874887633449017 
cracking 0.001
loss in 0.001: 0.0008287936532348461 
cracking 0.001
loss in 0.001: 0.00105545680826156 
cracking 0.001
loss in 0.001: 0.0003763475824592998 
cracking 0.001
loss in 0.001: 0.0007827049225289332 
cracking 0.001
loss in 0.001: 0.0003049234443995619 
cracking 0.001
cracking 0.001
cracking 0.001
cracking 0.001
cracking 0.001
cracking 0.001
cracking 0.001
cracking 0.001
cracking 0.001
loss in 0.001: 0.0005947144970189255 
cracking 0.001
loss in 0.001: 0.0007921001468264205 
cracking 0.001
loss in 0.001: 0.00042380043463594724 
cracking 0.001
loss in 0.001: 0.0006646943051639279 
cracking 0.001
loss in 0.001: 0.0009328287474365899 
cracking 0.001
loss in 0.001: 0.0006724199412634192 
cracking 0.001
loss in 0.001: 0.0009942116117030687 
loss in 0.001: 0.0005604924631704473 
cracking 0.001
cracking 0.001
cracking 0.001
cracking 0.001
cracking 0.001
cracking 0.001
cracking 0.001
cracking 0.001
cracking 0.001
cracking 0.001
loss in 0.001: 0.0006926952442666711 
cracking 0.001
loss in 0.001: 0.0006488821153909368 
cracking 0.001
loss in 0.001: 0.0006657816140985717 
cracking 0.001
loss in 0.001: 0.0007709106060798505 
cracking 0.001
loss in 0.001: 0.0008612104230617918 
loss in 0.001: 0.0005241143613568907 
cracking 0.001
cracking 0.001
cracking 0.001
loss in 0.001: 0.0005682225164714211 
cracking 0.001
cracking 0.001
loss in 0.001: 0.0007717419618367022 
cracking 0.001
cracking 0.001
cracking 0.001
cracking 0.001
cracking 0.001
cracking 0.001
cracking 0.001
loss in 0.001: 0.0009470898112450079 
cracking 0.001
loss in 0.001: 0.000561359456537619 
cracking 0.001
loss in 0.001: 0.0006233216195851582 
cracking 0.001
loss in 0.001: 0.0004859542718339259 
cracking 0.001
loss in 0.001: 0.0007800598419162502 
cracking 0.001
cracking 0.001
loss in 0.001: 0.0008384479513598179 
cracking 0.001
loss in 0.001: 0.0003595871431286481 
cracking 0.001
cracking 0.001
loss in 0.001: 0.0003150592510768701 
cracking 0.001
cracking 0.001
cracking 0.001
cracking 0.001
cracking 0.001
cracking 0.001
cracking 0.001
loss in 0.001: 0.0010973507372461749 
cracking 0.001
loss in 0.001: 0.0010366980248466876 
cracking 0.001
loss in 0.001: 0.0004488113729093593 
cracking 0.001
loss in 0.001: 0.0005645713150434442 
cracking 0.001
cracking 0.001
loss in 0.001: 0.0009805210501535268 
cracking 0.001
cracking 0.001
loss in 0.001: 0.0006829681765263669 
cracking 0.001
loss in 0.001: 0.0006664243516159625 
cracking 0.001
cracking 0.001
cracking 0.001
loss in 0.001: 0.001052594259190689 
cracking 0.001
cracking 0.001
cracking 0.001
cracking 0.001
loss in 0.001: 0.0007071420401619741 
loss in 0.001: 0.000654420364018498 
cracking 0.001
cracking 0.001
cracking 0.001
cracking 0.001
loss in 0.001: 0.0007423844626519783 
cracking 0.001
loss in 0.001: 0.0006703453718554508 
cracking 0.001
cracking 0.001
loss in 0.001: 0.00100250255835261 
cracking 0.001
loss in 0.001: 0.0010123727713362177 
cracking 0.001
loss in 0.001: 0.000589472859529243 
cracking 0.001
cracking 0.001
cracking 0.001
loss in 0.001: 0.000885860274670961 
cracking 0.001
cracking 0.001
cracking 0.001
loss in 0.001: 0.0006171090156522185 
cracking 0.001
cracking 0.001
loss in 0.001: 0.0005278266959708659 
cracking 0.001
cracking 0.001
cracking 0.001
loss in 0.001: 0.0005286053118291356 
loss in 0.001: 0.0006317625661920848 
cracking 0.001
cracking 0.001
loss in 0.001: 0.0008539042441522935 
cracking 0.001
cracking 0.001
loss in 0.001: 0.0004995060645586914 
cracking 0.001
cracking 0.001
loss in 0.001: 0.00041101392791908066 
cracking 0.001
cracking 0.001
loss in 0.001: 0.0006267611608426727 
cracking 0.001
cracking 0.001
cracking 0.001
loss in 0.001: 0.0009079846185699681 
cracking 0.001
loss in 0.001: 0.000495506806204582 
cracking 0.001
cracking 0.001
cracking 0.001
cracking 0.001
loss in 0.001: 0.001238431601657402 
cracking 0.001
cracking 0.001
loss in 0.001: 0.0007311641635090691 
cracking 0.001
loss in 0.001: 0.0009162742578230852 
cracking 0.001
loss in 0.001: 0.0007208900996654684 
cracking 0.001
loss in 0.001: 0.0011102442135410115 
cracking 0.001
cracking 0.001
cracking 0.001
cracking 0.001
cracking 0.001
loss in 0.001: 0.0007277080217021499 
cracking 0.001
loss in 0.001: 0.0007315565901450566 
cracking 0.001
loss in 0.001: 0.0005909151772027992 
cracking 0.001
cracking 0.001
cracking 0.001
cracking 0.001
cracking 0.001
loss in 0.001: 0.000754497421399138 
cracking 0.001
loss in 0.001: 0.0005455437164862158 
cracking 0.001
loss in 0.001: 0.0007383180839568889 
cracking 0.001
loss in 0.001: 0.001052019190137309 
cracking 0.001
loss in 0.001: 0.0006894333875810235 
cracking 0.001
cracking 0.001
cracking 0.001
cracking 0.001
cracking 0.001
loss in 0.001: 0.00165107347163208 
cracking 0.001
cracking 0.001
loss in 0.001: 0.0008097570273037229 
cracking 0.001
loss in 0.001: 0.0005994261972565039 
cracking 0.001
cracking 0.001
cracking 0.001
loss in 0.001: 0.0005176841057841906 
loss in 0.001: 0.0008527355754110723 
cracking 0.001
cracking 0.001
loss in 0.001: 0.0003923788204907202 
cracking 0.001
cracking 0.001
loss in 0.001: 0.0005755838719733169 
cracking 0.001
loss in 0.001: 0.000823809231447771 
cracking 0.001
cracking 0.001
cracking 0.001
loss in 0.001: 0.0009254605144294925 
cracking 0.001
cracking 0.001
cracking 0.001
loss in 0.001: 0.0007209626511542904 
cracking 0.001
cracking 0.001
loss in 0.001: 0.0005934020459604887 
cracking 0.001
cracking 0.001
cracking 0.001
loss in 0.001: 0.0007493389270107873 
cracking 0.001
loss in 0.001: 0.0008746118432321523 
cracking 0.001
cracking 0.001
loss in 0.001: 0.0013534868864057141 
cracking 0.001
loss in 0.001: 0.00059854575554237 
cracking 0.001
loss in 0.001: 0.0006874007341725007 
cracking 0.001
cracking 0.001
loss in 0.001: 0.0010700881839430002 
cracking 0.001
cracking 0.001
cracking 0.001
cracking 0.001
loss in 0.001: 0.00047242419958550566 
cracking 0.001
loss in 0.001: 0.00048229388751378193 
cracking 0.001
cracking 0.001
cracking 0.001
loss in 0.001: 0.0004763653474776053 
loss in 0.001: 0.0006054562618291177 
loss in 0.001: 0.0006012110892444192 
loss in 0.001: 0.0007103120313461731 
loss in 0.001: 0.00039418429828817455 
loss in 0.001: 0.0010606306682836256 
loss in 0.001: 0.0010887454297718892 
cracking 0.001
cracking 0.001
loss in 0.001: 0.0006667725862573736 
cracking 0.001
cracking 0.001
loss in 0.001: 0.00038729557101251056 
cracking 0.001
cracking 0.001
loss in 0.001: 0.0008556383666508696 
cracking 0.001
cracking 0.001
cracking 0.001
cracking 0.001
cracking 0.001
cracking 0.001
cracking 0.001
cracking 0.001
cracking 0.001
cracking 0.001
cracking 0.001
cracking 0.001
cracking 0.001
cracking 0.001
cracking 0.001
cracking 0.001
loss in 0.001: 0.0005999859505633912 
cracking 0.001
loss in 0.001: 0.0012096253377583772 
cracking 0.001
loss in 0.001: 0.0003904128960903126 
loss in 0.001: 0.0005499523459746092 
cracking 0.001
cracking 0.001
loss in 0.001: 0.0005350357418152563 
cracking 0.001
loss in 0.001: 0.00045241092804453335 
cracking 0.001
loss in 0.001: 0.0003263529227055728 
cracking 0.001
loss in 0.001: 0.0005350180770618759 
cracking 0.001
cracking 0.001
cracking 0.001
cracking 0.001
cracking 0.001
cracking 0.001
cracking 0.001
cracking 0.001
cracking 0.001
loss in 0.001: 0.0006445341005959246 
cracking 0.001
loss in 0.001: 0.0008028309586846822 
cracking 0.001
loss in 0.001: 0.0006225297959832189 
cracking 0.001
loss in 0.001: 0.0007732051375600282 
loss in 0.001: 0.0006381897941289634 
cracking 0.001
cracking 0.001
loss in 0.001: 0.0008704009639206266 
cracking 0.001
loss in 0.001: 0.0005491676636872022 
cracking 0.001
cracking 0.001
cracking 0.001
loss in 0.001: 0.00045486216917805627 
cracking 0.001
cracking 0.001
cracking 0.001
cracking 0.001
cracking 0.001
cracking 0.001
cracking 0.001
loss in 0.001: 0.0006079794716504865 
cracking 0.001
loss in 0.001: 0.0005018503132764743 
cracking 0.001
loss in 0.001: 0.0012650028838221915 
cracking 0.001
loss in 0.001: 0.000658397410130174 
loss in 0.001: 0.0004591185579773623 
cracking 0.001
cracking 0.001
loss in 0.001: 0.000347403495461098 
cracking 0.001
cracking 0.001
loss in 0.001: 0.00047745436530071664 
cracking 0.001
cracking 0.001
cracking 0.001
loss in 0.001: 0.001011384172678786 
cracking 0.001
cracking 0.001
cracking 0.001
cracking 0.001
cracking 0.001
cracking 0.001
loss in 0.001: 0.00048813534169976343 
cracking 0.001
loss in 0.001: 0.0008086800950053529 
cracking 0.001
loss in 0.001: 0.0011400825759434775 
cracking 0.001
loss in 0.001: 0.0006926514900782746 
cracking 0.001
loss in 0.001: 0.0006222765289935086 
cracking 0.001
loss in 0.001: 0.0008432001280431607 
cracking 0.001
loss in 0.001: 0.0005598565374829908 
cracking 0.001
cracking 0.001
cracking 0.001
cracking 0.001
cracking 0.001
cracking 0.001
loss in 0.001: 0.0009261678608663683 
cracking 0.001
cracking 0.001
cracking 0.001
cracking 0.001
loss in 0.001: 0.00041694248072189806 
cracking 0.001
loss in 0.001: 0.0011198490943387447 
cracking 0.001
loss in 0.001: 0.0008332697402809608 
cracking 0.001
loss in 0.001: 0.0010338756364603222 
loss in 0.001: 0.0006105288949960054 
cracking 0.001
cracking 0.001
loss in 0.001: 0.00047583673281400955 
cracking 0.001
loss in 0.001: 0.0005530080628082125 
cracking 0.001
cracking 0.001
cracking 0.001
cracking 0.001
cracking 0.001
cracking 0.001
loss in 0.001: 0.0006687697618976194 
cracking 0.001
cracking 0.001
cracking 0.001
cracking 0.001
loss in 0.001: 0.0003134765951156571 
cracking 0.001
loss in 0.001: 0.0006630542898385244 
cracking 0.001
loss in 0.001: 0.0008800604384648331 
cracking 0.001
loss in 0.001: 0.0006922439256008121 
loss in 0.001: 0.0005973070594489044 
cracking 0.001
cracking 0.001
loss in 0.001: 0.00038528490967942614 
cracking 0.001
cracking 0.001
cracking 0.001
loss in 0.001: 0.0005807669357800395 
cracking 0.001
cracking 0.001
cracking 0.001
loss in 0.001: 0.0005866928167386827 
cracking 0.001
cracking 0.001
cracking 0.001
cracking 0.001
cracking 0.001
loss in 0.001: 0.0006812634220076731 
cracking 0.001
loss in 0.001: 0.0004494041267562453 
cracking 0.001
loss in 0.001: 0.0011582584670469557 
cracking 0.001
loss in 0.001: 0.0011581280344309147 
cracking 0.001
loss in 0.001: 0.0008529111897533652 
cracking 0.001
cracking 0.001
cracking 0.001
cracking 0.001
loss in 0.001: 0.0003840255620737237 
cracking 0.001
loss in 0.001: 0.0010553321321039447 
cracking 0.001
cracking 0.001
loss in 0.001: 0.0008312152449759277 
cracking 0.001
cracking 0.001
cracking 0.001
cracking 0.001
cracking 0.001
loss in 0.001: 0.0004879267612899925 
cracking 0.001
loss in 0.001: 0.0006486969345853931 
cracking 0.001
loss in 0.001: 0.000681901567568776 
cracking 0.001
loss in 0.001: 0.0006365905703249672 
cracking 0.001
loss in 0.001: 0.002313649198152003 
cracking 0.001
cracking 0.001
cracking 0.001
cracking 0.001
loss in 0.001: 0.000436969653188767 
cracking 0.001
cracking 0.001
cracking 0.001
loss in 0.001: 0.0005866054003007537 
cracking 0.001
loss in 0.001: 0.0006803237958146378 
cracking 0.001
cracking 0.001
cracking 0.001
loss in 0.001: 0.0005386524009284713 
cracking 0.001
loss in 0.001: 0.0005525311474181582 
cracking 0.001
loss in 0.001: 0.0004764663218909509 
cracking 0.001
loss in 0.001: 0.0004890830732917115 
loss in 0.001: 0.00031792733489373527 
cracking 0.001
cracking 0.001
cracking 0.001
cracking 0.001
cracking 0.001
cracking 0.001
loss in 0.001: 0.0016086346772447328 
cracking 0.001
cracking 0.001
cracking 0.001
loss in 0.001: 0.0005239451386596764 
cracking 0.001
loss in 0.001: 0.0009058746095071519 
cracking 0.001
cracking 0.001
cracking 0.001
loss in 0.001: 0.00025896613994950436 
cracking 0.001
loss in 0.001: 0.0004773439242314648 
loss in 0.001: 0.0005861643542704876 
cracking 0.001
cracking 0.001
loss in 0.001: 0.0006229295595904584 
cracking 0.001
loss in 0.001: 0.0007624232679953242 
cracking 0.001
cracking 0.001
cracking 0.001
cracking 0.001
cracking 0.001
loss in 0.001: 0.0008828689622145982 
cracking 0.001
cracking 0.001
cracking 0.001
loss in 0.001: 0.0007767928890546321 
cracking 0.001
cracking 0.001
loss in 0.001: 0.00103081946105997 
cracking 0.001
cracking 0.001
loss in 0.001: 0.0005504658790294349 
cracking 0.001
loss in 0.001: 0.0006491857251706291 
cracking 0.001
loss in 0.001: 0.0017476379206845484 
cracking 0.001
loss in 0.001: 0.00048631817162106536 
cracking 0.001
cracking 0.001
cracking 0.001
cracking 0.001
loss in 0.001: 0.0009125962084783794 
cracking 0.001
cracking 0.001
cracking 0.001
loss in 0.001: 0.0005132964810723685 
cracking 0.001
loss in 0.001: 0.000589775971836356 
cracking 0.001
cracking 0.001
loss in 0.001: 0.0006638542604367672 
cracking 0.001
cracking 0.001
cracking 0.001
loss in 0.001: 0.0005274367317128627 
cracking 0.001
loss in 0.001: 0.0004831200739221605 
loss in 0.001: 0.00039961982744062793 
cracking 0.001
loss in 0.001: 0.0006817279612038393 
cracking 0.001
loss in 0.001: 0.0004916876881381879 
loss in 0.001: 0.0006311770248532369 
loss in 0.001: 0.00046241407208911237 
loss in 0.001: 0.00045619533852597126 
loss in 0.001: 0.0007885144088537452 
cracking 0.001
cracking 0.001
loss in 0.001: 0.000890286989574469 
cracking 0.001
cracking 0.001
loss in 0.001: 0.0006646470590687926 
cracking 0.001
cracking 0.001
loss in 0.001: 0.000623213925605811 
cracking 0.001
cracking 0.001cracking 0.001

cracking 0.001
cracking 0.001
cracking 0.001
cracking 0.001
cracking 0.001
cracking 0.001
cracking 0.001
cracking 0.001
cracking 0.001
cracking 0.001
cracking 0.001
cracking 0.001
cracking 0.001
loss in 0.001: 0.0008053093829603511 
cracking 0.001
loss in 0.001: 0.000568830072787102 
loss in 0.001: 0.00040789991411025936 
loss in 0.001: 0.0007445882276061942 
cracking 0.001
cracking 0.001
cracking 0.001
loss in 0.001: 0.0006125680311872733 
cracking 0.001
loss in 0.001: 0.0006762516669688016 
cracking 0.001
loss in 0.001: 0.00039040724514252873 
cracking 0.001
loss in 0.001: 0.0005213802252183273 
cracking 0.001
cracking 0.001
cracking 0.001
cracking 0.001
cracking 0.001
cracking 0.001
cracking 0.001
cracking 0.001
cracking 0.001
loss in 0.001: 0.00029882697667724383 
cracking 0.001
loss in 0.001: 0.000760173636360266 
cracking 0.001
loss in 0.001: 0.0008544734375088824 
cracking 0.001
loss in 0.001: 0.0005257838973056571 
cracking 0.001
loss in 0.001: 0.0004500811248040417 
cracking 0.001
loss in 0.001: 0.0006951794644979176 
loss in 0.001: 0.00042479475346317075 
cracking 0.001
cracking 0.001
loss in 0.001: 0.00040475467887485597 
cracking 0.001
cracking 0.001
cracking 0.001
cracking 0.001
cracking 0.001
cracking 0.001
cracking 0.001
cracking 0.001
cracking 0.001
loss in 0.001: 0.0002698222447624205 
cracking 0.001
loss in 0.001: 0.00043203334751715174 
cracking 0.001
loss in 0.001: 0.00033123084802938474 
cracking 0.001
loss in 0.001: 0.0005065194981558024 
loss in 0.001: 0.0005873120180659832 
cracking 0.001
cracking 0.001
loss in 0.001: 0.0006344816304691718 
cracking 0.001
loss in 0.001: 0.0005899490167762887 
cracking 0.001
loss in 0.001: 0.0005901944044763473 
cracking 0.001
cracking 0.001
cracking 0.001
cracking 0.001
cracking 0.001
cracking 0.001
cracking 0.001
cracking 0.001
cracking 0.001
loss in 0.001: 0.0004884019613267943 
cracking 0.001
loss in 0.001: 0.0004752140262377883 
cracking 0.001
loss in 0.001: 0.0005603824946141466 
cracking 0.001
loss in 0.001: 0.00044407821334865085 
cracking 0.001
loss in 0.001: 0.000978849714151871 
cracking 0.001
loss in 0.001: 0.0006776735449189636 
cracking 0.001
loss in 0.001: 0.0003919241643729346 
cracking 0.001
cracking 0.001
cracking 0.001
loss in 0.001: 0.00044800160961152576 
cracking 0.001
cracking 0.001
cracking 0.001
cracking 0.001
cracking 0.001
cracking 0.001
cracking 0.001
loss in 0.001: 0.0005138398377731679 
cracking 0.001
loss in 0.001: 0.0007424138500446397 
cracking 0.001
loss in 0.001: 0.0005373252989465738 
cracking 0.001
loss in 0.001: 0.0005043249514104037 
cracking 0.001
loss in 0.001: 0.0007371884611359636 
loss in 0.001: 0.0005554380227125736 
cracking 0.001
cracking 0.001
cracking 0.001
cracking 0.001
cracking 0.001
cracking 0.001
loss in 0.001: 0.0005605199531758548 
cracking 0.001
cracking 0.001
cracking 0.001
loss in 0.001: 0.0008443766475998574 
cracking 0.001
cracking 0.001
loss in 0.001: 0.00043861481701310245 
cracking 0.001
cracking 0.001
loss in 0.001: 0.0003438393229214756 
cracking 0.001
loss in 0.001: 0.0006085398891415595 
cracking 0.001
loss in 0.001: 0.00059188541293859 
cracking 0.001
cracking 0.001
loss in 0.001: 0.000947271970257927 
loss in 0.001: 0.0008062982972096448 
cracking 0.001
cracking 0.001
cracking 0.001
cracking 0.001
cracking 0.001
loss in 0.001: 0.0006144037851082708 
cracking 0.001
cracking 0.001
loss in 0.001: 0.0004841979683872508 
cracking 0.001
cracking 0.001
loss in 0.001: 0.0007760349893562374 
cracking 0.001
cracking 0.001
cracking 0.001
loss in 0.001: 0.0007883073967898357 
cracking 0.001
loss in 0.001: 0.0008865103060282941 
cracking 0.001
loss in 0.001: 0.00026849792287117296 
cracking 0.001
cracking 0.001
loss in 0.001: 0.0009319291814575613 
loss in 0.001: 0.0003924088122281165 
cracking 0.001
cracking 0.001
cracking 0.001
cracking 0.001
cracking 0.001
loss in 0.001: 0.0004520374815846007 
cracking 0.001
cracking 0.001
loss in 0.001: 0.0003805541009413388 
cracking 0.001
cracking 0.001
loss in 0.001: 0.0014622428809749287 
cracking 0.001
loss in 0.001: 0.00033038513669668207 
cracking 0.001
cracking 0.001
cracking 0.001
loss in 0.001: 0.0005128993896328857 
cracking 0.001
loss in 0.001: 0.00037437291230699247 
cracking 0.001
cracking 0.001
cracking 0.001
loss in 0.001: 0.00041169281345217683 
cracking 0.001
loss in 0.001: 0.00041826150887676013 
cracking 0.001
cracking 0.001
cracking 0.001
loss in 0.001: 0.000797443176852342 
cracking 0.001
loss in 0.001: 0.00035566147905985397 
cracking 0.001
cracking 0.001
cracking 0.001
loss in 0.001: 0.00039060782872365357 
cracking 0.001
loss in 0.001: 0.0004018352243406854 
cracking 0.001
cracking 0.001
cracking 0.001
loss in 0.001: 0.0008896041984166168 
cracking 0.001
loss in 0.001: 0.0005957794402801105 
cracking 0.001
cracking 0.001
cracking 0.001
loss in 0.001: 0.0006485917848417971 
cracking 0.001
cracking 0.001
loss in 0.001: 0.0005532359480960862 
cracking 0.001
cracking 0.001
loss in 0.001: 0.0004486476690535332 
cracking 0.001
loss in 0.001: 0.0004251499626282587 
cracking 0.001
cracking 0.001
cracking 0.001
loss in 0.001: 0.000943254796460585 
cracking 0.001
loss in 0.001: 0.0005237053340480064 
cracking 0.001
cracking 0.001
loss in 0.001: 0.00039424691779269965 
cracking 0.001
loss in 0.001: 0.00044454501998278465 
cracking 0.001
cracking 0.001
cracking 0.001
cracking 0.001
loss in 0.001: 0.0005574284653298892 
cracking 0.001
cracking 0.001
cracking 0.001
loss in 0.001: 0.00044522399390577904 
cracking 0.001
loss in 0.001: 0.0004135993886604085 
cracking 0.001
cracking 0.001
cracking 0.001
loss in 0.001: 0.00039100922949688926 
cracking 0.001
cracking 0.001
loss in 0.001: 0.00038317219667916003 
cracking 0.001
loss in 0.001: 0.0007907484100715204 
cracking 0.001
loss in 0.001: 0.0007834419424212068 
cracking 0.001
loss in 0.001: 0.0006079542438855299 
cracking 0.001
cracking 0.001
cracking 0.001
cracking 0.001
cracking 0.001
loss in 0.001: 0.0006978990943708329 
cracking 0.001
loss in 0.001: 0.0010131234740746163 
cracking 0.001
cracking 0.001
loss in 0.001: 0.0010418304438932096 
cracking 0.001
cracking 0.001
cracking 0.001
loss in 0.001: 0.0006756228386425517 
cracking 0.001
cracking 0.001
loss in 0.001: 0.0006214085978982262 
cracking 0.001
loss in 0.001: 0.000946554429194948 
loss in 0.001: 0.0003864958655281942 
loss in 0.001: 0.0007614719147167512 
cracking 0.001
cracking 0.001
loss in 0.001: 0.00038693054224900694 
loss in 0.001: 0.0009149294901151061 
loss in 0.001: 0.00038671091870521164 
loss in 0.001: 0.0006548734291668084 
loss in 0.001: 0.0003418580649483454 
cracking 0.001
cracking 0.001
loss in 0.001: 0.0007869350592620086 
cracking 0.001
cracking 0.001
loss in 0.001: 0.0005704111589396124 
cracking 0.001
cracking 0.001
loss in 0.001: 0.0005245476434393809 
cracking 0.001
cracking 0.001
cracking 0.001
cracking 0.001
cracking 0.001
cracking 0.001
cracking 0.001
cracking 0.001
cracking 0.001
cracking 0.001
cracking 0.001
cracking 0.001
cracking 0.001
cracking 0.001
cracking 0.001
cracking 0.001
loss in 0.001: 0.0004771741002499849 
loss in 0.001: 0.0003620345278664163 
cracking 0.001
cracking 0.001
loss in 0.001: 0.0007065621380815108 
cracking 0.001
loss in 0.001: 0.0005080532717206192 
cracking 0.001
loss in 0.001: 0.000581753943411939 
cracking 0.001
loss in 0.001: 0.0007051748204594404 
loss in 0.001: 0.0005365386543598759 
cracking 0.001
cracking 0.001
loss in 0.001: 0.00040728997071457065 
cracking 0.001
cracking 0.001
cracking 0.001
cracking 0.001
cracking 0.001
cracking 0.001
cracking 0.001
cracking 0.001
cracking 0.001
loss in 0.001: 0.0004671033479341955 
cracking 0.001
loss in 0.001: 0.0004221265400220197 
loss in 0.001: 0.00037563551176799395 
cracking 0.001
loss in 0.001: 0.0006012841241332242 
cracking 0.001
cracking 0.001
loss in 0.001: 0.0007645122622074569 
cracking 0.001
loss in 0.001: 0.0006406487468482976 
loss in 0.001: 0.00040818555236836896 
cracking 0.001
cracking 0.001
loss in 0.001: 0.0006936389958796841 
cracking 0.001
cracking 0.001
cracking 0.001
cracking 0.001
cracking 0.001
cracking 0.001
cracking 0.001
cracking 0.001
cracking 0.001
loss in 0.001: 0.0006454184569372051 
cracking 0.001
loss in 0.001: 0.000391496670409294 
cracking 0.001
loss in 0.001: 0.0004147388746777397 
loss in 0.001: 0.0005898423495768888 
cracking 0.001
cracking 0.001
loss in 0.001: 0.00048610046154449224 
loss in 0.001: 0.0005494767068642106 
cracking 0.001
cracking 0.001
loss in 0.001: 0.0005929147853371556 
cracking 0.001
loss in 0.001: 0.000771983710669974 
cracking 0.001
cracking 0.001
cracking 0.001
cracking 0.001
cracking 0.001
cracking 0.001
cracking 0.001
cracking 0.001
cracking 0.001
loss in 0.001: 0.0008568146381325761 
cracking 0.001
loss in 0.001: 0.0003487144897517981 
cracking 0.001
loss in 0.001: 0.0005516361694746238 
cracking 0.001
loss in 0.001: 0.000473037329273123 
cracking 0.001
loss in 0.001: 0.0004107829818200796 
cracking 0.001
loss in 0.001: 0.0005596343220132178 
cracking 0.001
cracking 0.001
loss in 0.001: 0.00039984068792320673 
cracking 0.001
loss in 0.001: 0.0003983475642771902 
cracking 0.001
cracking 0.001
cracking 0.001
cracking 0.001
cracking 0.001
cracking 0.001
cracking 0.001
cracking 0.001
loss in 0.001: 0.0007341874120175555 
cracking 0.001
loss in 0.001: 0.0002650495508096305 
cracking 0.001
loss in 0.001: 0.0006129506364444552 
cracking 0.001
loss in 0.001: 0.0007530212420844202 
cracking 0.001
loss in 0.001: 0.0004667037130178516 
cracking 0.001
loss in 0.001: 0.00044319206216222987 
cracking 0.001
cracking 0.001
cracking 0.001
cracking 0.001
loss in 0.001: 0.0005282138696936447 
loss in 0.001: 0.0003502623304543213 
cracking 0.001
cracking 0.001
cracking 0.001
cracking 0.001
cracking 0.001
cracking 0.001
cracking 0.001
loss in 0.001: 0.0005506517832040768 
cracking 0.001
loss in 0.001: 0.0005801277579474432 
cracking 0.001
loss in 0.001: 0.0007666197542892902 
cracking 0.001
loss in 0.001: 0.0006621512098691691 
loss in 0.001: 0.0005570894793038952 
cracking 0.001
cracking 0.001
loss in 0.001: 0.00040487577323194957 
cracking 0.001
cracking 0.001
cracking 0.001
cracking 0.001
loss in 0.001: 0.00033185918754900556 
cracking 0.001
loss in 0.001: 0.0006949154382517495 
cracking 0.001
cracking 0.001
cracking 0.001
cracking 0.001
cracking 0.001
cracking 0.001
loss in 0.001: 0.0007653402760619112 
cracking 0.001
loss in 0.001: 0.0005672605907999786 
cracking 0.001
loss in 0.001: 0.0006550981178077691 
cracking 0.001
loss in 0.001: 0.0006436955645963651 
cracking 0.001
loss in 0.001: 0.0008186933696418216 
cracking 0.001
loss in 0.001: 0.0005589049452644507 
cracking 0.001
cracking 0.001
cracking 0.001
cracking 0.001
loss in 0.001: 0.0006773254245539847 
cracking 0.001
loss in 0.001: 0.0005119463203972657 
cracking 0.001
cracking 0.001
cracking 0.001
cracking 0.001
cracking 0.001
cracking 0.001
loss in 0.001: 0.0007338592056460626 
cracking 0.001
loss in 0.001: 0.0003889869494588264 
cracking 0.001
loss in 0.001: 0.0007478784668763112 
cracking 0.001
loss in 0.001: 0.0004674306965976476 
cracking 0.001
loss in 0.001: 0.0003885887878507375 
cracking 0.001
loss in 0.001: 0.0006038239762981581 
cracking 0.001
cracking 0.001
cracking 0.001
cracking 0.001
loss in 0.001: 0.0003559536540681217 
cracking 0.001
cracking 0.001
loss in 0.001: 0.000700715936732241 
cracking 0.001
cracking 0.001
cracking 0.001
cracking 0.001
cracking 0.001
loss in 0.001: 0.0002833297211711176 
cracking 0.001
loss in 0.001: 0.0006823935863797279 
cracking 0.001
loss in 0.001: 0.0005612653717349048 
cracking 0.001
loss in 0.001: 0.0009583512226531922 
cracking 0.001
loss in 0.001: 0.0007258114726145968 
cracking 0.001
loss in 0.001: 0.00038801824323253195 
cracking 0.001
cracking 0.001
cracking 0.001
cracking 0.001
loss in 0.001: 0.0004814625582312579 
cracking 0.001
cracking 0.001
loss in 0.001: 0.0004974943872234523 
cracking 0.001
cracking 0.001
cracking 0.001
cracking 0.001
cracking 0.001
loss in 0.001: 0.0006659518579775003 
cracking 0.001
loss in 0.001: 0.0004694790305025611 
cracking 0.001
loss in 0.001: 0.0003579866249781383 
cracking 0.001
loss in 0.001: 0.0006797279329065849 
cracking 0.001
loss in 0.001: 0.0004047399190362793 
cracking 0.001
cracking 0.001
loss in 0.001: 0.0006122384200378447 
cracking 0.001
cracking 0.001
cracking 0.001
cracking 0.001
loss in 0.001: 0.001097784544239541 
cracking 0.001
loss in 0.001: 0.00040311378166508257 
cracking 0.001
cracking 0.001
cracking 0.001
cracking 0.001
cracking 0.001
loss in 0.001: 0.0008177701379414628 
cracking 0.001
loss in 0.001: 0.00034975989116580743 
cracking 0.001
loss in 0.001: 0.0003992176701850136 
loss in 0.001: 0.0004811128509705897 
cracking 0.001
cracking 0.001
cracking 0.001
loss in 0.001: 0.00043982016761191355 
cracking 0.001
loss in 0.001: 0.0005998043392566009 
cracking 0.001
cracking 0.001
cracking 0.001
cracking 0.001
loss in 0.001: 0.0003676298011547632 
cracking 0.001
loss in 0.001: 0.0005182616727932042 
cracking 0.001
cracking 0.001
cracking 0.001
cracking 0.001
cracking 0.001
loss in 0.001: 0.00044781931968976844 
cracking 0.001
loss in 0.001: 0.0006846325298868107 
loss in 0.001: 0.000650384102671238 
loss in 0.001: 0.0004933952206218591 
cracking 0.001
loss in 0.001: 0.0006290698028369322 
loss in 0.001: 0.000660987755673838 
loss in 0.001: 0.0005175739396445121 
loss in 0.001: 0.0005717811785726517 
loss in 0.001: 0.000543206601500665 
cracking 0.001
cracking 0.001
loss in 0.001: 0.00034961519496972044 
cracking 0.001
cracking 0.001
loss in 0.001: 0.0004987309051755854 
cracking 0.001
cracking 0.001
loss in 0.001: 0.0003678292278382323 
cracking 0.001
cracking 0.001
cracking 0.001
cracking 0.001cracking 0.001

cracking 0.001
cracking 0.001
cracking 0.001
cracking 0.001
cracking 0.001
cracking 0.001
cracking 0.001
cracking 0.001
cracking 0.001
cracking 0.001
cracking 0.001
loss in 0.001: 0.00028346585970888595 
cracking 0.001
loss in 0.001: 0.0004229728580594126 
cracking 0.001
loss in 0.001: 0.0004938350240074855 
cracking 0.001
loss in 0.001: 0.0005084354848325263 
loss in 0.001: 0.0003030322165191027 
cracking 0.001
cracking 0.001
loss in 0.001: 0.0005070575827919244 
cracking 0.001
loss in 0.001: 0.00042584121162978996 
cracking 0.001
loss in 0.001: 0.00037397197401648147 
cracking 0.001
cracking 0.001
cracking 0.001
cracking 0.001
cracking 0.001
cracking 0.001
cracking 0.001
cracking 0.001
cracking 0.001
loss in 0.001: 0.0004935767566042825 
cracking 0.001
loss in 0.001: 0.0003043322459665 
cracking 0.001
loss in 0.001: 0.00046752616325104783 
cracking 0.001
loss in 0.001: 0.00038243577575627696 
cracking 0.001
loss in 0.001: 0.0006985148016131067 
cracking 0.001
loss in 0.001: 0.00036712088225660314 
cracking 0.001
loss in 0.001: 0.0005086838840655928 
cracking 0.001
loss in 0.001: 0.00045655429865724685 
cracking 0.001
cracking 0.001
cracking 0.001
cracking 0.001
cracking 0.001
cracking 0.001
cracking 0.001
cracking 0.001
cracking 0.001
loss in 0.001: 0.0003924230979582233 
cracking 0.001
loss in 0.001: 0.0006715225953174249 
cracking 0.001
loss in 0.001: 0.0008047069465556824 
cracking 0.001
loss in 0.001: 0.0005862001821826308 
cracking 0.001
loss in 0.001: 0.0006555192905006857 
cracking 0.001
loss in 0.001: 0.0003721413595001102 
cracking 0.001
loss in 0.001: 0.00041305160114315267 
cracking 0.001
cracking 0.001
cracking 0.001
cracking 0.001
loss in 0.001: 0.000528376030681757 
cracking 0.001
cracking 0.001
cracking 0.001
cracking 0.001
cracking 0.001
cracking 0.001
loss in 0.001: 0.00036185012922139117 
cracking 0.001
loss in 0.001: 0.0008270883057576551 
cracking 0.001
loss in 0.001: 0.00045758555415808063 
cracking 0.001
loss in 0.001: 0.00047687162463825347 
cracking 0.001
loss in 0.001: 0.0007019759204544217 
cracking 0.001
loss in 0.001: 0.00044191942510554276 
cracking 0.001
cracking 0.001
loss in 0.001: 0.0005820434396625209 
cracking 0.001
cracking 0.001
cracking 0.001
cracking 0.001
cracking 0.001
loss in 0.001: 0.0004841452048530881 
cracking 0.001
cracking 0.001
cracking 0.001
loss in 0.001: 0.0007319676937663043 
cracking 0.001
cracking 0.001
loss in 0.001: 0.0006521369326293644 
cracking 0.001
loss in 0.001: 0.000526943765785926 
cracking 0.001
loss in 0.001: 0.00046368439966734573 
cracking 0.001
loss in 0.001: 0.00045451535148026515 
cracking 0.001
loss in 0.001: 0.00036159626826137194 
cracking 0.001
cracking 0.001
loss in 0.001: 0.0003244848673317357 
cracking 0.001
cracking 0.001
cracking 0.001
cracking 0.001
cracking 0.001
cracking 0.001
loss in 0.001: 0.00039237101213651063 
cracking 0.001
cracking 0.001
loss in 0.001: 0.00037702486724716975 
cracking 0.001
loss in 0.001: 0.0004963620874182844 
cracking 0.001
cracking 0.001
loss in 0.001: 0.0003828506481023494 
cracking 0.001
loss in 0.001: 0.0003649378024170199 
cracking 0.001
loss in 0.001: 0.0003868975882810254 
cracking 0.001
loss in 0.001: 0.000611495920732224 
cracking 0.001
cracking 0.001
loss in 0.001: 0.0005186332214535946 
cracking 0.001
cracking 0.001
cracking 0.001
cracking 0.001
cracking 0.001
cracking 0.001
cracking 0.001
loss in 0.001: 0.00035979071904439653 
cracking 0.001
loss in 0.001: 0.0006751491029217228 
cracking 0.001
loss in 0.001: 0.0006448720373674255 
cracking 0.001
loss in 0.001: 0.00035635923522005046 
cracking 0.001
loss in 0.001: 0.00044462313120403874 
cracking 0.001
loss in 0.001: 0.000419464754780731 
cracking 0.001
cracking 0.001
loss in 0.001: 0.000375618437289588 
cracking 0.001
loss in 0.001: 0.00039592545387125307 
cracking 0.001
cracking 0.001
cracking 0.001
cracking 0.001
cracking 0.001
cracking 0.001
cracking 0.001
cracking 0.001
loss in 0.001: 0.0004959179013037064 
cracking 0.001
loss in 0.001: 0.00038146867687954556 
cracking 0.001
loss in 0.001: 0.00028005448108064604 
loss in 0.001: 0.00038923525181540597 
cracking 0.001
cracking 0.001
loss in 0.001: 0.0006552245371226595 
cracking 0.001
loss in 0.001: 0.0007966357485925981 
cracking 0.001
cracking 0.001
cracking 0.001
loss in 0.001: 0.0004342312612435889 
cracking 0.001
cracking 0.001
loss in 0.001: 0.00027255862388771287 
cracking 0.001
cracking 0.001
cracking 0.001
cracking 0.001
cracking 0.001
cracking 0.001
loss in 0.001: 0.0005602453798363035 
loss in 0.001: 0.0003602663631097185 
cracking 0.001
cracking 0.001
loss in 0.001: 0.00036985271161143297 
cracking 0.001
loss in 0.001: 0.00043819679318525556 
cracking 0.001
loss in 0.001: 0.0005313144399838927 
cracking 0.001
loss in 0.001: 0.0002699684240492996 
cracking 0.001
cracking 0.001
cracking 0.001
cracking 0.001
loss in 0.001: 0.00045864079782963874 
cracking 0.001
cracking 0.001
cracking 0.001
loss in 0.001: 0.00036639139634982653 
cracking 0.001
cracking 0.001
cracking 0.001
cracking 0.001
loss in 0.001: 0.0006620753863674942 
loss in 0.001: 0.0007462118496387911 
cracking 0.001
cracking 0.001
loss in 0.001: 0.00026969542414071536 
cracking 0.001
loss in 0.001: 0.0017816642958939093 
cracking 0.001
loss in 0.001: 0.0006727470305362941 
cracking 0.001
cracking 0.001
cracking 0.001
loss in 0.001: 0.0004457804601407439 
cracking 0.001
loss in 0.001: 0.000298566648852895 
cracking 0.001
cracking 0.001
cracking 0.001
loss in 0.001: 0.0004394032264878825 
cracking 0.001
cracking 0.001
cracking 0.001
cracking 0.001
cracking 0.001
loss in 0.001: 0.00045919679658124323 
cracking 0.001
loss in 0.001: 0.0003309744968798281 
cracking 0.001
loss in 0.001: 0.00037183538767392177 
cracking 0.001
loss in 0.001: 0.0005025234532837911 
cracking 0.001
cracking 0.001
loss in 0.001: 0.0005241438800825007 
cracking 0.001
loss in 0.001: 0.0005380980382028899 
cracking 0.001
cracking 0.001
loss in 0.001: 0.000427198561001046 
cracking 0.001
cracking 0.001
loss in 0.001: 0.0003644337815662208 
cracking 0.001
cracking 0.001
cracking 0.001
cracking 0.001
cracking 0.001
cracking 0.001
loss in 0.001: 0.0005824159944155372 
cracking 0.001
loss in 0.001: 0.000513357984374863 
loss in 0.001: 0.00037378507061405064 
cracking 0.001
loss in 0.001: 0.0005151238527162033 
cracking 0.001
loss in 0.001: 0.0002465196626632656 
loss in 0.001: 0.0005831200011550937 
loss in 0.001: 0.0009028389574878884 
cracking 0.001
loss in 0.001: 0.0006098022772641648 
loss in 0.001: 0.0006224226669309497 
cracking 0.001
loss in 0.001: 0.0006754262279151954 
cracking 0.001
loss in 0.001: 0.00034869778957305876 
cracking 0.001
cracking 0.001
loss in 0.001: 0.000945499872655816 
cracking 0.001
cracking 0.001
loss in 0.001: 0.0005289424624625196 
cracking 0.001
cracking 0.001
cracking 0.001
cracking 0.001
cracking 0.001
cracking 0.001
cracking 0.001
cracking 0.001
cracking 0.001
cracking 0.001
cracking 0.001
cracking 0.001
cracking 0.001
cracking 0.001
cracking 0.001
cracking 0.001
loss in 0.001: 0.000387286356127644 
cracking 0.001
loss in 0.001: 0.0005054343389779006 
cracking 0.001
loss in 0.001: 0.0005978092566508955 
cracking 0.001
loss in 0.001: 0.0004047928420299889 
cracking 0.001
loss in 0.001: 0.00045683965290082017 
loss in 0.001: 0.00047097442264112927 
cracking 0.001
cracking 0.001
loss in 0.001: 0.0004608151590013574 
cracking 0.001
loss in 0.001: 0.0006200115257742312 
cracking 0.001
cracking 0.001
cracking 0.001
cracking 0.001
cracking 0.001
cracking 0.001
cracking 0.001
cracking 0.001
cracking 0.001
loss in 0.001: 0.0005893715918555954 
cracking 0.001
loss in 0.001: 0.0003120926378990549 
cracking 0.001
loss in 0.001: 0.0003144457751071892 
cracking 0.001
loss in 0.001: 0.0002674498071589873 
loss in 0.001: 0.0005914381928696909 
cracking 0.001
cracking 0.001
loss in 0.001: 0.00031478536982771635 
cracking 0.001
loss in 0.001: 0.0009025790406895405 
cracking 0.001
loss in 0.001: 0.0007656954885518442 
cracking 0.001
cracking 0.001
cracking 0.001
cracking 0.001
cracking 0.001
cracking 0.001
cracking 0.001
cracking 0.001
cracking 0.001
loss in 0.001: 0.0004835389296950649 
cracking 0.001
loss in 0.001: 0.0006513077153172366 
cracking 0.001
loss in 0.001: 0.0006254115870513928 
cracking 0.001
loss in 0.001: 0.0004266695848322725 
cracking 0.001
loss in 0.001: 0.00042845508765044507 
cracking 0.001
loss in 0.001: 0.0003853406990839978 
cracking 0.001
loss in 0.001: 0.0006495982797329726 
cracking 0.001
loss in 0.001: 0.0007094282576024979 
cracking 0.001
cracking 0.001
cracking 0.001
cracking 0.001
cracking 0.001
cracking 0.001
cracking 0.001
cracking 0.001
cracking 0.001
loss in 0.001: 0.0008290649142782223 
cracking 0.001
loss in 0.001: 0.00042337947931896997 
cracking 0.001
loss in 0.001: 0.001436632038864931 
cracking 0.001
loss in 0.001: 0.00042864615483815865 
cracking 0.001
loss in 0.001: 0.0006137065709842369 
cracking 0.001
loss in 0.001: 0.0004721995192018408 
cracking 0.001
cracking 0.001
loss in 0.001: 0.0003504155992076727 
cracking 0.001
loss in 0.001: 0.00045126330101476295 
cracking 0.001
cracking 0.001
cracking 0.001
cracking 0.001
cracking 0.001
cracking 0.001
cracking 0.001
cracking 0.001
loss in 0.001: 0.0007834412136226302 
cracking 0.001
loss in 0.001: 0.0005748732427192822 
cracking 0.001
loss in 0.001: 0.000480780545572072 
cracking 0.001
loss in 0.001: 0.0004122102612714935 
cracking 0.001
loss in 0.001: 0.00046627717667194516 
cracking 0.001
cracking 0.001
loss in 0.001: 0.0013439566105787567 
loss in 0.001: 0.0007104057429652116 
cracking 0.001
cracking 0.001
loss in 0.001: 0.0004396341747970503 
cracking 0.001
cracking 0.001
cracking 0.001
cracking 0.001
cracking 0.001
cracking 0.001
cracking 0.001
cracking 0.001
loss in 0.001: 0.0007151134457452099 
cracking 0.001
loss in 0.001: 0.00045009491766609893 
cracking 0.001
loss in 0.001: 0.0004484067999930549 
cracking 0.001
cracking 0.001
loss in 0.001: 0.00043904703135994326 
cracking 0.001
loss in 0.001: 0.0009031767736754721 
cracking 0.001
loss in 0.001: 0.0003417422163137204 
cracking 0.001
loss in 0.001: 0.00046442926872093654 
cracking 0.001
cracking 0.001
loss in 0.001: 0.0008977599917410386 
cracking 0.001
cracking 0.001
cracking 0.001
cracking 0.001
cracking 0.001
cracking 0.001
cracking 0.001
loss in 0.001: 0.00047099623086654957 
cracking 0.001
loss in 0.001: 0.0003057975631833743 
cracking 0.001
loss in 0.001: 0.0003929085174709924 
cracking 0.001
cracking 0.001
loss in 0.001: 0.0004351177006633818 
cracking 0.001
loss in 0.001: 0.0002313136010475257 
cracking 0.001
loss in 0.001: 0.0002869453495226883 
cracking 0.001
cracking 0.001
loss in 0.001: 0.0003838027704651985 
cracking 0.001
cracking 0.001
loss in 0.001: 0.0004657464668978032 
cracking 0.001
cracking 0.001
cracking 0.001
cracking 0.001
cracking 0.001
loss in 0.001: 0.0007587068330072909 
cracking 0.001
cracking 0.001
loss in 0.001: 0.00046574535688160385 
cracking 0.001
loss in 0.001: 0.00045898718679745695 
cracking 0.001
cracking 0.001
loss in 0.001: 0.0007440443778669995 
cracking 0.001
loss in 0.001: 0.0005811973797598636 
cracking 0.001
loss in 0.001: 0.0004177305459552038 
cracking 0.001
cracking 0.001
loss in 0.001: 0.00037502469629917284 
cracking 0.001
cracking 0.001
loss in 0.001: 0.0005916352089039261 
cracking 0.001
cracking 0.001
cracking 0.001
cracking 0.001
loss in 0.001: 0.00030940960274373244 
cracking 0.001
cracking 0.001
cracking 0.001
loss in 0.001: 0.0005238795964500074 
cracking 0.001
cracking 0.001
loss in 0.001: 0.0008232980362389543 
cracking 0.001
loss in 0.001: 0.0004690850450818554 
cracking 0.001
loss in 0.001: 0.00039104492506234834 
cracking 0.001
loss in 0.001: 0.0004094096955332144 
cracking 0.001
cracking 0.001
loss in 0.001: 0.0005160223672143842 
cracking 0.001
cracking 0.001
loss in 0.001: 0.00028403109670650914 
cracking 0.001
cracking 0.001
cracking 0.001
cracking 0.001
loss in 0.001: 0.0004564762861483717 
cracking 0.001
cracking 0.001
cracking 0.001
cracking 0.001
loss in 0.001: 0.0003053001788475454 
cracking 0.001
loss in 0.001: 0.00039820831245844805 
cracking 0.001
loss in 0.001: 0.00044848285818419704 
cracking 0.001
loss in 0.001: 0.0007410340228218171 
cracking 0.001
loss in 0.001: 0.00021498426680612343 
cracking 0.001
cracking 0.001
loss in 0.001: 0.0003687776221343522 
cracking 0.001
cracking 0.001
loss in 0.001: 0.0007787494835534205 
cracking 0.001
cracking 0.001
cracking 0.001
loss in 0.001: 0.0006557639706841732 
cracking 0.001
cracking 0.001
cracking 0.001
cracking 0.001
cracking 0.001
loss in 0.001: 0.000541279036379105 
cracking 0.001
loss in 0.001: 0.000385729397681605 
cracking 0.001
loss in 0.001: 0.0002633090681296895 
cracking 0.001
loss in 0.001: 0.0006224094172334119 
cracking 0.001
loss in 0.001: 0.00045518822319627253 
cracking 0.001
cracking 0.001
cracking 0.001
loss in 0.001: 0.0005028265695245077 
cracking 0.001
loss in 0.001: 0.0004912026312684896 
cracking 0.001
cracking 0.001
loss in 0.001: 0.0006369672554597877 
cracking 0.001
cracking 0.001
cracking 0.001
cracking 0.001
cracking 0.001
cracking 0.001
loss in 0.001: 0.0005081674980093121 
loss in 0.001: 0.0004638644144467796 
loss in 0.001: 0.0004703470083721439 
loss in 0.001: 0.00029777623173530865 
loss in 0.001: 0.0003114184956188912 
loss in 0.001: 0.0004088976727926975 
loss in 0.001: 0.00034153216308797007 
loss in 0.001: 0.0003470855134646907 
cracking 0.001
cracking 0.001
loss in 0.001: 0.0002890782172514214 
cracking 0.001
cracking 0.001
loss in 0.001: 0.000526905578217996 
cracking 0.001
cracking 0.001
loss in 0.001: 0.0007442717445102871 
cracking 0.001
cracking 0.001
cracking 0.001
cracking 0.001
cracking 0.001
cracking 0.001
cracking 0.001
cracking 0.001
cracking 0.001
cracking 0.001
cracking 0.001
cracking 0.001
cracking 0.001
cracking 0.001
cracking 0.001
cracking 0.001
loss in 0.001: 0.00028930316049545333 
cracking 0.001
loss in 0.001: 0.00032633411415408984 
cracking 0.001
loss in 0.001: 0.00043782273206153393 
loss in 0.001: 0.0005047414141855733 
cracking 0.001
cracking 0.001
loss in 0.001: 0.0012814518538379433 
cracking 0.001
loss in 0.001: 0.0005925922636360356 
loss in 0.001: 0.0004047060776487595 
cracking 0.001
cracking 0.001
loss in 0.001: 0.0003343235606039565 
cracking 0.001
cracking 0.001
cracking 0.001
cracking 0.001
cracking 0.001
cracking 0.001
cracking 0.001
cracking 0.001
cracking 0.001
loss in 0.001: 0.00034276462056397446 
cracking 0.001
loss in 0.001: 0.0004389690110994541 
cracking 0.001
loss in 0.001: 0.0006391918686376308 
loss in 0.001: 0.0010915842561531595 
cracking 0.001
loss in 0.001: 0.0005122684839235793 
cracking 0.001
cracking 0.001
loss in 0.001: 0.00040885763065675077 
cracking 0.001
loss in 0.001: 0.0005722637083856658 
loss in 0.001: 0.00038394235309461536 
cracking 0.001
cracking 0.001
cracking 0.001
cracking 0.001
cracking 0.001
cracking 0.001
cracking 0.001
cracking 0.001
cracking 0.001
cracking 0.001
loss in 0.001: 0.0003342490850430605 
cracking 0.001
loss in 0.001: 0.0005487631312237519 
cracking 0.001
loss in 0.001: 0.0006311060090995081 
cracking 0.001
loss in 0.001: 0.00046054723777832975 
cracking 0.001
loss in 0.001: 0.0004991033957967896 
loss in 0.001: 0.0007425224052741307 
cracking 0.001
cracking 0.001
loss in 0.001: 0.0004845324789976489 
cracking 0.001
loss in 0.001: 0.0004563674477158877 
cracking 0.001
cracking 0.001
cracking 0.001
cracking 0.001
cracking 0.001
cracking 0.001
cracking 0.001
cracking 0.001
cracking 0.001
loss in 0.001: 0.0010352250129802814 
cracking 0.001
loss in 0.001: 0.00032854890822808227 
cracking 0.001
loss in 0.001: 0.0006261728251165188 
cracking 0.001
loss in 0.001: 0.0006715405397580239 
cracking 0.001
loss in 0.001: 0.00047226668949693404 
cracking 0.001
loss in 0.001: 0.00043688454300528826 
loss in 0.001: 0.0004791825279527988 
loss in 0.001: 0.0003034818287438341 
cracking 0.001
cracking 0.001
cracking 0.001
cracking 0.001
cracking 0.001
cracking 0.001
cracking 0.001
cracking 0.001
cracking 0.001
cracking 0.001
cracking 0.001
loss in 0.001: 0.0004022988014783478 
cracking 0.001
loss in 0.001: 0.0003194432750439063 
cracking 0.001
loss in 0.001: 0.0006474505206563492 
cracking 0.001
loss in 0.001: 0.000427765294209437 
loss in 0.001: 0.0008069791445595221 
cracking 0.001
cracking 0.001
loss in 0.001: 0.00038535812579817584 
cracking 0.001
loss in 0.001: 0.00038160485072360697 
cracking 0.001
loss in 0.001: 0.0004879183300671194 
cracking 0.001
cracking 0.001
cracking 0.001
cracking 0.001
cracking 0.001
cracking 0.001
cracking 0.001
cracking 0.001
cracking 0.001
loss in 0.001: 0.000467665078357478 
cracking 0.001
loss in 0.001: 0.00034560660230521453 
cracking 0.001
loss in 0.001: 0.0004248092304242562 
loss in 0.001: 0.0004918392448390416 
cracking 0.001
loss in 0.001: 0.00038219625625451084 
cracking 0.001
cracking 0.001
loss in 0.001: 0.00047542871528988 
cracking 0.001
cracking 0.001
loss in 0.001: 0.0003617387251556505 
cracking 0.001
loss in 0.001: 0.00040337805845019247 
cracking 0.001
cracking 0.001
cracking 0.001
cracking 0.001
cracking 0.001
cracking 0.001
cracking 0.001
cracking 0.001
loss in 0.001: 0.000398568487717303 
cracking 0.001
loss in 0.001: 0.000598024860386019 
cracking 0.001
loss in 0.001: 0.0006760487173772536 
cracking 0.001
loss in 0.001: 0.0006038062511398235 
cracking 0.001
loss in 0.001: 0.00041430928972507083 
cracking 0.001
cracking 0.001
loss in 0.001: 0.0004294123939943599 
cracking 0.001
loss in 0.001: 0.0005712956086551264 
cracking 0.001
cracking 0.001
loss in 0.001: 0.00038879278066279325 
cracking 0.001
cracking 0.001
cracking 0.001
cracking 0.001
cracking 0.001
cracking 0.001
cracking 0.001
loss in 0.001: 0.000396200242177253 
cracking 0.001
loss in 0.001: 0.000499683833685666 
cracking 0.001
loss in 0.001: 0.0005502759972838345 
cracking 0.001
loss in 0.001: 0.0002859846542513102 
cracking 0.001
loss in 0.001: 0.0005638403525160116 
cracking 0.001
cracking 0.001
loss in 0.001: 0.00034793415739927227 
cracking 0.001
cracking 0.001
loss in 0.001: 0.0005141032217947121 
cracking 0.001
loss in 0.001: 0.0003636803620283281 
cracking 0.001
cracking 0.001
cracking 0.001
cracking 0.001
cracking 0.001
cracking 0.001
cracking 0.001
loss in 0.001: 0.0011107858837986592 
cracking 0.001
loss in 0.001: 0.0009431107787124877 
cracking 0.001
loss in 0.001: 0.0005003207054850646 
cracking 0.001
loss in 0.001: 0.0003237674608766018 
loss in 0.001: 0.00021680032833696828 
cracking 0.001
cracking 0.001
cracking 0.001
cracking 0.001
loss in 0.001: 0.00047468520128833634 
cracking 0.001
loss in 0.001: 0.00041897965704666083 
cracking 0.001
loss in 0.001: 0.0006043186790238415 
cracking 0.001
cracking 0.001
cracking 0.001
cracking 0.001
cracking 0.001
cracking 0.001
cracking 0.001
loss in 0.001: 0.00037461328571904547 
cracking 0.001
loss in 0.001: 0.00029570300023272955 
cracking 0.001
cracking 0.001
loss in 0.001: 0.00041274678368051726 
loss in 0.001: 0.000552550815398878 
cracking 0.001
cracking 0.001
cracking 0.001
loss in 0.001: 0.0002829798437964261 
cracking 0.001
loss in 0.001: 0.00020896080567820192 
cracking 0.001
loss in 0.001: 0.0003902050927037178 
cracking 0.001
loss in 0.001: 0.0004568419439483249 
cracking 0.001
cracking 0.001
cracking 0.001
cracking 0.001
cracking 0.001
cracking 0.001
loss in 0.001: 0.000626658353193565 
cracking 0.001
cracking 0.001
loss in 0.001: 0.00034652231202255096 
cracking 0.001
cracking 0.001
loss in 0.001: 0.00038653868469341483 
cracking 0.001
loss in 0.001: 0.0004377477918214157 
cracking 0.001
cracking 0.001
loss in 0.001: 0.0005430179059681501 
cracking 0.001
loss in 0.001: 0.0007323066639022561 
cracking 0.001
loss in 0.001: 0.0005246779795344853 
cracking 0.001
cracking 0.001
cracking 0.001
loss in 0.001: 0.0005926783303580461 
cracking 0.001
cracking 0.001
loss in 0.001: 0.0004174347889565391 
cracking 0.001
cracking 0.001
cracking 0.001
loss in 0.001: 0.0004141803087712109 
cracking 0.001
cracking 0.001
loss in 0.001: 0.0007345683328822668 
loss in 0.001: 0.0005861865996332488 
loss in 0.001: 0.0005192057204086959 
loss in 0.001: 0.0008478791031388914 
loss in 0.001: 0.0004516608745462817 
loss in 0.001: 0.00040185418191548213 
cracking 0.001
loss in 0.001: 0.0008170882680019205 
cracking 0.001
loss in 0.001: 0.0003763298065042731 
cracking 0.001
cracking 0.001
loss in 0.001: 0.0005611068834820089 
cracking 0.001
cracking 0.001
loss in 0.001: 0.0005198429121221536 
cracking 0.001
cracking 0.001
cracking 0.001
cracking 0.001
cracking 0.001
cracking 0.001
cracking 0.001
cracking 0.001
cracking 0.001
cracking 0.001
cracking 0.001
cracking 0.001
cracking 0.001
cracking 0.001
cracking 0.001
cracking 0.001
loss in 0.001: 0.0002766346064542181 
cracking 0.001
loss in 0.001: 0.0004202290730506028 
cracking 0.001
loss in 0.001: 0.0006007787064887711 
cracking 0.001
loss in 0.001: 0.0002591025585775388 
cracking 0.001
loss in 0.001: 0.0004538335828609406 
cracking 0.001
loss in 0.001: 0.00042969866443419197 
loss in 0.001: 0.0005072039208095478 
cracking 0.001
loss in 0.001: 0.0004131673577900639 
cracking 0.001
cracking 0.001
cracking 0.001
cracking 0.001
cracking 0.001
cracking 0.001
cracking 0.001
cracking 0.001
cracking 0.001
cracking 0.001
loss in 0.001: 0.0004395664974991534 
cracking 0.001
loss in 0.001: 0.0007622217328945862 
cracking 0.001
loss in 0.001: 0.0006733883573602043 
cracking 0.001
loss in 0.001: 0.0006065838787414444 
cracking 0.001
loss in 0.001: 0.00046544044925829237 
cracking 0.001
loss in 0.001: 0.00035862185860940915 
cracking 0.001
loss in 0.001: 0.0005255429683055024 
cracking 0.001
loss in 0.001: 0.00039700434417462365 
cracking 0.001
cracking 0.001
cracking 0.001
cracking 0.001
cracking 0.001
cracking 0.001
cracking 0.001
cracking 0.001
cracking 0.001
loss in 0.001: 0.0003722502469385808 
cracking 0.001
loss in 0.001: 0.0003538529499809252 
loss in 0.001: 0.0006518366119975797 
cracking 0.001
cracking 0.001
loss in 0.001: 0.0008987969996461412 
loss in 0.001: 0.0004167792821606621 
cracking 0.001
cracking 0.001
loss in 0.001: 0.0004108071305030483 
cracking 0.001
loss in 0.001: 0.0005101722858016784 
cracking 0.001
loss in 0.001: 0.0004066933525964728 
cracking 0.001
cracking 0.001
cracking 0.001
cracking 0.001
cracking 0.001
cracking 0.001
cracking 0.001
cracking 0.001
cracking 0.001
loss in 0.001: 0.0004169846862421226 
cracking 0.001
loss in 0.001: 0.0004218764378209327 
cracking 0.001
loss in 0.001: 0.0004951196668876115 
cracking 0.001
loss in 0.001: 0.0010170470946394947 
cracking 0.001
loss in 0.001: 0.0007692071622448952 
cracking 0.001
loss in 0.001: 0.000365630713975779 
cracking 0.001
loss in 0.001: 0.0004674797165265943 
cracking 0.001
cracking 0.001
cracking 0.001
loss in 0.001: 0.00042673548101695264 
cracking 0.001
cracking 0.001
cracking 0.001
cracking 0.001
cracking 0.001
cracking 0.001
cracking 0.001
loss in 0.001: 0.0004602335083281332 
cracking 0.001
loss in 0.001: 0.0003886632414127086 
cracking 0.001
loss in 0.001: 0.0006161831501051951 
cracking 0.001
loss in 0.001: 0.0004247804203725864 
loss in 0.001: 0.0003116629479265068 
cracking 0.001
cracking 0.001
loss in 0.001: 0.00032554558711843823 
cracking 0.001
loss in 0.001: 0.000341677842625017 
cracking 0.001
cracking 0.001
cracking 0.001
cracking 0.001
loss in 0.001: 0.0004044107299346802 
cracking 0.001
cracking 0.001
cracking 0.001
cracking 0.001
cracking 0.001
cracking 0.001
loss in 0.001: 0.0005782686508606739 
cracking 0.001
loss in 0.001: 0.00033893809076260983 
cracking 0.001
loss in 0.001: 0.00030673716401903437 
cracking 0.001
loss in 0.001: 0.00038262069274805783 
cracking 0.001
loss in 0.001: 0.0004312392807703491 
cracking 0.001
cracking 0.001
cracking 0.001
loss in 0.001: 0.0003359264921960299 
cracking 0.001
cracking 0.001
loss in 0.001: 0.000451626149030015 
cracking 0.001
cracking 0.001
loss in 0.001: 0.00045633439455798294 
cracking 0.001
cracking 0.001
cracking 0.001
cracking 0.001
cracking 0.001
loss in 0.001: 0.0005244962957982612 
cracking 0.001
loss in 0.001: 0.00042763122945315926 
cracking 0.001
loss in 0.001: 0.00035482932962652597 
cracking 0.001
loss in 0.001: 0.000681681955099185 
cracking 0.001
loss in 0.001: 0.0005547751260156529 
cracking 0.001
cracking 0.001
cracking 0.001
cracking 0.001
loss in 0.001: 0.0004016601238003211 
cracking 0.001
loss in 0.001: 0.0003702899667518909 
cracking 0.001
cracking 0.001
cracking 0.001
cracking 0.001
cracking 0.001
loss in 0.001: 0.0006797547230703865 
loss in 0.001: 0.00035472061740476245 
cracking 0.001
cracking 0.001
loss in 0.001: 0.0005766048909700265 
cracking 0.001
loss in 0.001: 0.0004394709910607097 
cracking 0.001
loss in 0.001: 0.00039858114000388946 
cracking 0.001
cracking 0.001
cracking 0.001
cracking 0.001
loss in 0.001: 0.0004508002688885218 
cracking 0.001
loss in 0.001: 0.00043030620966784633 
cracking 0.001
cracking 0.001
loss in 0.001: 0.0005745784208333071 
cracking 0.001
cracking 0.001
cracking 0.001
loss in 0.001: 0.0003301897851539089 
cracking 0.001
cracking 0.001
cracking 0.001
loss in 0.001: 0.00036664848785698513 
cracking 0.001
loss in 0.001: 0.0003317023257416941 
cracking 0.001
loss in 0.001: 0.0006478136662669342 
cracking 0.001
loss in 0.001: 0.0006283630273805602 
cracking 0.001
cracking 0.001
cracking 0.001
cracking 0.001
cracking 0.001
loss in 0.001: 0.0003132684538724234 
cracking 0.001
cracking 0.001
loss in 0.001: 0.000578862045999531 
cracking 0.001
loss in 0.001: 0.0012263127377768058 
cracking 0.001
cracking 0.001
loss in 0.001: 0.00035939273091012175 
cracking 0.001
loss in 0.001: 0.0005440116386799026 
cracking 0.001
cracking 0.001
cracking 0.001
loss in 0.001: 0.00034311103392776197 
cracking 0.001
loss in 0.001: 0.0004291377188832129 
cracking 0.001
cracking 0.001
loss in 0.001: 0.000513561086870768 
cracking 0.001
cracking 0.001
cracking 0.001
loss in 0.001: 0.00044933109447096526 
cracking 0.001
cracking 0.001
cracking 0.001
loss in 0.001: 0.0007755159785644886 
cracking 0.001
loss in 0.001: 0.0004483208198541547 
cracking 0.001
loss in 0.001: 0.00043898008721071673 
cracking 0.001
cracking 0.001
cracking 0.001
loss in 0.001: 0.0005413209826039166 
cracking 0.001
cracking 0.001
loss in 0.001: 0.00041338492155175904 
cracking 0.001
loss in 0.001: 0.0003270001941050324 
cracking 0.001
cracking 0.001
loss in 0.001: 0.0007583087299212448 
cracking 0.001
cracking 0.001
cracking 0.001
cracking 0.001
cracking 0.001
loss in 0.001: 0.00028085560752389197 
cracking 0.001
loss in 0.001: 0.0009165190962258893 
cracking 0.001
loss in 0.001: 0.0005721862844728308 
cracking 0.001
loss in 0.001: 0.0004683818083186402 
cracking 0.001
loss in 0.001: 0.0002976791585764575 
cracking 0.001
cracking 0.001
loss in 0.001: 0.0005108364738542357 
cracking 0.001
cracking 0.001
loss in 0.001: 0.0004317612944253495 
cracking 0.001
loss in 0.001: 0.0004591214240845168 
cracking 0.001
loss in 0.001: 0.0007832507655818493 
loss in 0.001: 0.0005018256270425218 
loss in 0.001: 0.00033781928690999034 
loss in 0.001: 0.0006873094441905247 
cracking 0.001
loss in 0.001: 0.0008092898111875915 
cracking 0.001
loss in 0.001: 0.0005368343410016126 
cracking 0.001
cracking 0.001
loss in 0.001: 0.0006722483052368051 
cracking 0.001
cracking 0.001
loss in 0.001: 0.000627826168011992 
cracking 0.001
cracking 0.001
cracking 0.001
cracking 0.001
cracking 0.001
cracking 0.001
cracking 0.001
cracking 0.001
cracking 0.001
cracking 0.001
cracking 0.001
cracking 0.001
cracking 0.001
cracking 0.001
cracking 0.001
cracking 0.001
loss in 0.001: 0.0004566049397509402 
cracking 0.001
loss in 0.001: 0.0005361324325358606 
cracking 0.001
loss in 0.001: 0.0004314974027185308 
cracking 0.001
loss in 0.001: 0.0006463751363034782 
cracking 0.001
loss in 0.001: 0.00041352490951602713 
loss in 0.001: 0.00034031525401591263 
cracking 0.001
cracking 0.001
loss in 0.001: 0.0007217317751468358 
cracking 0.001
loss in 0.001: 0.0005354793731985713 
cracking 0.001
cracking 0.001
cracking 0.001
cracking 0.001
cracking 0.001
cracking 0.001
cracking 0.001
cracking 0.001
cracking 0.001
loss in 0.001: 0.0003279063354063234 
cracking 0.001
loss in 0.001: 0.00047418282277559594 
loss in 0.001: 0.00045403629517778315 
cracking 0.001
cracking 0.001
loss in 0.001: 0.0005893383257768728 
cracking 0.001
loss in 0.001: 0.00048592824024393456 
cracking 0.001
loss in 0.001: 0.0005397799829626399 
cracking 0.001
loss in 0.001: 0.0004517084408774996 
cracking 0.001
loss in 0.001: 0.00039430275598229154 
cracking 0.001
cracking 0.001
cracking 0.001
cracking 0.001
cracking 0.001
cracking 0.001
cracking 0.001
cracking 0.001
cracking 0.001
loss in 0.001: 0.00034344295269799743 
cracking 0.001
loss in 0.001: 0.00048542467871924165 
cracking 0.001
loss in 0.001: 0.0003486904591059849 
cracking 0.001
loss in 0.001: 0.0005768357076209458 
cracking 0.001
loss in 0.001: 0.0008626570894258907 
cracking 0.001
loss in 0.001: 0.00025952525388049956 
cracking 0.001
loss in 0.001: 0.00042347066511606927 
cracking 0.001
loss in 0.001: 0.0003386594072988686 
cracking 0.001
cracking 0.001
cracking 0.001
cracking 0.001
cracking 0.001
cracking 0.001
cracking 0.001
cracking 0.001
cracking 0.001
loss in 0.001: 0.0005577011300149599 
cracking 0.001
loss in 0.001: 0.00033767305835230804 
cracking 0.001
loss in 0.001: 0.0003023799108397019 
cracking 0.001
loss in 0.001: 0.0004040753075135966 
cracking 0.001
loss in 0.001: 0.0003017205623839539 
cracking 0.001
cracking 0.001
loss in 0.001: 0.0004459222287831356 
cracking 0.001
cracking 0.001
loss in 0.001: 0.0003120634402291191 
cracking 0.001
cracking 0.001
cracking 0.001
loss in 0.001: 0.0003403317931291264 
cracking 0.001
cracking 0.001
cracking 0.001
cracking 0.001
loss in 0.001: 0.0005490540376083175 
cracking 0.001
loss in 0.001: 0.0004316398525267582 
cracking 0.001
cracking 0.001
loss in 0.001: 0.0003965984650054662 
cracking 0.001
loss in 0.001: 0.0003054059978255601 
cracking 0.001
cracking 0.001
loss in 0.001: 0.00037341341226862816 
loss in 0.001: 0.0004426219477124223 
cracking 0.001
cracking 0.001
cracking 0.001
loss in 0.001: 0.0004936873836270184 
cracking 0.001
cracking 0.001
cracking 0.001
cracking 0.001
cracking 0.001
loss in 0.001: 0.0006142339107716306 
cracking 0.001
loss in 0.001: 0.00037533421237542905 
cracking 0.001
cracking 0.001
loss in 0.001: 0.00046721115059472493 
cracking 0.001
loss in 0.001: 0.00041526759122388775 
cracking 0.001
cracking 0.001
cracking 0.001
loss in 0.001: 0.0005013751735856133 
cracking 0.001
loss in 0.001: 0.00040726397654207257 
cracking 0.001
cracking 0.001
cracking 0.001
loss in 0.001: 0.000649964052987193 
cracking 0.001
loss in 0.001: 0.0007821105378449344 
cracking 0.001
cracking 0.001
cracking 0.001
cracking 0.001
loss in 0.001: 0.0004263664646296725 
cracking 0.001
cracking 0.001
loss in 0.001: 0.00041398205861588913 
cracking 0.001
loss in 0.001: 0.0004455963473044648 
cracking 0.001
loss in 0.001: 0.0005043612573175734 
cracking 0.001
cracking 0.001
loss in 0.001: 0.00043467660130459726 
cracking 0.001
cracking 0.001
cracking 0.001
loss in 0.001: 0.0003711518310532934 
cracking 0.001
loss in 0.001: 0.0003733294689824352 
cracking 0.001
cracking 0.001
loss in 0.001: 0.0004973600350211815 
cracking 0.001
cracking 0.001
cracking 0.001
cracking 0.001
loss in 0.001: 0.0003024804813243521 
cracking 0.001
loss in 0.001: 0.00038137183738163255 
cracking 0.001
cracking 0.001
loss in 0.001: 0.0004135518618730096 
cracking 0.001
loss in 0.001: 0.00039682013893689545 
cracking 0.001
loss in 0.001: 0.0004203589295916273 
cracking 0.001
cracking 0.001
cracking 0.001
loss in 0.001: 0.0005402497082613538 
cracking 0.001
cracking 0.001
loss in 0.001: 0.0007356375131143863 
cracking 0.001
loss in 0.001: 0.0003393525581884383 
cracking 0.001
cracking 0.001
cracking 0.001
cracking 0.001
cracking 0.001
loss in 0.001: 0.00042703694778130504 
cracking 0.001
loss in 0.001: 0.0003613907033729602 
cracking 0.001
cracking 0.001
loss in 0.001: 0.00032567333097397366 
cracking 0.001
loss in 0.001: 0.000390837707710258 
cracking 0.001
cracking 0.001
loss in 0.001: 0.0008912422469120145 
cracking 0.001
cracking 0.001
cracking 0.001
loss in 0.001: 0.0007184626654473655 
cracking 0.001
loss in 0.001: 0.0005367796996485813 
cracking 0.001
cracking 0.001
cracking 0.001
loss in 0.001: 0.0003544375809095492 
cracking 0.001
cracking 0.001
cracking 0.001
loss in 0.001: 0.0006145194633451676 
cracking 0.001
cracking 0.001
loss in 0.001: 0.00036189658812267757 
cracking 0.001
loss in 0.001: 0.0007193557355055741 
cracking 0.001
loss in 0.001: 0.0004016660449857666 
cracking 0.001
loss in 0.001: 0.00037005831691098 
cracking 0.001
cracking 0.001
cracking 0.001
loss in 0.001: 0.0004292108849681504 
cracking 0.001
cracking 0.001
loss in 0.001: 0.0006178378618189014 
cracking 0.001
cracking 0.001
cracking 0.001
loss in 0.001: 0.000482074643923245 
cracking 0.001
cracking 0.001
cracking 0.001
loss in 0.001: 0.00034579440100148095 
cracking 0.001
loss in 0.001: 0.00032973123155212637 
cracking 0.001
cracking 0.001
loss in 0.001: 0.0005449539626169269 
cracking 0.001
loss in 0.001: 0.0004424590367946714 
cracking 0.001
cracking 0.001
loss in 0.001: 0.0006296803871036825 
cracking 0.001
cracking 0.001
cracking 0.001
loss in 0.001: 0.0005082570464909865 
cracking 0.001
cracking 0.001
loss in 0.001: 0.0003934363745496442 
cracking 0.001
cracking 0.001
loss in 0.001: 0.00031368516023815387 
cracking 0.001
cracking 0.001
loss in 0.001: 0.000370608149122367 
cracking 0.001
loss in 0.001: 0.0005597603617528444 
cracking 0.001
cracking 0.001
cracking 0.001
loss in 0.001: 0.000493482479408483 
loss in 0.001: 0.00045172718417216414 
cracking 0.001
cracking 0.001
loss in 0.001: 0.0007893252369156218 
loss in 0.001: 0.000527555770085872 
loss in 0.001: 0.0004796415768381099 
loss in 0.001: 0.0007002981842436941 
loss in 0.001: 0.0003133589226209646 
cracking 0.001
loss in 0.001: 0.0005511986884927197 
cracking 0.001
loss in 0.001: 0.0007251507071037906 
cracking 0.001
cracking 0.001
loss in 0.001: 0.00048288784933659903 
cracking 0.001
cracking 0.001
loss in 0.001: 0.0003364826452333832 
Figures saved in /home/wesley/EDC/FPC/ML/results/0316_temp_k/plots
Number of tubes generalization takes 37.13727725744248 min 8.236635446548462 sec.
Starting prediction...
cracking 0.0
cracking 0.0
loss in 0.0: 0.004475811232521754 
cracking 0.000125
cracking 0.000125
loss in 0.000125: 0.0026334270032024416 
cracking 0.00025
cracking 0.00025
loss in 0.00025: 0.015559228216876952 
cracking 0.000375
cracking 0.000375
loss in 0.000375: 0.019721063867570915 
cracking 0.0005
cracking 0.0005
loss in 0.0005: 0.019859065271580573 
cracking 0.000625
cracking 0.000625
loss in 0.000625: 0.024386477613776946 
cracking 0.00075
cracking 0.00075
loss in 0.00075: 0.024419601208030314 
cracking 0.000875
cracking 0.000875
loss in 0.000875: 0.02464662605596991 
cracking 0.001
cracking 0.001
loss in 0.001: 0.05710636769881231 
cracking 0.001125
cracking 0.001125
loss in 0.001125: 0.020235004835633855 
cracking 0.00125
cracking 0.00125
loss in 0.00125: 0.020084871587081488 
cracking 0.001375
cracking 0.001375
loss in 0.001375: 0.019707381867833655 
cracking 0.0015
cracking 0.0015
loss in 0.0015: 0.017015973099826782 
cracking 0.001625
cracking 0.001625
loss in 0.001625: 0.015704391928683805 
cracking 0.00175
cracking 0.00175
loss in 0.00175: 0.030878541998242665 
cracking 0.001875
cracking 0.001875
loss in 0.001875: 0.04842294016386537 
cracking 0.002
cracking 0.002
loss in 0.002: 0.08302566333035188 
cracking 0.002125
cracking 0.002125
loss in 0.002125: 0.09644821949335665 
cracking 0.00225
cracking 0.00225
loss in 0.00225: 0.08225744472278321 
cracking 0.002375
cracking 0.002375
loss in 0.002375: 0.013726295806932994 
cracking 0.0025
cracking 0.0025
loss in 0.0025: 0.004162788579648839 
