training_data_FPC_V4_3m_irrev.csv
            Experiment name: 0323_FPC_modelV2
            Training Data: training_data_FPC_V4_3m_irrev.csv
            Do k-fold: False
            Folds num: 10
            Learning rate: 0.001
            Batch size: 18
            Epoch: 10000
            CSTR num: 100
            Training vebose: 0
            #Genearalization test
            mass flow rates = True
            CCl4 = True
            inital pressure = True
            number of tubes = True
            T_in = True
            ncpus = 8
            training = False
            prediction only = False
                
Loading data...
Starting prediction...
cracking 0.001
cracking 0.001
ML cracking rates
{'cracking_rates': [0, 0.005787968635559082, 0.014006763696670532, 0.026607036590576172, 0.046140432357788086, 0.0904703438282013, 0.12931334972381592, 0.1795404553413391, 0.2298879325389862, 0.28695589303970337, 0.3264407515525818, 0.3557427227497101, 0.38274693489074707, 0.41822052001953125, 0.44652053713798523, 0.47364306449890137, 0.49991345405578613, 0.5286005139350891, 0.5545548796653748]}
loss in 0.001: 0.05528223293585655 
29088     0.574687
29089     1.400135
29090     2.624069
29091     4.672871
29092     9.043811
29093    12.934955
29094    18.071041
29095    23.667749
29096    28.700117
29097    32.660000
29098    35.557774
29099    38.415825
29100    41.619431
29101    44.519329
29102    47.340073
29103    50.086376
29104    52.762157
29105    55.595531
Name: X, dtype: float64
19
Schi cracking rates
[0, 0.2614471264150931, 3.0701530830873485, 12.001462066068902, 27.271050299429504, 45.99553351896624, 61.87197425768689, 72.34559413064386, 79.5321997666546, 84.6447446903967, 88.33923186576254, 91.02756599142965, 93.00429458319975, 94.48339784658704, 95.60501732904063, 96.46201669944337, 97.12160797742455, 97.6327828540393, 98.03229459407781]
Schi cracking rates
