training_dataV4_15_5_50.csv
            Experiment name: 0130_50CCl4
            Training Data: training_dataV4_15_5_50.csv
            Do k-fold: False
            Folds num: 10
            Learning rate: 0.001
            Batch size: 100
            Epoch: 10000
            CSTR num: 100
            Training vebose: 0
            #Genearalization test
            mass flow rates = True
            CCl4 = True
            inital pressure = True
            number of tubes = True
            ncpus = 8
            training = False
            prediction only = False
                
Loading data...
Generalization test...
Case1: Mass flow rate...
Error in 45.0 mass flow rate is 0.003549 
Error in 45.37373737373738 mass flow rate is 0.003756 
Error in 45.74747474747475 mass flow rate is 0.003933 
Error in 46.121212121212125 mass flow rate is 0.004163 
Error in 46.494949494949495 mass flow rate is 0.004533 
Error in 46.86868686868687 mass flow rate is 0.004506 
Error in 47.24242424242424 mass flow rate is 0.004516 
Error in 47.61616161616162 mass flow rate is 0.004465 
Error in 47.98989898989899 mass flow rate is 0.004067 
Error in 48.36363636363637 mass flow rate is 0.003365 
Error in 48.73737373737374 mass flow rate is 0.003672 
Error in 49.111111111111114 mass flow rate is 0.004076 
Error in 49.484848484848484 mass flow rate is 0.004268 
Error in 49.85858585858586 mass flow rate is 0.004464 
Error in 50.23232323232323 mass flow rate is 0.004716 
Error in 50.60606060606061 mass flow rate is 0.004990 
Error in 50.97979797979798 mass flow rate is 0.005275 
Error in 51.35353535353536 mass flow rate is 0.005554 
Error in 51.72727272727273 mass flow rate is 0.005462 
Error in 52.101010101010104 mass flow rate is 0.005373 
Error in 52.474747474747474 mass flow rate is 0.005285 
Error in 52.84848484848485 mass flow rate is 0.005125 
Error in 53.22222222222222 mass flow rate is 0.004970 
Error in 53.5959595959596 mass flow rate is 0.004820 
Error in 53.96969696969697 mass flow rate is 0.004642 
Error in 54.343434343434346 mass flow rate is 0.004474 
Error in 54.717171717171716 mass flow rate is 0.004339 
Error in 55.09090909090909 mass flow rate is 0.004180 
Error in 55.464646464646464 mass flow rate is 0.004005 
Error in 55.83838383838384 mass flow rate is 0.003867 
Error in 56.21212121212121 mass flow rate is 0.003804 
Error in 56.58585858585859 mass flow rate is 0.003765 
Error in 56.95959595959596 mass flow rate is 0.003763 
Error in 57.333333333333336 mass flow rate is 0.003788 
Error in 57.707070707070706 mass flow rate is 0.003724 
Error in 58.08080808080808 mass flow rate is 0.003660 
Error in 58.45454545454545 mass flow rate is 0.003597 
Error in 58.82828282828283 mass flow rate is 0.003531 
Error in 59.2020202020202 mass flow rate is 0.003460 
Error in 59.57575757575758 mass flow rate is 0.003347 
Error in 59.94949494949495 mass flow rate is 0.003155 
Error in 60.323232323232325 mass flow rate is 0.002966 
Error in 60.696969696969695 mass flow rate is 0.002770 
Error in 61.07070707070707 mass flow rate is 0.002615 
Error in 61.44444444444444 mass flow rate is 0.002464 
Error in 61.81818181818182 mass flow rate is 0.002279 
Error in 62.1919191919192 mass flow rate is 0.002103 
Error in 62.56565656565657 mass flow rate is 0.001934 
Error in 62.93939393939394 mass flow rate is 0.001779 
Error in 63.313131313131315 mass flow rate is 0.001630 
Error in 63.68686868686869 mass flow rate is 0.001484 
Error in 64.06060606060606 mass flow rate is 0.001339 
Error in 64.43434343434343 mass flow rate is 0.001169 
Error in 64.8080808080808 mass flow rate is 0.001004 
Error in 65.18181818181819 mass flow rate is 0.000956 
Error in 65.55555555555556 mass flow rate is 0.000920 
Error in 65.92929292929293 mass flow rate is 0.000894 
Error in 66.30303030303031 mass flow rate is 0.000852 
Error in 66.67676767676768 mass flow rate is 0.000865 
Error in 67.05050505050505 mass flow rate is 0.000929 
Error in 67.42424242424242 mass flow rate is 0.000959 
Error in 67.79797979797979 mass flow rate is 0.000986 
Error in 68.17171717171718 mass flow rate is 0.001010 
Error in 68.54545454545455 mass flow rate is 0.001034 
Error in 68.91919191919192 mass flow rate is 0.001058 
Error in 69.2929292929293 mass flow rate is 0.001109 
Error in 69.66666666666667 mass flow rate is 0.001152 
Error in 70.04040404040404 mass flow rate is 0.001157 
Error in 70.41414141414141 mass flow rate is 0.001224 
Error in 70.78787878787878 mass flow rate is 0.001281 
Error in 71.16161616161617 mass flow rate is 0.001337 
Error in 71.53535353535354 mass flow rate is 0.001392 
Error in 71.9090909090909 mass flow rate is 0.001446 
Error in 72.28282828282829 mass flow rate is 0.001495 
Error in 72.65656565656566 mass flow rate is 0.001532 
Error in 73.03030303030303 mass flow rate is 0.001555 
Error in 73.4040404040404 mass flow rate is 0.001582 
Error in 73.77777777777777 mass flow rate is 0.001612 
Error in 74.15151515151516 mass flow rate is 0.001651 
Error in 74.52525252525253 mass flow rate is 0.001690 
Error in 74.8989898989899 mass flow rate is 0.001727 
Error in 75.27272727272728 mass flow rate is 0.001761 
Error in 75.64646464646465 mass flow rate is 0.001827 
Error in 76.02020202020202 mass flow rate is 0.001894 
Error in 76.39393939393939 mass flow rate is 0.001963 
Error in 76.76767676767676 mass flow rate is 0.002016 
Error in 77.14141414141415 mass flow rate is 0.002068 
Error in 77.51515151515152 mass flow rate is 0.002118 
Error in 77.88888888888889 mass flow rate is 0.002171 
Error in 78.26262626262627 mass flow rate is 0.002216 
Error in 78.63636363636364 mass flow rate is 0.002261 
Error in 79.01010101010101 mass flow rate is 0.002305 
Error in 79.3838383838384 mass flow rate is 0.002329 
Error in 79.75757575757575 mass flow rate is 0.002350 
Error in 80.13131313131314 mass flow rate is 0.002375 
Error in 80.5050505050505 mass flow rate is 0.002387 
Error in 80.87878787878788 mass flow rate is 0.002385 
Error in 81.25252525252526 mass flow rate is 0.002370 
Error in 81.62626262626263 mass flow rate is 0.002356 
Error in 82.0 mass flow rate is 0.002348 
Mass flow rate generalization takes 3.053406051794688 min 3.2043631076812744 sec.
Case2: CCl4 concentration...
Error in concentration in 0.0ppm is 0.029411 
Error in concentration in 25.252525252525253ppm is 0.024331 
Error in concentration in 50.505050505050505ppm is 0.018656 
Error in concentration in 75.75757575757575ppm is 0.011245 
Error in concentration in 101.01010101010101ppm is 0.008196 
Error in concentration in 126.26262626262626ppm is 0.005651 
Error in concentration in 151.5151515151515ppm is 0.003509 
Error in concentration in 176.76767676767676ppm is 0.002869 
Error in concentration in 202.02020202020202ppm is 0.002573 
Error in concentration in 227.27272727272728ppm is 0.002362 
Error in concentration in 252.5252525252525ppm is 0.002208 
Error in concentration in 277.77777777777777ppm is 0.002025 
Error in concentration in 303.030303030303ppm is 0.002011 
Error in concentration in 328.2828282828283ppm is 0.002244 
Error in concentration in 353.5353535353535ppm is 0.002162 
Error in concentration in 378.7878787878788ppm is 0.002198 
Error in concentration in 404.04040404040404ppm is 0.002075 
Error in concentration in 429.2929292929293ppm is 0.001907 
Error in concentration in 454.54545454545456ppm is 0.001747 
Error in concentration in 479.7979797979798ppm is 0.001702 
Error in concentration in 505.050505050505ppm is 0.001809 
Error in concentration in 530.3030303030303ppm is 0.001879 
Error in concentration in 555.5555555555555ppm is 0.002040 
Error in concentration in 580.8080808080808ppm is 0.002095 
Error in concentration in 606.060606060606ppm is 0.002136 
Error in concentration in 631.3131313131313ppm is 0.002093 
Error in concentration in 656.5656565656566ppm is 0.001962 
Error in concentration in 681.8181818181819ppm is 0.001894 
Error in concentration in 707.070707070707ppm is 0.001752 
Error in concentration in 732.3232323232322ppm is 0.001671 
Error in concentration in 757.5757575757576ppm is 0.001601 
Error in concentration in 782.8282828282829ppm is 0.001389 
Error in concentration in 808.0808080808081ppm is 0.001272 
Error in concentration in 833.3333333333333ppm is 0.001297 
Error in concentration in 858.5858585858585ppm is 0.001191 
Error in concentration in 883.838383838384ppm is 0.001279 
Error in concentration in 909.0909090909091ppm is 0.001293 
Error in concentration in 934.3434343434343ppm is 0.001316 
Error in concentration in 959.5959595959596ppm is 0.001291 
Error in concentration in 984.8484848484849ppm is 0.001421 
Error in concentration in 1010.10101010101ppm is 0.001381 
Error in concentration in 1035.3535353535353ppm is 0.001438 
Error in concentration in 1060.6060606060605ppm is 0.001960 
Error in concentration in 1085.858585858586ppm is 0.002140 
Error in concentration in 1111.111111111111ppm is 0.002302 
Error in concentration in 1136.3636363636363ppm is 0.002309 
Error in concentration in 1161.6161616161617ppm is 0.001770 
Error in concentration in 1186.8686868686868ppm is 0.001473 
Error in concentration in 1212.121212121212ppm is 0.001319 
Error in concentration in 1237.3737373737374ppm is 0.001717 
Error in concentration in 1262.6262626262626ppm is 0.001589 
Error in concentration in 1287.878787878788ppm is 0.001192 
Error in concentration in 1313.1313131313132ppm is 0.001160 
Error in concentration in 1338.3838383838383ppm is 0.001273 
Error in concentration in 1363.6363636363637ppm is 0.001276 
Error in concentration in 1388.888888888889ppm is 0.001230 
Error in concentration in 1414.141414141414ppm is 0.001188 
Error in concentration in 1439.3939393939393ppm is 0.001155 
Error in concentration in 1464.6464646464644ppm is 0.001010 
Error in concentration in 1489.8989898989898ppm is 0.001003 
Error in concentration in 1515.1515151515152ppm is 0.001056 
Error in concentration in 1540.4040404040404ppm is 0.001116 
Error in concentration in 1565.6565656565658ppm is 0.001069 
Error in concentration in 1590.909090909091ppm is 0.000981 
Error in concentration in 1616.1616161616162ppm is 0.000880 
Error in concentration in 1641.4141414141413ppm is 0.000784 
Error in concentration in 1666.6666666666665ppm is 0.000683 
Error in concentration in 1691.919191919192ppm is 0.000596 
Error in concentration in 1717.171717171717ppm is 0.000578 
Error in concentration in 1742.4242424242423ppm is 0.000592 
Error in concentration in 1767.676767676768ppm is 0.000585 
Error in concentration in 1792.929292929293ppm is 0.000564 
Error in concentration in 1818.1818181818182ppm is 0.000554 
Error in concentration in 1843.4343434343434ppm is 0.000577 
Error in concentration in 1868.6868686868686ppm is 0.000604 
Error in concentration in 1893.939393939394ppm is 0.000619 
Error in concentration in 1919.1919191919192ppm is 0.000567 
Error in concentration in 1944.4444444444443ppm is 0.000514 
Error in concentration in 1969.6969696969697ppm is 0.000452 
Error in concentration in 1994.9494949494947ppm is 0.000431 
Error in concentration in 2020.20202020202ppm is 0.000451 
Error in concentration in 2045.4545454545457ppm is 0.000475 
Error in concentration in 2070.7070707070707ppm is 0.000501 
Error in concentration in 2095.959595959596ppm is 0.000536 
Error in concentration in 2121.212121212121ppm is 0.000572 
Error in concentration in 2146.464646464646ppm is 0.000598 
Error in concentration in 2171.717171717172ppm is 0.000586 
Error in concentration in 2196.969696969697ppm is 0.000567 
Error in concentration in 2222.222222222222ppm is 0.000560 
Error in concentration in 2247.474747474748ppm is 0.000543 
Error in concentration in 2272.7272727272725ppm is 0.000518 
Error in concentration in 2297.979797979798ppm is 0.000485 
Error in concentration in 2323.2323232323233ppm is 0.000462 
Error in concentration in 2348.4848484848485ppm is 0.000449 
Error in concentration in 2373.7373737373737ppm is 0.000455 
Error in concentration in 2398.989898989899ppm is 0.000474 
Error in concentration in 2424.242424242424ppm is 0.000492 
Error in concentration in 2449.4949494949497ppm is 0.000564 
Error in concentration in 2474.747474747475ppm is 0.000597 
Error in concentration in 2500.0ppm is 0.000620 
CCl4 concentration generalization takes 3.040027590592702 min 2.401655435562134 sec.
Case3: Initial pressure...
Error in 10.0atm is 0.003101 
Error in 10.044444444444444atm is 0.003037 
Error in 10.088888888888889atm is 0.002977 
Error in 10.133333333333333atm is 0.002918 
Error in 10.177777777777777atm is 0.002853 
Error in 10.222222222222221atm is 0.002769 
Error in 10.266666666666667atm is 0.002694 
Error in 10.311111111111112atm is 0.002678 
Error in 10.355555555555556atm is 0.002653 
Error in 10.4atm is 0.002639 
Error in 10.444444444444445atm is 0.002628 
Error in 10.488888888888889atm is 0.002612 
Error in 10.533333333333333atm is 0.002585 
Error in 10.577777777777778atm is 0.002559 
Error in 10.622222222222222atm is 0.002510 
Error in 10.666666666666666atm is 0.002439 
Error in 10.71111111111111atm is 0.002376 
Error in 10.755555555555556atm is 0.002304 
Error in 10.8atm is 0.002225 
Error in 10.844444444444445atm is 0.002149 
Error in 10.88888888888889atm is 0.002065 
Error in 10.933333333333334atm is 0.001982 
Error in 10.977777777777778atm is 0.001891 
Error in 11.022222222222222atm is 0.001807 
Error in 11.066666666666666atm is 0.001727 
Error in 11.11111111111111atm is 0.001639 
Error in 11.155555555555555atm is 0.001547 
Error in 11.2atm is 0.001469 
Error in 11.244444444444444atm is 0.001470 
Error in 11.28888888888889atm is 0.001478 
Error in 11.333333333333334atm is 0.001489 
Error in 11.377777777777778atm is 0.001477 
Error in 11.422222222222222atm is 0.001430 
Error in 11.466666666666667atm is 0.001372 
Error in 11.511111111111111atm is 0.001316 
Error in 11.555555555555555atm is 0.001262 
Error in 11.6atm is 0.001191 
Error in 11.644444444444444atm is 0.001123 
Error in 11.688888888888888atm is 0.001094 
Error in 11.733333333333334atm is 0.001077 
Error in 11.777777777777779atm is 0.001085 
Error in 11.822222222222223atm is 0.001078 
Error in 11.866666666666667atm is 0.001035 
Error in 11.911111111111111atm is 0.000980 
Error in 11.955555555555556atm is 0.000922 
Error in 12.0atm is 0.000732 
Error in 12.044444444444444atm is 0.000603 
Error in 12.088888888888889atm is 0.000580 
Error in 12.133333333333333atm is 0.000554 
Error in 12.177777777777777atm is 0.000537 
Error in 12.222222222222221atm is 0.000532 
Error in 12.266666666666666atm is 0.000524 
Error in 12.311111111111112atm is 0.000535 
Error in 12.355555555555556atm is 0.000564 
Error in 12.4atm is 0.000596 
Error in 12.444444444444445atm is 0.000622 
Error in 12.488888888888889atm is 0.000651 
Error in 12.533333333333333atm is 0.000717 
Error in 12.577777777777778atm is 0.000781 
Error in 12.622222222222222atm is 0.000920 
Error in 12.666666666666668atm is 0.000919 
Error in 12.711111111111112atm is 0.000849 
Error in 12.755555555555556atm is 0.000828 
Error in 12.8atm is 0.000842 
Error in 12.844444444444445atm is 0.000859 
Error in 12.88888888888889atm is 0.000971 
Error in 12.933333333333334atm is 0.001093 
Error in 12.977777777777778atm is 0.001208 
Error in 13.022222222222222atm is 0.001332 
Error in 13.066666666666666atm is 0.001478 
Error in 13.11111111111111atm is 0.001623 
Error in 13.155555555555555atm is 0.001774 
Error in 13.2atm is 0.001930 
Error in 13.244444444444444atm is 0.002086 
Error in 13.28888888888889atm is 0.002246 
Error in 13.333333333333334atm is 0.002355 
Error in 13.377777777777778atm is 0.002447 
Error in 13.422222222222222atm is 0.002528 
Error in 13.466666666666667atm is 0.002553 
Error in 13.511111111111111atm is 0.002556 
Error in 13.555555555555555atm is 0.002555 
Error in 13.6atm is 0.002610 
Error in 13.644444444444444atm is 0.002728 
Error in 13.68888888888889atm is 0.002845 
Error in 13.733333333333334atm is 0.002960 
Error in 13.777777777777779atm is 0.003074 
Error in 13.822222222222223atm is 0.003213 
Error in 13.866666666666667atm is 0.003366 
Error in 13.911111111111111atm is 0.003522 
Error in 13.955555555555556atm is 0.003681 
Error in 14.0atm is 0.003840 
Error in 14.044444444444444atm is 0.004013 
Error in 14.088888888888889atm is 0.004181 
Error in 14.133333333333333atm is 0.004345 
Error in 14.177777777777777atm is 0.004510 
Error in 14.222222222222221atm is 0.004617 
Error in 14.266666666666666atm is 0.004703 
Error in 14.31111111111111atm is 0.004769 
Error in 14.355555555555556atm is 0.004921 
Error in 14.4atm is 0.005104 
Initial pressure generalization takes 3.0420154015223186 min 2.5209240913391113 sec.
Case4: Number of tubes...
Figures saved in /home/wesley/EDC/FPC/ML/results/0130_50CCl4/plots
Number of tubes generalization takes 25.571399414539336 min 34.28396487236023 sec.
Starting prediction...
Mean absolute error of `0130_50CCl4` is 0.00062
