training_dataV4_15_5_50.csv
            Experiment name: 0130_50CCl4
            Training Data: training_dataV4_15_5_50.csv
            Do k-fold: False
            Folds num: 10
            Learning rate: 0.001
            Batch size: 100
            Epoch: 10000
            CSTR num: 100
            Training vebose: 0
            #Genearalization test
            mass flow rates = True
            CCl4 = True
            inital pressure = True
            number of tubes = True
            ncpus = 8
            training = True
            prediction only = True
                
Loading data...
Starting prediction...
Mean absolute error of `0130_50CCl4` is 0.00208
