training_data_FPC_V8_addprev_area.csv
            Experiment name: 0522_FPC_modelV6_fittransform
            Training Data: training_data_FPC_V8_addprev_area.csv
            Do k-fold: False
            Folds num: 10
            Learning rate: 0.001
            Batch size: 18
            Epoch: 10000
            CSTR num: 100
            Training vebose: 0
            # Genearalization test
            mass flow rates = True
            CCl4 = True
            inital pressure = True
            number of tubes = False
            T_in = True
            ncpus = 8
            training = False
            prediction only = False
                
Generalization test...
Case1: Mass flow rate...
cracking 0.001
cracking 0.001
cracking 0.001
cracking 0.001
cracking 0.001
cracking 0.001
prev_y: 0
prev_y: 0.005736231803894043
prev_y: 0.01414036750793457
prev_y: 0.025881260633468628
prev_y: 0.04777216911315918
prev_y: 0.09593239426612854
prev_y: 0.1452578604221344
prev_y: 0.1975211799144745
prev_y: 0.2586122155189514
prev_y: 0.3238728642463684
prev_y: 0.36617186665534973
prev_y: 0.39641979336738586
prev_y: 0.426719605922699
prev_y: 0.45954063534736633
prev_y: 0.4890668988227844
prev_y: 0.5176070332527161
prev_y: 0.5452842116355896
prev_y: 0.5723604559898376
ML cracking rates
{'cracking_rates': [0, 0.005736231803894043, 0.01414036750793457, 0.025881260633468628, 0.04777216911315918, 0.09593239426612854, 0.1452578604221344, 0.1975211799144745, 0.2586122155189514, 0.3238728642463684, 0.36617186665534973, 0.39641979336738586, 0.426719605922699, 0.45954063534736633, 0.4890668988227844, 0.5176070332527161, 0.5452842116355896, 0.5723604559898376, 0.601852536201477]}
15876     0.610756
15877     1.518815
15878     2.840815
15879     4.962894
15880     9.806705
15881    15.008576
15882    20.294807
15883    26.347033
15884    32.918468
15885    37.175453
15886    40.272453
15887    43.309750
15888    46.690166
15889    49.733852
15890    52.677071
15891    55.525879
15892    58.284916
15893    61.258751
21547     2.238101
21548     4.309210
21551    19.078014
21552    25.072390
21553    31.610193
21554    35.952656
21555    39.155643
21556    42.277164
21557    45.714828
21558    48.810452
21559    51.796638
21560    54.679977
21561    57.466980
Name: X, dtype: float64
19
prev_y: 0
prev_y: 0.005129218101501465
prev_y: 0
prev_y: 0.012562990188598633
prev_y: 0.022765517234802246
prev_y: 0.04240855574607849
prev_y: 0.006609231233596802
prev_y: 0.08399316668510437
prev_y: 0.016560792922973633
prev_y: 0.1286909282207489
prev_y: 0.030916184186935425
prev_y: 0.17621582746505737
prev_y: 0.056836724281311035
prev_y: 0.2336883842945099
prev_y: 0.29584094882011414
prev_y: 0.11457589268684387
prev_y: 0.3368358910083771
prev_y: 0.17874228954315186
prev_y: 0.3670944571495056
prev_y: 0.23434633016586304
prev_y: 0.3974266052246094
prev_y: 0.29955530166625977
prev_y: 0.43027764558792114
prev_y: 0.3656156659126282
prev_y: 0.4597117304801941
prev_y: 0.40735626220703125
prev_y: 0.48816540837287903
prev_y: 0.4379499554634094
prev_y: 0.515740692615509
prev_y: 0.4681280255317688
prev_y: 0.5425360798835754
prev_y: 0.500900387763977
ML cracking rates
{'cracking_rates': [0, 0.005129218101501465, 0.012562990188598633, 0.022765517234802246, 0.04240855574607849, 0.08399316668510437, 0.1286909282207489, 0.17621582746505737, 0.2336883842945099, 0.29584094882011414, 0.3368358910083771, 0.3670944571495056, 0.3974266052246094, 0.43027764558792114, 0.4597117304801941, 0.48816540837287903, 0.515740692615509, 0.5425360798835754, 0.5718250274658203]}
prev_y: 0.5302923917770386
27216     0.542458
27217     1.348509
27218     2.519060
27219     4.391415
27220     8.616336
27221    13.183365
27222    17.979229
27223    23.657576
27224    29.959951
27225    34.078899
27226    37.084000
27227    40.041294
27228    43.348572
27229    46.334602
27230    49.232445
27231    52.046650
27232    54.781319
27233    57.745777
32887     1.988156
32888     3.823128
32891    16.964336
32892    22.569231
32893    28.816078
32894    33.005142
32895    36.106174
32896    39.138523
32897    42.493961
32898    45.524872
32899    48.458012
32900    51.300186
32901    54.056561
Name: X, dtype: float64
19
prev_y: 0.5587713122367859
prev_y: 0.5866446495056152
prev_y: 0.6137651205062866
ML cracking rates
{'cracking_rates': [0, 0.006609231233596802, 0.016560792922973633, 0.030916184186935425, 0.056836724281311035, 0.11457589268684387, 0.17874228954315186, 0.23434633016586304, 0.29955530166625977, 0.3656156659126282, 0.40735626220703125, 0.4379499554634094, 0.4681280255317688, 0.500900387763977, 0.5302923917770386, 0.5587713122367859, 0.5866446495056152, 0.6137651205062866, 0.643934965133667]}
4536      0.724143
4537      1.803454
4538      3.377409
4539      5.920120
4540     11.801787
4541     17.967903
4542     23.894844
4543     30.400738
4544     37.291317
4545     41.702919
4546     44.896271
4547     48.012245
4548     51.455254
4549     54.539902
4550     57.506420
4551     60.361488
4552     63.110199
4553     66.047676
10207     2.654113
10208     5.118789
10211    22.382277
10212    28.868383
10213    35.764668
10214    40.286350
10215    43.602276
10216    46.816563
10217    50.331848
10218    53.481255
10219    56.501766
10220    59.402229
10221    62.189110
Name: X, dtype: float64
19
Error in 27 mass flow rate is 0.008244 
Error in 32 mass flow rate is 0.005401 
Error in 36 mass flow rate is 0.003053 
Mass flow rate generalization takes 0.38156820138295494 min 22.894092082977295 sec.
Case2: CCl4 concentration...
cracking 0.000625cracking 0.00075

cracking 0.000375
cracking 0.000125
cracking 0.0005
cracking 0.000875
cracking 0.0
cracking 0.00025
cracking 0.0
cracking 0.000375
cracking 0.0005
cracking 0.000125
cracking 0.000875
cracking 0.00075
cracking 0.000625
cracking 0.00025
prev_y: 0
prev_y: 0.004977494478225708
prev_y: 0.012544363737106323
prev_y: 0.02291855216026306
prev_y: 0.04019632935523987
prev_y: 0.07574006915092468
prev_y: 0.11030802130699158
prev_y: 0.14388906955718994
prev_y: 0.19572386145591736
prev_y: 0.2551056742668152
prev_y: 0.29451149702072144
prev_y: 0.3250793516635895
prev_y: 0.35625025629997253
prev_y: 0.38984841108322144
prev_y: 0.41973862051963806
prev_y: 0.4484051465988159
prev_y: 0.47596481442451477
prev_y: 0.5029542446136475
26496     0.541702
26497     1.337990
26498     2.467171
26499     4.165375
26500     7.507545
26501    11.026672
26502    14.946434
26503    20.012291
26504    26.076492
26505    30.217064
26506    33.291397
26507    36.324223
26508    39.711197
26509    42.783905
26510    45.770622
26511    48.677361
26512    51.508545
26513    54.577679
32167     1.938072
32168     3.604752
32171    14.107353
32172    19.077141
32173    25.040344
32174    29.226753
32175    32.383583
32176    35.480537
32177    38.904716
32178    42.012615
32179    45.027523
32180    47.955437
32181    50.801556
Name: X, dtype: float64
19
cracking 0.001
prev_y: 0
prev_y: 0.0049856603145599365
prev_y: 0
prev_y: 0.012319982051849365
prev_y: 0.0223158597946167
prev_y: 0.004980176687240601
prev_y: 0.042360901832580566
prev_y: 0.07969433069229126
prev_y: 0.012437045574188232
prev_y: 0
prev_y: 0.11633136868476868
prev_y: 0.023113876581192017
prev_y: 0.16036149859428406
prev_y: 0.04047602415084839
prev_y: 0.2132776379585266
prev_y: 0.07502871751785278
prev_y: 0.004994601011276245
prev_y: 0.2726448178291321
prev_y: 0.11147460341453552
prev_y: 0.3124190866947174
prev_y: 0.15031367540359497
prev_y: 0.012691885232925415
prev_y: 0
prev_y: 0.20284822583198547
prev_y: 0.022167593240737915
prev_y: 0.3437667489051819
prev_y: 0.26290997862815857
prev_y: 0.04274490475654602
prev_y: 0.37422269582748413
prev_y: 0.30407872796058655
prev_y: 0.40677669644355774
prev_y: 0.08054757118225098
prev_y: 0.33484217524528503
prev_y: 0.005027949810028076
prev_y: 0.11888507008552551
prev_y: 0.4362393915653229
prev_y: 0.3666086196899414
prev_y: 0.16408613324165344
prev_y: 0.012717783451080322
prev_y: 0.4647332727909088
prev_y: 0.4000926613807678
prev_y: 0.21730852127075195
prev_y: 0.02228301763534546
prev_y: 0.492352157831192
prev_y: 0.43056192994117737
prev_y: 0.2772747874259949
prev_y: 0
prev_y: 0.45979970693588257
prev_y: 0.5189185738563538
prev_y: 0
prev_y: 0.04312300682067871
prev_y: 0.31754764914512634
prev_y: 0.4886041283607483
26766     0.541325
26767     1.342926
26768     2.491726
26769     4.266912
26770     7.984195
26771    11.946932
26772    16.263231
26773    21.622541
26774    27.791443
26775    31.912319
26776    34.947720
26777    37.939823
26778    41.284466
26779    44.312798
26780    47.255867
26781    50.118141
26782    52.903507
26783    55.924343
32437     1.961841
32438     3.704316
32441    15.349513
32442    20.619343
32443    26.707998
32444    30.885918
32445    34.010067
32446    37.070984
32447    40.457230
32448    43.525303
32449    46.499355
32450    49.385841
32451    52.189384
Name: X, dtype: float64
19
prev_y: 0.5169132351875305
prev_y: 0.34900015592575073
prev_y: 0.08096638321876526
prev_y: 0
cracking 0.001125
prev_y: 0.37910181283950806
26586     0.541053
26587     1.340141
26588     2.476842
26589     4.203300
26590     7.679679
26591    11.356103
26592    15.419874
26593    20.596409
26594    26.698132
26595    30.829142
26596    33.887325
26597    36.903980
26598    40.273952
26599    43.329025
26600    46.298855
26601    49.188999
26602    52.002823
26603    55.054344
32257     1.947242
32258     3.642408
32261    14.554661
32262    19.636328
32263    25.644800
32264    29.825911
32265    32.968884
32266    36.051121
32267    39.459869
32268    42.552090
32269    45.551327
32270    48.463448
32271    51.293407
Name: X, dtype: float64
19
prev_y: 0.1208806037902832
prev_y: 0.004982948303222656
prev_y: 0.41179895401000977
prev_y: 0.005061477422714233
prev_y: 0.16585922241210938
prev_y: 0.44123297929763794
prev_y: 0.012700766324996948
cracking 0.00125
prev_y: 0.012337356805801392
prev_y: 0.22140929102897644
prev_y: 0.46965059638023376
prev_y: 0.022426575422286987
prev_y: 0.005095303058624268
prev_y: 0.022607028484344482
prev_y: 0.04288133978843689
prev_y: 0.49714159965515137
prev_y: 0.2809183597564697
prev_y: 0.041555941104888916
prev_y: 0.012647300958633423
prev_y: 0.32174617052078247
prev_y: 0.08183059096336365
prev_y: 0.07744577527046204
prev_y: 0.5234838128089905
prev_y: 0.022589147090911865
prev_y: 0.35317862033843994
prev_y: 0.12279888987541199
prev_y: 0.0425848662853241
prev_y: 0.11363571882247925
26856     0.541882
26857     1.344231
26858     2.497915
26859     4.295200
26860     8.122637
26861    12.217281
26862    16.644733
26863    22.081114
26864    28.279892
26865    32.398544
26866    35.425644
26867    38.408493
26868    41.742748
26869    44.761127
26870    47.692856
26871    50.543480
26872    53.317299
26873    56.324795
32527     1.967979
32528     3.731189
32531    15.708635
32532    21.058371
32533    27.182899
32534    31.361494
32535    34.478882
32536    37.532063
32537    40.909870
32538    43.968147
32539    46.932514
32540    49.808250
32541    52.600548
Name: X, dtype: float64
19
prev_y: 0.38352394104003906
prev_y: 0.16859251260757446
prev_y: 0.08288687467575073
prev_y: 0.15561246871948242
prev_y: 0.4163401126861572
cracking 0.001375
prev_y: 0.12576520442962646
prev_y: 0.22597891092300415
prev_y: 0.20937830209732056
prev_y: 0.4457642436027527
prev_y: 0.17192679643630981
prev_y: 0.2867346704006195
prev_y: 0.2699120044708252
prev_y: 0.22938024997711182
prev_y: 0.47416311502456665
prev_y: 0.30995649099349976
prev_y: 0.32794564962387085
prev_y: 0.29115983843803406
prev_y: 0.3407374620437622
prev_y: 0.5016323924064636
prev_y: 0.33243462443351746
prev_y: 0.35915231704711914
prev_y: 0.3718440532684326
prev_y: 0.36319172382354736
prev_y: 0.5280213356018066
prev_y: 0.4047467112541199
prev_y: 0.39350199699401855
prev_y: 0.3896464705467224
prev_y: 0.43451935052871704
prev_y: 0.42644229531288147
26946     0.541728
26947     1.345468
26948     2.503976
26949     4.321380
26950     8.253869
26951    12.474607
26952    17.004583
26953    22.510054
26954    28.737150
26955    32.854691
26956    35.874935
26957    38.849796
26958    42.176178
26959    45.184940
26960    48.106636
26961    50.946999
26962    53.709663
26963    56.705158
32617     1.973470
32618     3.756246
32621    16.047337
32622    21.469456
32623    27.627365
32624    31.807812
32625    34.919773
32626    37.966515
32627    41.337311
32628    44.387512
32629    47.342590
32630    50.208595
32631    52.990883
Name: X, dtype: float64
19
prev_y: 0.4559391736984253
prev_y: 0.42261743545532227
prev_y: 0.4634884297847748
cracking 0.0015
prev_y: 0.48443537950515747
prev_y: 0.4522155225276947
prev_y: 0.4917266368865967
prev_y: 0.5120434761047363
prev_y: 0.48081550002098083
prev_y: 0.5388776659965515
prev_y: 0.5191652178764343
prev_y: 0.5084888339042664
prev_y: 0.5352089405059814
27126     0.541825
27127     1.347661
27128     2.514255
27129     4.369035
27130     8.499916
27131    12.956445
27132    17.669851
27133    23.295486
27134    29.574274
27135    33.692043
27136    36.701366
27137    39.663750
27138    42.976536
27139    45.969486
27140    48.874496
27141    51.696651
27142    54.439999
27143    57.414059
32797     1.983494
32798     3.801911
32801    16.673145
32802    22.222090
32803    28.441011
32804    32.626896
32805    35.730701
32806    38.766991
32807    42.126820
32808    45.189877
32809    48.103359
32810    50.952766
32811    53.717201
Name: X, dtype: float64
19
26676     0.541349
26677     1.341674
26678     2.484447
26679     4.237044
26680     7.837187
26681    11.660980
26682    15.856541
26683    21.130030
26684    27.266428
26685    31.391476
26686    34.436951
26687    37.439999
26688    40.796062
26689    43.836716
26690    46.792538
26691    49.667618
26692    52.466686
26693    55.502041
32347     1.955185
32348     3.674968
32351    14.966463
32352    20.147499
32353    26.197657
32354    30.376007
32355    33.508472
32356    36.579025
32357    39.975403
32358    43.054581
32359    46.040283
32360    48.938595
32361    51.754738
Name: X, dtype: float64
19
cracking 0.001625
cracking 0.00175
27036     0.542414
27037     1.346515
27038     2.509336
27039     4.345644
27040     8.379178
27041    12.720531
27042    17.345581
27043    22.913807
27044    29.167658
27045    33.284927
27046    36.299171
27047    39.267300
27048    42.586494
27049    45.586723
27050    48.499870
27051    51.330868
27052    54.083344
27053    57.067833
32707     1.978695
32708     3.779629
32711    16.368149
32712    21.856274
32713    28.045601
32714    32.228561
32715    35.336056
32716    38.377071
32717    41.742035
32718    44.785194
32719    47.732018
32720    50.589596
32721    53.362576
Name: X, dtype: float64
19
cracking 0.001875
cracking 0.001
cracking 0.001125
cracking 0.00125
cracking 0.00175
cracking 0.001375
cracking 0.001625
cracking 0.0015
cracking 0.001875
prev_y: 0
prev_y: 0.005129218101501465
prev_y: 0.012562990188598633
prev_y: 0.022765517234802246
prev_y: 0.04240855574607849
prev_y: 0.08399316668510437
prev_y: 0.1286909282207489
prev_y: 0.17621582746505737
prev_y: 0.2336883842945099
prev_y: 0.29584094882011414
prev_y: 0.3368358910083771
prev_y: 0.3670944571495056
prev_y: 0.3974266052246094
prev_y: 0.43027764558792114
prev_y: 0.4597117304801941
prev_y: 0.48816540837287903
prev_y: 0.515740692615509
prev_y: 0
prev_y: 0.5425360798835754
27216     0.542458
27217     1.348509
27218     2.519060
27219     4.391415
27220     8.616336
27221    13.183365
27222    17.979229
27223    23.657576
27224    29.959951
27225    34.078899
27226    37.084000
27227    40.041294
27228    43.348572
27229    46.334602
27230    49.232445
27231    52.046650
27232    54.781319
27233    57.745777
32887     1.988156
32888     3.823128
32891    16.964336
32892    22.569231
32893    28.816078
32894    33.005142
32895    36.106174
32896    39.138523
32897    42.493961
32898    45.524872
32899    48.458012
32900    51.300186
32901    54.056561
Name: X, dtype: float64
19
prev_y: 0.005163431167602539
prev_y: 0.01245272159576416
cracking 0.002
prev_y: 0.022952347993850708
prev_y: 0.042323410511016846
prev_y: 0.08513602614402771
prev_y: 0.13158279657363892
prev_y: 0.1805453598499298
prev_y: 0.23850202560424805
prev_y: 0.30036911368370056
prev_y: 0.34135332703590393
prev_y: 0.37157660722732544
prev_y: 0.40161409974098206
prev_y: 0.43448466062545776
prev_y: 0.46394532918930054
prev_y: 0.49244219064712524
prev_y: 0.5200883746147156
prev_y: 0.5469467639923096
27306     0.542610
27307     1.349266
27308     2.523576
27309     4.412122
27310     8.728655
27311    13.402409
27312    18.275398
27313    24.002178
27314    30.327028
27315    34.447632
27316    37.448933
27317    40.401661
27318    43.704071
27319    46.684307
27320    49.575214
27321    52.381802
27322    55.108685
27323    58.063862
32977     1.992446
32978     3.843329
32981    17.243002
32982    22.899742
32983    29.173098
32984    33.365719
32985    36.464256
32986    39.493118
32987    42.844631
32988    45.870312
32989    48.797527
32990    51.633106
32991    54.382198
Name: X, dtype: float64
19
cracking 0.002125
prev_y: 0
prev_y: 0
prev_y: 0.005210697650909424
prev_y: 0.013127774000167847
prev_y: 0.005183309316635132
prev_y: 0.02328193187713623
prev_y: 0.04304191470146179
prev_y: 0.012494146823883057
prev_y: 0.09109121561050415
prev_y: 0.02306726574897766
prev_y: 0.1435590386390686
prev_y: 0.042346417903900146
prev_y: 0.19563859701156616
prev_y: 0.08634841442108154
prev_y: 0.2554217576980591
prev_y: 0.13425123691558838
prev_y: 0.3190564811229706
prev_y: 0.18428537249565125
prev_y: 0.3607887625694275
prev_y: 0.24257680773735046
prev_y: 0.3907680809497833
prev_y: 0.3051690459251404
prev_y: 0
prev_y: 0.42056798934936523
prev_y: 0.3463704586029053
prev_y: 0.4533570110797882
prev_y: 0.005190104246139526
prev_y: 0.37657469511032104
prev_y: 0.48284822702407837
prev_y: 0.40645554661750793
prev_y: 0.012674331665039062
prev_y: 0.4393739402294159
prev_y: 0.023115545511245728
prev_y: 0.5114169120788574
prev_y: 0
prev_y: 0.4689309895038605
prev_y: 0.042459964752197266
prev_y: 0.539169430732727
prev_y: 0.4975404143333435
prev_y: 0.005197018384933472
prev_y: 0.08762204647064209
prev_y: 0.5659920573234558
prev_y: 0.5252982378005981
prev_y: 0.13682526350021362
prev_y: 0.012839019298553467
27756     0.543240
27757     1.353550
27758     2.543712
27759     4.507874
27760     9.246910
27761    14.398619
27762    19.593386
27763    25.518168
27764    31.941961
27765    36.073360
27766    39.061821
27767    41.997856
27768    45.282249
27769    48.238506
27770    51.101791
27771    53.877739
27772    56.570747
27773    59.487003
33427     2.011913
33428     3.934414
33431    18.484421
33432    24.354527
33433    30.743607
33434    34.956093
33435    38.047081
33436    41.063995
33437    44.402119
33438    47.407864
33439    50.310738
33440    53.118423
33441    55.836315
Name: X, dtype: float64
19
prev_y: 0
prev_y: 0.18778082728385925
prev_y: 0.5522659420967102
prev_y: 0.023167937994003296
prev_y: 0
cracking 0.00225
prev_y: 0.2466081976890564
prev_y: 0.04261648654937744
27396     0.542472
27397     1.350076
27398     2.527795
27399     4.432566
27400     8.837959
27401    13.613895
27402    18.559248
27403    24.331181
27404    30.677729
27405    34.800129
27406    37.797985
27407    40.746830
27408    44.044872
27409    47.019554
27410    49.903885
27411    52.703873
27412    55.423183
27413    58.369591
33067     1.996713
33068     3.862861
33071    17.510315
33072    23.215191
33073    29.513828
33074    33.710419
33075    36.806835
33076    39.832638
33077    43.180828
33078    46.201775
33079    49.123581
33080    51.952835
33081    54.694805
Name: X, dtype: float64
19
prev_y: 0.005203843116760254
prev_y: 0.3091591000556946
prev_y: 0.0889144241809845
prev_y: 0.005217552185058594
cracking 0.002375
prev_y: 0.012989729642868042
prev_y: 0.35042905807495117
prev_y: 0.013254433870315552
prev_y: 0.1393897831439972
prev_y: 0.0232236385345459
prev_y: 0.0233423113822937
prev_y: 0.38066452741622925
prev_y: 0.19061723351478577
prev_y: 0.4105084240436554
prev_y: 0.04281225800514221
prev_y: 0.043300777673721313
prev_y: 0.24978193640708923
prev_y: 0.09022438526153564
prev_y: 0.0919850766658783
prev_y: 0.4433959424495697
prev_y: 0.31257104873657227
prev_y: 0.1415383219718933
prev_y: 0.14555618166923523
prev_y: 0.4729464054107666
prev_y: 0.3541075587272644
prev_y: 0.1932390332221985
prev_y: 0.5015633702278137
prev_y: 0.19789615273475647
prev_y: 0.3843369483947754
prev_y: 0.5293484330177307
prev_y: 0.25262314081192017
prev_y: 0.25804558396339417
prev_y: 0.41417545080184937
prev_y: 0.556279718875885
prev_y: 0.32197853922843933
prev_y: 0.3158712685108185
prev_y: 0.447031170129776
prev_y: 0.35752394795417786
prev_y: 0.36375898122787476
27486     0.542807
27487     1.351246
27488     2.532054
27489     4.452388
27490     8.943993
27491    13.818852
27492    18.832161
27493    24.646019
27494    31.013302
27495    35.137512
27496    38.132671
27497    41.077824
27498    44.371891
27499    47.341526
27500    50.220081
27501    53.013393
27502    55.725685
27503    58.664047
33157     2.000722
33158     3.881589
33161    17.767252
33162    23.517315
33163    29.840088
33164    34.040627
33165    37.135242
33166    40.158489
33167    43.503643
33168    46.520302
33169    49.436935
33170    52.259995
33171    54.995678
Name: X, dtype: float64
prev_y: 0.47656816244125366
19
prev_y: 0.3876315951347351
prev_y: 0.3935907483100891
cracking 0.0025
prev_y: 0.5051801800727844
prev_y: 0.42335620522499084
prev_y: 0.4174520969390869
prev_y: 0.5329717993736267
prev_y: 0.45610886812210083
prev_y: 0.45027023553848267
prev_y: 0.559886634349823
prev_y: 0.4855670630931854
prev_y: 0.4797815680503845
27576     0.542676
27577     1.351919
27578     2.536466
27579     4.471398
27580     9.047612
27581    14.017790
27582    19.095016
27583    24.948162
27584    31.335169
27585    35.461308
27586    38.454155
27587    41.396130
27588    44.686485
27589    47.651424
27590    50.524719
27591    53.311901
27592    56.017242
27593    58.947922
33247     2.004540
33248     3.899724
33251    18.014812
33252    23.807268
33253    30.153074
33254    34.357578
33255    37.450680
33256    40.471684
33257    43.814156
33258    46.826836
33259    49.738602
33260    52.556316
33261    55.285847
Name: X, dtype: float64
19
prev_y: 0.5140976905822754
prev_y: 0.5083707571029663
prev_y: 0.5418071746826172
prev_y: 0.5361442565917969
prev_y: 0.5630158185958862
prev_y: 0.5685579776763916
27846     0.543392
27847     1.353964
27848     2.547776
27849     4.525368
27850     9.343522
27851    14.581598
27852    19.830307
27853    25.787788
27854    32.229309
27855    36.363182
27856    39.349762
27857    42.283451
27858    45.564930
27859    48.517471
27860    51.376205
27861    54.146992
27862    56.833817
27863    59.743198
33517     1.744130
33518     3.336127
33521    17.143639
33522    22.835997
33523    29.049589
33524    34.203415
33525    37.591595
33526    40.547531
33527    43.448956
33528    46.692268
33529    49.608681
33530    52.431084
33531    55.165054
Name: X, dtype: float64
19
27666     0.543104
27667     1.352754
27668     2.540131
27669     4.489710
27670     9.148190
27671    14.210928
27672    19.348587
27673    25.238491
27674    31.644516
27675    35.772999
27676    38.763474
27677    41.702236
27678    44.989590
27679    47.950134
27680    50.818348
27681    53.599792
27682    56.298611
27683    59.221794
33337     2.008337
33338     3.917323
33341    18.253675
33342    24.086052
33343    30.453899
33344    34.662251
33345    37.754295
33346    40.773239
33347    44.113411
33348    47.122414
33349    50.029663
33350    52.842213
33351    55.566029
Name: X, dtype: float64
19
cracking 0.002
cracking 0.002125
cracking 0.002375
cracking 0.0025
cracking 0.00225
prev_y: 0
prev_y: 0.005224406719207764
prev_y: 0.013370722532272339
prev_y: 0
prev_y: 0.023404359817504883
prev_y: 0.043585389852523804
prev_y: 0.005249142646789551
prev_y: 0.09291031956672668
prev_y: 0.013750284910202026
prev_y: 0
prev_y: 0.02366429567337036
prev_y: 0.1478099524974823
prev_y: 0.04481270909309387
prev_y: 0.20031297206878662
prev_y: 0.0052311718463897705
prev_y: 0.09683486819267273
prev_y: 0.260761559009552
prev_y: 0.013477623462677002
prev_y: 0.1545979082584381
prev_y: 0.3249775171279907
prev_y: 0.023467808961868286
prev_y: 0.20855951309204102
prev_y: 0.36684954166412354
prev_y: 0.043891698122024536
prev_y: 0.2705393433570862
prev_y: 0.09386393427848816
prev_y: 0.3965253233909607
prev_y: 0.33581602573394775
prev_y: 0.4262681305408478
prev_y: 0.14980554580688477
prev_y: 0.377762109041214
prev_y: 0.45901137590408325
prev_y: 0.20253777503967285
prev_y: 0.4070083498954773
prev_y: 0.4884643256664276
prev_y: 0.2632891535758972
prev_y: 0.5169838666915894
prev_y: 0.436617374420166
prev_y: 0.3280450105667114
prev_y: 0.46936288475990295
prev_y: 0.5446734428405762
prev_y: 0.37002241611480713
prev_y: 0.4988044798374176
prev_y: 0.5713711977005005
prev_y: 0.3995403051376343
prev_y: 0.5272874236106873
prev_y: 0.42927053570747375
27936     0.543270
27937     1.354699
27938     2.551046
27939     4.542449
27940     9.437722
27941    14.759844
27942    20.059813
27943    26.048229
27944    32.506779
27945    36.643238
27946    39.628147
27947    42.559517
27948    45.838524
27949    48.787399
27950    51.641895
27951    54.407429
27952    57.088913
27953    59.992123
33607     2.018900
33608     3.967109
33611    18.924217
33612    24.863777
33613    31.293041
33614    35.513557
33615    38.603218
33616    41.616764
33617    44.951412
33618    47.950775
33619    50.845932
33620    53.644531
33621    56.352123
Name: X, dtype: float64
19
prev_y: 0.5548489093780518
prev_y: 0.46202775835990906
prev_y: 0.491498738527298
prev_y: 0.5812708139419556
prev_y: 0.5200294256210327
prev_y: 0
28296     0.715075
28297     1.753300
28298     3.380307
28299     6.533431
28300    12.606651
28301    18.110371
28302    23.982710
28303    30.302004
28304    35.496487
28305    38.886726
28306    41.835896
28307    44.727448
28308    47.959572
28309    50.859642
28310    53.661911
28311    56.372982
28312    58.997246
28313    61.612911
33967     2.031729
33968     4.028282
33971    19.729744
33972    25.789556
33973    32.291306
33974    36.527508
33975    39.615082
33976    42.624306
33977    45.953175
33978    48.941998
33979    51.823925
33980    54.606083
33981    57.295177
Name: X, dtype: float64
19
prev_y: 0.5477169156074524
prev_y: 0.005244791507720947
prev_y: 0.5743749737739563
prev_y: 0.013666778802871704
28026     0.543575
28027     1.355534
28028     2.554432
28029     4.558943
28030     9.530605
28031    14.933734
28032    20.282272
28033    26.300188
28034    32.775318
28035    36.914417
28036    39.897678
28037    42.826954
28038    46.103859
28039    49.049004
28040    51.899342
28041    54.660053
28042    57.336227
28043    60.232941
33697     2.022188
33698     3.983020
33701    19.134233
33702    25.106014
33703    31.554218
33704    35.778847
33705    38.868099
33706    41.880196
33707    45.213154
33708    48.209831
33709    51.101192
33710    53.895512
33711    56.598236
Name: X, dtype: float64
19
prev_y: 0.02359795570373535
prev_y: 0.0444905161857605
prev_y: 0.09582170844078064
prev_y: 0.1529427468776703
prev_y: 0.2065124809741974
prev_y: 0.26786893606185913
prev_y: 0.3329741954803467
prev_y: 0
prev_y: 0.37493279576301575
prev_y: 0.404201477766037
prev_y: 0.00523802638053894
prev_y: 0.43382564187049866
prev_y: 0.013576090335845947
prev_y: 0.4665335416793823
prev_y: 0.49594053626060486
prev_y: 0.023532360792160034
prev_y: 0.044183045625686646
prev_y: 0.5243955254554749
prev_y: 0.5519583225250244
prev_y: 0.09483093023300171
prev_y: 0.5784252882003784
prev_y: 0.15135356783866882
prev_y: 0.20451027154922485
28206     0.627169
28207     1.535913
28208     2.917857
28209     5.380042
28210    11.180683
28211    16.174807
28212    22.302740
28213    28.510355
28214    33.872265
28215    37.995029
28216    40.960819
28217    43.870090
28218    47.123203
28219    50.044552
28220    52.869083
28221    55.603046
28222    58.250938
28223    61.041443
33877     2.028660
33878     4.013438
33881    19.536596
33882    25.568455
33883    32.052765
33884    36.285275
33885    39.373341
33886    42.383324
33887    45.713516
33888    48.704849
33889    51.589844
33890    54.376019
33891    57.069374
Name: X, dtype: float64
19
prev_y: 0.265561044216156
prev_y: 0.3305223882198334
prev_y: 0.37249475717544556
prev_y: 0.40182995796203613
prev_y: 0.431503027677536
prev_y: 0.46422526240348816
prev_y: 0.49365389347076416
prev_y: 0.5221372842788696
prev_y: 0.5497539639472961
prev_y: 0.5763096809387207
28116     0.543528
28117     1.356186
28118     2.557711
28119     4.575198
28120     9.621357
28121    15.103373
28122    20.498394
28123    26.544270
28124    33.035316
28125    37.176598
28126    40.158909
28127    43.086243
28128    46.360798
28129    49.302807
28130    52.149208
28131    54.905220
28132    57.576035
28133    60.467091
33787     2.025409
33788     3.998315
33791    19.338221
33792    25.340763
33793    31.807278
33794    36.035862
33795    39.124317
33796    42.135399
33797    45.467037
33798    48.460777
33799    51.349152
33800    54.139244
33801    56.837082
Name: X, dtype: float64
19
Error in concentration in 0.0ppm is 0.005481 
Error in concentration in 125.0ppm is 0.002565 
Error in concentration in 250.0ppm is 0.002855 
Error in concentration in 375.0ppm is 0.004560 
Error in concentration in 500.0ppm is 0.004443 
Error in concentration in 625.0ppm is 0.004556 
Error in concentration in 750.0ppm is 0.003331 
Error in concentration in 875.0ppm is 0.003313 
Error in concentration in 1000.0ppm is 0.003053 
Error in concentration in 1125.0ppm is 0.002423 
Error in concentration in 1250.0ppm is 0.001404 
Error in concentration in 1375.0ppm is 0.000859 
Error in concentration in 1500.0ppm is 0.000579 
Error in concentration in 1625.0ppm is 0.000509 
Error in concentration in 1750.0ppm is 0.000556 
Error in concentration in 1875.0ppm is 0.000515 
Error in concentration in 2000.0ppm is 0.000590 
Error in concentration in 2125.0ppm is 0.000807 
Error in concentration in 2250.0ppm is 0.000601 
Error in concentration in 2375.0ppm is 0.006431 
Error in concentration in 2500.0ppm is 0.013753 
CCl4 concentration generalization takes 1.0951120257377625 min 5.706721544265747 sec.
Case3: Initial pressure...
cracking 0.001cracking 0.001

cracking 0.001
cracking 0.001
cracking 0.001
cracking 0.001
cracking 0.001
cracking 0.001
cracking 0.001
cracking 0.001
prev_y: 0
prev_y: 0.004419147968292236
prev_y: 0.010559499263763428
prev_y: 0.019504010677337646
prev_y: 0.036200881004333496
prev_y: 0.07170498371124268
prev_y: 0.10997217893600464
prev_y: 0.1511072814464569
prev_y: 0.20012617111206055
prev_y: 0.256380558013916
prev_y: 0.29496055841445923
prev_y: 0.32343053817749023
prev_y: 0.35161441564559937
prev_y: 0.3829668462276459
prev_y: 0
prev_y: 0
prev_y: 0
prev_y: 0.4115775227546692
prev_y: 0.43900755047798157
prev_y: 0.46542853116989136
prev_y: 0.0060277581214904785
prev_y: 0.49098023772239685
prev_y: 0.0055821239948272705
prev_y: 0.004760950803756714
prev_y: 0.01485055685043335
prev_y: 0.013670533895492554
27180     0.454785
27181     1.130655
27182     2.114152
27183     3.696109
27184     7.284056
27185    11.155511
27186    15.298104
27187    20.355278
27188    26.109171
27189    29.918217
27190    32.715446
27191    35.482731
27192    38.594120
27193    41.417507
27194    44.170925
27195    46.858204
27196    49.483093
27197    52.345600
32851     1.672907
32852     3.230075
32855    14.516745
32856    19.502863
32857    25.189457
32858    29.052176
32859    31.931536
32860    34.761982
32861    37.910316
32862    40.768604
32863    43.548790
32864    46.255814
32865    48.894310
Name: X, dtype: float64
19
prev_y: 0.011527538299560547
prev_y: 0.027058303356170654
prev_y: 0.021060794591903687
prev_y: 0.04823675751686096
prev_y: 0.024843961000442505
prev_y: 0.03936263918876648
prev_y: 0
prev_y: 0.0452800989151001
prev_y: 0.07757604122161865
prev_y: 0.09616255760192871
prev_y: 0.11913236975669861
prev_y: 0.1474362015724182
prev_y: 0.09043920040130615
prev_y: 0.005129218101501465
prev_y: 0.16260108351707458
prev_y: 0.20066779851913452
prev_y: 0.13822245597839355
prev_y: 0.012562990188598633
prev_y: 0.26255202293395996
prev_y: 0.21682724356651306
prev_y: 0.18931028246879578
prev_y: 0.022765517234802246
prev_y: 0.32844698429107666
prev_y: 0.27620917558670044
prev_y: 0.24940234422683716
prev_y: 0.04240855574607849
prev_y: 0.3723301887512207
prev_y: 0.315940260887146
prev_y: 0.08399316668510437
prev_y: 0.31331348419189453
prev_y: 0.40289974212646484
prev_y: 0.1286909282207489
prev_y: 0.3451368808746338
prev_y: 0.3560609221458435
prev_y: 0.4332822561264038
prev_y: 0.17621582746505737
prev_y: 0.37458336353302
prev_y: 0.38658156991004944
prev_y: 0.46642282605171204
prev_y: 0.2336883842945099
prev_y: 0.4071885645389557
prev_y: 0.41694238781929016
prev_y: 0.4962863028049469
prev_y: 0.29584094882011414
prev_y: 0.4362027645111084
prev_y: 0.5252774357795715
prev_y: 0.3368358910083771
prev_y: 0.45000267028808594
prev_y: 0.46412476897239685
prev_y: 0.553174614906311
prev_y: 0.3670944571495056
prev_y: 0.4797442853450775
prev_y: 0.49113601446151733
prev_y: 0.5801162123680115
prev_y: 0.3974266052246094
prev_y: 0.5172981023788452
prev_y: 0.5085405707359314
prev_y: 0.43027764558792114
prev_y: 0.5365455150604248
27252     0.629719
27253     1.565561
27254     2.921959
27255     5.080405
27256     9.933167
27257    15.161333
27258    20.523582
27259    26.698008
27260    33.417145
27261    37.754749
27262    40.894264
27263    43.968117
27264    47.389000
27265    50.459202
27266    53.421783
27267    56.282993
27268    59.047371
27269    62.025661
32923     2.301587
32924     4.410195
32927    19.293867
32928    25.407755
32929    32.092968
32930    36.520485
32931    39.771515
32932    42.933533
32933    46.415279
32934    49.541054
32935    52.549808
32936    55.448601
32937    58.244057
Name: X, dtype: float64
19
27198     0.498813
27199     1.239803
27200     2.316923
27201     4.044648
27202     7.952158
27203    12.175834
27204    16.656191
27205    22.041237
27206    28.088306
27207    32.065742
27208    34.977886
27209    37.851376
27210    41.073231
27211    43.990482
27212    46.828388
27213    49.592281
27214    52.285259
27215    55.213360
32869     1.830757
32870     3.527285
32873    15.755860
32874    21.066385
32875    27.050220
32876    31.089109
32877    34.089897
32878    37.032177
32879    40.296383
32880    43.252800
32881    46.121750
32882    48.908863
32883    51.619415
Name: X, dtype: float64
19
prev_y: 0.4597117304801941
prev_y: 0.5638092756271362
prev_y: 0.48816540837287903
prev_y: 0.515740692615509
27234     0.586226
27235     1.456787
27236     2.720463
27237     4.736258
27238     9.276443
27239    14.178668
27240    19.268429
27241    25.208618
27242    31.733568
27243    35.971470
27244    39.051460
27245    42.074471
27246    45.446541
27247    48.482704
27248    51.420414
27249    54.265423
27250    57.022522
27251    60.001507
32905     2.145028
32906     4.117322
32909    18.143463
32910    24.015234
32911    30.494621
32912    34.812271
32913    37.995739
32914    41.100273
32915    44.527157
32916    47.613293
32917    50.591789
32918    53.469505
32919    56.252918
Name: X, dtype: float64
19
prev_y: 0.5425360798835754
27216     0.542458
27217     1.348509
27218     2.519060
27219     4.391415
27220     8.616336
27221    13.183365
27222    17.979229
27223    23.657576
27224    29.959951
27225    34.078899
27226    37.084000
27227    40.041294
27228    43.348572
27229    46.334602
27230    49.232445
27231    52.046650
27232    54.781319
27233    57.745777
32887     1.988156
32888     3.823128
32891    16.964336
32892    22.569231
32893    28.816078
32894    33.005142
32895    36.106174
32896    39.138523
32897    42.493961
32898    45.524872
32899    48.458012
32900    51.300186
32901    54.056561
Name: X, dtype: float64
19
Error in 10.4atm is 0.002494 
Error in 11.4atm is 0.003294 
Error in 12.4atm is 0.003053 
Error in 13.4atm is 0.003551 
Error in 14.4atm is 0.005330 
Initial pressure generalization takes 0.40302278598149616 min 24.18136715888977 sec.
Case5: Initial T_in...
cracking 0.001
cracking 0.001
cracking 0.001
cracking 0.001
cracking 0.001
cracking 0.001
cracking 0.001
cracking 0.001
cracking 0.001
cracking 0.001
cracking 0.001
cracking 0.001
prev_y: 0
prev_y: 0.004391670227050781
prev_y: 0.009416818618774414
prev_y: 0.019581854343414307
prev_y: 0.032540321350097656
prev_y: 0.053629398345947266
prev_y: 0.08099454641342163
prev_y: 0.1242535412311554
prev_y: 0.17144259810447693
prev_y: 0.21849319338798523
prev_y: 0.2667868435382843
prev_y: 0.32592105865478516
prev_y: 0
prev_y: 0.3870181441307068
prev_y: 0
prev_y: 0.4320523738861084
prev_y: 0.006339699029922485
prev_y: 0.46374139189720154
prev_y: 0.004709213972091675
prev_y: 0.494249165058136
prev_y: 0.014475524425506592
prev_y: 0.011738479137420654
prev_y: 0.028202414512634277
prev_y: 0.5241273641586304
prev_y: 0.021073967218399048
prev_y: 0.05007070302963257
prev_y: 0.03761252760887146
prev_y: 0.5530356168746948
prev_y: 0.09654968976974487
prev_y: 0.06668567657470703
prev_y: 0.1380872130393982
23436     0.413293
23437     1.061914
23438     2.017482
23439     3.435916
23440     5.440827
23441     8.261160
23442    12.204152
23443    16.850574
23444    21.467978
23445    26.212378
23446    31.545210
23447    37.437271
23448    41.827908
23449    44.844757
23450    47.775604
23451    50.624786
23452    53.397049
23453    57.023300
Name: X, dtype: float64
19
prev_y: 0.10005712509155273
prev_y: 0.19324949383735657
prev_y: 0.1419994831085205
prev_y: 0.2514583468437195
prev_y: 0.20148682594299316
prev_y: 0.30379343032836914
prev_y: 0.2670537829399109
prev_y: 0.3453279435634613
prev_y: 0.3753487467765808
prev_y: 0.3136202096939087
prev_y: 0.3585478961467743
prev_y: 0.4061233401298523
prev_y: 0.43929123878479004
prev_y: 0.40422794222831726
prev_y: 0.44616496562957764
prev_y: 0.46919116377830505
prev_y: 0.4774723947048187
prev_y: 0
prev_y: 0.5082664489746094
prev_y: 0.4982256293296814
prev_y: 0.5382924675941467
prev_y: 0.5264498591423035
prev_y: 0.56719970703125
prev_y: 0.5539461970329285
25326     0.474298
25327     1.203352
25328     2.264449
25329     3.830666
25330     6.846836
25331    10.252577
25332    14.173184
25333    19.345295
25334    25.640257
25335    30.240322
25336    34.534534
25337    38.660404
25338    42.738884
25339    45.742294
25340    48.657490
25341    51.489452
25342    54.242508
25343    57.381119
Name: X, dtype: float64
19
prev_y: 0.005129218101501465
prev_y: 0.012562990188598633
29106     0.625022
29107     1.522511
29108     2.850919
29109     5.067071
29110     9.789055
29111    13.986291
29112    19.459461
29113    25.337235
29114    30.573709
29115    34.672466
29116    37.661659
29117    40.602127
29118    43.889729
29119    46.858032
29120    49.737183
29121    52.532883
29122    55.249313
29123    58.117283
Name: X, dtype: float64
19
prev_y: 0.022765517234802246
prev_y: 0.04240855574607849
prev_y: 0
prev_y: 0.08399316668510437
prev_y: 0.1286909282207489
prev_y: 0.008661925792694092
prev_y: 0.17621582746505737
prev_y: 0.02222299575805664
prev_y: 0.2336883842945099
prev_y: 0.29584094882011414
prev_y: 0.04195871949195862
prev_y: 0.0752708911895752
prev_y: 0.3368358910083771
prev_y: 0.12150466442108154
prev_y: 0.3670944571495056
prev_y: 0.17018285393714905
prev_y: 0.3974266052246094
prev_y: 0.22773754596710205
prev_y: 0.43027764558792114
prev_y: 0.2898949980735779
prev_y: 0.4597117304801941
prev_y: 0.33088067173957825
prev_y: 0.48816540837287903
prev_y: 0.36107203364372253
prev_y: 0.515740692615509
prev_y: 0.39179325103759766
prev_y: 0.5425360798835754
prev_y: 0.42513954639434814
prev_y: 0.45540037751197815
27216     0.542458
27217     1.348509
27218     2.519060
27219     4.391415
27220     8.616336
27221    13.183365
27222    17.979229
27223    23.657576
27224    29.959951
27225    34.078899
27226    37.084000
27227    40.041294
27228    43.348572
27229    46.334602
27230    49.232445
27231    52.046650
27232    54.781319
27233    57.745777
32887     1.988156
32888     3.823128
32891    16.964336
32892    22.569231
32893    28.816078
32894    33.005142
32895    36.106174
32896    39.138523
32897    42.493961
32898    45.524872
32899    48.458012
32900    51.300186
32901    54.056561
Name: X, dtype: float64
19
prev_y: 0.4847203195095062
prev_y: 0.5132328271865845
prev_y: 0.541046142578125
prev_y: 0.566155731678009
prev_y: 0
27218     2.519060
27219     4.391415
27222    17.979229
27223    23.657576
27224    29.959951
27225    34.078899
27226    37.084000
27227    40.041294
27228    43.348572
27229    46.334602
27230    49.232445
27231    52.046650
27232    54.781319
27233    57.745777
32886     0.816246
32887     1.988156
32888     3.823128
32889     7.502276
32890    12.236892
32891    16.964336
32892    22.569231
32893    28.816078
32894    33.005142
32895    36.106174
32896    39.138523
32897    42.493961
32898    45.524872
32899    48.458012
32900    51.300186
32901    54.056561
32902    56.505898
32903    58.882050
Name: X, dtype: float64
index + 17 dont exist in y_ground_df, continue
index + 17 dont exist in y_ground_df, continue
index + 17 dont exist in y_ground_df, continue
index + 17 dont exist in y_ground_df, continue
index + 17 dont exist in y_ground_df, continue
index + 17 dont exist in y_ground_df, continue
index + 17 dont exist in y_ground_df, continue
index + 17 dont exist in y_ground_df, continue
index + 17 dont exist in y_ground_df, continue
index + 17 dont exist in y_ground_df, continue
index + 17 dont exist in y_ground_df, continue
index + 17 dont exist in y_ground_df, continue
index + 17 dont exist in y_ground_df, continue
index + 17 dont exist in y_ground_df, continue
19
prev_y: 0.006906360387802124
prev_y: 0.01744389533996582
prev_y: 0.03322520852088928
prev_y: 0.059271931648254395
prev_y: 0.10764142870903015
prev_y: 0.1535521149635315
prev_y: 0.20803582668304443
prev_y: 0.2685156464576721
prev_y: 0.31878119707107544
prev_y: 0.3528554439544678
prev_y: 0.3829944133758545
prev_y: 0.41352689266204834
prev_y: 0.4466641843318939
prev_y: 0.4766252636909485
prev_y: 0.5057851672172546
prev_y: 0.5342018604278564
prev_y: 0.5619006156921387
30996     0.710702
30997     1.728581
30998     3.262257
30999     5.987028
31000    10.848617
31001    15.513132
31002    20.849447
31003    26.866802
31004    31.956562
31005    35.348457
31006    38.322697
31007    41.247086
31008    44.515331
31009    47.464828
31010    50.325401
31011    53.102322
31012    55.799538
31013    58.495918
Name: X, dtype: float64
19
Error in 300°C is 0.007660 
Error in 310°C is 0.010664 
Error in 320°C is 0.003053 
Error in 330°C is 0.001003 
Error in 340°C is 0.001311 
Error in 350°C is 0.000906 
Initial temperature generalization takes 0.40849223534266155 min 24.509534120559692 sec.
Starting prediction...
cracking 0
prev_y: 0
prev_y: 0.005494445562362671
prev_y: 0.01343122124671936
prev_y: 0.02100890874862671
prev_y: 0.03239765763282776
prev_y: 0.049553871154785156
prev_y: 0.07210040092468262
prev_y: 0.09444066882133484
prev_y: 0.12603041529655457
prev_y: 0.1596870720386505
prev_y: 0.19315969944000244
prev_y: 0.22727179527282715
prev_y: 0.2641412019729614
prev_y: 0.30092352628707886
prev_y: 0.33748751878738403
prev_y: 0.3754080832004547
prev_y: 0.4125049114227295
prev_y: 0.4494863748550415
prev_y: 0.48661407828330994
prev_y: 0.5243709087371826
prev_y: 0.5616055130958557
prev_y: 0.5981669425964355
ML cracking rates
{'cracking_rates': [0, 0.005494445562362671, 0.01343122124671936, 0.02100890874862671, 0.03239765763282776, 0.049553871154785156, 0.07210040092468262, 0.09444066882133484, 0.12603041529655457, 0.1596870720386505, 0.19315969944000244, 0.22727179527282715, 0.2641412019729614, 0.30092352628707886, 0.33748751878738403, 0.3754080832004547, 0.4125049114227295, 0.4494863748550415, 0.48661407828330994, 0.5243709087371826, 0.5616055130958557, 0.5981669425964355, 0.6333340406417847]}
Series([], Name: X, dtype: float64)
FPC data not found
