            Experiment name: 0124_correction_full
            Training Data: training_data_correction_10_10_10_10.csv
            Do k-fold: False
            Folds num: 10
            Learning rate: 0.001
            Batch size: 90
            Epoch: 20000
            CSTR num: 100
            Training vebose: 0
            #Genearalization test
            mass flow rates = True
            CCl4 = True
            inital pressure = True
            number of tubes = True
            ncpus = 8
                
Loading data...
Training takes 1.9868214925130207e-08 min 1.1920928955078125e-06 sec.
Generalization test...
Case1: Mass flow rate...
Error in 45.0 mass flow rate is 0.005718 
Error in 45.37373737373738 mass flow rate is 0.005492 
Error in 45.74747474747475 mass flow rate is 0.005184 
Error in 46.121212121212125 mass flow rate is 0.004974 
Error in 46.494949494949495 mass flow rate is 0.004826 
Error in 46.86868686868687 mass flow rate is 0.004686 
Error in 47.24242424242424 mass flow rate is 0.004552 
Error in 47.61616161616162 mass flow rate is 0.004423 
Error in 47.98989898989899 mass flow rate is 0.004311 
Error in 48.36363636363637 mass flow rate is 0.004218 
Error in 48.73737373737374 mass flow rate is 0.004123 
Error in 49.111111111111114 mass flow rate is 0.004032 
Error in 49.484848484848484 mass flow rate is 0.003902 
Error in 49.85858585858586 mass flow rate is 0.003762 
Error in 50.23232323232323 mass flow rate is 0.003615 
Error in 50.60606060606061 mass flow rate is 0.003562 
Error in 50.97979797979798 mass flow rate is 0.003476 
Error in 51.35353535353536 mass flow rate is 0.003503 
Error in 51.72727272727273 mass flow rate is 0.003525 
Error in 52.101010101010104 mass flow rate is 0.003568 
Error in 52.474747474747474 mass flow rate is 0.003621 
Error in 52.84848484848485 mass flow rate is 0.003694 
Error in 53.22222222222222 mass flow rate is 0.003745 
Error in 53.5959595959596 mass flow rate is 0.003758 
Error in 53.96969696969697 mass flow rate is 0.003776 
Error in 54.343434343434346 mass flow rate is 0.003778 
Error in 54.717171717171716 mass flow rate is 0.003822 
Error in 55.09090909090909 mass flow rate is 0.003884 
Error in 55.464646464646464 mass flow rate is 0.003965 
Error in 55.83838383838384 mass flow rate is 0.004059 
Error in 56.21212121212121 mass flow rate is 0.004138 
Error in 56.58585858585859 mass flow rate is 0.004022 
Error in 56.95959595959596 mass flow rate is 0.004039 
Error in 57.333333333333336 mass flow rate is 0.004033 
Error in 57.707070707070706 mass flow rate is 0.004002 
Error in 58.08080808080808 mass flow rate is 0.004021 
Error in 58.45454545454545 mass flow rate is 0.004051 
Error in 58.82828282828283 mass flow rate is 0.004079 
Error in 59.2020202020202 mass flow rate is 0.004111 
Error in 59.57575757575758 mass flow rate is 0.004142 
Error in 59.94949494949495 mass flow rate is 0.004176 
Error in 60.323232323232325 mass flow rate is 0.004211 
Error in 60.696969696969695 mass flow rate is 0.004163 
Error in 61.07070707070707 mass flow rate is 0.004112 
Error in 61.44444444444444 mass flow rate is 0.004060 
Error in 61.81818181818182 mass flow rate is 0.003915 
Error in 62.1919191919192 mass flow rate is 0.003883 
Error in 62.56565656565657 mass flow rate is 0.003812 
Error in 62.93939393939394 mass flow rate is 0.003741 
Error in 63.313131313131315 mass flow rate is 0.003664 
Error in 63.68686868686869 mass flow rate is 0.003583 
Error in 64.06060606060606 mass flow rate is 0.003503 
Error in 64.43434343434343 mass flow rate is 0.003425 
Error in 64.8080808080808 mass flow rate is 0.003348 
Error in 65.18181818181819 mass flow rate is 0.003269 
Error in 65.55555555555556 mass flow rate is 0.003185 
Error in 65.92929292929293 mass flow rate is 0.003101 
Error in 66.30303030303031 mass flow rate is 0.003016 
Error in 66.67676767676768 mass flow rate is 0.002931 
Error in 67.05050505050505 mass flow rate is 0.002847 
Error in 67.42424242424242 mass flow rate is 0.002761 
Error in 67.79797979797979 mass flow rate is 0.002679 
Error in 68.17171717171718 mass flow rate is 0.002658 
Error in 68.54545454545455 mass flow rate is 0.002630 
Error in 68.91919191919192 mass flow rate is 0.002615 
Error in 69.2929292929293 mass flow rate is 0.002603 
Error in 69.66666666666667 mass flow rate is 0.002577 
Error in 70.04040404040404 mass flow rate is 0.002549 
Error in 70.41414141414141 mass flow rate is 0.002512 
Error in 70.78787878787878 mass flow rate is 0.002473 
Error in 71.16161616161617 mass flow rate is 0.002398 
Error in 71.53535353535354 mass flow rate is 0.002345 
Error in 71.9090909090909 mass flow rate is 0.002340 
Error in 72.28282828282829 mass flow rate is 0.002393 
Error in 72.65656565656566 mass flow rate is 0.002449 
Error in 73.03030303030303 mass flow rate is 0.002499 
Error in 73.4040404040404 mass flow rate is 0.002566 
Error in 73.77777777777777 mass flow rate is 0.002624 
Error in 74.15151515151516 mass flow rate is 0.002684 
Error in 74.52525252525253 mass flow rate is 0.002742 
Error in 74.8989898989899 mass flow rate is 0.002790 
Error in 75.27272727272728 mass flow rate is 0.002838 
Error in 75.64646464646465 mass flow rate is 0.002882 
Error in 76.02020202020202 mass flow rate is 0.003010 
Error in 76.39393939393939 mass flow rate is 0.003144 
Error in 76.76767676767676 mass flow rate is 0.003210 
Error in 77.14141414141415 mass flow rate is 0.003274 
Error in 77.51515151515152 mass flow rate is 0.003338 
Error in 77.88888888888889 mass flow rate is 0.003409 
Error in 78.26262626262627 mass flow rate is 0.003465 
Error in 78.63636363636364 mass flow rate is 0.003450 
Error in 79.01010101010101 mass flow rate is 0.003439 
Error in 79.3838383838384 mass flow rate is 0.003429 
Error in 79.75757575757575 mass flow rate is 0.003437 
Error in 80.13131313131314 mass flow rate is 0.003518 
Error in 80.5050505050505 mass flow rate is 0.003557 
Error in 80.87878787878788 mass flow rate is 0.003463 
Error in 81.25252525252526 mass flow rate is 0.003369 
Error in 81.62626262626263 mass flow rate is 0.003281 
Error in 82.0 mass flow rate is 0.003198 
Mass flow rate generalization takes 4.145788383483887 min 8.747303009033203 sec.
Case2: CCl4 concentration...
Error in concentration in 0.0ppm is 0.023151 
Error in concentration in 50.505050505050505ppm is 0.037390 
Error in concentration in 101.01010101010101ppm is 0.042582 
Error in concentration in 151.5151515151515ppm is 0.038030 
Error in concentration in 202.02020202020202ppm is 0.032280 
Error in concentration in 252.5252525252525ppm is 0.015796 
Error in concentration in 303.030303030303ppm is 0.007952 
Error in concentration in 353.5353535353535ppm is 0.010281 
Error in concentration in 404.04040404040404ppm is 0.011681 
Error in concentration in 454.54545454545456ppm is 0.009553 
Error in concentration in 505.050505050505ppm is 0.006118 
Error in concentration in 555.5555555555555ppm is 0.004561 
Error in concentration in 606.060606060606ppm is 0.005492 
Error in concentration in 656.5656565656566ppm is 0.006833 
Error in concentration in 707.070707070707ppm is 0.005932 
Error in concentration in 757.5757575757576ppm is 0.005345 
Error in concentration in 808.0808080808081ppm is 0.004096 
Error in concentration in 858.5858585858585ppm is 0.003770 
Error in concentration in 909.0909090909091ppm is 0.003196 
Error in concentration in 959.5959595959596ppm is 0.002929 
Error in concentration in 1010.10101010101ppm is 0.002315 
Error in concentration in 1060.6060606060605ppm is 0.003118 
Error in concentration in 1111.111111111111ppm is 0.002080 
Error in concentration in 1161.6161616161617ppm is 0.001417 
Error in concentration in 1212.121212121212ppm is 0.002167 
Error in concentration in 1262.6262626262626ppm is 0.003420 
Error in concentration in 1313.1313131313132ppm is 0.002779 
Error in concentration in 1363.6363636363637ppm is 0.002615 
Error in concentration in 1414.141414141414ppm is 0.003108 
Error in concentration in 1464.6464646464644ppm is 0.003242 
Error in concentration in 1515.1515151515152ppm is 0.003219 
Error in concentration in 1565.6565656565658ppm is 0.003073 
Error in concentration in 1616.1616161616162ppm is 0.002796 
Error in concentration in 1666.6666666666665ppm is 0.002331 
Error in concentration in 1717.171717171717ppm is 0.001851 
Error in concentration in 1767.676767676768ppm is 0.001714 
Error in concentration in 1818.1818181818182ppm is 0.001596 
Error in concentration in 1868.6868686868686ppm is 0.001560 
Error in concentration in 1919.1919191919192ppm is 0.001536 
Error in concentration in 1969.6969696969697ppm is 0.001631 
Error in concentration in 2020.20202020202ppm is 0.001565 
Error in concentration in 2070.7070707070707ppm is 0.001436 
Error in concentration in 2121.212121212121ppm is 0.001356 
Error in concentration in 2171.717171717172ppm is 0.001353 
Error in concentration in 2222.222222222222ppm is 0.001333 
Error in concentration in 2272.7272727272725ppm is 0.001322 
Error in concentration in 2323.2323232323233ppm is 0.001297 
Error in concentration in 2373.7373737373737ppm is 0.001235 
Error in concentration in 2424.242424242424ppm is 0.001239 
Error in concentration in 2474.747474747475ppm is 0.001227 
Error in concentration in 2525.252525252525ppm is 0.001283 
Error in concentration in 2575.757575757576ppm is 0.001380 
Error in concentration in 2626.2626262626263ppm is 0.001491 
Error in concentration in 2676.7676767676767ppm is 0.001598 
Error in concentration in 2727.2727272727275ppm is 0.001715 
Error in concentration in 2777.777777777778ppm is 0.001810 
Error in concentration in 2828.282828282828ppm is 0.002004 
Error in concentration in 2878.7878787878785ppm is 0.002267 
Error in concentration in 2929.292929292929ppm is 0.002576 
Error in concentration in 2979.7979797979797ppm is 0.002894 
Error in concentration in 3030.3030303030305ppm is 0.003214 
Error in concentration in 3080.808080808081ppm is 0.003399 
Error in concentration in 3131.3131313131316ppm is 0.009119 
Error in concentration in 3181.818181818182ppm is 0.017087 
Error in concentration in 3232.3232323232323ppm is 0.030115 
Error in concentration in 3282.8282828282827ppm is 0.047938 
Error in concentration in 3333.333333333333ppm is 0.076508 
Error in concentration in 3383.838383838384ppm is 0.098703 
Error in concentration in 3434.343434343434ppm is 0.065114 
Error in concentration in 3484.8484848484845ppm is 0.118142 
Error in concentration in 3535.353535353536ppm is 0.208234 
Error in concentration in 3585.858585858586ppm is 0.313441 
Error in concentration in 3636.3636363636365ppm is 0.427981 
Error in concentration in 3686.868686868687ppm is 0.567890 
Error in concentration in 3737.373737373737ppm is 0.729658 
Error in concentration in 3787.878787878788ppm is 0.921917 
Error in concentration in 3838.3838383838383ppm is 1.127475 
Error in concentration in 3888.8888888888887ppm is 1.318941 
Error in concentration in 3939.3939393939395ppm is 1.514451 
Error in concentration in 3989.8989898989894ppm is 1.818620 
Error in concentration in 4040.40404040404ppm is 2.172106 
Error in concentration in 4090.9090909090914ppm is 2.561218 
Error in concentration in 4141.414141414141ppm is 3.032969 
Error in concentration in 4191.919191919192ppm is 3.676526 
Error in concentration in 4242.424242424242ppm is 4.387138 
Error in concentration in 4292.929292929292ppm is 5.194584 
Error in concentration in 4343.434343434344ppm is 6.041792 
Error in concentration in 4393.939393939394ppm is 6.938253 
Error in concentration in 4444.444444444444ppm is 7.924635 
Error in concentration in 4494.949494949496ppm is 8.808201 
Error in concentration in 4545.454545454545ppm is 9.714335 
Error in concentration in 4595.959595959596ppm is 10.667559 
Error in concentration in 4646.464646464647ppm is 11.680064 
Error in concentration in 4696.969696969697ppm is 12.725890 
Error in concentration in 4747.474747474747ppm is 13.852625 
Error in concentration in 4797.979797979798ppm is 15.096515 
Error in concentration in 4848.484848484848ppm is 16.403123 
Error in concentration in 4898.989898989899ppm is 17.708897 
Error in concentration in 4949.49494949495ppm is 19.139864 
Error in concentration in 5000.0ppm is 20.630903 
CCl4 concentration generalization takes 4.140575214227041 min 8.434512853622437 sec.
Case3: Initial pressure...
Error in 10.0atm is 0.004089 
Error in 10.044444444444444atm is 0.003914 
Error in 10.088888888888889atm is 0.003721 
Error in 10.133333333333333atm is 0.003644 
Error in 10.177777777777777atm is 0.003630 
Error in 10.222222222222221atm is 0.003517 
Error in 10.266666666666667atm is 0.003394 
Error in 10.311111111111112atm is 0.003283 
Error in 10.355555555555556atm is 0.003180 
Error in 10.4atm is 0.003076 
Error in 10.444444444444445atm is 0.002951 
Error in 10.488888888888889atm is 0.002849 
Error in 10.533333333333333atm is 0.002849 
Error in 10.577777777777778atm is 0.002854 
Error in 10.622222222222222atm is 0.002841 
Error in 10.666666666666666atm is 0.002821 
Error in 10.71111111111111atm is 0.002800 
Error in 10.755555555555556atm is 0.002778 
Error in 10.8atm is 0.002788 
Error in 10.844444444444445atm is 0.002794 
Error in 10.88888888888889atm is 0.002799 
Error in 10.933333333333334atm is 0.002808 
Error in 10.977777777777778atm is 0.002812 
Error in 11.022222222222222atm is 0.002767 
Error in 11.066666666666666atm is 0.002749 
Error in 11.11111111111111atm is 0.002695 
Error in 11.155555555555555atm is 0.002647 
Error in 11.2atm is 0.002589 
Error in 11.244444444444444atm is 0.002533 
Error in 11.28888888888889atm is 0.002482 
Error in 11.333333333333334atm is 0.002434 
Error in 11.377777777777778atm is 0.002377 
Error in 11.422222222222222atm is 0.002352 
Error in 11.466666666666667atm is 0.002383 
Error in 11.511111111111111atm is 0.002461 
Error in 11.555555555555555atm is 0.002516 
Error in 11.6atm is 0.002560 
Error in 11.644444444444444atm is 0.002597 
Error in 11.688888888888888atm is 0.002635 
Error in 11.733333333333334atm is 0.002660 
Error in 11.777777777777779atm is 0.002746 
Error in 11.822222222222223atm is 0.002872 
Error in 11.866666666666667atm is 0.002996 
Error in 11.911111111111111atm is 0.003108 
Error in 11.955555555555556atm is 0.003220 
Error in 12.0atm is 0.003333 
Error in 12.044444444444444atm is 0.003458 
Error in 12.088888888888889atm is 0.003550 
Error in 12.133333333333333atm is 0.003728 
Error in 12.177777777777777atm is 0.003901 
Error in 12.222222222222221atm is 0.003960 
Error in 12.266666666666666atm is 0.003947 
Error in 12.311111111111112atm is 0.003981 
Error in 12.355555555555556atm is 0.004033 
Error in 12.4atm is 0.004082 
Error in 12.444444444444445atm is 0.004150 
Error in 12.488888888888889atm is 0.004240 
Error in 12.533333333333333atm is 0.004330 
Error in 12.577777777777778atm is 0.004421 
Error in 12.622222222222222atm is 0.004509 
Error in 12.666666666666668atm is 0.004593 
Error in 12.711111111111112atm is 0.004672 
Error in 12.755555555555556atm is 0.004698 
Error in 12.8atm is 0.004729 
Error in 12.844444444444445atm is 0.004761 
Error in 12.88888888888889atm is 0.004792 
Error in 12.933333333333334atm is 0.004823 
Error in 12.977777777777778atm is 0.004855 
Error in 13.022222222222222atm is 0.004890 
Error in 13.066666666666666atm is 0.004925 
Error in 13.11111111111111atm is 0.004959 
Error in 13.155555555555555atm is 0.004991 
Error in 13.2atm is 0.005027 
Error in 13.244444444444444atm is 0.005097 
Error in 13.28888888888889atm is 0.005145 
Error in 13.333333333333334atm is 0.005186 
Error in 13.377777777777778atm is 0.005228 
Error in 13.422222222222222atm is 0.005271 
Error in 13.466666666666667atm is 0.005316 
Error in 13.511111111111111atm is 0.005424 
Error in 13.555555555555555atm is 0.005536 
Error in 13.6atm is 0.005557 
Error in 13.644444444444444atm is 0.005584 
Error in 13.68888888888889atm is 0.005612 
Error in 13.733333333333334atm is 0.005638 
Error in 13.777777777777779atm is 0.005661 
Error in 13.822222222222223atm is 0.005682 
Error in 13.866666666666667atm is 0.005697 
Error in 13.911111111111111atm is 0.005707 
Error in 13.955555555555556atm is 0.005717 
Error in 14.0atm is 0.005728 
Error in 14.044444444444444atm is 0.005761 
Error in 14.088888888888889atm is 0.005797 
Error in 14.133333333333333atm is 0.005834 
Error in 14.177777777777777atm is 0.005892 
Error in 14.222222222222221atm is 0.005961 
Error in 14.266666666666666atm is 0.006030 
Error in 14.31111111111111atm is 0.006080 
Error in 14.355555555555556atm is 0.006157 
Error in 14.4atm is 0.006240 
Initial pressure generalization takes 4.002092818419139 min 0.12556910514831543 sec.
Case4: Number of tubes...
Figures saved in /home/wesley/EDC/FPC/ML/results/0124_correction_full/plots
Number of tubes generalization takes 35.55993053515752 min 33.595832109451294 sec.
Starting prediction...
