            Experiment name: 0124_correction_full
            Training Data: training_data_correction_10_10_10_10.csv
            Do k-fold: False
            Folds num: 10
            Learning rate: 0.001
            Batch size: 90
            Epoch: 20000
            CSTR num: 100
            Training vebose: 0
            #Genearalization test
            mass flow rates = False
            CCl4 = True
            inital pressure = False
            number of tubes = False
            ncpus = 8
                
Loading data...
Training takes 1.1920928955078126e-08 min 7.152557373046875e-07 sec.
Generalization test...
Case2: CCl4 concentration...
Error in concentration in 0.0ppm is 0.023151 
Error in concentration in 25.252525252525253ppm is 0.022102 
Error in concentration in 50.505050505050505ppm is 0.037390 
Error in concentration in 75.75757575757575ppm is 0.041680 
Error in concentration in 101.01010101010101ppm is 0.042582 
Error in concentration in 126.26262626262626ppm is 0.046011 
Error in concentration in 151.5151515151515ppm is 0.038030 
Error in concentration in 176.76767676767676ppm is 0.037343 
Error in concentration in 202.02020202020202ppm is 0.032280 
Error in concentration in 227.27272727272728ppm is 0.026912 
Error in concentration in 252.5252525252525ppm is 0.015796 
Error in concentration in 277.77777777777777ppm is 0.010303 
Error in concentration in 303.030303030303ppm is 0.007952 
Error in concentration in 328.2828282828283ppm is 0.009049 
Error in concentration in 353.5353535353535ppm is 0.010281 
Error in concentration in 378.7878787878788ppm is 0.011523 
Error in concentration in 404.04040404040404ppm is 0.011681 
Error in concentration in 429.2929292929293ppm is 0.011032 
Error in concentration in 454.54545454545456ppm is 0.009553 
Error in concentration in 479.7979797979798ppm is 0.008227 
Error in concentration in 505.050505050505ppm is 0.006118 
Error in concentration in 530.3030303030303ppm is 0.004770 
Error in concentration in 555.5555555555555ppm is 0.004561 
Error in concentration in 580.8080808080808ppm is 0.005033 
Error in concentration in 606.060606060606ppm is 0.005492 
Error in concentration in 631.3131313131313ppm is 0.006600 
Error in concentration in 656.5656565656566ppm is 0.006833 
Error in concentration in 681.8181818181819ppm is 0.006700 
Error in concentration in 707.070707070707ppm is 0.005932 
Error in concentration in 732.3232323232322ppm is 0.005564 
Error in concentration in 757.5757575757576ppm is 0.005345 
Error in concentration in 782.8282828282829ppm is 0.004923 
Error in concentration in 808.0808080808081ppm is 0.004096 
Error in concentration in 833.3333333333333ppm is 0.003803 
Error in concentration in 858.5858585858585ppm is 0.003770 
Error in concentration in 883.838383838384ppm is 0.003485 
Error in concentration in 909.0909090909091ppm is 0.003196 
Error in concentration in 934.3434343434343ppm is 0.003183 
Error in concentration in 959.5959595959596ppm is 0.002929 
Error in concentration in 984.8484848484849ppm is 0.002606 
Error in concentration in 1010.10101010101ppm is 0.002315 
Error in concentration in 1035.3535353535353ppm is 0.002226 
Error in concentration in 1060.6060606060605ppm is 0.003118 
Error in concentration in 1085.858585858586ppm is 0.002615 
Error in concentration in 1111.111111111111ppm is 0.002080 
Error in concentration in 1136.3636363636363ppm is 0.001583 
Error in concentration in 1161.6161616161617ppm is 0.001417 
Error in concentration in 1186.8686868686868ppm is 0.001557 
Error in concentration in 1212.121212121212ppm is 0.002167 
Error in concentration in 1237.3737373737374ppm is 0.002803 
Error in concentration in 1262.6262626262626ppm is 0.003420 
Error in concentration in 1287.878787878788ppm is 0.003417 
Error in concentration in 1313.1313131313132ppm is 0.002779 
Error in concentration in 1338.3838383838383ppm is 0.002663 
Error in concentration in 1363.6363636363637ppm is 0.002615 
Error in concentration in 1388.888888888889ppm is 0.003194 
Error in concentration in 1414.141414141414ppm is 0.003108 
Error in concentration in 1439.3939393939393ppm is 0.003162 
Error in concentration in 1464.6464646464644ppm is 0.003242 
Error in concentration in 1489.8989898989898ppm is 0.003251 
Error in concentration in 1515.1515151515152ppm is 0.003219 
Error in concentration in 1540.4040404040404ppm is 0.003120 
Error in concentration in 1565.6565656565658ppm is 0.003073 
Error in concentration in 1590.909090909091ppm is 0.002957 
Error in concentration in 1616.1616161616162ppm is 0.002796 
Error in concentration in 1641.4141414141413ppm is 0.002589 
Error in concentration in 1666.6666666666665ppm is 0.002331 
Error in concentration in 1691.919191919192ppm is 0.002090 
Error in concentration in 1717.171717171717ppm is 0.001851 
Error in concentration in 1742.4242424242423ppm is 0.001771 
Error in concentration in 1767.676767676768ppm is 0.001714 
Error in concentration in 1792.929292929293ppm is 0.001622 
Error in concentration in 1818.1818181818182ppm is 0.001596 
Error in concentration in 1843.4343434343434ppm is 0.001577 
Error in concentration in 1868.6868686868686ppm is 0.001560 
Error in concentration in 1893.939393939394ppm is 0.001554 
Error in concentration in 1919.1919191919192ppm is 0.001536 
Error in concentration in 1944.4444444444443ppm is 0.001597 
Error in concentration in 1969.6969696969697ppm is 0.001631 
Error in concentration in 1994.9494949494947ppm is 0.001615 
Error in concentration in 2020.20202020202ppm is 0.001565 
Error in concentration in 2045.4545454545457ppm is 0.001468 
Error in concentration in 2070.7070707070707ppm is 0.001436 
Error in concentration in 2095.959595959596ppm is 0.001396 
Error in concentration in 2121.212121212121ppm is 0.001356 
Error in concentration in 2146.464646464646ppm is 0.001356 
Error in concentration in 2171.717171717172ppm is 0.001353 
Error in concentration in 2196.969696969697ppm is 0.001343 
Error in concentration in 2222.222222222222ppm is 0.001333 
Error in concentration in 2247.474747474748ppm is 0.001326 
Error in concentration in 2272.7272727272725ppm is 0.001322 
Error in concentration in 2297.979797979798ppm is 0.001314 
Error in concentration in 2323.2323232323233ppm is 0.001297 
Error in concentration in 2348.4848484848485ppm is 0.001266 
Error in concentration in 2373.7373737373737ppm is 0.001235 
Error in concentration in 2398.989898989899ppm is 0.001233 
Error in concentration in 2424.242424242424ppm is 0.001239 
Error in concentration in 2449.4949494949497ppm is 0.001236 
Error in concentration in 2474.747474747475ppm is 0.001227 
Error in concentration in 2500.0ppm is 0.001246 
CCl4 concentration generalization takes 3.9066736578941343 min 54.40041947364807 sec.
Starting prediction...
