training_data_FPC_V4_3m_irrev.csv
            Experiment name: 0404_FPC_modelV5
            Training Data: training_data_FPC_V4_3m_irrev.csv
            Do k-fold: False
            Folds num: 10
            Learning rate: 0.001
            Batch size: 18
            Epoch: 10000
            CSTR num: 100
            Training vebose: 0
            #Genearalization test
            mass flow rates = True
            CCl4 = True
            inital pressure = True
            number of tubes = False
            T_in = True
            ncpus = 8
            training = False
            prediction only = False
                
Loading data...
Generalization test...
Case1: Mass flow rate...
cracking 0.001
cracking 0.001
cracking 0.001
cracking 0.001
cracking 0.001
cracking 0.001
loss in 0.001: 0.05567276847790568 
27216     0.542458
27217     1.348509
27218     2.519060
27219     4.391415
27220     8.616336
27221    13.183365
27222    17.979229
27223    23.657576
27224    29.959951
27225    34.078899
27226    37.084000
27227    40.041294
27228    43.348572
27229    46.334602
27230    49.232445
27231    52.046650
27232    54.781319
27233    57.745777
32887     1.988156
32888     3.823128
32891    16.964336
32892    22.569231
32893    28.816078
32894    33.005142
32895    36.106174
32896    39.138523
32897    42.493961
32898    45.524872
32899    48.458012
32900    51.300186
32901    54.056561
Name: X, dtype: float64
19
Schi cracking rates
[0, 0.12436289066107607, 1.9322985414505267, 9.693432701512943, 24.35380293602081, 43.758404514723374, 61.280415953721636, 72.71149426285716, 80.22141120486513, 85.46018903109241, 89.20847892390165, 91.88018677481438, 93.80020933973626, 95.20323933863331, 96.24193670972842, 97.01699611149056, 97.60024339719652, 98.0430877435811, 98.3832181105904]
loss in 0.001: 0.0638129476225765 
4536      0.724143
4537      1.803454
4538      3.377409
4539      5.920120
4540     11.801787
4541     17.967903
4542     23.894844
4543     30.400738
4544     37.291317
4545     41.702919
4546     44.896271
4547     48.012245
4548     51.455254
4549     54.539902
4550     57.506420
4551     60.361488
4552     63.110199
4553     66.047676
10207     2.654113
10208     5.118789
10211    22.382277
10212    28.868383
10213    35.764668
10214    40.286350
10215    43.602276
10216    46.816563
10217    50.331848
10218    53.481255
10219    56.501766
10220    59.402229
10221    62.189110
Name: X, dtype: float64
19
Schi cracking rates
[0, 0.21925856968178317, 3.081503239801189, 13.202037765771694, 30.100970059778888, 50.49406875929058, 67.61469975935373, 78.23237502987998, 84.93832153962877, 89.43949796826382, 92.52632701793367, 94.62494237590279, 96.05688931488491, 97.04772953723716, 97.74281625440005, 98.23661970103204, 98.59321001127081, 98.8554678713301, 99.05240825844756]
loss in 0.001: 0.05853104499652173 
15876     0.610756
15877     1.518815
15878     2.840815
15879     4.962894
15880     9.806705
15881    15.008576
15882    20.294807
15883    26.347033
15884    32.918468
15885    37.175453
15886    40.272453
15887    43.309750
15888    46.690166
15889    49.733852
15890    52.677071
15891    55.525879
15892    58.284916
15893    61.258751
21547     2.238101
21548     4.309210
21551    19.078014
21552    25.072390
21553    31.610193
21554    35.952656
21555    39.155643
21556    42.277164
21557    45.714828
21558    48.810452
21559    51.796638
21560    54.679977
21561    57.466980
Name: X, dtype: float64
19
Schi cracking rates
[0, 0.15695167623837544, 2.349407917624536, 11.042995253574283, 26.63754506810248, 46.507566682490584, 63.91475526767856, 75.03623534454799, 82.22881433119001, 87.17254811192863, 90.65417982077665, 93.09301477600556, 94.8124100798191, 96.043157549852, 96.93516318974424, 97.58730445634055, 98.06917869847601, 98.42955581136233, 98.70314565344981]
Error in 27 mass flow rate is 0.001665 
Error in 32 mass flow rate is 0.001811 
Error in 36 mass flow rate is 0.001560 
Mass flow rate generalization takes 0.4318936030069987 min 25.913616180419922 sec.
Case2: CCl4 concentration...
cracking 0.00025
cracking 0.000375
cracking 0.000625
cracking 0.0005
cracking 0.000125
cracking 0.00075
cracking 0.0
cracking 0.000875
cracking 0.0
cracking 0.00075
cracking 0.000625
cracking 0.0005
cracking 0.00025
cracking 0.000125
cracking 0.000875
cracking 0.000375
loss in 0.0: 0.2329984332710564 
26496     0.541702
26497     1.337990
26498     2.467171
26499     4.165375
26500     7.507545
26501    11.026672
26502    14.946434
26503    20.012291
26504    26.076492
26505    30.217064
26506    33.291397
26507    36.324223
26508    39.711197
26509    42.783905
26510    45.770622
26511    48.677361
26512    51.508545
26513    54.577679
32167     1.938072
32168     3.604752
32171    14.107353
32172    19.077141
32173    25.040344
32174    29.226753
32175    32.383583
32176    35.480537
32177    38.904716
32178    42.012615
32179    45.027523
32180    47.955437
32181    50.801556
Name: X, dtype: float64
19
Schi cracking rates
[0, 0.00015883803686778108, 0.006277431795764787, 0.136452026749867, 1.7387442691328525, 9.871011896783976, 24.310786721956447, 37.209240169651444, 47.46149914556832, 55.74104453042028, 62.46557178135072, 67.80579079043372, 72.05389664097936, 75.50459652869552, 78.36981935139828, 80.78681867214065, 82.85418553210123, 84.64311269959853, 86.20838922060564]
cracking 0.001
loss in 0.00025: 0.0674016186556313 
26676     0.541349
26677     1.341674
26678     2.484447
26679     4.237044
26680     7.837187
26681    11.660980
26682    15.856541
26683    21.130030
26684    27.266428
26685    31.391476
26686    34.436951
26687    37.439999
26688    40.796062
26689    43.836716
26690    46.792538
26691    49.667618
26692    52.466686
26693    55.502041
32347     1.955185
32348     3.674968
32351    14.966463
32352    20.147499
32353    26.197657
32354    30.376007
32355    33.508472
32356    36.579025
32357    39.975403
32358    43.054581
32359    46.040283
32360    48.938595
32361    51.754738
Name: X, dtype: float64
19
Schi cracking rates
[0, 0.03144955059222899, 0.5627958490859302, 4.1689760923918415, 13.939807779181654, 30.075171788370568, 47.4136849391526, 60.0887555053783, 69.07897951719913, 75.75989147209364, 80.84277830910389, 84.6989207124675, 87.65516943844402, 89.96786268259702, 91.80851823079695, 93.28898959357319, 94.48929107107004, 95.46741999856798, 96.26772011220916]
cracking 0.001125
loss in 0.000125: 0.10580680857749349 
26586     0.541053
26587     1.340141
26588     2.476842
26589     4.203300
26590     7.679679
26591    11.356103
26592    15.419874
26593    20.596409
26594    26.698132
26595    30.829142
26596    33.887325
26597    36.903980
26598    40.273952
26599    43.329025
26600    46.298855
26601    49.188999
26602    52.002823
26603    55.054344
32257     1.947242
32258     3.642408
32261    14.554661
32262    19.636328
32263    25.644800
32264    29.825911
32265    32.968884
32266    36.051121
32267    39.459869
32268    42.552090
32269    45.551327
32270    48.463448
32271    51.293407
Name: X, dtype: float64
19
Schi cracking rates
[0, 0.01582053761776448, 0.29171589885056864, 2.501491451870533, 9.939865335781404, 24.043582984322512, 40.71090911223143, 53.59032759430534, 63.04314645904079, 70.25056239026081, 75.8553089677069, 80.18855740992055, 83.57085954361536, 86.2673395406504, 88.45878531110986, 90.26300405374971, 91.76442487470395, 93.02407324016347, 94.08853816851574]
loss in 0.000625: 0.0440279592946615 
26946     0.541728
26947     1.345468
26948     2.503976
26949     4.321380
26950     8.253869
26951    12.474607
26952    17.004583
26953    22.510054
26954    28.737150
26955    32.854691
26956    35.874935
26957    38.849796
26958    42.176178
26959    45.184940
26960    48.106636
26961    50.946999
26962    53.709663
26963    56.705158
32617     1.973470
32618     3.756246
32621    16.047337
32622    21.469456
32623    27.627365
32624    31.807812
32625    34.919773
32626    37.966515
32627    41.337311
32628    44.387512
32629    47.342590
32630    50.208595
32631    52.990883
Name: X, dtype: float64
19
Schi cracking rates
[0, 0.07810865745679585, 1.298064756592156, 7.507550791898196, 20.575934746645615, 39.08826160431711, 56.76619778015781, 68.74717587038455, 76.83116419082751, 82.60099067895943, 86.8262556646008, 89.91249925966626, 92.18742134592364, 93.89344838295034, 95.18957313825945, 96.18057204622733, 96.94202947028283, 97.52934154526768, 97.98472773722679]
cracking 0.00125
cracking 0.001375
loss in 0.0005: 0.041927554601024764 
26856     0.541882
26857     1.344231
26858     2.497915
26859     4.295200
26860     8.122637
26861    12.217281
26862    16.644733
26863    22.081114
26864    28.279892
26865    32.398544
26866    35.425644
26867    38.408493
26868    41.742748
26869    44.761127
26870    47.692856
26871    50.543480
26872    53.317299
26873    56.324795
32527     1.967979
32528     3.731189
32531    15.708635
32532    21.058371
32533    27.182899
32534    31.361494
32535    34.478882
32536    37.532063
32537    40.909870
32538    43.968147
32539    46.932514
32540    49.808250
32541    52.600548
Name: X, dtype: float64
19
Schi cracking rates
[0, 0.06259670211143972, 1.0651764313818595, 6.574132962185683, 18.846430400109302, 36.84509554424295, 54.51615467872999, 66.7146255533181, 75.04894603816281, 81.0599437951554, 85.50740411954646, 88.7907409798636, 91.23824492064287, 93.09586721730693, 94.52551699282434, 95.63350014853575, 96.4963678151004, 97.1702685040966, 97.69835916840202]
cracking 0.0015
loss in 0.00075: 0.0480784147883536 
27036     0.542414
27037     1.346515
27038     2.509336
27039     4.345644
27040     8.379178
27041    12.720531
27042    17.345581
27043    22.913807
27044    29.167658
27045    33.284927
27046    36.299171
27047    39.267300
27048    42.586494
27049    45.586723
27050    48.499870
27051    51.330868
27052    54.083344
27053    57.067833
32707     1.978695
32708     3.779629
32711    16.368149
32712    21.856274
32713    28.045601
32714    32.228561
32715    35.336056
32716    38.377071
32717    41.742035
32718    44.785194
32719    47.732018
32720    50.589596
32721    53.362576
Name: X, dtype: float64
19
Schi cracking rates
[0, 0.09357556200262895, 1.5197534079180444, 8.322799001935632, 22.025693875634214, 40.91646648316761, 58.56106434110983, 70.34250462946238, 78.21022410880936, 83.77661689880658, 87.81710158860196, 90.74118304176335, 92.87573453411618, 94.46026968755561, 95.65143381476882, 96.55267739726192, 97.23852351461836, 97.76327862861545, 98.16781006290302]
cracking 0.001625
loss in 0.000375: 0.04455547324864997 
26766     0.541325
26767     1.342926
26768     2.491726
26769     4.266912
26770     7.984195
26771    11.946932
26772    16.263231
26773    21.622541
26774    27.791443
26775    31.912319
26776    34.947720
26777    37.939823
26778    41.284466
26779    44.312798
26780    47.255867
26781    50.118141
26782    52.903507
26783    55.924343
32437     1.961841
32438     3.704316
32441    15.349513
32442    20.619343
32443    26.707998
32444    30.885918
32445    34.010067
32446    37.070984
32447    40.457230
32448    43.525303
32449    46.499355
32450    49.385841
32451    52.189384
Name: X, dtype: float64
19
Schi cracking rates
[0, 0.047042651266663994, 0.8203463567690744, 5.483302117931622, 16.713649489970347, 33.97979218181988, 51.56663906801722, 63.999567340659205, 72.62963042052382, 78.93477673677747, 83.65781797909992, 87.1881524641868, 89.85410193682674, 91.90607956926688, 93.5099258270681, 94.77408843798744, 95.77635805269028, 96.57351448258419, 97.20922351673794]
cracking 0.00175
loss in 0.000875: 0.051686613893855024 
27126     0.541825
27127     1.347661
27128     2.514255
27129     4.369035
27130     8.499916
27131    12.956445
27132    17.669851
27133    23.295486
27134    29.574274
27135    33.692043
27136    36.701366
27137    39.663750
27138    42.976536
27139    45.969486
27140    48.874496
27141    51.696651
27142    54.439999
27143    57.414059
32797     1.983494
32798     3.801911
32801    16.673145
32802    22.222090
32803    28.441011
32804    32.626896
32805    35.730701
32806    38.766991
32807    42.126820
32808    45.189877
32809    48.103359
32810    50.952766
32811    53.717201
Name: X, dtype: float64
19
Schi cracking rates
[0, 0.10899455979418773, 1.7309444678376602, 9.04548615306906, 23.269125646982683, 42.44835192544997, 60.037684552996716, 71.63637770833743, 79.31446524400269, 84.70589108004714, 88.58946860269661, 91.37734115838198, 93.39543507453386, 94.88073656150597, 95.9878335666247, 96.81884135216382, 97.44702098799374, 97.92530784784383, 98.29300164614045]
cracking 0.001875
cracking 0.001
cracking 0.001125
cracking 0.0015
cracking 0.00125
cracking 0.001375
cracking 0.001625
cracking 0.00175
cracking 0.001875
loss in 0.001: 0.05567276847790568 
27216     0.542458
27217     1.348509
27218     2.519060
27219     4.391415
27220     8.616336
27221    13.183365
27222    17.979229
27223    23.657576
27224    29.959951
27225    34.078899
27226    37.084000
27227    40.041294
27228    43.348572
27229    46.334602
27230    49.232445
27231    52.046650
27232    54.781319
27233    57.745777
32887     1.988156
32888     3.823128
32891    16.964336
32892    22.569231
32893    28.816078
32894    33.005142
32895    36.106174
32896    39.138523
32897    42.493961
32898    45.524872
32899    48.458012
32900    51.300186
32901    54.056561
Name: X, dtype: float64
19
Schi cracking rates
[0, 0.12436289066107607, 1.9322985414505267, 9.693432701512943, 24.35380293602081, 43.758404514723374, 61.280415953721636, 72.71149426285716, 80.22141120486513, 85.46018903109241, 89.20847892390165, 91.88018677481438, 93.80020933973626, 95.20323933863331, 96.24193670972842, 97.01699611149056, 97.60024339719652, 98.0430877435811, 98.3832181105904]
cracking 0.002
loss in 0.0015: 0.0691750410650717 
27576     0.542676
27577     1.351919
27578     2.536466
27579     4.471398
27580     9.047612
27581    14.017790
27582    19.095016
27583    24.948162
27584    31.335169
27585    35.461308
27586    38.454155
27587    41.396130
27588    44.686485
27589    47.651424
27590    50.524719
27591    53.311901
27592    56.017242
27593    58.947922
33247     2.004540
33248     3.899724
33251    18.014812
33252    23.807268
33253    30.153074
33254    34.357578
33255    37.450680
33256    40.471684
33257    43.814156
33258    46.826836
33259    49.738602
33260    52.556316
33261    55.285847
Name: X, dtype: float64
19
Schi cracking rates
[0, 0.18527781013398115, 2.6511273669468016, 11.755573766078522, 27.640231919819904, 47.58559270105895, 64.8023761730096, 75.68364239846296, 82.67207821291204, 87.45184244663841, 90.80321699876683, 93.14240515946423, 94.7895389045862, 95.97107393646074, 96.8322644084918, 97.467542781146, 97.9425323430735, 98.30269158469771, 98.58021746353562]
cracking 0.002125
loss in 0.001125: 0.059283687448869415 
27306     0.542610
27307     1.349266
27308     2.523576
27309     4.412122
27310     8.728655
27311    13.402409
27312    18.275398
27313    24.002178
27314    30.327028
27315    34.447632
27316    37.448933
27317    40.401661
27318    43.704071
27319    46.684307
27320    49.575214
27321    52.381802
27322    55.108685
27323    58.063862
32977     1.992446
32978     3.843329
32981    17.243002
32982    22.899742
32983    29.173098
32984    33.365719
32985    36.464256
32986    39.493118
32987    42.844631
32988    45.870312
32989    48.797527
32990    51.633106
32991    54.382198
Name: X, dtype: float64
19
Schi cracking rates
[0, 0.1396778915976382, 2.12443474084526, 10.279632180467168, 25.312478106997442, 44.896516401845545, 62.3448181493144, 73.62176070350512, 80.9811886026506, 86.0853065100838, 89.71556048308773, 92.28700494496385, 94.12343714109961, 95.45739348743916, 96.4396561319786, 97.16941133072815, 97.71694460998461, 98.13209478871472, 98.4510002824591]
cracking 0.00225
loss in 0.001375: 0.0659342661602457 
loss in 0.001625: 0.07201627624498626 
27486     0.542807
27487     1.351246
27488     2.532054
27489     4.452388
27490     8.943993
27491    13.818852
27492    18.832161
27493    24.646019
27494    31.013302
27495    35.137512
27496    38.132671
27497    41.077824
27498    44.371891
27499    47.341526
27500    50.220081
27501    53.013393
27502    55.725685
27503    58.664047
33157     2.000722
33158     3.881589
33161    17.767252
33162    23.517315
33163    29.840088
33164    34.040627
33165    37.135242
33166    40.158489
33167    43.503643
33168    46.520302
33169    49.436935
33170    52.259995
33171    54.995678
Name: X, dtype: float64
19
Schi cracking rates
[0, 0.17013776337955577, 2.483328383991618, 11.303862240976764, 26.94016180533419, 46.7877036128257, 64.08169306766568, 75.0849672681472, 82.18565391534659, 87.06242594696492, 90.49636720823072, 92.90358865091707, 94.6054987112647, 95.83053659006784, 96.72578103392728, 97.38725421207265, 97.88209818759705, 98.25714458402018, 98.54577717462249]
27666     0.543104
27667     1.352754
27668     2.540131
27669     4.489710
27670     9.148190
27671    14.210928
27672    19.348587
27673    25.238491
27674    31.644516
27675    35.772999
27676    38.763474
27677    41.702236
27678    44.989590
27679    47.950134
27680    50.818348
27681    53.599792
27682    56.298611
27683    59.221794
33337     2.008337
33338     3.917323
33341    18.253675
33342    24.086052
33343    30.453899
33344    34.662251
33345    37.754295
33346    40.773239
33347    44.113411
33348    47.122414
33349    50.029663
33350    52.842213
33351    55.566029
Name: X, dtype: float64
19
Schi cracking rates
[0, 0.20035488801775198, 2.811795506192235, 12.173935512233305, 28.27951232695473, 48.306230619683305, 65.44703044048849, 76.21478931639486, 83.10036060278212, 87.79208499879667, 91.06917632347525, 93.3477211109315, 94.94653098790539, 96.09011423255158, 96.9219303779068, 97.53485101228385, 97.99304798628225, 98.34070754380753, 98.60895917737544]
cracking 0.0025
cracking 0.002375
loss in 0.00125: 0.06237147851778971 
27396     0.542472
27397     1.350076
27398     2.527795
27399     4.432566
27400     8.837959
27401    13.613895
27402    18.559248
27403    24.331181
27404    30.677729
27405    34.800129
27406    37.797985
27407    40.746830
27408    44.044872
27409    47.019554
27410    49.903885
27411    52.703873
27412    55.423183
27413    58.369591
33067     1.996713
33068     3.862861
33071    17.510315
33072    23.215191
33073    29.513828
33074    33.710419
33075    36.806835
33076    39.832638
33077    43.180828
33078    46.201775
33079    49.123581
33080    51.952835
33081    54.694805
Name: X, dtype: float64
19
Schi cracking rates
[0, 0.15493700420092382, 2.3079315688336868, 10.81390059337292, 26.168736328899207, 45.89775462324185, 63.26935239029746, 74.40413480705963, 81.62789488212854, 86.61215303947138, 90.13842921770757, 92.62247671482525, 94.38692824288137, 95.6622453123902, 96.59735170736015, 97.28986438184165, 97.80849082784451, 98.20152961386795, 98.50367847400638]
loss in 0.00175: 0.07453515636668553 
27756     0.543240
27757     1.353550
27758     2.543712
27759     4.507874
27760     9.246910
27761    14.398619
27762    19.593386
27763    25.518168
27764    31.941961
27765    36.073360
27766    39.061821
27767    41.997856
27768    45.282249
27769    48.238506
27770    51.101791
27771    53.877739
27772    56.570747
27773    59.487003
33427     2.011913
33428     3.934414
33431    18.484421
33432    24.354527
33433    30.743607
33434    34.956093
33435    38.047081
33436    41.063995
33437    44.402119
33438    47.407864
33439    50.310738
33440    53.118423
33441    55.836315
Name: X, dtype: float64
19
Schi cracking rates
[0, 0.21536683376504304, 2.9657668449369057, 12.562974054752116, 28.866442637370916, 48.96125526539787, 66.02780209024087, 76.68968583251893, 83.48059787985648, 88.09202594103691, 91.30192254799991, 93.52609040102476, 95.08198697348291, 96.19220962822737, 96.99846348021202, 97.59210534968813, 98.03593326955486, 98.37296137015437, 98.63335986344785]
loss in 0.001875: 0.07689847851782879 
27846     0.543392
27847     1.353964
27848     2.547776
27849     4.525368
27850     9.343522
27851    14.581598
27852    19.830307
27853    25.787788
27854    32.229309
27855    36.363182
27856    39.349762
27857    42.283451
27858    45.564930
27859    48.517471
27860    51.376205
27861    54.146992
27862    56.833817
27863    59.743198
33517     1.744130
33518     3.336127
33521    17.143639
33522    22.835997
33523    29.049589
33524    34.203415
33525    37.591595
33526    40.547531
33527    43.448956
33528    46.692268
33529    49.608681
33530    52.431084
33531    55.165054
Name: X, dtype: float64
19
Schi cracking rates
[0, 0.23031159787982478, 3.1134446462685594, 12.92604145627786, 29.407871626288546, 49.559970182527906, 66.55430011859873, 77.11718511824319, 83.82065971695218, 88.3585286156549, 91.50734426459738, 93.68249088543037, 95.20004761109826, 96.28074097072394, 97.06457010575879, 97.6414336275311, 98.07283769647242, 98.40071957189842, 98.65438634712781]
cracking 0.002
cracking 0.00225
cracking 0.002125
cracking 0.002375
cracking 0.0025
loss in 0.002: 0.07940381509059197 
27936     0.543270
27937     1.354699
27938     2.551046
27939     4.542449
27940     9.437722
27941    14.759844
27942    20.059813
27943    26.048229
27944    32.506779
27945    36.643238
27946    39.628147
27947    42.559517
27948    45.838524
27949    48.787399
27950    51.641895
27951    54.407429
27952    57.088913
27953    59.992123
33607     2.018900
33608     3.967109
33611    18.924217
33612    24.863777
33613    31.293041
33614    35.513557
33615    38.603218
33616    41.616764
33617    44.951412
33618    47.950775
33619    50.845932
33620    53.644531
33621    56.352123
Name: X, dtype: float64
19
Schi cracking rates
[0, 0.24518722148606314, 3.2552035725285666, 13.26596005027958, 29.909433218432547, 50.109922242908986, 67.0342430425308, 77.50434493164693, 84.12677561461358, 88.59698681655914, 91.69003103403465, 93.82076631184529, 95.30387797073487, 96.35826563543749, 97.12227694193353, 97.6844156029878, 98.1049771393659, 98.42491036937264, 98.67274408884228]
loss in 0.002125: 0.08201105055517545 
28026     0.543575
28027     1.355534
28028     2.554432
28029     4.558943
28030     9.530605
28031    14.933734
28032    20.282272
28033    26.300188
28034    32.775318
28035    36.914417
28036    39.897678
28037    42.826954
28038    46.103859
28039    49.049004
28040    51.899342
28041    54.660053
28042    57.336227
28043    60.232941
33697     2.022188
33698     3.983020
33701    19.134233
33702    25.106014
33703    31.554218
33704    35.778847
33705    38.868099
33706    41.880196
33707    45.213154
33708    48.209831
33709    51.101192
33710    53.895512
33711    56.598236
Name: X, dtype: float64
19
Schi cracking rates
[0, 0.25999184835477057, 3.3913915894597553, 13.585129218101343, 30.37581685326427, 50.617312876804455, 67.47391375062887, 77.85686854570493, 84.40394586296672, 88.8116990453118, 91.85361141489166, 93.94392843622036, 95.39593482533839, 96.42674986592597, 97.1731288872195, 97.72224604771122, 98.133265344042, 98.44622784206696, 98.68895852378233]
loss in 0.00225: 0.08448821505142617 
28116     0.543528
28117     1.356186
28118     2.557711
28119     4.575198
28120     9.621357
28121    15.103373
28122    20.498394
28123    26.544270
28124    33.035316
28125    37.176598
28126    40.158909
28127    43.086243
28128    46.360798
28129    49.302807
28130    52.149208
28131    54.905220
28132    57.576035
28133    60.467091
33787     2.025409
33788     3.998315
33791    19.338221
33792    25.340763
33793    31.807278
33794    36.035862
33795    39.124317
33796    42.135399
33797    45.467037
33798    48.460777
33799    51.349152
33800    54.139244
33801    56.837082
Name: X, dtype: float64
19
Schi cracking rates
[0, 0.27472372376246545, 3.522332269146212, 13.885606746854057, 30.810965869850886, 51.087294403150665, 67.87848577660739, 78.1794193747408, 84.65623203027376, 89.00613303131647, 92.00099041887978, 94.05436821937923, 95.4781509957986, 96.48772740796736, 97.21832114232053, 97.75584321837633, 98.15840074305416, 98.46520029934061, 98.7034282633058]
loss in 0.002375: 0.08664482889967696 
28206     0.627169
28207     1.535913
28208     2.917857
28209     5.380042
28210    11.180683
28211    16.174807
28212    22.302740
28213    28.510355
28214    33.872265
28215    37.995029
28216    40.960819
28217    43.870090
28218    47.123203
28219    50.044552
28220    52.869083
28221    55.603046
28222    58.250938
28223    61.041443
33877     2.028660
33878     4.013438
33881    19.536596
33882    25.568455
33883    32.052765
33884    36.285275
33885    39.373341
33886    42.383324
33887    45.713516
33888    48.704849
33889    51.589844
33890    54.376019
33891    57.069374
Name: X, dtype: float64
19
Schi cracking rates
[0, 0.2893811861412633, 3.648326281809878, 14.169170279918669, 31.218226732590594, 51.52418928989461, 68.25226281377319, 78.47584984083889, 84.88696825149916, 89.18311627822771, 92.13451941007558, 94.15400562086505, 95.55206621010286, 96.54241028758761, 97.25879173508623, 97.78592352011538, 98.18092576744473, 98.48223650630476, 98.71646086898357]
loss in 0.0025: 0.08877392745249807 
28296     0.715075
28297     1.753300
28298     3.380307
28299     6.533431
28300    12.606651
28301    18.110371
28302    23.982710
28303    30.302004
28304    35.496487
28305    38.886726
28306    41.835896
28307    44.727448
28308    47.959572
28309    50.859642
28310    53.661911
28311    56.372982
28312    58.997246
28313    61.612911
33967     2.031729
33968     4.028282
33971    19.729744
33972    25.789556
33973    32.291306
33974    36.527508
33975    39.615082
33976    42.624306
33977    45.953175
33978    48.941998
33979    51.823925
33980    54.606083
33981    57.295177
Name: X, dtype: float64
19
Schi cracking rates
[0, 0.30396267793812803, 3.769653373358936, 14.437366774724946, 31.600462209773656, 51.93165703616728, 68.59885915768174, 78.74937417894971, 85.0989183222367, 89.34497790517145, 92.25612155852593, 94.2443993117425, 95.61892070485321, 96.59176775833538, 97.29528605612822, 97.81305313584282, 98.20126704209132, 98.49765688358806, 98.72829668440323]
Error in concentration in 0.0ppm is 0.002474 
Error in concentration in 125.0ppm is 0.003168 
Error in concentration in 250.0ppm is 0.002449 
Error in concentration in 375.0ppm is 0.001929 
Error in concentration in 500.0ppm is 0.001937 
Error in concentration in 625.0ppm is 0.001587 
Error in concentration in 750.0ppm is 0.001832 
Error in concentration in 875.0ppm is 0.001387 
Error in concentration in 1000.0ppm is 0.001560 
Error in concentration in 1125.0ppm is 0.001733 
Error in concentration in 1250.0ppm is 0.001848 
Error in concentration in 1375.0ppm is 0.002260 
Error in concentration in 1500.0ppm is 0.002762 
Error in concentration in 1625.0ppm is 0.003419 
Error in concentration in 1750.0ppm is 0.004052 
Error in concentration in 1875.0ppm is 0.004558 
Error in concentration in 2000.0ppm is 0.005138 
Error in concentration in 2125.0ppm is 0.005712 
Error in concentration in 2250.0ppm is 0.006480 
Error in concentration in 2375.0ppm is 0.013215 
Error in concentration in 2500.0ppm is 0.021554 
CCl4 concentration generalization takes 1.18459503253301 min 11.07570195198059 sec.
Case3: Initial pressure...
cracking 0.001
cracking 0.001
cracking 0.001
cracking 0.001
cracking 0.001
cracking 0.001
cracking 0.001
cracking 0.001
cracking 0.001
cracking 0.001
loss in 0.001: 0.057422749232253247 
27234     0.586226
27235     1.456787
27236     2.720463
27237     4.736258
27238     9.276443
27239    14.178668
27240    19.268429
27241    25.208618
27242    31.733568
27243    35.971470
27244    39.051460
27245    42.074471
27246    45.446541
27247    48.482704
27248    51.420414
27249    54.265423
27250    57.022522
27251    60.001507
32905     2.145028
32906     4.117322
32909    18.143463
32910    24.015234
32911    30.494621
32912    34.812271
32913    37.995739
32914    41.100273
32915    44.527157
32916    47.613293
32917    50.591789
32918    53.469505
32919    56.252918
Name: X, dtype: float64
19
Schi cracking rates
[0, 0.14529803849017187, 2.227583092940789, 10.840738868318274, 26.49091268166416, 46.425305685654564, 63.86512309778875, 75.0005695837812, 82.20100528900485, 87.15020895225064, 90.6360597583322, 93.07825069679039, 94.80037012607163, 96.0333591236813, 96.9272084538887, 97.5808494476285, 98.06392879666255, 98.42526452766744, 98.69961355897897]
loss in 0.001: 0.05379908712063042 
27198     0.498813
27199     1.239803
27200     2.316923
27201     4.044648
27202     7.952158
27203    12.175834
27204    16.656191
27205    22.041237
27206    28.088306
27207    32.065742
27208    34.977886
27209    37.851376
27210    41.073231
27211    43.990482
27212    46.828388
27213    49.592281
27214    52.285259
27215    55.213360
32869     1.830757
32870     3.527285
32873    15.755860
32874    21.066385
32875    27.050220
32876    31.089109
32877    34.089897
32878    37.032177
32879    40.296383
32880    43.252800
32881    46.121750
32882    48.908863
32883    51.619415
Name: X, dtype: float64
19
Schi cracking rates
[0, 0.10503220228245372, 1.6539180814878687, 8.564797725390354, 22.158533098168817, 40.90437910448423, 58.43221479996106, 70.14185293166625, 77.96589572053509, 83.50608868233667, 87.53100102073597, 90.44689494424334, 92.57986202818599, 94.16890899399402, 95.36974306734119, 96.28463464657085, 96.9869558498086, 97.5298653928572, 97.95323988043708]
loss in 0.001: 0.05145806318063392 
27180     0.454785
27181     1.130655
27182     2.114152
27183     3.696109
27184     7.284056
27185    11.155511
27186    15.298104
27187    20.355278
27188    26.109171
27189    29.918217
27190    32.715446
27191    35.482731
27192    38.594120
27193    41.417507
27194    44.170925
27195    46.858204
27196    49.483093
27197    52.345600
32851     1.672907
32852     3.230075
32855    14.516745
32856    19.502863
32857    25.189457
32858    29.052176
32859    31.931536
32860    34.761982
32861    37.910316
32862    40.768604
32863    43.548790
32864    46.255814
32865    48.894310
Name: X, dtype: float64
19
Schi cracking rates
[0, 0.08731229651956393, 1.3933562885616448, 7.460744800973589, 19.911457146875883, 37.84952198365911, 55.2822463012565, 67.24159249766033, 75.38027772223332, 81.23297902650707, 85.549320574922, 88.72498490040681, 91.08659818149401, 92.87789689708981, 94.25818980339162, 95.3315340778035, 96.17265793332221, 96.83591414693643, 97.36265895455024]
loss in 0.001: 0.060399655814256034 
27252     0.629719
27253     1.565561
27254     2.921959
27255     5.080405
27256     9.933167
27257    15.161333
27258    20.523582
27259    26.698008
27260    33.417145
27261    37.754749
27262    40.894264
27263    43.968117
27264    47.389000
27265    50.459202
27266    53.421783
27267    56.282993
27268    59.047371
27269    62.025661
32923     2.301587
32924     4.410195
32927    19.293867
32928    25.407755
32929    32.092968
32930    36.520485
32931    39.771515
32932    42.933533
32933    46.415279
32934    49.541054
32935    52.549808
32936    55.448601
32937    58.244057
Name: X, dtype: float64
19
Schi cracking rates
[0, 0.16783115433403492, 2.538890411745603, 12.001529246099466, 28.565771585315265, 48.91894064644456, 66.21890888171691, 77.04960707657365, 83.947531299947, 88.61904869745446, 91.85592022198318, 94.08256815904811, 95.62148964275595, 96.70036140097717, 97.46650792516328, 98.01644704299241, 98.41671277297836, 98.71267828440762, 98.93564022315455]
loss in 0.001: 0.05567276847790568 
27216     0.542458
27217     1.348509
27218     2.519060
27219     4.391415
27220     8.616336
27221    13.183365
27222    17.979229
27223    23.657576
27224    29.959951
27225    34.078899
27226    37.084000
27227    40.041294
27228    43.348572
27229    46.334602
27230    49.232445
27231    52.046650
27232    54.781319
27233    57.745777
32887     1.988156
32888     3.823128
32891    16.964336
32892    22.569231
32893    28.816078
32894    33.005142
32895    36.106174
32896    39.138523
32897    42.493961
32898    45.524872
32899    48.458012
32900    51.300186
32901    54.056561
Name: X, dtype: float64
19
Schi cracking rates
[0, 0.12436289066107607, 1.9322985414505267, 9.693432701512943, 24.35380293602081, 43.758404514723374, 61.280415953721636, 72.71149426285716, 80.22141120486513, 85.46018903109241, 89.20847892390165, 91.88018677481438, 93.80020933973626, 95.20323933863331, 96.24193670972842, 97.01699611149056, 97.60024339719652, 98.0430877435811, 98.3832181105904]
Error in 10.4atm is 0.001465 
Error in 11.4atm is 0.001599 
Error in 12.4atm is 0.001560 
Error in 13.4atm is 0.001918 
Error in 14.4atm is 0.001559 
Initial pressure generalization takes 0.4577360153198242 min 27.464160919189453 sec.
Case5: Initial T_in...
cracking 0.001
cracking 0.001
cracking 0.001
cracking 0.001
cracking 0.001
cracking 0.001
cracking 0.001
cracking 0.001
cracking 0.001
cracking 0.001
cracking 0.001
cracking 0.001
loss in 0.001: 0.060535906486083126 
30996     0.710702
30997     1.728581
30998     3.262257
30999     5.987028
31000    10.848617
31001    15.513132
31002    20.849447
31003    26.866802
31004    31.956562
31005    35.348457
31006    38.322697
31007    41.247086
31008    44.515331
31009    47.464828
31010    50.325401
31011    53.102322
31012    55.799538
31013    58.495918
Name: X, dtype: float64
19
Schi cracking rates
[0, 0.685725943797536, 5.835355831666582, 18.081063294231438, 35.8525257034082, 54.385498224939745, 68.35472782124774, 77.35362348902748, 83.46312888473364, 87.78337131786502, 90.86178179725651, 93.06314373822863, 94.658353569295, 95.8325549904391, 96.70722038590304, 97.36369667943879, 97.86072641151681, 98.240621892337, 98.5341663542203]
loss in 0.001: 0.04346772746050096 
23436     0.413293
23437     1.061914
23438     2.017482
23439     3.435916
23440     5.440827
23441     8.261160
23442    12.204152
23443    16.850574
23444    21.467978
23445    26.212378
23446    31.545210
23447    37.437271
23448    41.827908
23449    44.844757
23450    47.775604
23451    50.624786
23452    53.397049
23453    57.023300
Name: X, dtype: float64
19
Schi cracking rates
[0, 0.0208820821558966, 0.5307504975867979, 4.7222427054600695, 16.035024333943497, 32.06149671119084, 47.895697794322885, 60.88456589858132, 70.69340852737692, 77.84786076409233, 83.06995700045341, 86.96900245467428, 89.95554792524587, 92.25693763715245, 94.00432843084668, 95.31948129691901, 96.31041636858676, 97.0593398180758, 97.63064949524622]
loss in 0.001: 0.05567276847790568 
loss in 0.001: 0.06468392512466994 
27216     0.542458
27217     1.348509
27218     2.519060
27219     4.391415
27220     8.616336
27221    13.183365
27222    17.979229
27223    23.657576
27224    29.959951
27225    34.078899
27226    37.084000
27227    40.041294
27228    43.348572
27229    46.334602
27230    49.232445
27231    52.046650
27232    54.781319
27233    57.745777
32887     1.988156
32888     3.823128
32891    16.964336
32892    22.569231
32893    28.816078
32894    33.005142
32895    36.106174
32896    39.138523
32897    42.493961
32898    45.524872
32899    48.458012
32900    51.300186
32901    54.056561
Name: X, dtype: float64
19
Schi cracking rates
[0, 0.12436289066107607, 1.9322985414505267, 9.693432701512943, 24.35380293602081, 43.758404514723374, 61.280415953721636, 72.71149426285716, 80.22141120486513, 85.46018903109241, 89.20847892390165, 91.88018677481438, 93.80020933973626, 95.20323933863331, 96.24193670972842, 97.01699611149056, 97.60024339719652, 98.0430877435811, 98.3832181105904]
27218     2.519060
27219     4.391415
27222    17.979229
27223    23.657576
27224    29.959951
27225    34.078899
27226    37.084000
27227    40.041294
27228    43.348572
27229    46.334602
27230    49.232445
27231    52.046650
27232    54.781319
27233    57.745777
32886     0.816246
32887     1.988156
32888     3.823128
32889     7.502276
32890    12.236892
32891    16.964336
32892    22.569231
32893    28.816078
32894    33.005142
32895    36.106174
32896    39.138523
32897    42.493961
32898    45.524872
32899    48.458012
32900    51.300186
32901    54.056561
32902    56.505898
32903    58.882050
Name: X, dtype: float64
index + 17 dont exist in y_ground_df, continue
index + 17 dont exist in y_ground_df, continue
index + 17 dont exist in y_ground_df, continue
index + 17 dont exist in y_ground_df, continue
index + 17 dont exist in y_ground_df, continue
index + 17 dont exist in y_ground_df, continue
index + 17 dont exist in y_ground_df, continue
index + 17 dont exist in y_ground_df, continue
index + 17 dont exist in y_ground_df, continue
index + 17 dont exist in y_ground_df, continue
index + 17 dont exist in y_ground_df, continue
index + 17 dont exist in y_ground_df, continue
index + 17 dont exist in y_ground_df, continue
index + 17 dont exist in y_ground_df, continue
19
Schi cracking rates
[0, 1.5104549765263418, 9.390096746635194, 24.22194422483975, 43.34179345174294, 60.61759718182438, 72.27633715795062, 79.95067614363042, 85.2895151984914, 89.09880590768495, 91.80774057033462, 93.75111948421025, 95.16937345744961, 96.21828636793032, 97.00031408111388, 97.58836788763202, 98.03455376425683, 98.37608550457014, 98.64011235605797]
loss in 0.001: 0.057663452506531994 
29106     0.625022
29107     1.522511
29108     2.850919
29109     5.067071
29110     9.789055
29111    13.986291
29112    19.459461
29113    25.337235
29114    30.573709
29115    34.672466
29116    37.661659
29117    40.602127
29118    43.889729
29119    46.858032
29120    49.737183
29121    52.532883
29122    55.249313
29123    58.117283
Name: X, dtype: float64
19
Schi cracking rates
[0, 0.30916463141794637, 3.5533786799195366, 13.458917129651141, 29.727666506521828, 48.90359491025227, 64.66086731812042, 74.83797584228967, 81.70946718767172, 86.52575195724386, 89.95326272388009, 92.40634786699218, 94.17772063689488, 95.47740839452825, 96.4428380625511, 97.1654209726097, 97.71082509380227, 98.12624675795222, 98.44625305704157]
loss in 0.001: 0.045756514129207386 
25326     0.474298
25327     1.203352
25328     2.264449
25329     3.830666
25330     6.846836
25331    10.252577
25332    14.173184
25333    19.345295
25334    25.640257
25335    30.240322
25336    34.534534
25337    38.660404
25338    42.738884
25339    45.742294
25340    48.657490
25341    51.489452
25342    54.242508
25343    57.381119
Name: X, dtype: float64
19
Schi cracking rates
[0, 0.051668220830020525, 1.059970053163106, 7.091663649230543, 20.06758535904672, 37.82194972123504, 54.94698867067541, 67.07518513609693, 75.48645881805402, 81.59480157052023, 86.11156867394648, 89.43350894274005, 91.89898299098638, 93.74693868955826, 95.13492001379117, 96.17585870789465, 96.9598270148335, 97.55338813336824, 98.0068700398667]
Error in 300°C is 0.001625 
Error in 310°C is 0.001860 
Error in 320°C is 0.001560 
Error in 330°C is 0.001413 
Error in 340°C is 0.000744 
Error in 350°C is 0.002218 
Initial temperature generalization takes 0.45562333265940347 min 27.33739995956421 sec.
Starting prediction...
cracking 0.0
cracking 0.0
loss in 0.0: 0.22402873857611386 
28368     0.571716
28369     1.383331
28370     2.547050
28371     4.332581
28372     7.703323
28373    10.722961
28374    14.887924
28375    19.895836
28376    24.736809
28377    28.680267
28378    31.769493
28379    34.534767
28380    37.796349
28381    40.764172
28382    43.658512
28383    46.559025
28384    49.241108
28385    52.165287
Name: X, dtype: float64
19
Schi cracking rates
[0, 0.0004746044937831151, 0.014778928377323641, 0.2632712458203845, 2.722392645385585, 11.814771868817752, 25.400566275056747, 37.172154303347696, 46.8857000551775, 54.82973958225341, 61.24978656513393, 66.39439826551073, 70.5360066036934, 73.93777318196821, 76.78999925301025, 79.21675369556908, 81.30845492739223, 83.1311515614161, 84.73584760162218]
cracking 0.000125
cracking 0.000125
loss in 0.000125: 0.10056935084441834 
28458     0.572330
28459     1.386572
28460     2.560653
28461     4.397751
28462     7.910772
28463    11.063022
28464    15.390078
28465    20.504807
28466    25.376396
28467    29.317135
28468    32.247585
28469    35.146652
28470    38.394707
28471    41.347942
28472    44.227470
28473    47.037022
28474    49.780109
28475    52.688095
Name: X, dtype: float64
19
Schi cracking rates
[0, 0.03385094993807256, 0.5224356007332728, 3.5336081984928325, 11.926164434872135, 26.100260255917473, 41.450046303465236, 53.23744756627722, 62.21903536458311, 69.17171425063002, 74.59009946257244, 78.8297595265028, 82.18359896061638, 84.89200097357556, 87.12017918613398, 88.97648051276367, 90.53952568118696, 91.86666568880192, 93.00183377032509]
cracking 0.00025
cracking 0.00025
loss in 0.00025: 0.06331230591920887 
28548     0.572897
28549     1.389500
28550     2.572596
28551     4.446798
28552     8.101069
28553    11.377157
28554    15.851282
28555    21.059563
28556    25.959324
28557    29.899990
28558    32.821472
28559    35.710403
28560    38.947643
28561    41.889252
28562    44.756248
28563    47.552891
28564    50.282715
28565    53.176437
Name: X, dtype: float64
19
Schi cracking rates
[0, 0.06703728531397335, 0.9823936717540249, 5.608727097402404, 16.256467994433958, 32.217346478364306, 48.09296098965963, 59.69913929109881, 68.25773022081515, 74.72284785439489, 79.66310535607069, 83.46335659103799, 86.42174597795889, 88.7716324064221, 90.67046206777201, 92.22150281595852, 93.49942301573064, 94.55870028918987, 95.44102912190858]
cracking 0.000375
cracking 0.000375
loss in 0.000375: 0.04145058165547931 
28638     0.573083
28639     1.391696
28640     2.583053
28641     4.490934
28642     8.278731
28643    11.670903
28644    16.279198
28645    21.570292
28646    26.495920
28647    30.437881
28648    33.352810
28649    36.233856
28650    39.462242
28651    42.393997
28652    45.250534
28653    48.036118
28654    50.754517
28655    53.635738
Name: X, dtype: float64
19
Schi cracking rates
[0, 0.10001975371332793, 1.402355463121015, 7.180568456373673, 19.222859919479603, 36.16531044109485, 52.21706607497361, 63.60449140004714, 71.83153512297335, 77.94668856556808, 82.55417429260844, 86.05167128171848, 88.73837768485164, 90.84265569576363, 92.51697384353545, 93.8614751894675, 94.94860158344734, 95.83142364714435, 96.55073709237918]
cracking 0.0005
cracking 0.0005
loss in 0.0005: 0.03993268773959392 
28728     0.573407
28729     1.393717
28730     2.592673
28731     4.531700
28732     8.445872
28733    11.948485
28734    16.679518
28735    22.044230
28736    26.994070
28737    30.938545
28738    33.848324
28739    36.722797
28740    39.944202
28741    42.867538
28742    45.715115
28743    48.491009
28744    51.199440
28745    54.068901
Name: X, dtype: float64
19
Schi cracking rates
[0, 0.1327853222015215, 1.7881864592703731, 8.455895789320873, 21.48636190055507, 39.0546488266235, 55.148072411612894, 66.32248711847282, 74.27605929777918, 80.11605559939187, 84.4671672977978, 87.73374466644258, 90.2146628386733, 92.13435493171946, 93.64167937127736, 94.83466011065073, 95.78437638578714, 96.54314078122528, 97.1512765005825]
cracking 0.000625
cracking 0.000625
loss in 0.000625: 0.04291947791714539 
28818     0.573990
28819     1.395579
28820     2.601143
28821     4.569895
28822     8.605063
28823    12.211893
28824    17.055901
28825    22.487038
28826    27.459414
28827    31.407146
28828    34.312862
28829    37.182091
28830    40.397655
28831    43.313969
28832    46.153542
28833    48.920914
28834    51.619747
28835    54.479446
Name: X, dtype: float64
19
Schi cracking rates
[0, 0.1653217955571367, 2.144493439651734, 9.530731787829295, 23.311842128492078, 41.31162409841364, 57.38457900458101, 68.36081439590913, 76.08217070238265, 81.69578002696774, 85.83922107199852, 88.92057890287313, 91.23787399122621, 93.01232497493346, 94.39001769248448, 95.4674241462197, 96.31464316886135, 96.98336528438482, 97.51334041131463]
cracking 0.00075
cracking 0.00075
loss in 0.00075: 0.047168007814129935 
28908     0.574237
28909     1.397120
28910     2.609303
28911     4.605970
28912     8.756948
28913    12.462998
28914    17.411594
28915    22.903055
28916    27.896570
28917    31.848204
28918    34.750511
28919    37.615337
28920    40.826179
28921    43.736469
28922    46.568859
28923    49.328587
28924    52.019070
28925    54.869198
Name: X, dtype: float64
19
Schi cracking rates
[0, 0.19761780136953339, 2.4749823674146305, 10.45910251389187, 24.835604946500208, 43.147681063849284, 59.16880185431794, 69.9628746925645, 77.48312427603564, 82.90521287704699, 86.87526724552592, 89.8034978533235, 91.98684941844343, 93.64382292194105, 94.91825298631362, 95.90533827141611, 96.67428173441864, 97.27603528182526, 97.74952221832739]
cracking 0.000875
cracking 0.000875
loss in 0.000875: 0.051404409803525314 
28998     0.574462
28999     1.398715
29000     2.616807
29001     4.640230
29002     8.903062
29003    12.703645
29004    17.749411
29005    23.295723
29006    28.309219
29007    32.264679
29008    35.164654
29009    38.025833
29010    41.232582
29011    44.137386
29012    46.963734
29013    49.716171
29014    52.399181
29015    55.240643
Name: X, dtype: float64
19
Schi cracking rates
[0, 0.22966281595492544, 2.782692044060148, 11.275002083541315, 26.13807294076195, 44.68372158588447, 60.636666800836295, 71.26367744061378, 78.60723938647037, 83.86418759047936, 87.68648660380784, 90.48550514099173, 92.55701432272004, 94.11713839219097, 95.30777512224341, 96.2229501939007, 96.93091637379649, 97.48171386601064, 97.91323460871449]
cracking 0.001
cracking 0.001
loss in 0.001: 0.0553350473567574 
29088     0.574687
29089     1.400135
29090     2.624069
29091     4.672871
29092     9.043811
29093    12.934955
29094    18.071041
29095    23.667749
29096    28.700117
29097    32.660000
29098    35.557774
29099    38.415825
29100    41.619431
29101    44.519329
29102    47.340073
29103    50.086376
29104    52.762157
29105    55.595531
Name: X, dtype: float64
19
Schi cracking rates
[0, 0.2614471264150931, 3.0701530830873485, 12.001462066068902, 27.271050299429504, 45.99553351896624, 61.87197425768689, 72.34559413064386, 79.5321997666546, 84.6447446903967, 88.33923186576254, 91.02756599142965, 93.00429458319975, 94.48339784658704, 95.60501732904063, 96.46201669944337, 97.12160797742455, 97.6327828540393, 98.03229459407781]
cracking 0.001125
cracking 0.001125
loss in 0.001125: 0.05908354389213466 
29178     0.574934
29179     1.401403
29180     2.630798
29181     4.704229
29182     9.179907
29183    13.157847
29184    18.377993
29185    24.021358
29186    29.071886
29187    33.036102
29188    35.932228
29189    38.787766
29190    41.988312
29191    44.884243
29192    47.699810
29193    50.440235
29194    53.109058
29195    55.935101
Name: X, dtype: float64
19
Schi cracking rates
[0, 0.292961850974203, 3.3395001933317077, 12.654931014875118, 28.270024352154095, 47.13380431975215, 62.92994280377903, 73.26238540781456, 80.30832853557835, 85.29322367392965, 88.87586109039947, 91.46825840817205, 93.3637104427963, 94.7742092951789, 95.83824456751454, 96.6474951949209, 97.26805528612186, 97.74779142198358, 98.12229352758094]
cracking 0.00125
cracking 0.00125
loss in 0.00125: 0.06289645684518545 
29268     0.575159
29269     1.402923
29270     2.637742
29271     4.734396
29272     9.311948
29273    13.372993
29274    18.672106
29275    24.358841
29276    29.426264
29277    33.395008
29278    36.289982
29279    39.143307
29280    42.341618
29281    45.233505
29282    48.044075
29283    50.778912
29284    53.442207
29285    56.261124
Name: X, dtype: float64
19
Schi cracking rates
[0, 0.3241988998414435, 3.592553615436975, 13.247629083321662, 29.16043951420392, 48.13411137463406, 63.84880998123988, 74.05094993332708, 80.9699158457331, 85.84097581640073, 89.32480814411402, 91.83324402599797, 93.65830425034414, 95.01010099006537, 96.0255350029005, 96.79507377000847, 97.38364754162475, 97.83797487257321, 98.1925111178386]
cracking 0.001375
cracking 0.001375
loss in 0.001375: 0.06620413648336705 
29358     0.575338
29359     1.404076
29360     2.643818
29361     4.763577
29362     9.440173
29363    13.582023
29364    18.954124
29365    24.681391
29366    29.765186
29367    33.738369
29368    36.632572
29369    39.483788
29370    42.680183
29371    45.568478
29372    48.374992
29373    51.104740
29374    53.761616
29375    56.574120
Name: X, dtype: float64
19
Schi cracking rates
[0, 0.3551509638816056, 3.8308799174422323, 13.788917758126729, 29.961194238516626, 49.022377214839295, 64.6560950499763, 74.73762073008704, 81.54125867845205, 86.3100576191737, 89.70591871212949, 92.14026829210405, 93.90383720984634, 95.20493578122509, 96.17891929175711, 96.91502807580946, 97.47701406576566, 97.91046282383833, 98.24875427500474]
cracking 0.0015
cracking 0.0015
loss in 0.0015: 0.06900907248472513 
29448     0.575654
29449     1.405482
29450     2.650124
29451     4.791817
29452     9.565082
29453    13.782803
29454    19.225544
29455    24.990517
29456    30.089947
29457    34.067844
29458    36.961048
29459    39.810799
29460    43.005070
29461    45.890308
29462    48.693073
29463    51.417900
29464    54.069687
29465    56.875568
Name: X, dtype: float64
19
Schi cracking rates
[0, 0.38581150102882167, 4.055837862895031, 14.2861468831634, 30.686725146146454, 49.81806270533031, 65.37222203784481, 75.3417856483949, 82.04012173579936, 86.71648019516462, 90.03348432859536, 92.40199276809251, 94.111433924227, 95.36837819942376, 96.30667114100387, 97.01432508664979, 97.55392436343271, 97.9699614618006, 98.29481347378156]
cracking 0.001625
cracking 0.001625
loss in 0.001625: 0.07194699053264851 
29538     0.575765
29539     1.406712
29540     2.655904
29541     4.819225
29542     9.686753
29543    13.978449
29544    19.486835
29545    25.287399
29546    30.401934
29547    34.384289
29548    37.277042
29549    40.125301
29550    43.318092
29551    46.200405
29552    48.999245
29553    51.719501
29554    54.366100
29555    57.166058
Name: X, dtype: float64
19
Schi cracking rates
[0, 0.4161746894514859, 4.268614450207661, 14.745203518017385, 31.34831569737882, 50.53613797042612, 66.01273581925727, 75.87808804487919, 82.47983028741, 87.07216901758437, 90.31806543183812, 92.62768807994911, 94.28915545044664, 95.50734942282513, 96.41464204057961, 97.09783014188658, 97.61835955120442, 98.0196832553337, 98.33325277178166]
cracking 0.00175
cracking 0.00175
loss in 0.00175: 0.0751310347736008 
29628     0.575867
29629     1.407775
29630     2.661786
29631     4.845875
29632     9.805590
29633    14.168610
29634    19.738966
29635    25.573112
29636    30.702030
29637    34.689125
29638    37.581078
29639    40.428494
29640    43.619843
29641    46.499310
29642    49.294693
29643    52.010551
29644    54.652409
29645    57.446854
Name: X, dtype: float64
19
Schi cracking rates
[0, 0.4462354405744625, 4.470252842464485, 15.17088272451497, 31.95495421773166, 51.18835549144008, 66.58971843009913, 76.35782463091545, 82.8705953174545, 87.38619853183933, 90.56763590514456, 92.82429266140842, 94.44297443420209, 95.62692193255748, 96.50707161063055, 97.16902916635782, 97.6731427770393, 98.0618864276226, 98.36586100882364]
cracking 0.001875
cracking 0.001875
loss in 0.001875: 0.07807156058997715 
29718     0.576222
29719     1.408998
29720     2.667393
29721     4.871912
29722     9.921961
29723    14.353693
29724    19.982838
29725    25.848694
29726    30.991438
29727    34.982891
29728    37.874836
29729    40.721001
29730    43.911118
29731    46.787857
29732    49.579971
29733    52.292175
29734    54.929157
29735    57.717739
Name: X, dtype: float64
19
Schi cracking rates
[0, 0.47598934323741915, 4.661674847397338, 15.567145561352, 32.51391739736625, 51.78410151089482, 67.1127282491268, 76.78986946701994, 83.22038557377087, 87.66560173037826, 90.78832846139365, 92.99709665495972, 94.57740155253406, 95.73088791416836, 96.58709679726434, 97.23047597522975, 97.72032398372453, 98.0981977840249, 98.3939189935458]
cracking 0.002
cracking 0.002
loss in 0.002: 0.08084304924158218 
29808     0.576310
29809     1.409986
29810     2.672620
29811     4.897131
29812    10.035651
29813    14.533745
29814    20.218508
29815    26.114601
29816    31.270664
29817    35.266541
29818    38.158390
29819    41.003456
29820    44.192665
29821    47.067352
29822    49.856163
29823    52.564358
29824    55.196735
29825    57.980255
Name: X, dtype: float64
19
Schi cracking rates
[0, 0.5054326313242954, 4.843698956170718, 15.937303910847191, 33.031177619500646, 52.33098394330258, 67.58944361748006, 77.18130133120988, 83.53551644715586, 87.91591559163419, 90.98493576098772, 93.1502009192662, 94.69590195783198, 95.82213275243507, 96.65708236727237, 97.28407935912685, 97.76142356392586, 98.12981640550441, 98.41836587685536]
cracking 0.002125
cracking 0.002125
loss in 0.002125: 0.08337153659805172 
29898     0.576520
29899     1.411171
29900     2.677939
29901     4.921958
29902    10.147249
29903    14.709304
29904    20.447182
29905    26.371773
29906    31.540861
29907    35.541168
29908    38.432743
29909    41.277126
29910    44.465237
29911    47.337811
29912    50.123306
29913    52.828030
29914    55.456009
29915    58.234493
Name: X, dtype: float64
19
Schi cracking rates
[0, 0.5345621641850905, 5.01705528060029, 16.2841563533319, 33.51169570304511, 52.83524806846148, 68.02611451324991, 77.537843677477, 83.82106286264633, 88.14155999295457, 91.1612562821985, 93.2868294707143, 94.80117709476816, 95.90288692184944, 96.7188408883257, 97.33129079709374, 97.79759005578472, 98.15764319373815, 98.43990404860344]
cracking 0.00225
cracking 0.00225
loss in 0.00225: 0.0860830117188613 
29988     0.576714
29989     1.412159
29990     2.682986
29991     4.946211
29992    10.256621
29993    14.880482
29994    20.668783
29995    26.620842
29996    31.802477
29997    35.806999
29998    38.698429
29999    41.542095
30000    44.729195
30001    47.599350
30002    50.382702
30003    53.083813
30004    55.707714
30005    58.481285
Name: X, dtype: float64
19
Schi cracking rates
[0, 0.5633754122976198, 5.182397513143784, 16.610089217215215, 33.95963550981405, 53.302078844045575, 68.42788718071643, 77.86417903595093, 84.08115079504358, 88.34610645331018, 91.32033829135817, 93.40955059335153, 94.89536187784324, 95.97489879951509, 96.77378242756781, 97.37323162320034, 97.82970548777755, 98.18236656492178, 98.45906823755138]
cracking 0.002375
cracking 0.002375
loss in 0.002375: 0.08857142120088657 
30078     0.576955
30079     1.413162
30080     2.688055
30081     4.970048
30082    10.363863
30083    15.047801
30084    20.884195
30085    26.862352
30086    32.056023
30087    36.064770
30088    38.956394
30089    41.799206
30090    44.985680
30091    47.853920
30092    50.634083
30093    53.331944
30094    55.951988
30095    58.720863
Name: X, dtype: float64
19
Schi cracking rates
[0, 0.5918703828035462, 5.340313207204521, 16.91715419603727, 34.37852445623311, 53.73582343950961, 68.79904294884169, 78.16417821465522, 84.31917151276505, 88.53247195942994, 91.46465490731929, 93.520433336484, 94.98016352832475, 96.03955620984804, 96.82301818227916, 97.4107803030193, 97.85845739632423, 98.20452088029663, 98.47627207502575]
cracking 0.0025
cracking 0.0025
loss in 0.0025: 0.0907853430389892 
30168     0.577103
30169     1.414234
30170     2.692981
30171     4.993318
30172    10.469166
30173    15.211353
30174    21.093544
30175    27.096756
30176    32.301929
30177    36.315056
30178    39.206547
30179    42.048801
30180    45.234612
30181    48.101143
30182    50.878578
30183    53.573135
30184    56.189213
30185    58.953323
Name: X, dtype: float64
19
Schi cracking rates
[0, 0.6200456348170985, 5.4913322858147, 17.207127890583934, 34.77137538373351, 54.14015897063387, 69.14317639478239, 78.441071468613, 84.53793862086754, 88.70306229274442, 91.59623326744817, 93.62116167027656, 95.05696182737877, 96.0979733543819, 96.86743516724451, 97.44463435327924, 97.88438904038816, 98.2245268026798, 98.49184021665125]
['/home/wesley/EDC/FPC/ML/results/0404_FPC_modelV5/plots/predict/test/CCl4_0.000000_mass_36_temp_330_test.png', '/home/wesley/EDC/FPC/ML/results/0404_FPC_modelV5/plots/predict/test/CCl4_125.000000_mass_36_temp_330_test.png', '/home/wesley/EDC/FPC/ML/results/0404_FPC_modelV5/plots/predict/test/CCl4_250.000000_mass_36_temp_330_test.png', '/home/wesley/EDC/FPC/ML/results/0404_FPC_modelV5/plots/predict/test/CCl4_375.000000_mass_36_temp_330_test.png', '/home/wesley/EDC/FPC/ML/results/0404_FPC_modelV5/plots/predict/test/CCl4_500.000000_mass_36_temp_330_test.png', '/home/wesley/EDC/FPC/ML/results/0404_FPC_modelV5/plots/predict/test/CCl4_625.000000_mass_36_temp_330_test.png', '/home/wesley/EDC/FPC/ML/results/0404_FPC_modelV5/plots/predict/test/CCl4_750.000000_mass_36_temp_330_test.png', '/home/wesley/EDC/FPC/ML/results/0404_FPC_modelV5/plots/predict/test/CCl4_875.000000_mass_36_temp_330_test.png', '/home/wesley/EDC/FPC/ML/results/0404_FPC_modelV5/plots/predict/test/CCl4_1000.000000_mass_36_temp_330_test.png', '/home/wesley/EDC/FPC/ML/results/0404_FPC_modelV5/plots/predict/test/CCl4_1125.000000_mass_36_temp_330_test.png', '/home/wesley/EDC/FPC/ML/results/0404_FPC_modelV5/plots/predict/test/CCl4_1250.000000_mass_36_temp_330_test.png', '/home/wesley/EDC/FPC/ML/results/0404_FPC_modelV5/plots/predict/test/CCl4_1375.000000_mass_36_temp_330_test.png', '/home/wesley/EDC/FPC/ML/results/0404_FPC_modelV5/plots/predict/test/CCl4_1500.000000_mass_36_temp_330_test.png', '/home/wesley/EDC/FPC/ML/results/0404_FPC_modelV5/plots/predict/test/CCl4_1625.000000_mass_36_temp_330_test.png', '/home/wesley/EDC/FPC/ML/results/0404_FPC_modelV5/plots/predict/test/CCl4_1750.000000_mass_36_temp_330_test.png', '/home/wesley/EDC/FPC/ML/results/0404_FPC_modelV5/plots/predict/test/CCl4_1875.000000_mass_36_temp_330_test.png', '/home/wesley/EDC/FPC/ML/results/0404_FPC_modelV5/plots/predict/test/CCl4_2000.000000_mass_36_temp_330_test.png', '/home/wesley/EDC/FPC/ML/results/0404_FPC_modelV5/plots/predict/test/CCl4_2125.000000_mass_36_temp_330_test.png', '/home/wesley/EDC/FPC/ML/results/0404_FPC_modelV5/plots/predict/test/CCl4_2250.000000_mass_36_temp_330_test.png', '/home/wesley/EDC/FPC/ML/results/0404_FPC_modelV5/plots/predict/test/CCl4_2375.000000_mass_36_temp_330_test.png', '/home/wesley/EDC/FPC/ML/results/0404_FPC_modelV5/plots/predict/test/CCl4_2500.000000_mass_36_temp_330_test.png']
Mean absolute error of `0404_FPC_modelV5` is 0.00888
