training_data_FPC_V4_3m_irrev.csv
            Experiment name: 0404_FPC_modelV5
            Training Data: training_data_FPC_V4_3m_irrev.csv
            Do k-fold: False
            Folds num: 10
            Learning rate: 0.001
            Batch size: 18
            Epoch: 10000
            CSTR num: 100
            Training vebose: 0
            #Genearalization test
            mass flow rates = True
            CCl4 = True
            inital pressure = True
            number of tubes = True
            T_in = True
            ncpus = 8
            training = False
            prediction only = False
                
Loading data...
Starting prediction...
cracking 0.0
cracking 0.0
Series([], Name: X, dtype: float64)
FPC data not found
Schi cracking rates
[0, 0.0003363635631914441, 0.012978509334682364, 0.24863748246244377, 2.768453861793585, 11.299830222975537, 22.51567328684436, 32.566195061719405, 41.0371260942909, 47.95685382598789, 53.67321614721927, 58.48299824930443, 62.59994564780102, 66.15765337683274, 69.24352547534201, 71.95356350555812, 74.38169295991783, 76.59589622593121, 78.62817017010613, 80.4938148296852, 82.2102673160111, 83.77969060930724, 85.20408376751601]
cracking 0.000125
cracking 0.000125
Series([], Name: X, dtype: float64)
FPC data not found
Schi cracking rates
[0, 0.03182549054602701, 0.5703028916791768, 4.041705513819915, 13.609232089713144, 27.99984947933998, 41.695343029439194, 52.29381890191242, 60.42400918337933, 66.6865948110974, 71.64250746034679, 75.6659310354405, 79.00092432564816, 81.79899162327548, 84.16251533992954, 86.18512314352267, 87.94594766479318, 89.49863769168947, 90.87149902017174, 92.08365203261354, 93.15430815136753, 94.09305337183446, 94.91065570826808]
cracking 0.00025
cracking 0.00025
Series([], Name: X, dtype: float64)
FPC data not found
Schi cracking rates
[0, 0.06316775677587692, 1.0764007733929133, 6.407498282422236, 18.442068841705087, 34.554475618408254, 48.75653878740922, 59.236615967958706, 67.02134472436963, 72.88003398071729, 77.42909486952163, 81.05935417126987, 84.01894324167067, 86.46097976646637, 88.48908716741977, 90.19417013511595, 91.6501878046136, 92.90658105486291, 93.99071562060875, 94.92256522936991, 95.72177375614636, 96.400226103677, 96.97111574605843]
cracking 0.000375
cracking 0.000375
Series([], Name: X, dtype: float64)
FPC data not found
Schi cracking rates
[0, 0.09435127282194002, 1.5390634732375374, 8.181491401466305, 21.6912146728233, 38.68669363783222, 53.0244807264209, 63.31188344894567, 70.80586402399693, 76.36211462437026, 80.62121172963805, 83.97894185620268, 86.68303966605077, 88.88587427845816, 90.69077344790855, 92.1865560884768, 93.444041712982, 94.5103677639884, 95.41266259805444, 96.17180520901316, 96.80824212697088, 97.33568564501867, 97.76897693062828]
cracking 0.0005
cracking 0.0005
Series([], Name: X, dtype: float64)
FPC data not found
Schi cracking rates
[0, 0.125364734852914, 1.9643622658836184, 9.60973906267298, 24.139688692768278, 41.668519871488805, 56.0144144661583, 66.10653297153164, 73.35585906594456, 78.67099717862665, 82.70501170690639, 85.85473655562468, 88.36629436109128, 90.39077417364378, 92.03090440870041, 93.37394380152858, 94.48862954399834, 95.42075512685028, 96.19759308722699, 96.84089471791927, 97.37179741013921, 97.8051442450786, 98.15640119401421]
cracking 0.000625
cracking 0.000625
Series([], Name: X, dtype: float64)
FPC data not found
Schi cracking rates
[0, 0.15619744996255952, 2.3571510669195486, 10.80574121617661, 26.095540861391136, 43.97395294356308, 58.27361307506844, 68.18225466145356, 75.22229872708913, 80.33792688488387, 84.189099020992, 87.17204270347871, 89.53090976682772, 91.41542833057524, 92.92769758857146, 94.15377480947373, 95.16091095713635, 95.99402950611316, 96.68060330348163, 97.242964138111, 97.70251319358549, 98.07446369876381, 98.37409439688025]
cracking 0.00075
cracking 0.00075
Series([], Name: X, dtype: float64)
FPC data not found
Schi cracking rates
[0, 0.18683932278551613, 2.721389336656582, 11.833042144145372, 27.71540439669944, 45.83418092748942, 60.06246756461848, 69.80215414970175, 76.66046580948975, 81.6069127669991, 85.30527524422872, 88.15039351076891, 90.38437934913553, 92.15564739223949, 93.56569262628337, 94.69958550596542, 95.62340708774781, 96.38139656445324, 97.00109781759201, 97.50505804866056, 97.91453156415012, 98.24457867678622, 98.50988313583643]
cracking 0.000875
cracking 0.000875
Series([], Name: X, dtype: float64)
FPC data not found
Schi cracking rates
[0, 0.21728088538968487, 3.060359772904767, 12.731457566989812, 29.090847227362428, 47.37985851831669, 61.52517848248053, 71.11007718497956, 77.8086373922797, 82.60909965914169, 86.17721818383882, 88.90606065558833, 91.03573703999743, 92.71342339954214, 94.04002989928473, 95.09975230604944, 95.95765381807144, 96.65733091038041, 97.22622065828408, 97.68678282768151, 98.0598535859424, 98.36006554785483, 98.60137354908399]
cracking 0.001
cracking 0.001
Series([], Name: X, dtype: float64)
FPC data not found
Schi cracking rates
[0, 0.24751327195035583, 3.3768200588588595, 13.527860905991526, 30.28040478520279, 48.69215885089455, 62.74980445917579, 72.19289807366158, 78.74962627911086, 83.42245150897853, 86.87792608384424, 89.50715791710356, 91.54833011433976, 93.14745227274787, 94.4048517999742, 95.40389898885647, 96.20870701435366, 96.86221536544436, 97.39159954931739, 97.81902668989223, 98.16477341833745, 98.44293282856744, 98.66673147321016]
cracking 0.001125
cracking 0.001125
Series([], Name: X, dtype: float64)
FPC data not found
Schi cracking rates
[0, 0.2775282387824565, 3.6731127403789405, 14.24137597599748, 31.323911674595458, 49.824977884045644, 63.79394222721694, 73.10687824608706, 79.53664508407722, 84.09670796885321, 87.45363678795182, 89.9964986778609, 91.96163535073161, 93.4939503427479, 94.69317761270281, 95.64187795212165, 96.40324514367794, 97.01953785705399, 97.51755920197544, 97.919063313527, 98.24371423691906, 98.50504221447692, 98.7156003785336]
cracking 0.00125
cracking 0.00125
Series([], Name: X, dtype: float64)
FPC data not found
Schi cracking rates
[0, 0.3073181409052731, 3.9512465465274844, 14.88616239700759, 32.249763177412696, 50.815911234414514, 64.69723389718085, 73.89038996022303, 80.20571619401787, 84.66530361360518, 87.93520770948203, 90.40243365639687, 92.30156723549767, 93.77645353293975, 94.92621680963231, 95.83261107506083, 96.5579286717232, 97.14373247859429, 97.61638463859052, 97.99716606853593, 98.30512693843066, 98.55325405081402, 98.75349817352692]
cracking 0.001375
cracking 0.001375
Series([], Name: X, dtype: float64)
FPC data not found
Schi cracking rates
[0, 0.3368759349733846, 4.212957712745405, 15.47303193471467, 33.07893831801403, 51.692203866307054, 65.4880618690901, 74.57067270581499, 80.78222648577677, 85.15163895988447, 88.3440820387409, 90.74451207753687, 92.58583944775711, 94.0108905301279, 95.11816254773184, 95.98860258272586, 96.68361944785447, 97.24407758836168, 97.69586304468288, 98.05976288686038, 98.354237979991, 98.59176992458333, 98.7837779994215]
cracking 0.0015
cracking 0.0015
Series([], Name: X, dtype: float64)
FPC data not found
Schi cracking rates
[0, 0.3661951743674984, 4.459757736545634, 16.01044577467445, 33.82738497012616, 52.47420956394101, 66.1873934054472, 75.16768931183371, 81.28465176464293, 85.5726285671283, 88.69564983966924, 91.03665723986933, 92.82696082750365, 94.20840173283393, 95.27883538132528, 96.11840502089663, 96.7876566336365, 97.32676620484966, 97.76113201563462, 98.11104958280484, 98.39442787808733, 98.62328731410702, 98.80858012787016]
cracking 0.001625
cracking 0.001625
Series([], Name: X, dtype: float64)
FPC data not found
Schi cracking rates
[0, 0.39526998256874374, 4.692970649207368, 16.50516067359987, 34.50751179154104, 53.17751516110465, 66.81112043460115, 75.69645435094776, 81.72679413440898, 85.94082425248288, 89.0012530591126, 91.28905386433156, 93.03400591510012, 94.37699492706801, 95.41522442236113, 96.22804084924368, 96.87515381043065, 97.39606879928746, 97.81569963996785, 98.15386666033538, 98.42796873651771, 98.64960861920665, 98.82932802065096]
cracking 0.00175
cracking 0.00175
Series([], Name: X, dtype: float64)
FPC data not found
Schi cracking rates
[0, 0.4240950387741833, 4.913762430214792, 16.96266322999918, 35.129162366041854, 53.81430732379909, 67.37154797348694, 76.16850828851618, 82.11919252400472, 86.26574851642594, 89.26943860112162, 91.50932101106932, 93.21370966586133, 94.52256193511766, 95.53242435320286, 96.32185873160071, 96.94976765880114, 97.45501089356046, 97.86203079582285, 98.19019563869583, 98.45643602314037, 98.67197774550311, 98.84700052067797]
cracking 0.001875
cracking 0.001875
Series([], Name: X, dtype: float64)
FPC data not found
Schi cracking rates
[0, 0.4526655807010429, 5.123165243082404, 17.38747270328711, 35.70027327661228, 54.39428080923675, 67.87837590803812, 76.59288495016362, 82.47004426401148, 86.55476117241359, 89.50676944746631, 91.70326889313195, 93.37116912991293, 94.64952559550666, 95.6342272639479, 96.40306781226698, 97.01417461927736, 97.50578988018177, 97.90190334211125, 98.22145739338325, 98.4809539194693, 98.69127886821931, 98.86229130254739]
cracking 0.002
cracking 0.002
Series([], Name: X, dtype: float64)
FPC data not found
Schi cracking rates
[0, 0.4809773727295067, 5.322096713907357, 17.7833567997741, 36.2273346696477, 54.92526456024128, 68.3393706186277, 76.97676852570397, 82.78582775842247, 86.81364383988709, 89.71836842476993, 91.87540248770316, 93.51030809140678, 94.76126485299974, 95.72350762609346, 96.4740816929616, 97.0703726248718, 97.55003514266721, 97.93662760767567, 98.24869373406858, 98.5023435482481, 98.70815569393446, 98.87570398808028]
cracking 0.002125
cracking 0.002125
Series([], Name: X, dtype: float64)
FPC data not found
Schi cracking rates
[0, 0.509026687611342, 5.5113760437143196, 18.153490597884364, 36.715718173634365, 55.413663721261216, 68.76083339094393, 77.32595033721152, 83.07173489723066, 87.04700236755197, 89.90829235694973, 92.02926664237728, 93.63419347293184, 94.86040189300813, 95.80248021171126, 96.53674705870209, 97.11988032951668, 97.58897756630206, 97.96718839306749, 98.27268460796577, 98.52121726840592, 98.72308692287814, 98.88761233712009]
cracking 0.00225
cracking 0.00225
Series([], Name: X, dtype: float64)
FPC data not found
Schi cracking rates
[0, 0.5368102829500934, 5.69173716703597, 18.50057403316153, 37.1699170920407, 55.86477785122295, 69.1479380293196, 77.64515503490637, 83.33197670187914, 87.25855174277375, 90.0797946519925, 92.16768687538084, 93.74525422195168, 94.94900019879452, 95.8728765441372, 96.59249885291165, 97.16387087230854, 97.62356303946402, 97.99433915356828, 98.2940241028227, 98.53804019118449, 98.73643524528939, 98.89829891621824]
cracking 0.002375
cracking 0.002375
Series([], Name: X, dtype: float64)
FPC data not found
Schi cracking rates
[0, 0.5643254064434587, 5.863840060258721, 18.826922345906606, 37.59372555614473, 56.28303619567867, 69.50497647394181, 77.93827905242136, 83.57000677779945, 87.45132190462395, 90.23551369306166, 92.29294164440468, 93.84543725801639, 95.02870344413145, 95.93606746214681, 96.64246654761452, 97.20326296786051, 97.65452902216401, 98.01866481947124, 98.31317221739106, 98.55317148983677, 98.74848022403286, 98.90798116939034]
cracking 0.0025
cracking 0.0025
Series([], Name: X, dtype: float64)
FPC data not found
Schi cracking rates
[0, 0.5915697377699728, 6.028279950719887, 19.134535135840146, 37.99037402593603, 56.67217405620837, 69.83554159057488, 78.20856513712, 83.78868397355126, 87.62780824035549, 90.37761135861611, 92.4068876600796, 93.93632029416358, 95.10083588863219, 95.99315145277603, 96.68755050133927, 97.23878550470108, 97.68245792668971, 98.04062592741589, 98.33049005945465, 98.56689243685176, 98.75944025917163, 98.9168286430133]
['/home/wesley/EDC/FPC/ML/results/0404_FPC_modelV5/plots/predict/30_53_320_h476/CCl4_0.000000_mass_53_temp_320_30_53_320_h476.png', '/home/wesley/EDC/FPC/ML/results/0404_FPC_modelV5/plots/predict/30_53_320_h476/CCl4_125.000000_mass_53_temp_320_30_53_320_h476.png', '/home/wesley/EDC/FPC/ML/results/0404_FPC_modelV5/plots/predict/30_53_320_h476/CCl4_250.000000_mass_53_temp_320_30_53_320_h476.png', '/home/wesley/EDC/FPC/ML/results/0404_FPC_modelV5/plots/predict/30_53_320_h476/CCl4_375.000000_mass_53_temp_320_30_53_320_h476.png', '/home/wesley/EDC/FPC/ML/results/0404_FPC_modelV5/plots/predict/30_53_320_h476/CCl4_500.000000_mass_53_temp_320_30_53_320_h476.png', '/home/wesley/EDC/FPC/ML/results/0404_FPC_modelV5/plots/predict/30_53_320_h476/CCl4_625.000000_mass_53_temp_320_30_53_320_h476.png', '/home/wesley/EDC/FPC/ML/results/0404_FPC_modelV5/plots/predict/30_53_320_h476/CCl4_750.000000_mass_53_temp_320_30_53_320_h476.png', '/home/wesley/EDC/FPC/ML/results/0404_FPC_modelV5/plots/predict/30_53_320_h476/CCl4_875.000000_mass_53_temp_320_30_53_320_h476.png', '/home/wesley/EDC/FPC/ML/results/0404_FPC_modelV5/plots/predict/30_53_320_h476/CCl4_1000.000000_mass_53_temp_320_30_53_320_h476.png', '/home/wesley/EDC/FPC/ML/results/0404_FPC_modelV5/plots/predict/30_53_320_h476/CCl4_1125.000000_mass_53_temp_320_30_53_320_h476.png', '/home/wesley/EDC/FPC/ML/results/0404_FPC_modelV5/plots/predict/30_53_320_h476/CCl4_1250.000000_mass_53_temp_320_30_53_320_h476.png', '/home/wesley/EDC/FPC/ML/results/0404_FPC_modelV5/plots/predict/30_53_320_h476/CCl4_1375.000000_mass_53_temp_320_30_53_320_h476.png', '/home/wesley/EDC/FPC/ML/results/0404_FPC_modelV5/plots/predict/30_53_320_h476/CCl4_1500.000000_mass_53_temp_320_30_53_320_h476.png', '/home/wesley/EDC/FPC/ML/results/0404_FPC_modelV5/plots/predict/30_53_320_h476/CCl4_1625.000000_mass_53_temp_320_30_53_320_h476.png', '/home/wesley/EDC/FPC/ML/results/0404_FPC_modelV5/plots/predict/30_53_320_h476/CCl4_1750.000000_mass_53_temp_320_30_53_320_h476.png', '/home/wesley/EDC/FPC/ML/results/0404_FPC_modelV5/plots/predict/30_53_320_h476/CCl4_1875.000000_mass_53_temp_320_30_53_320_h476.png', '/home/wesley/EDC/FPC/ML/results/0404_FPC_modelV5/plots/predict/30_53_320_h476/CCl4_2000.000000_mass_53_temp_320_30_53_320_h476.png', '/home/wesley/EDC/FPC/ML/results/0404_FPC_modelV5/plots/predict/30_53_320_h476/CCl4_2125.000000_mass_53_temp_320_30_53_320_h476.png', '/home/wesley/EDC/FPC/ML/results/0404_FPC_modelV5/plots/predict/30_53_320_h476/CCl4_2250.000000_mass_53_temp_320_30_53_320_h476.png', '/home/wesley/EDC/FPC/ML/results/0404_FPC_modelV5/plots/predict/30_53_320_h476/CCl4_2375.000000_mass_53_temp_320_30_53_320_h476.png', '/home/wesley/EDC/FPC/ML/results/0404_FPC_modelV5/plots/predict/30_53_320_h476/CCl4_2500.000000_mass_53_temp_320_30_53_320_h476.png']
Mean absolute error of `0404_FPC_modelV5` is 0.00000
