training_data.csv
            Experiment name: 0122_36batch
            Training Data: training_data.csv
            Do k-fold: False
            Folds num: 10
            Learning rate: 0.001
            Batch size: 18
            Epoch: 10000
            CSTR num: 100
            Training vebose: 0
            #Genearalization test
            mass flow rates = True
            CCl4 = True
            inital pressure = True
            number of tubes = True
            ncpus = 8
                
Loading data...
Training takes 1.1920928955078126e-08 min 7.152557373046875e-07 sec.
Generalization test...
Case1: Mass flow rate...
