training_data_FPC_V8_addprev_area.csv
            Experiment name: 0529_FPC_modelV6_normalsplit_B32
            Training Data: training_data_FPC_V8_addprev_area.csv
            Do k-fold: False
            Folds num: 10
            Learning rate: 0.001
            Batch size: 18
            Epoch: 10000
            CSTR num: 100
            Training vebose: 0
            # Genearalization test
            mass flow rates = True
            CCl4 = True
            inital pressure = True
            number of tubes = True
            T_in = True
            ncpus = 8
            training = False
            prediction only = False
                
Starting prediction...
cracking 0
prev_y: 0
[348.3, 368.3, array([9.99970623e-01, 6.52865207e-14, 1.11891392e-17, 1.11891392e-17,
       0.00000000e+00, 0.00000000e+00, 1.46883281e-05, 1.47692567e-12,
       2.26532495e-20, 1.46883271e-05, 2.26532495e-20, 7.71505530e-13,
       8.05486889e-16, 2.87169810e-12, 0.00000000e+00, 0.00000000e+00,
       0.00000000e+00, 0.00000000e+00, 0.00000000e+00, 0.00000000e+00,
       0.00000000e+00, 0.00000000e+00, 2.21472967e-20, 2.21472967e-20,
       1.91614364e-17, 1.69318115e-13, 3.92935171e-18, 3.92935171e-18,
       0.00000000e+00]), 10.33, 0, 1.075795436534881, 1.075795436534881, 0]
(1, 35)
prev_y: 0.0075769126415252686
[368.3, 388.3, array([9.99529876e-01, 8.07491310e-13, 6.32752568e-17, 6.32752568e-17,
       0.00000000e+00, 0.00000000e+00, 2.35061869e-04, 1.14443926e-11,
       3.74715779e-18, 2.35061745e-04, 3.74715779e-18, 6.18863732e-12,
       1.23602235e-13, 7.04724109e-10, 0.00000000e+00, 0.00000000e+00,
       0.00000000e+00, 0.00000000e+00, 0.00000000e+00, 0.00000000e+00,
       0.00000000e+00, 0.00000000e+00, 8.63744297e-17, 8.63744297e-17,
       6.89928755e-14, 5.88033043e-11, 4.76885025e-16, 4.76885025e-16,
       0.00000000e+00]), 10.33, 0, 2.11848052081991, 1.0426850842850288, 0.0075769126415252686]
(1, 35)
prev_y: 0.014566808938980103
[388.3, 405.8, array([9.95711466e-01, 6.03975197e-12, 2.67288680e-16, 2.67288680e-16,
       0.00000000e+00, 0.00000000e+00, 2.14424154e-03, 5.79346943e-11,
       2.18380050e-16, 2.14422875e-03, 2.18380050e-16, 3.54620703e-11,
       6.85771273e-12, 5.67697694e-08, 0.00000000e+00, 0.00000000e+00,
       0.00000000e+00, 0.00000000e+00, 0.00000000e+00, 0.00000000e+00,
       0.00000000e+00, 0.00000000e+00, 6.26894509e-14, 6.26894509e-14,
       4.73627377e-11, 6.33213968e-09, 2.30199300e-14, 2.30199300e-14,
       0.00000000e+00]), 10.33, 0, 3.131178741955434, 1.0126982211355244, 0.014566808938980103]
(1, 35)
prev_y: 0.024814903736114502
[405.8, 421.8, array([9.77047188e-01, 2.41880520e-11, 9.62326173e-16, 9.62326173e-16,
       0.00000000e+00, 0.00000000e+00, 1.14757238e-02, 1.62716750e-10,
       4.06198449e-15, 1.14752562e-02, 4.06198449e-15, 1.56622345e-10,
       1.24786853e-10, 1.59804970e-06, 0.00000000e+00, 0.00000000e+00,
       0.00000000e+00, 0.00000000e+00, 0.00000000e+00, 0.00000000e+00,
       0.00000000e+00, 0.00000000e+00, 9.34109377e-12, 9.34109377e-12,
       6.84865889e-09, 2.26866430e-07, 3.86709023e-13, 3.86709023e-13,
       0.00000000e+00]), 10.33, 0, 4.114339663460313, 0.9831609215048787, 0.024814903736114502]
(1, 35)
prev_y: 0.03750443458557129
[421.8, 435.3, array([9.30134321e-01, 5.26930899e-11, 2.81868247e-15, 2.81868247e-15,
       0.00000000e+00, 0.00000000e+00, 3.49267607e-02, 2.57353692e-10,
       2.39719401e-14, 3.49212220e-02, 2.39719401e-14, 5.34645339e-10,
       7.50531799e-10, 1.49259268e-05, 0.00000000e+00, 0.00000000e+00,
       0.00000000e+00, 0.00000000e+00, 0.00000000e+00, 0.00000000e+00,
       0.00000000e+00, 0.00000000e+00, 2.65616216e-10, 2.65616216e-10,
       1.95630124e-07, 2.57268751e-06, 2.16744690e-12, 2.16744690e-12,
       0.00000000e+00]), 10.33, 0, 5.0612839428354865, 0.9469442793751742, 0.03750443458557129]
(1, 35)
prev_y: 0.05285748839378357
[435.3, 446.3, array([8.56488916e-01, 8.50083606e-11, 6.84857340e-15, 6.84857340e-15,
       0.00000000e+00, 0.00000000e+00, 7.17304837e-02, 3.09006843e-10,
       7.24091272e-14, 7.17004246e-02, 7.24091272e-14, 1.41326949e-09,
       2.40766896e-09, 6.51452751e-05, 0.00000000e+00, 0.00000000e+00,
       0.00000000e+00, 0.00000000e+00, 0.00000000e+00, 0.00000000e+00,
       0.00000000e+00, 0.00000000e+00, 2.41553112e-09, 2.41553112e-09,
       1.84783246e-06, 1.31738030e-05, 6.18092676e-12, 6.18092676e-12,
       0.00000000e+00]), 10.33, 0, 5.96304046907862, 0.9017565262431332, 0.05285748839378357]
(1, 35)
prev_y: 0.070436030626297
[446.3, 455.3, array([7.66854628e-01, 1.18117858e-10, 1.44381140e-14, 1.44381140e-14,
       0.00000000e+00, 0.00000000e+00, 1.16507661e-01, 3.24637721e-10,
       1.51714946e-13, 1.16405240e-01, 1.51714946e-13, 3.01393286e-09,
       5.53574045e-09, 1.81264731e-04, 0.00000000e+00, 0.00000000e+00,
       0.00000000e+00, 0.00000000e+00, 0.00000000e+00, 0.00000000e+00,
       0.00000000e+00, 0.00000000e+00, 1.12130845e-08, 1.12130845e-08,
       9.14961754e-06, 4.20257265e-05, 1.22737822e-11, 1.22737822e-11,
       0.00000000e+00]), 10.33, 0, 6.813615868933115, 0.8505753998544953, 0.070436030626297]
(1, 35)
prev_y: 0.09776926040649414
[455.3, 462.3, array([6.73546627e-01, 1.47869580e-10, 2.65732319e-14, 2.65732319e-14,
       0.00000000e+00, 0.00000000e+00, 1.63101953e-01, 3.13997038e-10,
       2.51113612e-13, 1.62843843e-01, 2.51113612e-13, 5.40570209e-09,
       1.02707081e-08, 3.78542682e-04, 0.00000000e+00, 0.00000000e+00,
       0.00000000e+00, 0.00000000e+00, 0.00000000e+00, 0.00000000e+00,
       0.00000000e+00, 0.00000000e+00, 3.40045729e-08, 3.40045729e-08,
       3.01317585e-05, 9.88185266e-05, 1.95950837e-11, 1.95950837e-11,
       0.00000000e+00]), 10.33, 0, 7.612071746835313, 0.7984558779021979, 0.09776926040649414]
(1, 35)
prev_y: 0.13258272409439087
[462.3, 467.7, array([5.86029001e-01, 1.71704884e-10, 4.37384453e-14, 4.37384453e-14,
       0.00000000e+00, 0.00000000e+00, 2.06792412e-01, 2.87954530e-10,
       3.53771565e-13, 2.06265569e-01, 3.53771565e-13, 8.46516330e-09,
       1.63616741e-08, 6.49652681e-04, 0.00000000e+00, 0.00000000e+00,
       0.00000000e+00, 0.00000000e+00, 0.00000000e+00, 0.00000000e+00,
       0.00000000e+00, 0.00000000e+00, 7.72927795e-08, 7.72927795e-08,
       7.50229113e-05, 1.88162305e-04, 2.70932529e-11, 2.70932529e-11,
       0.00000000e+00]), 10.33, 0, 8.362044528172527, 0.7499727813372142, 0.13258272409439087]
(1, 35)
prev_y: 0.16552242636680603
[467.7, 470.7, array([5.09462327e-01, 1.85247004e-10, 6.26168140e-14, 6.26168140e-14,
       0.00000000e+00, 0.00000000e+00, 2.45014196e-01, 2.56315554e-10,
       4.41321032e-13, 2.44093900e-01, 4.41321032e-13, 1.18169075e-08,
       2.30555734e-08, 9.69542763e-04, 0.00000000e+00, 0.00000000e+00,
       0.00000000e+00, 0.00000000e+00, 0.00000000e+00, 0.00000000e+00,
       0.00000000e+00, 0.00000000e+00, 1.43489001e-07, 1.43489001e-07,
       1.52712967e-04, 3.06998514e-04, 3.39803964e-11, 3.39803964e-11,
       0.00000000e+00]), 10.33, 0, 9.070205402048584, 0.7081608738760565, 0.16552242636680603]
(1, 35)
prev_y: 0.1989755630493164
[470.7, 472.7, array([4.45449143e-01, 1.91162762e-10, 8.27027710e-14, 8.27027710e-14,
       0.00000000e+00, 0.00000000e+00, 2.76979418e-01, 2.23550011e-10,
       5.06348801e-13, 2.75550447e-01, 5.06348801e-13, 1.50905959e-08,
       2.96064040e-08, 1.30669949e-03, 0.00000000e+00, 0.00000000e+00,
       0.00000000e+00, 0.00000000e+00, 0.00000000e+00, 0.00000000e+00,
       0.00000000e+00, 0.00000000e+00, 2.30101394e-07, 2.30101394e-07,
       2.67199342e-04, 4.46588670e-04, 3.98069475e-11, 3.98069475e-11,
       0.00000000e+00]), 10.33, 0, 9.74407940416361, 0.6738740021150251, 0.1989755630493164]
(1, 35)
prev_y: 0.23198240995407104
[472.7, 474.1, array([3.92587762e-01, 1.92788632e-10, 1.03484451e-13, 1.03484451e-13,
       0.00000000e+00, 0.00000000e+00, 3.03396513e-01, 1.94181520e-10,
       5.52654068e-13, 3.01357704e-01, 5.52654068e-13, 1.81605228e-08,
       3.57549372e-08, 1.63890344e-03, 0.00000000e+00, 0.00000000e+00,
       0.00000000e+00, 0.00000000e+00, 0.00000000e+00, 0.00000000e+00,
       0.00000000e+00, 0.00000000e+00, 3.32984918e-07, 3.32984918e-07,
       4.18811073e-04, 5.99585434e-04, 4.45599989e-11, 4.45599989e-11,
       0.00000000e+00]), 10.33, 0, 10.390041544702441, 0.6459621405388315, 0.23198240995407104]
(1, 35)
prev_y: 0.26323434710502625
[474.1, 475.3, array([3.48757576e-01, 1.92593272e-10, 1.25363116e-13, 1.25363116e-13,
       0.00000000e+00, 0.00000000e+00, 3.25328911e-01, 1.69032186e-10,
       5.85662971e-13, 3.22591674e-01, 5.85662971e-13, 2.10086644e-08,
       4.14611656e-08, 1.95361684e-03, 0.00000000e+00, 0.00000000e+00,
       0.00000000e+00, 0.00000000e+00, 0.00000000e+00, 0.00000000e+00,
       0.00000000e+00, 0.00000000e+00, 4.48300456e-07, 4.48300456e-07,
       6.06112291e-04, 7.61150984e-04, 4.84042932e-11, 4.84042932e-11,
       0.00000000e+00]), 10.33, 0, 11.013143843036183, 0.623102298333742, 0.26323434710502625]
(1, 35)
prev_y: 0.29440659284591675
[475.3, 476.5, array([3.11985146e-01, 1.92018264e-10, 1.48971196e-13, 1.48971196e-13,
       0.00000000e+00, 0.00000000e+00, 3.43764105e-01, 1.47885836e-10,
       6.10201827e-13, 3.40248210e-01, 6.10201827e-13, 2.36780463e-08,
       4.68091407e-08, 2.24510491e-03, 0.00000000e+00, 0.00000000e+00,
       0.00000000e+00, 0.00000000e+00, 0.00000000e+00, 0.00000000e+00,
       0.00000000e+00, 0.00000000e+00, 5.73209883e-07, 5.73209883e-07,
       8.27355682e-04, 9.28860802e-04, 5.15313565e-11, 5.15313565e-11,
       0.00000000e+00]), 10.33, 0, 11.617184580357726, 0.6040407373215436, 0.29440659284591675]
(1, 35)
prev_y: 0.3268928527832031
[476.5, 477.6, array([2.80719268e-01, 1.91364992e-10, 1.74262646e-13, 1.74262646e-13,
       0.00000000e+00, 0.00000000e+00, 3.59477408e-01, 1.30323593e-10,
       6.29284386e-13, 3.55108165e-01, 6.29284386e-13, 2.62053284e-08,
       5.18716322e-08, 2.51117769e-03, 0.00000000e+00, 0.00000000e+00,
       0.00000000e+00, 0.00000000e+00, 0.00000000e+00, 0.00000000e+00,
       0.00000000e+00, 0.00000000e+00, 7.05760657e-07, 7.05760657e-07,
       1.08099787e-03, 1.10149304e-03, 5.41064902e-11, 5.41064902e-11,
       0.00000000e+00]), 10.33, 0, 12.205093582592953, 0.5879090022352277, 0.3268928527832031]
(1, 35)
prev_y: 0.3597366511821747
[477.6, 478.7, array([2.53809289e-01, 1.90960259e-10, 2.01722509e-13, 2.01722509e-13,
       0.00000000e+00, 0.00000000e+00, 3.73043386e-01, 1.15554412e-10,
       6.44708862e-13, 3.67750288e-01, 6.44708862e-13, 2.86149600e-08,
       5.66974974e-08, 2.75126200e-03, 0.00000000e+00, 0.00000000e+00,
       0.00000000e+00, 0.00000000e+00, 0.00000000e+00, 0.00000000e+00,
       0.00000000e+00, 0.00000000e+00, 8.44564139e-07, 8.44564139e-07,
       1.36564568e-03, 1.27835532e-03, 5.62554845e-11, 5.62554845e-11,
       0.00000000e+00]), 10.33, 0, 12.779177400952893, 0.5740838183599399, 0.3597366511821747]
(1, 35)
prev_y: 0.39216428995132446
[478.7, 479.7, array([2.30397288e-01, 1.90699257e-10, 2.31237855e-13, 2.31237855e-13,
       0.00000000e+00, 0.00000000e+00, 3.84890065e-01, 1.03128790e-10,
       6.57627053e-13, 3.78605784e-01, 6.57627053e-13, 3.09230452e-08,
       6.13191197e-08, 2.96563304e-03, 0.00000000e+00, 0.00000000e+00,
       0.00000000e+00, 0.00000000e+00, 0.00000000e+00, 0.00000000e+00,
       0.00000000e+00, 0.00000000e+00, 9.88639949e-07, 9.88639949e-07,
       1.68009281e-03, 1.45906684e-03, 5.80724869e-11, 5.80724869e-11,
       0.00000000e+00]), 10.33, 0, 13.34127807450595, 0.5621006735530584, 0.39216428995132446]
(1, 35)
prev_y: 0.42432573437690735
[479.7, 480.6, array([2.09849276e-01, 1.90542282e-10, 2.62848178e-13, 2.62848178e-13,
       0.00000000e+00, 0.00000000e+00, 3.95333327e-01, 9.25610121e-11,
       6.68611603e-13, 3.87993829e-01, 6.68611603e-13, 3.31310270e-08,
       6.57396304e-08, 3.15487279e-03, 0.00000000e+00, 0.00000000e+00,
       0.00000000e+00, 0.00000000e+00, 0.00000000e+00, 0.00000000e+00,
       0.00000000e+00, 0.00000000e+00, 1.13722123e-06, 1.13722123e-06,
       2.02311584e-03, 1.64320512e-03, 5.96272039e-11, 5.96272039e-11,
       0.00000000e+00]), 10.33, 0, 13.892930643042332, 0.5516525685363819, 0.42432573437690735]
(1, 35)
prev_y: 0.45573490858078003
[480.6, 481.5, array([1.91675524e-01, 1.90639551e-10, 2.97048690e-13, 2.97048690e-13,
       0.00000000e+00, 0.00000000e+00, 4.04616923e-01, 8.34200403e-11,
       6.78164126e-13, 3.96160861e-01, 6.78164126e-13, 3.52472391e-08,
       6.99757720e-08, 3.31986175e-03, 0.00000000e+00, 0.00000000e+00,
       0.00000000e+00, 0.00000000e+00, 0.00000000e+00, 0.00000000e+00,
       0.00000000e+00, 0.00000000e+00, 1.28972675e-06, 1.28972675e-06,
       2.39355760e-03, 1.83058714e-03, 6.09710641e-11, 6.09710641e-11,
       0.00000000e+00]), 10.33, 0, 14.43537318925948, 0.5424425462171473, 0.45573490858078003]
(1, 35)
prev_y: 0.48727887868881226
[481.5, 482.3, array([1.75493537e-01, 1.90831639e-10, 3.33654439e-13, 3.33654439e-13,
       0.00000000e+00, 0.00000000e+00, 4.12930999e-01, 7.55279491e-11,
       6.86701662e-13, 4.03299378e-01, 6.86701662e-13, 3.72771289e-08,
       7.40386176e-08, 3.46162738e-03, 0.00000000e+00, 0.00000000e+00,
       0.00000000e+00, 0.00000000e+00, 0.00000000e+00, 0.00000000e+00,
       0.00000000e+00, 0.00000000e+00, 1.44572616e-06, 1.44572616e-06,
       2.79035253e-03, 2.02110264e-03, 6.21436600e-11, 6.21436600e-11,
       0.00000000e+00]), 10.33, 0, 14.96964197576785, 0.5342687865083711, 0.48727887868881226]
(1, 35)
prev_y: 0.5176627039909363
[482.3, 483.1, array([1.61002590e-01, 1.91246313e-10, 3.73181216e-13, 3.73181216e-13,
       0.00000000e+00, 0.00000000e+00, 4.20424802e-01, 6.85969218e-11,
       6.94427944e-13, 4.09560917e-01, 6.94427944e-13, 3.92244021e-08,
       7.79356170e-08, 3.58125450e-03, 0.00000000e+00, 0.00000000e+00,
       0.00000000e+00, 0.00000000e+00, 0.00000000e+00, 0.00000000e+00,
       0.00000000e+00, 0.00000000e+00, 1.60487507e-06, 1.60487507e-06,
       3.21244382e-03, 2.21466460e-03, 6.31753699e-11, 6.31753699e-11,
       0.00000000e+00]), 10.33, 0, 15.496615807340852, 0.5269738315730016, 0.5176627039909363]
(1, 35)
prev_y: 0.5475294589996338
[483.1, 483.9, array([1.47956571e-01, 1.91895785e-10, 4.15939513e-13, 4.15939513e-13,
       0.00000000e+00, 0.00000000e+00, 4.27220417e-01, 6.24793765e-11,
       7.01641634e-13, 4.15069102e-01, 7.01641634e-13, 4.10992616e-08,
       8.16872174e-08, 3.67991634e-03, 0.00000000e+00, 0.00000000e+00,
       0.00000000e+00, 0.00000000e+00, 0.00000000e+00, 0.00000000e+00,
       0.00000000e+00, 0.00000000e+00, 1.76694152e-06, 1.76694152e-06,
       3.65893480e-03, 2.41140147e-03, 6.40898137e-11, 6.40898137e-11,
       0.00000000e+00]), 10.33, 0, 16.01701258647965, 0.520396779138799, 0.5475294589996338]
(1, 35)
ML cracking rates
{'cracking_rates': [0, 0.0075769126415252686, 0.014566808938980103, 0.024814903736114502, 0.03750443458557129, 0.05285748839378357, 0.070436030626297, 0.09776926040649414, 0.13258272409439087, 0.16552242636680603, 0.1989755630493164, 0.23198240995407104, 0.26323434710502625, 0.29440659284591675, 0.3268928527832031, 0.3597366511821747, 0.39216428995132446, 0.42432573437690735, 0.45573490858078003, 0.48727887868881226, 0.5176627039909363, 0.5475294589996338, 0.5765953660011292]}
Series([], Name: X, dtype: float64)
FPC data not found
