training_data_FPC_V8_addprev_area.csv
            Experiment name: 0522_FPC_modelV8_diffparam
            Training Data: training_data_FPC_V8_addprev_area.csv
            Do k-fold: False
            Folds num: 10
            Learning rate: 0.001
            Batch size: 18
            Epoch: 1500
            CSTR num: 100
            Training vebose: 0
            # Genearalization test
            mass flow rates = True
            CCl4 = True
            inital pressure = True
            number of tubes = False
            T_in = True
            ncpus = 8
            training = False
            prediction only = False
                
Generalization test...
Case1: Mass flow rate...
cracking 0.001
cracking 0.001
cracking 0.001
cracking 0.001
cracking 0.001
cracking 0.001
prev_y: 0
prev_y: 0
prev_y: 0
prev_y: 0.006809115409851074
prev_y: 0.016719698905944824
prev_y: 0.005012691020965576
prev_y: 0.03297984600067139
prev_y: 0.012475073337554932
prev_y: 0.056931763887405396
prev_y: 0.005622893571853638
prev_y: 0.02435240149497986
prev_y: 0.11425024271011353
prev_y: 0.013920634984970093
prev_y: 0.04227420687675476
prev_y: 0.17513424158096313
prev_y: 0.027529090642929077
prev_y: 0.08378040790557861
prev_y: 0.23047611117362976
prev_y: 0.04834479093551636
prev_y: 0.2928850054740906
prev_y: 0.12976747751235962
prev_y: 0.09690135717391968
prev_y: 0.3611289858818054
prev_y: 0.17754939198493958
prev_y: 0.1446157991886139
prev_y: 0.40255478024482727
prev_y: 0.234247624874115
prev_y: 0.4330071210861206
prev_y: 0.1956738531589508
prev_y: 0.2960466146469116
prev_y: 0.4632682204246521
prev_y: 0.2560428977012634
prev_y: 0.33554717898368835
prev_y: 0.4962681531906128
prev_y: 0.3218585252761841
prev_y: 0.3651685118675232
prev_y: 0.5259536504745483
prev_y: 0.3640122413635254
prev_y: 0.39571523666381836
prev_y: 0.5551089644432068
prev_y: 0.39477694034576416
prev_y: 0.4284801483154297
prev_y: 0.5832067728042603
prev_y: 0.42507320642471313
prev_y: 0.6114194393157959
prev_y: 0.457828164100647
prev_y: 0.4579589366912842
ML cracking rates
{'cracking_rates': [0, 0.006809115409851074, 0.016719698905944824, 0.03297984600067139, 0.056931763887405396, 0.11425024271011353, 0.17513424158096313, 0.23047611117362976, 0.2928850054740906, 0.3611289858818054, 0.40255478024482727, 0.4330071210861206, 0.4632682204246521, 0.4962681531906128, 0.5259536504745483, 0.5551089644432068, 0.5832067728042603, 0.6114194393157959, 0.6420081853866577]}
prev_y: 0.4860900044441223
prev_y: 0.48757773637771606
4536      0.724143
4537      1.803454
4538      3.377409
4539      5.920120
4540     11.801787
4541     17.967903
4542     23.894844
4543     30.400738
4544     37.291317
4545     41.702919
4546     44.896271
4547     48.012245
4548     51.455254
4549     54.539902
4550     57.506420
4551     60.361488
4552     63.110199
4553     66.047676
10207     2.654113
10208     5.118789
10211    22.382277
10212    28.868383
10213    35.764668
10214    40.286350
10215    43.602276
10216    46.816563
10217    50.331848
10218    53.481255
10219    56.501766
10220    59.402229
10221    62.189110
Name: X, dtype: float64
19
prev_y: 0.5132845640182495
prev_y: 0.5160965919494629
prev_y: 0.5398373603820801
prev_y: 0.5439819693565369
ML cracking rates
{'cracking_rates': [0, 0.005012691020965576, 0.012475073337554932, 0.02435240149497986, 0.04227420687675476, 0.08378040790557861, 0.12976747751235962, 0.17754939198493958, 0.234247624874115, 0.2960466146469116, 0.33554717898368835, 0.3651685118675232, 0.39571523666381836, 0.4284801483154297, 0.457828164100647, 0.4860900044441223, 0.5132845640182495, 0.5398373603820801, 0.5692031979560852]}
prev_y: 0.5710474252700806
27216     0.542458
27217     1.348509
27218     2.519060
27219     4.391415
27220     8.616336
27221    13.183365
27222    17.979229
27223    23.657576
27224    29.959951
27225    34.078899
27226    37.084000
27227    40.041294
27228    43.348572
27229    46.334602
27230    49.232445
27231    52.046650
27232    54.781319
27233    57.745777
32887     1.988156
32888     3.823128
32891    16.964336
32892    22.569231
32893    28.816078
32894    33.005142
32895    36.106174
32896    39.138523
32897    42.493961
32898    45.524872
32899    48.458012
32900    51.300186
32901    54.056561
Name: X, dtype: float64
19
ML cracking rates
{'cracking_rates': [0, 0.005622893571853638, 0.013920634984970093, 0.027529090642929077, 0.04834479093551636, 0.09690135717391968, 0.1446157991886139, 0.1956738531589508, 0.2560428977012634, 0.3218585252761841, 0.3640122413635254, 0.39477694034576416, 0.42507320642471313, 0.4579589366912842, 0.48757773637771606, 0.5160965919494629, 0.5439819693565369, 0.5710474252700806, 0.6010221838951111]}
15876     0.610756
15877     1.518815
15878     2.840815
15879     4.962894
15880     9.806705
15881    15.008576
15882    20.294807
15883    26.347033
15884    32.918468
15885    37.175453
15886    40.272453
15887    43.309750
15888    46.690166
15889    49.733852
15890    52.677071
15891    55.525879
15892    58.284916
15893    61.258751
21547     2.238101
21548     4.309210
21551    19.078014
21552    25.072390
21553    31.610193
21554    35.952656
21555    39.155643
21556    42.277164
21557    45.714828
21558    48.810452
21559    51.796638
21560    54.679977
21561    57.466980
Name: X, dtype: float64
19
Error in 27 mass flow rate is 0.010949 
Error in 32 mass flow rate is 0.006332 
Error in 36 mass flow rate is 0.003803 
Mass flow rate generalization takes 0.43024248679478966 min 25.814549207687378 sec.
Case2: CCl4 concentration...
cracking 0.00025
cracking 0.0
cracking 0.000125
cracking 0.000875
cracking 0.0005
cracking 0.000625
cracking 0.000375
cracking 0.00075
cracking 0.0
cracking 0.00025
cracking 0.000125
cracking 0.000875
cracking 0.0005
cracking 0.000375
cracking 0.000625
cracking 0.00075
prev_y: 0
prev_y: 0.005035728216171265
prev_y: 0.012394040822982788
prev_y: 0.02412557601928711
prev_y: 0.03985762596130371
prev_y: 0.07539090514183044
prev_y: 0.1098395586013794
prev_y: 0.14426690340042114
prev_y: 0.1960907280445099
prev_y: 0.25701725482940674
prev_y: 0.2981776297092438
prev_y: 0.3307860493659973
prev_y: 0.36272817850112915
prev_y: 0.39754539728164673
prev_y: 0.4284745752811432
prev_y: 0.4575033485889435
prev_y: 0.4846578538417816
prev_y: 0.5114524364471436
26496     0.541702
26497     1.337990
26498     2.467171
26499     4.165375
26500     7.507545
26501    11.026672
26502    14.946434
26503    20.012291
26504    26.076492
26505    30.217064
26506    33.291397
26507    36.324223
26508    39.711197
26509    42.783905
26510    45.770622
26511    48.677361
26512    51.508545
26513    54.577679
32167     1.938072
32168     3.604752
32171    14.107353
32172    19.077141
32173    25.040344
32174    29.226753
32175    32.383583
32176    35.480537
32177    38.904716
32178    42.012615
32179    45.027523
32180    47.955437
32181    50.801556
Name: X, dtype: float64
19
cracking 0.001
prev_y: 0
prev_y: 0.005041211843490601
prev_y: 0.012527048587799072
prev_y: 0.024630844593048096
prev_y: 0.04149380326271057
prev_y: 0.07844662666320801
prev_y: 0.11277920007705688
prev_y: 0.157403826713562
prev_y: 0.21014463901519775
prev_y: 0.271525502204895
prev_y: 0.31252312660217285
prev_y: 0
prev_y: 0.34424227476119995
prev_y: 0.375358521938324
prev_y: 0.4090002179145813
prev_y: 0.439025342464447
prev_y: 0.005038470029830933
prev_y: 0.468387633562088
prev_y: 0.012462705373764038
prev_y: 0.4970785975456238
prev_y: 0.024101227521896362
prev_y: 0.5249683260917664
prev_y: 0.04026907682418823
prev_y: 0
26676     0.541349
26677     1.341674
26678     2.484447
26679     4.237044
26680     7.837187
26681    11.660980
26682    15.856541
26683    21.130030
26684    27.266428
26685    31.391476
26686    34.436951
26687    37.439999
26688    40.796062
26689    43.836716
26690    46.792538
26691    49.667618
26692    52.466686
26693    55.502041
32347     1.955185
32348     3.674968
32351    14.966463
32352    20.147499
32353    26.197657
32354    30.376007
32355    33.508472
32356    36.579025
32357    39.975403
32358    43.054581
32359    46.040283
32360    48.938595
32361    51.754738
Name: X, dtype: float64
19
prev_y: 0.07722115516662598
cracking 0.001125
prev_y: 0.11076954007148743
prev_y: 0.15168389678001404
prev_y: 0.005044519901275635
prev_y: 0.20471417903900146
prev_y: 0.01260530948638916
prev_y: 0
prev_y: 0.26613515615463257
prev_y: 0.024516433477401733
prev_y: 0
prev_y: 0.3085578382015228
prev_y: 0.04118606448173523
prev_y: 0.33871984481811523
prev_y: 0.07939261198043823
prev_y: 0.36995938420295715
prev_y: 0.12064686417579651
prev_y: 0.0050206780433654785
prev_y: 0.4024774432182312
prev_y: 0.167962908744812
prev_y: 0.0050439536571502686
prev_y: 0.01250872015953064
prev_y: 0.216573566198349
prev_y: 0.432813435792923
prev_y: 0.012584030628204346
prev_y: 0.024334043264389038
prev_y: 0.4622248709201813
prev_y: 0.2769209146499634
prev_y: 0.024918973445892334
prev_y: 0.04195818305015564
prev_y: 0.04130089282989502
prev_y: 0.4907642602920532
prev_y: 0.3171881437301636
prev_y: 0.08238273859024048
prev_y: 0.07895961403846741
prev_y: 0.5188407301902771
prev_y: 0.34734442830085754
prev_y: 0.1277848482131958
prev_y: 0.11721348762512207
prev_y: 0.37760674953460693
26586     0.541053
26587     1.340141
26588     2.476842
26589     4.203300
26590     7.679679
26591    11.356103
26592    15.419874
26593    20.596409
26594    26.698132
26595    30.829142
26596    33.887325
26597    36.903980
26598    40.273952
26599    43.329025
26600    46.298855
26601    49.188999
26602    52.002823
26603    55.054344
32257     1.947242
32258     3.642408
32261    14.554661
32262    19.636328
32263    25.644800
32264    29.825911
32265    32.968884
32266    36.051121
32267    39.459869
32268    42.552090
32269    45.551327
32270    48.463448
32271    51.293407
Name: X, dtype: float64
19
prev_y: 0.17421802878379822
prev_y: 0.16221249103546143
prev_y: 0.410674512386322
prev_y: 0.22963115572929382
prev_y: 0.21576160192489624
cracking 0.00125
prev_y: 0.44035330414772034
prev_y: 0.2909240126609802
prev_y: 0.27455657720565796
prev_y: 0.46899792551994324
prev_y: 0.3154682517051697
prev_y: 0.33122628927230835
prev_y: 0.3460850417613983
prev_y: 0.49667203426361084
prev_y: 0.3606598377227783
prev_y: 0.37726062536239624
prev_y: 0.5233024954795837
prev_y: 0.3910164535045624
prev_y: 0.41042056679725647
prev_y: 0.42386990785598755
prev_y: 0.4403676986694336
26856     0.541882
26857     1.344231
26858     2.497915
26859     4.295200
26860     8.122637
26861    12.217281
26862    16.644733
26863    22.081114
26864    28.279892
26865    32.398544
26866    35.425644
26867    38.408493
26868    41.742748
26869    44.761127
26870    47.692856
26871    50.543480
26872    53.317299
26873    56.324795
32527     1.967979
32528     3.731189
32531    15.708635
32532    21.058371
32533    27.182899
32534    31.361494
32535    34.478882
32536    37.532063
32537    40.909870
32538    43.968147
32539    46.932514
32540    49.808250
32541    52.600548
Name: X, dtype: float64
19
prev_y: 0.4532639682292938
prev_y: 0.4694165289402008
cracking 0.001375
prev_y: 0.48156240582466125
prev_y: 0.4975994825363159
prev_y: 0
prev_y: 0.524821400642395
prev_y: 0.5088099837303162
prev_y: 0.5352910161018372
26766     0.541325
26767     1.342926
26768     2.491726
26769     4.266912
26770     7.984195
26771    11.946932
26772    16.263231
26773    21.622541
26774    27.791443
26775    31.912319
26776    34.947720
26777    37.939823
26778    41.284466
26779    44.312798
26780    47.255867
26781    50.118141
26782    52.903507
26783    55.924343
32437     1.961841
32438     3.704316
32441    15.349513
32442    20.619343
32443    26.707998
32444    30.885918
32445    34.010067
32446    37.070984
32447    40.457230
32448    43.525303
32449    46.499355
32450    49.385841
32451    52.189384
Name: X, dtype: float64
19
27126     0.541825
27127     1.347661
27128     2.514255
27129     4.369035
27130     8.499916
27131    12.956445
27132    17.669851
27133    23.295486
27134    29.574274
27135    33.692043
27136    36.701366
27137    39.663750
27138    42.976536
27139    45.969486
27140    48.874496
27141    51.696651
27142    54.439999
27143    57.414059
32797     1.983494
32798     3.801911
32801    16.673145
32802    22.222090
32803    28.441011
32804    32.626896
32805    35.730701
32806    38.766991
32807    42.126820
32808    45.189877
32809    48.103359
32810    50.952766
32811    53.717201
Name: X, dtype: float64
19
cracking 0.0015
prev_y: 0.005036592483520508
prev_y: 0
prev_y: 0.012573808431625366
cracking 0.001625
prev_y: 0.02440178394317627
prev_y: 0.04136461019515991
prev_y: 0.0050286054611206055
prev_y: 0.012541592121124268
prev_y: 0.07991427183151245
prev_y: 0.024346858263015747
prev_y: 0.12337622046470642
prev_y: 0.041653573513031006
prev_y: 0.17045947909355164
prev_y: 0.08106750249862671
prev_y: 0.22095021605491638
prev_y: 0.1257244050502777
prev_y: 0.281870573759079
prev_y: 0.17271184921264648
prev_y: 0.3222230076789856
prev_y: 0.22571027278900146
prev_y: 0.3517124056816101
prev_y: 0.2872844338417053
prev_y: 0.38141894340515137
prev_y: 0.32770758867263794
prev_y: 0.4143885374069214
prev_y: 0.35713356733322144
prev_y: 0.44393008947372437
prev_y: 0.387148380279541
prev_y: 0.4724043011665344
prev_y: 0.49987155199050903
prev_y: 0.42008450627326965
prev_y: 0.5262160301208496
prev_y: 0.44961777329444885
prev_y: 0.47803884744644165
26946     0.541728
26947     1.345468
26948     2.503976
26949     4.321380
26950     8.253869
26951    12.474607
26952    17.004583
26953    22.510054
26954    28.737150
26955    32.854691
26956    35.874935
26957    38.849796
26958    42.176178
26959    45.184940
26960    48.106636
26961    50.946999
26962    53.709663
26963    56.705158
32617     1.973470
32618     3.756246
32621    16.047337
32622    21.469456
32623    27.627365
32624    31.807812
32625    34.919773
32626    37.966515
32627    41.337311
32628    44.387512
32629    47.342590
32630    50.208595
32631    52.990883
Name: X, dtype: float64
19
prev_y: 0.5054275393486023
prev_y: 0.5317869186401367
cracking 0.00175
27036     0.542414
27037     1.346515
27038     2.509336
27039     4.345644
27040     8.379178
27041    12.720531
27042    17.345581
27043    22.913807
27044    29.167658
27045    33.284927
27046    36.299171
27047    39.267300
27048    42.586494
27049    45.586723
27050    48.499870
27051    51.330868
27052    54.083344
27053    57.067833
32707     1.978695
32708     3.779629
32711    16.368149
32712    21.856274
32713    28.045601
32714    32.228561
32715    35.336056
32716    38.377071
32717    41.742035
32718    44.785194
32719    47.732018
32720    50.589596
32721    53.362576
Name: X, dtype: float64
19
cracking 0.001875
cracking 0.001
cracking 0.001125
cracking 0.00125
cracking 0.001375
cracking 0.0015
cracking 0.001625
cracking 0.00175
cracking 0.001875
prev_y: 0
prev_y: 0.005012691020965576
prev_y: 0.012475073337554932
prev_y: 0.02435240149497986
prev_y: 0.04227420687675476
prev_y: 0.08378040790557861
prev_y: 0.12976747751235962
prev_y: 0.17754939198493958
prev_y: 0.234247624874115
prev_y: 0.2960466146469116
prev_y: 0.33554717898368835
prev_y: 0.3651685118675232
prev_y: 0.39571523666381836
prev_y: 0.4284801483154297
prev_y: 0.457828164100647
prev_y: 0.4860900044441223
prev_y: 0.5132845640182495
prev_y: 0.5398373603820801
27216     0.542458
27217     1.348509
27218     2.519060
27219     4.391415
27220     8.616336
27221    13.183365
27222    17.979229
27223    23.657576
27224    29.959951
27225    34.078899
27226    37.084000
27227    40.041294
27228    43.348572
27229    46.334602
27230    49.232445
27231    52.046650
27232    54.781319
27233    57.745777
32887     1.988156
32888     3.823128
32891    16.964336
32892    22.569231
32893    28.816078
32894    33.005142
32895    36.106174
32896    39.138523
32897    42.493961
32898    45.524872
32899    48.458012
32900    51.300186
32901    54.056561
Name: X, dtype: float64
19
cracking 0.002
prev_y: 0
prev_y: 0.005004823207855225
prev_y: 0.012440592050552368
prev_y: 0.024394750595092773
prev_y: 0.042576760053634644
prev_y: 0.08513641357421875
prev_y: 0.13164955377578735
prev_y: 0.1805783212184906
prev_y: 0.23764583468437195
prev_y: 0.29882219433784485
prev_y: 0.3380550444126129
prev_y: 0.3679337501525879
prev_y: 0.3984537124633789
prev_y: 0.4311809539794922
prev_y: 0.46045514941215515
prev_y: 0.48864737153053284
prev_y: 0
prev_y: 0
prev_y: 0.5157915353775024
prev_y: 0.005015522241592407
prev_y: 0.005127012729644775
prev_y: 0.012448519468307495
prev_y: 0.5424013137817383
prev_y: 0.012629270553588867
prev_y: 0.024454355239868164
prev_y: 0.024817824363708496
27306     0.542610
27307     1.349266
27308     2.523576
27309     4.412122
27310     8.728655
27311    13.402409
27312    18.275398
27313    24.002178
27314    30.327028
27315    34.447632
27316    37.448933
27317    40.401661
27318    43.704071
27319    46.684307
27320    49.575214
27321    52.381802
27322    55.108685
27323    58.063862
32977     1.992446
32978     3.843329
32981    17.243002
32982    22.899742
32983    29.173098
32984    33.365719
32985    36.464256
32986    39.493118
32987    42.844631
32988    45.870312
32989    48.797527
32990    51.633106
32991    54.382198
Name: X, dtype: float64
19
prev_y: 0.042774468660354614
prev_y: 0.043463677167892456
prev_y: 0.08631154894828796
prev_y: 0.0898565948009491
cracking 0.002125
prev_y: 0.13350096344947815
prev_y: 0.14112478494644165
prev_y: 0.18313530087471008
prev_y: 0.19366031885147095
prev_y: 0.23956844210624695
prev_y: 0.2526246905326843
prev_y: 0.3019752502441406
prev_y: 0
prev_y: 0
prev_y: 0.3141072988510132
prev_y: 0.3410142660140991
prev_y: 0.35460227727890015
prev_y: 0.005071043968200684
prev_y: 0.3709632158279419
prev_y: 0.005043208599090576
prev_y: 0.012540072202682495
prev_y: 0.3852502703666687
prev_y: 0.01249462366104126
prev_y: 0.40135905146598816
prev_y: 0.02461385726928711
prev_y: 0.41536468267440796
prev_y: 0.43399277329444885
prev_y: 0.024527639150619507
prev_y: 0.04309388995170593
prev_y: 0.4478805661201477
prev_y: 0.04292675852775574
prev_y: 0.463216632604599
prev_y: 0.08823871612548828
prev_y: 0.47703009843826294
prev_y: 0
prev_y: 0.08733773231506348
prev_y: 0.4913371503353119
prev_y: 0.5050569772720337
prev_y: 0.13712623715400696
prev_y: 0.13532361388206482
prev_y: 0.005098968744277954
prev_y: 0.5323776006698608
prev_y: 0.1883326768875122
prev_y: 0.5184783935546875
prev_y: 0.1860581636428833
prev_y: 0.012584954500198364
prev_y: 0.5589019060134888
prev_y: 0.2468366026878357
prev_y: 0.5450788736343384
prev_y: 0.02471110224723816
prev_y: 0.2437172830104828
prev_y: 0.3094451427459717
27756     0.543240
27757     1.353550
27758     2.543712
27759     4.507874
27760     9.246910
27761    14.398619
27762    19.593386
27763    25.518168
27764    31.941961
27765    36.073360
27766    39.061821
27767    41.997856
27768    45.282249
27769    48.238506
27770    51.101791
27771    53.877739
27772    56.570747
27773    59.487003
33427     2.011913
33428     3.934414
33431    18.484421
33432    24.354527
33433    30.743607
33434    34.956093
33435    38.047081
33436    41.063995
33437    44.402119
33438    47.407864
33439    50.310738
33440    53.118423
33441    55.836315
Name: X, dtype: float64
19
27396     0.542472
27397     1.350076
27398     2.527795
27399     4.432566
27400     8.837959
27401    13.613895
27402    18.559248
27403    24.331181
27404    30.677729
27405    34.800129
27406    37.797985
27407    40.746830
27408    44.044872
27409    47.019554
27410    49.903885
27411    52.703873
27412    55.423183
27413    58.369591
33067     1.996713
33068     3.862861
33071    17.510315
33072    23.215191
33073    29.513828
33074    33.710419
33075    36.806835
33076    39.832638
33077    43.180828
33078    46.201775
33079    49.123581
33080    51.952835
33081    54.694805
Name: X, dtype: float64
19
prev_y: 0.04327338933944702
prev_y: 0.34855252504348755
prev_y: 0.3066871166229248
cracking 0.00225
prev_y: 0.08896282315254211
prev_y: 0.34535717964172363
prev_y: 0.3789808750152588
cracking 0.002375
prev_y: 0.37547367811203003
prev_y: 0.4091905355453491
prev_y: 0.13903599977493286
prev_y: 0.4057548940181732
prev_y: 0.4417540431022644
prev_y: 0.19108149409294128
prev_y: 0.4383576810359955
prev_y: 0.24990850687026978
prev_y: 0.47094184160232544
prev_y: 0.49902409315109253
prev_y: 0.4675745666027069
prev_y: 0.31195521354675293
prev_y: 0.5262933373451233
prev_y: 0.4956910312175751
prev_y: 0.3517785668373108
prev_y: 0.5528547763824463
prev_y: 0.38250911235809326
prev_y: 0.522921085357666
prev_y: 0.4126686751842499
27576     0.542676
27577     1.351919
27578     2.536466
27579     4.471398
27580     9.047612
27581    14.017790
27582    19.095016
27583    24.948162
27584    31.335169
27585    35.461308
27586    38.454155
27587    41.396130
27588    44.686485
27589    47.651424
27590    50.524719
27591    53.311901
27592    56.017242
27593    58.947922
33247     2.004540
33248     3.899724
33251    18.014812
33252    23.807268
33253    30.153074
33254    34.357578
33255    37.450680
33256    40.471684
33257    43.814156
33258    46.826836
33259    49.738602
33260    52.556316
33261    55.285847
Name: X, dtype: float64
19
prev_y: 0.5494899749755859
prev_y: 0.4452141523361206
cracking 0.0025
27486     0.542807
27487     1.351246
27488     2.532054
27489     4.452388
27490     8.943993
27491    13.818852
27492    18.832161
27493    24.646019
27494    31.013302
27495    35.137512
27496    38.132671
27497    41.077824
27498    44.371891
27499    47.341526
27500    50.220081
27501    53.013393
27502    55.725685
27503    58.664047
33157     2.000722
33158     3.881589
33161    17.767252
33162    23.517315
33163    29.840088
33164    34.040627
33165    37.135242
33166    40.158489
33167    43.503643
33168    46.520302
33169    49.436935
33170    52.259995
33171    54.995678
Name: X, dtype: float64
19
prev_y: 0.4743935465812683
prev_y: 0.5024614334106445
prev_y: 0.5297748446464539
prev_y: 0.5563329458236694
27666     0.543104
27667     1.352754
27668     2.540131
27669     4.489710
27670     9.148190
27671    14.210928
27672    19.348587
27673    25.238491
27674    31.644516
27675    35.772999
27676    38.763474
27677    41.702236
27678    44.989590
27679    47.950134
27680    50.818348
27681    53.599792
27682    56.298611
27683    59.221794
33337     2.008337
33338     3.917323
33341    18.253675
33342    24.086052
33343    30.453899
33344    34.662251
33345    37.754295
33346    40.773239
33347    44.113411
33348    47.122414
33349    50.029663
33350    52.842213
33351    55.566029
Name: X, dtype: float64
19
prev_y: 0
prev_y: 0.005155354738235474
prev_y: 0.012672990560531616
prev_y: 0.02493274211883545
prev_y: 0.0436629056930542
prev_y: 0.09084928035736084
prev_y: 0.14342543482780457
prev_y: 0.196111261844635
prev_y: 0.2552424967288971
prev_y: 0.31769949197769165
prev_y: 0.3582153916358948
prev_y: 0.3887960910797119
prev_y: 0.4188988506793976
prev_y: 0.451433002948761
prev_y: 0.4806084632873535
prev_y: 0.5086526870727539
prev_y: 0.5360270738601685
prev_y: 0.5625548958778381
27846     0.543392
27847     1.353964
27848     2.547776
27849     4.525368
27850     9.343522
27851    14.581598
27852    19.830307
27853    25.787788
27854    32.229309
27855    36.363182
27856    39.349762
27857    42.283451
27858    45.564930
27859    48.517471
27860    51.376205
27861    54.146992
27862    56.833817
27863    59.743198
33517     1.744130
33518     3.336127
33521    17.143639
33522    22.835997
33523    29.049589
33524    34.203415
33525    37.591595
33526    40.547531
33527    43.448956
33528    46.692268
33529    49.608681
33530    52.431084
33531    55.165054
Name: X, dtype: float64
19
cracking 0.002
cracking 0.002125
cracking 0.00225
cracking 0.002375
cracking 0.0025
prev_y: 0
prev_y: 0.005183786153793335
prev_y: 0.01271626353263855
prev_y: 0.025054842233657837
prev_y: 0.04387015104293823
prev_y: 0.09182268381118774
prev_y: 0
prev_y: 0.1455155909061432
prev_y: 0.005212277173995972
prev_y: 0.19844788312911987
prev_y: 0.012759029865264893
prev_y: 0.2577882409095764
prev_y: 0.025183439254760742
prev_y: 0.3209933638572693
prev_y: 0.04408445954322815
prev_y: 0.09277915954589844
prev_y: 0.36153095960617065
prev_y: 0.14745518565177917
prev_y: 0.39206618070602417
prev_y: 0.20071646571159363
prev_y: 0.42216962575912476
prev_y: 0.26031264662742615
prev_y: 0.45472750067710876
prev_y: 0
prev_y: 0.3235155940055847
prev_y: 0.4839297831058502
prev_y: 0.511989414691925
prev_y: 0.36407187581062317
prev_y: 0.005240976810455322
prev_y: 0.5394075512886047
prev_y: 0.39457547664642334
prev_y: 0.012801319360733032
prev_y: 0.5659297704696655
prev_y: 0.025317788124084473
prev_y: 0.42467719316482544
prev_y: 0.4572415351867676
prev_y: 0.04430496692657471
27936     0.543270
27937     1.354699
27938     2.551046
27939     4.542449
27940     9.437722
27941    14.759844
27942    20.059813
27943    26.048229
27944    32.506779
27945    36.643238
27946    39.628147
27947    42.559517
27948    45.838524
27949    48.787399
27950    51.641895
27951    54.407429
27952    57.088913
27953    59.992123
33607     2.018900
33608     3.967109
33611    18.924217
33612    24.863777
33613    31.293041
33614    35.513557
33615    38.603218
33616    41.616764
33617    44.951412
33618    47.950775
33619    50.845932
33620    53.644531
33621    56.352123
Name: X, dtype: float64
19
prev_y: 0.09372040629386902
prev_y: 0.4864448606967926
prev_y: 0.5144932270050049
prev_y: 0.14919093251228333
prev_y: 0.5419220328330994
prev_y: 0.2027221918106079
prev_y: 0.5684134364128113
prev_y: 0.26339030265808105
prev_y: 0.3263828158378601
28026     0.543575
28027     1.355534
28028     2.554432
28029     4.558943
28030     9.530605
28031    14.933734
28032    20.282272
28033    26.300188
28034    32.775318
28035    36.914417
28036    39.897678
28037    42.826954
28038    46.103859
28039    49.049004
28040    51.899342
28041    54.660053
28042    57.336227
28043    60.232941
33697     2.022188
33698     3.983020
33701    19.134233
33702    25.106014
33703    31.554218
33704    35.778847
33705    38.868099
33706    41.880196
33707    45.213154
33708    48.209831
33709    51.101192
33710    53.895512
33711    56.598236
Name: X, dtype: float64
19
prev_y: 0.36692655086517334
prev_y: 0.3974118232727051
prev_y: 0.42753466963768005
prev_y: 0.46013280749320984
prev_y: 0.4893665015697479
prev_y: 0.5174843668937683
prev_y: 0.5449473261833191
prev_y: 0.571425199508667
28116     0.543528
28117     1.356186
28118     2.557711
28119     4.575198
28120     9.621357
28121    15.103373
28122    20.498394
28123    26.544270
28124    33.035316
28125    37.176598
28126    40.158909
28127    43.086243
28128    46.360798
28129    49.302807
28130    52.149208
28131    54.905220
28132    57.576035
28133    60.467091
33787     2.025409
33788     3.998315
33791    19.338221
33792    25.340763
33793    31.807278
33794    36.035862
33795    39.124317
33796    42.135399
33797    45.467037
33798    48.460777
33799    51.349152
33800    54.139244
33801    56.837082
Name: X, dtype: float64
19
prev_y: 0
prev_y: 0.005269795656204224
prev_y: 0.012843161821365356
prev_y: 0
prev_y: 0.025457382202148438
prev_y: 0.04453110694885254
prev_y: 0.005287975072860718
prev_y: 0.09464821219444275
prev_y: 0.012883961200714111
prev_y: 0.15095141530036926
prev_y: 0.025601744651794434
prev_y: 0.20477092266082764
prev_y: 0.04476252198219299
prev_y: 0.26592394709587097
prev_y: 0.09556388854980469
prev_y: 0.15268206596374512
prev_y: 0.3287792503833771
prev_y: 0.20684930682182312
prev_y: 0.36929750442504883
prev_y: 0.26866888999938965
prev_y: 0.3997785747051239
prev_y: 0.3314060866832733
prev_y: 0.4299236238002777
prev_y: 0.3718723654747009
prev_y: 0.46254774928092957
prev_y: 0.4023652672767639
prev_y: 0.4917990267276764
prev_y: 0.5199671983718872
prev_y: 0.43255215883255005
prev_y: 0.5474467873573303
prev_y: 0.4652242660522461
prev_y: 0.5738986134529114
prev_y: 0.49451586604118347
28206     0.627169
28207     1.535913
28208     2.917857
28209     5.380042
28210    11.180683
28211    16.174807
28212    22.302740
28213    28.510355
28214    33.872265
28215    37.995029
28216    40.960819
28217    43.870090
28218    47.123203
28219    50.044552
28220    52.869083
28221    55.603046
28222    58.250938
28223    61.041443
33877     2.028660
33878     4.013438
33881    19.536596
33882    25.568455
33883    32.052765
33884    36.285275
33885    39.373341
33886    42.383324
33887    45.713516
33888    48.704849
33889    51.589844
33890    54.376019
33891    57.069374
Name: X, dtype: float64
19
prev_y: 0.5227523446083069
prev_y: 0.5502641201019287
prev_y: 0.5767008066177368
28296     0.715075
28297     1.753300
28298     3.380307
28299     6.533431
28300    12.606651
28301    18.110371
28302    23.982710
28303    30.302004
28304    35.496487
28305    38.886726
28306    41.835896
28307    44.727448
28308    47.959572
28309    50.859642
28310    53.661911
28311    56.372982
28312    58.997246
28313    61.612911
33967     2.031729
33968     4.028282
33971    19.729744
33972    25.789556
33973    32.291306
33974    36.527508
33975    39.615082
33976    42.624306
33977    45.953175
33978    48.941998
33979    51.823925
33980    54.606083
33981    57.295177
Name: X, dtype: float64
19
Error in concentration in 0.0ppm is 0.001882 
Error in concentration in 125.0ppm is 0.000987 
Error in concentration in 250.0ppm is 0.000803 
Error in concentration in 375.0ppm is 0.002074 
Error in concentration in 500.0ppm is 0.004700 
Error in concentration in 625.0ppm is 0.004935 
Error in concentration in 750.0ppm is 0.004121 
Error in concentration in 875.0ppm is 0.004352 
Error in concentration in 1000.0ppm is 0.003803 
Error in concentration in 1125.0ppm is 0.004264 
Error in concentration in 1250.0ppm is 0.004634 
Error in concentration in 1375.0ppm is 0.003942 
Error in concentration in 1500.0ppm is 0.003850 
Error in concentration in 1625.0ppm is 0.003645 
Error in concentration in 1750.0ppm is 0.003771 
Error in concentration in 1875.0ppm is 0.003302 
Error in concentration in 2000.0ppm is 0.002937 
Error in concentration in 2125.0ppm is 0.002960 
Error in concentration in 2250.0ppm is 0.002704 
Error in concentration in 2375.0ppm is 0.009041 
Error in concentration in 2500.0ppm is 0.016430 
CCl4 concentration generalization takes 1.2000131408373516 min 12.000788450241089 sec.
Case3: Initial pressure...
cracking 0.001
cracking 0.001
cracking 0.001
cracking 0.001
cracking 0.001
cracking 0.001
cracking 0.001
cracking 0.001
cracking 0.001
cracking 0.001
prev_y: 0
prev_y: 0.005012691020965576
prev_y: 0.012475073337554932
prev_y: 0.02435240149497986
prev_y: 0.04227420687675476
prev_y: 0.08378040790557861
prev_y: 0.12976747751235962
prev_y: 0.17754939198493958
prev_y: 0.234247624874115
prev_y: 0.2960466146469116
prev_y: 0.33554717898368835
prev_y: 0.3651685118675232
prev_y: 0
prev_y: 0.39571523666381836
prev_y: 0.4284801483154297
prev_y: 0.457828164100647
prev_y: 0.004322052001953125
prev_y: 0.4860900044441223
prev_y: 0.010834336280822754
prev_y: 0.5132845640182495
prev_y: 0.021150320768356323
prev_y: 0.03563392162322998
prev_y: 0.5398373603820801
prev_y: 0.07180830836296082
27216     0.542458
27217     1.348509
27218     2.519060
27219     4.391415
27220     8.616336
27221    13.183365
27222    17.979229
27223    23.657576
27224    29.959951
27225    34.078899
27226    37.084000
27227    40.041294
27228    43.348572
27229    46.334602
27230    49.232445
27231    52.046650
27232    54.781319
27233    57.745777
32887     1.988156
32888     3.823128
32891    16.964336
32892    22.569231
32893    28.816078
32894    33.005142
32895    36.106174
32896    39.138523
32897    42.493961
32898    45.524872
32899    48.458012
32900    51.300186
32901    54.056561
Name: X, dtype: float64
19
prev_y: 0.11157894134521484
prev_y: 0.15436047315597534
prev_y: 0.2016143798828125
prev_y: 0.2564573287963867
prev_y: 0.2951326370239258
prev_y: 0.322548508644104
prev_y: 0.3504863977432251
prev_y: 0.3823157250881195
prev_y: 0.4109014570713043
prev_y: 0.4383623003959656
prev_y: 0.46482956409454346
prev_y: 0.4904050827026367
27180     0.454785
27181     1.130655
27182     2.114152
27183     3.696109
27184     7.284056
27185    11.155511
27186    15.298104
27187    20.355278
27188    26.109171
27189    29.918217
27190    32.715446
27191    35.482731
27192    38.594120
27193    41.417507
27194    44.170925
27195    46.858204
27196    49.483093
27197    52.345600
32851     1.672907
32852     3.230075
32855    14.516745
32856    19.502863
32857    25.189457
32858    29.052176
32859    31.931536
32860    34.761982
32861    37.910316
32862    40.768604
32863    43.548790
32864    46.255814
32865    48.894310
Name: X, dtype: float64
19
prev_y: 0
prev_y: 0.005359470844268799
prev_y: 0.013422906398773193
prev_y: 0.026152819395065308
prev_y: 0.045961350202560425
prev_y: 0.09187972545623779
prev_y: 0.1396326720714569
prev_y: 0.1889936327934265
prev_y: 0.24863383173942566
prev_y: 0.31305187940597534
prev_y: 0
prev_y: 0.35419905185699463
prev_y: 0.3852187991142273
prev_y: 0.005723804235458374
prev_y: 0.4158793091773987
prev_y: 0.01445096731185913
prev_y: 0.4489152133464813
prev_y: 0.028104275465011597
prev_y: 0.4785771667957306
prev_y: 0.5071058869361877
prev_y: 0.04991808533668518
prev_y: 0.5350069403648376
prev_y: 0
prev_y: 0.09774601459503174
prev_y: 0.5621727705001831
prev_y: 0.1490626335144043
27234     0.586226
27235     1.456787
27236     2.720463
27237     4.736258
27238     9.276443
27239    14.178668
27240    19.268429
27241    25.208618
27242    31.733568
27243    35.971470
27244    39.051460
27245    42.074471
27246    45.446541
27247    48.482704
27248    51.420414
27249    54.265423
27250    57.022522
27251    60.001507
32905     2.145028
32906     4.117322
32909    18.143463
32910    24.015234
32911    30.494621
32912    34.812271
32913    37.995739
32914    41.100273
32915    44.527157
32916    47.613293
32917    50.591789
32918    53.469505
32919    56.252918
Name: X, dtype: float64
19
prev_y: 0.2000024914741516
prev_y: 0.004654616117477417
prev_y: 0.26153063774108887
prev_y: 0.011624008417129517
prev_y: 0.3280521035194397
prev_y: 0.022681236267089844
prev_y: 0.37132495641708374
prev_y: 0.0388205349445343
prev_y: 0.40287303924560547
prev_y: 0.0770004391670227
prev_y: 0.4336857795715332
prev_y: 0.12035620212554932
prev_y: 0.4669218063354492
prev_y: 0.1655326783657074
prev_y: 0.49678200483322144
prev_y: 0.5258952379226685
prev_y: 0.21804121136665344
prev_y: 0.5541862845420837
prev_y: 0.276777446269989
prev_y: 0.5808709859848022
prev_y: 0.31592175364494324
prev_y: 0.3445580005645752
27252     0.629719
27253     1.565561
27254     2.921959
27255     5.080405
27256     9.933167
27257    15.161333
27258    20.523582
27259    26.698008
27260    33.417145
27261    37.754749
27262    40.894264
27263    43.968117
27264    47.389000
27265    50.459202
27266    53.421783
27267    56.282993
27268    59.047371
27269    62.025661
32923     2.301587
32924     4.410195
32927    19.293867
32928    25.407755
32929    32.092968
32930    36.520485
32931    39.771515
32932    42.933533
32933    46.415279
32934    49.541054
32935    52.549808
32936    55.448601
32937    58.244057
Name: X, dtype: float64
19
prev_y: 0.37395256757736206
prev_y: 0.40653902292251587
prev_y: 0.4355855882167816
prev_y: 0.463527649641037
prev_y: 0.4904925227165222
prev_y: 0.5164644122123718
27198     0.498813
27199     1.239803
27200     2.316923
27201     4.044648
27202     7.952158
27203    12.175834
27204    16.656191
27205    22.041237
27206    28.088306
27207    32.065742
27208    34.977886
27209    37.851376
27210    41.073231
27211    43.990482
27212    46.828388
27213    49.592281
27214    52.285259
27215    55.213360
32869     1.830757
32870     3.527285
32873    15.755860
32874    21.066385
32875    27.050220
32876    31.089109
32877    34.089897
32878    37.032177
32879    40.296383
32880    43.252800
32881    46.121750
32882    48.908863
32883    51.619415
Name: X, dtype: float64
19
Error in 10.4atm is 0.002489 
Error in 11.4atm is 0.003223 
Error in 12.4atm is 0.003803 
Error in 13.4atm is 0.004062 
Error in 14.4atm is 0.004942 
Initial pressure generalization takes 0.442404826482137 min 26.544289588928223 sec.
Case5: Initial T_in...
cracking 0.001
cracking 0.001
cracking 0.001
cracking 0.001
cracking 0.001
cracking 0.001
cracking 0.001
cracking 0.001
cracking 0.001
cracking 0.001
cracking 0.001
cracking 0.001
prev_y: 0
prev_y: 0
prev_y: 0
prev_y: 0.0075560808181762695
prev_y: 0.01943269371986389
prev_y: 0.004248678684234619
prev_y: 0
prev_y: 0.03377830982208252
prev_y: 0
prev_y: 0.011304765939712524
prev_y: 0
prev_y: 0.06133416295051575
prev_y: 0.021904587745666504
prev_y: 0.006470173597335815
prev_y: 0.11103463172912598
prev_y: 0.03615882992744446
prev_y: 0.014108121395111084
prev_y: 0.01007792353630066
prev_y: 0.15517038106918335
prev_y: 0.005012691020965576
prev_y: 0.06548035144805908
prev_y: 0.02814704179763794
prev_y: 0.003761082887649536
prev_y: 0.023933619260787964
prev_y: 0.10226419568061829
prev_y: 0.05026325583457947
prev_y: 0.012475073337554932
prev_y: 0.04208064079284668
prev_y: 0.008919686079025269
prev_y: 0.2079392671585083
prev_y: 0.09506386518478394
prev_y: 0.1461365520954132
prev_y: 0.02435240149497986
prev_y: 0.08106321096420288
prev_y: 0.019552499055862427
prev_y: 0.13954544067382812
prev_y: 0.26853132247924805
prev_y: 0.04227420687675476
prev_y: 0.19500771164894104
prev_y: 0.12922146916389465prev_y: 0.20435422658920288

prev_y: 0.03149327635765076
prev_y: 0.3189789652824402
prev_y: 0.08378040790557861
prev_y: 0.25392186641693115
prev_y: 0.26721540093421936
prev_y: 0.30560940504074097
prev_y: 0.17590278387069702
prev_y: 0.31164219975471497
prev_y: 0.05288529396057129
prev_y: 0.12976747751235962
prev_y: 0.35200902819633484
prev_y: 0.3571648597717285
prev_y: 0.3462922275066376
prev_y: 0.23173972964286804
prev_y: 0.17754939198493958
prev_y: 0.08092626929283142
prev_y: 0.3819710612297058
prev_y: 0.4013262093067169prev_y: 0.293196439743042

prev_y: 0.37611931562423706
prev_y: 0.4123764634132385
prev_y: 0.1251840889453888
prev_y: 0.4067104458808899
prev_y: 0.234247624874115
prev_y: 0.44233858585357666
prev_y: 0.33258694410324097
prev_y: 0.44530367851257324
prev_y: 0.4397319555282593
prev_y: 0.2960466146469116
prev_y: 0.17548397183418274
prev_y: 0.36214524507522583prev_y: 0.4729923903942108

prev_y: 0.4749799370765686
prev_y: 0.469466894865036
prev_y: 0.5027045607566833
prev_y: 0.22366416454315186
prev_y: 0.33554717898368835
prev_y: 0.39279264211654663
prev_y: 0.5036512613296509
prev_y: 0.4981870949268341
prev_y: 0.5313701033592224
prev_y: 0.42608311772346497
prev_y: 0.27053743600845337
prev_y: 0.3651685118675232
prev_y: 0.5258450508117676
prev_y: 0.4561535716056824
prev_y: 0.39571523666381836
prev_y: 0.5314668416976929
prev_y: 0.5587396621704102
prev_y: 0.32563185691833496
prev_y: 0.4284801483154297
prev_y: 0.5529501438140869
prev_y: 0.384939968585968
prev_y: 0.485163152217865
prev_y: 0.5586826205253601
25326     0.474298
25327     1.203352
25328     2.264449
25329     3.830666
25330     6.846836
25331    10.252577
25332    14.173184
25333    19.345295
25334    25.640257
25335    30.240322
25336    34.534534
25337    38.660404
25338    42.738884
25339    45.742294
25340    48.657490
25341    51.489452
25342    54.242508
25343    57.381119
Name: X, dtype: float64
19
prev_y: 0.457828164100647
prev_y: 0.429257869720459
prev_y: 0.5131421089172363
29106     0.625022
29107     1.522511
29108     2.850919
29109     5.067071
29110     9.789055
29111    13.986291
29112    19.459461
29113    25.337235
29114    30.573709
29115    34.672466
29116    37.661659
29117    40.602127
29118    43.889729
29119    46.858032
29120    49.737183
29121    52.532883
29122    55.249313
29123    58.117283
Name: X, dtype: float64
prev_y: 0.4860900044441223
19
prev_y: 0.46050575375556946
30996     0.710702
30997     1.728581
30998     3.262257
30999     5.987028
31000    10.848617
31001    15.513132
31002    20.849447
31003    26.866802
31004    31.956562
31005    35.348457
31006    38.322697
31007    41.247086
31008    44.515331
31009    47.464828
31010    50.325401
31011    53.102322
31012    55.799538
31013    58.495918
Name: X, dtype: float64
19
prev_y: 0.5404965877532959
prev_y: 0.5132845640182495
prev_y: 0.49081891775131226
prev_y: 0.5398373603820801
prev_y: 0.5653699040412903
prev_y: 0.5201601982116699
27216     0.542458
27217     1.348509
27218     2.519060
27219     4.391415
27220     8.616336
27221    13.183365
27222    17.979229
27223    23.657576
27224    29.959951
27225    34.078899
27226    37.084000
27227    40.041294
27228    43.348572
27229    46.334602
27230    49.232445
27231    52.046650
27232    54.781319
27233    57.745777
32887     1.988156
32888     3.823128
32891    16.964336
32892    22.569231
32893    28.816078
32894    33.005142
32895    36.106174
32896    39.138523
32897    42.493961
32898    45.524872
32899    48.458012
32900    51.300186
32901    54.056561
Name: X, dtype: float64
19
27218     2.519060
27219     4.391415
27222    17.979229
27223    23.657576
27224    29.959951
27225    34.078899
27226    37.084000
27227    40.041294
27228    43.348572
27229    46.334602
27230    49.232445
27231    52.046650
27232    54.781319
27233    57.745777
32886     0.816246
32887     1.988156
32888     3.823128
32889     7.502276
32890    12.236892
32891    16.964336
32892    22.569231
32893    28.816078
32894    33.005142
32895    36.106174
32896    39.138523
32897    42.493961
32898    45.524872
32899    48.458012
32900    51.300186
32901    54.056561
32902    56.505898
32903    58.882050
Name: X, dtype: float64
index + 17 dont exist in y_ground_df, continue
index + 17 dont exist in y_ground_df, continue
index + 17 dont exist in y_ground_df, continue
index + 17 dont exist in y_ground_df, continue
index + 17 dont exist in y_ground_df, continue
index + 17 dont exist in y_ground_df, continue
index + 17 dont exist in y_ground_df, continue
index + 17 dont exist in y_ground_df, continue
index + 17 dont exist in y_ground_df, continue
index + 17 dont exist in y_ground_df, continue
index + 17 dont exist in y_ground_df, continue
index + 17 dont exist in y_ground_df, continue
index + 17 dont exist in y_ground_df, continue
index + 17 dont exist in y_ground_df, continue
19
prev_y: 0.5483225584030151
23436     0.413293
23437     1.061914
23438     2.017482
23439     3.435916
23440     5.440827
23441     8.261160
23442    12.204152
23443    16.850574
23444    21.467978
23445    26.212378
23446    31.545210
23447    37.437271
23448    41.827908
23449    44.844757
23450    47.775604
23451    50.624786
23452    53.397049
23453    57.023300
Name: X, dtype: float64
19
Error in 300°C is 0.007131 
Error in 310°C is 0.008706 
Error in 320°C is 0.003803 
Error in 330°C is 0.000631 
Error in 340°C is 0.000770 
Error in 350°C is 0.002574 
Initial temperature generalization takes 0.4305306553840637 min 25.831839323043823 sec.
Starting prediction...
cracking 0
prev_y: 0
prev_y: 0.0069203972816467285
prev_y: 0.012111753225326538
prev_y: 0.02057051658630371
prev_y: 0.032697319984436035
prev_y: 0.048556506633758545
prev_y: 0.06629323959350586
prev_y: 0.09091278910636902
prev_y: 0.1273057460784912
prev_y: 0.16209366917610168
prev_y: 0.19345644116401672
prev_y: 0.2280207872390747
prev_y: 0.26334595680236816
prev_y: 0.30017516016960144
prev_y: 0.3348855972290039
prev_y: 0.3685406446456909
prev_y: 0.40248599648475647
prev_y: 0.4370320737361908
prev_y: 0.4717335104942322
prev_y: 0.5067249536514282
prev_y: 0.5401255488395691
prev_y: 0.5722247958183289
ML cracking rates
{'cracking_rates': [0, 0.0069203972816467285, 0.012111753225326538, 0.02057051658630371, 0.032697319984436035, 0.048556506633758545, 0.06629323959350586, 0.09091278910636902, 0.1273057460784912, 0.16209366917610168, 0.19345644116401672, 0.2280207872390747, 0.26334595680236816, 0.30017516016960144, 0.3348855972290039, 0.3685406446456909, 0.40248599648475647, 0.4370320737361908, 0.4717335104942322, 0.5067249536514282, 0.5401255488395691, 0.5722247958183289, 0.6024802923202515]}
Series([], Name: X, dtype: float64)
FPC data not found
