../Data/trainingdata_coking_V1.csv
            Experiment name: 0418_FPC_cokingtV1_0.8trainsize
            Training Data: ../Data/trainingdata_coking_V1.csv
            Do k-fold: False
            Folds num: 10
            Learning rate: 0.001
            Batch size: 1800
            Epoch: 10000
            CSTR num: 100
            Training vebose: 0
            # Genearalization test
            mass flow rates = True
            CCl4 = True
            CHCl3 = True
            Tri = True
            Cp = True
            inital pressure = True
            number of tubes = False
            ncpus = 8
            training = False
            prediction only = False
                
Generalization test...
Case1: Mass flow rate...
coking CCl4:0.001, CHCl3:0.0002, Tri:0.0002, CP:0.0002
coking CCl4:0.001, CHCl3:0.0002, Tri:0.0002, CP:0.0002
coking CCl4:0.001, CHCl3:0.0002, Tri:0.0002, CP:0.0002
1362348     0.473526
1362349     1.468559
1362350     3.160815
1362351     5.070371
1362352     6.759039
1362353     8.149288
1362354     9.292605
1362355    10.240870
1362356    11.029535
1362357    11.683031
1362358    12.219500
1362359    12.652953
1362360    12.994862
1362361    13.254486
1362362    13.439510
1362363    13.556105
1362364    13.609495
1362365    33.806885
1362403     2.269406
1362404     4.094158
1362407     8.513445
1362408     9.517946
1362409    10.356814
1362410    11.056758
1362411    11.637027
1362412    12.112492
1362413    12.494909
1362414    12.793926
1362415    13.017546
1362416    13.172167
1362417    13.263126
Name: coke_rate, dtype: float64
19
312588     0.120052
312589     0.630795
312590     1.876290
312591     3.776497
312592     5.733775
312593     7.402928
312594     8.772405
312595     9.903454
312596    10.844570
312597    11.628284
312598    12.277795
312599    12.810925
312600    13.241911
312601    13.582482
312602    13.842204
312603    14.029009
312604    14.149343
312605    14.208492
312643     1.120544
312644     2.734652
312647     7.874967
312648     9.078176
312649    10.080854
312650    10.919562
312651    11.619529
312652    12.199737
312653    12.675093
312654    13.057680
312655    13.357583
312656    13.583102
312657    13.740950
Name: coke_rate, dtype: float64
19
2412108     0.051031
2412109     0.259373
2412110     0.839435
2412111     2.008727
2412112     3.627506
2412113     5.252928
2412114     6.646089
2412115     7.793920
2412116     8.740439
2412117     9.524284
2412118    10.172385
2412119    10.703788
2412120    11.132666
2412121    11.470062
2412122    11.724974
2412123    11.904675
2412124    12.015196
2412125    12.061663
2412163     0.522509
2412164     1.447633
2412167     5.940591
2412168     7.136071
2412169     8.125824
2412170     8.948950
2412171     9.634081
2412172    10.201459
2412173    10.665765
2412174    11.038509
2412175    11.328745
2412176    11.543957
2412177    11.690276
Name: coke_rate, dtype: float64
19
Error in 23 mass flow rate is 0.405472 
Error in 27 mass flow rate is 1.545913 
Error in 36 mass flow rate is 0.190256 
Mass flow rate generalization takes 0.48728211720784503 min 29.236927032470703 sec.
Case2: CCl4 concentration...
coking CCl4:0.0005, CHCl3:0.0002, Tri:0.0002, CP:0.0002
coking CCl4:0.002, CHCl3:0.0002, Tri:0.0002, CP:0.0002
coking CCl4:0.0015, CHCl3:0.0002, Tri:0.0002, CP:0.0002
coking CCl4:0.001, CHCl3:0.0002, Tri:0.0002, CP:0.0002
coking CCl4:0.0025, CHCl3:0.0002, Tri:0.0002, CP:0.0002
coking CCl4:0.0, CHCl3:0.0002, Tri:0.0002, CP:0.0002
2365452     0.047019
2365453     0.231298
2365454     0.732018
2365455     1.750430
2365456     3.229938
2365457     4.794542
2365458     6.172507
2365459     7.315934
2365460     8.257946
2365461     9.035761
2365462     9.676847
2365463    10.200770
2365464    10.621922
2365465    10.951639
2365466    11.198903
2365467    11.371100
2365468    11.474459
2365469    11.514159
2365507     0.461292
2365508     1.266418
2365511     5.508770
2365512     6.697201
2365513     7.682135
2365514     8.499227
2365515     9.177409
2365516     9.737183
2365517    10.193661
2365518    10.558488
2365519    10.840881
2365520    11.048385
2365521    11.187271
Name: coke_rate, dtype: float64
19
2482092     0.057824
2482093     0.309338
2482094     1.035053
2482095     2.467560
2482096     4.301916
2482097     6.015086
2482098     7.435018
2482099     8.595754
2482100     9.554082
2482101    10.350430
2482102    11.011507
2482103    11.556201
2482104    11.998638
2482105    12.349875
2482106    12.618832
2482107    12.812784
2482108    12.937566
2482109    12.998103
2482147     0.631771
2482148     1.770128
2482151     6.659466
2482152     7.871960
2482153     8.874625
2482154     9.710596
2482155    10.408962
2482156    10.989731
2482157    11.467694
2482158    11.854222
2482159    12.158466
2482160    12.387805
2482161    12.548300
Name: coke_rate, dtype: float64
19
2318796     0.042034
2318797     0.198198
2318798     0.610536
2318799     1.458098
2318800     2.766140
2318801     4.252039
2318802     5.615491
2318803     6.759532
2318804     7.700069
2318805     8.472729
2318806     9.106239
2318807     9.621431
2318808    10.033444
2318809    10.354086
2318810    10.592603
2318811    10.756612
2318812    10.852402
2318813    10.885282
2318851     0.389675
2318852     1.059168
2318855     4.999587
2318856     6.185689
2318857     7.169498
2318858     7.982060
2318859     8.652927
2318860     9.203992
2318861     9.651196
2318862    10.006619
2318863    10.279840
2318864    10.478545
2318865    10.609162
Name: coke_rate, dtype: float64
19
2458764     0.054558
2458765     0.285069
2458766     0.939603
2458767     2.245914
2458768     3.981025
2458769     5.654766
2458770     7.061928
2458771     8.215879
2458772     9.168129
2458773     9.958221
2458774    10.612997
2458775    11.151235
2458776    11.587115
2458777    11.931636
2458778    12.193695
2458779    12.380568
2458780    12.498203
2458781    12.551604
2458819     0.578743
2458820     1.614107
2458823     6.319566
2458824     7.523459
2458825     8.519419
2458826     9.348962
2458827    10.040862
2458828    10.615141
2458829    11.086557
2458830    11.466403
2458831    11.763859
2458832    11.986262
2458833    12.139732
Name: coke_rate, dtype: float64
19
2412108     0.051031
2412109     0.259373
2412110     0.839435
2412111     2.008727
2412112     3.627506
2412113     5.252928
2412114     6.646089
2412115     7.793920
2412116     8.740439
2412117     9.524284
2412118    10.172385
2412119    10.703788
2412120    11.132666
2412121    11.470062
2412122    11.724974
2412123    11.904675
2412124    12.015196
2412125    12.061663
2412163     0.522509
2412164     1.447633
2412167     5.940591
2412168     7.136071
2412169     8.125824
2412170     8.948950
2412171     9.634081
2412172    10.201459
2412173    10.665765
2412174    11.038509
2412175    11.328745
2412176    11.543957
2412177    11.690276
Name: coke_rate, dtype: float64
19
2505420     0.060874
2505421     0.332547
2505422     1.126946
2505423     2.676762
2505424     4.597133
2505425     6.343351
2505426     7.774921
2505427     8.942628
2505428     9.907199
2505429    10.709661
2505430    11.376851
2505431    11.927716
2505432    12.376476
2505433    12.734246
2505434    13.009985
2505435    13.210896
2505436    13.342896
2505437    13.410877
2505475     0.682462
2505476     1.918009
2505479     6.968979
2505480     8.190012
2505481     9.199333
2505482    10.041632
2505483    10.746170
2505484    11.333141
2505485    11.817304
2505486    12.210155
2505487    12.520940
2505488    12.757039
2505489    12.924513
Name: coke_rate, dtype: float64
19
Error in concentration in 0.0ppm is 0.490865 
Error in concentration in 500.0ppm is 0.179526 
Error in concentration in 1000.0ppm is 0.190256 
Error in concentration in 1500.0ppm is 0.180438 
Error in concentration in 2000.0ppm is 0.213148 
Error in concentration in 2500.0ppm is 0.238182 
CCl4 concentration generalization takes 0.6068090518315633 min 36.4085431098938 sec.
Case3: CHCl3 concentration...
coking CCl4:0.001, CHCl3:0.0005, Tri:0.0002, CP:0.0002
coking CCl4:0.001, CHCl3:0.0001, Tri:0.0002, CP:0.0002
coking CCl4:0.001, CHCl3:0.0002, Tri:0.0002, CP:0.0002
coking CCl4:0.001, CHCl3:0.0, Tri:0.0002, CP:0.0002
coking CCl4:0.001, CHCl3:0.0003, Tri:0.0002, CP:0.0002
coking CCl4:0.001, CHCl3:0.0004, Tri:0.0002, CP:0.0002
2408220     0.050916
2408221     0.258551
2408222     0.836105
2408223     2.000410
2408224     3.614402
2408225     5.237477
2408226     6.629755
2408227     7.777180
2408228     8.723404
2408229     9.506958
2408230    10.154770
2408231    10.685887
2408232    11.114504
2408233    11.451652
2408234    11.706297
2408235    11.885774
2408236    11.996030
2408237    12.042269
2408275     0.520701
2408276     1.441966
2408279     5.925815
2408280     7.120773
2408281     8.110172
2408282     8.933002
2408283     9.617844
2408284    10.184944
2408285    10.649000
2408286    11.021481
2408287    11.311449
2408288    11.526413
2408289    11.672468
Name: coke_rate, dtype: float64
19
2423772     0.051311
2423773     0.261673
2423774     0.848924
2423775     2.032425
2423776     3.664832
2423777     5.297123
2423778     6.692896
2423779     7.841960
2423780     8.789419
2423781     9.574121
2423782    10.223051
2423783    10.755189
2423784    11.184831
2423785    11.523012
2423786    11.778669
2423787    11.959101
2423788    12.070339
2423789    12.117476
2423827     0.527720
2423828     1.463906
2423831     5.982954
2423832     7.180081
2423833     8.170907
2423834     8.994911
2423835     9.680903
2423836    10.249070
2423837    10.714184
2423838    11.087671
2423839    11.378639
2423840    11.594627
2423841    11.741663
Name: coke_rate, dtype: float64
19
2419884     0.051241
2419885     0.260963
2419886     0.845891
2419887     2.024778
2419888     3.652754
2419889     5.282780
2419890     6.677670
2419891     7.826325
2419892     8.773457
2419893     9.557875
2419894    10.206520
2419895    10.738431
2419896    11.167789
2419897    11.505721
2419898    11.761102
2419899    11.941296
2419900    12.052314
2419901    12.099213
2419939     0.526019
2419940     1.458601
2419943     5.969148
2419944     7.165711
2419945     8.156179
2419946     8.979882
2419947     9.665580
2419948    10.233482
2419949    10.698338
2419950    11.071581
2419951    11.362350
2419952    11.578072
2419953    11.724865
Name: coke_rate, dtype: float64
19
2412108     0.051031
2412109     0.259373
2412110     0.839435
2412111     2.008727
2412112     3.627506
2412113     5.252928
2412114     6.646089
2412115     7.793920
2412116     8.740439
2412117     9.524284
2412118    10.172385
2412119    10.703788
2412120    11.132666
2412121    11.470062
2412122    11.724974
2412123    11.904675
2412124    12.015196
2412125    12.061663
2412163     0.522509
2412164     1.447633
2412167     5.940591
2412168     7.136071
2412169     8.125824
2412170     8.948950
2412171     9.634081
2412172    10.201459
2412173    10.665765
2412174    11.038509
2412175    11.328745
2412176    11.543957
2412177    11.690276
Name: coke_rate, dtype: float64
19
2404332     0.050792
2404333     0.257698
2404334     0.832690
2404335     1.991903
2404336     3.601029
2404337     5.221701
2404338     6.613094
2404339     7.760139
2404340     8.706067
2404341     9.489338
2404342    10.136875
2404343    10.667750
2404344    11.096065
2404345    11.432973
2404346    11.687379
2404347    11.866575
2404348    11.976637
2404349    12.022605
2404387     0.518856
2404388     1.436170
2404391     5.910744
2404392     7.105176
2404393     8.094232
2404394     8.916726
2404395     9.601302
2404396    10.168090
2404397    10.631909
2404398    11.004062
2404399    11.293810
2404400    11.508535
2404401    11.654345
Name: coke_rate, dtype: float64
19
2415996     0.051125
2415997     0.260143
2415998     0.842657
2415999     2.016804
2416000     3.640252
2416001     5.268013
2416002     6.662051
2416003     7.810302
2416004     8.757125
2416005     9.541298
2416006    10.189679
2416007    10.721319
2416008    11.150433
2416009    11.488127
2416010    11.743315
2416011    11.923232
2416012    12.034004
2416013    12.080688
2416051     0.524286
2416052     1.453178
2416055     5.954975
2416056     7.151021
2416057     8.141101
2416058     8.964503
2416059     9.649919
2416060    10.217577
2416061    10.682152
2416062    11.055129
2416063    11.345673
2416064    11.561109
2416065    11.707670
Name: coke_rate, dtype: float64
19
CHCl3 eror in concentration in 0.0ppm is 0.060494 
CHCl3 eror in concentration in 100.0ppm is 0.124206 
CHCl3 eror in concentration in 200.0ppm is 0.190256 
CHCl3 eror in concentration in 300.0ppm is 0.197929 
CHCl3 eror in concentration in 400.0ppm is 0.185959 
CHCl3 eror in concentration in 500.0ppm is 0.190015 
CHCl3 concentration generalization takes 0.5423935135205586 min 32.54361081123352 sec.
Case4: Tri concentration...
coking CCl4:0.001, CHCl3:0.0002, Tri:0.0004, CP:0.0002coking CCl4:0.001, CHCl3:0.0002, Tri:0.0001, CP:0.0002

coking CCl4:0.001, CHCl3:0.0002, Tri:0.0, CP:0.0002
coking CCl4:0.001, CHCl3:0.0002, Tri:0.0005, CP:0.0002
coking CCl4:0.001, CHCl3:0.0002, Tri:0.0003, CP:0.0002
coking CCl4:0.001, CHCl3:0.0002, Tri:0.0002, CP:0.0002
2412756     0.051024
2412757     0.259351
2412758     0.839373
2412759     2.008594
2412760     3.627304
2412761     5.252697
2412762     6.645839
2412763     7.793646
2412764     8.740177
2412765     9.524014
2412766    10.172117
2412767    10.703527
2412768    11.132409
2412769    11.469797
2412770    11.724712
2412771    11.904423
2412772    12.014955
2412773    12.061411
2412811     0.522484
2412812     1.447551
2412815     5.940309
2412816     7.135770
2412817     8.125517
2412818     8.948586
2412819     9.633722
2412820    10.201082
2412821    10.665394
2412822    11.038169
2412823    11.328389
2412824    11.543617
2412825    11.689936
Name: coke_rate, dtype: float64
19
2411460     0.051036
2411461     0.259394
2411462     0.839497
2411463     2.008842
2411464     3.627674
2411465     5.253137
2411466     6.646299
2411467     7.794120
2411468     8.740656
2411469     9.524508
2411470    10.172626
2411471    10.704038
2411472    11.132899
2411473    11.470314
2411474    11.725204
2411475    11.904903
2411476    12.015455
2411477    12.061895
2411515     0.522524
2411516     1.447693
2411519     5.940740
2411520     7.136238
2411521     8.125989
2411522     8.949125
2411523     9.634251
2411524    10.201640
2411525    10.665964
2411526    11.038723
2411527    11.328937
2411528    11.544159
2411529    11.690469
Name: coke_rate, dtype: float64
19
2414052     0.051023
2414053     0.259323
2414054     0.839275
2414055     2.008356
2414056     3.626933
2414057     5.252247
2414058     6.645343
2414059     7.793121
2414060     8.739622
2414061     9.523440
2414062    10.171556
2414063    10.702940
2414064    11.131842
2414065    11.469244
2414066    11.724182
2414067    11.903911
2414068    12.014427
2414069    12.060921
2414107     0.522432
2414108     1.447403
2414111     5.939865
2414112     7.135286
2414113     8.124987
2414114     8.948086
2414115     9.633190
2414116    10.200548
2414117    10.664858
2414118    11.037600
2414119    11.327842
2414120    11.543074
2414121    11.689435
Name: coke_rate, dtype: float64
19
2410812     0.051036
2410813     0.259397
2410814     0.839526
2410815     2.008933
2410816     3.627836
2410817     5.253332
2410818     6.646517
2410819     7.794358
2410820     8.740895
2410821     9.524759
2410822    10.172873
2410823    10.704271
2410824    11.133133
2410825    11.470569
2410826    11.725450
2410827    11.905155
2410828    12.015661
2410829    12.062122
2410867     0.522561
2410868     1.447787
2410871     5.941012
2410872     7.136528
2410873     8.126288
2410874     8.949441
2410875     9.634604
2410876    10.201976
2410877    10.666314
2410878    11.039063
2410879    11.329304
2410880    11.544504
2410881    11.690817
Name: coke_rate, dtype: float64
19
2412108     0.051031
2412109     0.259373
2412110     0.839435
2412111     2.008727
2412112     3.627506
2412113     5.252928
2412114     6.646089
2412115     7.793920
2412116     8.740439
2412117     9.524284
2412118    10.172385
2412119    10.703788
2412120    11.132666
2412121    11.470062
2412122    11.724974
2412123    11.904675
2412124    12.015196
2412125    12.061663
2412163     0.522509
2412164     1.447633
2412167     5.940591
2412168     7.136071
2412169     8.125824
2412170     8.948950
2412171     9.634081
2412172    10.201459
2412173    10.665765
2412174    11.038509
2412175    11.328745
2412176    11.543957
2412177    11.690276
Name: coke_rate, dtype: float64
19
2413404     0.051018
2413405     0.259329
2413406     0.839313
2413407     2.008471
2413408     3.627130
2413409     5.252470
2413410     6.645585
2413411     7.793388
2413412     8.739903
2413413     9.523737
2413414    10.171845
2413415    10.703228
2413416    11.132136
2413417    11.469531
2413418    11.724468
2413419    11.904157
2413420    12.014730
2413421    12.061212
2413459     0.522456
2413460     1.447480
2413463     5.940094
2413464     7.135534
2413465     8.125249
2413466     8.948365
2413467     9.633486
2413468    10.200861
2413469    10.665157
2413470    11.037902
2413471    11.328132
2413472    11.543367
2413473    11.689700
Name: coke_rate, dtype: float64
19
Tri error in concentration in 0.0ppm is 0.201364 
Tri error in concentration in 100.0ppm is 0.196295 
Tri error in concentration in 200.0ppm is 0.190256 
Tri error in concentration in 300.0ppm is 0.177640 
Tri error in concentration in 400.0ppm is 0.167357 
Tri error in concentration in 500.0ppm is 0.170501 
Tri concentration generalization takes 0.6257926821708679 min 37.547560930252075 sec.
Case5: CP concentration...
coking CCl4:0.001, CHCl3:0.0002, Tri:0.0002, CP:0.0002
coking CCl4:0.001, CHCl3:0.0002, Tri:0.0002, CP:0.0003coking CCl4:0.001, CHCl3:0.0002, Tri:0.0002, CP:0.0004

coking CCl4:0.001, CHCl3:0.0002, Tri:0.0002, CP:0.0001
coking CCl4:0.001, CHCl3:0.0002, Tri:0.0002, CP:0.0005
coking CCl4:0.001, CHCl3:0.0002, Tri:0.0002, CP:0.0
2412324     0.050989
2412325     0.259144
2412326     0.838697
2412327     2.007092
2412328     3.625018
2412329     5.249929
2412330     6.642793
2412331     7.790466
2412332     8.736871
2412333     9.520658
2412334    10.168765
2412335    10.700118
2412336    11.129039
2412337    11.466499
2412338    11.721487
2412339    11.901297
2412340    12.011921
2412341    12.058523
2412379     0.522089
2412380     1.446519
2412383     5.937612
2412384     7.132857
2412385     8.122469
2412386     8.945482
2412387     9.630548
2412388    10.197879
2412389    10.662225
2412390    11.034998
2412391    11.325281
2412392    11.540585
2412393    11.687012
Name: coke_rate, dtype: float642412108     0.051031
2412109     0.259373
2412110     0.839435
2412111     2.008727
2412112     3.627506
2412113     5.252928
2412114     6.646089
2412115     7.793920
2412116     8.740439
2412117     9.524284
2412118    10.172385
2412119    10.703788
2412120    11.132666
2412121    11.470062
2412122    11.724974
2412123    11.904675
2412124    12.015196
2412125    12.061663
2412163     0.522509
2412164     1.447633
2412167     5.940591
2412168     7.136071
2412169     8.125824
2412170     8.948950
2412171     9.634081
2412172    10.201459
2412173    10.665765
2412174    11.038509
2412175    11.328745
2412176    11.543957
2412177    11.690276
Name: coke_rate, dtype: float64

1919

2412000     0.051048
2412001     0.259479
2412002     0.839799
2412003     2.009527
2412004     3.628748
2412005     5.254439
2412006     6.647733
2412007     7.795628
2412008     8.742217
2412009     9.526101
2412010    10.174224
2412011    10.705641
2412012    11.134488
2412013    11.471879
2412014    11.726739
2412015    11.906414
2412016    12.016862
2412017    12.063260
2412055     0.522715
2412056     1.448189
2412059     5.942042
2412060     7.137646
2412061     8.127472
2412062     8.950653
2412063     9.635807
2412064    10.203176
2412065    10.667553
2412066    11.040237
2412067    11.330456
2412068    11.545636
2412069    11.691911
Name: coke_rate, dtype: float64
19
2411892     0.051066
2411893     0.259593
2411894     0.840167
2411895     2.010336
2411896     3.629989
2411897     5.255931
2411898     6.649373
2411899     7.797363
2411900     8.744020
2411901     9.527951
2411902    10.176068
2411903    10.707475
2411904    11.136302
2411905    11.473698
2411906    11.728491
2411907    11.908116
2411908    12.018535
2411909    12.064851
2411947     0.522917
2411948     1.448732
2411951     5.943518
2411952     7.139218
2411953     8.129136
2411954     8.952365
2411955     9.637577
2411956    10.204960
2411957    10.669293
2411958    11.041970
2411959    11.332188
2411960    11.547318
2411961    11.693541
Name: coke_rate, dtype: float64
19
2412432     0.050970
2412433     0.259036
2412434     0.838338
2412435     2.006274
2412436     3.623760
2412437     5.248413
2412438     6.641139
2412439     7.788699
2412440     8.735044
2412441     9.518803
2412442    10.166817
2412443    10.698236
2412444    11.127178
2412445    11.464662
2412446    11.719663
2412447    11.899575
2412448    12.010240
2412449    12.056904
2412487     0.521879
2412488     1.445956
2412491     5.936068
2412492     7.131224
2412493     8.120709
2412494     8.943681
2412495     9.628714
2412496    10.196020
2412497    10.660350
2412498    11.033125
2412499    11.323464
2412500    11.538809
2412501    11.685253
Name: coke_rate, dtype: float64
19
2412216     0.051007
2412217     0.259248
2412218     0.839052
2412219     2.007895
2412220     3.626267
2412221     5.251444
2412222     6.644452
2412223     7.792207
2412224     8.738687
2412225     9.522490
2412226    10.170574
2412227    10.701987
2412228    11.130865
2412229    11.468318
2412230    11.723286
2412231    11.903026
2412232    12.013602
2412233    12.060142
2412271     0.522301
2412272     1.447075
2412275     5.939077
2412276     7.134456
2412277     8.124136
2412278     8.947203
2412279     9.632300
2412280    10.199661
2412281    10.663969
2412282    11.036762
2412283    11.326977
2412284    11.542276
2412285    11.688613
Name: coke_rate, dtype: float64
19
CP error in concentration in 0.0ppm is 0.192622 
CP error in concentration in 100.0ppm is 0.191425 
CP error in concentration in 200.0ppm is 0.190256 
CP error in concentration in 300.0ppm is 0.194793 
CP error in concentration in 400.0ppm is 0.205304 
CP error in concentration in 500.0ppm is 0.215785 
CP concentration generalization takes 0.5521121501922608 min 33.126729011535645 sec.
Case3: Initial pressure...
coking CCl4:0.001, CHCl3:0.0002, Tri:0.0002, CP:0.0002
coking CCl4:0.001, CHCl3:0.0002, Tri:0.0002, CP:0.0002
coking CCl4:0.001, CHCl3:0.0002, Tri:0.0002, CP:0.0002
coking CCl4:0.001, CHCl3:0.0002, Tri:0.0002, CP:0.0002
coking CCl4:0.001, CHCl3:0.0002, Tri:0.0002, CP:0.0002
2412108     0.051031
2412109     0.259373
2412110     0.839435
2412111     2.008727
2412112     3.627506
2412113     5.252928
2412114     6.646089
2412115     7.793920
2412116     8.740439
2412117     9.524284
2412118    10.172385
2412119    10.703788
2412120    11.132666
2412121    11.470062
2412122    11.724974
2412123    11.904675
2412124    12.015196
2412125    12.061663
2412163     0.522509
2412164     1.447633
2412167     5.940591
2412168     7.136071
2412169     8.125824
2412170     8.948950
2412171     9.634081
2412172    10.201459
2412173    10.665765
2412174    11.038509
2412175    11.328745
2412176    11.543957
2412177    11.690276
Name: coke_rate, dtype: float64
19
2202156     0.040814
2202157     0.207571
2202158     0.678294
2202159     1.657404
2202160     3.074508
2202161     4.548349
2202162     5.830621
2202163     6.888660
2202164     7.757653
2202165     8.473076
2202166     9.060438
2202167     9.537815
2202168     9.918551
2202169    10.213131
2202170    10.429868
2202171    10.575619
2202172    10.656147
2202173    10.676238
2202211     0.426497
2202212     1.200223
2202215     5.217201
2202216     6.316483
2202217     7.224284
2202218     7.975475
2202219     8.596787
2202220     9.107328
2202221     9.520968
2202222     9.848471
2202223    10.098374
2202224    10.277559
2202225    10.391803
Name: coke_rate, dtype: float64
19
1992204    0.031768
1992205    0.161115
1992206    0.530050
1992207    1.321035
1992208    2.523919
1992209    3.831787
1992210    4.995564
1992211    5.960791
1992212    6.751437
1992213    7.398695
1992214    7.926251
1992215    8.350990
1992216    8.685557
1992217    8.939673
1992218    9.121127
1992219    9.236382
1992220    9.290815
1992221    9.289030
1992259    0.338015
1992260    0.964324
1992263    4.475681
1992264    5.474489
1992265    6.298680
1992266    6.977451
1992267    7.535286
1992268    7.989873
1992269    8.354282
1992270    8.638427
1992271    8.850212
1992272    8.996151
1992273    9.081628
Name: coke_rate, dtype: float64
19
2832012     0.074726
2832013     0.377326
2832014     1.191918
2832015     2.735639
2832016     4.720776
2832017     6.618535
2832018     8.219948
2832019     9.543361
2832020    10.644840
2832021    11.567291
2832022    12.339885
2832023    12.983475
2832024    13.513798
2832025    13.943394
2832026    14.282490
2832027    14.539416
2832028    14.721132
2832029    14.833317
2832067     0.733417
2832068     1.964479
2832071     7.334037
2832072     8.714817
2832073     9.866310
2832074    10.833573
2832075    11.648018
2832076    12.331816
2832077    12.901314
2832078    13.369413
2832079    13.746684
2832080    14.041503
2832081    14.261038
Name: coke_rate, dtype: float64
19
2622060     0.062326
2622061     0.316055
2622062     1.011237
2622063     2.369451
2622064     4.177270
2622065     5.943125
2622066     7.442074
2622067     8.678043
2622068     9.701968
2622069    10.554850
2622070    11.264763
2622071    11.851571
2622072    12.330357
2622073    12.712885
2622074    13.008651
2622075    13.225486
2622076    13.369826
2622077    13.447022
2622115     0.625104
2622116     1.703268
2622119     6.645920
2622120     7.934907
2622121     9.005759
2622122     9.900838
2622123    10.650389
2622124    11.275502
2622125    11.791841
2622126    12.211527
2622127    12.544329
2622128    12.798181
2622129    12.979658
Name: coke_rate, dtype: float64
19
Error in 10.4atm is 0.064747 
Error in 11.4atm is 0.123503 
Error in 12.4atm is 0.190256 
Error in 13.4atm is 0.184526 
Error in 14.4atm is 0.287310 
Initial pressure generalization takes 0.5488720814387004 min 32.93232488632202 sec.
Case7: Initial T_in...
coking CCl4:0.001, CHCl3:0.0002, Tri:0.0002, CP:0.0002
coking CCl4:0.001, CHCl3:0.0002, Tri:0.0002, CP:0.0002
coking CCl4:0.001, CHCl3:0.0002, Tri:0.0002, CP:0.0002
coking CCl4:0.001, CHCl3:0.0002, Tri:0.0002, CP:0.0002
coking CCl4:0.001, CHCl3:0.0002, Tri:0.0002, CP:0.0002
coking CCl4:0.001, CHCl3:0.0002, Tri:0.0002, CP:0.0002
2412072     0.028566
2412073     0.160728
2412074     0.571043
2412075     1.515020
2412076     3.042010
2412077     4.754789
2412078     6.283057
2412079     7.546316
2412080     8.582573
2412081     9.437109
2412082    10.142370
2412083    10.720789
2412084    11.188801
2412085    11.558983
2412086    11.841343
2412087    12.044085
2412088    12.173901
2412089    12.236404
Name: coke_rate, dtype: float64
19
2412108     0.051031
2412109     0.259373
2412110     0.839435
2412111     2.008727
2412112     3.627506
2412113     5.252928
2412114     6.646089
2412115     7.793920
2412116     8.740439
2412117     9.524284
2412118    10.172385
2412119    10.703788
2412120    11.132666
2412121    11.470062
2412122    11.724974
2412123    11.904675
2412124    12.015196
2412125    12.061663
2412163     0.522509
2412164     1.447633
2412167     5.940591
2412168     7.136071
2412169     8.125824
2412170     8.948950
2412171     9.634081
2412172    10.201459
2412173    10.665765
2412174    11.038509
2412175    11.328745
2412176    11.543957
2412177    11.690276
Name: coke_rate, dtype: float64
19
2412126     0.067825
2412127     0.328282
2412128     1.011931
2412129     2.289351
2412130     3.923693
2412131     5.490816
2412132     6.816638
2412133     7.909723
2412134     8.813663
2412135     9.563652
2412136    10.184179
2412137    10.692764
2412138    11.102570
2412139    11.423988
2412140    11.665485
2412141    11.833908
2412142    11.934983
2412143    11.973542
Name: coke_rate, dtype: float642412110     0.839435
2412111     2.008727
2412114     6.646089
2412115     7.793920
2412116     8.740439
2412117     9.524284
2412118    10.172385
2412119    10.703788
2412120    11.132666
2412121    11.470062
2412122    11.724974
2412123    11.904675
2412124    12.015196
2412125    12.061663
2412162     0.118975
2412163     0.522509
2412164     1.447633
2412165     2.903328
2412166     4.507340
2412167     5.940591
2412168     7.136071
2412169     8.125824
2412170     8.948950
2412171     9.634081
2412172    10.201459
2412173    10.665765
2412174    11.038509
2412175    11.328745
2412176    11.543957
2412177    11.690276
2412178    11.772857
2412179    11.795972
Name: coke_rate, dtype: float64
2412090     0.038243
2412091     0.204401
2412092     0.693488
2412093     1.749952
2412094     3.332415
2412095     5.007220
2412096     6.468160
2412097     7.672791
2412098     8.663412
2412099     9.482092
2412100    10.158436
2412101    10.713129
2412102    11.161391
2412103    11.515069
2412104    11.783594
2412105    11.974729
2412106    12.094857
2412107    12.149317
Name: coke_rate, dtype: float6419


index + 17 dont exist in y_ground_df, continue
19index + 17 dont exist in y_ground_df, continue
index + 17 dont exist in y_ground_df, continue

index + 17 dont exist in y_ground_df, continue
index + 17 dont exist in y_ground_df, continue
index + 17 dont exist in y_ground_df, continue
index + 17 dont exist in y_ground_df, continue
index + 17 dont exist in y_ground_df, continue
index + 17 dont exist in y_ground_df, continue
index + 17 dont exist in y_ground_df, continue
index + 17 dont exist in y_ground_df, continue
index + 17 dont exist in y_ground_df, continue
index + 17 dont exist in y_ground_df, continue
index + 17 dont exist in y_ground_df, continue
19
2412144     0.089907
2412145     0.414605
2412146     1.213958
2412147     2.588910
2412148     4.217890
2412149     5.720177
2412150     6.979923
2412151     8.020318
2412152     8.883148
2412153     9.600258
2412154    10.193888
2412155    10.680066
2412156    11.071156
2412157    11.376892
2412158    11.605112
2412159    11.762407
2412160    11.854195
2412161    11.885033
Name: coke_rate, dtype: float64
19
Error in 300°C is 0.147269 
Error in 310°C is 0.139271 
Error in 320°C is 0.190256 
Error in 330°C is 0.086408 
Error in 340°C is 0.025199 
Error in 350°C is 0.225733 
Initial temperature generalization takes 0.5736235459645589 min 34.417412757873535 sec.
Starting prediction...
coking CCl4:0.0, CHCl3:0.0002, Tri:0.0002, CP:0.0002
1059084     0.300804
1059085     0.921706
1059086     2.090223
1059087     3.634762
1059088     5.154641
1059089     6.447602
1059090     7.506641
1059091     8.372846
1059092     9.082108
1059093     9.659863
1059094    10.124456
1059095    10.489781
1059096    10.766782
1059097    10.964390
1059098    11.089808
1059099    11.149121
1059100    11.147483
1059101    38.974651
1059139     1.485816
1059140     2.886642
1059143     6.881195
1059144     7.803061
1059145     8.561767
1059146     9.184940
1059147     9.692488
1059148    10.098991
1059149    10.415894
1059150    10.652471
1059151    10.816290
1059152    10.913537
1059153    10.949415
Name: coke_rate, dtype: float64
19
coking CCl4:0.00025, CHCl3:0.0002, Tri:0.0002, CP:0.0002
1082412     0.327682
1082413     1.012450
1082414     2.276528
1082415     3.883379
1082416     5.417185
1082417     6.707689
1082418     7.764581
1082419     8.631524
1082420     9.343503
1082421     9.925142
1082422    10.394227
1082423    10.764317
1082424    11.046308
1082425    11.248941
1082426    11.379366
1082427    11.443611
1082428    11.446690
1082429    38.121742
1082467     1.623006
1082468     3.100053
1082471     7.120253
1082472     8.041840
1082473     8.802639
1082474     9.429335
1082475     9.941074
1082476    10.352196
1082477    10.673985
1082478    10.915576
1082479    11.084408
1082480    11.186637
1082481    11.227407
Name: coke_rate, dtype: float64
19
coking CCl4:0.0005, CHCl3:0.0002, Tri:0.0002, CP:0.0002
1105740     0.351155
1105741     1.094549
1105742     2.445486
1105743     4.107575
1105744     5.655348
1105745     6.946092
1105746     8.002813
1105747     8.871149
1105748     9.585983
1105749    10.171247
1105750    10.644370
1105751    11.018843
1105752    11.305363
1105753    11.512697
1105754    11.647926
1105755    11.716906
1105756    11.724694
1105757    37.358028
1105795     1.746579
1105796     3.291785
1105799     7.340510
1105800     8.263038
1105801     9.026198
1105802     9.656182
1105803    10.171774
1105804    10.587091
1105805    10.913288
1105806    11.159509
1105807    11.332982
1105808    11.439958
1105809    11.485419
Name: coke_rate, dtype: float64
19
coking CCl4:0.00075, CHCl3:0.0002, Tri:0.0002, CP:0.0002
1129068     0.372738
1129069     1.171145
1129070     2.601891
1129071     4.313093
1129072     5.874146
1129073     7.166574
1129074     8.224151
1129075     9.094570
1129076     9.812246
1129077    10.400881
1129078    10.877744
1129079    11.256292
1129080    11.547126
1129081    11.758889
1129082    11.898714
1129083    11.972439
1129084    11.984910
1129085    36.665867
1129123     1.860977
1129124     3.467620
1129127     7.545173
1129128     8.469316
1129129     9.235060
1129130     9.868231
1129131    10.387407
1129132    10.806632
1129133    11.136989
1129134    11.387451
1129135    11.565466
1129136    11.676971
1129137    11.727029
Name: coke_rate, dtype: float64
19
coking CCl4:0.001, CHCl3:0.0002, Tri:0.0002, CP:0.0002
1152396     0.393061
1152397     1.243764
1152398     2.748511
1152399     4.503674
1152400     6.077103
1152401     7.372070
1152402     8.431240
1152403     9.303995
1152404    10.024537
1152405    10.616439
1152406    11.096970
1152407    11.479370
1152408    11.774273
1152409    11.990362
1152410    12.134690
1152411    12.212995
1152412    12.230240
1152413    36.032402
1152451     1.968335
1152452     3.630786
1152455     7.736464
1152456     8.662760
1152457     9.431151
1152458    10.067406
1152459    10.589964
1152460    11.012851
1152461    11.347171
1152462    11.601751
1152463    11.784040
1152464    11.900034
1152465    11.954638
Name: coke_rate, dtype: float64
19
coking CCl4:0.00125, CHCl3:0.0002, Tri:0.0002, CP:0.0002
1175724     0.412463
1175725     1.313281
1175726     2.887103
1175727     4.681935
1175728     6.266829
1175729     7.564783
1175730     8.626156
1175731     9.501372
1175732    10.224788
1175733    10.819909
1175734    11.303848
1175735    11.689953
1175736    11.988822
1175737    12.209095
1175738    12.357842
1175739    12.440832
1175740    12.462774
1175741    35.448055
1175779     2.070048
1175780     3.783585
1175783     7.916322
1175784     8.845009
1175785     9.616133
1175786    10.255435
1175787    10.781311
1175788    11.207703
1175789    11.545712
1175790    11.804279
1175791    11.990747
1175792    12.111141
1175793    12.170286
Name: coke_rate, dtype: float64
19
coking CCl4:0.0015, CHCl3:0.0002, Tri:0.0002, CP:0.0002
1199052     0.431097
1199053     1.380183
1199054     3.018778
1199055     4.849563
1199056     6.445158
1199057     7.746401
1199058     8.810171
1199059     9.688025
1199060    10.414315
1199061    11.012527
1199062    11.499769
1199063    11.889479
1199064    12.192217
1199065    12.416631
1199066    12.569723
1199067    12.657289
1199068    12.684036
1199069    34.905537
1199107     2.167070
1199108     3.927631
1199111     8.086209
1199112     9.017455
1199113     9.791305
1199114    10.433581
1199115    10.962605
1199116    11.392370
1199117    11.733993
1199118    11.996459
1199119    12.187052
1199120    12.311769
1199121    12.375438
Name: coke_rate, dtype: float64
19
coking CCl4:0.00175, CHCl3:0.0002, Tri:0.0002, CP:0.0002
Series([], Name: coke_rate, dtype: float64)
FPC data not found
coking CCl4:0.002, CHCl3:0.0002, Tri:0.0002, CP:0.0002
1222380     0.466631
1222381     1.507736
1222382     3.265116
1222383     5.158886
1222384     6.773657
1222385     8.081995
1222386     9.151093
1222387    10.034409
1222388    10.766397
1222389    11.370611
1222390    11.864331
1222391    12.260886
1222392    12.571127
1222393    12.803591
1222394    12.965376
1222395    13.062178
1222396    13.098699
1222397    33.924030
1222435     2.349437
1222436     4.194027
1222439     8.400587
1222440     9.337247
1222441    10.116633
1222442    10.764635
1222443    11.299749
1222444    11.735996
1222445    12.084556
1222446    12.354497
1222447    12.553115
1222448    12.686356
1222449    12.759073
Name: coke_rate, dtype: float64
19
coking CCl4:0.00225, CHCl3:0.0002, Tri:0.0002, CP:0.0002
Series([], Name: coke_rate, dtype: float64)
FPC data not found
coking CCl4:0.0025, CHCl3:0.0002, Tri:0.0002, CP:0.0002
1245708     0.500365
1245709     1.628447
1245710     3.492553
1245711     5.439827
1245712     7.071489
1245713     8.386976
1245714     9.461748
1245715    10.350511
1245716    11.088078
1245717    11.698103
1245718    12.197947
1245719    12.601206
1245720    12.918655
1245721    13.159046
1245722    13.329493
1245723    13.435564
1245724    13.482016
1245725    33.054165
1245763     2.519047
1245764     4.436832
1245767     8.686871
1245768     9.629023
1245769    10.413869
1245770    11.067403
1245771    11.608232
1245772    12.050688
1245773    12.405919
1245774    12.683111
1245775    12.889542
1245776    13.031334
1245777    13.113096
Name: coke_rate, dtype: float64
19
['/home/wesley/EDC/Coke/ML/results/0418_FPC_cokingtV1_0.8trainsize/plots/predict/0/CCl4_0.0_CHCl3_200_Tri_200_CP_200                    _mass_27_temp_320_0.png', '/home/wesley/EDC/Coke/ML/results/0418_FPC_cokingtV1_0.8trainsize/plots/predict/0/CCl4_250.0_CHCl3_200_Tri_200_CP_200                    _mass_27_temp_320_0.png', '/home/wesley/EDC/Coke/ML/results/0418_FPC_cokingtV1_0.8trainsize/plots/predict/0/CCl4_500.0_CHCl3_200_Tri_200_CP_200                    _mass_27_temp_320_0.png', '/home/wesley/EDC/Coke/ML/results/0418_FPC_cokingtV1_0.8trainsize/plots/predict/0/CCl4_750.0_CHCl3_200_Tri_200_CP_200                    _mass_27_temp_320_0.png', '/home/wesley/EDC/Coke/ML/results/0418_FPC_cokingtV1_0.8trainsize/plots/predict/0/CCl4_1000.0_CHCl3_200_Tri_200_CP_200                    _mass_27_temp_320_0.png', '/home/wesley/EDC/Coke/ML/results/0418_FPC_cokingtV1_0.8trainsize/plots/predict/0/CCl4_1250.0_CHCl3_200_Tri_200_CP_200                    _mass_27_temp_320_0.png', '/home/wesley/EDC/Coke/ML/results/0418_FPC_cokingtV1_0.8trainsize/plots/predict/0/CCl4_1500.0_CHCl3_200_Tri_200_CP_200                    _mass_27_temp_320_0.png', '/home/wesley/EDC/Coke/ML/results/0418_FPC_cokingtV1_0.8trainsize/plots/predict/0/CCl4_1750.0_CHCl3_200_Tri_200_CP_200                    _mass_27_temp_320_0.png', '/home/wesley/EDC/Coke/ML/results/0418_FPC_cokingtV1_0.8trainsize/plots/predict/0/CCl4_2000.0_CHCl3_200_Tri_200_CP_200                    _mass_27_temp_320_0.png', '/home/wesley/EDC/Coke/ML/results/0418_FPC_cokingtV1_0.8trainsize/plots/predict/0/CCl4_2250.0_CHCl3_200_Tri_200_CP_200                    _mass_27_temp_320_0.png', '/home/wesley/EDC/Coke/ML/results/0418_FPC_cokingtV1_0.8trainsize/plots/predict/0/CCl4_2500.0_CHCl3_200_Tri_200_CP_200                    _mass_27_temp_320_0.png']
Mean absolute error of `0418_FPC_cokingtV1_0.8trainsize` is 0.00000
