training_data_FPC_V8_addprev_area.csv
            Experiment name: 0522_FPC_modelV9
            Training Data: training_data_FPC_V8_addprev_area.csv
            Do k-fold: False
            Folds num: 10
            Learning rate: 0.001
            Batch size: 128
            Epoch: 1500
            CSTR num: 100
            Training vebose: 0
            # Genearalization test
            mass flow rates = True
            CCl4 = True
            inital pressure = True
            number of tubes = False
            T_in = True
            ncpus = 8
            training = False
            prediction only = False
                
Generalization test...
Case1: Mass flow rate...
cracking 0.001
cracking 0.001
cracking 0.001
cracking 0.001
cracking 0.001
cracking 0.001
prev_y: 0
prev_y: 0.005379676818847656
prev_y: 0.012894362211227417
prev_y: 0.024556338787078857
prev_y: 0.04392525553703308
prev_y: 0.08635422587394714
prev_y: 0.1313818097114563
prev_y: 0.17768064141273499
prev_y: 0.23448163270950317
prev_y: 0.29686933755874634
prev_y: 0.33769989013671875
prev_y: 0.3676522374153137
prev_y: 0.39940276741981506
prev_y: 0.43328356742858887
prev_y: 0.46405988931655884
prev_y: 0.49398696422576904
prev_y: 0.5231879353523254
prev_y: 0.5507718324661255
ML cracking rates
{'cracking_rates': [0, 0.005379676818847656, 0.012894362211227417, 0.024556338787078857, 0.04392525553703308, 0.08635422587394714, 0.1313818097114563, 0.17768064141273499, 0.23448163270950317, 0.29686933755874634, 0.33769989013671875, 0.3676522374153137, 0.39940276741981506, 0.43328356742858887, 0.46405988931655884, 0.49398696422576904, 0.5231879353523254, 0.5507718324661255, 0.5793797373771667]}
prev_y: 0
27216     0.542458
27217     1.348509
27218     2.519060
27219     4.391415
27220     8.616336
27221    13.183365
27222    17.979229
27223    23.657576
27224    29.959951
27225    34.078899
27226    37.084000
27227    40.041294
27228    43.348572
27229    46.334602
27230    49.232445
27231    52.046650
27232    54.781319
27233    57.745777
32887     1.988156
32888     3.823128
32891    16.964336
32892    22.569231
32893    28.816078
32894    33.005142
32895    36.106174
32896    39.138523
32897    42.493961
32898    45.524872
32899    48.458012
32900    51.300186
32901    54.056561
Name: X, dtype: float64
19
prev_y: 0
prev_y: 0.007213711738586426
prev_y: 0.017237365245819092
prev_y: 0.03265824913978577
prev_y: 0.05736735463142395
prev_y: 0.006005346775054932
prev_y: 0.1161346435546875
prev_y: 0.014358997344970703
prev_y: 0.1766921579837799
prev_y: 0.027902662754058838
prev_y: 0.22912245988845825
prev_y: 0.29417383670806885
prev_y: 0.0500870943069458
prev_y: 0.3633434772491455
prev_y: 0.09801709651947021
prev_y: 0.4055712819099426
prev_y: 0.14555791020393372
prev_y: 0.19495713710784912
prev_y: 0.4365769028663635
prev_y: 0.2564126253128052
prev_y: 0.4678197205066681
prev_y: 0.3211817145347595
prev_y: 0.5023841857910156
prev_y: 0.3655660152435303
prev_y: 0.5341762900352478
prev_y: 0.3972092568874359
prev_y: 0.5640029907226562
prev_y: 0.5930848121643066
prev_y: 0.42820221185684204
prev_y: 0.6222156286239624
prev_y: 0.4620879590511322
ML cracking rates
{'cracking_rates': [0, 0.007213711738586426, 0.017237365245819092, 0.03265824913978577, 0.05736735463142395, 0.1161346435546875, 0.1766921579837799, 0.22912245988845825, 0.29417383670806885, 0.3633434772491455, 0.4055712819099426, 0.4365769028663635, 0.4678197205066681, 0.5023841857910156, 0.5341762900352478, 0.5640029907226562, 0.5930848121643066, 0.6222156286239624, 0.6532474756240845]}
4536      0.724143
4537      1.803454
4538      3.377409
4539      5.920120
4540     11.801787
4541     17.967903
4542     23.894844
4543     30.400738
4544     37.291317
4545     41.702919
4546     44.896271
4547     48.012245
4548     51.455254
4549     54.539902
4550     57.506420
4551     60.361488
4552     63.110199
4553     66.047676
10207     2.654113
10208     5.118789
10211    22.382277
10212    28.868383
10213    35.764668
10214    40.286350
10215    43.602276
10216    46.816563
10217    50.331848
10218    53.481255
10219    56.501766
10220    59.402229
10221    62.189110
Name: X, dtype: float64
19
prev_y: 0.49318927526474
prev_y: 0.52360999584198
prev_y: 0.5523725748062134
prev_y: 0.5797181725502014
ML cracking rates
{'cracking_rates': [0, 0.006005346775054932, 0.014358997344970703, 0.027902662754058838, 0.0500870943069458, 0.09801709651947021, 0.14555791020393372, 0.19495713710784912, 0.2564126253128052, 0.3211817145347595, 0.3655660152435303, 0.3972092568874359, 0.42820221185684204, 0.4620879590511322, 0.49318927526474, 0.52360999584198, 0.5523725748062134, 0.5797181725502014, 0.6098069548606873]}
15876     0.610756
15877     1.518815
15878     2.840815
15879     4.962894
15880     9.806705
15881    15.008576
15882    20.294807
15883    26.347033
15884    32.918468
15885    37.175453
15886    40.272453
15887    43.309750
15888    46.690166
15889    49.733852
15890    52.677071
15891    55.525879
15892    58.284916
15893    61.258751
21547     2.238101
21548     4.309210
21551    19.078014
21552    25.072390
21553    31.610193
21554    35.952656
21555    39.155643
21556    42.277164
21557    45.714828
21558    48.810452
21559    51.796638
21560    54.679977
21561    57.466980
Name: X, dtype: float64
19
Error in 27 mass flow rate is 0.007111 
Error in 32 mass flow rate is 0.003529 
Error in 36 mass flow rate is 0.001386 
Mass flow rate generalization takes 0.39369117418924965 min 23.62147045135498 sec.
Case2: CCl4 concentration...
cracking 0.0
cracking 0.000125
cracking 0.0005
cracking 0.00025
cracking 0.000875
cracking 0.000625
cracking 0.000375
cracking 0.00075
cracking 0.0
cracking 0.000375
cracking 0.0005
cracking 0.00025
cracking 0.00075
cracking 0.000875
cracking 0.000625
cracking 0.000125
prev_y: 0
prev_y: 0.005350977182388306
prev_y: 0.013388723134994507
prev_y: 0.024487286806106567
prev_y: 0.040493160486221313
prev_y: 0.07381591200828552
prev_y: 0.1080549955368042
prev_y: 0.1411260962486267
prev_y: 0.19806897640228271
prev_y: 0.2558671236038208
prev_y: 0.2955847978591919
prev_y: 0.3305985629558563
prev_y: 0.36505287885665894
prev_y: 0.4005793333053589
prev_y: 0.4324549734592438
prev_y: 0.46310922503471375
prev_y: 0.4925369620323181
prev_y: 0.5208303928375244
prev_y: 0
26496     0.541702
26497     1.337990
26498     2.467171
26499     4.165375
26500     7.507545
26501    11.026672
26502    14.946434
26503    20.012291
26504    26.076492
26505    30.217064
26506    33.291397
26507    36.324223
26508    39.711197
26509    42.783905
26510    45.770622
26511    48.677361
26512    51.508545
26513    54.577679
32167     1.938072
32168     3.604752
32171    14.107353
32172    19.077141
32173    25.040344
32174    29.226753
32175    32.383583
32176    35.480537
32177    38.904716
32178    42.012615
32179    45.027523
32180    47.955437
32181    50.801556
Name: X, dtype: float64
19
prev_y: 0.005372196435928345
cracking 0.001
prev_y: 0.013119041919708252
prev_y: 0.02457946538925171
prev_y: 0.04313817620277405
prev_y: 0.08459421992301941
prev_y: 0.12635114789009094
prev_y: 0.17190417647361755
prev_y: 0.22778892517089844
prev_y: 0.28903523087501526
prev_y: 0.33046454191207886
prev_y: 0.361961305141449
prev_y: 0.3941590487957001
prev_y: 0.42860037088394165
prev_y: 0
prev_y: 0.45968422293663025
prev_y: 0
prev_y: 0.4896799623966217
prev_y: 0.5186334848403931
prev_y: 0.0053611695766448975
prev_y: 0.5464767813682556
prev_y: 0.013595730066299438
prev_y: 0.0053577721118927
27036     0.542414
27037     1.346515
27038     2.509336
27039     4.345644
27040     8.379178
27041    12.720531
27042    17.345581
27043    22.913807
27044    29.167658
27045    33.284927
27046    36.299171
27047    39.267300
27048    42.586494
27049    45.586723
27050    48.499870
27051    51.330868
27052    54.083344
27053    57.067833
32707     1.978695
32708     3.779629
32711    16.368149
32712    21.856274
32713    28.045601
32714    32.228561
32715    35.336056
32716    38.377071
32717    41.742035
32718    44.785194
32719    47.732018
32720    50.589596
32721    53.362576
Name: X, dtype: float64
19
prev_y: 0.02474275231361389
prev_y: 0.01356002688407898
cracking 0.001125
prev_y: 0.04145926237106323
prev_y: 0.024869918823242188
prev_y: 0.08306124806404114
prev_y: 0.04063597321510315
prev_y: 0.12103337049484253
prev_y: 0.08148729801177979
prev_y: 0.16624167561531067
prev_y: 0.11731165647506714
prev_y: 0.2179766595363617
prev_y: 0.1603514850139618
prev_y: 0.27696487307548523
prev_y: 0
prev_y: 0.2120860517024994
prev_y: 0.31715625524520874
prev_y: 0.2738994359970093
prev_y: 0.3503558933734894
prev_y: 0.3127705454826355
prev_y: 0.3828038275241852
prev_y: 0.34555158019065857
prev_y: 0.005364716053009033
prev_y: 0.4177629053592682
prev_y: 0.37794846296310425
prev_y: 0.013412952423095703
prev_y: 0
prev_y: 0.44909003376960754
prev_y: 0.4129067063331604
prev_y: 0.02465781569480896
prev_y: 0.47884395718574524
prev_y: 0.4449649155139923
prev_y: 0
prev_y: 0.0421144962310791
prev_y: 0.5070394277572632
prev_y: 0.4754745066165924
prev_y: 0.08290979266166687
prev_y: 0.5350161790847778
prev_y: 0.005354344844818115
prev_y: 0.5042677521705627
prev_y: 0.013477087020874023
prev_y: 0.12301021814346313
prev_y: 0.53227299451828
26766     0.541325
26767     1.342926
26768     2.491726
26769     4.266912
26770     7.984195
26771    11.946932
26772    16.263231
26773    21.622541
26774    27.791443
26775    31.912319
26776    34.947720
26777    37.939823
26778    41.284466
26779    44.312798
26780    47.255867
26781    50.118141
26782    52.903507
26783    55.924343
32437     1.961841
32438     3.704316
32441    15.349513
32442    20.619343
32443    26.707998
32444    30.885918
32445    34.010067
32446    37.070984
32447    40.457230
32448    43.525303
32449    46.499355
32450    49.385841
32451    52.189384
Name: X, dtype: float64
19
prev_y: 0.025142133235931396
prev_y: 0.005368441343307495
prev_y: 0.16961294412612915
prev_y: 0.039962321519851685
prev_y: 0.013255774974822998
cracking 0.00125
prev_y: 0.22227156162261963
26676     0.541349
26677     1.341674
26678     2.484447
26679     4.237044
26680     7.837187
26681    11.660980
26682    15.856541
26683    21.130030
26684    27.266428
26685    31.391476
26686    34.436951
26687    37.439999
26688    40.796062
26689    43.836716
26690    46.792538
26691    49.667618
26692    52.466686
26693    55.502041
32347     1.955185
32348     3.674968
32351    14.966463
32352    20.147499
32353    26.197657
32354    30.376007
32355    33.508472
32356    36.579025
32357    39.975403
32358    43.054581
32359    46.040283
32360    48.938595
32361    51.754738
Name: X, dtype: float64
19
prev_y: 0.07929238677024841
prev_y: 0.024608492851257324
prev_y: 0.2820991277694702
cracking 0.001375
prev_y: 0.1132296621799469
prev_y: 0
prev_y: 0.04266443848609924
prev_y: 0.3227847218513489
prev_y: 0.15135666728019714
prev_y: 0.08344900608062744
prev_y: 0.3554740250110626
prev_y: 0.20241227746009827
prev_y: 0.12468212842941284
prev_y: 0.387990802526474
prev_y: 0.26580810546875
prev_y: 0.4225148856639862
prev_y: 0.3100664019584656
prev_y: 0.005375951528549194
prev_y: 0.17022988200187683
prev_y: 0.45350831747055054
prev_y: 0.34550824761390686
prev_y: 0.012999475002288818
prev_y: 0.22484466433525085
prev_y: 0.4830648899078369
prev_y: 0.024563461542129517
prev_y: 0.28554344177246094
prev_y: 0.511421799659729
prev_y: 0.3782678544521332
prev_y: 0.04355436563491821
prev_y: 0.41228270530700684
prev_y: 0.3267538845539093
prev_y: 0.5397636890411377
prev_y: 0.44342008233070374
prev_y: 0.08550459146499634
prev_y: 0.35899609327316284
26856     0.541882
26857     1.344231
26858     2.497915
26859     4.295200
26860     8.122637
26861    12.217281
26862    16.644733
26863    22.081114
26864    28.279892
26865    32.398544
26866    35.425644
26867    38.408493
26868    41.742748
26869    44.761127
26870    47.692856
26871    50.543480
26872    53.317299
26873    56.324795
32527     1.967979
32528     3.731189
32531    15.708635
32532    21.058371
32533    27.182899
32534    31.361494
32535    34.478882
32536    37.532063
32537    40.909870
32538    43.968147
32539    46.932514
32540    49.808250
32541    52.600548
Name: X, dtype: float64
19
prev_y: 0.12891635298728943
prev_y: 0.4749293029308319
prev_y: 0.39129000902175903
cracking 0.0015
prev_y: 0.17397692799568176
prev_y: 0.4257027208805084
prev_y: 0.5055599212646484
prev_y: 0.23074400424957275
prev_y: 0.4567083418369293
prev_y: 0.5344612002372742
prev_y: 0.2928530275821686
prev_y: 0.48646843433380127
26586     0.541053
26587     1.340141
26588     2.476842
26589     4.203300
26590     7.679679
26591    11.356103
26592    15.419874
26593    20.596409
26594    26.698132
26595    30.829142
26596    33.887325
26597    36.903980
26598    40.273952
26599    43.329025
26600    46.298855
26601    49.188999
26602    52.002823
26603    55.054344
32257     1.947242
32258     3.642408
32261    14.554661
32262    19.636328
32263    25.644800
32264    29.825911
32265    32.968884
32266    36.051121
32267    39.459869
32268    42.552090
32269    45.551327
32270    48.463448
32271    51.293407
Name: X, dtype: float64
19
prev_y: 0.33407896757125854
prev_y: 0.5151479840278625
cracking 0.001625
prev_y: 0.3645375967025757
prev_y: 0.5434718728065491
prev_y: 0.3965890109539032
prev_y: 0.43081992864608765
26946     0.541728
26947     1.345468
26948     2.503976
26949     4.321380
26950     8.253869
26951    12.474607
26952    17.004583
26953    22.510054
26954    28.737150
26955    32.854691
26956    35.874935
26957    38.849796
26958    42.176178
26959    45.184940
26960    48.106636
26961    50.946999
26962    53.709663
26963    56.705158
32617     1.973470
32618     3.756246
32621    16.047337
32622    21.469456
32623    27.627365
32624    31.807812
32625    34.919773
32626    37.966515
32627    41.337311
32628    44.387512
32629    47.342590
32630    50.208595
32631    52.990883
Name: X, dtype: float64
19
prev_y: 0.4617973268032074
cracking 0.00175
prev_y: 0.4917714595794678
prev_y: 0.5208829641342163
prev_y: 0.5486941337585449
27126     0.541825
27127     1.347661
27128     2.514255
27129     4.369035
27130     8.499916
27131    12.956445
27132    17.669851
27133    23.295486
27134    29.574274
27135    33.692043
27136    36.701366
27137    39.663750
27138    42.976536
27139    45.969486
27140    48.874496
27141    51.696651
27142    54.439999
27143    57.414059
32797     1.983494
32798     3.801911
32801    16.673145
32802    22.222090
32803    28.441011
32804    32.626896
32805    35.730701
32806    38.766991
32807    42.126820
32808    45.189877
32809    48.103359
32810    50.952766
32811    53.717201
Name: X, dtype: float64
19
cracking 0.001875
cracking 0.001
cracking 0.001125
cracking 0.00125
cracking 0.001375
cracking 0.0015
cracking 0.00175
cracking 0.001625
cracking 0.001875
prev_y: 0
prev_y: 0.005379676818847656
prev_y: 0.012894362211227417
prev_y: 0.024556338787078857
prev_y: 0.04392525553703308
prev_y: 0.08635422587394714
prev_y: 0.1313818097114563
prev_y: 0.17768064141273499
prev_y: 0.23448163270950317
prev_y: 0.29686933755874634
prev_y: 0.33769989013671875
prev_y: 0.3676522374153137
prev_y: 0.39940276741981506
prev_y: 0.43328356742858887
prev_y: 0.46405988931655884
prev_y: 0.49398696422576904
prev_y: 0.5231879353523254
prev_y: 0.5507718324661255
27216     0.542458
27217     1.348509
27218     2.519060
27219     4.391415
27220     8.616336
27221    13.183365
27222    17.979229
27223    23.657576
27224    29.959951
27225    34.078899
27226    37.084000
27227    40.041294
27228    43.348572
27229    46.334602
27230    49.232445
27231    52.046650
27232    54.781319
27233    57.745777
32887     1.988156
32888     3.823128
32891    16.964336
32892    22.569231
32893    28.816078
32894    33.005142
32895    36.106174
32896    39.138523
32897    42.493961
32898    45.524872
32899    48.458012
32900    51.300186
32901    54.056561
Name: X, dtype: float64
19
cracking 0.002
prev_y: 0
prev_y: 0.005410730838775635
prev_y: 0.012775212526321411
prev_y: 0.024669498205184937
prev_y: 0.04428499937057495
prev_y: 0.08814233541488647
prev_y: 0.13579237461090088
prev_y: 0.18426373600959778
prev_y: 0.24379289150238037
prev_y: 0.3068513870239258
prev_y: 0.34792596101760864
prev_y: 0.37721771001815796
prev_y: 0.4081014394760132
prev_y: 0
prev_y: 0.44134050607681274
prev_y: 0.005383402109146118
prev_y: 0.4714774191379547
prev_y: 0.01280134916305542
prev_y: 0.5007112622261047
prev_y: 0.024555444717407227
prev_y: 0.5289322733879089
prev_y: 0.04408028721809387
prev_y: 0.5559440851211548
prev_y: 0.08723878860473633
27396     0.542472
27397     1.350076
27398     2.527795
27399     4.432566
27400     8.837959
27401    13.613895
27402    18.559248
27403    24.331181
27404    30.677729
27405    34.800129
27406    37.797985
27407    40.746830
27408    44.044872
27409    47.019554
27410    49.903885
27411    52.703873
27412    55.423183
27413    58.369591
33067     1.996713
33068     3.862861
33071    17.510315
33072    23.215191
33073    29.513828
33074    33.710419
33075    36.806835
33076    39.832638
33077    43.180828
33078    46.201775
33079    49.123581
33080    51.952835
33081    54.694805
Name: X, dtype: float64
19
prev_y: 0.13380923867225647
prev_y: 0.18133270740509033
cracking 0.002125
prev_y: 0.23902016878128052
prev_y: 0.30141204595565796
prev_y: 0.34271562099456787
prev_y: 0.3723253011703491
prev_y: 0.40353167057037354
prev_y: 0.4369984269142151
prev_y: 0.4675130248069763
prev_y: 0.497031033039093
prev_y: 0.5255932807922363
prev_y: 0.5524236559867859
27306     0.542610
27307     1.349266
27308     2.523576
27309     4.412122
27310     8.728655
27311    13.402409
27312    18.275398
27313    24.002178
27314    30.327028
27315    34.447632
27316    37.448933
27317    40.401661
27318    43.704071
27319    46.684307
27320    49.575214
27321    52.381802
27322    55.108685
27323    58.063862
32977     1.992446
32978     3.843329
32981    17.243002
32982    22.899742
32983    29.173098
32984    33.365719
32985    36.464256
32986    39.493118
32987    42.844631
32988    45.870312
32989    48.797527
32990    51.633106
32991    54.382198
Name: X, dtype: float64
19
cracking 0.00225
prev_y: 0
prev_y: 0.005447894334793091
prev_y: 0.012780845165252686
prev_y: 0.02483302354812622
prev_y: 0
prev_y: 0.04453074932098389
prev_y: 0.08900672197341919
prev_y: 0.005560845136642456
prev_y: 0.012838900089263916
prev_y: 0.13762995600700378
prev_y: 0.025342941284179688
prev_y: 0
prev_y: 0.18690535426139832
prev_y: 0.04533332586288452
prev_y: 0.0054852962493896484
prev_y: 0.09168335795402527
prev_y: 0.24754053354263306
prev_y: 0.012793868780136108
prev_y: 0.14316341280937195
prev_y: 0.025000184774398804
prev_y: 0.31050044298171997
prev_y: 0.19429856538772583
prev_y: 0.2544352412223816
prev_y: 0.04478856921195984
prev_y: 0.35149314999580383
prev_y: 0.3182119131088257
prev_y: 0.08990168571472168
prev_y: 0.38087767362594604
prev_y: 0.35864323377609253
prev_y: 0.1395178735256195
prev_y: 0.41152051091194153
prev_y: 0.3885979950428009
prev_y: 0.18932759761810303
prev_y: 0
prev_y: 0.41882970929145813
prev_y: 0.24986031651496887
prev_y: 0.44463223218917847
prev_y: 0.45177721977233887
prev_y: 0
prev_y: 0.3130360245704651
prev_y: 0.48129239678382874
prev_y: 0.005598962306976318
prev_y: 0.4743860960006714
prev_y: 0.35398364067077637
prev_y: 0.5099732875823975
prev_y: 0.012869447469711304
prev_y: 0.00552290678024292
prev_y: 0.383571982383728
prev_y: 0.5032750964164734
prev_y: 0.5379424095153809
prev_y: 0.025517940521240234
prev_y: 0.5311118960380554
prev_y: 0.5651858448982239
prev_y: 0.41405290365219116
prev_y: 0.012813478708267212
prev_y: 0.5583454370498657
prev_y: 0.4471080005168915
prev_y: 0.04561769962310791
27756     0.543240
27757     1.353550
27758     2.543712
27759     4.507874
27760     9.246910
27761    14.398619
27762    19.593386
27763    25.518168
27764    31.941961
27765    36.073360
27766    39.061821
27767    41.997856
27768    45.282249
27769    48.238506
27770    51.101791
27771    53.877739
27772    56.570747
27773    59.487003
33427     2.011913
33428     3.934414
33431    18.484421
33432    24.354527
33433    30.743607
33434    34.956093
33435    38.047081
33436    41.063995
33437    44.402119
33438    47.407864
33439    50.310738
33440    53.118423
33441    55.836315
Name: X, dtype: float64
19
prev_y: 0.02517026662826538
prev_y: 0.4766300916671753
prev_y: 0.09271633625030518
cracking 0.002375
prev_y: 0.04505658149719238
prev_y: 0.5052744746208191
27486     0.542807
27487     1.351246
27488     2.532054
27489     4.452388
27490     8.943993
27491    13.818852
27492    18.832161
27493    24.646019
27494    31.013302
27495    35.137512
27496    38.132671
27497    41.077824
27498    44.371891
27499    47.341526
27500    50.220081
27501    53.013393
27502    55.725685
27503    58.664047
33157     2.000722
33158     3.881589
33161    17.767252
33162    23.517315
33163    29.840088
33164    34.040627
33165    37.135242
33166    40.158489
33167    43.503643
33168    46.520302
33169    49.436935
33170    52.259995
33171    54.995678
Name: X, dtype: float64
19
prev_y: 0.1452103555202484
prev_y: 0.5332560539245605
prev_y: 0.09081330895423889
prev_y: 0.560608446598053
prev_y: 0.19666093587875366
cracking 0.0025
prev_y: 0.2566409111022949
prev_y: 0.14136353135108948
27576     0.542676
27577     1.351919
27578     2.536466
27579     4.471398
27580     9.047612
27581    14.017790
27582    19.095016
27583    24.948162
27584    31.335169
27585    35.461308
27586    38.454155
27587    41.396130
27588    44.686485
27589    47.651424
27590    50.524719
27591    53.311901
27592    56.017242
27593    58.947922
33247     2.004540
33248     3.899724
33251    18.014812
33252    23.807268
33253    30.153074
33254    34.357578
33255    37.450680
33256    40.471684
33257    43.814156
33258    46.826836
33259    49.738602
33260    52.556316
33261    55.285847
Name: X, dtype: float64
19
prev_y: 0.3210541903972626
prev_y: 0.19197607040405273
prev_y: 0.36116957664489746
prev_y: 0.2522209584712982
prev_y: 0.3912363648414612
prev_y: 0.42135462164878845
prev_y: 0.31554555892944336
prev_y: 0.3562276065349579
prev_y: 0.4542350172996521
prev_y: 0.38602563738822937
prev_y: 0.4837029278278351
prev_y: 0.41638022661209106
prev_y: 0.5123281478881836
prev_y: 0.4493881165981293
prev_y: 0.5401952266693115
prev_y: 0.4789242148399353
prev_y: 0.567274808883667
prev_y: 0.5076155662536621
27846     0.543392
27847     1.353964
27848     2.547776
27849     4.525368
27850     9.343522
27851    14.581598
27852    19.830307
27853    25.787788
27854    32.229309
27855    36.363182
27856    39.349762
27857    42.283451
27858    45.564930
27859    48.517471
27860    51.376205
27861    54.146992
27862    56.833817
27863    59.743198
33517     1.744130
33518     3.336127
33521    17.143639
33522    22.835997
33523    29.049589
33524    34.203415
33525    37.591595
33526    40.547531
33527    43.448956
33528    46.692268
33529    49.608681
33530    52.431084
33531    55.165054
Name: X, dtype: float64
19
prev_y: 0.5356281995773315
prev_y: 0.5629687905311584
27666     0.543104
27667     1.352754
27668     2.540131
27669     4.489710
27670     9.148190
27671    14.210928
27672    19.348587
27673    25.238491
27674    31.644516
27675    35.772999
27676    38.763474
27677    41.702236
27678    44.989590
27679    47.950134
27680    50.818348
27681    53.599792
27682    56.298611
27683    59.221794
33337     2.008337
33338     3.917323
33341    18.253675
33342    24.086052
33343    30.453899
33344    34.662251
33345    37.754295
33346    40.773239
33347    44.113411
33348    47.122414
33349    50.029663
33350    52.842213
33351    55.566029
Name: X, dtype: float64
19
cracking 0.002
cracking 0.00225
cracking 0.002125
cracking 0.002375
cracking 0.0025
prev_y: 0
prev_y: 0.005714833736419678
prev_y: 0.0129871666431427
prev_y: 0.026054322719573975
prev_y: 0.046201229095458984
prev_y: 0
prev_y: 0.09578534960746765
prev_y: 0.005637317895889282
prev_y: 0.15034395456314087
prev_y: 0.01290467381477356
prev_y: 0.2033003270626068
prev_y: 0.02569490671157837
prev_y: 0.26314330101013184
prev_y: 0.04590874910354614
prev_y: 0.32824456691741943
prev_y: 0.09376126527786255
prev_y: 0.36775317788124084
prev_y: 0.14746254682540894
prev_y: 0.39800941944122314
prev_y: 0.19915243983268738
prev_y: 0.4279903173446655
prev_y: 0.2589106261730194
prev_y: 0.3238794803619385
prev_y: 0.4607548117637634
prev_y: 0.36356741189956665
prev_y: 0.4900575876235962
prev_y: 0.3937053680419922
prev_y: 0.5183935165405273
prev_y: 0.4237416386604309
prev_y: 0.5457833409309387
prev_y: 0.45656606554985046
prev_y: 0.5722038745880127
prev_y: 0.48597854375839233
28116     0.543528
28117     1.356186
28118     2.557711
28119     4.575198
28120     9.621357
28121    15.103373
28122    20.498394
28123    26.544270
28124    33.035316
28125    37.176598
28126    40.158909
28127    43.086243
28128    46.360798
28129    49.302807
28130    52.149208
28131    54.905220
28132    57.576035
28133    60.467091
33787     2.025409
33788     3.998315
33791    19.338221
33792    25.340763
33793    31.807278
33794    36.035862
33795    39.124317
33796    42.135399
33797    45.467037
33798    48.460777
33799    51.349152
33800    54.139244
33801    56.837082
Name: X, dtype: float64
19
prev_y: 0
prev_y: 0.5145233273506165
prev_y: 0.542252779006958
prev_y: 0.005675941705703735
prev_y: 0.56912761926651
prev_y: 0.012944072484970093
27936     0.543270
27937     1.354699
27938     2.551046
27939     4.542449
27940     9.437722
27941    14.759844
27942    20.059813
27943    26.048229
27944    32.506779
27945    36.643238
27946    39.628147
27947    42.559517
27948    45.838524
27949    48.787399
27950    51.641895
27951    54.407429
27952    57.088913
27953    59.992123
33607     2.018900
33608     3.967109
33611    18.924217
33612    24.863777
33613    31.293041
33614    35.513557
33615    38.603218
33616    41.616764
33617    44.951412
33618    47.950775
33619    50.845932
33620    53.644531
33621    56.352123
Name: X, dtype: float64
19
prev_y: 0.025873810052871704
prev_y: 0.04607713222503662
prev_y: 0.0947762131690979
prev_y: 0.14909449219703674
prev_y: 0.20130309462547302
prev_y: 0.26091307401657104
prev_y: 0.3261256217956543
prev_y: 0.3657223880290985
prev_y: 0.3959271311759949
prev_y: 0.42592042684555054
prev_y: 0.4587078094482422
prev_y: 0.4880657494068146
prev_y: 0.5165154933929443
prev_y: 0.5440851449966431
prev_y: 0.5707292556762695
28026     0.543575
28027     1.355534
28028     2.554432
28029     4.558943
28030     9.530605
28031    14.933734
28032    20.282272
28033    26.300188
28034    32.775318
28035    36.914417
28036    39.897678
28037    42.826954
28038    46.103859
28039    49.049004
28040    51.899342
28041    54.660053
28042    57.336227
28043    60.232941
33697     2.022188
33698     3.983020
33701    19.134233
33702    25.106014
33703    31.554218
33704    35.778847
33705    38.868099
33706    41.880196
33707    45.213154
33708    48.209831
33709    51.101192
33710    53.895512
33711    56.598236
Name: X, dtype: float64
19
prev_y: 0
prev_y: 0.005753934383392334
prev_y: 0.013033658266067505
prev_y: 0.02623647451400757
prev_y: 0.04633671045303345
prev_y: 0.09680619835853577
prev_y: 0.15159964561462402
prev_y: 0.20531657338142395
prev_y: 0.2654417157173157
prev_y: 0.3304227590560913
prev_y: 0.36982089281082153
prev_y: 0.40009748935699463
prev_y: 0.43008583784103394
prev_y: 0.46283477544784546
prev_y: 0.492077499628067
prev_y: 0.5202850103378296
prev_y: 0.5474730134010315
prev_y: 0.5739719867706299
prev_y: 0
28206     0.627169
28207     1.535913
28208     2.917857
28209     5.380042
28210    11.180683
28211    16.174807
28212    22.302740
28213    28.510355
28214    33.872265
28215    37.995029
28216    40.960819
28217    43.870090
28218    47.123203
28219    50.044552
28220    52.869083
28221    55.603046
28222    58.250938
28223    61.041443
33877     2.028660
33878     4.013438
33881    19.536596
33882    25.568455
33883    32.052765
33884    36.285275
33885    39.373341
33886    42.383324
33887    45.713516
33888    48.704849
33889    51.589844
33890    54.376019
33891    57.069374
Name: X, dtype: float64
19
prev_y: 0.00579032301902771
prev_y: 0.013083189725875854
prev_y: 0.026420176029205322
prev_y: 0.046482622623443604
prev_y: 0.09783834218978882
prev_y: 0.15307027101516724
prev_y: 0.20748436450958252
prev_y: 0.267883837223053
prev_y: 0.3327251970767975
prev_y: 0.3719847500324249
prev_y: 0.4021053612232208
prev_y: 0.43212947249412537
prev_y: 0.4648779332637787
prev_y: 0.4940638244152069
prev_y: 0.522136926651001
prev_y: 0.5491104125976562
prev_y: 0.5756958723068237
28296     0.715075
28297     1.753300
28298     3.380307
28299     6.533431
28300    12.606651
28301    18.110371
28302    23.982710
28303    30.302004
28304    35.496487
28305    38.886726
28306    41.835896
28307    44.727448
28308    47.959572
28309    50.859642
28310    53.661911
28311    56.372982
28312    58.997246
28313    61.612911
33967     2.031729
33968     4.028282
33971    19.729744
33972    25.789556
33973    32.291306
33974    36.527508
33975    39.615082
33976    42.624306
33977    45.953175
33978    48.941998
33979    51.823925
33980    54.606083
33981    57.295177
Name: X, dtype: float64
19
Error in concentration in 0.0ppm is 0.003216 
Error in concentration in 125.0ppm is 0.005514 
Error in concentration in 250.0ppm is 0.002985 
Error in concentration in 375.0ppm is 0.002824 
Error in concentration in 500.0ppm is 0.002746 
Error in concentration in 625.0ppm is 0.002219 
Error in concentration in 750.0ppm is 0.002165 
Error in concentration in 875.0ppm is 0.001785 
Error in concentration in 1000.0ppm is 0.001386 
Error in concentration in 1125.0ppm is 0.000864 
Error in concentration in 1250.0ppm is 0.000752 
Error in concentration in 1375.0ppm is 0.000661 
Error in concentration in 1500.0ppm is 0.000421 
Error in concentration in 1625.0ppm is 0.000585 
Error in concentration in 1750.0ppm is 0.000862 
Error in concentration in 1875.0ppm is 0.001066 
Error in concentration in 2000.0ppm is 0.001281 
Error in concentration in 2125.0ppm is 0.001636 
Error in concentration in 2250.0ppm is 0.002015 
Error in concentration in 2375.0ppm is 0.008510 
Error in concentration in 2500.0ppm is 0.016319 
CCl4 concentration generalization takes 1.1499682068824768 min 8.998092412948608 sec.
Case3: Initial pressure...
cracking 0.001
cracking 0.001
cracking 0.001
cracking 0.001
cracking 0.001
cracking 0.001
cracking 0.001
cracking 0.001
cracking 0.001
cracking 0.001
prev_y: 0
prev_y: 0.005011022090911865
prev_y: 0.012078434228897095
prev_y: 0.022689640522003174
prev_y: 0.039880603551864624
prev_y: 0.07897531986236572
prev_y: 0.1212371289730072
prev_y: 0.16534438729286194
prev_y: 0.21818026900291443
prev_y: 0.2792578935623169
prev_y: 0.31850284337997437
prev_y: 0.3483753204345703
prev_y: 0.37829142808914185
prev_y: 0
prev_y: 0.4127401113510132
prev_y: 0.44309189915657043
prev_y: 0.47245240211486816
prev_y: 0.5009981393814087
prev_y: 0.006174743175506592
prev_y: 0.5288169384002686
prev_y: 0.014665544033050537
prev_y: 0.028688549995422363
27198     0.498813
27199     1.239803
27200     2.316923
27201     4.044648
27202     7.952158
27203    12.175834
27204    16.656191
27205    22.041237
27206    28.088306
27207    32.065742
27208    34.977886
27209    37.851376
27210    41.073231
27211    43.990482
27212    46.828388
27213    49.592281
27214    52.285259
27215    55.213360
32869     1.830757
32870     3.527285
32873    15.755860
32874    21.066385
32875    27.050220
32876    31.089109
32877    34.089897
32878    37.032177
32879    40.296383
32880    43.252800
32881    46.121750
32882    48.908863
32883    51.619415
Name: X, dtype: float64
19
prev_y: 0
prev_y: 0.05042022466659546
prev_y: 0.09821456670761108
prev_y: 0.14814826846122742
prev_y: 0.004667729139328003
prev_y: 0.19909703731536865
prev_y: 0.011323481798171997
prev_y: 0
prev_y: 0.2624014914035797
prev_y: 0.02098354697227478
prev_y: 0.3287206292152405
prev_y: 0.03616425395011902
prev_y: 0.005764305591583252
prev_y: 0.37421703338623047
prev_y: 0.07328549027442932
prev_y: 0.01374867558479309
prev_y: 0.4075573682785034
prev_y: 0.11174061894416809
prev_y: 0.026540547609329224
prev_y: 0.43961989879608154
prev_y: 0.1543000340461731
prev_y: 0.04798278212547302
prev_y: 0.4743892252445221
prev_y: 0.09264630079269409
prev_y: 0.20305711030960083
prev_y: 0
prev_y: 0.5059742331504822
prev_y: 0.14002105593681335
prev_y: 0.5363075733184814
prev_y: 0.2619970142841339
prev_y: 0.18870311975479126
prev_y: 0.2980969548225403
prev_y: 0.5652121901512146
prev_y: 0.25055211782455444
prev_y: 0.005379676818847656
prev_y: 0.3259560465812683
prev_y: 0.5927104949951172
prev_y: 0.31444311141967773
prev_y: 0.35416239500045776
prev_y: 0.012894362211227417
prev_y: 0.35700497031211853
prev_y: 0.38660138845443726
prev_y: 0.024556338787078857
27252     0.629719
27253     1.565561
27254     2.921959
27255     5.080405
27256     9.933167
27257    15.161333
27258    20.523582
27259    26.698008
27260    33.417145
27261    37.754749
27262    40.894264
27263    43.968117
27264    47.389000
27265    50.459202
27266    53.421783
27267    56.282993
27268    59.047371
27269    62.025661
32923     2.301587
32924     4.410195
32927    19.293867
32928    25.407755
32929    32.092968
32930    36.520485
32931    39.771515
32932    42.933533
32933    46.415279
32934    49.541054
32935    52.549808
32936    55.448601
32937    58.244057
Name: X, dtype: float64
19
prev_y: 0.38996702432632446
prev_y: 0.4152219295501709
prev_y: 0.04392525553703308
prev_y: 0.44399550557136536
prev_y: 0.42169520258903503
prev_y: 0.08635422587394714
prev_y: 0.47174468636512756
prev_y: 0.4560146927833557
prev_y: 0.1313818097114563
prev_y: 0.49863946437835693
prev_y: 0.4873776435852051
prev_y: 0.17768064141273499
prev_y: 0.5177682042121887
27180     0.454785
27181     1.130655
27182     2.114152
27183     3.696109
27184     7.284056
27185    11.155511
27186    15.298104
27187    20.355278
27188    26.109171
27189    29.918217
27190    32.715446
27191    35.482731
27192    38.594120
27193    41.417507
27194    44.170925
27195    46.858204
27196    49.483093
27197    52.345600
32851     1.672907
32852     3.230075
32855    14.516745
32856    19.502863
32857    25.189457
32858    29.052176
32859    31.931536
32860    34.761982
32861    37.910316
32862    40.768604
32863    43.548790
32864    46.255814
32865    48.894310
Name: X, dtype: float64
19
prev_y: 0.23448163270950317
prev_y: 0.5464205145835876
prev_y: 0.29686933755874634
prev_y: 0.5742429494857788
prev_y: 0.33769989013671875
prev_y: 0.3676522374153137
27234     0.586226
27235     1.456787
27236     2.720463
27237     4.736258
27238     9.276443
27239    14.178668
27240    19.268429
27241    25.208618
27242    31.733568
27243    35.971470
27244    39.051460
27245    42.074471
27246    45.446541
27247    48.482704
27248    51.420414
27249    54.265423
27250    57.022522
27251    60.001507
32905     2.145028
32906     4.117322
32909    18.143463
32910    24.015234
32911    30.494621
32912    34.812271
32913    37.995739
32914    41.100273
32915    44.527157
32916    47.613293
32917    50.591789
32918    53.469505
32919    56.252918
Name: X, dtype: float64
19
prev_y: 0.39940276741981506
prev_y: 0.43328356742858887
prev_y: 0.46405988931655884
prev_y: 0.49398696422576904
prev_y: 0.5231879353523254
prev_y: 0.5507718324661255
27216     0.542458
27217     1.348509
27218     2.519060
27219     4.391415
27220     8.616336
27221    13.183365
27222    17.979229
27223    23.657576
27224    29.959951
27225    34.078899
27226    37.084000
27227    40.041294
27228    43.348572
27229    46.334602
27230    49.232445
27231    52.046650
27232    54.781319
27233    57.745777
32887     1.988156
32888     3.823128
32891    16.964336
32892    22.569231
32893    28.816078
32894    33.005142
32895    36.106174
32896    39.138523
32897    42.493961
32898    45.524872
32899    48.458012
32900    51.300186
32901    54.056561
Name: X, dtype: float64
19
Error in 10.4atm is 0.001172 
Error in 11.4atm is 0.001976 
Error in 12.4atm is 0.001386 
Error in 13.4atm is 0.001890 
Error in 14.4atm is 0.002051 
Initial pressure generalization takes 0.4046328067779541 min 24.277968406677246 sec.
Case5: Initial T_in...
cracking 0.001
cracking 0.001
cracking 0.001
cracking 0.001
cracking 0.001
cracking 0.001
cracking 0.001
cracking 0.001
cracking 0.001
cracking 0.001
cracking 0.001
cracking 0.001
prev_y: 0
prev_y: 0.005379676818847656
prev_y: 0.012894362211227417
prev_y: 0.024556338787078857
prev_y: 0.04392525553703308
prev_y: 0.08635422587394714
prev_y: 0.1313818097114563
prev_y: 0.17768064141273499
prev_y: 0
prev_y: 0.23448163270950317
prev_y: 0.29686933755874634
prev_y: 0
prev_y: 0.33769989013671875
prev_y: 0.011362552642822266
prev_y: 0.3676522374153137
prev_y: 0.024224519729614258
prev_y: 0.04371887445449829
prev_y: 0.39940276741981506
prev_y: 0.0776841938495636
prev_y: 0.008652359247207642
prev_y: 0.43328356742858887
prev_y: 0.1256381869316101
prev_y: 0.46405988931655884
prev_y: 0.0204523503780365
prev_y: 0
prev_y: 0.17334270477294922
prev_y: 0.034762680530548096
prev_y: 0.49398696422576904
prev_y: 0.23035040497779846
prev_y: 0.2929956316947937
prev_y: 0.06157732009887695
prev_y: 0.5231879353523254
prev_y: 0.33393946290016174
prev_y: 0.10870718955993652
prev_y: 0.5507718324661255
prev_y: 0.0036879777908325195
prev_y: 0.36407026648521423
prev_y: 0.15277567505836487
prev_y: 0.3946359157562256
prev_y: 0.009201645851135254
27216     0.542458
27217     1.348509
27218     2.519060
27219     4.391415
27220     8.616336
27221    13.183365
27222    17.979229
27223    23.657576
27224    29.959951
27225    34.078899
27226    37.084000
27227    40.041294
27228    43.348572
27229    46.334602
27230    49.232445
27231    52.046650
27232    54.781319
27233    57.745777
32887     1.988156
32888     3.823128
32891    16.964336
32892    22.569231
32893    28.816078
32894    33.005142
32895    36.106174
32896    39.138523
32897    42.493961
32898    45.524872
32899    48.458012
32900    51.300186
32901    54.056561
Name: X, dtype: float64
19
prev_y: 0.206382155418396
prev_y: 0.42851945757865906
prev_y: 0.019501179456710815
prev_y: 0.45876798033714294
prev_y: 0.26797056198120117
prev_y: 0.03209048509597778
prev_y: 0.4881737232208252
prev_y: 0.3177318572998047
prev_y: 0.052282363176345825
prev_y: 0.352424681186676
prev_y: 0.5168970823287964
prev_y: 0.08062520623207092
prev_y: 0
prev_y: 0.3827855587005615
prev_y: 0.5441072583198547
prev_y: 0.12396624684333801
prev_y: 0.4131958484649658
prev_y: 0.5683871507644653
prev_y: 0.1742268204689026
prev_y: 0.4463598132133484
prev_y: 0.22163060307502747
prev_y: 0.004451572895050049
prev_y: 0.47652870416641235
27218     2.519060
27219     4.391415
27222    17.979229
27223    23.657576
27224    29.959951
27225    34.078899
27226    37.084000
27227    40.041294
27228    43.348572
27229    46.334602
27230    49.232445
27231    52.046650
27232    54.781319
27233    57.745777
32886     0.816246
32887     1.988156
32888     3.823128
32889     7.502276
32890    12.236892
32891    16.964336
32892    22.569231
32893    28.816078
32894    33.005142
32895    36.106174
32896    39.138523
32897    42.493961
32898    45.524872
32899    48.458012
32900    51.300186
32901    54.056561
32902    56.505898
32903    58.882050
Name: X, dtype: float64
index + 17 dont exist in y_ground_df, continue
index + 17 dont exist in y_ground_df, continue
index + 17 dont exist in y_ground_df, continue
index + 17 dont exist in y_ground_df, continue
index + 17 dont exist in y_ground_df, continue
index + 17 dont exist in y_ground_df, continue
index + 17 dont exist in y_ground_df, continue
index + 17 dont exist in y_ground_df, continue
index + 17 dont exist in y_ground_df, continue
index + 17 dont exist in y_ground_df, continue
index + 17 dont exist in y_ground_df, continue
index + 17 dont exist in y_ground_df, continue
index + 17 dont exist in y_ground_df, continue
index + 17 dont exist in y_ground_df, continue
19
prev_y: 0.26968032121658325
prev_y: 0.01138228178024292
prev_y: 0.505933403968811
prev_y: 0.32517239451408386
prev_y: 0.021939903497695923
prev_y: 0.5342369079589844
prev_y: 0.3875996768474579
prev_y: 0
prev_y: 0.0371127724647522
prev_y: 0.5608916282653809
prev_y: 0.06558352708816528
prev_y: 0.4322444200515747
30996     0.710702
30997     1.728581
30998     3.262257
30999     5.987028
31000    10.848617
31001    15.513132
31002    20.849447
31003    26.866802
31004    31.956562
31005    35.348457
31006    38.322697
31007    41.247086
31008    44.515331
31009    47.464828
31010    50.325401
31011    53.102322
31012    55.799538
31013    58.495918
Name: X, dtype: float64
19
prev_y: 0.4631214737892151
prev_y: 0.10174760222434998
prev_y: 0.007295101881027222
prev_y: 0.4927150309085846
prev_y: 0.1443423628807068
prev_y: 0.015141516923904419
prev_y: 0.20113971829414368
prev_y: 0.5216372609138489
prev_y: 0.028706133365631104
prev_y: 0.26729846000671387
prev_y: 0.051336824893951416
prev_y: 0.549712598323822
prev_y: 0.30889657139778137
prev_y: 0.09698241949081421
prev_y: 0.352252721786499
prev_y: 0.1412239968776703
23436     0.413293
23437     1.061914
23438     2.017482
23439     3.435916
23440     5.440827
23441     8.261160
23442    12.204152
23443    16.850574
23444    21.467978
23445    26.212378
23446    31.545210
23447    37.437271
23448    41.827908
23449    44.844757
23450    47.775604
23451    50.624786
23452    53.397049
23453    57.023300
Name: X, dtype: float64
19
prev_y: 0.39656710624694824
prev_y: 0.1956300437450409
prev_y: 0.4384371042251587
prev_y: 0.254810631275177
prev_y: 0.46888595819473267
prev_y: 0.30439645051956177
prev_y: 0.4984549283981323
prev_y: 0.3473370671272278
prev_y: 0.5272663235664368
prev_y: 0.377309650182724
prev_y: 0.5551849603652954
prev_y: 0.40849077701568604
25326     0.474298
25327     1.203352
25328     2.264449
25329     3.830666
25330     6.846836
25331    10.252577
25332    14.173184
25333    19.345295
25334    25.640257
25335    30.240322
25336    34.534534
25337    38.660404
25338    42.738884
25339    45.742294
25340    48.657490
25341    51.489452
25342    54.242508
25343    57.381119
Name: X, dtype: float64
19
prev_y: 0.4418444037437439
prev_y: 0.47218644618988037
prev_y: 0.5017357468605042
prev_y: 0.5305323004722595
prev_y: 0.5575124025344849
29106     0.625022
29107     1.522511
29108     2.850919
29109     5.067071
29110     9.789055
29111    13.986291
29112    19.459461
29113    25.337235
29114    30.573709
29115    34.672466
29116    37.661659
29117    40.602127
29118    43.889729
29119    46.858032
29120    49.737183
29121    52.532883
29122    55.249313
29123    58.117283
Name: X, dtype: float64
19
Error in 300°C is 0.007562 
Error in 310°C is 0.006426 
Error in 320°C is 0.001386 
Error in 330°C is 0.001954 
Error in 340°C is 0.001713 
Error in 350°C is 0.003555 
Initial temperature generalization takes 0.41659088134765626 min 24.995452880859375 sec.
Starting prediction...
cracking 0
prev_y: 0
prev_y: 0.006216645240783691
prev_y: 0.013183146715164185
prev_y: 0.024200737476348877
prev_y: 0.038072049617767334
prev_y: 0.05878835916519165
prev_y: 0.08098039031028748
prev_y: 0.1071210503578186
prev_y: 0.13620629906654358
prev_y: 0.17174607515335083
prev_y: 0.20394736528396606
prev_y: 0.23252245783805847
prev_y: 0.26203930377960205
prev_y: 0.2940163314342499
prev_y: 0.3293575048446655
prev_y: 0.36432820558547974
prev_y: 0.39705514907836914
prev_y: 0.42726510763168335
prev_y: 0.45562729239463806
prev_y: 0.48316195607185364
prev_y: 0.5089458227157593
prev_y: 0.5336180925369263
ML cracking rates
{'cracking_rates': [0, 0.006216645240783691, 0.013183146715164185, 0.024200737476348877, 0.038072049617767334, 0.05878835916519165, 0.08098039031028748, 0.1071210503578186, 0.13620629906654358, 0.17174607515335083, 0.20394736528396606, 0.23252245783805847, 0.26203930377960205, 0.2940163314342499, 0.3293575048446655, 0.36432820558547974, 0.39705514907836914, 0.42726510763168335, 0.45562729239463806, 0.48316195607185364, 0.5089458227157593, 0.5336180925369263, 0.5570712089538574]}
Series([], Name: X, dtype: float64)
FPC data not found
