training_data_FPC_V8_addprev_area.csv
            Experiment name: 0522_FPC_modelV9
            Training Data: training_data_FPC_V8_addprev_area.csv
            Do k-fold: False
            Folds num: 10
            Learning rate: 0.001
            Batch size: 128
            Epoch: 1500
            CSTR num: 100
            Training vebose: 0
            # Genearalization test
            mass flow rates = True
            CCl4 = True
            inital pressure = True
            number of tubes = True
            T_in = True
            ncpus = 8
            training = False
            prediction only = False
                
Starting prediction...
cracking 0
prev_y: 0
prev_y: 0.006216645240783691
prev_y: 0.013183146715164185
prev_y: 0.024200737476348877
prev_y: 0.038072049617767334
prev_y: 0.05878835916519165
prev_y: 0.08098039031028748
prev_y: 0.1071210503578186
prev_y: 0.13620629906654358
prev_y: 0.17174607515335083
prev_y: 0.20394736528396606
prev_y: 0.23252245783805847
prev_y: 0.26203930377960205
prev_y: 0.2940163314342499
prev_y: 0.3293575048446655
prev_y: 0.36432820558547974
prev_y: 0.39705514907836914
prev_y: 0.42726510763168335
prev_y: 0.45562729239463806
prev_y: 0.48316195607185364
prev_y: 0.5089458227157593
prev_y: 0.5336180925369263
ML cracking rates
{'cracking_rates': [0, 0.006216645240783691, 0.013183146715164185, 0.024200737476348877, 0.038072049617767334, 0.05878835916519165, 0.08098039031028748, 0.1071210503578186, 0.13620629906654358, 0.17174607515335083, 0.20394736528396606, 0.23252245783805847, 0.26203930377960205, 0.2940163314342499, 0.3293575048446655, 0.36432820558547974, 0.39705514907836914, 0.42726510763168335, 0.45562729239463806, 0.48316195607185364, 0.5089458227157593, 0.5336180925369263, 0.5570712089538574]}
Series([], Name: X, dtype: float64)
FPC data not found
