training_data.csv
            Experiment name: 0122_batch108
            Training Data: training_data.csv
            Do k-fold: False
            Folds num: 10
            Learning rate: 0.001
            Batch size: 108
            Epoch: 10000
            CSTR num: 100
            Training vebose: 0
            #Genearalization test
            mass flow rates = True
            CCl4 = True
            inital pressure = True
            number of tubes = True
            ncpus = 8
                
Loading data...
Training takes 3.178914388020833e-08 min 1.9073486328125e-06 sec.
Generalization test...
Case1: Mass flow rate...
