training_data_FPC_V1_2m_5p_6t_21Clppm.csv
            Experiment name: 0215_FPCV1
            Training Data: training_data_FPC_V1_2m_5p_6t_21Clppm.csv
            Do k-fold: False
            Folds num: 10
            Learning rate: 0.001
            Batch size: 18
            Epoch: 10000
            CSTR num: 100
            Training vebose: 0
            #Genearalization test
            mass flow rates = False
            CCl4 = True
            inital pressure = False
            number of tubes = False
            ncpus = 8
            training = False
            prediction only = False
                
Loading data...
Generalization test...
Case2: CCl4 concentration...
Error in concentration in 0.0ppm is 0.001944 
Error in concentration in 125000000.0ppm is 0.002041 
Error in concentration in 250000000.0ppm is 0.001560 
Error in concentration in 375000000.0ppm is 0.001375 
Error in concentration in 500000000.0ppm is 0.001686 
Error in concentration in 625000000.0ppm is 0.001651 
Error in concentration in 750000000.0ppm is 0.001760 
Error in concentration in 875000000.0ppm is 0.001630 
Error in concentration in 1000000000.0ppm is 0.002160 
Error in concentration in 1125000000.0ppm is 0.002629 
Error in concentration in 1250000000.0ppm is 0.002857 
Error in concentration in 1375000000.0ppm is 0.002518 
Error in concentration in 1500000000.0ppm is 0.002594 
Error in concentration in 1625000000.0ppm is 0.002712 
Error in concentration in 1750000000.0ppm is 0.002842 
Error in concentration in 1875000000.0ppm is 0.002876 
Error in concentration in 2000000000.0ppm is 0.002934 
Error in concentration in 2125000000.0ppm is 0.002773 
Error in concentration in 2250000000.0ppm is 0.002705 
Error in concentration in 2375000000.0ppm is 0.002693 
Error in concentration in 2500000000.0ppm is 0.002629 
CCl4 concentration generalization takes 0.7670312841733297 min 46.02187705039978 sec.
Starting prediction...
