training_data_FPC_V5_addprev.csv
            Experiment name: 0405_FPC_modelV6
            Training Data: training_data_FPC_V5_addprev.csv
            Do k-fold: False
            Folds num: 10
            Learning rate: 0.001
            Batch size: 18
            Epoch: 10000
            CSTR num: 100
            Training vebose: 0
            #Genearalization test
            mass flow rates = True
            CCl4 = True
            inital pressure = True
            number of tubes = True
            T_in = True
            ncpus = 8
            training = False
            prediction only = False
                
Loading data...
Starting prediction...
cracking 0.0
cracking 0.0
prev_y: 0
prev_y: 0.007544338703155518
prev_y: 0.019556909799575806
prev_y: 0.03609108924865723
prev_y: 0.0612373948097229
prev_y: 0.0928046703338623
prev_y: 0.11801880598068237
prev_y: 0.15265852212905884
prev_y: 0.18500301241874695
prev_y: 0.21690800786018372
prev_y: 0.2502625584602356
prev_y: 0.28788620233535767
prev_y: 0.3255928158760071
prev_y: 0.3596764802932739
prev_y: 0.3946899175643921
prev_y: 0.43442589044570923
prev_y: 0.47997981309890747
prev_y: 0.5251104235649109
prev_y: 0.5624353885650635
prev_y: 0.5976303219795227
prev_y: 0.6302562355995178
prev_y: 0.647528350353241
Series([], Name: X, dtype: float64)
FPC data not found
cracking 0.000125
cracking 0.000125
prev_y: 0
prev_y: 0.007530480623245239
prev_y: 0.01969429850578308
prev_y: 0.036010921001434326
prev_y: 0.0609859824180603
prev_y: 0.0924835205078125
prev_y: 0.12120315432548523
prev_y: 0.15563848614692688
prev_y: 0.18813294172286987
prev_y: 0.22206127643585205
prev_y: 0.2585659325122833
prev_y: 0.29725131392478943
prev_y: 0.3357895314693451
prev_y: 0.37066882848739624
prev_y: 0.40462440252304077
prev_y: 0.44361990690231323
prev_y: 0.48934659361839294
prev_y: 0.5363606810569763
prev_y: 0.5755842328071594
prev_y: 0.6127535104751587
prev_y: 0.6465470790863037
prev_y: 0.6628977060317993
Series([], Name: X, dtype: float64)
FPC data not found
cracking 0.00025
cracking 0.00025
prev_y: 0
prev_y: 0.007516384124755859
prev_y: 0.020085424184799194
prev_y: 0.03610122203826904
prev_y: 0.06090030074119568
prev_y: 0.0935889184474945
prev_y: 0.12515592575073242
prev_y: 0.16112279891967773
prev_y: 0.19535982608795166
prev_y: 0.2302933931350708
prev_y: 0.26747843623161316
prev_y: 0.3054187297821045
prev_y: 0.34317389130592346
prev_y: 0.37713995575904846
prev_y: 0.40996551513671875
prev_y: 0.44833704829216003
prev_y: 0.4941595196723938
prev_y: 0.5410419702529907
prev_y: 0.5799067616462708
prev_y: 0.6165158748626709
prev_y: 0.6496644616127014
prev_y: 0.6656032800674438
Series([], Name: X, dtype: float64)
FPC data not found
cracking 0.000375
cracking 0.000375
prev_y: 0
prev_y: 0.007502108812332153
prev_y: 0.020089060068130493
prev_y: 0.036168307065963745
prev_y: 0.06166422367095947
prev_y: 0.09570354223251343
prev_y: 0.12829554080963135
prev_y: 0.16536086797714233
prev_y: 0.20000991225242615
prev_y: 0.2354811728000641
prev_y: 0.2730138897895813
prev_y: 0.3104022145271301
prev_y: 0.34767791628837585
prev_y: 0.3809267580509186
prev_y: 0.4130746126174927
prev_y: 0.45093339681625366
prev_y: 0.4965536892414093
prev_y: 0.5431735515594482
prev_y: 0.5818371772766113
prev_y: 0.6184309720993042
prev_y: 0.6518925428390503
prev_y: 0.6683095097541809
Series([], Name: X, dtype: float64)
FPC data not found
cracking 0.0005
cracking 0.0005
prev_y: 0
prev_y: 0.007487475872039795
prev_y: 0.02009063959121704
prev_y: 0.03623804450035095
prev_y: 0.062267422676086426
prev_y: 0.0973043143749237
prev_y: 0.13071191310882568
prev_y: 0.1686469316482544
prev_y: 0.20360800623893738
prev_y: 0.2394540011882782
prev_y: 0.277240514755249
prev_y: 0.314184308052063
prev_y: 0.35106533765792847
prev_y: 0.3837648928165436
prev_y: 0.4154014587402344
prev_y: 0.4528568387031555
prev_y: 0.4982823133468628
prev_y: 0.5447586178779602
prev_y: 0.5834601521492004
prev_y: 0.6203551888465881
prev_y: 0.6544198989868164
prev_y: 0.6713799238204956
Series([], Name: X, dtype: float64)
FPC data not found
cracking 0.000625
cracking 0.000625
prev_y: 0
prev_y: 0.007472723722457886
prev_y: 0.020090848207473755
prev_y: 0.03630620241165161
prev_y: 0.06277215480804443
prev_y: 0.0986076295375824
prev_y: 0.1327177882194519
prev_y: 0.17140209674835205
prev_y: 0.2066379189491272
prev_y: 0.24278125166893005
prev_y: 0.2807811200618744
prev_y: 0.3173413574695587
prev_y: 0.35387688875198364
prev_y: 0.3860934376716614
prev_y: 0.41737234592437744
prev_y: 0.4544869661331177
prev_y: 0.49971285462379456
prev_y: 0.5460742712020874
prev_y: 0.584839403629303
prev_y: 0.6220038533210754
prev_y: 0.6565202474594116
prev_y: 0.6741061806678772
Series([], Name: X, dtype: float64)
FPC data not found
cracking 0.00075
cracking 0.00075
prev_y: 0
prev_y: 0.0074575841426849365
prev_y: 0.020077377557754517
prev_y: 0.03637045621871948
prev_y: 0.06320983171463013
prev_y: 0.09971672296524048
prev_y: 0.1344577670097351
prev_y: 0.17381465435028076
prev_y: 0.209303081035614
prev_y: 0.24569743871688843
prev_y: 0.28345930576324463
prev_y: 0.319767028093338
prev_y: 0.3560435175895691
prev_y: 0.38784801959991455
prev_y: 0.41884779930114746
prev_y: 0.4556742310523987
prev_y: 0.5006737112998962
prev_y: 0.5468857288360596
prev_y: 0.5856426358222961
prev_y: 0.6229441165924072
prev_y: 0.6577086448669434
prev_y: 0.6756278276443481
Series([], Name: X, dtype: float64)
FPC data not found
cracking 0.000875
cracking 0.000875
prev_y: 0
prev_y: 0.0074422359466552734
prev_y: 0.020059257745742798
prev_y: 0.0364319384098053
prev_y: 0.06359905004501343
prev_y: 0.1006888747215271
prev_y: 0.13600927591323853
prev_y: 0.17604464292526245
prev_y: 0.21174436807632446
prev_y: 0.2483423948287964
prev_y: 0.2858222424983978
prev_y: 0.3218931555747986
prev_y: 0.35791975259780884
prev_y: 0.38934195041656494
prev_y: 0.42006155848503113
prev_y: 0.4566023349761963
prev_y: 0.5013027787208557
prev_y: 0.5472767353057861
prev_y: 0.5859050750732422
prev_y: 0.6231898069381714
prev_y: 0.6580266952514648
prev_y: 0.6760787963867188
Series([], Name: X, dtype: float64)
FPC data not found
cracking 0.001
cracking 0.001
prev_y: 0
prev_y: 0.007426470518112183
prev_y: 0.020040929317474365
prev_y: 0.036491334438323975
prev_y: 0.06395137310028076
prev_y: 0.1015586256980896
prev_y: 0.13741794228553772
prev_y: 0.17810624837875366
prev_y: 0.2139955461025238
prev_y: 0.25076261162757874
prev_y: 0.2879698872566223
prev_y: 0.3240523636341095
prev_y: 0.36001256108283997
prev_y: 0.39097875356674194
prev_y: 0.4213564991950989
prev_y: 0.45756179094314575
prev_y: 0.5018537044525146
prev_y: 0.5474687218666077
prev_y: 0.5858293771743774
prev_y: 0.622946560382843
prev_y: 0.6577093601226807
prev_y: 0.675753653049469
Series([], Name: X, dtype: float64)
FPC data not found
cracking 0.001125
cracking 0.001125
prev_y: 0
prev_y: 0.007410407066345215
prev_y: 0.020022720098495483
prev_y: 0.036548912525177
prev_y: 0.06427466869354248
prev_y: 0.10234856605529785
prev_y: 0.1387125551700592
prev_y: 0.17990589141845703
prev_y: 0.21601465344429016
prev_y: 0.2529425621032715
prev_y: 0.29018348455429077
prev_y: 0.32633641362190247
prev_y: 0.36231306195259094
prev_y: 0.3927498459815979
prev_y: 0.4227229058742523
prev_y: 0.458539754152298
prev_y: 0.5023227334022522
prev_y: 0.5474731922149658
prev_y: 0.5854540467262268
prev_y: 0.6222932934761047
prev_y: 0.6568864583969116
prev_y: 0.6748416423797607
Series([], Name: X, dtype: float64)
FPC data not found
cracking 0.00125
cracking 0.00125
prev_y: 0
prev_y: 0.007394015789031982
prev_y: 0.02000465989112854
prev_y: 0.03660497069358826
prev_y: 0.06457436084747314
prev_y: 0.10307368636131287
prev_y: 0.139911949634552
prev_y: 0.18154111504554749
prev_y: 0.217867910861969
prev_y: 0.25493311882019043
prev_y: 0.29227158427238464
prev_y: 0.32847481966018677
prev_y: 0.3644483685493469
prev_y: 0.39433956146240234
prev_y: 0.4238869249820709
prev_y: 0.4592948257923126
prev_y: 0.5024858713150024
prev_y: 0.5471137762069702
prev_y: 0.5846579074859619
prev_y: 0.6211710572242737
prev_y: 0.65556401014328
prev_y: 0.6736072301864624
Series([], Name: X, dtype: float64)
FPC data not found
cracking 0.001375
cracking 0.001375
prev_y: 0
prev_y: 0.0073815882205963135
prev_y: 0.019987016916275024
prev_y: 0.03665953874588013
prev_y: 0.06485432386398315
prev_y: 0.10374477505683899
prev_y: 0.1410290002822876
prev_y: 0.1830463707447052
prev_y: 0.2195812165737152
prev_y: 0.2568311393260956
prev_y: 0.29424911737442017
prev_y: 0.3304827809333801
prev_y: 0.36643287539482117
prev_y: 0.39576077461242676
prev_y: 0.42486149072647095
prev_y: 0.459841251373291
prev_y: 0.502392053604126
prev_y: 0.5464504361152649
prev_y: 0.5835204720497131
prev_y: 0.6196810007095337
prev_y: 0.6538631916046143
prev_y: 0.6721314191818237
Series([], Name: X, dtype: float64)
FPC data not found
cracking 0.0015
cracking 0.0015
prev_y: 0
prev_y: 0.007390648126602173
prev_y: 0.019971221685409546
prev_y: 0.03671294450759888
prev_y: 0.06511759757995605
prev_y: 0.10436969995498657
prev_y: 0.14207300543785095
prev_y: 0.18443280458450317
prev_y: 0.2211644947528839
prev_y: 0.2586185336112976
prev_y: 0.2961060404777527
prev_y: 0.33235472440719604
prev_y: 0.36826300621032715
prev_y: 0.3970118761062622
prev_y: 0.42564788460731506
prev_y: 0.46018415689468384
prev_y: 0.5026910305023193
prev_y: 0.5460599660873413
prev_y: 0.5825640559196472
prev_y: 0.618288516998291
prev_y: 0.6521894335746765
prev_y: 0.6706610918045044
Series([], Name: X, dtype: float64)
FPC data not found
cracking 0.001625
cracking 0.001625
prev_y: 0
prev_y: 0.0073999762535095215
prev_y: 0.019955694675445557
prev_y: 0.036765068769454956
prev_y: 0.06536629796028137
prev_y: 0.10495525598526001
prev_y: 0.1430509388446808
prev_y: 0.1857081651687622
prev_y: 0.22262442111968994
prev_y: 0.2602541744709015
prev_y: 0.29781419038772583
prev_y: 0.33407002687454224
prev_y: 0.36992257833480835
prev_y: 0.39813458919525146
prev_y: 0.42628541588783264
prev_y: 0.46056121587753296
prev_y: 0.5030079483985901
prev_y: 0.545967161655426
prev_y: 0.5821784138679504
prev_y: 0.617344081401825
prev_y: 0.6508507132530212
prev_y: 0.669455349445343
Series([], Name: X, dtype: float64)
FPC data not found
cracking 0.00175
cracking 0.00175
prev_y: 0
prev_y: 0.007409483194351196
prev_y: 0.01994052529335022
prev_y: 0.036816030740737915
prev_y: 0.06560221314430237
prev_y: 0.10592380166053772
prev_y: 0.14415106177330017
prev_y: 0.18697711825370789
prev_y: 0.22402706742286682
prev_y: 0.2617846131324768
prev_y: 0.29940980672836304
prev_y: 0.33565831184387207
prev_y: 0.37143635749816895
prev_y: 0.39941728115081787
prev_y: 0.42702817916870117
prev_y: 0.46121031045913696
prev_y: 0.5035356283187866
prev_y: 0.5464352369308472
prev_y: 0.5823527574539185
prev_y: 0.6168572902679443
prev_y: 0.6498750448226929
prev_y: 0.6685499548912048
Series([], Name: X, dtype: float64)
FPC data not found
cracking 0.001875
cracking 0.001875
prev_y: 0
prev_y: 0.007419317960739136
prev_y: 0.01992577314376831
prev_y: 0.03686577081680298
prev_y: 0.06582677364349365
prev_y: 0.10687664151191711
prev_y: 0.14520272612571716
prev_y: 0.18814995884895325
prev_y: 0.2253398895263672
prev_y: 0.2631884813308716
prev_y: 0.3008780777454376
prev_y: 0.33710864186286926
prev_y: 0.3727957010269165
prev_y: 0.40071797370910645
prev_y: 0.42775577306747437
prev_y: 0.4618165194988251
prev_y: 0.5039975643157959
prev_y: 0.5467427372932434
prev_y: 0.5823945999145508
prev_y: 0.6162595748901367
prev_y: 0.6488171815872192
prev_y: 0.667603611946106
Series([], Name: X, dtype: float64)
FPC data not found
cracking 0.002
cracking 0.002
prev_y: 0
prev_y: 0.007429242134094238
prev_y: 0.019911348819732666
prev_y: 0.03691434860229492
prev_y: 0.06604087352752686
prev_y: 0.10781341791152954
prev_y: 0.14620715379714966
prev_y: 0.18936386704444885
prev_y: 0.2267504334449768
prev_y: 0.2645960748195648
prev_y: 0.30231773853302
prev_y: 0.3385002613067627
prev_y: 0.37406671047210693
prev_y: 0.4019351601600647
prev_y: 0.42865726351737976
prev_y: 0.4625498950481415
prev_y: 0.5045481324195862
prev_y: 0.5471067428588867
prev_y: 0.5824983716011047
prev_y: 0.6160314083099365
prev_y: 0.648077666759491
prev_y: 0.6669399738311768
Series([], Name: X, dtype: float64)
FPC data not found
cracking 0.002125
cracking 0.002125
prev_y: 0
prev_y: 0.0074394941329956055
prev_y: 0.019897252321243286
prev_y: 0.03696182370185852
prev_y: 0.06624558568000793
prev_y: 0.10873377323150635
prev_y: 0.14720720052719116
prev_y: 0.19061335921287537
prev_y: 0.2281363606452942
prev_y: 0.2659239172935486
prev_y: 0.3036673367023468
prev_y: 0.33978480100631714
prev_y: 0.37520936131477356
prev_y: 0.40302032232284546
prev_y: 0.4295671582221985
prev_y: 0.46326637268066406
prev_y: 0.5050618648529053
prev_y: 0.5474196076393127
prev_y: 0.5825757384300232
prev_y: 0.6159542202949524
prev_y: 0.6474883556365967
prev_y: 0.6664321422576904
Series([], Name: X, dtype: float64)
FPC data not found
cracking 0.00225
cracking 0.00225
prev_y: 0
prev_y: 0.00745004415512085
prev_y: 0.01988351345062256
prev_y: 0.03700822591781616
prev_y: 0.06644150614738464
prev_y: 0.10963737964630127
prev_y: 0.148566335439682
prev_y: 0.1919863522052765
prev_y: 0.22955426573753357
prev_y: 0.2672117352485657
prev_y: 0.3049573600292206
prev_y: 0.34098708629608154
prev_y: 0.37624451518058777
prev_y: 0.4039928913116455
prev_y: 0.43035489320755005
prev_y: 0.46385255455970764
prev_y: 0.5054400563240051
prev_y: 0.54759681224823
prev_y: 0.5825579166412354
prev_y: 0.6158260107040405
prev_y: 0.6468920707702637
prev_y: 0.6659601926803589
Series([], Name: X, dtype: float64)
FPC data not found
cracking 0.002375
cracking 0.002375
prev_y: 0
prev_y: 0.007460743188858032
prev_y: 0.019870132207870483
prev_y: 0.03705334663391113
prev_y: 0.06662929058074951
prev_y: 0.11052381992340088
prev_y: 0.14987918734550476
prev_y: 0.1932602822780609
prev_y: 0.2308650016784668
prev_y: 0.26836293935775757
prev_y: 0.30611559748649597
prev_y: 0.3420495390892029
prev_y: 0.37712424993515015
prev_y: 0.40481287240982056
prev_y: 0.430987149477005
prev_y: 0.4642806053161621
prev_y: 0.5056599378585815
prev_y: 0.5476203560829163
prev_y: 0.5824323296546936
prev_y: 0.6156395077705383
prev_y: 0.6465248465538025
prev_y: 0.6657142639160156
Series([], Name: X, dtype: float64)
FPC data not found
cracking 0.0025
cracking 0.0025
prev_y: 0
prev_y: 0.007471710443496704
prev_y: 0.019857078790664673
prev_y: 0.03709745407104492
prev_y: 0.06680947542190552
prev_y: 0.11139282584190369
prev_y: 0.15114477276802063
prev_y: 0.19447943568229675
prev_y: 0.23209646344184875
prev_y: 0.26952075958251953
prev_y: 0.3072505295276642
prev_y: 0.343059241771698
prev_y: 0.3779212534427643
prev_y: 0.4055436849594116
prev_y: 0.4315686821937561
prev_y: 0.4646446406841278
prev_y: 0.5058068037033081
prev_y: 0.5475671291351318
prev_y: 0.5820929408073425
prev_y: 0.6153079271316528
prev_y: 0.6462805271148682
prev_y: 0.6656131744384766
Series([], Name: X, dtype: float64)
FPC data not found
['/home/wesley/EDC/FPC/ML/results/0405_FPC_modelV6/plots/predict/30_53_320_h476/CCl4_0.000000_mass_53_temp_320_30_53_320_h476.png', '/home/wesley/EDC/FPC/ML/results/0405_FPC_modelV6/plots/predict/30_53_320_h476/CCl4_125.000000_mass_53_temp_320_30_53_320_h476.png', '/home/wesley/EDC/FPC/ML/results/0405_FPC_modelV6/plots/predict/30_53_320_h476/CCl4_250.000000_mass_53_temp_320_30_53_320_h476.png', '/home/wesley/EDC/FPC/ML/results/0405_FPC_modelV6/plots/predict/30_53_320_h476/CCl4_375.000000_mass_53_temp_320_30_53_320_h476.png', '/home/wesley/EDC/FPC/ML/results/0405_FPC_modelV6/plots/predict/30_53_320_h476/CCl4_500.000000_mass_53_temp_320_30_53_320_h476.png', '/home/wesley/EDC/FPC/ML/results/0405_FPC_modelV6/plots/predict/30_53_320_h476/CCl4_625.000000_mass_53_temp_320_30_53_320_h476.png', '/home/wesley/EDC/FPC/ML/results/0405_FPC_modelV6/plots/predict/30_53_320_h476/CCl4_750.000000_mass_53_temp_320_30_53_320_h476.png', '/home/wesley/EDC/FPC/ML/results/0405_FPC_modelV6/plots/predict/30_53_320_h476/CCl4_875.000000_mass_53_temp_320_30_53_320_h476.png', '/home/wesley/EDC/FPC/ML/results/0405_FPC_modelV6/plots/predict/30_53_320_h476/CCl4_1000.000000_mass_53_temp_320_30_53_320_h476.png', '/home/wesley/EDC/FPC/ML/results/0405_FPC_modelV6/plots/predict/30_53_320_h476/CCl4_1125.000000_mass_53_temp_320_30_53_320_h476.png', '/home/wesley/EDC/FPC/ML/results/0405_FPC_modelV6/plots/predict/30_53_320_h476/CCl4_1250.000000_mass_53_temp_320_30_53_320_h476.png', '/home/wesley/EDC/FPC/ML/results/0405_FPC_modelV6/plots/predict/30_53_320_h476/CCl4_1375.000000_mass_53_temp_320_30_53_320_h476.png', '/home/wesley/EDC/FPC/ML/results/0405_FPC_modelV6/plots/predict/30_53_320_h476/CCl4_1500.000000_mass_53_temp_320_30_53_320_h476.png', '/home/wesley/EDC/FPC/ML/results/0405_FPC_modelV6/plots/predict/30_53_320_h476/CCl4_1625.000000_mass_53_temp_320_30_53_320_h476.png', '/home/wesley/EDC/FPC/ML/results/0405_FPC_modelV6/plots/predict/30_53_320_h476/CCl4_1750.000000_mass_53_temp_320_30_53_320_h476.png', '/home/wesley/EDC/FPC/ML/results/0405_FPC_modelV6/plots/predict/30_53_320_h476/CCl4_1875.000000_mass_53_temp_320_30_53_320_h476.png', '/home/wesley/EDC/FPC/ML/results/0405_FPC_modelV6/plots/predict/30_53_320_h476/CCl4_2000.000000_mass_53_temp_320_30_53_320_h476.png', '/home/wesley/EDC/FPC/ML/results/0405_FPC_modelV6/plots/predict/30_53_320_h476/CCl4_2125.000000_mass_53_temp_320_30_53_320_h476.png', '/home/wesley/EDC/FPC/ML/results/0405_FPC_modelV6/plots/predict/30_53_320_h476/CCl4_2250.000000_mass_53_temp_320_30_53_320_h476.png', '/home/wesley/EDC/FPC/ML/results/0405_FPC_modelV6/plots/predict/30_53_320_h476/CCl4_2375.000000_mass_53_temp_320_30_53_320_h476.png', '/home/wesley/EDC/FPC/ML/results/0405_FPC_modelV6/plots/predict/30_53_320_h476/CCl4_2500.000000_mass_53_temp_320_30_53_320_h476.png']
Mean absolute error of `0405_FPC_modelV6` is 0.00000
