training_data_FPC_V1_3m_5p_6t_21Clppm.csv
            Experiment name: 0322_FPC_lowparam_6_29
            Training Data: training_data_FPC_V1_3m_5p_6t_21Clppm.csv
            Do k-fold: False
            Folds num: 10
            Learning rate: 0.001
            Batch size: 18
            Epoch: 10000
            CSTR num: 100
            Training vebose: 0
            #Genearalization test
            mass flow rates = True
            CCl4 = True
            inital pressure = True
            number of tubes = False
            T_in = True
            ncpus = 8
            training = False
            prediction only = False
                
Loading data...
Generalization test...
Case1: Mass flow rate...
cracking 0.001
cracking 0.001
cracking 0.001
cracking 0.001
cracking 0.001
cracking 0.001
loss in 0.001: 0.27905563221150975 
1000.0
12.4
27
[320, 348, 374.7, 399.3, 424, 451.3, 460.7, 466, 471.3, 476.7, 478.7, 479.3, 480, 481.3, 482.3, 483.3, 484.3, 485.3]
[348, 374.7, 399.3, 424, 451.3, 460.7, 466, 471.3, 476.7, 478.7, 479.3, 480, 481.3, 482.3, 483.3, 484.3, 485.3, 486.7]
4536      0.724143
4537      1.803454
4538      3.377409
4539      5.920120
4540     11.801787
4541     17.967903
4542     23.894844
4543     30.400738
4544     37.291317
4545     41.702919
4546     44.896271
4547     48.012245
4548     51.455254
4549     54.539902
4550     57.506420
4551     60.361488
4552     63.110199
4553     66.047676
10207     2.654113
10208     5.118789
10211    22.382277
10212    28.868383
10213    35.764668
10214    40.286350
10215    43.602276
10216    46.816563
10217    50.331848
10218    53.481255
10219    56.501766
10220    59.402229
10221    62.189110
Name: X, dtype: float64
19
loss in 0.001: 0.2926280805954271 
1000.0
12.4
36
[320, 348, 374.7, 399.3, 424, 451.3, 460.7, 466, 471.3, 476.7, 478.7, 479.3, 480, 481.3, 482.3, 483.3, 484.3, 485.3]
[348, 374.7, 399.3, 424, 451.3, 460.7, 466, 471.3, 476.7, 478.7, 479.3, 480, 481.3, 482.3, 483.3, 484.3, 485.3, 486.7]
27216     0.542458
27217     1.348509
27218     2.519060
27219     4.391415
27220     8.616336
27221    13.183365
27222    17.979229
27223    23.657576
27224    29.959951
27225    34.078899
27226    37.084000
27227    40.041294
27228    43.348572
27229    46.334602
27230    49.232445
27231    52.046650
27232    54.781319
27233    57.745777
32887     1.988156
32888     3.823128
32891    16.964336
32892    22.569231
32893    28.816078
32894    33.005142
32895    36.106174
32896    39.138523
32897    42.493961
32898    45.524872
32899    48.458012
32900    51.300186
32901    54.056561
Name: X, dtype: float64
19
loss in 0.001: 0.2812291879677892 
1000.0
12.4
32
[320, 348, 374.7, 399.3, 424, 451.3, 460.7, 466, 471.3, 476.7, 478.7, 479.3, 480, 481.3, 482.3, 483.3, 484.3, 485.3]
[348, 374.7, 399.3, 424, 451.3, 460.7, 466, 471.3, 476.7, 478.7, 479.3, 480, 481.3, 482.3, 483.3, 484.3, 485.3, 486.7]
15876     0.610756
15877     1.518815
15878     2.840815
15879     4.962894
15880     9.806705
15881    15.008576
15882    20.294807
15883    26.347033
15884    32.918468
15885    37.175453
15886    40.272453
15887    43.309750
15888    46.690166
15889    49.733852
15890    52.677071
15891    55.525879
15892    58.284916
15893    61.258751
21547     2.238101
21548     4.309210
21551    19.078014
21552    25.072390
21553    31.610193
21554    35.952656
21555    39.155643
21556    42.277164
21557    45.714828
21558    48.810452
21559    51.796638
21560    54.679977
21561    57.466980
Name: X, dtype: float64
19
Error in 27 mass flow rate is 0.017721 
Error in 32 mass flow rate is 0.007016 
Error in 36 mass flow rate is 0.005849 
Mass flow rate generalization takes 0.3074949860572815 min 18.44969916343689 sec.
Case2: CCl4 concentration...
cracking 0.00075
cracking 0.00025
cracking 0.000875
cracking 0.000625
cracking 0.0005
cracking 0.000375
cracking 0.0
cracking 0.000125
cracking 0.0
cracking 0.000125
cracking 0.0005
cracking 0.000375
cracking 0.000625
cracking 0.000875
cracking 0.00075
cracking 0.00025
loss in 0.0: 0.3233021840032778 
0.0
12.4
36
[320, 348, 374.7, 399.3, 424, 451.3, 460.7, 466, 471.3, 476.7, 478.7, 479.3, 480, 481.3, 482.3, 483.3, 484.3, 485.3]
[348, 374.7, 399.3, 424, 451.3, 460.7, 466, 471.3, 476.7, 478.7, 479.3, 480, 481.3, 482.3, 483.3, 484.3, 485.3, 486.7]
26496     0.541702
26497     1.337990
26498     2.467171
26499     4.165375
26500     7.507545
26501    11.026672
26502    14.946434
26503    20.012291
26504    26.076492
26505    30.217064
26506    33.291397
26507    36.324223
26508    39.711197
26509    42.783905
26510    45.770622
26511    48.677361
26512    51.508545
26513    54.577679
32167     1.938072
32168     3.604752
32171    14.107353
32172    19.077141
32173    25.040344
32174    29.226753
32175    32.383583
32176    35.480537
32177    38.904716
32178    42.012615
32179    45.027523
32180    47.955437
32181    50.801556
Name: X, dtype: float64
19
cracking 0.001
loss in 0.000125: 0.31473475755278996 
125.0
12.4
36
[320, 348, 374.7, 399.3, 424, 451.3, 460.7, 466, 471.3, 476.7, 478.7, 479.3, 480, 481.3, 482.3, 483.3, 484.3, 485.3]
[348, 374.7, 399.3, 424, 451.3, 460.7, 466, 471.3, 476.7, 478.7, 479.3, 480, 481.3, 482.3, 483.3, 484.3, 485.3, 486.7]
26586     0.541053
26587     1.340141
26588     2.476842
26589     4.203300
26590     7.679679
26591    11.356103
26592    15.419874
26593    20.596409
26594    26.698132
26595    30.829142
26596    33.887325
26597    36.903980
26598    40.273952
26599    43.329025
26600    46.298855
26601    49.188999
26602    52.002823
26603    55.054344
32257     1.947242
32258     3.642408
32261    14.554661
32262    19.636328
32263    25.644800
32264    29.825911
32265    32.968884
32266    36.051121
32267    39.459869
32268    42.552090
32269    45.551327
32270    48.463448
32271    51.293407
Name: X, dtype: float64
19
cracking 0.001125
loss in 0.000375: 0.3061889129801929 
375.0
12.4
36
[320, 348, 374.7, 399.3, 424, 451.3, 460.7, 466, 471.3, 476.7, 478.7, 479.3, 480, 481.3, 482.3, 483.3, 484.3, 485.3]
[348, 374.7, 399.3, 424, 451.3, 460.7, 466, 471.3, 476.7, 478.7, 479.3, 480, 481.3, 482.3, 483.3, 484.3, 485.3, 486.7]
26766     0.541325
26767     1.342926
26768     2.491726
26769     4.266912
26770     7.984195
26771    11.946932
26772    16.263231
26773    21.622541
26774    27.791443
26775    31.912319
26776    34.947720
26777    37.939823
26778    41.284466
26779    44.312798
26780    47.255867
26781    50.118141
26782    52.903507
26783    55.924343
32437     1.961841
32438     3.704316
32441    15.349513
32442    20.619343
32443    26.707998
32444    30.885918
32445    34.010067
32446    37.070984
32447    40.457230
32448    43.525303
32449    46.499355
32450    49.385841
32451    52.189384
Name: X, dtype: float64
19
loss in 0.0005: 0.3022261150408028 
500.0
12.4
36
[320, 348, 374.7, 399.3, 424, 451.3, 460.7, 466, 471.3, 476.7, 478.7, 479.3, 480, 481.3, 482.3, 483.3, 484.3, 485.3]
[348, 374.7, 399.3, 424, 451.3, 460.7, 466, 471.3, 476.7, 478.7, 479.3, 480, 481.3, 482.3, 483.3, 484.3, 485.3, 486.7]
loss in 0.00075: 0.2969298023712928 
26856     0.541882
26857     1.344231
26858     2.497915
26859     4.295200
26860     8.122637
26861    12.217281
26862    16.644733
26863    22.081114
26864    28.279892
26865    32.398544
26866    35.425644
26867    38.408493
26868    41.742748
26869    44.761127
26870    47.692856
26871    50.543480
26872    53.317299
26873    56.324795
32527     1.967979
32528     3.731189
32531    15.708635
32532    21.058371
32533    27.182899
32534    31.361494
32535    34.478882
32536    37.532063
32537    40.909870
32538    43.968147
32539    46.932514
32540    49.808250
32541    52.600548
Name: X, dtype: float64
19
loss in 0.000625: 0.2994101611009608 
loss in 0.00025: 0.31099047175417466 
cracking 0.00125
750.0
12.4
36
[320, 348, 374.7, 399.3, 424, 451.3, 460.7, 466, 471.3, 476.7, 478.7, 479.3, 480, 481.3, 482.3, 483.3, 484.3, 485.3]
[348, 374.7, 399.3, 424, 451.3, 460.7, 466, 471.3, 476.7, 478.7, 479.3, 480, 481.3, 482.3, 483.3, 484.3, 485.3, 486.7]
27036     0.542414
27037     1.346515
27038     2.509336
27039     4.345644
27040     8.379178
27041    12.720531
27042    17.345581
27043    22.913807
27044    29.167658
27045    33.284927
27046    36.299171
27047    39.267300
27048    42.586494
27049    45.586723
27050    48.499870
27051    51.330868
27052    54.083344
27053    57.067833
32707     1.978695
32708     3.779629
32711    16.368149
32712    21.856274
32713    28.045601
32714    32.228561
32715    35.336056
32716    38.377071
32717    41.742035
32718    44.785194
32719    47.732018
32720    50.589596
32721    53.362576
Name: X, dtype: float64
19
625.0
12.4
36
[320, 348, 374.7, 399.3, 424, 451.3, 460.7, 466, 471.3, 476.7, 478.7, 479.3, 480, 481.3, 482.3, 483.3, 484.3, 485.3]
[348, 374.7, 399.3, 424, 451.3, 460.7, 466, 471.3, 476.7, 478.7, 479.3, 480, 481.3, 482.3, 483.3, 484.3, 485.3, 486.7]
250.0
12.4
36
[320, 348, 374.7, 399.3, 424, 451.3, 460.7, 466, 471.3, 476.7, 478.7, 479.3, 480, 481.3, 482.3, 483.3, 484.3, 485.3]
[348, 374.7, 399.3, 424, 451.3, 460.7, 466, 471.3, 476.7, 478.7, 479.3, 480, 481.3, 482.3, 483.3, 484.3, 485.3, 486.7]
26676     0.541349
26677     1.341674
26678     2.484447
26679     4.237044
26680     7.837187
26681    11.660980
26682    15.856541
26683    21.130030
26684    27.266428
26685    31.391476
26686    34.436951
26687    37.439999
26688    40.796062
26689    43.836716
26690    46.792538
26691    49.667618
26692    52.466686
26693    55.502041
32347     1.955185
32348     3.674968
32351    14.966463
32352    20.147499
32353    26.197657
32354    30.376007
32355    33.508472
32356    36.579025
32357    39.975403
32358    43.054581
32359    46.040283
32360    48.938595
32361    51.754738
Name: X, dtype: float6426946     0.541728
26947     1.345468
26948     2.503976
26949     4.321380
26950     8.253869
26951    12.474607
26952    17.004583
26953    22.510054
26954    28.737150
26955    32.854691
26956    35.874935
26957    38.849796
26958    42.176178
26959    45.184940
26960    48.106636
26961    50.946999
26962    53.709663
26963    56.705158
32617     1.973470
32618     3.756246
32621    16.047337
32622    21.469456
32623    27.627365
32624    31.807812
32625    34.919773
32626    37.966515
32627    41.337311
32628    44.387512
32629    47.342590
32630    50.208595
32631    52.990883
Name: X, dtype: float64

19
19
cracking 0.001375
cracking 0.0015
cracking 0.00175
cracking 0.001625
loss in 0.000875: 0.2946879145570068 
875.0
12.4
36
[320, 348, 374.7, 399.3, 424, 451.3, 460.7, 466, 471.3, 476.7, 478.7, 479.3, 480, 481.3, 482.3, 483.3, 484.3, 485.3]
[348, 374.7, 399.3, 424, 451.3, 460.7, 466, 471.3, 476.7, 478.7, 479.3, 480, 481.3, 482.3, 483.3, 484.3, 485.3, 486.7]
27126     0.541825
27127     1.347661
27128     2.514255
27129     4.369035
27130     8.499916
27131    12.956445
27132    17.669851
27133    23.295486
27134    29.574274
27135    33.692043
27136    36.701366
27137    39.663750
27138    42.976536
27139    45.969486
27140    48.874496
27141    51.696651
27142    54.439999
27143    57.414059
32797     1.983494
32798     3.801911
32801    16.673145
32802    22.222090
32803    28.441011
32804    32.626896
32805    35.730701
32806    38.766991
32807    42.126820
32808    45.189877
32809    48.103359
32810    50.952766
32811    53.717201
Name: X, dtype: float64
19
cracking 0.001875
cracking 0.001
cracking 0.001125
cracking 0.00125
cracking 0.001375
cracking 0.0015
cracking 0.00175
cracking 0.001625
cracking 0.001875
loss in 0.001: 0.2926280805954271 
1000.0
12.4
36
[320, 348, 374.7, 399.3, 424, 451.3, 460.7, 466, 471.3, 476.7, 478.7, 479.3, 480, 481.3, 482.3, 483.3, 484.3, 485.3]
[348, 374.7, 399.3, 424, 451.3, 460.7, 466, 471.3, 476.7, 478.7, 479.3, 480, 481.3, 482.3, 483.3, 484.3, 485.3, 486.7]
27216     0.542458
27217     1.348509
27218     2.519060
27219     4.391415
27220     8.616336
27221    13.183365
27222    17.979229
27223    23.657576
27224    29.959951
27225    34.078899
27226    37.084000
27227    40.041294
27228    43.348572
27229    46.334602
27230    49.232445
27231    52.046650
27232    54.781319
27233    57.745777
32887     1.988156
32888     3.823128
32891    16.964336
32892    22.569231
32893    28.816078
32894    33.005142
32895    36.106174
32896    39.138523
32897    42.493961
32898    45.524872
32899    48.458012
32900    51.300186
32901    54.056561
Name: X, dtype: float64
19
cracking 0.002
loss in 0.001125: 0.2907746092361165 
1125.0
12.4
36
[320, 348, 374.7, 399.3, 424, 451.3, 460.7, 466, 471.3, 476.7, 478.7, 479.3, 480, 481.3, 482.3, 483.3, 484.3, 485.3]
[348, 374.7, 399.3, 424, 451.3, 460.7, 466, 471.3, 476.7, 478.7, 479.3, 480, 481.3, 482.3, 483.3, 484.3, 485.3, 486.7]
27306     0.542610
27307     1.349266
27308     2.523576
27309     4.412122
27310     8.728655
27311    13.402409
27312    18.275398
27313    24.002178
27314    30.327028
27315    34.447632
27316    37.448933
27317    40.401661
27318    43.704071
27319    46.684307
27320    49.575214
27321    52.381802
27322    55.108685
27323    58.063862
32977     1.992446
32978     3.843329
32981    17.243002
32982    22.899742
32983    29.173098
32984    33.365719
32985    36.464256
32986    39.493118
32987    42.844631
32988    45.870312
32989    48.797527
32990    51.633106
32991    54.382198
Name: X, dtype: float64
19
cracking 0.002125
loss in 0.00125: 0.2890333232801487 
1250.0
12.4
36
[320, 348, 374.7, 399.3, 424, 451.3, 460.7, 466, 471.3, 476.7, 478.7, 479.3, 480, 481.3, 482.3, 483.3, 484.3, 485.3]
[348, 374.7, 399.3, 424, 451.3, 460.7, 466, 471.3, 476.7, 478.7, 479.3, 480, 481.3, 482.3, 483.3, 484.3, 485.3, 486.7]
27396     0.542472
27397     1.350076
27398     2.527795
27399     4.432566
27400     8.837959
27401    13.613895
27402    18.559248
27403    24.331181
27404    30.677729
27405    34.800129
27406    37.797985
27407    40.746830
27408    44.044872
27409    47.019554
27410    49.903885
27411    52.703873
27412    55.423183
27413    58.369591
33067     1.996713
33068     3.862861
33071    17.510315
33072    23.215191
33073    29.513828
33074    33.710419
33075    36.806835
33076    39.832638
33077    43.180828
33078    46.201775
33079    49.123581
33080    51.952835
33081    54.694805
Name: X, dtype: float64
19
loss in 0.00175: 0.28266332431267244 
1750.0
12.4
36
[320, 348, 374.7, 399.3, 424, 451.3, 460.7, 466, 471.3, 476.7, 478.7, 479.3, 480, 481.3, 482.3, 483.3, 484.3, 485.3]
[348, 374.7, 399.3, 424, 451.3, 460.7, 466, 471.3, 476.7, 478.7, 479.3, 480, 481.3, 482.3, 483.3, 484.3, 485.3, 486.7]
27756     0.543240
27757     1.353550
27758     2.543712
27759     4.507874
27760     9.246910
27761    14.398619
27762    19.593386
27763    25.518168
27764    31.941961
27765    36.073360
27766    39.061821
27767    41.997856
27768    45.282249
27769    48.238506
27770    51.101791
27771    53.877739
27772    56.570747
27773    59.487003
33427     2.011913
33428     3.934414
33431    18.484421
33432    24.354527
33433    30.743607
33434    34.956093
33435    38.047081
33436    41.063995
33437    44.402119
33438    47.407864
33439    50.310738
33440    53.118423
33441    55.836315
Name: X, dtype: float64
19
cracking 0.00225
loss in 0.0015: 0.28575961417629475 
1500.0
12.4
36
[320, 348, 374.7, 399.3, 424, 451.3, 460.7, 466, 471.3, 476.7, 478.7, 479.3, 480, 481.3, 482.3, 483.3, 484.3, 485.3]
[348, 374.7, 399.3, 424, 451.3, 460.7, 466, 471.3, 476.7, 478.7, 479.3, 480, 481.3, 482.3, 483.3, 484.3, 485.3, 486.7]
27576     0.542676
27577     1.351919
27578     2.536466
27579     4.471398
27580     9.047612
27581    14.017790
27582    19.095016
27583    24.948162
27584    31.335169
27585    35.461308
27586    38.454155
27587    41.396130
27588    44.686485
27589    47.651424
27590    50.524719
27591    53.311901
27592    56.017242
27593    58.947922
33247     2.004540
33248     3.899724
33251    18.014812
33252    23.807268
33253    30.153074
33254    34.357578
33255    37.450680
33256    40.471684
33257    43.814156
33258    46.826836
33259    49.738602
33260    52.556316
33261    55.285847
Name: X, dtype: float64
19
loss in 0.001375: 0.28736795847221147 
cracking 0.002375
1375.0
12.4
36
[320, 348, 374.7, 399.3, 424, 451.3, 460.7, 466, 471.3, 476.7, 478.7, 479.3, 480, 481.3, 482.3, 483.3, 484.3, 485.3]
[348, 374.7, 399.3, 424, 451.3, 460.7, 466, 471.3, 476.7, 478.7, 479.3, 480, 481.3, 482.3, 483.3, 484.3, 485.3, 486.7]
27486     0.542807
27487     1.351246
27488     2.532054
27489     4.452388
27490     8.943993
27491    13.818852
27492    18.832161
27493    24.646019
27494    31.013302
27495    35.137512
27496    38.132671
27497    41.077824
27498    44.371891
27499    47.341526
27500    50.220081
27501    53.013393
27502    55.725685
27503    58.664047
33157     2.000722
33158     3.881589
33161    17.767252
33162    23.517315
33163    29.840088
33164    34.040627
33165    37.135242
33166    40.158489
33167    43.503643
33168    46.520302
33169    49.436935
33170    52.259995
33171    54.995678
Name: X, dtype: float64
19
cracking 0.0025
loss in 0.001625: 0.28419724288589576 
1625.0
12.4
36
[320, 348, 374.7, 399.3, 424, 451.3, 460.7, 466, 471.3, 476.7, 478.7, 479.3, 480, 481.3, 482.3, 483.3, 484.3, 485.3]
[348, 374.7, 399.3, 424, 451.3, 460.7, 466, 471.3, 476.7, 478.7, 479.3, 480, 481.3, 482.3, 483.3, 484.3, 485.3, 486.7]
27666     0.543104
27667     1.352754
27668     2.540131
27669     4.489710
27670     9.148190
27671    14.210928
27672    19.348587
27673    25.238491
27674    31.644516
27675    35.772999
27676    38.763474
27677    41.702236
27678    44.989590
27679    47.950134
27680    50.818348
27681    53.599792
27682    56.298611
27683    59.221794
33337     2.008337
33338     3.917323
33341    18.253675
33342    24.086052
33343    30.453899
33344    34.662251
33345    37.754295
33346    40.773239
33347    44.113411
33348    47.122414
33349    50.029663
33350    52.842213
33351    55.566029
Name: X, dtype: float64
19
loss in 0.001875: 0.28116179454906837 
1875.0
12.4
36
[320, 348, 374.7, 399.3, 424, 451.3, 460.7, 466, 471.3, 476.7, 478.7, 479.3, 480, 481.3, 482.3, 483.3, 484.3, 485.3]
[348, 374.7, 399.3, 424, 451.3, 460.7, 466, 471.3, 476.7, 478.7, 479.3, 480, 481.3, 482.3, 483.3, 484.3, 485.3, 486.7]
27846     0.543392
27847     1.353964
27848     2.547776
27849     4.525368
27850     9.343522
27851    14.581598
27852    19.830307
27853    25.787788
27854    32.229309
27855    36.363182
27856    39.349762
27857    42.283451
27858    45.564930
27859    48.517471
27860    51.376205
27861    54.146992
27862    56.833817
27863    59.743198
33517     1.744130
33518     3.336127
33521    17.143639
33522    22.835997
33523    29.049589
33524    34.203415
33525    37.591595
33526    40.547531
33527    43.448956
33528    46.692268
33529    49.608681
33530    52.431084
33531    55.165054
Name: X, dtype: float64
19
cracking 0.002
cracking 0.002125
cracking 0.00225
cracking 0.002375
cracking 0.0025
loss in 0.002: 0.27970063505827913 
2000.0
12.4
36
[320, 348, 374.7, 399.3, 424, 451.3, 460.7, 466, 471.3, 476.7, 478.7, 479.3, 480, 481.3, 482.3, 483.3, 484.3, 485.3]
[348, 374.7, 399.3, 424, 451.3, 460.7, 466, 471.3, 476.7, 478.7, 479.3, 480, 481.3, 482.3, 483.3, 484.3, 485.3, 486.7]
27936     0.543270
27937     1.354699
27938     2.551046
27939     4.542449
27940     9.437722
27941    14.759844
27942    20.059813
27943    26.048229
27944    32.506779
27945    36.643238
27946    39.628147
27947    42.559517
27948    45.838524
27949    48.787399
27950    51.641895
27951    54.407429
27952    57.088913
27953    59.992123
33607     2.018900
33608     3.967109
33611    18.924217
33612    24.863777
33613    31.293041
33614    35.513557
33615    38.603218
33616    41.616764
33617    44.951412
33618    47.950775
33619    50.845932
33620    53.644531
33621    56.352123
Name: X, dtype: float64
19
loss in 0.002125: 0.278250013956566 
2125.0
12.4
36
[320, 348, 374.7, 399.3, 424, 451.3, 460.7, 466, 471.3, 476.7, 478.7, 479.3, 480, 481.3, 482.3, 483.3, 484.3, 485.3]
[348, 374.7, 399.3, 424, 451.3, 460.7, 466, 471.3, 476.7, 478.7, 479.3, 480, 481.3, 482.3, 483.3, 484.3, 485.3, 486.7]
28026     0.543575
28027     1.355534
28028     2.554432
28029     4.558943
28030     9.530605
28031    14.933734
28032    20.282272
28033    26.300188
28034    32.775318
28035    36.914417
28036    39.897678
28037    42.826954
28038    46.103859
28039    49.049004
28040    51.899342
28041    54.660053
28042    57.336227
28043    60.232941
33697     2.022188
33698     3.983020
33701    19.134233
33702    25.106014
33703    31.554218
33704    35.778847
33705    38.868099
33706    41.880196
33707    45.213154
33708    48.209831
33709    51.101192
33710    53.895512
33711    56.598236
Name: X, dtype: float64
19
loss in 0.002375: 0.27558890268394604 
2375.0
12.4
36
[320, 348, 374.7, 399.3, 424, 451.3, 460.7, 466, 471.3, 476.7, 478.7, 479.3, 480, 481.3, 482.3, 483.3, 484.3, 485.3]
[348, 374.7, 399.3, 424, 451.3, 460.7, 466, 471.3, 476.7, 478.7, 479.3, 480, 481.3, 482.3, 483.3, 484.3, 485.3, 486.7]
28206     0.627169
28207     1.535913
28208     2.917857
28209     5.380042
28210    11.180683
28211    16.174807
28212    22.302740
28213    28.510355
28214    33.872265
28215    37.995029
28216    40.960819
28217    43.870090
28218    47.123203
28219    50.044552
28220    52.869083
28221    55.603046
28222    58.250938
28223    61.041443
33877     2.028660
33878     4.013438
33881    19.536596
33882    25.568455
33883    32.052765
33884    36.285275
33885    39.373341
33886    42.383324
33887    45.713516
33888    48.704849
33889    51.589844
33890    54.376019
33891    57.069374
Name: X, dtype: float64
19
loss in 0.00225: 0.27685110422186554 
2250.0
12.4
36
[320, 348, 374.7, 399.3, 424, 451.3, 460.7, 466, 471.3, 476.7, 478.7, 479.3, 480, 481.3, 482.3, 483.3, 484.3, 485.3]
[348, 374.7, 399.3, 424, 451.3, 460.7, 466, 471.3, 476.7, 478.7, 479.3, 480, 481.3, 482.3, 483.3, 484.3, 485.3, 486.7]
28116     0.543528
28117     1.356186
28118     2.557711
28119     4.575198
28120     9.621357
28121    15.103373
28122    20.498394
28123    26.544270
28124    33.035316
28125    37.176598
28126    40.158909
28127    43.086243
28128    46.360798
28129    49.302807
28130    52.149208
28131    54.905220
28132    57.576035
28133    60.467091
33787     2.025409
33788     3.998315
33791    19.338221
33792    25.340763
33793    31.807278
33794    36.035862
33795    39.124317
33796    42.135399
33797    45.467037
33798    48.460777
33799    51.349152
33800    54.139244
33801    56.837082
Name: X, dtype: float64
19
loss in 0.0025: 0.27450822135626524 
2500.0
12.4
36
[320, 348, 374.7, 399.3, 424, 451.3, 460.7, 466, 471.3, 476.7, 478.7, 479.3, 480, 481.3, 482.3, 483.3, 484.3, 485.3]
[348, 374.7, 399.3, 424, 451.3, 460.7, 466, 471.3, 476.7, 478.7, 479.3, 480, 481.3, 482.3, 483.3, 484.3, 485.3, 486.7]
28296     0.715075
28297     1.753300
28298     3.380307
28299     6.533431
28300    12.606651
28301    18.110371
28302    23.982710
28303    30.302004
28304    35.496487
28305    38.886726
28306    41.835896
28307    44.727448
28308    47.959572
28309    50.859642
28310    53.661911
28311    56.372982
28312    58.997246
28313    61.612911
33967     2.031729
33968     4.028282
33971    19.729744
33972    25.789556
33973    32.291306
33974    36.527508
33975    39.615082
33976    42.624306
33977    45.953175
33978    48.941998
33979    51.823925
33980    54.606083
33981    57.295177
Name: X, dtype: float64
19
Error in concentration in 0.0ppm is 0.000713 
Error in concentration in 125.0ppm is 0.004710 
Error in concentration in 250.0ppm is 0.006063 
Error in concentration in 375.0ppm is 0.006413 
Error in concentration in 500.0ppm is 0.007260 
Error in concentration in 625.0ppm is 0.007105 
Error in concentration in 750.0ppm is 0.006761 
Error in concentration in 875.0ppm is 0.006333 
Error in concentration in 1000.0ppm is 0.005849 
Error in concentration in 1125.0ppm is 0.005346 
Error in concentration in 1250.0ppm is 0.004885 
Error in concentration in 1375.0ppm is 0.004571 
Error in concentration in 1500.0ppm is 0.004383 
Error in concentration in 1625.0ppm is 0.004198 
Error in concentration in 1750.0ppm is 0.004030 
Error in concentration in 1875.0ppm is 0.003941 
Error in concentration in 2000.0ppm is 0.003913 
Error in concentration in 2125.0ppm is 0.003906 
Error in concentration in 2250.0ppm is 0.004014 
Error in concentration in 2375.0ppm is 0.008223 
Error in concentration in 2500.0ppm is 0.016490 
CCl4 concentration generalization takes 0.895208728313446 min 53.71252369880676 sec.
Case3: Initial pressure...
cracking 0.001
cracking 0.001
cracking 0.001
cracking 0.001
cracking 0.001
cracking 0.001
cracking 0.001
cracking 0.001
cracking 0.001
cracking 0.001
loss in 0.001: 0.2736833193842242 
1000.0
14.4
36
[320, 348, 374.7, 399.3, 424, 451.3, 460.7, 466, 471.3, 476.7, 478.7, 479.3, 480, 481.3, 482.3, 483.3, 484.3, 485.3]
[348, 374.7, 399.3, 424, 451.3, 460.7, 466, 471.3, 476.7, 478.7, 479.3, 480, 481.3, 482.3, 483.3, 484.3, 485.3, 486.7]
27252     0.629719
27253     1.565561
27254     2.921959
27255     5.080405
27256     9.933167
27257    15.161333
27258    20.523582
27259    26.698008
27260    33.417145
27261    37.754749
27262    40.894264
27263    43.968117
27264    47.389000
27265    50.459202
27266    53.421783
27267    56.282993
27268    59.047371
27269    62.025661
32923     2.301587
32924     4.410195
32927    19.293867
32928    25.407755
32929    32.092968
32930    36.520485
32931    39.771515
32932    42.933533
32933    46.415279
32934    49.541054
32935    52.549808
32936    55.448601
32937    58.244057
Name: X, dtype: float64
19
loss in 0.001: 0.2926280805954271 
1000.0
12.4
36
[320, 348, 374.7, 399.3, 424, 451.3, 460.7, 466, 471.3, 476.7, 478.7, 479.3, 480, 481.3, 482.3, 483.3, 484.3, 485.3]
[348, 374.7, 399.3, 424, 451.3, 460.7, 466, 471.3, 476.7, 478.7, 479.3, 480, 481.3, 482.3, 483.3, 484.3, 485.3, 486.7]
27216     0.542458
27217     1.348509
27218     2.519060
27219     4.391415
27220     8.616336
27221    13.183365
27222    17.979229
27223    23.657576
27224    29.959951
27225    34.078899
27226    37.084000
27227    40.041294
27228    43.348572
27229    46.334602
27230    49.232445
27231    52.046650
27232    54.781319
27233    57.745777
32887     1.988156
32888     3.823128
32891    16.964336
32892    22.569231
32893    28.816078
32894    33.005142
32895    36.106174
32896    39.138523
32897    42.493961
32898    45.524872
32899    48.458012
32900    51.300186
32901    54.056561
Name: X, dtype: float64
19
loss in 0.001: 0.31326240376581826 
1000.0
10.4
36
[320, 348, 374.7, 399.3, 424, 451.3, 460.7, 466, 471.3, 476.7, 478.7, 479.3, 480, 481.3, 482.3, 483.3, 484.3, 485.3]
[348, 374.7, 399.3, 424, 451.3, 460.7, 466, 471.3, 476.7, 478.7, 479.3, 480, 481.3, 482.3, 483.3, 484.3, 485.3, 486.7]
27180     0.454785
27181     1.130655
27182     2.114152
27183     3.696109
27184     7.284056
27185    11.155511
27186    15.298104
27187    20.355278
27188    26.109171
27189    29.918217
27190    32.715446
27191    35.482731
27192    38.594120
27193    41.417507
27194    44.170925
27195    46.858204
27196    49.483093
27197    52.345600
32851     1.672907
32852     3.230075
32855    14.516745
32856    19.502863
32857    25.189457
32858    29.052176
32859    31.931536
32860    34.761982
32861    37.910316
32862    40.768604
32863    43.548790
32864    46.255814
32865    48.894310
Name: X, dtype: float64
19
loss in 0.001: 0.28261161291877884 
1000.0
13.4
36
[320, 348, 374.7, 399.3, 424, 451.3, 460.7, 466, 471.3, 476.7, 478.7, 479.3, 480, 481.3, 482.3, 483.3, 484.3, 485.3]
[348, 374.7, 399.3, 424, 451.3, 460.7, 466, 471.3, 476.7, 478.7, 479.3, 480, 481.3, 482.3, 483.3, 484.3, 485.3, 486.7]
27234     0.586226
27235     1.456787
27236     2.720463
27237     4.736258
27238     9.276443
27239    14.178668
27240    19.268429
27241    25.208618
27242    31.733568
27243    35.971470
27244    39.051460
27245    42.074471
27246    45.446541
27247    48.482704
27248    51.420414
27249    54.265423
27250    57.022522
27251    60.001507
32905     2.145028
32906     4.117322
32909    18.143463
32910    24.015234
32911    30.494621
32912    34.812271
32913    37.995739
32914    41.100273
32915    44.527157
32916    47.613293
32917    50.591789
32918    53.469505
32919    56.252918
Name: X, dtype: float64
19
loss in 0.001: 0.3033233775713591 
1000.0
11.4
36
[320, 348, 374.7, 399.3, 424, 451.3, 460.7, 466, 471.3, 476.7, 478.7, 479.3, 480, 481.3, 482.3, 483.3, 484.3, 485.3]
[348, 374.7, 399.3, 424, 451.3, 460.7, 466, 471.3, 476.7, 478.7, 479.3, 480, 481.3, 482.3, 483.3, 484.3, 485.3, 486.7]
27198     0.498813
27199     1.239803
27200     2.316923
27201     4.044648
27202     7.952158
27203    12.175834
27204    16.656191
27205    22.041237
27206    28.088306
27207    32.065742
27208    34.977886
27209    37.851376
27210    41.073231
27211    43.990482
27212    46.828388
27213    49.592281
27214    52.285259
27215    55.213360
32869     1.830757
32870     3.527285
32873    15.755860
32874    21.066385
32875    27.050220
32876    31.089109
32877    34.089897
32878    37.032177
32879    40.296383
32880    43.252800
32881    46.121750
32882    48.908863
32883    51.619415
Name: X, dtype: float64
19
Error in 10.4atm is 0.003197 
Error in 11.4atm is 0.003907 
Error in 12.4atm is 0.005849 
Error in 13.4atm is 0.008011 
Error in 14.4atm is 0.009399 
Initial pressure generalization takes 0.319960097471873 min 19.197605848312378 sec.
Case5: Initial T_in...
cracking 0.001
cracking 0.001
cracking 0.001
cracking 0.001
cracking 0.001
cracking 0.001
cracking 0.001
cracking 0.001
cracking 0.001
cracking 0.001
cracking 0.001
cracking 0.001
loss in 0.001: 0.3180033782677361 
loss in 0.001: 0.2992819331492745 
1000.0
12.4
36
[350, 374.7, 399.3, 424, 449.3, 460.7, 466, 471.3, 476.7, 478.7, 479.3, 480, 481.3, 482.3, 483.3, 484.3, 485.3, 486]
[374.7, 399.3, 424, 449.3, 460.7, 466, 471.3, 476.7, 478.7, 479.3, 480, 481.3, 482.3, 483.3, 484.3, 485.3, 486, 486.7]
loss in 0.001: 0.3074648805607487 
27218     2.519060
27219     4.391415
27222    17.979229
27223    23.657576
27224    29.959951
27225    34.078899
27226    37.084000
27227    40.041294
27228    43.348572
27229    46.334602
27230    49.232445
27231    52.046650
27232    54.781319
27233    57.745777
32886     0.816246
32887     1.988156
32888     3.823128
32889     7.502276
32890    12.236892
32891    16.964336
32892    22.569231
32893    28.816078
32894    33.005142
32895    36.106174
32896    39.138523
32897    42.493961
32898    45.524872
32899    48.458012
32900    51.300186
32901    54.056561
32902    56.505898
32903    58.882050
Name: X, dtype: float64
index + 17 dont exist in y_ground_df, continue
index + 17 dont exist in y_ground_df, continue
index + 17 dont exist in y_ground_df, continue
index + 17 dont exist in y_ground_df, continue
index + 17 dont exist in y_ground_df, continue
index + 17 dont exist in y_ground_df, continue
index + 17 dont exist in y_ground_df, continue
index + 17 dont exist in y_ground_df, continue
index + 17 dont exist in y_ground_df, continue
index + 17 dont exist in y_ground_df, continue
index + 17 dont exist in y_ground_df, continue
index + 17 dont exist in y_ground_df, continue
index + 17 dont exist in y_ground_df, continue
index + 17 dont exist in y_ground_df, continue
19
1000.0
12.4
36
[330, 357.3, 382, 406.6, 431.3, 455.1, 461.5, 467.8, 473.1, 476.8, 478.8, 479.4, 480.1, 481.4, 482.4, 483.4, 484.4, 485.4]
[357.3, 382, 406.6, 431.3, 455.1, 461.5, 467.8, 473.1, 476.8, 478.8, 479.4, 480.1, 481.4, 482.4, 483.4, 484.4, 485.4, 486.7]
1000.0
12.4
36
[340, 365.3, 390, 414.6, 439.3, 458.6, 464, 469.3, 474.6, 478, 479, 479.6, 480.3, 481.6, 482.6, 483.6, 484.6, 485.6]
[365.3, 390, 414.6, 439.3, 458.6, 464, 469.3, 474.6, 478, 479, 479.6, 480.3, 481.6, 482.6, 483.6, 484.6, 485.6, 486.7]
29106     0.625022
29107     1.522511
29108     2.850919
29109     5.067071
29110     9.789055
29111    13.986291
29112    19.459461
29113    25.337235
29114    30.573709
29115    34.672466
29116    37.661659
29117    40.602127
29118    43.889729
29119    46.858032
29120    49.737183
29121    52.532883
29122    55.249313
29123    58.117283
Name: X, dtype: float64
19
30996     0.710702
30997     1.728581
30998     3.262257
30999     5.987028
31000    10.848617
31001    15.513132
31002    20.849447
31003    26.866802
31004    31.956562
31005    35.348457
31006    38.322697
31007    41.247086
31008    44.515331
31009    47.464828
31010    50.325401
31011    53.102322
31012    55.799538
31013    58.495918
Name: X, dtype: float64
19
loss in 0.001: 0.2926280805954271 
1000.0
12.4
36
[320, 348, 374.7, 399.3, 424, 451.3, 460.7, 466, 471.3, 476.7, 478.7, 479.3, 480, 481.3, 482.3, 483.3, 484.3, 485.3]
[348, 374.7, 399.3, 424, 451.3, 460.7, 466, 471.3, 476.7, 478.7, 479.3, 480, 481.3, 482.3, 483.3, 484.3, 485.3, 486.7]
27216     0.542458
27217     1.348509
27218     2.519060
27219     4.391415
27220     8.616336
27221    13.183365
27222    17.979229
27223    23.657576
27224    29.959951
27225    34.078899
27226    37.084000
27227    40.041294
27228    43.348572
27229    46.334602
27230    49.232445
27231    52.046650
27232    54.781319
27233    57.745777
32887     1.988156
32888     3.823128
32891    16.964336
32892    22.569231
32893    28.816078
32894    33.005142
32895    36.106174
32896    39.138523
32897    42.493961
32898    45.524872
32899    48.458012
32900    51.300186
32901    54.056561
Name: X, dtype: float64
19
loss in 0.001: 0.2645937539604514 
1000.0
12.4
36
[300, 332, 361, 387, 411, 429.6, 443.4, 453.7, 460.5, 464.9, 468.7, 473, 477.8, 480.5, 481.5, 482.5, 483.5, 484.5]
[332, 361, 387, 411, 429.6, 443.4, 453.7, 460.5, 464.9, 468.7, 473, 477.8, 480.5, 481.5, 482.5, 483.5, 484.5, 486.7]
23436     0.413293
23437     1.061914
23438     2.017482
23439     3.435916
23440     5.440827
23441     8.261160
23442    12.204152
23443    16.850574
23444    21.467978
23445    26.212378
23446    31.545210
23447    37.437271
23448    41.827908
23449    44.844757
23450    47.775604
23451    50.624786
23452    53.397049
23453    57.023300
Name: X, dtype: float64
19
loss in 0.001: 0.2829909475675216 
1000.0
12.4
36
[310, 340, 368.4, 393.7, 416.5, 441.6, 452, 458.3, 464.6, 471, 474, 476.5, 478.8, 481.1, 482.1, 483.1, 484.1, 485.1]
[340, 368.4, 393.7, 416.5, 441.6, 452, 458.3, 464.6, 471, 474, 476.5, 478.8, 481.1, 482.1, 483.1, 484.1, 485.1, 486.7]
25326     0.474298
25327     1.203352
25328     2.264449
25329     3.830666
25330     6.846836
25331    10.252577
25332    14.173184
25333    19.345295
25334    25.640257
25335    30.240322
25336    34.534534
25337    38.660404
25338    42.738884
25339    45.742294
25340    48.657490
25341    51.489452
25342    54.242508
25343    57.381119
Name: X, dtype: float64
19
Error in 300°C is 0.002147 
Error in 310°C is 0.005588 
Error in 320°C is 0.005849 
Error in 330°C is 0.004934 
Error in 340°C is 0.005180 
Error in 350°C is 0.005226 
Initial temperature generalization takes 0.3246716340382894 min 19.480298042297363 sec.
Starting prediction...
cracking 0.0
cracking 0.0
loss in 0.0: 0.2567140596849468 
0.0
14.4
36
[320, 348, 374.7, 399.3, 424, 451.3, 460.7, 466, 471.3, 476.7, 478.7, 479.3, 480, 481.3, 482.3, 483.3, 484.3, 485.3]
[348, 374.7, 399.3, 424, 451.3, 460.7, 466, 471.3, 476.7, 478.7, 479.3, 480, 481.3, 482.3, 483.3, 484.3, 485.3, 486.7]
26532     0.628456
26533     1.553513
26534     2.866005
26535     4.836777
26536     8.728104
26537    12.864800
26538    17.445221
26539    23.195061
26540    29.827591
26541    34.248642
26542    37.490398
26543    40.666710
26544    44.193649
26545    47.368916
26546    50.438175
26547    53.406506
26548    56.279106
26549    59.374428
32203     2.247841
32204     4.175667
32207    16.379456
32208    22.023460
32209    28.572830
32210    33.063187
32211    36.406570
32212    39.663303
32213    43.241905
32214    46.466930
32215    49.575901
32216    52.576630
32217    55.475288
Name: X, dtype: float64
19
cracking 0.000125
cracking 0.000125
loss in 0.000125: 0.11972336969434155 
125.0
14.4
36
[320, 348, 374.7, 399.3, 424, 451.3, 460.7, 466, 471.3, 476.7, 478.7, 479.3, 480, 481.3, 482.3, 483.3, 484.3, 485.3]
[348, 374.7, 399.3, 424, 451.3, 460.7, 466, 471.3, 476.7, 478.7, 479.3, 480, 481.3, 482.3, 483.3, 484.3, 485.3, 486.7]
26622     0.628260
26623     1.556141
26624     2.876100
26625     4.877380
26626     8.912995
26627    13.213994
26628    17.925535
26629    23.750986
26630    30.390305
26631    34.790611
26632    38.012299
26633    41.168827
26634    44.675072
26635    47.831944
26636    50.882156
26637    53.832268
26638    56.687054
26639    59.763699
32293     2.257774
32294     4.215760
32297    16.834831
32298    22.560087
32299    29.125391
32300    33.598789
32301    36.923294
32302    40.160999
32303    43.720707
32304    46.927605
32305    50.018913
32306    53.002151
32307    55.883720
Name: X, dtype: float64
19
cracking 0.00025
cracking 0.00025
loss in 0.00025: 0.08092423616622552 
250.0
14.4
36
[320, 348, 374.7, 399.3, 424, 451.3, 460.7, 466, 471.3, 476.7, 478.7, 479.3, 480, 481.3, 482.3, 483.3, 484.3, 485.3]
[348, 374.7, 399.3, 424, 451.3, 460.7, 466, 471.3, 476.7, 478.7, 479.3, 480, 481.3, 482.3, 483.3, 484.3, 485.3, 486.7]
26712     0.628171
26713     1.558121
26714     2.884525
26715     4.913360
26716     9.083364
26717    13.538692
26718    18.369062
26719    24.260542
26720    30.909161
26721    35.294037
26722    38.498585
26723    41.638199
26724    45.127148
26725    48.267315
26726    51.301167
26727    54.235046
26728    57.073608
26729    60.133060
32383     2.266008
32384     4.250559
32387    17.254808
32388    23.052736
32389    29.634993
32390    34.095818
32391    37.404076
32392    40.626053
32393    44.169960
32394    47.360977
32395    50.436695
32396    53.404591
32397    56.270275
Name: X, dtype: float64
19
cracking 0.000375
cracking 0.000375
loss in 0.000375: 0.05696133773830563 
375.0
14.4
36
[320, 348, 374.7, 399.3, 424, 451.3, 460.7, 466, 471.3, 476.7, 478.7, 479.3, 480, 481.3, 482.3, 483.3, 484.3, 485.3]
[348, 374.7, 399.3, 424, 451.3, 460.7, 466, 471.3, 476.7, 478.7, 479.3, 480, 481.3, 482.3, 483.3, 484.3, 485.3, 486.7]
26802     0.628936
26803     1.559613
26804     2.892579
26805     4.945832
26806     9.242380
26807    13.843684
26808    18.782282
26809    24.732677
26810    31.392181
26811    35.764671
26812    38.954575
26813    42.079155
26814    45.553398
26815    48.678822
26816    51.697895
26817    54.617050
26818    57.440838
26819    60.483982
32473     2.273283
32474     4.281871
32477    17.645906
32478    23.509083
32479    30.108755
32480    34.559772
32481    37.854679
32482    41.063217
32483    44.593178
32484    47.770382
32485    50.832047
32486    53.785839
32487    56.637707
Name: X, dtype: float64
19
cracking 0.0005
cracking 0.0005
loss in 0.0005: 0.04894682224603388 
500.0
14.4
36
[320, 348, 374.7, 399.3, 424, 451.3, 460.7, 466, 471.3, 476.7, 478.7, 479.3, 480, 481.3, 482.3, 483.3, 484.3, 485.3]
[348, 374.7, 399.3, 424, 451.3, 460.7, 466, 471.3, 476.7, 478.7, 479.3, 480, 481.3, 482.3, 483.3, 484.3, 485.3, 486.7]
26892     0.629381
26893     1.561014
26894     2.899024
26895     4.976479
26896     9.393100
26897    14.131919
26898    19.169716
26899    25.173456
26900    31.844570
26901    36.207020
26902    39.383907
26903    42.495888
26904    45.956985
26905    49.069134
26906    52.074852
26907    54.980724
26908    57.790844
26909    60.819199
32563     2.279742
32564     4.310909
32567    18.012514
32568    23.934763
32569    30.552084
32570    34.995621
32571    38.279186
32572    41.475945
32573    44.993935
32574    48.158726
32575    51.207817
32576    54.148823
32577    56.987606
Name: X, dtype: float64
19
cracking 0.000625
cracking 0.000625
loss in 0.000625: 0.04890665934579333 
625.0
14.4
36
[320, 348, 374.7, 399.3, 424, 451.3, 460.7, 466, 471.3, 476.7, 478.7, 479.3, 480, 481.3, 482.3, 483.3, 484.3, 485.3]
[348, 374.7, 399.3, 424, 451.3, 460.7, 466, 471.3, 476.7, 478.7, 479.3, 480, 481.3, 482.3, 483.3, 484.3, 485.3, 486.7]
26982     0.629460
26983     1.562225
26984     2.905166
26985     5.004478
26986     9.536317
26987    14.406342
26988    19.535173
26989    25.587278
26990    32.270012
26991    36.624371
26992    39.790100
26993    42.890907
26994    46.340286
26995    49.440514
26996    52.434193
26997    55.327583
26998    58.125000
26999    61.139732
32653     2.285791
32654     4.337878
32657    18.358252
32658    24.334444
32659    30.969168
32660    35.406944
32661    38.680637
32662    41.867161
32663    45.374462
32664    48.528275
32665    51.565792
32666    54.495049
32667    57.321705
Name: X, dtype: float64
19
cracking 0.00075
cracking 0.00075
loss in 0.00075: 0.05073705171111266 
750.0
14.4
36
[320, 348, 374.7, 399.3, 424, 451.3, 460.7, 466, 471.3, 476.7, 478.7, 479.3, 480, 481.3, 482.3, 483.3, 484.3, 485.3]
[348, 374.7, 399.3, 424, 451.3, 460.7, 466, 471.3, 476.7, 478.7, 479.3, 480, 481.3, 482.3, 483.3, 484.3, 485.3, 486.7]
27072     0.629638
27073     1.563314
27074     2.910890
27075     5.031033
27076     9.673812
27077    14.668433
27078    19.881021
27079    25.977489
27080    32.672062
27081    37.019959
27082    40.175884
27083    43.266750
27084    46.705544
27085    49.794987
27086    52.777576
27087    55.659363
27088    58.445152
27089    61.446922
32743     2.291414
32744     4.363288
32747    18.685568
32748    24.711227
32749    31.363182
32750    35.796608
32751    39.061642
32752    42.239285
32753    45.737167
32754    48.880611
32755    51.907940
32756    54.826336
32757    57.641773
Name: X, dtype: float64
19
cracking 0.000875
cracking 0.000875
loss in 0.000875: 0.05382153642708376 
875.0
14.4
36
[320, 348, 374.7, 399.3, 424, 451.3, 460.7, 466, 471.3, 476.7, 478.7, 479.3, 480, 481.3, 482.3, 483.3, 484.3, 485.3]
[348, 374.7, 399.3, 424, 451.3, 460.7, 466, 471.3, 476.7, 478.7, 479.3, 480, 481.3, 482.3, 483.3, 484.3, 485.3, 486.7]
27162     0.629404
27163     1.564304
27164     2.916668
27165     5.056435
27166     9.805563
27167    14.919611
27168    20.210152
27169    26.346916
27170    33.053528
27171    37.396042
27172    40.543606
27173    43.625320
27174    47.054668
27175    50.134212
27176    53.106285
27177    55.977547
27178    58.752319
27179    61.741806
32833     2.296649
32834     4.387285
32837    18.996857
32838    25.068438
32839    31.737101
32840    36.167076
32841    39.424877
32842    42.594086
32843    46.083572
32844    49.217930
32845    52.235386
32846    55.143810
32847    57.948910
Name: X, dtype: float64
19
cracking 0.001
cracking 0.001
loss in 0.001: 0.05670991498077279 
1000.0
14.4
36
[320, 348, 374.7, 399.3, 424, 451.3, 460.7, 466, 471.3, 476.7, 478.7, 479.3, 480, 481.3, 482.3, 483.3, 484.3, 485.3]
[348, 374.7, 399.3, 424, 451.3, 460.7, 466, 471.3, 476.7, 478.7, 479.3, 480, 481.3, 482.3, 483.3, 484.3, 485.3, 486.7]
27252     0.629719
27253     1.565561
27254     2.921959
27255     5.080405
27256     9.933167
27257    15.161333
27258    20.523582
27259    26.698008
27260    33.417145
27261    37.754749
27262    40.894264
27263    43.968117
27264    47.389000
27265    50.459202
27266    53.421783
27267    56.282993
27268    59.047371
27269    62.025661
32923     2.301587
32924     4.410195
32927    19.293867
32928    25.407755
32929    32.092968
32930    36.520485
32931    39.771515
32932    42.933533
32933    46.415279
32934    49.541054
32935    52.549808
32936    55.448601
32937    58.244057
Name: X, dtype: float64
19
cracking 0.001125
cracking 0.001125
loss in 0.001125: 0.06005398345685844 
1125.0
14.4
36
[320, 348, 374.7, 399.3, 424, 451.3, 460.7, 466, 471.3, 476.7, 478.7, 479.3, 480, 481.3, 482.3, 483.3, 484.3, 485.3]
[348, 374.7, 399.3, 424, 451.3, 460.7, 466, 471.3, 476.7, 478.7, 479.3, 480, 481.3, 482.3, 483.3, 484.3, 485.3, 486.7]
27342     0.629874
27343     1.566437
27344     2.926831
27345     5.103604
27346    10.056473
27347    15.394128
27348    20.823538
27349    27.032772
27350    33.763954
27351    38.097866
27352    41.230389
27353    44.296654
27354    47.709847
27355    50.771420
27356    53.725220
27357    56.576977
27358    59.331753
27359    62.298965
33013     2.306252
33014     4.432172
33017    19.577738
33018    25.731312
33019    32.432632
33020    36.858398
33021    40.103409
33022    43.258934
33023    46.733448
33024    49.851696
33025    52.852077
33026    55.742004
33027    58.528191
Name: X, dtype: float64
19
cracking 0.00125
cracking 0.00125
loss in 0.00125: 0.06293338817465907 
1250.0
14.4
36
[320, 348, 374.7, 399.3, 424, 451.3, 460.7, 466, 471.3, 476.7, 478.7, 479.3, 480, 481.3, 482.3, 483.3, 484.3, 485.3]
[348, 374.7, 399.3, 424, 451.3, 460.7, 466, 471.3, 476.7, 478.7, 479.3, 480, 481.3, 482.3, 483.3, 484.3, 485.3, 486.7]
27432     0.630213
27433     1.567496
27434     2.931475
27435     5.125784
27436    10.176310
27437    15.618851
27438    21.110868
27439    27.352947
27440    34.096073
27441    38.426903
27442    41.553108
27443    44.612621
27444    48.018372
27445    51.072147
27446    54.017471
27447    56.860134
27448    59.605644
27449    62.562859
33103     2.310864
33104     4.453343
33107    19.850161
33108    26.040676
33109    32.757942
33110    37.182358
33111    40.421814
33112    43.571083
33113    47.039745
33114    50.150749
33115    53.143166
33116    56.024853
33117    58.802059
Name: X, dtype: float64
19
cracking 0.001375
cracking 0.001375
loss in 0.001375: 0.0654513427625667 
1375.0
14.4
36
[320, 348, 374.7, 399.3, 424, 451.3, 460.7, 466, 471.3, 476.7, 478.7, 479.3, 480, 481.3, 482.3, 483.3, 484.3, 485.3]
[348, 374.7, 399.3, 424, 451.3, 460.7, 466, 471.3, 476.7, 478.7, 479.3, 480, 481.3, 482.3, 483.3, 484.3, 485.3, 486.7]
27522     0.630170
27523     1.568082
27524     2.935754
27525     5.147359
27526    10.292664
27527    15.836175
27528    21.386959
27529    27.659706
27530    34.414600
27531    38.742943
27532    41.863316
27533    44.916588
27534    48.315460
27535    51.361897
27536    54.299294
27537    57.133820
27538    59.870457
27539    62.817661
33193     2.315180
33194     4.473711
33197    20.111715
33198    26.337065
33199    33.069832
33200    37.493568
33201    40.728069
33202    43.871960
33203    47.334690
33204    50.438839
33205    53.424034
33206    56.297829
33207    59.066734
Name: X, dtype: float64
19
cracking 0.0015
cracking 0.0015
loss in 0.0015: 0.0677695901722128 
1500.0
14.4
36
[320, 348, 374.7, 399.3, 424, 451.3, 460.7, 466, 471.3, 476.7, 478.7, 479.3, 480, 481.3, 482.3, 483.3, 484.3, 485.3]
[348, 374.7, 399.3, 424, 451.3, 460.7, 466, 471.3, 476.7, 478.7, 479.3, 480, 481.3, 482.3, 483.3, 484.3, 485.3, 486.7]
27612     0.630210
27613     1.569332
27614     2.940285
27615     5.168282
27616    10.406202
27617    16.046888
27618    21.652746
27619    27.954220
27620    34.720779
27621    39.046959
27622    42.162052
27623    45.209484
27624    48.602173
27625    51.641609
27626    54.571568
27627    57.398098
27628    60.126190
27629    63.063892
33283     2.319381
33284     4.493518
33287    20.363756
33288    26.621876
33289    33.369987
33290    37.792858
33291    41.023045
33292    44.162098
33293    47.619202
33294    50.717182
33295    53.695324
33296    56.561661
33297    59.322681
Name: X, dtype: float64
19
cracking 0.001625
cracking 0.001625
loss in 0.001625: 0.07048342869298087 
1625.0
14.4
36
[320, 348, 374.7, 399.3, 424, 451.3, 460.7, 466, 471.3, 476.7, 478.7, 479.3, 480, 481.3, 482.3, 483.3, 484.3, 485.3]
[348, 374.7, 399.3, 424, 451.3, 460.7, 466, 471.3, 476.7, 478.7, 479.3, 480, 481.3, 482.3, 483.3, 484.3, 485.3, 486.7]
27702     0.630465
27703     1.569880
27704     2.944505
27705     5.188294
27706    10.516930
27707    16.251116
27708    21.908932
27709    28.237558
27710    35.015656
27711    39.340202
27712    42.450378
27713    45.492428
27714    48.879078
27715    51.912003
27716    54.834854
27717    57.653667
27718    60.373913
27719    63.302799
33373     2.323432
33374     4.512551
33377    20.606766
33378    26.895893
33379    33.658852
33380    38.081539
33381    41.307621
33382    44.442009
33383    47.893955
33384    50.985882
33385    53.957371
33386    56.817039
33387    59.570545
Name: X, dtype: float64
19
cracking 0.00175
cracking 0.00175
loss in 0.00175: 0.07293039341138234 
1750.0
14.4
36
[320, 348, 374.7, 399.3, 424, 451.3, 460.7, 466, 471.3, 476.7, 478.7, 479.3, 480, 481.3, 482.3, 483.3, 484.3, 485.3]
[348, 374.7, 399.3, 424, 451.3, 460.7, 466, 471.3, 476.7, 478.7, 479.3, 480, 481.3, 482.3, 483.3, 484.3, 485.3, 486.7]
27792     0.630582
27793     1.570482
27794     2.948718
27795     5.207867
27796    10.625284
27797    16.449602
27798    22.156336
27799    28.510878
27800    35.300270
27801    39.623299
27802    42.728935
27803    45.765598
27804    49.147121
27805    52.173862
27806    55.089767
27807    57.901588
27808    60.614174
27809    63.534267
33463     2.327353
33464     4.530970
33467    20.841480
33468    27.160133
33469    33.937611
33470    38.360401
33471    41.582500
33472    44.712364
33473    48.159782
33474    51.246056
33475    54.211559
33476    57.064156
33477    59.810535
Name: X, dtype: float64
19
cracking 0.001875
cracking 0.001875
loss in 0.001875: 0.0751630476920397 
1875.0
14.4
36
[320, 348, 374.7, 399.3, 424, 451.3, 460.7, 466, 471.3, 476.7, 478.7, 479.3, 480, 481.3, 482.3, 483.3, 484.3, 485.3]
[348, 374.7, 399.3, 424, 451.3, 460.7, 466, 471.3, 476.7, 478.7, 479.3, 480, 481.3, 482.3, 483.3, 484.3, 485.3, 486.7]
27882     0.631012
27883     1.571787
27884     2.952817
27885     5.227131
27886    10.731233
27887    16.642630
27888    22.395618
27889    28.774689
27890    35.575222
27891    39.896976
27892    42.998428
27893    46.030392
27894    49.406872
27895    52.427677
27896    55.337086
27897    58.141758
27898    60.846916
27899    63.758636
33553     2.020565
33554     3.852491
33557    19.402067
33558    25.555344
33559    32.159172
33560    37.578876
33561    41.112984
33562    44.179317
33563    47.175575
33564    50.509113
33565    53.490154
33566    56.359692
33567    59.124565
Name: X, dtype: float64
19
cracking 0.002
cracking 0.002
loss in 0.002: 0.07702549716373433 
2000.0
14.4
36
[320, 348, 374.7, 399.3, 424, 451.3, 460.7, 466, 471.3, 476.7, 478.7, 479.3, 480, 481.3, 482.3, 483.3, 484.3, 485.3]
[348, 374.7, 399.3, 424, 451.3, 460.7, 466, 471.3, 476.7, 478.7, 479.3, 480, 481.3, 482.3, 483.3, 484.3, 485.3, 486.7]
27972     0.631000
27973     1.572382
27974     2.956536
27975     5.245561
27976    10.835002
27977    16.830482
27978    22.627264
27979    29.029764
27980    35.841133
27981    40.162148
27982    43.259251
27983    46.286854
27984    49.658607
27985    52.673733
27986    55.577080
27987    58.375313
27988    61.072830
27989    63.976734
33643     2.334801
33644     4.566636
33647    21.288595
33648    27.662090
33649    34.467564
33650    38.891010
33651    42.106243
33652    45.228489
33653    48.667263
33654    51.743237
33655    54.697037
33656    57.536957
33657    60.269524
Name: X, dtype: float64
19
cracking 0.002125
cracking 0.002125
loss in 0.002125: 0.07864981445267547 
2125.0
14.4
36
[320, 348, 374.7, 399.3, 424, 451.3, 460.7, 466, 471.3, 476.7, 478.7, 479.3, 480, 481.3, 482.3, 483.3, 484.3, 485.3]
[348, 374.7, 399.3, 424, 451.3, 460.7, 466, 471.3, 476.7, 478.7, 479.3, 480, 481.3, 482.3, 483.3, 484.3, 485.3, 486.7]
28062     0.631002
28063     1.573114
28064     2.960308
28065     5.263947
28066    10.936814
28067    17.013531
28068    22.851927
28069    29.276674
28070    36.098835
28071    40.418934
28072    43.512505
28073    46.536140
28074    49.902897
28075    52.912540
28076    55.810173
28077    58.601822
28078    61.292915
28079    64.188957
33733     2.338496
33734     4.583745
33737    21.501898
33738    27.901047
33739    34.719696
33740    39.144035
33741    42.356274
33742    45.474895
33743    48.910065
33744    51.980999
33745    54.929359
33746    57.763176
33747    60.489304
Name: X, dtype: float64
19
cracking 0.00225
cracking 0.00225
loss in 0.00225: 0.07971946632843588 
2250.0
14.4
36
[320, 348, 374.7, 399.3, 424, 451.3, 460.7, 466, 471.3, 476.7, 478.7, 479.3, 480, 481.3, 482.3, 483.3, 484.3, 485.3]
[348, 374.7, 399.3, 424, 451.3, 460.7, 466, 471.3, 476.7, 478.7, 479.3, 480, 481.3, 482.3, 483.3, 484.3, 485.3, 486.7]
28152     0.631296
28153     1.573762
28154     2.963983
28155     5.281552
28156    11.036651
28157    17.192003
28158    23.070059
28159    29.516167
28160    36.348694
28161    40.668301
28162    43.758282
28163    46.777988
28164    50.140091
28165    53.144711
28166    56.036564
28167    58.821987
28168    61.506573
28169    64.395279
33823     2.341924
33824     4.600562
33827    21.709126
33828    28.132896
33829    34.964569
33830    39.389515
33831    42.599056
33832    45.714058
33833    49.145363
33834    52.212078
33835    55.155178
33836    57.983307
33837    60.703186
Name: X, dtype: float64
19
cracking 0.002375
cracking 0.002375
loss in 0.002375: 0.08058275117121673 
2375.0
14.4
36
[320, 348, 374.7, 399.3, 424, 451.3, 460.7, 466, 471.3, 476.7, 478.7, 479.3, 480, 481.3, 482.3, 483.3, 484.3, 485.3]
[348, 374.7, 399.3, 424, 451.3, 460.7, 466, 471.3, 476.7, 478.7, 479.3, 480, 481.3, 482.3, 483.3, 484.3, 485.3, 486.7]
28242     0.728025
28243     1.780948
28244     3.375097
28245     6.192051
28246    12.777272
28247    18.330698
28248    24.954823
28249    31.541479
28250    37.170872
28251    41.466202
28252    44.535622
28253    47.533611
28254    50.870750
28255    53.850929
28256    56.718189
28257    59.478371
28258    62.137558
28259    64.923096
33913     2.345384
33914     4.616945
33917    21.910460
33918    28.357939
33919    35.202450
33920    39.628086
33921    42.835125
33922    45.946865
33923    49.374443
33924    52.436562
33925    55.375137
33926    58.197834
33927    60.911598
Name: X, dtype: float64
19
cracking 0.0025
cracking 0.0025
loss in 0.0025: 0.08139795827972689 
2500.0
14.4
36
[320, 348, 374.7, 399.3, 424, 451.3, 460.7, 466, 471.3, 476.7, 478.7, 479.3, 480, 481.3, 482.3, 483.3, 484.3, 485.3]
[348, 374.7, 399.3, 424, 451.3, 460.7, 466, 471.3, 476.7, 478.7, 479.3, 480, 481.3, 482.3, 483.3, 484.3, 485.3, 486.7]
28332     0.829459
28333     2.030360
28334     3.900590
28335     7.491874
28336    14.345227
28337    20.395103
28338    26.694819
28339    33.376503
28340    38.816772
28341    42.339634
28342    45.388630
28343    48.364765
28344    51.677166
28345    54.632599
28346    57.474155
28347    60.208168
28348    62.840256
28349    65.448547
34003     2.348798
34004     4.633042
34007    22.106474
34008    28.576515
34009    35.433601
34010    39.860287
34011    43.064674
34012    46.173260
34013    49.597618
34014    52.655640
34015    55.589016
34016    58.406555
34017    61.114605
Name: X, dtype: float64
19
['/home/wesley/EDC/FPC/ML/results/0322_FPC_lowparam_6_29/plots/predict/20_320_11.4_36_org/CCl4_0.000000_mass_36_temp_320_20_320_11.4_36_org.png', '/home/wesley/EDC/FPC/ML/results/0322_FPC_lowparam_6_29/plots/predict/20_320_11.4_36_org/CCl4_125.000000_mass_36_temp_320_20_320_11.4_36_org.png', '/home/wesley/EDC/FPC/ML/results/0322_FPC_lowparam_6_29/plots/predict/20_320_11.4_36_org/CCl4_250.000000_mass_36_temp_320_20_320_11.4_36_org.png', '/home/wesley/EDC/FPC/ML/results/0322_FPC_lowparam_6_29/plots/predict/20_320_11.4_36_org/CCl4_375.000000_mass_36_temp_320_20_320_11.4_36_org.png', '/home/wesley/EDC/FPC/ML/results/0322_FPC_lowparam_6_29/plots/predict/20_320_11.4_36_org/CCl4_500.000000_mass_36_temp_320_20_320_11.4_36_org.png', '/home/wesley/EDC/FPC/ML/results/0322_FPC_lowparam_6_29/plots/predict/20_320_11.4_36_org/CCl4_625.000000_mass_36_temp_320_20_320_11.4_36_org.png', '/home/wesley/EDC/FPC/ML/results/0322_FPC_lowparam_6_29/plots/predict/20_320_11.4_36_org/CCl4_750.000000_mass_36_temp_320_20_320_11.4_36_org.png', '/home/wesley/EDC/FPC/ML/results/0322_FPC_lowparam_6_29/plots/predict/20_320_11.4_36_org/CCl4_875.000000_mass_36_temp_320_20_320_11.4_36_org.png', '/home/wesley/EDC/FPC/ML/results/0322_FPC_lowparam_6_29/plots/predict/20_320_11.4_36_org/CCl4_1000.000000_mass_36_temp_320_20_320_11.4_36_org.png', '/home/wesley/EDC/FPC/ML/results/0322_FPC_lowparam_6_29/plots/predict/20_320_11.4_36_org/CCl4_1125.000000_mass_36_temp_320_20_320_11.4_36_org.png', '/home/wesley/EDC/FPC/ML/results/0322_FPC_lowparam_6_29/plots/predict/20_320_11.4_36_org/CCl4_1250.000000_mass_36_temp_320_20_320_11.4_36_org.png', '/home/wesley/EDC/FPC/ML/results/0322_FPC_lowparam_6_29/plots/predict/20_320_11.4_36_org/CCl4_1375.000000_mass_36_temp_320_20_320_11.4_36_org.png', '/home/wesley/EDC/FPC/ML/results/0322_FPC_lowparam_6_29/plots/predict/20_320_11.4_36_org/CCl4_1500.000000_mass_36_temp_320_20_320_11.4_36_org.png', '/home/wesley/EDC/FPC/ML/results/0322_FPC_lowparam_6_29/plots/predict/20_320_11.4_36_org/CCl4_1625.000000_mass_36_temp_320_20_320_11.4_36_org.png', '/home/wesley/EDC/FPC/ML/results/0322_FPC_lowparam_6_29/plots/predict/20_320_11.4_36_org/CCl4_1750.000000_mass_36_temp_320_20_320_11.4_36_org.png', '/home/wesley/EDC/FPC/ML/results/0322_FPC_lowparam_6_29/plots/predict/20_320_11.4_36_org/CCl4_1875.000000_mass_36_temp_320_20_320_11.4_36_org.png', '/home/wesley/EDC/FPC/ML/results/0322_FPC_lowparam_6_29/plots/predict/20_320_11.4_36_org/CCl4_2000.000000_mass_36_temp_320_20_320_11.4_36_org.png', '/home/wesley/EDC/FPC/ML/results/0322_FPC_lowparam_6_29/plots/predict/20_320_11.4_36_org/CCl4_2125.000000_mass_36_temp_320_20_320_11.4_36_org.png', '/home/wesley/EDC/FPC/ML/results/0322_FPC_lowparam_6_29/plots/predict/20_320_11.4_36_org/CCl4_2250.000000_mass_36_temp_320_20_320_11.4_36_org.png', '/home/wesley/EDC/FPC/ML/results/0322_FPC_lowparam_6_29/plots/predict/20_320_11.4_36_org/CCl4_2375.000000_mass_36_temp_320_20_320_11.4_36_org.png', '/home/wesley/EDC/FPC/ML/results/0322_FPC_lowparam_6_29/plots/predict/20_320_11.4_36_org/CCl4_2500.000000_mass_36_temp_320_20_320_11.4_36_org.png']
