training_dataV3_10_5_20.csv
            Experiment name: 0316_reverse_origin
            Training Data: training_dataV3_10_5_20.csv
            Do k-fold: False
            Folds num: 10
            Learning rate: 0.001
            Batch size: 18
            Epoch: 10000
            CSTR num: 100
            Training vebose: 0
            #Genearalization test
            mass flow rates = True
            CCl4 = True
            inital pressure = True
            number of tubes = True
            T_in = False
            ncpus = 8
            training = False
            prediction only = False
                
Loading data...
Generalization test...
Case1: Mass flow rate...
cracking 0.001
cracking 0.001
cracking 0.001
cracking 0.001
cracking 0.001
cracking 0.001
cracking 0.001
cracking 0.001
cracking 0.001
cracking 0.001
cracking 0.001
cracking 0.001
cracking 0.001
cracking 0.001
cracking 0.001
cracking 0.001
loss in 0.001: 0.011585496675155115 
loss in 0.001: 0.007066150970551235 
cracking 0.001
cracking 0.001
loss in 0.001: 0.02355669089649347 
loss in 0.001: 0.00926702743088294 
cracking 0.001
cracking 0.001
loss in 0.001: 0.033466710884169214 
loss in 0.001: 0.03942195218301879 
cracking 0.001
cracking 0.001
loss in 0.001: 0.005859402500547406 
cracking 0.001
loss in 0.001: 0.002856691550714202 
cracking 0.001
cracking 0.001
cracking 0.001
cracking 0.001
cracking 0.001
cracking 0.001
cracking 0.001
cracking 0.001
cracking 0.001
loss in 0.001: 0.006615273957225733 
cracking 0.001
loss in 0.001: 0.03806406823313011 
cracking 0.001
loss in 0.001: 0.010835746976431667 
cracking 0.001
loss in 0.001: 0.008668175404958003 
cracking 0.001
loss in 0.001: 0.002356069205078502 
cracking 0.001
loss in 0.001: 0.01949069858800957 
cracking 0.001
loss in 0.001: 0.004913485354882435 
cracking 0.001
loss in 0.001: 0.031501338691641095 
cracking 0.001
cracking 0.001
cracking 0.001
cracking 0.001
cracking 0.001
cracking 0.001
cracking 0.001
cracking 0.001
cracking 0.001
loss in 0.001: 0.03686162394668685 
cracking 0.001
loss in 0.001: 0.008095348695393446 
cracking 0.001
loss in 0.001: 0.006153820809002614 
cracking 0.001
loss in 0.001: 0.01030475142901355 
loss in 0.001: 0.0021642502581489843 
cracking 0.001cracking 0.001

loss in 0.001: 0.016140825025025587 
cracking 0.001
loss in 0.001: 0.029942149547635317 
cracking 0.001
cracking 0.001
loss in 0.001: 0.00407576392945565 
cracking 0.001
cracking 0.001
cracking 0.001
cracking 0.001
cracking 0.001
cracking 0.001
cracking 0.001
cracking 0.001
loss in 0.001: 0.03535073171829222 
cracking 0.001
loss in 0.001: 0.0054991457788894985 
loss in 0.001: 0.002151740829849659 
loss in 0.001: 0.009790853007172286 
cracking 0.001
cracking 0.001
cracking 0.001
loss in 0.001: 0.007571531115627145 
cracking 0.001
loss in 0.001: 0.01316922559339451 
cracking 0.001
loss in 0.001: 0.027698617829206112 
cracking 0.001
cracking 0.001
cracking 0.001
cracking 0.001
loss in 0.001: 0.0034454587646602693 
cracking 0.001
cracking 0.001
cracking 0.001
cracking 0.001
cracking 0.001
cracking 0.001
loss in 0.001: 0.002110241915825731 
cracking 0.001
loss in 0.001: 0.002125073563639675 
cracking 0.001
loss in 0.001: 0.0021490268805956997 
cracking 0.001
loss in 0.001: 0.002062900009248357 
cracking 0.001
loss in 0.001: 0.002087054883320754 
cracking 0.001
loss in 0.001: 0.0021701828455324263 
cracking 0.001
cracking 0.001
cracking 0.001
loss in 0.001: 0.0024171512355479433 
cracking 0.001
cracking 0.001
loss in 0.001: 0.0026984370191921376 
cracking 0.001
cracking 0.001
cracking 0.001
cracking 0.001
cracking 0.001
cracking 0.001
loss in 0.001: 0.0020956710492571647 
loss in 0.001: 0.0021238338457672387 
cracking 0.001
cracking 0.001
loss in 0.001: 0.0021483537412763975 
cracking 0.001
loss in 0.001: 0.0021006931402387137 
cracking 0.001
loss in 0.001: 0.0020574599772654827 
cracking 0.001
loss in 0.001: 0.0022166695294243556 
cracking 0.001
cracking 0.001
cracking 0.001
cracking 0.001
cracking 0.001
loss in 0.001: 0.002768263291806907 
cracking 0.001
cracking 0.001
cracking 0.001
loss in 0.001: 0.0024884775225002768 
cracking 0.001
cracking 0.001
loss in 0.001: 0.002078914751372307 
cracking 0.001
cracking 0.001
loss in 0.001: 0.0021241342593742753 
cracking 0.001
loss in 0.001: 0.00214105984849376 
cracking 0.001
loss in 0.001: 0.002060532290337364 
loss in 0.001: 0.0021192794999832 
cracking 0.001
cracking 0.001
loss in 0.001: 0.0022765543594240848 
cracking 0.001
cracking 0.001
cracking 0.001
cracking 0.001
cracking 0.001
cracking 0.001
loss in 0.001: 0.0028248267066223894 
cracking 0.001
cracking 0.001
loss in 0.001: 0.0025618819674208823 
cracking 0.001
cracking 0.001
loss in 0.001: 0.0020734671784417087 
cracking 0.001
loss in 0.001: 0.002121678424307765 
cracking 0.001
cracking 0.001
loss in 0.001: 0.002126397155970526 
cracking 0.001
loss in 0.001: 0.00207706582110754 
loss in 0.001: 0.0021432366890956713 
cracking 0.001
cracking 0.001
loss in 0.001: 0.002347069409370276 
cracking 0.001
cracking 0.001
cracking 0.001
cracking 0.001
cracking 0.001
loss in 0.001: 0.0029168494753982212 
cracking 0.001
cracking 0.001
cracking 0.001
loss in 0.001: 0.0026297455394683456 
cracking 0.001
cracking 0.001
loss in 0.001: 0.0029821606203907333 
cracking 0.001
loss in 0.001: 0.002911832254306072 
cracking 0.001
cracking 0.001
loss in 0.001: 0.003025218053340093 
cracking 0.001
loss in 0.001: 0.003064873056695864 
cracking 0.001
cracking 0.001
loss in 0.001: 0.003194439686980608 
cracking 0.001
loss in 0.001: 0.003228864405224509 
cracking 0.001
cracking 0.001
cracking 0.001
cracking 0.001
loss in 0.001: 0.0031406095618650336 
cracking 0.001
cracking 0.001
cracking 0.001
loss in 0.001: 0.0030845371236917327 
cracking 0.001
cracking 0.001
loss in 0.001: 0.0029701001053149757 
cracking 0.001
loss in 0.001: 0.002966280407836922 
cracking 0.001
loss in 0.001: 0.0030158359121197735 
cracking 0.001
cracking 0.001
loss in 0.001: 0.003105937838220721 
cracking 0.001
loss in 0.001: 0.003181014277276366 
cracking 0.001
cracking 0.001
loss in 0.001: 0.003233563067103073 
cracking 0.001
cracking 0.001
cracking 0.001
loss in 0.001: 0.003116209493126117 
cracking 0.001
cracking 0.001
cracking 0.001
cracking 0.001
loss in 0.001: 0.0030886827443682577 
cracking 0.001
cracking 0.001
loss in 0.001: 0.0029311237402196468 
cracking 0.001
loss in 0.001: 0.0030192335827772566 
cracking 0.001
loss in 0.001: 0.0030085105643081257 
cracking 0.001
cracking 0.001
loss in 0.001: 0.0031678799256936972 
cracking 0.001
loss in 0.001: 0.0031477675126696065 
cracking 0.001
cracking 0.001
loss in 0.001: 0.0032258493082249883 
cracking 0.001
cracking 0.001
cracking 0.001
cracking 0.001
loss in 0.001: 0.0030939076431662216 
cracking 0.001
cracking 0.001
cracking 0.001
loss in 0.001: 0.0030922335329163367 
cracking 0.001
cracking 0.001
loss in 0.001: 0.0029088881603181495 
cracking 0.001
loss in 0.001: 0.0030263224264303573 
loss in 0.001: 0.0030301054659074914 
cracking 0.001
loss in 0.001: 0.003154584888407667 
cracking 0.001
loss in 0.001: 0.0031939535636546414 
loss in 0.001: 0.0032109092276314893 
loss in 0.001: 0.0030799340775998995 
loss in 0.001: 0.003094015041827357 
loss in 0.001: 0.003096824298317103 
cracking 0.001
cracking 0.001
loss in 0.001: 0.0030989864447717565 
cracking 0.001
cracking 0.001
loss in 0.001: 0.0031041320605146605 
cracking 0.001
cracking 0.001
loss in 0.001: 0.0031026190645419486 
Error in 45.0 mass flow rate is 0.039422 
Error in 45.37373737373738 mass flow rate is 0.038064 
Error in 45.74747474747475 mass flow rate is 0.036862 
Error in 46.121212121212125 mass flow rate is 0.035351 
Error in 46.494949494949495 mass flow rate is 0.033467 
Error in 46.86868686868687 mass flow rate is 0.031501 
Error in 47.24242424242424 mass flow rate is 0.029942 
Error in 47.61616161616162 mass flow rate is 0.027699 
Error in 47.98989898989899 mass flow rate is 0.023557 
Error in 48.36363636363637 mass flow rate is 0.019491 
Error in 48.73737373737374 mass flow rate is 0.016141 
Error in 49.111111111111114 mass flow rate is 0.013169 
Error in 49.484848484848484 mass flow rate is 0.011585 
Error in 49.85858585858586 mass flow rate is 0.010836 
Error in 50.23232323232323 mass flow rate is 0.010305 
Error in 50.60606060606061 mass flow rate is 0.009791 
Error in 50.97979797979798 mass flow rate is 0.009267 
Error in 51.35353535353536 mass flow rate is 0.008668 
Error in 51.72727272727273 mass flow rate is 0.008095 
Error in 52.101010101010104 mass flow rate is 0.007572 
Error in 52.474747474747474 mass flow rate is 0.007066 
Error in 52.84848484848485 mass flow rate is 0.006615 
Error in 53.22222222222222 mass flow rate is 0.006154 
Error in 53.5959595959596 mass flow rate is 0.005499 
Error in 53.96969696969697 mass flow rate is 0.005859 
Error in 54.343434343434346 mass flow rate is 0.004913 
Error in 54.717171717171716 mass flow rate is 0.004076 
Error in 55.09090909090909 mass flow rate is 0.003445 
Error in 55.464646464646464 mass flow rate is 0.002857 
Error in 55.83838383838384 mass flow rate is 0.002356 
Error in 56.21212121212121 mass flow rate is 0.002164 
Error in 56.58585858585859 mass flow rate is 0.002152 
Error in 56.95959595959596 mass flow rate is 0.002149 
Error in 57.333333333333336 mass flow rate is 0.002148 
Error in 57.707070707070706 mass flow rate is 0.002141 
Error in 58.08080808080808 mass flow rate is 0.002126 
Error in 58.45454545454545 mass flow rate is 0.002125 
Error in 58.82828282828283 mass flow rate is 0.002124 
Error in 59.2020202020202 mass flow rate is 0.002124 
Error in 59.57575757575758 mass flow rate is 0.002122 
Error in 59.94949494949495 mass flow rate is 0.002110 
Error in 60.323232323232325 mass flow rate is 0.002096 
Error in 60.696969696969695 mass flow rate is 0.002079 
Error in 61.07070707070707 mass flow rate is 0.002073 
Error in 61.44444444444444 mass flow rate is 0.002063 
Error in 61.81818181818182 mass flow rate is 0.002057 
Error in 62.1919191919192 mass flow rate is 0.002061 
Error in 62.56565656565657 mass flow rate is 0.002077 
Error in 62.93939393939394 mass flow rate is 0.002087 
Error in 63.313131313131315 mass flow rate is 0.002101 
Error in 63.68686868686869 mass flow rate is 0.002119 
Error in 64.06060606060606 mass flow rate is 0.002143 
Error in 64.43434343434343 mass flow rate is 0.002170 
Error in 64.8080808080808 mass flow rate is 0.002217 
Error in 65.18181818181819 mass flow rate is 0.002277 
Error in 65.55555555555556 mass flow rate is 0.002347 
Error in 65.92929292929293 mass flow rate is 0.002417 
Error in 66.30303030303031 mass flow rate is 0.002488 
Error in 66.67676767676768 mass flow rate is 0.002562 
Error in 67.05050505050505 mass flow rate is 0.002630 
Error in 67.42424242424242 mass flow rate is 0.002698 
Error in 67.79797979797979 mass flow rate is 0.002768 
Error in 68.17171717171718 mass flow rate is 0.002825 
Error in 68.54545454545455 mass flow rate is 0.002917 
Error in 68.91919191919192 mass flow rate is 0.002982 
Error in 69.2929292929293 mass flow rate is 0.002970 
Error in 69.66666666666667 mass flow rate is 0.002931 
Error in 70.04040404040404 mass flow rate is 0.002909 
Error in 70.41414141414141 mass flow rate is 0.002912 
Error in 70.78787878787878 mass flow rate is 0.002966 
Error in 71.16161616161617 mass flow rate is 0.003019 
Error in 71.53535353535354 mass flow rate is 0.003030 
Error in 71.9090909090909 mass flow rate is 0.003025 
Error in 72.28282828282829 mass flow rate is 0.003016 
Error in 72.65656565656566 mass flow rate is 0.003009 
Error in 73.03030303030303 mass flow rate is 0.003026 
Error in 73.4040404040404 mass flow rate is 0.003065 
Error in 73.77777777777777 mass flow rate is 0.003106 
Error in 74.15151515151516 mass flow rate is 0.003148 
Error in 74.52525252525253 mass flow rate is 0.003194 
Error in 74.8989898989899 mass flow rate is 0.003229 
Error in 75.27272727272728 mass flow rate is 0.003234 
Error in 75.64646464646465 mass flow rate is 0.003226 
Error in 76.02020202020202 mass flow rate is 0.003211 
Error in 76.39393939393939 mass flow rate is 0.003194 
Error in 76.76767676767676 mass flow rate is 0.003181 
Error in 77.14141414141415 mass flow rate is 0.003168 
Error in 77.51515151515152 mass flow rate is 0.003155 
Error in 77.88888888888889 mass flow rate is 0.003141 
Error in 78.26262626262627 mass flow rate is 0.003116 
Error in 78.63636363636364 mass flow rate is 0.003094 
Error in 79.01010101010101 mass flow rate is 0.003080 
Error in 79.3838383838384 mass flow rate is 0.003085 
Error in 79.75757575757575 mass flow rate is 0.003089 
Error in 80.13131313131314 mass flow rate is 0.003092 
Error in 80.5050505050505 mass flow rate is 0.003094 
Error in 80.87878787878788 mass flow rate is 0.003097 
Error in 81.25252525252526 mass flow rate is 0.003099 
Error in 81.62626262626263 mass flow rate is 0.003104 
Error in 82.0 mass flow rate is 0.003103 
Mass flow rate generalization takes 4.37113258043925 min 22.26795482635498 sec.
Case2: CCl4 concentration...
cracking 0.0001282051282051282
cracking 0.0002564102564102564
cracking 0.000641025641025641
cracking 0.0003846153846153846
cracking 0.0008974358974358974
cracking 0.0007692307692307692
cracking 0.0
cracking 0.0005128205128205128
cracking 0.0001282051282051282
cracking 0.0002564102564102564
cracking 0.0003846153846153846
cracking 0.0007692307692307692
cracking 0.0008974358974358974
cracking 0.0
cracking 0.0005128205128205128
cracking 0.000641025641025641
loss in 0.0001282051282051282: 0.005021301980899263 
cracking 0.0001923076923076923
loss in 0.0002564102564102564: 0.0032363371569424653 
cracking 0.0003205128205128205
loss in 0.0007692307692307692: 0.003062911521866592 
cracking 0.0008333333333333334
loss in 0.0008974358974358974: 0.0031515616439797534 
cracking 0.0009615384615384616
loss in 0.0003846153846153846: 0.0033809545782658114 
loss in 0.0: 0.00930069048027513 
cracking 0.0004487179487179487
cracking 6.41025641025641e-05
loss in 0.000641025641025641: 0.0032148463948838773 
cracking 0.0007051282051282051
cracking 0.0001923076923076923
cracking 0.0003205128205128205
cracking 0.0008333333333333334
loss in 0.0005128205128205128: 0.0035840008526863984 
cracking 0.0005769230769230769
cracking 0.0009615384615384616
cracking 6.41025641025641e-05
cracking 0.0007051282051282051
cracking 0.0004487179487179487
cracking 0.0005769230769230769
loss in 0.0001923076923076923: 0.0037190081023534068 
cracking 0.0010256410256410256
loss in 0.0003205128205128205: 0.0032318374248427365 
cracking 0.0011538461538461537
loss in 0.0008333333333333334: 0.0031622767400983323 
cracking 0.001282051282051282
loss in 0.0009615384615384616: 0.0031250149979436177 
cracking 0.0014102564102564101
loss in 6.41025641025641e-05: 0.00780501817123403 
cracking 0.0015384615384615385
loss in 0.0007051282051282051: 0.0030534938650345154 
cracking 0.0016666666666666668
cracking 0.0010256410256410256
loss in 0.0004487179487179487: 0.0036452355784090183 
cracking 0.0017948717948717949
loss in 0.0005769230769230769: 0.003422664756077065 
cracking 0.0011538461538461537
cracking 0.0019230769230769232
cracking 0.001282051282051282
cracking 0.0014102564102564101
cracking 0.0015384615384615385
cracking 0.0016666666666666668
cracking 0.0017948717948717949
cracking 0.0019230769230769232
loss in 0.0010256410256410256: 0.0030006755943327882 
cracking 0.00108974358974359
loss in 0.001282051282051282: 0.002925143363835425 
loss in 0.0011538461538461537: 0.0030665474856054124 
cracking 0.001346153846153846
cracking 0.001217948717948718
loss in 0.0014102564102564101: 0.0019474607802324564 
cracking 0.0014743589743589744
loss in 0.0015384615384615385: 0.0011855438214568345 
loss in 0.0016666666666666668: 0.0011542280770213112 
cracking 0.0016025641025641025
cracking 0.0017307692307692308
cracking 0.00108974358974359
loss in 0.0017948717948717949: 0.0011355066539387823 
cracking 0.001858974358974359
loss in 0.0019230769230769232: 0.0011610917731498993 
cracking 0.0019871794871794872
cracking 0.001217948717948718
cracking 0.0014743589743589744
cracking 0.001346153846153846
cracking 0.0017307692307692308
cracking 0.0016025641025641025
cracking 0.001858974358974359
cracking 0.0019871794871794872
loss in 0.00108974358974359: 0.0029902600711199517 
cracking 0.0020512820512820513
loss in 0.001217948717948718: 0.0030942394290526935 
cracking 0.00217948717948718
loss in 0.001346153846153846: 0.0024518004145051 
cracking 0.0023076923076923075
loss in 0.0017307692307692308: 0.001150366737012485 
cracking 0.002435897435897436
loss in 0.0016025641025641025: 0.001151384531118846 
loss in 0.0014743589743589744: 0.0014551806498139172 
cracking 0.0020512820512820513
loss in 0.001858974358974359: 0.0011203566487878762 
loss in 0.0019871794871794872: 0.001160892341216642 
cracking 0.00217948717948718
cracking 0.0023076923076923075
cracking 0.002435897435897436
loss in 0.0020512820512820513: 0.0010735696723600044 
cracking 0.0021153846153846153
loss in 0.00217948717948718: 0.0009654663786075324 
cracking 0.002243589743589744
loss in 0.0023076923076923075: 0.0010137977465895429 
cracking 0.0023717948717948715
loss in 0.002435897435897436: 0.0012322940257922538 
cracking 0.0025
cracking 0.0021153846153846153
cracking 0.002243589743589744
cracking 0.0023717948717948715
cracking 0.0025
loss in 0.0021153846153846153: 0.0009783539367727114 
loss in 0.002243589743589744: 0.0009577264325021976 
loss in 0.0023717948717948715: 0.0010429424312073017 
loss in 0.0025: 0.001435992372359834 
Error in concentration in 0.0ppm is 0.009301 
Error in concentration in 64.1025641025641ppm is 0.007805 
Error in concentration in 128.2051282051282ppm is 0.005021 
Error in concentration in 192.30769230769232ppm is 0.003719 
Error in concentration in 256.4102564102564ppm is 0.003236 
Error in concentration in 320.5128205128205ppm is 0.003232 
Error in concentration in 384.61538461538464ppm is 0.003381 
Error in concentration in 448.71794871794873ppm is 0.003645 
Error in concentration in 512.8205128205128ppm is 0.003584 
Error in concentration in 576.9230769230769ppm is 0.003423 
Error in concentration in 641.025641025641ppm is 0.003215 
Error in concentration in 705.1282051282051ppm is 0.003053 
Error in concentration in 769.2307692307693ppm is 0.003063 
Error in concentration in 833.3333333333334ppm is 0.003162 
Error in concentration in 897.4358974358975ppm is 0.003152 
Error in concentration in 961.5384615384615ppm is 0.003125 
Error in concentration in 1025.6410256410256ppm is 0.003001 
Error in concentration in 1089.7435897435898ppm is 0.002990 
Error in concentration in 1153.8461538461538ppm is 0.003067 
Error in concentration in 1217.948717948718ppm is 0.003094 
Error in concentration in 1282.051282051282ppm is 0.002925 
Error in concentration in 1346.1538461538462ppm is 0.002452 
Error in concentration in 1410.2564102564102ppm is 0.001947 
Error in concentration in 1474.3589743589744ppm is 0.001455 
Error in concentration in 1538.4615384615386ppm is 0.001186 
Error in concentration in 1602.5641025641025ppm is 0.001151 
Error in concentration in 1666.6666666666667ppm is 0.001154 
Error in concentration in 1730.7692307692307ppm is 0.001150 
Error in concentration in 1794.871794871795ppm is 0.001136 
Error in concentration in 1858.974358974359ppm is 0.001120 
Error in concentration in 1923.076923076923ppm is 0.001161 
Error in concentration in 1987.179487179487ppm is 0.001161 
Error in concentration in 2051.2820512820513ppm is 0.001074 
Error in concentration in 2115.3846153846152ppm is 0.000978 
Error in concentration in 2179.4871794871797ppm is 0.000965 
Error in concentration in 2243.5897435897436ppm is 0.000958 
Error in concentration in 2307.6923076923076ppm is 0.001014 
Error in concentration in 2371.7948717948716ppm is 0.001043 
Error in concentration in 2435.897435897436ppm is 0.001232 
Error in concentration in 2500.0ppm is 0.001436 
CCl4 concentration generalization takes 1.727285639444987 min 43.63713836669922 sec.
Case3: Initial pressure...
cracking 0.001
cracking 0.001cracking 0.001

cracking 0.001cracking 0.001

cracking 0.001
cracking 0.001
cracking 0.001
cracking 0.001
cracking 0.001
cracking 0.001
cracking 0.001
cracking 0.001
cracking 0.001
cracking 0.001
cracking 0.001
loss in 0.001: 0.0026685358315809396 
cracking 0.001
loss in 0.001: 0.003807673259037478 
loss in 0.001: 0.003518596576844845 
cracking 0.001
cracking 0.001
loss in 0.001: 0.004273297055283915 
loss in 0.001: 0.002801085614595929 
cracking 0.001
cracking 0.001
loss in 0.001: 0.004037850294983127 
cracking 0.001
loss in 0.001: 0.003222414616183634 
loss in 0.001: 0.0030281981167647382 
cracking 0.001
cracking 0.001
cracking 0.001
cracking 0.001
cracking 0.001
cracking 0.001
cracking 0.001
cracking 0.001
cracking 0.001
cracking 0.001
loss in 0.001: 0.00252635245053342 
cracking 0.001
loss in 0.001: 0.002857406434399244 
cracking 0.001
loss in 0.001: 0.003448909043219647 
loss in 0.001: 0.002580998966362486 
cracking 0.001
cracking 0.001
loss in 0.001: 0.003095550667665539 
loss in 0.001: 0.003437440384401484 
loss in 0.001: 0.0039480154950074205 
loss in 0.001: 0.002498277228847882 
cracking 0.001
cracking 0.001
cracking 0.001
cracking 0.001
loss in 0.001: 0.004169780506986372 
loss in 0.001: 0.006092833835086568 
loss in 0.001: 0.01473782737390172 
loss in 0.001: 0.02654188250639727 
Error in 10.4atm is 0.004273 
Error in 10.610526315789475atm is 0.004038 
Error in 10.821052631578947atm is 0.003808 
Error in 11.031578947368422atm is 0.003519 
Error in 11.242105263157896atm is 0.003222 
Error in 11.452631578947368atm is 0.003028 
Error in 11.663157894736843atm is 0.002801 
Error in 11.873684210526315atm is 0.002669 
Error in 12.08421052631579atm is 0.002526 
Error in 12.294736842105264atm is 0.002498 
Error in 12.505263157894737atm is 0.002581 
Error in 12.715789473684211atm is 0.002857 
Error in 12.926315789473684atm is 0.003096 
Error in 13.136842105263158atm is 0.003449 
Error in 13.347368421052632atm is 0.003948 
Error in 13.557894736842105atm is 0.003437 
Error in 13.76842105263158atm is 0.004170 
Error in 13.978947368421053atm is 0.006093 
Error in 14.189473684210526atm is 0.014738 
Error in 14.4atm is 0.026542 
Initial pressure generalization takes 0.8492351214090983 min 50.9541072845459 sec.
Case4: Number of tubes...
cracking 0.001
cracking 0.001
cracking 0.001
cracking 0.001
cracking 0.001
cracking 0.001
cracking 0.001
cracking 0.001
cracking 0.001
cracking 0.001
cracking 0.001
cracking 0.001
cracking 0.001
cracking 0.001
cracking 0.001
cracking 0.001
loss in 0.001: 0.0004012724216289168 
cracking 0.001
loss in 0.001: 0.0005078782169304609 
cracking 0.001
loss in 0.001: 0.0005738511149246082 
loss in 0.001: 0.0010416269318095238 
cracking 0.001
cracking 0.001
loss in 0.001: 0.001283947937556767 
loss in 0.001: 0.0006792351431961689 
cracking 0.001
loss in 0.001: 0.0011911624222958209 
cracking 0.001
cracking 0.001
loss in 0.001: 0.0014420166766943676 
cracking 0.001
cracking 0.001
cracking 0.001
cracking 0.001
cracking 0.001
cracking 0.001
cracking 0.001
cracking 0.001
cracking 0.001
loss in 0.001: 0.00041251832519274416 
cracking 0.001
loss in 0.001: 0.0013425170098872697 
loss in 0.001: 0.00037761612967095187 
loss in 0.001: 0.0015556944687051405 
cracking 0.001
cracking 0.001
cracking 0.001
loss in 0.001: 0.0004798503756042058 
cracking 0.001
loss in 0.001: 0.00049300905500994 
cracking 0.001
loss in 0.001: 0.0010328794316511048 
cracking 0.001
cracking 0.001
loss in 0.001: 0.0012430509060646722 
cracking 0.001
cracking 0.001
cracking 0.001
cracking 0.001
cracking 0.001
cracking 0.001
cracking 0.001
cracking 0.001
loss in 0.001: 0.00038597554512023047 
cracking 0.001
loss in 0.001: 0.00036059346650155297 
cracking 0.001
loss in 0.001: 0.0012297186404787571 
loss in 0.001: 0.0011276188699982043 
cracking 0.001
cracking 0.001
loss in 0.001: 0.0009216866825480059 
cracking 0.001
loss in 0.001: 0.0013742191324363426 
cracking 0.001
loss in 0.001: 0.0005977706453213303 
cracking 0.001
cracking 0.001
cracking 0.001
cracking 0.001
cracking 0.001
cracking 0.001
cracking 0.001
loss in 0.001: 0.0007210797141986733 
cracking 0.001
cracking 0.001
loss in 0.001: 0.001414693396052224 
cracking 0.001
cracking 0.001
loss in 0.001: 0.0008006448003380141 
cracking 0.001
loss in 0.001: 0.0005905776140028793 
cracking 0.001
loss in 0.001: 0.0008452577114970804 
cracking 0.001
loss in 0.001: 0.0007888470056697273 
cracking 0.001
cracking 0.001
loss in 0.001: 0.001131919315820335 
loss in 0.001: 0.0006792742427568384 
cracking 0.001
cracking 0.001
cracking 0.001
cracking 0.001
cracking 0.001
cracking 0.001
loss in 0.001: 0.0005984528915605439 
cracking 0.001
cracking 0.001
cracking 0.001
loss in 0.001: 0.0014882057617479222 
cracking 0.001
cracking 0.001
loss in 0.001: 0.0013142063712209251 
cracking 0.001
loss in 0.001: 0.0012476994737592798 
cracking 0.001
loss in 0.001: 0.0009170140517620939 
cracking 0.001
loss in 0.001: 0.0006881162275008894 
cracking 0.001
cracking 0.001
loss in 0.001: 0.0014535950795701916 
cracking 0.001
loss in 0.001: 0.0006523878169134684 
cracking 0.001
cracking 0.001
cracking 0.001
loss in 0.001: 0.0006653979326102809 
cracking 0.001
cracking 0.001
cracking 0.001
cracking 0.001
cracking 0.001
loss in 0.001: 0.0007586015893130643 
cracking 0.001
cracking 0.001
loss in 0.001: 0.0004849918727895485 
cracking 0.001
loss in 0.001: 0.000648840862113647 
cracking 0.001
cracking 0.001
loss in 0.001: 0.0004432061347965722 
cracking 0.001
loss in 0.001: 0.0014786107288242076 
cracking 0.001
cracking 0.001
loss in 0.001: 0.0009233135334986373 
cracking 0.001
cracking 0.001
loss in 0.001: 0.0008427052419022411 
cracking 0.001
cracking 0.001
cracking 0.001
cracking 0.001
loss in 0.001: 0.0007398150988276753 
cracking 0.001
loss in 0.001: 0.0012466652278660722 
cracking 0.001
cracking 0.001
loss in 0.001: 0.0010282162029178565 
loss in 0.001: 0.0005044745747261496 
cracking 0.001
cracking 0.001
cracking 0.001
cracking 0.001
loss in 0.001: 0.0006378659151537917 
cracking 0.001
loss in 0.001: 0.00046479282419287297 
cracking 0.001
cracking 0.001
loss in 0.001: 0.0010393206294723857 
cracking 0.001
cracking 0.001
cracking 0.001
cracking 0.001
cracking 0.001
loss in 0.001: 0.001289587668456501 
cracking 0.001
loss in 0.001: 0.0010337924201865613 
loss in 0.001: 0.0004976965379613251 
cracking 0.001
cracking 0.001
loss in 0.001: 0.0008881120107880908 
cracking 0.001
loss in 0.001: 0.0008300500835097576 
cracking 0.001
loss in 0.001: 0.0011059550851033491 
cracking 0.001
loss in 0.001: 0.0018139681028607956 
cracking 0.001
cracking 0.001
cracking 0.001
cracking 0.001
cracking 0.001
loss in 0.001: 0.000873929644294917 
cracking 0.001
cracking 0.001
cracking 0.001
cracking 0.001
cracking 0.001
loss in 0.001: 0.001117531911383757 
cracking 0.001
loss in 0.001: 0.00046491051492602816 
cracking 0.001
loss in 0.001: 0.0008077765265467198 
cracking 0.001
loss in 0.001: 0.0014644709936949092 
cracking 0.001
loss in 0.001: 0.0009136266470007245 
cracking 0.001
cracking 0.001
loss in 0.001: 0.0008836413418393889 
cracking 0.001
cracking 0.001
cracking 0.001
loss in 0.001: 0.0015167677324347249 
cracking 0.001
cracking 0.001
loss in 0.001: 0.00112266064489032 
cracking 0.001
cracking 0.001
cracking 0.001
cracking 0.001
loss in 0.001: 0.000699667723043788 
cracking 0.001
cracking 0.001
loss in 0.001: 0.00044349767294603234 
cracking 0.001
loss in 0.001: 0.0006113006534911956 
cracking 0.001
loss in 0.001: 0.0004850106650208861 
cracking 0.001
loss in 0.001: 0.0015449893318474186 
cracking 0.001
cracking 0.001
loss in 0.001: 0.0011272683520936087 
cracking 0.001
cracking 0.001
loss in 0.001: 0.0008463006957163778 
cracking 0.001
cracking 0.001
cracking 0.001
cracking 0.001
loss in 0.001: 0.0011950465234503512 
cracking 0.001
cracking 0.001
cracking 0.001
loss in 0.001: 0.0011808111818040873 
cracking 0.001
cracking 0.001
loss in 0.001: 0.000692603169921383 
cracking 0.001
loss in 0.001: 0.0005665366651587049 
cracking 0.001
loss in 0.001: 0.0008218261241914724 
cracking 0.001
loss in 0.001: 0.0009710812879398488 
cracking 0.001
cracking 0.001
loss in 0.001: 0.0005367271997866053 
cracking 0.001
cracking 0.001
loss in 0.001: 0.0006075959508340457 
cracking 0.001
cracking 0.001
cracking 0.001
cracking 0.001
loss in 0.001: 0.0006290659642291859 
cracking 0.001
cracking 0.001
cracking 0.001
loss in 0.001: 0.0006899017992987647 
cracking 0.001
cracking 0.001
loss in 0.001: 0.0009203737590174052 
cracking 0.001
loss in 0.001: 0.000998387545526099 
cracking 0.001
cracking 0.001
loss in 0.001: 0.0007721964682570264 
loss in 0.001: 0.0006558924835028079 
loss in 0.001: 0.00045957054993037247 
cracking 0.001
loss in 0.001: 0.0007721910478460132 
cracking 0.001
loss in 0.001: 0.0008605431084950894 
loss in 0.001: 0.00107553321395279 
cracking 0.001
loss in 0.001: 0.0005474019874661322 
cracking 0.001
loss in 0.001: 0.0010582216120679443 
loss in 0.001: 0.00038273376678786726 
cracking 0.001
cracking 0.001
loss in 0.001: 0.0010704259576577988 
cracking 0.001
cracking 0.001
loss in 0.001: 0.00043485775593836743 
cracking 0.001
cracking 0.001
cracking 0.001
cracking 0.001
cracking 0.001
cracking 0.001
cracking 0.001
cracking 0.001
cracking 0.001
cracking 0.001
cracking 0.001
cracking 0.001
cracking 0.001
cracking 0.001
cracking 0.001
cracking 0.001
loss in 0.001: 0.0010489490906091814 
cracking 0.001
loss in 0.001: 0.00034602358244994623 
cracking 0.001
loss in 0.001: 0.000766443023575857 
cracking 0.001
loss in 0.001: 0.0007945354076882281 
cracking 0.001
loss in 0.001: 0.0005883330979459484 
cracking 0.001
loss in 0.001: 0.0007664815541841057 
cracking 0.001
loss in 0.001: 0.0012420605049402902 
cracking 0.001
cracking 0.001
cracking 0.001
loss in 0.001: 0.0005717161791139057 
cracking 0.001
cracking 0.001
cracking 0.001
cracking 0.001
cracking 0.001
cracking 0.001
cracking 0.001
loss in 0.001: 0.0007399921947129173 
cracking 0.001
loss in 0.001: 0.00043474411449899984 
cracking 0.001
loss in 0.001: 0.00043498537468974194 
cracking 0.001
loss in 0.001: 0.0011921723942362348 
cracking 0.001
loss in 0.001: 0.0006561151734088784 
cracking 0.001
loss in 0.001: 0.0015022923171556823 
cracking 0.001
loss in 0.001: 0.0011888923010164847 
cracking 0.001
cracking 0.001
cracking 0.001
cracking 0.001
cracking 0.001
loss in 0.001: 0.0020064496963755466 
cracking 0.001
cracking 0.001
cracking 0.001
cracking 0.001
cracking 0.001
loss in 0.001: 0.00044569415303869647 
cracking 0.001
loss in 0.001: 0.0004644945616746693 
cracking 0.001
loss in 0.001: 0.0007795347774689081 
loss in 0.001: 0.0010110232330945098 
cracking 0.001
cracking 0.001
loss in 0.001: 0.0004447527201901703 
cracking 0.001
cracking 0.001
cracking 0.001
loss in 0.001: 0.0007739095352374295 
loss in 0.001: 0.0005719963821469238 
cracking 0.001
cracking 0.001
cracking 0.001
cracking 0.001
cracking 0.001
loss in 0.001: 0.00046627302515766085 
cracking 0.001
cracking 0.001
cracking 0.001
loss in 0.001: 0.0006086139834070032 
cracking 0.001
loss in 0.001: 0.0010068207564362924 
cracking 0.001
cracking 0.001
loss in 0.001: 0.0005328264555323226 
loss in 0.001: 0.0008442669473296253 
cracking 0.001
cracking 0.001
loss in 0.001: 0.00045407077656424227 
cracking 0.001
cracking 0.001
cracking 0.001
cracking 0.001
cracking 0.001
loss in 0.001: 0.0012364294265798095 
cracking 0.001
loss in 0.001: 0.0005840337761169195 
cracking 0.001
cracking 0.001
cracking 0.001
cracking 0.001
loss in 0.001: 0.0006032477282137299 
cracking 0.001
loss in 0.001: 0.0008854013417536887 
cracking 0.001
loss in 0.001: 0.001958803095985502 
cracking 0.001
loss in 0.001: 0.0007369341196796107 
loss in 0.001: 0.0011642298304831186 
cracking 0.001
cracking 0.001
loss in 0.001: 0.0014865629751565613 
cracking 0.001
cracking 0.001
cracking 0.001
cracking 0.001
cracking 0.001
cracking 0.001
loss in 0.001: 0.0009951895494432165 
cracking 0.001
loss in 0.001: 0.0007406358493144963 
cracking 0.001
cracking 0.001
cracking 0.001
cracking 0.001
loss in 0.001: 0.0006957141358656265 
cracking 0.001
loss in 0.001: 0.0005333745663432129 
cracking 0.001
loss in 0.001: 0.0011975866631134238 
loss in 0.001: 0.0019587643165940513 
cracking 0.001
cracking 0.001
loss in 0.001: 0.00046677512379046063 
cracking 0.001
loss in 0.001: 0.0003319776086600042 
cracking 0.001
cracking 0.001
cracking 0.001
cracking 0.001
cracking 0.001
cracking 0.001
cracking 0.001
loss in 0.001: 0.0009616336019969177 
cracking 0.001
loss in 0.001: 0.0010887875972823916 
cracking 0.001
cracking 0.001
loss in 0.001: 0.0004350805885539516 
cracking 0.001
cracking 0.001
loss in 0.001: 0.0007842751998096961 
cracking 0.001
loss in 0.001: 0.00034348372206817154 
cracking 0.001
loss in 0.001: 0.0004139702394141462 
cracking 0.001
loss in 0.001: 0.0006197989019245213 
cracking 0.001
loss in 0.001: 0.0009839524295848037 
cracking 0.001
cracking 0.001
cracking 0.001
cracking 0.001
cracking 0.001
cracking 0.001
loss in 0.001: 0.0006576693885836762 
loss in 0.001: 0.0004360423923981929 
cracking 0.001
cracking 0.001
cracking 0.001
cracking 0.001
loss in 0.001: 0.00041497014967139894 
cracking 0.001
cracking 0.001
loss in 0.001: 0.00035136315688902986 
cracking 0.001
loss in 0.001: 0.0005701227473332637 
cracking 0.001
loss in 0.001: 0.0009241166690964694 
cracking 0.001
loss in 0.001: 0.0004716224982819008 
cracking 0.001
loss in 0.001: 0.0004104543983263143 
cracking 0.001
cracking 0.001
cracking 0.001
cracking 0.001
cracking 0.001
cracking 0.001
loss in 0.001: 0.0009622821974147249 
cracking 0.001
loss in 0.001: 0.0012213961302079647 
cracking 0.001
cracking 0.001
loss in 0.001: 0.0006192322402866399 
cracking 0.001
cracking 0.001
cracking 0.001
loss in 0.001: 0.0008762432630686626 
cracking 0.001
loss in 0.001: 0.000731086305811665 
cracking 0.001
loss in 0.001: 0.0004289583833562105 
cracking 0.001
loss in 0.001: 0.00030443537027512386 
cracking 0.001
cracking 0.001
loss in 0.001: 0.001368055508913928 
cracking 0.001
cracking 0.001
cracking 0.001
cracking 0.001
loss in 0.001: 0.0004940185270096548 
cracking 0.001
loss in 0.001: 0.0010109427157672648 
cracking 0.001
cracking 0.001
cracking 0.001
loss in 0.001: 0.0003907704178705434 
cracking 0.001
cracking 0.001
cracking 0.001
loss in 0.001: 0.0009458508970996466 
cracking 0.001
loss in 0.001: 0.000755445163964604 
cracking 0.001
loss in 0.001: 0.0006949890282793672 
cracking 0.001
cracking 0.001
loss in 0.001: 0.0004303635488078232 
cracking 0.001
loss in 0.001: 0.0003425754384649855 
cracking 0.001
cracking 0.001
loss in 0.001: 0.0003615982569398214 
cracking 0.001
cracking 0.001
cracking 0.001
loss in 0.001: 0.0009347289780291699 
cracking 0.001
cracking 0.001
cracking 0.001
loss in 0.001: 0.00044762167021755587 
cracking 0.001
cracking 0.001
cracking 0.001
loss in 0.001: 0.0003914269536437005 
cracking 0.001
cracking 0.001
loss in 0.001: 0.000982864024260046 
cracking 0.001
loss in 0.001: 0.00037536740594764804 
cracking 0.001
loss in 0.001: 0.0014905111950115244 
cracking 0.001
loss in 0.001: 0.00045389568160066355 
cracking 0.001
cracking 0.001
loss in 0.001: 0.0007250085829022816 
cracking 0.001
loss in 0.001: 0.00031488257758079835 
cracking 0.001
cracking 0.001
cracking 0.001
cracking 0.001
cracking 0.001
loss in 0.001: 0.0008672012053022481 
cracking 0.001
cracking 0.001
cracking 0.001
loss in 0.001: 0.0003873663960854414 
cracking 0.001
loss in 0.001: 0.0006504169542531483 
loss in 0.001: 0.0004139471060552723 
loss in 0.001: 0.000614457538187747 
cracking 0.001
loss in 0.001: 0.0007861284562754549 
loss in 0.001: 0.00034740033166938064 
loss in 0.001: 0.0007369197617895949 
cracking 0.001
loss in 0.001: 0.0012553839300283227 
cracking 0.001
cracking 0.001
loss in 0.001: 0.0004989909222891692 
loss in 0.001: 0.0006320923181735252 
cracking 0.001
cracking 0.001
loss in 0.001: 0.0005204305090578219 
cracking 0.001
cracking 0.001
loss in 0.001: 0.0008670252554743612 
cracking 0.001
cracking 0.001
cracking 0.001
cracking 0.001
cracking 0.001
cracking 0.001
cracking 0.001
cracking 0.001
cracking 0.001
cracking 0.001
cracking 0.001
cracking 0.001
cracking 0.001
cracking 0.001
cracking 0.001
cracking 0.001
loss in 0.001: 0.0005569490308643358 
cracking 0.001
loss in 0.001: 0.0005153154264075205 
cracking 0.001
loss in 0.001: 0.00042462701710989587 
loss in 0.001: 0.00042358782843262405 
cracking 0.001
cracking 0.001
loss in 0.001: 0.0005148459406154338 
cracking 0.001
loss in 0.001: 0.0004540545009604073 
cracking 0.001
loss in 0.001: 0.0004903928748778959 
cracking 0.001
loss in 0.001: 0.000490709856157426 
cracking 0.001
cracking 0.001
cracking 0.001
cracking 0.001
cracking 0.001
cracking 0.001
cracking 0.001
cracking 0.001
cracking 0.001
loss in 0.001: 0.0004190846490897235 
cracking 0.001
loss in 0.001: 0.0004696760672048307 
cracking 0.001
loss in 0.001: 0.000578679347355694 
cracking 0.001
loss in 0.001: 0.00037602089243510793 
cracking 0.001
loss in 0.001: 0.0004920593542408637 
cracking 0.001
loss in 0.001: 0.0004599964906346445 
cracking 0.001
loss in 0.001: 0.0003868426298031553 
cracking 0.001
loss in 0.001: 0.0003936420977288805 
cracking 0.001
cracking 0.001
cracking 0.001
cracking 0.001
cracking 0.001
cracking 0.001
cracking 0.001
cracking 0.001
cracking 0.001
loss in 0.001: 0.0003302938889105588 
cracking 0.001
loss in 0.001: 0.00046901315958028134 
cracking 0.001
loss in 0.001: 0.00038090291505010797 
cracking 0.001
loss in 0.001: 0.0004370802689625558 
loss in 0.001: 0.0003388908465193065 
cracking 0.001
cracking 0.001
loss in 0.001: 0.0006128821718576356 
cracking 0.001
loss in 0.001: 0.00023118570093705275 
cracking 0.001
cracking 0.001
cracking 0.001
loss in 0.001: 0.0005521014826519672 
cracking 0.001
cracking 0.001
cracking 0.001
cracking 0.001
cracking 0.001
cracking 0.001
cracking 0.001
loss in 0.001: 0.0004975826097199776 
cracking 0.001
loss in 0.001: 0.0002695749645327422 
cracking 0.001
loss in 0.001: 0.00040383544021374584 
cracking 0.001
loss in 0.001: 0.00045334112429484054 
loss in 0.001: 0.0006401889800091337 
cracking 0.001
cracking 0.001
loss in 0.001: 0.0006092184326611525 
cracking 0.001
loss in 0.001: 0.00038218758344088375 
cracking 0.001
cracking 0.001
cracking 0.001
loss in 0.001: 0.0004881248861750487 
cracking 0.001
cracking 0.001
cracking 0.001
cracking 0.001
cracking 0.001
cracking 0.001
cracking 0.001
loss in 0.001: 0.0002807931939553746 
cracking 0.001
loss in 0.001: 0.000515885556596581 
cracking 0.001
loss in 0.001: 0.00035785911579495064 
cracking 0.001
loss in 0.001: 0.0004993939655077932 
cracking 0.001
loss in 0.001: 0.0005759626318837314 
cracking 0.001
loss in 0.001: 0.0007561850362416179 
cracking 0.001
cracking 0.001
loss in 0.001: 0.00042161284939062275 
cracking 0.001
loss in 0.001: 0.0004702165860697875 
cracking 0.001
cracking 0.001
cracking 0.001
cracking 0.001
cracking 0.001
cracking 0.001
cracking 0.001
cracking 0.001
loss in 0.001: 0.0004817964771676564 
cracking 0.001
loss in 0.001: 0.0006883743780092114 
cracking 0.001
loss in 0.001: 0.0005334398656161445 
cracking 0.001
loss in 0.001: 0.0008829208330608924 
cracking 0.001
loss in 0.001: 0.0005125161614775148 
cracking 0.001
cracking 0.001
loss in 0.001: 0.00031665456800747865 
cracking 0.001
loss in 0.001: 0.0005832554302630824 
cracking 0.001
cracking 0.001
loss in 0.001: 0.0003192274145969498 
cracking 0.001
cracking 0.001
cracking 0.001
cracking 0.001
cracking 0.001
cracking 0.001
cracking 0.001
loss in 0.001: 0.0006623157440516455 
cracking 0.001
loss in 0.001: 0.0005562921505218523 
cracking 0.001
loss in 0.001: 0.0006532579739342117 
cracking 0.001
loss in 0.001: 0.0004888468721435198 
cracking 0.001
cracking 0.001
loss in 0.001: 0.0012360440274329517 
cracking 0.001
loss in 0.001: 0.000740964891096329 
cracking 0.001
loss in 0.001: 0.0008783023661806536 
cracking 0.001
loss in 0.001: 0.00026578156810490175 
cracking 0.001
cracking 0.001
cracking 0.001
cracking 0.001
cracking 0.001
cracking 0.001
cracking 0.001
cracking 0.001
loss in 0.001: 0.00042443055865337763 
cracking 0.001
loss in 0.001: 0.0003488981636428887 
cracking 0.001
cracking 0.001
loss in 0.001: 0.00042613416811429483 
cracking 0.001
loss in 0.001: 0.0004473472644627248 
cracking 0.001
loss in 0.001: 0.0004136805046083979 
cracking 0.001
loss in 0.001: 0.0009875389961426922 
cracking 0.001
loss in 0.001: 0.0004745947947129988 
cracking 0.001
loss in 0.001: 0.0007081067534309539 
cracking 0.001
cracking 0.001
cracking 0.001
cracking 0.001
cracking 0.001
cracking 0.001
cracking 0.001
loss in 0.001: 0.0004843252561159655 
cracking 0.001
cracking 0.001
loss in 0.001: 0.0003746513770573742 
cracking 0.001
cracking 0.001
loss in 0.001: 0.0004092633430138814 
cracking 0.001
loss in 0.001: 0.0004311941618285348 
cracking 0.001
loss in 0.001: 0.0007482026290126809 
cracking 0.001
loss in 0.001: 0.0003775290554227104 
loss in 0.001: 0.0004615653394345354 
cracking 0.001
cracking 0.001
cracking 0.001
loss in 0.001: 0.0006458538114263266 
cracking 0.001
cracking 0.001
cracking 0.001
cracking 0.001
cracking 0.001
cracking 0.001
loss in 0.001: 0.000698106758484218 
cracking 0.001
cracking 0.001
loss in 0.001: 0.0002885853766361919 
cracking 0.001
cracking 0.001
loss in 0.001: 0.0006651620790644521 
cracking 0.001
loss in 0.001: 0.000343566747486384 
cracking 0.001
loss in 0.001: 0.0009865069298566282 
cracking 0.001
loss in 0.001: 0.0003636866165382534 
cracking 0.001
cracking 0.001
loss in 0.001: 0.0007742614400601512 
cracking 0.001
cracking 0.001
loss in 0.001: 0.0009523677167351918 
cracking 0.001
cracking 0.001
cracking 0.001
cracking 0.001
cracking 0.001
loss in 0.001: 0.0009486174461616557 
cracking 0.001
cracking 0.001
loss in 0.001: 0.0009181326672377651 
cracking 0.001
loss in 0.001: 0.00030609333560527134 
cracking 0.001
cracking 0.001
loss in 0.001: 0.0008255984511888704 
cracking 0.001
loss in 0.001: 0.00046955359332140323 
cracking 0.001
cracking 0.001
loss in 0.001: 0.0005628887144726957 
loss in 0.001: 0.0005865354978394663 
cracking 0.001
cracking 0.001
cracking 0.001
loss in 0.001: 0.0004127744317461195 
cracking 0.001
cracking 0.001
cracking 0.001
cracking 0.001
cracking 0.001
loss in 0.001: 0.0002910642461896032 
cracking 0.001
cracking 0.001
loss in 0.001: 0.0005388186581815351 
loss in 0.001: 0.000435371768600032 
cracking 0.001
loss in 0.001: 0.001126478548938088 
loss in 0.001: 0.0002535596192404283 
loss in 0.001: 0.0003883898252110652 
loss in 0.001: 0.0004746440350529744 
loss in 0.001: 0.0004297044548902682 
loss in 0.001: 0.0006142094905647849 
cracking 0.001
cracking 0.001
loss in 0.001: 0.0005216632172552478 
cracking 0.001
cracking 0.001
loss in 0.001: 0.0004642549920638116 
cracking 0.001
cracking 0.001
loss in 0.001: 0.0005985946056174732 
cracking 0.001
cracking 0.001
cracking 0.001
cracking 0.001
cracking 0.001
cracking 0.001
cracking 0.001
cracking 0.001
cracking 0.001
cracking 0.001
cracking 0.001
cracking 0.001
cracking 0.001
cracking 0.001
cracking 0.001
cracking 0.001
loss in 0.001: 0.000369065121995441 
loss in 0.001: 0.00048295990189274683 
cracking 0.001
cracking 0.001
loss in 0.001: 0.0005846291385399859 
cracking 0.001
loss in 0.001: 0.0004739102454701525 
cracking 0.001
loss in 0.001: 0.0002712471817386932 
cracking 0.001
loss in 0.001: 0.00020446775757485767 
loss in 0.001: 0.0003114342772374517 
cracking 0.001
cracking 0.001
cracking 0.001
loss in 0.001: 0.0004090219581530667 
cracking 0.001
cracking 0.001
cracking 0.001
cracking 0.001
cracking 0.001
cracking 0.001
cracking 0.001
cracking 0.001
loss in 0.001: 0.0004135997235586957 
cracking 0.001
loss in 0.001: 0.0003870300400784345 
cracking 0.001
loss in 0.001: 0.0003732937890264349 
cracking 0.001
loss in 0.001: 0.0003549709951001251 
cracking 0.001
loss in 0.001: 0.0005254213145666009 
cracking 0.001
loss in 0.001: 0.00036090948705577936 
cracking 0.001
loss in 0.001: 0.0003495477448055879 
cracking 0.001
loss in 0.001: 0.000309631851918998 
cracking 0.001
cracking 0.001
cracking 0.001
cracking 0.001
cracking 0.001
cracking 0.001
cracking 0.001
cracking 0.001
cracking 0.001
loss in 0.001: 0.00036227969040255654 
cracking 0.001
loss in 0.001: 0.0009722551764869822 
cracking 0.001
loss in 0.001: 0.0003979578705616316 
cracking 0.001
loss in 0.001: 0.0006049647265493393 
cracking 0.001
loss in 0.001: 0.000299190773695772 
cracking 0.001
loss in 0.001: 0.0003472614413954056 
cracking 0.001
loss in 0.001: 0.00034721680704826737 
cracking 0.001
cracking 0.001
loss in 0.001: 0.00033379628060590714 
cracking 0.001
cracking 0.001
cracking 0.001
cracking 0.001
cracking 0.001
cracking 0.001
cracking 0.001
cracking 0.001
loss in 0.001: 0.0003390852266188021 
cracking 0.001
loss in 0.001: 0.00046793548336162617 
cracking 0.001
loss in 0.001: 0.0007160311074883544 
cracking 0.001
loss in 0.001: 0.0002352119535129086 
loss in 0.001: 0.0008129555935872477 
cracking 0.001
cracking 0.001
loss in 0.001: 0.0002943781431826973 
cracking 0.001
cracking 0.001
loss in 0.001: 0.000378237035935242 
cracking 0.001
cracking 0.001
loss in 0.001: 0.0004953562794772445 
cracking 0.001
cracking 0.001
cracking 0.001
cracking 0.001
cracking 0.001
cracking 0.001
cracking 0.001
loss in 0.001: 0.0005147888942364132 
cracking 0.001
loss in 0.001: 0.00045206018300570993 
cracking 0.001
loss in 0.001: 0.00041121654950448255 
cracking 0.001
loss in 0.001: 0.00041987571498183665 
cracking 0.001
loss in 0.001: 0.0005249851818349924 
cracking 0.001
loss in 0.001: 0.0004752037906216467 
cracking 0.001
loss in 0.001: 0.0004592913044990764 
cracking 0.001
cracking 0.001
cracking 0.001
loss in 0.001: 0.00021734394089702714 
cracking 0.001
cracking 0.001
cracking 0.001
cracking 0.001
cracking 0.001
cracking 0.001
cracking 0.001
loss in 0.001: 0.0003210644241736101 
cracking 0.001
loss in 0.001: 0.0005335789217685632 
cracking 0.001
loss in 0.001: 0.0007069149980210561 
cracking 0.001
loss in 0.001: 0.0008811871856231709 
cracking 0.001
loss in 0.001: 0.0004902948922967946 
cracking 0.001
loss in 0.001: 0.0005599700069423107 
cracking 0.001
cracking 0.001
cracking 0.001
loss in 0.001: 0.0006640575147151447 
cracking 0.001
cracking 0.001
loss in 0.001: 0.0008293558596315178 
cracking 0.001
cracking 0.001
cracking 0.001
cracking 0.001
cracking 0.001
cracking 0.001
loss in 0.001: 0.00025755674111257033 
cracking 0.001
loss in 0.001: 0.0004420248052977337 
cracking 0.001
loss in 0.001: 0.0006358042034392009 
cracking 0.001
cracking 0.001
loss in 0.001: 0.0004246815951008474 
cracking 0.001
loss in 0.001: 0.0003080442238401208 
cracking 0.001
cracking 0.001
cracking 0.001
loss in 0.001: 0.00028815072649074656 
cracking 0.001
loss in 0.001: 0.0008832187964140503 
cracking 0.001
loss in 0.001: 0.0004023525911701555 
cracking 0.001
cracking 0.001
cracking 0.001
cracking 0.001
cracking 0.001
loss in 0.001: 0.0005031944750389137 
cracking 0.001
cracking 0.001
loss in 0.001: 0.0007210434495405379 
cracking 0.001
loss in 0.001: 0.0006040374503187002 
cracking 0.001
cracking 0.001
loss in 0.001: 0.0009340057519824316 
cracking 0.001
loss in 0.001: 0.0006624139082763709 
cracking 0.001
cracking 0.001
cracking 0.001
loss in 0.001: 0.0011397501576926787 
cracking 0.001
loss in 0.001: 0.0004412214127677821 
cracking 0.001
loss in 0.001: 0.0002807474081681597 
cracking 0.001
cracking 0.001
cracking 0.001
cracking 0.001
cracking 0.001
loss in 0.001: 0.0004830542158343333 
cracking 0.001
cracking 0.001
loss in 0.001: 0.0007884396479839904 
cracking 0.001
loss in 0.001: 0.000806111966030531 
cracking 0.001
cracking 0.001
loss in 0.001: 0.0006356531723357618 
cracking 0.001
loss in 0.001: 0.000691768073679169 
cracking 0.001
loss in 0.001: 0.00038716034055409496 
cracking 0.001
cracking 0.001
cracking 0.001
loss in 0.001: 0.0005427841971537407 
cracking 0.001
loss in 0.001: 0.0004683923401178031 
cracking 0.001
cracking 0.001
cracking 0.001
cracking 0.001
cracking 0.001
loss in 0.001: 0.0004187763617569586 
cracking 0.001
cracking 0.001
loss in 0.001: 0.0006204263289561333 
cracking 0.001
loss in 0.001: 0.00037815039980055557 
cracking 0.001
cracking 0.001
loss in 0.001: 0.0005219609135411421 
cracking 0.001
loss in 0.001: 0.00048231650434163155 
cracking 0.001
loss in 0.001: 0.0006142295301465034 
cracking 0.001
cracking 0.001
cracking 0.001
loss in 0.001: 0.0003845547251227298 
cracking 0.001
loss in 0.001: 0.0003487919363766852 
cracking 0.001
cracking 0.001
cracking 0.001
cracking 0.001
loss in 0.001: 0.0005062753702144568 
cracking 0.001
cracking 0.001
cracking 0.001
loss in 0.001: 0.000508242898648371 
cracking 0.001
loss in 0.001: 0.00044577526259550196 
cracking 0.001
cracking 0.001
loss in 0.001: 0.00033948079572435524 
cracking 0.001
loss in 0.001: 0.0006418135626435654 
cracking 0.001
loss in 0.001: 0.0006316516334405604 
cracking 0.001
cracking 0.001
cracking 0.001
loss in 0.001: 0.0005007147298958637 
cracking 0.001
loss in 0.001: 0.0005889259343519355 
cracking 0.001
cracking 0.001
cracking 0.001
cracking 0.001
loss in 0.001: 0.0003565990761431436 
cracking 0.001
cracking 0.001
cracking 0.001
loss in 0.001: 0.0005629515876712757 
loss in 0.001: 0.00041441834099454765 
cracking 0.001
loss in 0.001: 0.0006557357925516419 
loss in 0.001: 0.0005876531506613321 
loss in 0.001: 0.0005794869479732633 
loss in 0.001: 0.0005472028352726629 
loss in 0.001: 0.00047918353645185375 
loss in 0.001: 0.0005944762696884584 
cracking 0.001
cracking 0.001
loss in 0.001: 0.0003049895189436733 
cracking 0.001
cracking 0.001
loss in 0.001: 0.000847259128360195 
cracking 0.001
cracking 0.001
loss in 0.001: 0.000454285929154566 
cracking 0.001
cracking 0.001
cracking 0.001
cracking 0.001
cracking 0.001
cracking 0.001
cracking 0.001
cracking 0.001
cracking 0.001
cracking 0.001
cracking 0.001
cracking 0.001
cracking 0.001
cracking 0.001
cracking 0.001
cracking 0.001
loss in 0.001: 0.00044484710938146434 
cracking 0.001
loss in 0.001: 0.00026292242870844414 
cracking 0.001
loss in 0.001: 0.0012561945540816523 
cracking 0.001
loss in 0.001: 0.0007365289859453126 
cracking 0.001
loss in 0.001: 0.0004189295680883822 
cracking 0.001
loss in 0.001: 0.0009286684402635911 
cracking 0.001
loss in 0.001: 0.0003262865411186766 
cracking 0.001
loss in 0.001: 0.0005841314172366559 
cracking 0.001
cracking 0.001
cracking 0.001
cracking 0.001
cracking 0.001
cracking 0.001
cracking 0.001
cracking 0.001
cracking 0.001
loss in 0.001: 0.0003746406779467258 
cracking 0.001
loss in 0.001: 0.0007550942379450757 
cracking 0.001
loss in 0.001: 0.000622710871738889 
cracking 0.001
loss in 0.001: 0.00047916757865966203 
cracking 0.001
loss in 0.001: 0.0004138799120366612 
loss in 0.001: 0.0005164286532910336 
cracking 0.001
cracking 0.001
loss in 0.001: 0.0005638352565007334 
cracking 0.001
loss in 0.001: 0.00041419920924012883 
cracking 0.001
cracking 0.001
cracking 0.001
cracking 0.001
cracking 0.001
cracking 0.001
cracking 0.001
cracking 0.001
cracking 0.001
loss in 0.001: 0.00040585492140963585 
cracking 0.001
loss in 0.001: 0.00045694225754551384 
cracking 0.001
loss in 0.001: 0.0005275590106993975 
cracking 0.001
loss in 0.001: 0.0006715148207431715 
cracking 0.001
loss in 0.001: 0.0006537129794090468 
cracking 0.001
loss in 0.001: 0.0005319946083229214 
cracking 0.001
loss in 0.001: 0.0005173111452517299 
cracking 0.001
loss in 0.001: 0.0003368053412410404 
cracking 0.001
cracking 0.001
cracking 0.001
cracking 0.001
cracking 0.001
cracking 0.001
cracking 0.001
cracking 0.001
cracking 0.001
loss in 0.001: 0.0007500415297186036 
cracking 0.001
loss in 0.001: 0.0003524851608743034 
cracking 0.001
loss in 0.001: 0.001095043613369042 
cracking 0.001
loss in 0.001: 0.00027085059988215187 
cracking 0.001
loss in 0.001: 0.000378944125898139 
cracking 0.001
loss in 0.001: 0.0005366888793584624 
cracking 0.001
loss in 0.001: 0.0004978472227604431 
cracking 0.001
loss in 0.001: 0.0009399591353672982 
cracking 0.001
cracking 0.001
cracking 0.001
cracking 0.001
cracking 0.001
cracking 0.001
cracking 0.001
cracking 0.001
cracking 0.001
loss in 0.001: 0.0006376368374509843 
cracking 0.001
loss in 0.001: 0.0008690631783038459 
loss in 0.001: 0.0004012534641690062 
cracking 0.001
cracking 0.001
loss in 0.001: 0.00035491973596416324 
cracking 0.001
loss in 0.001: 0.0006782360583907845 
cracking 0.001
loss in 0.001: 0.0005726395834217335 
cracking 0.001
loss in 0.001: 0.0005160482181245278 
cracking 0.001
cracking 0.001
loss in 0.001: 0.0005669666301072119 
cracking 0.001
cracking 0.001
cracking 0.001
cracking 0.001
cracking 0.001
cracking 0.001
cracking 0.001
cracking 0.001
loss in 0.001: 0.0005248492636922516 
cracking 0.001
loss in 0.001: 0.0002442330798413653 
cracking 0.001
loss in 0.001: 0.00047937308368007134 
cracking 0.001
loss in 0.001: 0.0004282985898841673 
cracking 0.001
loss in 0.001: 0.00046520008345667764 
cracking 0.001
loss in 0.001: 0.00035800392720274993 
cracking 0.001
cracking 0.001
loss in 0.001: 0.0004673374164674788 
cracking 0.001
cracking 0.001
cracking 0.001
cracking 0.001
cracking 0.001
loss in 0.001: 0.00048673467049589893 
cracking 0.001
cracking 0.001
cracking 0.001
loss in 0.001: 0.0005673602176012991 
cracking 0.001
loss in 0.001: 0.0003682992253841456 
cracking 0.001
cracking 0.001
loss in 0.001: 0.0005710097301130518 
cracking 0.001
loss in 0.001: 0.0005678876126710919 
cracking 0.001
loss in 0.001: 0.0007025631248518142 
cracking 0.001
cracking 0.001
loss in 0.001: 0.0006746496879425895 
cracking 0.001
cracking 0.001
loss in 0.001: 0.00043861665770354773 
cracking 0.001
cracking 0.001
cracking 0.001
cracking 0.001
cracking 0.001
cracking 0.001
loss in 0.001: 0.0004765093150850435 
cracking 0.001
loss in 0.001: 0.0005849852620425734 
cracking 0.001
loss in 0.001: 0.0002747558582063303 
cracking 0.001
loss in 0.001: 0.0005375626897498999 
cracking 0.001
cracking 0.001
loss in 0.001: 0.00046542274354965913 
cracking 0.001
loss in 0.001: 0.0004139967066279407 
cracking 0.001
cracking 0.001
cracking 0.001
cracking 0.001
loss in 0.001: 0.0005304925058716857 
cracking 0.001
cracking 0.001
cracking 0.001
loss in 0.001: 0.00046793389908252915 
cracking 0.001
cracking 0.001
loss in 0.001: 0.00042154915437327535 
cracking 0.001
cracking 0.001
loss in 0.001: 0.0004275369169669265 
cracking 0.001
loss in 0.001: 0.0005692118144104115 
cracking 0.001
loss in 0.001: 0.000390629959809211 
cracking 0.001
loss in 0.001: 0.00033582326578183785 
cracking 0.001
loss in 0.001: 0.0006205167443898906 
cracking 0.001
cracking 0.001
cracking 0.001
cracking 0.001
loss in 0.001: 0.0005138439620645596 
cracking 0.001
cracking 0.001
loss in 0.001: 0.00047449459877582287 
cracking 0.001
cracking 0.001
cracking 0.001
cracking 0.001
cracking 0.001
loss in 0.001: 0.0006310451708749628 
cracking 0.001
loss in 0.001: 0.0003020671151853478 
cracking 0.001
loss in 0.001: 0.0004102268610051564 
cracking 0.001
loss in 0.001: 0.0004954907559903545 
cracking 0.001
loss in 0.001: 0.00031627722246486446 
cracking 0.001
loss in 0.001: 0.0004174009504048138 
cracking 0.001
cracking 0.001
cracking 0.001
cracking 0.001
cracking 0.001
loss in 0.001: 0.000491883928655747 
cracking 0.001
loss in 0.001: 0.0005134470690060103 
cracking 0.001
cracking 0.001
cracking 0.001
cracking 0.001
cracking 0.001
loss in 0.001: 0.000484816395715067 
cracking 0.001
loss in 0.001: 0.0005486552094521182 
cracking 0.001
loss in 0.001: 0.0005587723154682133 
cracking 0.001
loss in 0.001: 0.0003148304059856597 
cracking 0.001
loss in 0.001: 0.0005185817409389001 
cracking 0.001
loss in 0.001: 0.0008851212585786597 
cracking 0.001
cracking 0.001
cracking 0.001
cracking 0.001
cracking 0.001
cracking 0.001
loss in 0.001: 0.0005518093567672344 
cracking 0.001
loss in 0.001: 0.00035402054826716835 
cracking 0.001
cracking 0.001
loss in 0.001: 0.00021565538349242714 
cracking 0.001
cracking 0.001
cracking 0.001
loss in 0.001: 0.0003861555046788914 
cracking 0.001
loss in 0.001: 0.0006366356551822662 
loss in 0.001: 0.0002996526584263192 
cracking 0.001
loss in 0.001: 0.0002943985448255729 
loss in 0.001: 0.0005491970614353619 
cracking 0.001
loss in 0.001: 0.00041261019806929143 
loss in 0.001: 0.00042049752709168755 
loss in 0.001: 0.000357471645206369 
loss in 0.001: 0.0009541367385738753 
cracking 0.001
cracking 0.001
loss in 0.001: 0.0005005794015655121 
cracking 0.001
cracking 0.001
loss in 0.001: 0.00044763376761569195 
cracking 0.001
cracking 0.001
loss in 0.001: 0.000572676121053065 
cracking 0.001cracking 0.001

cracking 0.001
cracking 0.001
cracking 0.001
cracking 0.001
cracking 0.001
cracking 0.001
cracking 0.001
cracking 0.001
cracking 0.001
cracking 0.001
cracking 0.001
cracking 0.001
cracking 0.001
cracking 0.001
loss in 0.001: 0.00043619182417045535 
cracking 0.001
loss in 0.001: 0.0005543478492192402 
cracking 0.001
loss in 0.001: 0.0005985954072569187 
cracking 0.001
loss in 0.001: 0.0005193435443359681 
cracking 0.001
loss in 0.001: 0.00034617416367055057 
loss in 0.001: 0.00050432870101392 
cracking 0.001
cracking 0.001
loss in 0.001: 0.0005586391099532117 
cracking 0.001
loss in 0.001: 0.0003993563377487199 
cracking 0.001
cracking 0.001
cracking 0.001
cracking 0.001
cracking 0.001
cracking 0.001
cracking 0.001
cracking 0.001
cracking 0.001
loss in 0.001: 0.0006389523848539944 
cracking 0.001
loss in 0.001: 0.0009199050650525771 
cracking 0.001
loss in 0.001: 0.00022926411786199164 
loss in 0.001: 0.0004174233635688201 
cracking 0.001
cracking 0.001
loss in 0.001: 0.0004986776922067508 
cracking 0.001
loss in 0.001: 0.0003130806094191394 
cracking 0.001
loss in 0.001: 0.0007821831530119884 
cracking 0.001
loss in 0.001: 0.0005371817844336514 
cracking 0.001
cracking 0.001
cracking 0.001
cracking 0.001
cracking 0.001
cracking 0.001
cracking 0.001
cracking 0.001
cracking 0.001
loss in 0.001: 0.0006186677015924465 
cracking 0.001
loss in 0.001: 0.0004408787082003045 
cracking 0.001
loss in 0.001: 0.0008039525183435528 
cracking 0.001
loss in 0.001: 0.0004486086970062193 
cracking 0.001
loss in 0.001: 0.0005906946047309801 
cracking 0.001
loss in 0.001: 0.0008231190528861477 
cracking 0.001
loss in 0.001: 0.00047584118623176727 
cracking 0.001
cracking 0.001
loss in 0.001: 0.000709502417510047 
cracking 0.001
cracking 0.001
cracking 0.001
cracking 0.001
cracking 0.001
cracking 0.001
cracking 0.001
cracking 0.001
loss in 0.001: 0.00045924927774705605 
cracking 0.001
loss in 0.001: 0.00024313408102943354 
cracking 0.001
loss in 0.001: 0.0005372601817532797 
cracking 0.001
loss in 0.001: 0.0004660798498493988 
cracking 0.001
loss in 0.001: 0.000453103387123323 
cracking 0.001
loss in 0.001: 0.00063841169700313 
cracking 0.001
loss in 0.001: 0.0002614187915700273 
cracking 0.001
cracking 0.001
cracking 0.001
cracking 0.001
cracking 0.001
cracking 0.001
cracking 0.001
loss in 0.001: 0.0007142016483105498 
cracking 0.001
cracking 0.001
loss in 0.001: 0.0006538084081047857 
cracking 0.001
cracking 0.001
loss in 0.001: 0.00048172268231401385 
cracking 0.001
loss in 0.001: 0.0002810570598048667 
cracking 0.001
loss in 0.001: 0.0005363993776964339 
cracking 0.001
loss in 0.001: 0.0004210934780744263 
cracking 0.001
loss in 0.001: 0.0005578032165913356 
cracking 0.001
loss in 0.001: 0.00036551908917216295 
cracking 0.001
cracking 0.001
cracking 0.001
cracking 0.001
cracking 0.001
cracking 0.001
cracking 0.001
cracking 0.001
loss in 0.001: 0.000510593291259942 
cracking 0.001
loss in 0.001: 0.0005755581250666577 
cracking 0.001
loss in 0.001: 0.00040361598362292873 
cracking 0.001
loss in 0.001: 0.0006044974746580566 
cracking 0.001
loss in 0.001: 0.0006156254066700123 
cracking 0.001
loss in 0.001: 0.0007184273020317102 
cracking 0.001
cracking 0.001
cracking 0.001
loss in 0.001: 0.0005411625417042442 
loss in 0.001: 0.0004263739687921489 
cracking 0.001
cracking 0.001
cracking 0.001
cracking 0.001
cracking 0.001
cracking 0.001
cracking 0.001
cracking 0.001
loss in 0.001: 0.0007376477737253008 
cracking 0.001
loss in 0.001: 0.0005182379956279366 
cracking 0.001
loss in 0.001: 0.0003074162488876324 
cracking 0.001
loss in 0.001: 0.00032331608222213544 
cracking 0.001
loss in 0.001: 0.0004918342037812074 
cracking 0.001
cracking 0.001
cracking 0.001
loss in 0.001: 0.00033132619626085404 
cracking 0.001
loss in 0.001: 0.0006040812003184506 
cracking 0.001
cracking 0.001
loss in 0.001: 0.0004051551041176167 
cracking 0.001
cracking 0.001
cracking 0.001
cracking 0.001
cracking 0.001
cracking 0.001
loss in 0.001: 0.0003577448408094514 
cracking 0.001
loss in 0.001: 0.0005361562278695042 
cracking 0.001
loss in 0.001: 0.00029333007470491626 
cracking 0.001
loss in 0.001: 0.00045633992844694465 
cracking 0.001
loss in 0.001: 0.0009229441147950726 
cracking 0.001
cracking 0.001
cracking 0.001
loss in 0.001: 0.0004561401062490405 
cracking 0.001
loss in 0.001: 0.0003647899173582883 
cracking 0.001
cracking 0.001
cracking 0.001
cracking 0.001
loss in 0.001: 0.0004749152207910815 
cracking 0.001
cracking 0.001
cracking 0.001
cracking 0.001
loss in 0.001: 0.000594640969810728 
cracking 0.001
loss in 0.001: 0.00027443629802086924 
cracking 0.001
loss in 0.001: 0.00043103818475791173 
cracking 0.001
loss in 0.001: 0.0004533482896249788 
cracking 0.001
loss in 0.001: 0.0003425708939211225 
cracking 0.001
loss in 0.001: 0.0003964835192087928 
cracking 0.001
cracking 0.001
loss in 0.001: 0.0003047473717454472 
cracking 0.001
cracking 0.001
cracking 0.001
cracking 0.001
loss in 0.001: 0.00038827531734792414 
cracking 0.001
cracking 0.001
cracking 0.001
cracking 0.001
cracking 0.001
loss in 0.001: 0.0006951214333096183 
cracking 0.001
loss in 0.001: 0.00024006941744631336 
cracking 0.001
loss in 0.001: 0.0005517562360703611 
cracking 0.001
loss in 0.001: 0.00045287294546005063 
cracking 0.001
cracking 0.001
loss in 0.001: 0.000599457308215343 
cracking 0.001
loss in 0.001: 0.000447578075211627 
cracking 0.001
cracking 0.001
loss in 0.001: 0.00048185924036826274 
cracking 0.001
cracking 0.001
cracking 0.001
loss in 0.001: 0.0008799677635600575 
cracking 0.001
cracking 0.001
cracking 0.001
cracking 0.001
loss in 0.001: 0.0004478630950880273 
cracking 0.001
cracking 0.001
loss in 0.001: 0.00047302621286695755 
cracking 0.001
loss in 0.001: 0.0004966277856653879 
cracking 0.001
cracking 0.001
loss in 0.001: 0.00020962534110119296 
cracking 0.001
loss in 0.001: 0.0004168880408936996 
cracking 0.001
cracking 0.001
cracking 0.001
loss in 0.001: 0.00042318857123341166 
cracking 0.001
loss in 0.001: 0.0007249792754203102 
cracking 0.001
loss in 0.001: 0.0004392140674838462 
cracking 0.001
cracking 0.001
cracking 0.001
cracking 0.001
cracking 0.001
loss in 0.001: 0.0005424519116768832 
cracking 0.001
cracking 0.001
loss in 0.001: 0.0004196092053829767 
cracking 0.001
loss in 0.001: 0.0004399490333832601 
loss in 0.001: 0.000590815251290697 
cracking 0.001
loss in 0.001: 0.0003756073711064528 
cracking 0.001
loss in 0.001: 0.0006102374227491816 
loss in 0.001: 0.00037397685016525974 
loss in 0.001: 0.00045396860551746697 
loss in 0.001: 0.0005238042262855501 
cracking 0.001
loss in 0.001: 0.0002905838922276049 
cracking 0.001
loss in 0.001: 0.0005219833052254842 
cracking 0.001
cracking 0.001
loss in 0.001: 0.0003911118448188651 
cracking 0.001
cracking 0.001
loss in 0.001: 0.0006235479143320002 
cracking 0.001
cracking 0.001
cracking 0.001
cracking 0.001
cracking 0.001
cracking 0.001
cracking 0.001
cracking 0.001
cracking 0.001
cracking 0.001
cracking 0.001
cracking 0.001
cracking 0.001
cracking 0.001
cracking 0.001
cracking 0.001
loss in 0.001: 0.0003689917400855599 
cracking 0.001
loss in 0.001: 0.0004015551022231633 
cracking 0.001
loss in 0.001: 0.0006745489307431233 
loss in 0.001: 0.0005044188596238271 
loss in 0.001: 0.00045749024308641565 
cracking 0.001
cracking 0.001
cracking 0.001
loss in 0.001: 0.0006397030908021073 
cracking 0.001
loss in 0.001: 0.000900663642616955 
cracking 0.001
loss in 0.001: 0.00034944487724923823 
cracking 0.001
cracking 0.001
cracking 0.001
cracking 0.001
cracking 0.001
cracking 0.001
cracking 0.001
cracking 0.001
cracking 0.001
loss in 0.001: 0.0007006698235094535 
cracking 0.001
loss in 0.001: 0.00052465554292769 
cracking 0.001
loss in 0.001: 0.00033852194691039205 
cracking 0.001
loss in 0.001: 0.0004263722237323415 
cracking 0.001
loss in 0.001: 0.0008930406329223402 
cracking 0.001
loss in 0.001: 0.0005348089707674062 
cracking 0.001
loss in 0.001: 0.000555446249461469 
cracking 0.001
loss in 0.001: 0.0002882607866751205 
cracking 0.001
cracking 0.001
cracking 0.001
cracking 0.001
cracking 0.001
cracking 0.001
cracking 0.001
cracking 0.001
cracking 0.001
loss in 0.001: 0.00038249686409955907 
cracking 0.001
loss in 0.001: 0.000432499995267451 
cracking 0.001
loss in 0.001: 0.0005476919749081682 
cracking 0.001
loss in 0.001: 0.0006330193557236458 
loss in 0.001: 0.0004006264297664906 
cracking 0.001
cracking 0.001
loss in 0.001: 0.0003615085553441855 
cracking 0.001
loss in 0.001: 0.00035673304498426813 
cracking 0.001
cracking 0.001
cracking 0.001
cracking 0.001
loss in 0.001: 0.0002950329696443375 
cracking 0.001
cracking 0.001
cracking 0.001
cracking 0.001
cracking 0.001
cracking 0.001
loss in 0.001: 0.0002913625806649415 
cracking 0.001
loss in 0.001: 0.0004942872629072949 
cracking 0.001
loss in 0.001: 0.0004903823025428673 
loss in 0.001: 0.00030720423570983473 
cracking 0.001
cracking 0.001
loss in 0.001: 0.0004018480153713503 
cracking 0.001
loss in 0.001: 0.0007075439950890086 
cracking 0.001
loss in 0.001: 0.0004306444932325707 
cracking 0.001
cracking 0.001
cracking 0.001
cracking 0.001
cracking 0.001
cracking 0.001
cracking 0.001
loss in 0.001: 0.00037317629407987625 
cracking 0.001
cracking 0.001
cracking 0.001
loss in 0.001: 0.00048732577986476596 
cracking 0.001
loss in 0.001: 0.00042132309787245014 
cracking 0.001
loss in 0.001: 0.0003583281976721081 
cracking 0.001
loss in 0.001: 0.00038610117725289224 
cracking 0.001
loss in 0.001: 0.00041167587881057663 
cracking 0.001
loss in 0.001: 0.00034676604264285006 
cracking 0.001
cracking 0.001
cracking 0.001
cracking 0.001
cracking 0.001
loss in 0.001: 0.0006415443091866635 
cracking 0.001
cracking 0.001
loss in 0.001: 0.0005347795980017857 
cracking 0.001
cracking 0.001
cracking 0.001
cracking 0.001
loss in 0.001: 0.00041813556920213105 
cracking 0.001
loss in 0.001: 0.0002545647772172869 
cracking 0.001
loss in 0.001: 0.00028946335187238827 
cracking 0.001
loss in 0.001: 0.00041915375689094187 
cracking 0.001
loss in 0.001: 0.0005418102250555606 
cracking 0.001
loss in 0.001: 0.00022693693106117343 
cracking 0.001
cracking 0.001
cracking 0.001
cracking 0.001
cracking 0.001
cracking 0.001
loss in 0.001: 0.000838713313826901 
cracking 0.001
loss in 0.001: 0.00020457047843949495 
cracking 0.001
cracking 0.001
cracking 0.001
cracking 0.001
loss in 0.001: 0.0009553039205528969 
cracking 0.001
loss in 0.001: 0.00041525624681472406 
cracking 0.001
loss in 0.001: 0.0006515103433455391 
cracking 0.001
loss in 0.001: 0.0002509800165664486 
cracking 0.001
loss in 0.001: 0.0003141618586563264 
cracking 0.001
cracking 0.001
loss in 0.001: 0.00037867395345351026 
cracking 0.001
cracking 0.001
cracking 0.001
cracking 0.001
cracking 0.001
loss in 0.001: 0.00030406192489631167 
cracking 0.001
loss in 0.001: 0.0004930892038968858 
cracking 0.001
cracking 0.001
loss in 0.001: 0.00042573148269398146 
cracking 0.001
cracking 0.001
cracking 0.001
loss in 0.001: 0.00031567421327632466 
cracking 0.001
loss in 0.001: 0.0003309409366699079 
cracking 0.001
loss in 0.001: 0.0005082549538068827 
cracking 0.001
cracking 0.001
cracking 0.001
cracking 0.001
cracking 0.001
loss in 0.001: 0.0006226909511371639 
cracking 0.001
loss in 0.001: 0.0007147043151643063 
cracking 0.001
loss in 0.001: 0.0003539875868767688 
cracking 0.001
loss in 0.001: 0.0002793344740375697 
cracking 0.001
cracking 0.001
loss in 0.001: 0.0004328914854866155 
cracking 0.001
cracking 0.001
cracking 0.001
loss in 0.001: 0.0005259423270989331 
cracking 0.001
cracking 0.001
loss in 0.001: 0.00036061605138057077 
cracking 0.001
loss in 0.001: 0.0004414407159514148 
cracking 0.001
cracking 0.001
cracking 0.001
cracking 0.001
loss in 0.001: 0.00031469282793102163 
cracking 0.001
cracking 0.001
loss in 0.001: 0.0009979977311060802 
cracking 0.001
loss in 0.001: 0.00023216134019055594 
cracking 0.001
loss in 0.001: 0.0006248545565770746 
cracking 0.001
cracking 0.001
loss in 0.001: 0.00032239211311512617 
cracking 0.001
cracking 0.001
loss in 0.001: 0.0008114322976455423 
cracking 0.001
cracking 0.001
cracking 0.001
loss in 0.001: 0.0003952707696771854 
cracking 0.001
cracking 0.001
loss in 0.001: 0.0004580167635673487 
cracking 0.001
cracking 0.001
loss in 0.001: 0.0003612796585630348 
cracking 0.001
cracking 0.001
loss in 0.001: 0.00032630601148688827 
cracking 0.001
cracking 0.001
loss in 0.001: 0.00035416654112040055 
loss in 0.001: 0.0006195086238725054 
cracking 0.001
cracking 0.001
cracking 0.001
loss in 0.001: 0.0004237833722033526 
cracking 0.001
loss in 0.001: 0.0007056956141771655 
cracking 0.001
cracking 0.001
cracking 0.001
cracking 0.001
cracking 0.001
loss in 0.001: 0.0004160771199453217 
cracking 0.001
loss in 0.001: 0.000406797555827277 
cracking 0.001
cracking 0.001
loss in 0.001: 0.000503933570292243 
cracking 0.001
loss in 0.001: 0.00037329064744969246 
cracking 0.001
cracking 0.001
cracking 0.001
loss in 0.001: 0.0005617586193649466 
cracking 0.001
loss in 0.001: 0.00037179545956023347 
cracking 0.001
loss in 0.001: 0.0005186632192810403 
cracking 0.001
cracking 0.001
cracking 0.001
loss in 0.001: 0.00039294799864292914 
cracking 0.001
cracking 0.001
cracking 0.001
loss in 0.001: 0.00047631827012106195 
loss in 0.001: 0.0004561948971513209 
loss in 0.001: 0.0004930421592519011 
loss in 0.001: 0.0003373067585434137 
loss in 0.001: 0.00034512673693793447 
loss in 0.001: 0.0006809827055029434 
cracking 0.001
loss in 0.001: 0.00030726289378182165 
cracking 0.001
loss in 0.001: 0.00048395393769445417 
cracking 0.001
cracking 0.001
loss in 0.001: 0.0003908230602139548 
cracking 0.001
cracking 0.001
loss in 0.001: 0.0006806408099042588 
cracking 0.001
cracking 0.001
cracking 0.001
cracking 0.001
cracking 0.001
cracking 0.001
cracking 0.001
cracking 0.001
cracking 0.001
cracking 0.001
cracking 0.001
cracking 0.001
cracking 0.001
cracking 0.001
cracking 0.001
cracking 0.001
loss in 0.001: 0.0004244202275695735 
cracking 0.001
loss in 0.001: 0.0007290696501679564 
loss in 0.001: 0.0005746440885113874 
cracking 0.001
cracking 0.001
loss in 0.001: 0.0003486762592781218 
cracking 0.001
loss in 0.001: 0.0006492857827553709 
cracking 0.001
loss in 0.001: 0.00042194002100199077 
cracking 0.001
loss in 0.001: 0.00035706544182816585 
cracking 0.001
loss in 0.001: 0.0005447189100923164 
cracking 0.001
cracking 0.001
cracking 0.001
cracking 0.001
cracking 0.001
cracking 0.001
cracking 0.001
cracking 0.001
cracking 0.001
loss in 0.001: 0.0008198337769782983 
cracking 0.001
loss in 0.001: 0.0004763071339603337 
cracking 0.001
loss in 0.001: 0.0006987754328042206 
cracking 0.001
loss in 0.001: 0.00032971605846629563 
cracking 0.001
loss in 0.001: 0.000420792654642634 
loss in 0.001: 0.0005752666089928284 
cracking 0.001
cracking 0.001
loss in 0.001: 0.0005266577920929673 
cracking 0.001
loss in 0.001: 0.0006037768584147469 
cracking 0.001
cracking 0.001
cracking 0.001
cracking 0.001
cracking 0.001
cracking 0.001
cracking 0.001
cracking 0.001
cracking 0.001
loss in 0.001: 0.0004499845213162545 
loss in 0.001: 0.00041163010721338136 
loss in 0.001: 0.0006198797470973166 
cracking 0.001
cracking 0.001
cracking 0.001
loss in 0.001: 0.000421146714533663 
cracking 0.001
loss in 0.001: 0.0004962789561686631 
cracking 0.001
loss in 0.001: 0.0003104564375075523 
cracking 0.001
loss in 0.001: 0.00031666486583318523 
cracking 0.001
loss in 0.001: 0.0002968173019357587 
cracking 0.001
cracking 0.001
cracking 0.001
cracking 0.001
cracking 0.001
cracking 0.001
cracking 0.001
cracking 0.001
cracking 0.001
loss in 0.001: 0.00032044828116873975 
loss in 0.001: 0.0006483753357859815 
loss in 0.001: 0.0002032656966701831 
cracking 0.001
cracking 0.001
cracking 0.001
loss in 0.001: 0.0003780007727839424 
cracking 0.001
loss in 0.001: 0.0005504304277917618 
loss in 0.001: 0.0005488594296361865 
loss in 0.001: 0.00032168241120828547 
cracking 0.001
cracking 0.001
cracking 0.001
loss in 0.001: 0.0007699682870724255 
cracking 0.001
cracking 0.001
cracking 0.001
cracking 0.001
cracking 0.001
cracking 0.001
cracking 0.001
cracking 0.001
cracking 0.001
loss in 0.001: 0.000533424277014173 
cracking 0.001
loss in 0.001: 0.0003373398962699919 
cracking 0.001
loss in 0.001: 0.00038900590673383086 
cracking 0.001
loss in 0.001: 0.00029467186388139105 
cracking 0.001
loss in 0.001: 0.0005760082997761354 
loss in 0.001: 0.00047935568399122016 
cracking 0.001
cracking 0.001
loss in 0.001: 0.00046308550485232375 
cracking 0.001
loss in 0.001: 0.0004895602960889186 
cracking 0.001
cracking 0.001
cracking 0.001
cracking 0.001
cracking 0.001
cracking 0.001
cracking 0.001
cracking 0.001
cracking 0.001
loss in 0.001: 0.0004278431024381289 
cracking 0.001
loss in 0.001: 0.00046476989523403216 
cracking 0.001
loss in 0.001: 0.0002554587741895646 
cracking 0.001
loss in 0.001: 0.0006024173329189816 
cracking 0.001
loss in 0.001: 0.0004923478298303681 
cracking 0.001
loss in 0.001: 0.0007802533090452654 
cracking 0.001
loss in 0.001: 0.0005950825407582972 
cracking 0.001
loss in 0.001: 0.0004267097740839184 
cracking 0.001
cracking 0.001
cracking 0.001
cracking 0.001
cracking 0.001
cracking 0.001
cracking 0.001
cracking 0.001
cracking 0.001
loss in 0.001: 0.000354686191769505 
cracking 0.001
loss in 0.001: 0.0004383139937625567 
cracking 0.001
loss in 0.001: 0.000625940061442182 
cracking 0.001
loss in 0.001: 0.0004206211114226633 
cracking 0.001
loss in 0.001: 0.0003756825388216012 
cracking 0.001
loss in 0.001: 0.0006952488492261041 
cracking 0.001
loss in 0.001: 0.0005073950429828445 
cracking 0.001
loss in 0.001: 0.00042476176518209115 
cracking 0.001
cracking 0.001
cracking 0.001
cracking 0.001
cracking 0.001
cracking 0.001
cracking 0.001
cracking 0.001
cracking 0.001
loss in 0.001: 0.00042830489562344326 
cracking 0.001
loss in 0.001: 0.000335547153278635 
cracking 0.001
loss in 0.001: 0.0004786379415568833 
cracking 0.001
loss in 0.001: 0.00032448255260171565 
cracking 0.001
loss in 0.001: 0.0005049508856857693 
cracking 0.001
loss in 0.001: 0.0004853170505979134 
cracking 0.001
loss in 0.001: 0.0002984691535257856 
cracking 0.001
loss in 0.001: 0.0003515949205470612 
cracking 0.001
cracking 0.001
cracking 0.001
cracking 0.001
cracking 0.001
cracking 0.001
cracking 0.001
cracking 0.001
cracking 0.001
loss in 0.001: 0.0003379711959198648 
cracking 0.001
loss in 0.001: 0.0003856045566691692 
cracking 0.001
loss in 0.001: 0.00037675377091844536 
cracking 0.001
loss in 0.001: 0.0003849288532298805 
cracking 0.001
loss in 0.001: 0.00043242209184168325 
cracking 0.001
loss in 0.001: 0.0003914397678857802 
cracking 0.001
loss in 0.001: 0.0004858451085646488 
cracking 0.001
loss in 0.001: 0.00031514838832006026 
cracking 0.001
cracking 0.001
cracking 0.001
cracking 0.001
cracking 0.001
cracking 0.001
cracking 0.001
cracking 0.001
cracking 0.001
loss in 0.001: 0.0004137488970463897 
cracking 0.001
loss in 0.001: 0.00034534535267989554 
cracking 0.001
loss in 0.001: 0.00027121870828118337 
cracking 0.001
loss in 0.001: 0.00032241386703289813 
cracking 0.001
loss in 0.001: 0.00046501879551087423 
cracking 0.001
loss in 0.001: 0.0003667868143403694 
cracking 0.001
loss in 0.001: 0.0004870963224875447 
cracking 0.001
loss in 0.001: 0.0004080431134612213 
cracking 0.001
cracking 0.001
cracking 0.001
cracking 0.001
cracking 0.001
cracking 0.001
cracking 0.001
cracking 0.001
cracking 0.001
loss in 0.001: 0.00037759497196239005 
cracking 0.001
loss in 0.001: 0.0003122636628288026 
cracking 0.001
loss in 0.001: 0.0004172408255587488 
cracking 0.001
loss in 0.001: 0.0005109965259169741 
cracking 0.001
loss in 0.001: 0.0004401930547371994 
cracking 0.001
loss in 0.001: 0.0005731086826831068 
cracking 0.001
loss in 0.001: 0.00045617053126624686 
cracking 0.001
cracking 0.001
loss in 0.001: 0.0006129634576237706 
cracking 0.001
cracking 0.001
cracking 0.001
cracking 0.001
cracking 0.001
cracking 0.001
cracking 0.001
cracking 0.001
loss in 0.001: 0.0004954960539871792 
cracking 0.001
loss in 0.001: 0.0004067250801369373 
loss in 0.001: 0.00025222766768023575 
loss in 0.001: 0.0006347650372509783 
loss in 0.001: 0.00043922998798740317 
loss in 0.001: 0.0007397598119562959 
loss in 0.001: 0.000659019738117347 
loss in 0.001: 0.0004900247970022075 
cracking 0.001
loss in 0.001: 0.0005565292498581169 
cracking 0.001
cracking 0.001
loss in 0.001: 0.0005495525196994721 
cracking 0.001
cracking 0.001
loss in 0.001: 0.0004265848873602841 
cracking 0.001
cracking 0.001
loss in 0.001: 0.0005723691466653596 
cracking 0.001
cracking 0.001
cracking 0.001
cracking 0.001
cracking 0.001
cracking 0.001
cracking 0.001
cracking 0.001
cracking 0.001
cracking 0.001
cracking 0.001
cracking 0.001
cracking 0.001
cracking 0.001
cracking 0.001
cracking 0.001
loss in 0.001: 0.0005297414543494717 
cracking 0.001
loss in 0.001: 0.00040765590491629184 
loss in 0.001: 0.00030652070140204133 
loss in 0.001: 0.0003634670940583329 
cracking 0.001
cracking 0.001
cracking 0.001
loss in 0.001: 0.000523000093215346 
cracking 0.001
loss in 0.001: 0.000581929052997624 
cracking 0.001
loss in 0.001: 0.0003274212729396278 
loss in 0.001: 0.0007074347773984388 
cracking 0.001
cracking 0.001
cracking 0.001
cracking 0.001
cracking 0.001
cracking 0.001
cracking 0.001
cracking 0.001
cracking 0.001
cracking 0.001
loss in 0.001: 0.0006071531228611006 
cracking 0.001
loss in 0.001: 0.00048483886853021885 
cracking 0.001
loss in 0.001: 0.00032784797362398626 
cracking 0.001
loss in 0.001: 0.0005914787421000829 
cracking 0.001
loss in 0.001: 0.0005191177085241107 
cracking 0.001
loss in 0.001: 0.0005831783231452531 
cracking 0.001
loss in 0.001: 0.0005183552961092923 
cracking 0.001
loss in 0.001: 0.0002828063662666122 
cracking 0.001
cracking 0.001
cracking 0.001
cracking 0.001
cracking 0.001
cracking 0.001
cracking 0.001
cracking 0.001
cracking 0.001
loss in 0.001: 0.0003657381020708526 
cracking 0.001
loss in 0.001: 0.0005099614666800339 
cracking 0.001
loss in 0.001: 0.000335461483925731 
cracking 0.001
loss in 0.001: 0.0010856871347497345 
loss in 0.001: 0.00047427940429910643 
loss in 0.001: 0.0004040700897662215 
cracking 0.001
cracking 0.001
cracking 0.001
loss in 0.001: 0.0006033319325700837 
cracking 0.001
loss in 0.001: 0.00028502061832817363 
cracking 0.001
cracking 0.001
cracking 0.001
cracking 0.001
cracking 0.001
cracking 0.001
cracking 0.001
cracking 0.001
cracking 0.001
loss in 0.001: 0.0006974734994063227 
cracking 0.001
loss in 0.001: 0.0003153912536686799 
cracking 0.001
loss in 0.001: 0.00026794491337920804 
cracking 0.001
loss in 0.001: 0.00031616988701766867 
loss in 0.001: 0.0005398338078415498 
cracking 0.001
cracking 0.001
loss in 0.001: 0.0005524024099177409 
cracking 0.001
loss in 0.001: 0.0004298280450505998 
loss in 0.001: 0.00043956256783520925 
cracking 0.001
cracking 0.001
cracking 0.001
cracking 0.001
cracking 0.001
cracking 0.001
cracking 0.001
cracking 0.001
cracking 0.001
cracking 0.001
loss in 0.001: 0.0003137523546853734 
cracking 0.001
loss in 0.001: 0.0005772557074772309 
cracking 0.001
loss in 0.001: 0.00040667417782735927 
cracking 0.001
loss in 0.001: 0.00036912764073274677 
loss in 0.001: 0.00031891971387527923 
cracking 0.001
cracking 0.001
loss in 0.001: 0.0007981163520518104 
cracking 0.001
loss in 0.001: 0.00038476112894352877 
cracking 0.001
loss in 0.001: 0.0005344113579152099 
cracking 0.001
cracking 0.001
cracking 0.001
cracking 0.001
cracking 0.001
cracking 0.001
cracking 0.001
cracking 0.001
cracking 0.001
loss in 0.001: 0.0004228475426416529 
cracking 0.001
loss in 0.001: 0.0005021105669537841 
cracking 0.001
loss in 0.001: 0.000314388436143829 
loss in 0.001: 0.00044698664853037124 
cracking 0.001
cracking 0.001
loss in 0.001: 0.00048002559148055423 
cracking 0.001
loss in 0.001: 0.0005449846795772031 
cracking 0.001
loss in 0.001: 0.00046463812192766904 
cracking 0.001
loss in 0.001: 0.0005185168280452762 
cracking 0.001
cracking 0.001
cracking 0.001
cracking 0.001
cracking 0.001
cracking 0.001
cracking 0.001
cracking 0.001
cracking 0.001
loss in 0.001: 0.00046378025587711936 
cracking 0.001
loss in 0.001: 0.0004371565901065465 
cracking 0.001
loss in 0.001: 0.00045542097465035966 
loss in 0.001: 0.0003641662386164509 
cracking 0.001
cracking 0.001
loss in 0.001: 0.0002779145559735077 
cracking 0.001
loss in 0.001: 0.0005169167902696883 
cracking 0.001
loss in 0.001: 0.00048627571976432853 
cracking 0.001
cracking 0.001
cracking 0.001
cracking 0.001
cracking 0.001
loss in 0.001: 0.0006834424123896792 
cracking 0.001
cracking 0.001
cracking 0.001
cracking 0.001
cracking 0.001
loss in 0.001: 0.00038289696567323894 
cracking 0.001
loss in 0.001: 0.0005194564888959284 
cracking 0.001
loss in 0.001: 0.0004594686451451962 
cracking 0.001
loss in 0.001: 0.00045888867183537923 
cracking 0.001
loss in 0.001: 0.0003501024906423026 
cracking 0.001
loss in 0.001: 0.00040825135077908947 
cracking 0.001
loss in 0.001: 0.00042877573610448043 
cracking 0.001
cracking 0.001
cracking 0.001
loss in 0.001: 0.00038456275385405673 
cracking 0.001
cracking 0.001
cracking 0.001
cracking 0.001
cracking 0.001
cracking 0.001
cracking 0.001
loss in 0.001: 0.00039472178430397106 
cracking 0.001
loss in 0.001: 0.0004209007051609084 
cracking 0.001
loss in 0.001: 0.00033677640244244905 
cracking 0.001
loss in 0.001: 0.0005200277822626213 
cracking 0.001
loss in 0.001: 0.0007051577221488884 
cracking 0.001
loss in 0.001: 0.0005122144671051809 
cracking 0.001
loss in 0.001: 0.000289520460951209 
cracking 0.001
cracking 0.001
loss in 0.001: 0.0004844638903059706 
cracking 0.001
cracking 0.001
cracking 0.001
cracking 0.001
cracking 0.001
cracking 0.001
cracking 0.001
cracking 0.001
loss in 0.001: 0.0006562707823635587 
cracking 0.001
loss in 0.001: 0.0003207828903316461 
cracking 0.001
loss in 0.001: 0.0003724009918317225 
cracking 0.001
loss in 0.001: 0.0002802915100637825 
cracking 0.001
loss in 0.001: 0.0005236148622025301 
cracking 0.001
loss in 0.001: 0.0006227234308164537 
cracking 0.001
loss in 0.001: 0.0004369181014539109 
cracking 0.001
loss in 0.001: 0.0006104522313828832 
cracking 0.001
cracking 0.001
cracking 0.001
cracking 0.001
cracking 0.001
cracking 0.001
cracking 0.001
cracking 0.001
cracking 0.001
loss in 0.001: 0.00026977537867748215 
cracking 0.001
loss in 0.001: 0.0005738155790220494 
cracking 0.001
loss in 0.001: 0.0004197198774314062 
cracking 0.001
loss in 0.001: 0.00035309310209124785 
cracking 0.001
loss in 0.001: 0.00046929592929581505 
cracking 0.001
loss in 0.001: 0.0002962935400485862 
cracking 0.001
loss in 0.001: 0.00029377414102339463 
cracking 0.001
loss in 0.001: 0.0004188083692080677 
cracking 0.001
cracking 0.001
cracking 0.001
cracking 0.001
cracking 0.001
cracking 0.001
cracking 0.001
cracking 0.001
cracking 0.001
loss in 0.001: 0.0005597984711791466 
cracking 0.001
loss in 0.001: 0.0003093750576814294 
loss in 0.001: 0.0005725524703121806 
loss in 0.001: 0.00030706717889745605 
loss in 0.001: 0.00047748828762528707 
loss in 0.001: 0.0002523565558619015 
loss in 0.001: 0.0005714457725635157 
cracking 0.001
loss in 0.001: 0.0006355261545824537 
loss in 0.001: 0.0004053216743211626 
cracking 0.001
cracking 0.001
loss in 0.001: 0.0005330983523206187 
cracking 0.001
cracking 0.001
loss in 0.001: 0.0003690429936916507 
cracking 0.001
cracking 0.001
loss in 0.001: 0.00048328835131303374 
Figures saved in /home/wesley/EDC/FPC/ML/results/0316_reverse_origin/plots
Number of tubes generalization takes 37.997840003172556 min 59.870400190353394 sec.
Starting prediction...
cracking 0.0
cracking 0.0
loss in 0.0: 0.004425646972896201 
cracking 0.000125
cracking 0.000125
loss in 0.000125: 0.0008649121301164469 
cracking 0.00025
cracking 0.00025
loss in 0.00025: 0.01297683010589272 
cracking 0.000375
cracking 0.000375
loss in 0.000375: 0.02173699378848804 
cracking 0.0005
cracking 0.0005
loss in 0.0005: 0.010625694161189912 
cracking 0.000625
cracking 0.000625
loss in 0.000625: 0.007038589162628559 
cracking 0.00075
cracking 0.00075
loss in 0.00075: 0.03897751547056384 
cracking 0.000875
cracking 0.000875
loss in 0.000875: 0.06902642935153333 
cracking 0.001
cracking 0.001
loss in 0.001: 0.12377242072319497 
cracking 0.001125
cracking 0.001125
loss in 0.001125: 0.13112283994357593 
cracking 0.00125
cracking 0.00125
loss in 0.00125: 0.13496628137206584 
cracking 0.001375
cracking 0.001375
loss in 0.001375: 0.12297585681387312 
cracking 0.0015
cracking 0.0015
loss in 0.0015: 0.11704384621275457 
cracking 0.001625
cracking 0.001625
loss in 0.001625: 0.10590711427554829 
cracking 0.00175
cracking 0.00175
loss in 0.00175: 0.09051787421577547 
cracking 0.001875
cracking 0.001875
loss in 0.001875: 0.07459845518982998 
cracking 0.002
cracking 0.002
loss in 0.002: 0.053366394561979516 
cracking 0.002125
cracking 0.002125
loss in 0.002125: 0.03154762159951047 
cracking 0.00225
cracking 0.00225
loss in 0.00225: 0.015209945005308687 
cracking 0.002375
cracking 0.002375
loss in 0.002375: 0.004224581648591052 
cracking 0.0025
cracking 0.0025
loss in 0.0025: 0.002460834150189163 
