training_data_FPC_V10_addtexas_aspenparams.csv
            Experiment name: 0531_FPC_modelV10_texas
            Training Data: training_data_FPC_V10_addtexas_aspenparams.csv
            Do k-fold: False
            Folds num: 10
            Learning rate: 0.001
            Batch size: 128
            Epoch: 1500
            CSTR num: 100
            Training vebose: 0
            # Genearalization test
            mass flow rates = True
            CCl4 = True
            inital pressure = True
            number of tubes = True
            T_in = True
            ncpus = 8
            training = False
            prediction only = False
                
Starting prediction...
{'Schirmeister': '../KM/2009_Schirmeister_EDC/chem_annotated_irreversible.cti', 'CANSPEN(C2H)': '../KM/2009_Schirmeister_EDC/test3.cti', 'CANSPEN(C)': '../KM/2009_Schirmeister_EDC/test.cti'}
cracking 0.001
cracking 0.001
cracking 0.001
prev_y: 0
prev_y: 0.005140334367752075
prev_y: 0.013132452964782715
prev_y: 0.024370700120925903
prev_y: 0.040670305490493774
prev_y: 0.07863432168960571
prev_y: 0.1258660852909088
prev_y: 0.1713046133518219
prev_y: 0.22764775156974792
prev_y: 0.28662583231925964
prev_y: 0.326704204082489
prev_y: 0.3593384623527527
prev_y: 0.3916112780570984
prev_y: 0.4253137707710266
prev_y: 0.45595836639404297
prev_y: 0.48610714077949524
prev_y: 0.5158901214599609
prev_y: 0.5442179441452026
ML cracking rates
{'cracking_rates': [0, 0.005140334367752075, 0.013132452964782715, 0.024370700120925903, 0.040670305490493774, 0.07863432168960571, 0.1258660852909088, 0.1713046133518219, 0.22764775156974792, 0.28662583231925964, 0.326704204082489, 0.3593384623527527, 0.3916112780570984, 0.4253137707710266, 0.45595836639404297, 0.48610714077949524, 0.5158901214599609, 0.5442179441452026, 0.5750971436500549]}
32382     0.498813
32383     1.239803
32384     2.316923
32385     4.044648
32386     7.952158
32387    12.175834
32388    16.656191
32389    22.041237
32390    28.088306
32391    32.065742
32392    34.977886
32393    37.851376
32394    41.073231
32395    43.990482
32396    46.828388
32397    49.592281
32398    52.285259
32399    55.213360
38053     1.830757
38054     3.527285
38057    15.755860
38058    21.066385
38059    27.050220
38060    31.089109
38061    34.089897
38062    37.032177
38063    40.296383
38064    43.252800
38065    46.121750
38066    48.908863
38067    51.619415
Name: X, dtype: float64
19
FPC
[0, 0.00498812705, 0.01239803314, 0.02316922665, 0.0404464817, 0.07952158450999999, 0.121758337, 0.16656190869999998, 0.2204123688, 0.2808830643, 0.3206574249, 0.349778862, 0.3785137558, 0.4107323074, 0.43990482329999997, 0.4682838821, 0.4959228134, 0.5228525925, 0.5521335983]
