training_data_FPC_V1_3m_5p_6t_21Clppm.csv
            Experiment name: 0320_FPC_lowparam_norm_rev
            Training Data: training_data_FPC_V1_3m_5p_6t_21Clppm.csv
            Do k-fold: False
            Folds num: 10
            Learning rate: 0.001
            Batch size: 18
            Epoch: 10000
            CSTR num: 100
            Training vebose: 0
            #Genearalization test
            mass flow rates = True
            CCl4 = True
            inital pressure = True
            number of tubes = True
            T_in = True
            ncpus = 8
            training = False
            prediction only = False
                
Loading data...
Starting prediction...
cracking 0.0
cracking 0.0
loss in 0.0: 0.33315442862076533 
0.0
11.4
36
[320, 348, 374.7, 399.3, 424, 451.3, 460.7, 466, 471.3, 476.7, 478.7, 479.3, 480, 481.3, 482.3, 483.3, 484.3, 485.3]
[348, 374.7, 399.3, 424, 451.3, 460.7, 466, 471.3, 476.7, 478.7, 479.3, 480, 481.3, 482.3, 483.3, 484.3, 485.3, 486.7]
26478     0.497704
26479     1.229408
26480     2.268288
26481     3.827408
26482     6.898010
26483    10.112396
26484    13.691635
26485    18.370972
26486    24.085365
26487    28.041382
26488    30.998161
26489    33.926323
26490    37.208454
26491    40.195084
26492    43.108845
26493    45.952354
26494    48.729759
26495    51.751019
32149     1.782867
32150     3.318359
32153    12.964798
32154    17.562393
32155    23.174606
32156    27.167198
32157    30.197556
32158    33.182869
32159    36.495010
32160    39.511810
32161    42.447353
32162    45.306843
32163    48.094376
Name: X, dtype: float64
19
cracking 0.000125
cracking 0.000125
loss in 0.000125: 0.32939849187129405 
125.0
11.4
36
[320, 348, 374.7, 399.3, 424, 451.3, 460.7, 466, 471.3, 476.7, 478.7, 479.3, 480, 481.3, 482.3, 483.3, 484.3, 485.3]
[348, 374.7, 399.3, 424, 451.3, 460.7, 466, 471.3, 476.7, 478.7, 479.3, 480, 481.3, 482.3, 483.3, 484.3, 485.3, 486.7]
26568     0.497712
26569     1.231424
26570     2.276812
26571     3.865435
26572     7.063002
26573    10.427756
26574    14.153465
26575    18.960318
26576    24.731989
26577    28.686625
26578    31.631321
26579    34.546738
26580    37.814365
26581    40.786175
26582    43.684666
26583    46.512688
26584    49.274521
26585    52.279102
32239     1.791781
32240     3.354355
32243    13.402005
32244    18.125427
32245    23.801086
32246    27.796307
32247    30.817421
32248    33.791451
32249    37.091084
32250    40.094387
32251    43.016026
32252    45.861202
32253    48.634285
Name: X, dtype: float64
19
cracking 0.00025
cracking 0.00025
loss in 0.00025: 0.32547911509644706 
250.0
11.4
36
[320, 348, 374.7, 399.3, 424, 451.3, 460.7, 466, 471.3, 476.7, 478.7, 479.3, 480, 481.3, 482.3, 483.3, 484.3, 485.3]
[348, 374.7, 399.3, 424, 451.3, 460.7, 466, 471.3, 476.7, 478.7, 479.3, 480, 481.3, 482.3, 483.3, 484.3, 485.3, 486.7]
26658     0.497324
26659     1.233821
26660     2.284110
26661     3.897428
26662     7.213496
26663    10.719781
26664    14.579770
26665    19.498571
26666    25.321056
26667    29.276588
26668    32.212658
26669    35.117374
26670    38.374142
26671    41.333759
26672    44.219212
26673    47.034397
26674    49.782566
26675    52.772251
32329     1.799224
32330     3.385680
32333    13.803919
32334    18.639080
32335    24.371235
32336    28.371227
32337    31.385782
32338    34.351223
32339    37.641472
32340    40.633846
32341    43.544170
32342    46.377377
32343    49.138020
Name: X, dtype: float64
19
cracking 0.000375
cracking 0.000375
loss in 0.000375: 0.3221895918226964 
375.0
11.4
36
[320, 348, 374.7, 399.3, 424, 451.3, 460.7, 466, 471.3, 476.7, 478.7, 479.3, 480, 481.3, 482.3, 483.3, 484.3, 485.3]
[348, 374.7, 399.3, 424, 451.3, 460.7, 466, 471.3, 476.7, 478.7, 479.3, 480, 481.3, 482.3, 483.3, 484.3, 485.3, 486.7]
26748     0.497959
26749     1.234136
26750     2.291242
26751     3.926231
26752     7.352893
26753    10.993503
26754    14.977059
26755    19.994925
26756    25.863298
26757    29.821127
26758    32.750385
26759    35.646942
26760    38.894470
26761    41.844242
26762    44.719028
26763    47.522583
26764    50.259064
26765    53.236065
32419     1.805609
32420     3.413756
32423    14.178039
32424    19.112675
32425    24.896040
32426    28.901577
32427    31.911465
32428    34.870316
32429    38.153213
32430    41.137112
32431    44.037708
32432    46.860699
32433    49.610287
Name: X, dtype: float64
19
cracking 0.0005
cracking 0.0005
loss in 0.0005: 0.3193204409814295 
500.0
11.4
36
[320, 348, 374.7, 399.3, 424, 451.3, 460.7, 466, 471.3, 476.7, 478.7, 479.3, 480, 481.3, 482.3, 483.3, 484.3, 485.3]
[348, 374.7, 399.3, 424, 451.3, 460.7, 466, 471.3, 476.7, 478.7, 479.3, 480, 481.3, 482.3, 483.3, 484.3, 485.3, 486.7]
26838     0.498113
26839     1.235954
26840     2.297207
26841     3.953110
26842     7.484279
26843    11.252100
26844    15.349943
26845    20.456347
26846    26.366421
26847    30.327156
26848    33.251232
26849    36.141357
26850    39.381512
26851    42.322605
26852    45.188129
26853    47.982216
26854    50.707859
26855    53.673317
32509     1.811590
32510     3.439524
32513    14.528525
32514    19.552887
32515    25.383110
32516    29.394867
32517    32.401306
32518    35.354992
32519    38.632351
32520    41.608730
32521    44.501225
32522    47.315231
32523    50.055401
Name: X, dtype: float64
19
cracking 0.000625
cracking 0.000625
loss in 0.000625: 0.3166711788931097 
625.0
11.4
36
[320, 348, 374.7, 399.3, 424, 451.3, 460.7, 466, 471.3, 476.7, 478.7, 479.3, 480, 481.3, 482.3, 483.3, 484.3, 485.3]
[348, 374.7, 399.3, 424, 451.3, 460.7, 466, 471.3, 476.7, 478.7, 479.3, 480, 481.3, 482.3, 483.3, 484.3, 485.3, 486.7]
26928     0.498351
26929     1.237094
26930     2.302388
26931     3.978163
26932     7.608942
26933    11.497992
26934    15.701776
26935    20.887894
26936    26.836351
26937    30.800720
26938    33.720634
26939    36.605366
26940    39.839672
26941    42.773579
26942    45.631107
26943    48.416050
26944    51.132774
26945    54.087479
32599     1.816763
32600     3.463514
32603    14.859254
32604    19.964998
32605    25.838146
32606    29.856266
32607    32.860233
32608    35.810043
32609    39.083012
32610    42.053207
32611    44.938690
32612    47.744797
32613    50.476364
Name: X, dtype: float64
19
cracking 0.00075
cracking 0.00075
loss in 0.00075: 0.3140964728441794 
750.0
11.4
36
[320, 348, 374.7, 399.3, 424, 451.3, 460.7, 466, 471.3, 476.7, 478.7, 479.3, 480, 481.3, 482.3, 483.3, 484.3, 485.3]
[348, 374.7, 399.3, 424, 451.3, 460.7, 466, 471.3, 476.7, 478.7, 479.3, 480, 481.3, 482.3, 483.3, 484.3, 485.3, 486.7]
27018     0.498306
27019     1.237821
27020     2.307509
27021     4.001185
27022     7.728078
27023    11.732883
27024    16.035448
27025    21.293848
27026    27.277630
27027    31.246105
27028    34.162926
27029    37.043056
27030    40.272507
27031    43.200150
27032    46.050194
27033    48.827644
27034    51.535782
27035    54.480869
32689     1.821671
32690     3.485975
32693    15.172733
32694    20.352575
32695    26.265335
32696    30.290287
32697    33.292751
32698    36.239361
32699    39.508530
32700    42.473503
32701    45.352737
32702    48.151924
32703    50.876019
Name: X, dtype: float64
19
cracking 0.000875
cracking 0.000875
loss in 0.000875: 0.31150131696602174 
875.0
11.4
36
[320, 348, 374.7, 399.3, 424, 451.3, 460.7, 466, 471.3, 476.7, 478.7, 479.3, 480, 481.3, 482.3, 483.3, 484.3, 485.3]
[348, 374.7, 399.3, 424, 451.3, 460.7, 466, 471.3, 476.7, 478.7, 479.3, 480, 481.3, 482.3, 483.3, 484.3, 485.3, 486.7]
27108     0.498483
27109     1.238816
27110     2.312204
27111     4.023319
27112     7.842075
27113    11.958592
27114    16.352835
27115    21.677418
27116    27.694012
27117    31.666857
27118    34.580860
27119    37.457382
27120    40.682819
27121    43.604839
27122    46.448620
27123    49.218868
27124    51.919296
27125    54.855370
32779     1.826351
32780     3.507136
32783    15.471020
32784    20.718884
32785    26.668325
32786    30.700342
32787    33.701603
32788    36.645866
32789    39.912083
32790    42.872726
32791    45.746429
32792    48.539345
32793    51.256336
Name: X, dtype: float64
19
cracking 0.001
cracking 0.001
loss in 0.001: 0.3091030972377899 
1000.0
11.4
36
[320, 348, 374.7, 399.3, 424, 451.3, 460.7, 466, 471.3, 476.7, 478.7, 479.3, 480, 481.3, 482.3, 483.3, 484.3, 485.3]
[348, 374.7, 399.3, 424, 451.3, 460.7, 466, 471.3, 476.7, 478.7, 479.3, 480, 481.3, 482.3, 483.3, 484.3, 485.3, 486.7]
27198     0.498813
27199     1.239803
27200     2.316923
27201     4.044648
27202     7.952158
27203    12.175834
27204    16.656191
27205    22.041237
27206    28.088306
27207    32.065742
27208    34.977886
27209    37.851376
27210    41.073231
27211    43.990482
27212    46.828388
27213    49.592281
27214    52.285259
27215    55.213360
32869     1.830757
32870     3.527285
32873    15.755860
32874    21.066385
32875    27.050220
32876    31.089109
32877    34.089897
32878    37.032177
32879    40.296383
32880    43.252800
32881    46.121750
32882    48.908863
32883    51.619415
Name: X, dtype: float64
19
cracking 0.001125
cracking 0.001125
loss in 0.001125: 0.3068591735861816 
1125.0
11.4
36
[320, 348, 374.7, 399.3, 424, 451.3, 460.7, 466, 471.3, 476.7, 478.7, 479.3, 480, 481.3, 482.3, 483.3, 484.3, 485.3]
[348, 374.7, 399.3, 424, 451.3, 460.7, 466, 471.3, 476.7, 478.7, 479.3, 480, 481.3, 482.3, 483.3, 484.3, 485.3, 486.7]
27288     0.498806
27289     1.240455
27290     2.321467
27291     4.064868
27292     8.058780
27293    12.385159
27294    16.946312
27295    22.387173
27296    28.463161
27297    32.445339
27298    35.355835
27299    38.226490
27300    41.445553
27301    44.358414
27302    47.191380
27303    49.948856
27304    52.635612
27305    55.555916
32959     1.834859
32960     3.546723
32963    16.028448
32964    21.397045
32965    27.413481
32966    31.459139
32967    34.459557
32968    37.400333
32969    40.662617
32970    43.615788
32971    46.480175
32972    49.262093
32973    51.966457
Name: X, dtype: float64
19
cracking 0.00125
cracking 0.00125
loss in 0.00125: 0.3047286509679803 
1250.0
11.4
36
[320, 348, 374.7, 399.3, 424, 451.3, 460.7, 466, 471.3, 476.7, 478.7, 479.3, 480, 481.3, 482.3, 483.3, 484.3, 485.3]
[348, 374.7, 399.3, 424, 451.3, 460.7, 466, 471.3, 476.7, 478.7, 479.3, 480, 481.3, 482.3, 483.3, 484.3, 485.3, 486.7]
27378     0.498792
27379     1.241657
27380     2.325432
27381     4.084191
27382     8.161913
27383    12.587985
27384    17.225023
27385    22.717484
27386    28.820747
27387    32.807388
27388    35.716751
27389    38.585361
27390    41.801968
27391    44.710770
27392    47.538868
27393    50.290920
27394    52.971191
27395    55.884403
33049     1.839007
33050     3.565339
33053    16.290146
33054    21.712780
33055    27.759844
33056    31.812225
33057    34.812717
33058    37.752224
33059    41.012989
33060    43.963047
33061    46.823574
33062    49.600796
33063    52.299515
Name: X, dtype: float64
19
cracking 0.001375
cracking 0.001375
loss in 0.001375: 0.3026925677816249 
1375.0
11.4
36
[320, 348, 374.7, 399.3, 424, 451.3, 460.7, 466, 471.3, 476.7, 478.7, 479.3, 480, 481.3, 482.3, 483.3, 484.3, 485.3]
[348, 374.7, 399.3, 424, 451.3, 460.7, 466, 471.3, 476.7, 478.7, 479.3, 480, 481.3, 482.3, 483.3, 484.3, 485.3, 486.7]
27468     0.499130
27469     1.242294
27470     2.329375
27471     4.102710
27472     8.262223
27473    12.784608
27474    17.492857
27475    23.033594
27476    29.162376
27477    33.153950
27478    36.062122
27479    38.928764
27480    42.143005
27481    45.048595
27482    47.872356
27483    50.619282
27484    53.293682
27485    56.200195
33139     1.842797
33140     3.583212
33143    16.541994
33144    22.014830
33145    28.091009
33146    32.149906
33147    35.150642
33148    38.089329
33149    41.349045
33150    44.296440
33151    47.153084
33152    49.925911
33153    52.619450
Name: X, dtype: float64
19
cracking 0.0015
cracking 0.0015
loss in 0.0015: 0.3008001574528488 
1500.0
11.4
36
[320, 348, 374.7, 399.3, 424, 451.3, 460.7, 466, 471.3, 476.7, 478.7, 479.3, 480, 481.3, 482.3, 483.3, 484.3, 485.3]
[348, 374.7, 399.3, 424, 451.3, 460.7, 466, 471.3, 476.7, 478.7, 479.3, 480, 481.3, 482.3, 483.3, 484.3, 485.3, 486.7]
27558     0.499139
27559     1.242869
27560     2.333380
27561     4.120873
27562     8.360081
27563    12.975225
27564    17.751226
27565    23.336393
27566    29.489649
27567    33.486023
27568    36.393536
27569    39.258514
27570    42.471111
27571    45.373173
27572    48.192970
27573    50.935009
27574    53.603817
27575    56.504044
33229     1.846481
33230     3.600531
33233    16.784559
33234    22.304787
33235    28.408407
33236    32.473656
33237    35.474762
33238    38.412853
33239    41.671841
33240    44.616634
33241    47.470203
33242    50.238518
33243    52.927433
Name: X, dtype: float64
19
cracking 0.001625
cracking 0.001625
loss in 0.001625: 0.2989117278253684 
1625.0
11.4
36
[320, 348, 374.7, 399.3, 424, 451.3, 460.7, 466, 471.3, 476.7, 478.7, 479.3, 480, 481.3, 482.3, 483.3, 484.3, 485.3]
[348, 374.7, 399.3, 424, 451.3, 460.7, 466, 471.3, 476.7, 478.7, 479.3, 480, 481.3, 482.3, 483.3, 484.3, 485.3, 486.7]
27648     0.499377
27649     1.243644
27650     2.337134
27651     4.138256
27652     8.455359
27653    13.160370
27654    18.000189
27655    23.627605
27656    29.804001
27657    33.805107
27658    36.712116
27659    39.575661
27660    42.786591
27661    45.685932
27662    48.501648
27663    51.239361
27664    53.902992
27665    56.796894
33319     1.850121
33320     3.617290
33323    17.018713
33324    22.583176
33325    28.713032
33326    32.784988
33327    35.786491
33328    38.723957
33329    41.982185
33330    44.925083
33331    47.775272
33332    50.539951
33333    53.223858
Name: X, dtype: float64
19
cracking 0.00175
cracking 0.00175
loss in 0.00175: 0.2970211520951009 
1750.0
11.4
36
[320, 348, 374.7, 399.3, 424, 451.3, 460.7, 466, 471.3, 476.7, 478.7, 479.3, 480, 481.3, 482.3, 483.3, 484.3, 485.3]
[348, 374.7, 399.3, 424, 451.3, 460.7, 466, 471.3, 476.7, 478.7, 479.3, 480, 481.3, 482.3, 483.3, 484.3, 485.3, 486.7]
27738     0.499310
27739     1.244487
27740     2.340537
27741     4.155267
27742     8.548545
27743    13.340791
27744    18.241076
27745    23.907776
27746    30.106421
27747    34.112240
27748    37.018814
27749    39.881271
27750    43.090607
27751    45.987064
27752    48.799603
27753    51.532906
27754    54.191689
27755    57.079674
33409     1.853524
33410     3.633579
33413    17.245108
33414    22.851416
33415    29.006245
33416    33.084694
33417    36.086853
33418    39.023895
33419    42.281548
33420    45.222336
33421    48.069786
33422    50.830738
33423    53.510319
Name: X, dtype: float64
19
cracking 0.001875
cracking 0.001875
loss in 0.001875: 0.2951842941217479 
1875.0
11.4
36
[320, 348, 374.7, 399.3, 424, 451.3, 460.7, 466, 471.3, 476.7, 478.7, 479.3, 480, 481.3, 482.3, 483.3, 484.3, 485.3]
[348, 374.7, 399.3, 424, 451.3, 460.7, 466, 471.3, 476.7, 478.7, 479.3, 480, 481.3, 482.3, 483.3, 484.3, 485.3, 486.7]
27828     0.499418
27829     1.244979
27830     2.344300
27831     4.172091
27832     8.639688
27833    13.516667
27834    18.474304
27835    24.178112
27836    30.398079
27837    34.408367
27838    37.314823
27839    40.176170
27840    43.384380
27841    46.278286
27842    49.087181
27843    51.816452
27844    54.470478
27845    57.352962
33499     1.605442
33500     3.076194
33503    15.961642
33504    21.383696
33505    27.361870
33506    32.348736
33507    35.639183
33508    38.517487
33509    41.348675
33510    44.521023
33511    47.381065
33512    50.155666
33513    52.850117
Name: X, dtype: float64
19
cracking 0.002
cracking 0.002
loss in 0.002: 0.29343875219420196 
2000.0
11.4
36
[320, 348, 374.7, 399.3, 424, 451.3, 460.7, 466, 471.3, 476.7, 478.7, 479.3, 480, 481.3, 482.3, 483.3, 484.3, 485.3]
[348, 374.7, 399.3, 424, 451.3, 460.7, 466, 471.3, 476.7, 478.7, 479.3, 480, 481.3, 482.3, 483.3, 484.3, 485.3, 486.7]
27918     0.499412
27919     1.245762
27920     2.347445
27921     4.188255
27922     8.728815
27923    13.687952
27924    18.700068
27925    24.439123
27926    30.679510
27927    34.694435
27928    37.600491
27929    40.460804
27930    43.667927
27931    46.559799
27932    49.365421
27933    52.090912
27934    54.740131
27935    57.617470
33589     1.860158
33590     3.664755
33593    17.676842
33594    23.360252
33595    29.561779
33596    33.652786
33597    36.656273
33598    39.593021
33599    42.850040
33600    45.787148
33601    48.629028
33602    51.383518
33603    54.054874
Name: X, dtype: float64
19
cracking 0.002125
cracking 0.002125
loss in 0.002125: 0.2917167181794616 
2125.0
11.4
36
[320, 348, 374.7, 399.3, 424, 451.3, 460.7, 466, 471.3, 476.7, 478.7, 479.3, 480, 481.3, 482.3, 483.3, 484.3, 485.3]
[348, 374.7, 399.3, 424, 451.3, 460.7, 466, 471.3, 476.7, 478.7, 479.3, 480, 481.3, 482.3, 483.3, 484.3, 485.3, 486.7]
28008     0.499796
28009     1.246553
28010     2.350928
28011     4.203910
28012     8.816319
28013    13.855179
28014    18.919239
28015    24.691643
28016    30.951597
28017    34.971161
28018    37.876976
28019    40.736610
28020    43.942509
28021    46.831871
28022    49.634819
28023    52.356533
28024    55.001797
28025    57.873718
33679     1.863388
33680     3.679901
33683    17.883123
33684    23.602201
33685    29.825890
33686    33.922722
33687    36.927124
33688    39.863640
33689    43.120548
33690    46.055988
33691    48.895874
33692    51.646793
33693    54.314255
Name: X, dtype: float64
19
cracking 0.00225
cracking 0.00225
loss in 0.00225: 0.29002822852611326 
2250.0
11.4
36
[320, 348, 374.7, 399.3, 424, 451.3, 460.7, 466, 471.3, 476.7, 478.7, 479.3, 480, 481.3, 482.3, 483.3, 484.3, 485.3]
[348, 374.7, 399.3, 424, 451.3, 460.7, 466, 471.3, 476.7, 478.7, 479.3, 480, 481.3, 482.3, 483.3, 484.3, 485.3, 486.7]
28098     0.499728
28099     1.246962
28100     2.354098
28101     4.219302
28102     8.902332
28103    14.018641
28104    19.131992
28105    24.936029
28106    31.215012
28107    35.238911
28108    38.144753
28109    41.003513
28110    44.208832
28111    47.096035
28112    49.895775
28113    52.614136
28114    55.255123
28115    58.122231
33769     1.866436
33770     3.694493
33773    18.083467
33774    23.836477
33775    30.081333
33776    34.183559
33777    37.189224
33778    40.126019
33779    43.382729
33780    46.316837
33781    49.154461
33782    51.902061
33783    54.565968
Name: X, dtype: float64
19
cracking 0.002375
cracking 0.002375
loss in 0.002375: 0.28835960057445154 
2375.0
11.4
36
[320, 348, 374.7, 399.3, 424, 451.3, 460.7, 466, 471.3, 476.7, 478.7, 479.3, 480, 481.3, 482.3, 483.3, 484.3, 485.3]
[348, 374.7, 399.3, 424, 451.3, 460.7, 466, 471.3, 476.7, 478.7, 479.3, 480, 481.3, 482.3, 483.3, 484.3, 485.3, 486.7]
28188     0.576955
28189     1.413162
28190     2.688055
28191     4.970048
28192    10.363863
28193    15.047801
28194    20.884195
28195    26.862352
28196    32.056023
28197    36.064770
28198    38.956394
28199    41.799206
28200    44.985680
28201    47.853920
28202    50.634083
28203    53.331944
28204    55.951988
28205    58.720863
33859     1.869499
33860     3.708882
33863    18.278259
33864    24.063835
33865    30.329296
33866    34.437183
33867    37.443447
33868    40.380249
33869    43.637062
33870    46.569756
33871    49.405121
33872    52.150032
33873    54.810436
Name: X, dtype: float64
19
cracking 0.0025
cracking 0.0025
loss in 0.0025: 0.2867137240037063 
2500.0
11.4
36
[320, 348, 374.7, 399.3, 424, 451.3, 460.7, 466, 471.3, 476.7, 478.7, 479.3, 480, 481.3, 482.3, 483.3, 484.3, 485.3]
[348, 374.7, 399.3, 424, 451.3, 460.7, 466, 471.3, 476.7, 478.7, 479.3, 480, 481.3, 482.3, 483.3, 484.3, 485.3, 486.7]
28278     0.657726
28279     1.614112
28280     3.118254
28281     6.047942
28282    11.710367
28283    16.905170
28284    22.524183
28285    28.623331
28286    33.662251
28287    36.961922
28288    39.839390
28289    42.667023
28290    45.834835
28291    48.683876
28292    51.444416
28293    54.121067
28294    56.718952
28295    59.315960
33949     1.872448
33950     3.723007
33953    18.468006
33954    24.284489
33955    30.569611
33956    34.683289
33957    37.690475
33958    40.627388
33959    43.884159
33960    46.815559
33961    49.648800
33962    52.390900
33963    55.047878
Name: X, dtype: float64
19
['/home/wesley/EDC/FPC/ML/results/0320_FPC_lowparam_norm_rev/plots/predict/20_320_11.4_36_org/CCl4_0.000000_mass_36_temp_320_20_320_11.4_36_org.png', '/home/wesley/EDC/FPC/ML/results/0320_FPC_lowparam_norm_rev/plots/predict/20_320_11.4_36_org/CCl4_125.000000_mass_36_temp_320_20_320_11.4_36_org.png', '/home/wesley/EDC/FPC/ML/results/0320_FPC_lowparam_norm_rev/plots/predict/20_320_11.4_36_org/CCl4_250.000000_mass_36_temp_320_20_320_11.4_36_org.png', '/home/wesley/EDC/FPC/ML/results/0320_FPC_lowparam_norm_rev/plots/predict/20_320_11.4_36_org/CCl4_375.000000_mass_36_temp_320_20_320_11.4_36_org.png', '/home/wesley/EDC/FPC/ML/results/0320_FPC_lowparam_norm_rev/plots/predict/20_320_11.4_36_org/CCl4_500.000000_mass_36_temp_320_20_320_11.4_36_org.png', '/home/wesley/EDC/FPC/ML/results/0320_FPC_lowparam_norm_rev/plots/predict/20_320_11.4_36_org/CCl4_625.000000_mass_36_temp_320_20_320_11.4_36_org.png', '/home/wesley/EDC/FPC/ML/results/0320_FPC_lowparam_norm_rev/plots/predict/20_320_11.4_36_org/CCl4_750.000000_mass_36_temp_320_20_320_11.4_36_org.png', '/home/wesley/EDC/FPC/ML/results/0320_FPC_lowparam_norm_rev/plots/predict/20_320_11.4_36_org/CCl4_875.000000_mass_36_temp_320_20_320_11.4_36_org.png', '/home/wesley/EDC/FPC/ML/results/0320_FPC_lowparam_norm_rev/plots/predict/20_320_11.4_36_org/CCl4_1000.000000_mass_36_temp_320_20_320_11.4_36_org.png', '/home/wesley/EDC/FPC/ML/results/0320_FPC_lowparam_norm_rev/plots/predict/20_320_11.4_36_org/CCl4_1125.000000_mass_36_temp_320_20_320_11.4_36_org.png', '/home/wesley/EDC/FPC/ML/results/0320_FPC_lowparam_norm_rev/plots/predict/20_320_11.4_36_org/CCl4_1250.000000_mass_36_temp_320_20_320_11.4_36_org.png', '/home/wesley/EDC/FPC/ML/results/0320_FPC_lowparam_norm_rev/plots/predict/20_320_11.4_36_org/CCl4_1375.000000_mass_36_temp_320_20_320_11.4_36_org.png', '/home/wesley/EDC/FPC/ML/results/0320_FPC_lowparam_norm_rev/plots/predict/20_320_11.4_36_org/CCl4_1500.000000_mass_36_temp_320_20_320_11.4_36_org.png', '/home/wesley/EDC/FPC/ML/results/0320_FPC_lowparam_norm_rev/plots/predict/20_320_11.4_36_org/CCl4_1625.000000_mass_36_temp_320_20_320_11.4_36_org.png', '/home/wesley/EDC/FPC/ML/results/0320_FPC_lowparam_norm_rev/plots/predict/20_320_11.4_36_org/CCl4_1750.000000_mass_36_temp_320_20_320_11.4_36_org.png', '/home/wesley/EDC/FPC/ML/results/0320_FPC_lowparam_norm_rev/plots/predict/20_320_11.4_36_org/CCl4_1875.000000_mass_36_temp_320_20_320_11.4_36_org.png', '/home/wesley/EDC/FPC/ML/results/0320_FPC_lowparam_norm_rev/plots/predict/20_320_11.4_36_org/CCl4_2000.000000_mass_36_temp_320_20_320_11.4_36_org.png', '/home/wesley/EDC/FPC/ML/results/0320_FPC_lowparam_norm_rev/plots/predict/20_320_11.4_36_org/CCl4_2125.000000_mass_36_temp_320_20_320_11.4_36_org.png', '/home/wesley/EDC/FPC/ML/results/0320_FPC_lowparam_norm_rev/plots/predict/20_320_11.4_36_org/CCl4_2250.000000_mass_36_temp_320_20_320_11.4_36_org.png', '/home/wesley/EDC/FPC/ML/results/0320_FPC_lowparam_norm_rev/plots/predict/20_320_11.4_36_org/CCl4_2375.000000_mass_36_temp_320_20_320_11.4_36_org.png', '/home/wesley/EDC/FPC/ML/results/0320_FPC_lowparam_norm_rev/plots/predict/20_320_11.4_36_org/CCl4_2500.000000_mass_36_temp_320_20_320_11.4_36_org.png']
