            Experiment name: 0123_correction_smalldata
            Training Data: training_data_correction_10_10_10_5.csv
            Do k-fold: False
            Folds num: 10
            Learning rate: 0.001
            Batch size: 90
            Epoch: 20000
            CSTR num: 100
            Training vebose: 0
            #Genearalization test
            mass flow rates = True
            CCl4 = True
            inital pressure = True
            number of tubes = True
            ncpus = 8
                
Loading data...
Training takes 1.1920928955078126e-08 min 7.152557373046875e-07 sec.
Generalization test...
Case1: Mass flow rate...
Error in 45.0 mass flow rate is 0.017940 
Error in 45.37373737373738 mass flow rate is 0.017368 
Error in 45.74747474747475 mass flow rate is 0.016810 
Error in 46.121212121212125 mass flow rate is 0.016258 
Error in 46.494949494949495 mass flow rate is 0.015712 
Error in 46.86868686868687 mass flow rate is 0.015158 
Error in 47.24242424242424 mass flow rate is 0.014829 
Error in 47.61616161616162 mass flow rate is 0.014673 
Error in 47.98989898989899 mass flow rate is 0.014299 
Error in 48.36363636363637 mass flow rate is 0.013753 
Error in 48.73737373737374 mass flow rate is 0.013211 
Error in 49.111111111111114 mass flow rate is 0.012670 
Error in 49.484848484848484 mass flow rate is 0.012150 
Error in 49.85858585858586 mass flow rate is 0.011644 
Error in 50.23232323232323 mass flow rate is 0.011146 
Error in 50.60606060606061 mass flow rate is 0.010653 
Error in 50.97979797979798 mass flow rate is 0.010216 
Error in 51.35353535353536 mass flow rate is 0.009868 
Error in 51.72727272727273 mass flow rate is 0.009535 
Error in 52.101010101010104 mass flow rate is 0.009208 
Error in 52.474747474747474 mass flow rate is 0.008899 
Error in 52.84848484848485 mass flow rate is 0.008518 
Error in 53.22222222222222 mass flow rate is 0.008161 
Error in 53.5959595959596 mass flow rate is 0.007861 
Error in 53.96969696969697 mass flow rate is 0.007594 
Error in 54.343434343434346 mass flow rate is 0.007328 
Error in 54.717171717171716 mass flow rate is 0.007081 
Error in 55.09090909090909 mass flow rate is 0.006990 
Error in 55.464646464646464 mass flow rate is 0.006909 
Error in 55.83838383838384 mass flow rate is 0.006662 
Error in 56.21212121212121 mass flow rate is 0.006411 
Error in 56.58585858585859 mass flow rate is 0.006168 
Error in 56.95959595959596 mass flow rate is 0.005927 
Error in 57.333333333333336 mass flow rate is 0.005705 
Error in 57.707070707070706 mass flow rate is 0.005555 
Error in 58.08080808080808 mass flow rate is 0.005440 
Error in 58.45454545454545 mass flow rate is 0.005331 
Error in 58.82828282828283 mass flow rate is 0.005212 
Error in 59.2020202020202 mass flow rate is 0.005091 
Error in 59.57575757575758 mass flow rate is 0.004978 
Error in 59.94949494949495 mass flow rate is 0.004888 
Error in 60.323232323232325 mass flow rate is 0.004818 
Error in 60.696969696969695 mass flow rate is 0.004753 
Error in 61.07070707070707 mass flow rate is 0.004670 
Error in 61.44444444444444 mass flow rate is 0.004572 
Error in 61.81818181818182 mass flow rate is 0.004467 
Error in 62.1919191919192 mass flow rate is 0.004363 
Error in 62.56565656565657 mass flow rate is 0.004267 
Error in 62.93939393939394 mass flow rate is 0.004167 
Error in 63.313131313131315 mass flow rate is 0.004064 
Error in 63.68686868686869 mass flow rate is 0.003971 
Error in 64.06060606060606 mass flow rate is 0.003883 
Error in 64.43434343434343 mass flow rate is 0.003797 
Error in 64.8080808080808 mass flow rate is 0.003735 
Error in 65.18181818181819 mass flow rate is 0.003674 
Error in 65.55555555555556 mass flow rate is 0.003613 
Error in 65.92929292929293 mass flow rate is 0.003545 
Error in 66.30303030303031 mass flow rate is 0.003460 
Error in 66.67676767676768 mass flow rate is 0.003342 
Error in 67.05050505050505 mass flow rate is 0.003235 
Error in 67.42424242424242 mass flow rate is 0.003130 
Error in 67.79797979797979 mass flow rate is 0.003026 
Error in 68.17171717171718 mass flow rate is 0.002924 
Error in 68.54545454545455 mass flow rate is 0.002820 
Error in 68.91919191919192 mass flow rate is 0.002717 
Error in 69.2929292929293 mass flow rate is 0.002622 
Error in 69.66666666666667 mass flow rate is 0.002657 
Error in 70.04040404040404 mass flow rate is 0.002730 
Error in 70.41414141414141 mass flow rate is 0.002802 
Error in 70.78787878787878 mass flow rate is 0.002872 
Error in 71.16161616161617 mass flow rate is 0.002919 
Error in 71.53535353535354 mass flow rate is 0.002953 
Error in 71.9090909090909 mass flow rate is 0.002987 
Error in 72.28282828282829 mass flow rate is 0.003011 
Error in 72.65656565656566 mass flow rate is 0.003043 
Error in 73.03030303030303 mass flow rate is 0.003075 
Error in 73.4040404040404 mass flow rate is 0.003107 
Error in 73.77777777777777 mass flow rate is 0.003147 
Error in 74.15151515151516 mass flow rate is 0.003186 
Error in 74.52525252525253 mass flow rate is 0.003180 
Error in 74.8989898989899 mass flow rate is 0.003152 
Error in 75.27272727272728 mass flow rate is 0.003127 
Error in 75.64646464646465 mass flow rate is 0.003105 
Error in 76.02020202020202 mass flow rate is 0.003102 
Error in 76.39393939393939 mass flow rate is 0.003129 
Error in 76.76767676767676 mass flow rate is 0.003134 
Error in 77.14141414141415 mass flow rate is 0.003120 
Error in 77.51515151515152 mass flow rate is 0.003106 
Error in 77.88888888888889 mass flow rate is 0.003091 
Error in 78.26262626262627 mass flow rate is 0.003081 
Error in 78.63636363636364 mass flow rate is 0.003048 
Error in 79.01010101010101 mass flow rate is 0.003030 
Error in 79.3838383838384 mass flow rate is 0.003011 
Error in 79.75757575757575 mass flow rate is 0.002993 
Error in 80.13131313131314 mass flow rate is 0.002973 
Error in 80.5050505050505 mass flow rate is 0.002928 
Error in 80.87878787878788 mass flow rate is 0.002873 
Error in 81.25252525252526 mass flow rate is 0.002817 
Error in 81.62626262626263 mass flow rate is 0.002761 
Error in 82.0 mass flow rate is 0.002706 
Mass flow rate generalization takes 4.256318513552348 min 15.37911081314087 sec.
Case2: CCl4 concentration...
Error in concentration in 0.0ppm is 0.003184 
Error in concentration in 50.505050505050505ppm is 0.025653 
Error in concentration in 101.01010101010101ppm is 0.048774 
Error in concentration in 151.5151515151515ppm is 0.043944 
Error in concentration in 202.02020202020202ppm is 0.023186 
Error in concentration in 252.5252525252525ppm is 0.012494 
Error in concentration in 303.030303030303ppm is 0.003896 
Error in concentration in 353.5353535353535ppm is 0.008633 
Error in concentration in 404.04040404040404ppm is 0.012007 
Error in concentration in 454.54545454545456ppm is 0.013183 
Error in concentration in 505.050505050505ppm is 0.008689 
Error in concentration in 555.5555555555555ppm is 0.008171 
Error in concentration in 606.060606060606ppm is 0.004289 
Error in concentration in 656.5656565656566ppm is 0.003301 
Error in concentration in 707.070707070707ppm is 0.004005 
Error in concentration in 757.5757575757576ppm is 0.004149 
Error in concentration in 808.0808080808081ppm is 0.004341 
Error in concentration in 858.5858585858585ppm is 0.003672 
Error in concentration in 909.0909090909091ppm is 0.003441 
Error in concentration in 959.5959595959596ppm is 0.003238 
Error in concentration in 1010.10101010101ppm is 0.002871 
Error in concentration in 1060.6060606060605ppm is 0.002058 
Error in concentration in 1111.111111111111ppm is 0.001807 
Error in concentration in 1161.6161616161617ppm is 0.001948 
Error in concentration in 1212.121212121212ppm is 0.001825 
Error in concentration in 1262.6262626262626ppm is 0.001642 
Error in concentration in 1313.1313131313132ppm is 0.002932 
Error in concentration in 1363.6363636363637ppm is 0.002771 
Error in concentration in 1414.141414141414ppm is 0.002653 
Error in concentration in 1464.6464646464644ppm is 0.002460 
Error in concentration in 1515.1515151515152ppm is 0.002356 
Error in concentration in 1565.6565656565658ppm is 0.002350 
Error in concentration in 1616.1616161616162ppm is 0.002011 
Error in concentration in 1666.6666666666665ppm is 0.001657 
Error in concentration in 1717.171717171717ppm is 0.001685 
Error in concentration in 1767.676767676768ppm is 0.001934 
Error in concentration in 1818.1818181818182ppm is 0.002158 
Error in concentration in 1868.6868686868686ppm is 0.002292 
Error in concentration in 1919.1919191919192ppm is 0.002278 
Error in concentration in 1969.6969696969697ppm is 0.002209 
Error in concentration in 2020.20202020202ppm is 0.002230 
Error in concentration in 2070.7070707070707ppm is 0.002274 
Error in concentration in 2121.212121212121ppm is 0.002471 
Error in concentration in 2171.717171717172ppm is 0.002701 
Error in concentration in 2222.222222222222ppm is 0.002699 
Error in concentration in 2272.7272727272725ppm is 0.002676 
Error in concentration in 2323.2323232323233ppm is 0.002710 
Error in concentration in 2373.7373737373737ppm is 0.002691 
Error in concentration in 2424.242424242424ppm is 0.002502 
Error in concentration in 2474.747474747475ppm is 0.002343 
Error in concentration in 2525.252525252525ppm is 0.002305 
Error in concentration in 2575.757575757576ppm is 0.002356 
Error in concentration in 2626.2626262626263ppm is 0.002450 
Error in concentration in 2676.7676767676767ppm is 0.002606 
Error in concentration in 2727.2727272727275ppm is 0.002791 
Error in concentration in 2777.777777777778ppm is 0.002893 
Error in concentration in 2828.282828282828ppm is 0.002663 
Error in concentration in 2878.7878787878785ppm is 0.003101 
Error in concentration in 2929.292929292929ppm is 0.003710 
Error in concentration in 2979.7979797979797ppm is 0.004439 
Error in concentration in 3030.3030303030305ppm is 0.005257 
Error in concentration in 3080.808080808081ppm is 0.006086 
Error in concentration in 3131.3131313131316ppm is 0.006906 
Error in concentration in 3181.818181818182ppm is 0.007640 
Error in concentration in 3232.3232323232323ppm is 0.008230 
Error in concentration in 3282.8282828282827ppm is 0.008719 
Error in concentration in 3333.333333333333ppm is 0.009254 
Error in concentration in 3383.838383838384ppm is 0.009676 
Error in concentration in 3434.343434343434ppm is 0.009599 
Error in concentration in 3484.8484848484845ppm is 0.009229 
Error in concentration in 3535.353535353536ppm is 0.008927 
Error in concentration in 3585.858585858586ppm is 0.008732 
Error in concentration in 3636.3636363636365ppm is 0.008547 
Error in concentration in 3686.868686868687ppm is 0.015785 
Error in concentration in 3737.373737373737ppm is 0.042559 
Error in concentration in 3787.878787878788ppm is 0.082931 
Error in concentration in 3838.3838383838383ppm is 0.133897 
Error in concentration in 3888.8888888888887ppm is 0.184958 
Error in concentration in 3939.3939393939395ppm is 0.234541 
Error in concentration in 3989.8989898989894ppm is 0.291256 
Error in concentration in 4040.40404040404ppm is 0.349400 
Error in concentration in 4090.9090909090914ppm is 0.407353 
Error in concentration in 4141.414141414141ppm is 0.464613 
Error in concentration in 4191.919191919192ppm is 0.522365 
Error in concentration in 4242.424242424242ppm is 0.580813 
Error in concentration in 4292.929292929292ppm is 0.644195 
Error in concentration in 4343.434343434344ppm is 0.707975 
Error in concentration in 4393.939393939394ppm is 0.772017 
Error in concentration in 4444.444444444444ppm is 0.835402 
Error in concentration in 4494.949494949496ppm is 0.898431 
Error in concentration in 4545.454545454545ppm is 0.962020 
Error in concentration in 4595.959595959596ppm is 1.031025 
Error in concentration in 4646.464646464647ppm is 1.100358 
Error in concentration in 4696.969696969697ppm is 1.169379 
Error in concentration in 4747.474747474747ppm is 1.242490 
Error in concentration in 4797.979797979798ppm is 1.316507 
Error in concentration in 4848.484848484848ppm is 1.393781 
Error in concentration in 4898.989898989899ppm is 1.471144 
Error in concentration in 4949.49494949495ppm is 1.546049 
Error in concentration in 5000.0ppm is 1.622059 
CCl4 concentration generalization takes 4.218856012821197 min 13.13136076927185 sec.
Case3: Initial pressure...
Error in 10.0atm is 0.005149 
Error in 10.044444444444444atm is 0.005103 
Error in 10.088888888888889atm is 0.005060 
Error in 10.133333333333333atm is 0.005017 
Error in 10.177777777777777atm is 0.004971 
Error in 10.222222222222221atm is 0.004893 
Error in 10.266666666666667atm is 0.004798 
Error in 10.311111111111112atm is 0.004683 
Error in 10.355555555555556atm is 0.004431 
Error in 10.4atm is 0.004176 
Error in 10.444444444444445atm is 0.003922 
Error in 10.488888888888889atm is 0.003761 
Error in 10.533333333333333atm is 0.003662 
Error in 10.577777777777778atm is 0.003563 
Error in 10.622222222222222atm is 0.003468 
Error in 10.666666666666666atm is 0.003398 
Error in 10.71111111111111atm is 0.003333 
Error in 10.755555555555556atm is 0.003281 
Error in 10.8atm is 0.003247 
Error in 10.844444444444445atm is 0.003213 
Error in 10.88888888888889atm is 0.003186 
Error in 10.933333333333334atm is 0.003154 
Error in 10.977777777777778atm is 0.003138 
Error in 11.022222222222222atm is 0.003144 
Error in 11.066666666666666atm is 0.003175 
Error in 11.11111111111111atm is 0.003201 
Error in 11.155555555555555atm is 0.003206 
Error in 11.2atm is 0.003196 
Error in 11.244444444444444atm is 0.003167 
Error in 11.28888888888889atm is 0.003106 
Error in 11.333333333333334atm is 0.003055 
Error in 11.377777777777778atm is 0.003008 
Error in 11.422222222222222atm is 0.002976 
Error in 11.466666666666667atm is 0.002933 
Error in 11.511111111111111atm is 0.002888 
Error in 11.555555555555555atm is 0.002836 
Error in 11.6atm is 0.002760 
Error in 11.644444444444444atm is 0.002684 
Error in 11.688888888888888atm is 0.002611 
Error in 11.733333333333334atm is 0.002553 
Error in 11.777777777777779atm is 0.002504 
Error in 11.822222222222223atm is 0.002505 
Error in 11.866666666666667atm is 0.002579 
Error in 11.911111111111111atm is 0.002654 
Error in 11.955555555555556atm is 0.002750 
Error in 12.0atm is 0.002861 
Error in 12.044444444444444atm is 0.003055 
Error in 12.088888888888889atm is 0.003277 
Error in 12.133333333333333atm is 0.003443 
Error in 12.177777777777777atm is 0.003526 
Error in 12.222222222222221atm is 0.003622 
Error in 12.266666666666666atm is 0.003725 
Error in 12.311111111111112atm is 0.003828 
Error in 12.355555555555556atm is 0.003931 
Error in 12.4atm is 0.004026 
Error in 12.444444444444445atm is 0.004121 
Error in 12.488888888888889atm is 0.004227 
Error in 12.533333333333333atm is 0.004323 
Error in 12.577777777777778atm is 0.004441 
Error in 12.622222222222222atm is 0.004569 
Error in 12.666666666666668atm is 0.004696 
Error in 12.711111111111112atm is 0.004826 
Error in 12.755555555555556atm is 0.004957 
Error in 12.8atm is 0.005081 
Error in 12.844444444444445atm is 0.005196 
Error in 12.88888888888889atm is 0.005311 
Error in 12.933333333333334atm is 0.005428 
Error in 12.977777777777778atm is 0.005572 
Error in 13.022222222222222atm is 0.005721 
Error in 13.066666666666666atm is 0.005870 
Error in 13.11111111111111atm is 0.006018 
Error in 13.155555555555555atm is 0.006173 
Error in 13.2atm is 0.006354 
Error in 13.244444444444444atm is 0.006553 
Error in 13.28888888888889atm is 0.006752 
Error in 13.333333333333334atm is 0.006924 
Error in 13.377777777777778atm is 0.007109 
Error in 13.422222222222222atm is 0.007293 
Error in 13.466666666666667atm is 0.007480 
Error in 13.511111111111111atm is 0.007688 
Error in 13.555555555555555atm is 0.007924 
Error in 13.6atm is 0.008164 
Error in 13.644444444444444atm is 0.008395 
Error in 13.68888888888889atm is 0.008615 
Error in 13.733333333333334atm is 0.008757 
Error in 13.777777777777779atm is 0.008864 
Error in 13.822222222222223atm is 0.009086 
Error in 13.866666666666667atm is 0.009321 
Error in 13.911111111111111atm is 0.009558 
Error in 13.955555555555556atm is 0.009799 
Error in 14.0atm is 0.010042 
Error in 14.044444444444444atm is 0.010279 
Error in 14.088888888888889atm is 0.010514 
Error in 14.133333333333333atm is 0.010749 
Error in 14.177777777777777atm is 0.010981 
Error in 14.222222222222221atm is 0.011213 
Error in 14.266666666666666atm is 0.011454 
Error in 14.31111111111111atm is 0.011700 
Error in 14.355555555555556atm is 0.011992 
Error in 14.4atm is 0.012304 
Initial pressure generalization takes 3.9655810793240867 min 57.93486475944519 sec.
Case4: Number of tubes...
Figures saved in /home/wesley/EDC/FPC/ML/results/0123_correction_smalldata/plots
Number of tubes generalization takes 34.221510112285614 min 13.29060673713684 sec.
Starting prediction...
