training_data_FPC_V13_addtexas_aspenparams_Y.csv
            Experiment name: 0606_FPC_modelV11
            Training Data: training_data_FPC_V13_addtexas_aspenparams_Y.csv
            Do k-fold: False
            Folds num: 10
            Learning rate: 0.001
            Batch size: 128
            Epoch: 1500
            CSTR num: 100
            Training vebose: 0
            # Genearalization test
            mass flow rates = True
            CCl4 = True
            inital pressure = True
            number of tubes = True
            T_in = True
            ncpus = 8
            training = False
            prediction only = False
                
T_list: 350.0,364.55,383.1,400.05,415.4,428.75,439.3,448.25,454.25,458.2,459.15,460.15,461.15,461.85,462.15,462.45,463.15,463.65,464.15,464.65,464.95,465.05,465.18
Starting prediction...
{'CANSPEN': '../KM/2009_Schirmeister_EDC/test_4.cti'}
cracking 0.001
0.11631852435057026
[0, 2.910515601301506e-06, 3.394729191079631e-05, 0.000274472652415012, 0.0015994428304141447, 0.006513816379425306, 0.01965523276748605, 0.04686260830300338, 0.09081267983142978, 0.14578145987567173, 0.2013014781117073, 0.24967503868576332, 0.2900038611946013, 0.3238751829489619, 0.35297805282474937, 0.3786063616463851, 0.40187294300545345, 0.4235884812020147, 0.4440945458673484, 0.46363810430349806, 0.48235831051507044, 0.5002666014504965, 0.5174022353602036]
prev_y: 0
prev_y: 0.008872449398040771
prev_y: 0.016786038875579834
prev_y: 0.028220951557159424
prev_y: 0.04568886756896973
prev_y: 0.06730842590332031
prev_y: 0.09476447105407715
prev_y: 0.12496399879455566
prev_y: 0.1594344675540924
prev_y: 0.19561165571212769
prev_y: 0.23404565453529358
prev_y: 0.26837825775146484
prev_y: 0.30066555738449097
prev_y: 0.33191466331481934
prev_y: 0.3624248206615448
prev_y: 0.3908068835735321
prev_y: 0.41799575090408325
prev_y: 0.44274330139160156
prev_y: 0.46642249822616577
prev_y: 0.48972412943840027
prev_y: 0.5112525820732117
prev_y: 0.531985878944397
ML cracking rates
0.0,0.89,1.68,2.82,4.57,6.73,9.48,12.5,15.94,19.56,23.4,26.84,30.07,33.19,36.24,39.08,41.8,44.27,46.64,48.97,51.13,53.2,55.17
Series([], Name: X, dtype: float64)
FPC data not found
HF: 19070.32,22381.42,22840.65,24727.66,25159.58,25778.03,25795.1,25379.0,24372.91,22763.68,20480.44,19317.78,18438.41,17632.74,16423.02,16130.36,14549.79,13942.48,13727.85,12527.08,11882.26,11310.99
