training_data.csv
            Experiment name: 0122_batch36
            Training Data: training_data.csv
            Do k-fold: False
            Folds num: 10
            Learning rate: 0.001
            Batch size: 18
            Epoch: 10000
            CSTR num: 100
            Training vebose: 0
            #Genearalization test
            mass flow rates = True
            CCl4 = True
            inital pressure = True
            number of tubes = True
            ncpus = 8
                
Loading data...
Training takes 2.384185791015625e-08 min 1.430511474609375e-06 sec.
Generalization test...
Case1: Mass flow rate...
Error in 45.0 mass flow rate is 0.007538 
Error in 45.37373737373738 mass flow rate is 0.007631 
Error in 45.74747474747475 mass flow rate is 0.007693 
Error in 46.121212121212125 mass flow rate is 0.007712 
Error in 46.494949494949495 mass flow rate is 0.007737 
Error in 46.86868686868687 mass flow rate is 0.007756 
Error in 47.24242424242424 mass flow rate is 0.007872 
Error in 47.61616161616162 mass flow rate is 0.007788 
Error in 47.98989898989899 mass flow rate is 0.007662 
Error in 48.36363636363637 mass flow rate is 0.007506 
Error in 48.73737373737374 mass flow rate is 0.007333 
Error in 49.111111111111114 mass flow rate is 0.007129 
Error in 49.484848484848484 mass flow rate is 0.007308 
Error in 49.85858585858586 mass flow rate is 0.007518 
Error in 50.23232323232323 mass flow rate is 0.007713 
Error in 50.60606060606061 mass flow rate is 0.007897 
Error in 50.97979797979798 mass flow rate is 0.008059 
Error in 51.35353535353536 mass flow rate is 0.008211 
Error in 51.72727272727273 mass flow rate is 0.008322 
Error in 52.101010101010104 mass flow rate is 0.008409 
Error in 52.474747474747474 mass flow rate is 0.008175 
Error in 52.84848484848485 mass flow rate is 0.007922 
Error in 53.22222222222222 mass flow rate is 0.007642 
Error in 53.5959595959596 mass flow rate is 0.007304 
Error in 53.96969696969697 mass flow rate is 0.006910 
Error in 54.343434343434346 mass flow rate is 0.006661 
Error in 54.717171717171716 mass flow rate is 0.006714 
Error in 55.09090909090909 mass flow rate is 0.006775 
Error in 55.464646464646464 mass flow rate is 0.006838 
Error in 55.83838383838384 mass flow rate is 0.006881 
Error in 56.21212121212121 mass flow rate is 0.006921 
Error in 56.58585858585859 mass flow rate is 0.006961 
Error in 56.95959595959596 mass flow rate is 0.007001 
Error in 57.333333333333336 mass flow rate is 0.006512 
Error in 57.707070707070706 mass flow rate is 0.006156 
Error in 58.08080808080808 mass flow rate is 0.005813 
Error in 58.45454545454545 mass flow rate is 0.005520 
Error in 58.82828282828283 mass flow rate is 0.005199 
Error in 59.2020202020202 mass flow rate is 0.004884 
Error in 59.57575757575758 mass flow rate is 0.004896 
Error in 59.94949494949495 mass flow rate is 0.004890 
Error in 60.323232323232325 mass flow rate is 0.004883 
Error in 60.696969696969695 mass flow rate is 0.004855 
Error in 61.07070707070707 mass flow rate is 0.004830 
Error in 61.44444444444444 mass flow rate is 0.004865 
Error in 61.81818181818182 mass flow rate is 0.005017 
Error in 62.1919191919192 mass flow rate is 0.004743 
Error in 62.56565656565657 mass flow rate is 0.004440 
Error in 62.93939393939394 mass flow rate is 0.004124 
Error in 63.313131313131315 mass flow rate is 0.003810 
Error in 63.68686868686869 mass flow rate is 0.003478 
Error in 64.06060606060606 mass flow rate is 0.003112 
Error in 64.43434343434343 mass flow rate is 0.002992 
Error in 64.8080808080808 mass flow rate is 0.003000 
Error in 65.18181818181819 mass flow rate is 0.003009 
Error in 65.55555555555556 mass flow rate is 0.003017 
Error in 65.92929292929293 mass flow rate is 0.003029 
Error in 66.30303030303031 mass flow rate is 0.003048 
Error in 66.67676767676768 mass flow rate is 0.003066 
Error in 67.05050505050505 mass flow rate is 0.003071 
Error in 67.42424242424242 mass flow rate is 0.003068 
Error in 67.79797979797979 mass flow rate is 0.003064 
Error in 68.17171717171718 mass flow rate is 0.003066 
Error in 68.54545454545455 mass flow rate is 0.003068 
Error in 68.91919191919192 mass flow rate is 0.003080 
Error in 69.2929292929293 mass flow rate is 0.003079 
Error in 69.66666666666667 mass flow rate is 0.003064 
Error in 70.04040404040404 mass flow rate is 0.003041 
Error in 70.41414141414141 mass flow rate is 0.003003 
Error in 70.78787878787878 mass flow rate is 0.002966 
Error in 71.16161616161617 mass flow rate is 0.002928 
Error in 71.53535353535354 mass flow rate is 0.002890 
Error in 71.9090909090909 mass flow rate is 0.002852 
Error in 72.28282828282829 mass flow rate is 0.002815 
Error in 72.65656565656566 mass flow rate is 0.002781 
Error in 73.03030303030303 mass flow rate is 0.002751 
Error in 73.4040404040404 mass flow rate is 0.002721 
Error in 73.77777777777777 mass flow rate is 0.002691 
Error in 74.15151515151516 mass flow rate is 0.002668 
Error in 74.52525252525253 mass flow rate is 0.002646 
Error in 74.8989898989899 mass flow rate is 0.002607 
Error in 75.27272727272728 mass flow rate is 0.002587 
Error in 75.64646464646465 mass flow rate is 0.002579 
Error in 76.02020202020202 mass flow rate is 0.002571 
Error in 76.39393939393939 mass flow rate is 0.002565 
Error in 76.76767676767676 mass flow rate is 0.002564 
Error in 77.14141414141415 mass flow rate is 0.002558 
Error in 77.51515151515152 mass flow rate is 0.002548 
Error in 77.88888888888889 mass flow rate is 0.002523 
Error in 78.26262626262627 mass flow rate is 0.002494 
Error in 78.63636363636364 mass flow rate is 0.002466 
Error in 79.01010101010101 mass flow rate is 0.002433 
Error in 79.3838383838384 mass flow rate is 0.002398 
Error in 79.75757575757575 mass flow rate is 0.002371 
Error in 80.13131313131314 mass flow rate is 0.002356 
Error in 80.5050505050505 mass flow rate is 0.002353 
Error in 80.87878787878788 mass flow rate is 0.002348 
Error in 81.25252525252526 mass flow rate is 0.002326 
Error in 81.62626262626263 mass flow rate is 0.002305 
Error in 82.0 mass flow rate is 0.002286 
Mass flow rate generalization takes 4.353467531998953 min 21.208051919937134 sec.
Case2: CCl4 concentration...
Error in concentration in 0.0ppm is 0.004329 
Error in concentration in 50.505050505050505ppm is 0.026830 
Error in concentration in 101.01010101010101ppm is 0.027771 
Error in concentration in 151.5151515151515ppm is 0.015802 
Error in concentration in 202.02020202020202ppm is 0.009210 
Error in concentration in 252.5252525252525ppm is 0.005531 
Error in concentration in 303.030303030303ppm is 0.004807 
Error in concentration in 353.5353535353535ppm is 0.006155 
Error in concentration in 404.04040404040404ppm is 0.004477 
Error in concentration in 454.54545454545456ppm is 0.003153 
Error in concentration in 505.050505050505ppm is 0.002000 
Error in concentration in 555.5555555555555ppm is 0.003626 
Error in concentration in 606.060606060606ppm is 0.005295 
Error in concentration in 656.5656565656566ppm is 0.004548 
Error in concentration in 707.070707070707ppm is 0.003674 
Error in concentration in 757.5757575757576ppm is 0.002575 
Error in concentration in 808.0808080808081ppm is 0.001496 
Error in concentration in 858.5858585858585ppm is 0.001439 
Error in concentration in 909.0909090909091ppm is 0.002453 
Error in concentration in 959.5959595959596ppm is 0.002874 
Error in concentration in 1010.10101010101ppm is 0.002875 
Error in concentration in 1060.6060606060605ppm is 0.002953 
Error in concentration in 1111.111111111111ppm is 0.002552 
Error in concentration in 1161.6161616161617ppm is 0.003863 
Error in concentration in 1212.121212121212ppm is 0.005315 
Error in concentration in 1262.6262626262626ppm is 0.007007 
Error in concentration in 1313.1313131313132ppm is 0.004305 
Error in concentration in 1363.6363636363637ppm is 0.002607 
Error in concentration in 1414.141414141414ppm is 0.001572 
Error in concentration in 1464.6464646464644ppm is 0.001559 
Error in concentration in 1515.1515151515152ppm is 0.001388 
Error in concentration in 1565.6565656565658ppm is 0.001579 
Error in concentration in 1616.1616161616162ppm is 0.001817 
Error in concentration in 1666.6666666666665ppm is 0.001969 
Error in concentration in 1717.171717171717ppm is 0.002080 
Error in concentration in 1767.676767676768ppm is 0.002212 
Error in concentration in 1818.1818181818182ppm is 0.002333 
Error in concentration in 1868.6868686868686ppm is 0.002430 
Error in concentration in 1919.1919191919192ppm is 0.002479 
Error in concentration in 1969.6969696969697ppm is 0.002494 
Error in concentration in 2020.20202020202ppm is 0.002510 
Error in concentration in 2070.7070707070707ppm is 0.002581 
Error in concentration in 2121.212121212121ppm is 0.002660 
Error in concentration in 2171.717171717172ppm is 0.002699 
Error in concentration in 2222.222222222222ppm is 0.002717 
Error in concentration in 2272.7272727272725ppm is 0.002696 
Error in concentration in 2323.2323232323233ppm is 0.002687 
Error in concentration in 2373.7373737373737ppm is 0.002662 
Error in concentration in 2424.242424242424ppm is 0.002628 
Error in concentration in 2474.747474747475ppm is 0.002589 
Error in concentration in 2525.252525252525ppm is 0.002544 
Error in concentration in 2575.757575757576ppm is 0.002429 
Error in concentration in 2626.2626262626263ppm is 0.002294 
Error in concentration in 2676.7676767676767ppm is 0.002138 
Error in concentration in 2727.2727272727275ppm is 0.002147 
Error in concentration in 2777.777777777778ppm is 0.002101 
Error in concentration in 2828.282828282828ppm is 0.002017 
Error in concentration in 2878.7878787878785ppm is 0.002017 
Error in concentration in 2929.292929292929ppm is 0.002141 
Error in concentration in 2979.7979797979797ppm is 0.002482 
Error in concentration in 3030.3030303030305ppm is 0.002762 
Error in concentration in 3080.808080808081ppm is 0.003132 
Error in concentration in 3131.3131313131316ppm is 0.003657 
Error in concentration in 3181.818181818182ppm is 0.004184 
Error in concentration in 3232.3232323232323ppm is 0.004902 
Error in concentration in 3282.8282828282827ppm is 0.005751 
Error in concentration in 3333.333333333333ppm is 0.006812 
Error in concentration in 3383.838383838384ppm is 0.007781 
Error in concentration in 3434.343434343434ppm is 0.008710 
Error in concentration in 3484.8484848484845ppm is 0.010511 
Error in concentration in 3535.353535353536ppm is 0.012659 
Error in concentration in 3585.858585858586ppm is 0.015818 
Error in concentration in 3636.3636363636365ppm is 0.018836 
Error in concentration in 3686.868686868687ppm is 0.022124 
Error in concentration in 3737.373737373737ppm is 0.025027 
Error in concentration in 3787.878787878788ppm is 0.027115 
Error in concentration in 3838.3838383838383ppm is 0.029307 
Error in concentration in 3888.8888888888887ppm is 0.031138 
Error in concentration in 3939.3939393939395ppm is 0.032759 
Error in concentration in 3989.8989898989894ppm is 0.034160 
Error in concentration in 4040.40404040404ppm is 0.035148 
Error in concentration in 4090.9090909090914ppm is 0.036227 
Error in concentration in 4141.414141414141ppm is 0.036849 
Error in concentration in 4191.919191919192ppm is 0.037185 
Error in concentration in 4242.424242424242ppm is 0.036675 
Error in concentration in 4292.929292929292ppm is 0.035592 
Error in concentration in 4343.434343434344ppm is 0.033742 
Error in concentration in 4393.939393939394ppm is 0.032250 
Error in concentration in 4444.444444444444ppm is 0.031667 
Error in concentration in 4494.949494949496ppm is 0.033519 
Error in concentration in 4545.454545454545ppm is 0.035886 
Error in concentration in 4595.959595959596ppm is 0.041981 
Error in concentration in 4646.464646464647ppm is 0.049297 
Error in concentration in 4696.969696969697ppm is 0.059112 
Error in concentration in 4747.474747474747ppm is 0.072085 
Error in concentration in 4797.979797979798ppm is 0.085104 
Error in concentration in 4848.484848484848ppm is 0.097843 
Error in concentration in 4898.989898989899ppm is 0.108957 
Error in concentration in 4949.49494949495ppm is 0.121166 
Error in concentration in 5000.0ppm is 0.132805 
CCl4 concentration generalization takes 4.363863555590312 min 21.8318133354187 sec.
Case3: Initial pressure...
Error in 10.0atm is 0.004101 
Error in 10.044444444444444atm is 0.004001 
Error in 10.088888888888889atm is 0.003911 
Error in 10.133333333333333atm is 0.003842 
Error in 10.177777777777777atm is 0.003778 
Error in 10.222222222222221atm is 0.003716 
Error in 10.266666666666667atm is 0.003640 
Error in 10.311111111111112atm is 0.003647 
Error in 10.355555555555556atm is 0.003558 
Error in 10.4atm is 0.003447 
Error in 10.444444444444445atm is 0.003352 
Error in 10.488888888888889atm is 0.003251 
Error in 10.533333333333333atm is 0.002971 
Error in 10.577777777777778atm is 0.002850 
Error in 10.622222222222222atm is 0.002688 
Error in 10.666666666666666atm is 0.002524 
Error in 10.71111111111111atm is 0.002409 
Error in 10.755555555555556atm is 0.002400 
Error in 10.8atm is 0.002345 
Error in 10.844444444444445atm is 0.002300 
Error in 10.88888888888889atm is 0.002281 
Error in 10.933333333333334atm is 0.002299 
Error in 10.977777777777778atm is 0.002324 
Error in 11.022222222222222atm is 0.002356 
Error in 11.066666666666666atm is 0.002377 
Error in 11.11111111111111atm is 0.002446 
Error in 11.155555555555555atm is 0.002529 
Error in 11.2atm is 0.002607 
Error in 11.244444444444444atm is 0.002672 
Error in 11.28888888888889atm is 0.002726 
Error in 11.333333333333334atm is 0.002766 
Error in 11.377777777777778atm is 0.002814 
Error in 11.422222222222222atm is 0.002872 
Error in 11.466666666666667atm is 0.002928 
Error in 11.511111111111111atm is 0.002980 
Error in 11.555555555555555atm is 0.003033 
Error in 11.6atm is 0.003085 
Error in 11.644444444444444atm is 0.003137 
Error in 11.688888888888888atm is 0.003173 
Error in 11.733333333333334atm is 0.003203 
Error in 11.777777777777779atm is 0.003232 
Error in 11.822222222222223atm is 0.003260 
Error in 11.866666666666667atm is 0.003276 
Error in 11.911111111111111atm is 0.003285 
Error in 11.955555555555556atm is 0.003290 
Error in 12.0atm is 0.003306 
Error in 12.044444444444444atm is 0.003312 
Error in 12.088888888888889atm is 0.003304 
Error in 12.133333333333333atm is 0.003292 
Error in 12.177777777777777atm is 0.003272 
Error in 12.222222222222221atm is 0.003294 
Error in 12.266666666666666atm is 0.003237 
Error in 12.311111111111112atm is 0.003136 
Error in 12.355555555555556atm is 0.003022 
Error in 12.4atm is 0.002969 
Error in 12.444444444444445atm is 0.002931 
Error in 12.488888888888889atm is 0.002902 
Error in 12.533333333333333atm is 0.002850 
Error in 12.577777777777778atm is 0.002783 
Error in 12.622222222222222atm is 0.002723 
Error in 12.666666666666668atm is 0.002674 
Error in 12.711111111111112atm is 0.002682 
Error in 12.755555555555556atm is 0.002681 
Error in 12.8atm is 0.002700 
Error in 12.844444444444445atm is 0.002719 
Error in 12.88888888888889atm is 0.002750 
Error in 12.933333333333334atm is 0.002615 
Error in 12.977777777777778atm is 0.002388 
Error in 13.022222222222222atm is 0.002172 
Error in 13.066666666666666atm is 0.002425 
Error in 13.11111111111111atm is 0.002693 
Error in 13.155555555555555atm is 0.002964 
Error in 13.2atm is 0.003241 
Error in 13.244444444444444atm is 0.003535 
Error in 13.28888888888889atm is 0.003807 
Error in 13.333333333333334atm is 0.003830 
Error in 13.377777777777778atm is 0.003836 
Error in 13.422222222222222atm is 0.003831 
Error in 13.466666666666667atm is 0.003826 
Error in 13.511111111111111atm is 0.003823 
Error in 13.555555555555555atm is 0.003821 
Error in 13.6atm is 0.003821 
Error in 13.644444444444444atm is 0.003751 
Error in 13.68888888888889atm is 0.003641 
Error in 13.733333333333334atm is 0.003540 
Error in 13.777777777777779atm is 0.003447 
Error in 13.822222222222223atm is 0.003323 
Error in 13.866666666666667atm is 0.003211 
Error in 13.911111111111111atm is 0.003126 
Error in 13.955555555555556atm is 0.003183 
Error in 14.0atm is 0.003300 
Error in 14.044444444444444atm is 0.003412 
Error in 14.088888888888889atm is 0.003523 
Error in 14.133333333333333atm is 0.003626 
Error in 14.177777777777777atm is 0.003733 
Error in 14.222222222222221atm is 0.003760 
Error in 14.266666666666666atm is 0.003768 
Error in 14.31111111111111atm is 0.003796 
Error in 14.355555555555556atm is 0.003844 
Error in 14.4atm is 0.003891 
Initial pressure generalization takes 4.296270191669464 min 17.776211500167847 sec.
Case4: Number of tubes...
Figures saved in /home/wesley/EDC/FPC/ML/results/0122_batch36/plots
Number of tubes generalization takes 35.85489467382431 min 51.29368042945862 sec.
Starting prediction...
Mean absolute error of `0122_batch36` is 0.00200
00
