training_data_FPC_V1_3m_5p_6t_21Clppm.csv
            Experiment name: 0217_FPCV1_ppm
            Training Data: training_data_FPC_V1_3m_5p_6t_21Clppm.csv
            Do k-fold: False
            Folds num: 10
            Learning rate: 0.001
            Batch size: 18
            Epoch: 10000
            CSTR num: 100
            Training vebose: 0
            #Genearalization test
            mass flow rates = True
            CCl4 = True
            inital pressure = True
            number of tubes = True
            T_in = True
            ncpus = 8
            training = False
            prediction only = False
                
Loading data...
Starting prediction...
cracking 0.0
cracking 0.0
loss in 0.0: 0.3294838945586209 
cracking 0.000125
cracking 0.000125
loss in 0.000125: 0.3268481575715199 
cracking 0.00025
cracking 0.00025
loss in 0.00025: 0.3209994520997048 
cracking 0.000375
cracking 0.000375
loss in 0.000375: 0.31140870483942434 
cracking 0.0005
cracking 0.0005
loss in 0.0005: 0.3059461658329171 
cracking 0.000625
cracking 0.000625
loss in 0.000625: 0.30109304762049593 
cracking 0.00075
cracking 0.00075
loss in 0.00075: 0.2974584101524444 
cracking 0.000875
cracking 0.000875
loss in 0.000875: 0.2933300619787961 
cracking 0.001
cracking 0.001
loss in 0.001: 0.2904105563687223 
cracking 0.001125
cracking 0.001125
loss in 0.001125: 0.28778195575874 
cracking 0.00125
cracking 0.00125
loss in 0.00125: 0.28504000167785803 
cracking 0.001375
cracking 0.001375
loss in 0.001375: 0.28284380224610506 
cracking 0.0015
cracking 0.0015
loss in 0.0015: 0.28090966925588123 
cracking 0.001625
cracking 0.001625
loss in 0.001625: 0.27889636989719707 
cracking 0.00175
cracking 0.00175
loss in 0.00175: 0.27709775598882813 
cracking 0.001875
cracking 0.001875
loss in 0.001875: 0.2754368167170084 
cracking 0.002
cracking 0.002
loss in 0.002: 0.2737643411153942 
cracking 0.002125
cracking 0.002125
loss in 0.002125: 0.27209208341704366 
cracking 0.00225
cracking 0.00225
loss in 0.00225: 0.2704965521987792 
cracking 0.002375
cracking 0.002375
loss in 0.002375: 0.26890997268902267 
cracking 0.0025
cracking 0.0025
loss in 0.0025: 0.2676654520482158 
['/home/wesley/EDC/FPC/ML/results/0217_FPCV1_ppm/plots/predict/CCl4_0.000000_mass_36_temp_350_20_4random.png', '/home/wesley/EDC/FPC/ML/results/0217_FPCV1_ppm/plots/predict/CCl4_125.000000_mass_36_temp_350_20_4random.png', '/home/wesley/EDC/FPC/ML/results/0217_FPCV1_ppm/plots/predict/CCl4_250.000000_mass_36_temp_350_20_4random.png', '/home/wesley/EDC/FPC/ML/results/0217_FPCV1_ppm/plots/predict/CCl4_375.000000_mass_36_temp_350_20_4random.png', '/home/wesley/EDC/FPC/ML/results/0217_FPCV1_ppm/plots/predict/CCl4_500.000000_mass_36_temp_350_20_4random.png', '/home/wesley/EDC/FPC/ML/results/0217_FPCV1_ppm/plots/predict/CCl4_625.000000_mass_36_temp_350_20_4random.png', '/home/wesley/EDC/FPC/ML/results/0217_FPCV1_ppm/plots/predict/CCl4_750.000000_mass_36_temp_350_20_4random.png', '/home/wesley/EDC/FPC/ML/results/0217_FPCV1_ppm/plots/predict/CCl4_875.000000_mass_36_temp_350_20_4random.png', '/home/wesley/EDC/FPC/ML/results/0217_FPCV1_ppm/plots/predict/CCl4_1000.000000_mass_36_temp_350_20_4random.png', '/home/wesley/EDC/FPC/ML/results/0217_FPCV1_ppm/plots/predict/CCl4_1125.000000_mass_36_temp_350_20_4random.png', '/home/wesley/EDC/FPC/ML/results/0217_FPCV1_ppm/plots/predict/CCl4_1250.000000_mass_36_temp_350_20_4random.png', '/home/wesley/EDC/FPC/ML/results/0217_FPCV1_ppm/plots/predict/CCl4_1375.000000_mass_36_temp_350_20_4random.png', '/home/wesley/EDC/FPC/ML/results/0217_FPCV1_ppm/plots/predict/CCl4_1500.000000_mass_36_temp_350_20_4random.png', '/home/wesley/EDC/FPC/ML/results/0217_FPCV1_ppm/plots/predict/CCl4_1625.000000_mass_36_temp_350_20_4random.png', '/home/wesley/EDC/FPC/ML/results/0217_FPCV1_ppm/plots/predict/CCl4_1750.000000_mass_36_temp_350_20_4random.png', '/home/wesley/EDC/FPC/ML/results/0217_FPCV1_ppm/plots/predict/CCl4_1875.000000_mass_36_temp_350_20_4random.png', '/home/wesley/EDC/FPC/ML/results/0217_FPCV1_ppm/plots/predict/CCl4_2000.000000_mass_36_temp_350_20_4random.png', '/home/wesley/EDC/FPC/ML/results/0217_FPCV1_ppm/plots/predict/CCl4_2125.000000_mass_36_temp_350_20_4random.png', '/home/wesley/EDC/FPC/ML/results/0217_FPCV1_ppm/plots/predict/CCl4_2250.000000_mass_36_temp_350_20_4random.png', '/home/wesley/EDC/FPC/ML/results/0217_FPCV1_ppm/plots/predict/CCl4_2375.000000_mass_36_temp_350_20_4random.png', '/home/wesley/EDC/FPC/ML/results/0217_FPCV1_ppm/plots/predict/CCl4_2500.000000_mass_36_temp_350_20_4random.png']
