training_data_FPC_V9_addtexas.csv
            Experiment name: 0430_FPC_modelV6_area
            Training Data: training_data_FPC_V9_addtexas.csv
            Do k-fold: False
            Folds num: 10
            Learning rate: 0.001
            Batch size: 18
            Epoch: 10000
            CSTR num: 100
            Training vebose: 0
            # Genearalization test
            mass flow rates = True
            CCl4 = True
            inital pressure = True
            number of tubes = True
            T_in = True
            ncpus = 8
            training = False
            prediction only = False
                
Starting prediction...
cracking 0
prev_y: 0
prev_y: 0.004251688718795776
prev_y: 0.010522842407226562
prev_y: 0.019610881805419922
prev_y: 0.0340844988822937
prev_y: 0.04936632513999939
prev_y: 0.06847110390663147
prev_y: 0.09631618857383728
prev_y: 0.13176444172859192
prev_y: 0.16586241126060486
prev_y: 0.19782763719558716
prev_y: 0.23231887817382812
prev_y: 0.26440441608428955
prev_y: 0.29753655195236206
prev_y: 0.33304256200790405
prev_y: 0.36943694949150085
prev_y: 0.4050872027873993
prev_y: 0.439142107963562
prev_y: 0.4720296561717987
prev_y: 0.504657506942749
prev_y: 0.536194920539856
prev_y: 0.5670064687728882
ML cracking rates
0.0,0.43,1.05,1.96,3.41,4.94,6.85,9.63,13.18,16.59,19.78,23.23,26.44,29.75,33.3,36.94,40.51,43.91,47.2,50.47,53.62,56.7,59.68
Series([], Name: X, dtype: float64)
FPC data not found
