training_data_FPC_V8_addprev_area.csv
            Experiment name: 0430_FPC_modelV6_area
            Training Data: training_data_FPC_V8_addprev_area.csv
            Do k-fold: False
            Folds num: 10
            Learning rate: 0.001
            Batch size: 18
            Epoch: 10000
            CSTR num: 100
            Training vebose: 0
            # Genearalization test
            mass flow rates = True
            CCl4 = True
            inital pressure = True
            number of tubes = False
            T_in = True
            ncpus = 8
            training = False
            prediction only = False
                
Loading data...
Generalization test...
Case1: Mass flow rate...
cracking 0.001
cracking 0.001
cracking 0.001
cracking 0.001
cracking 0.001
cracking 0.001
prev_y: 0
prev_y: 0
prev_y: 0.006713926792144775
prev_y: 0.01780223846435547
prev_y: 0.00500914454460144
prev_y: 0.03134116530418396
prev_y: 0.01326790452003479
prev_y: 0.055972665548324585
prev_y: 0.02358385920524597
prev_y: 0
prev_y: 0.04201585054397583
prev_y: 0.11571571230888367
prev_y: 0.08449578285217285
prev_y: 0.17597311735153198
prev_y: 0.12883231043815613
prev_y: 0.23143664002418518
prev_y: 0.17759943008422852
prev_y: 0.2977362871170044
prev_y: 0.2346571385860443
prev_y: 0.36653584241867065
prev_y: 0.0055908262729644775
prev_y: 0.2965104579925537
prev_y: 0.4089239239692688
prev_y: 0.01480954885482788
prev_y: 0.3375049829483032
prev_y: 0.4406002163887024
prev_y: 0.02617761492729187
prev_y: 0.368307888507843
prev_y: 0.4715930223464966
prev_y: 0.3984101712703705
prev_y: 0.04726773500442505
prev_y: 0.5052911043167114
prev_y: 0.43135160207748413
prev_y: 0.09608021378517151
prev_y: 0.5356239080429077
prev_y: 0.46113744378089905
prev_y: 0.1443350911140442
prev_y: 0.4899134039878845
prev_y: 0.5651342272758484
prev_y: 0.1973591446876526
prev_y: 0.5174981355667114
prev_y: 0.5934737920761108
prev_y: 0.25879624485969543
prev_y: 0.5442883372306824
prev_y: 0.6215548515319824
prev_y: 0.3241528272628784
ML cracking rates
{'cracking_rates': [0, 0.00500914454460144, 0.01326790452003479, 0.02358385920524597, 0.04201585054397583, 0.08449578285217285, 0.12883231043815613, 0.17759943008422852, 0.2346571385860443, 0.2965104579925537, 0.3375049829483032, 0.368307888507843, 0.3984101712703705, 0.43135160207748413, 0.46113744378089905, 0.4899134039878845, 0.5174981355667114, 0.5442883372306824, 0.5730927586555481]}
ML cracking rates
{'cracking_rates': [0, 0.006713926792144775, 0.01780223846435547, 0.03134116530418396, 0.055972665548324585, 0.11571571230888367, 0.17597311735153198, 0.23143664002418518, 0.2977362871170044, 0.36653584241867065, 0.4089239239692688, 0.4406002163887024, 0.4715930223464966, 0.5052911043167114, 0.5356239080429077, 0.5651342272758484, 0.5934737920761108, 0.6215548515319824, 0.6518926620483398]}
27216     0.542458
27217     1.348509
27218     2.519060
27219     4.391415
27220     8.616336
27221    13.183365
27222    17.979229
27223    23.657576
27224    29.959951
27225    34.078899
27226    37.084000
27227    40.041294
27228    43.348572
27229    46.334602
27230    49.232445
27231    52.046650
27232    54.781319
27233    57.745777
32887     1.988156
32888     3.823128
32891    16.964336
32892    22.569231
32893    28.816078
32894    33.005142
32895    36.106174
32896    39.138523
32897    42.493961
32898    45.524872
32899    48.458012
32900    51.300186
32901    54.056561
Name: X, dtype: float64
19
4536      0.724143
4537      1.803454
4538      3.377409
4539      5.920120
4540     11.801787
4541     17.967903
4542     23.894844
4543     30.400738
4544     37.291317
4545     41.702919
4546     44.896271
4547     48.012245
4548     51.455254
4549     54.539902
4550     57.506420
4551     60.361488
4552     63.110199
4553     66.047676
10207     2.654113
10208     5.118789
10211    22.382277
10212    28.868383
10213    35.764668
10214    40.286350
10215    43.602276
10216    46.816563
10217    50.331848
10218    53.481255
10219    56.501766
10220    59.402229
10221    62.189110
Name: X, dtype: float64
19
prev_y: 0.36638057231903076
prev_y: 0.3974654972553253
prev_y: 0.4277002513408661
prev_y: 0.46089091897010803
prev_y: 0.4910644590854645
prev_y: 0.519983172416687
prev_y: 0.5480859279632568
prev_y: 0.5753124356269836
ML cracking rates
{'cracking_rates': [0, 0.0055908262729644775, 0.01480954885482788, 0.02617761492729187, 0.04726773500442505, 0.09608021378517151, 0.1443350911140442, 0.1973591446876526, 0.25879624485969543, 0.3241528272628784, 0.36638057231903076, 0.3974654972553253, 0.4277002513408661, 0.46089091897010803, 0.4910644590854645, 0.519983172416687, 0.5480859279632568, 0.5753124356269836, 0.6052126884460449]}
15876     0.610756
15877     1.518815
15878     2.840815
15879     4.962894
15880     9.806705
15881    15.008576
15882    20.294807
15883    26.347033
15884    32.918468
15885    37.175453
15886    40.272453
15887    43.309750
15888    46.690166
15889    49.733852
15890    52.677071
15891    55.525879
15892    58.284916
15893    61.258751
21547     2.238101
21548     4.309210
21551    19.078014
21552    25.072390
21553    31.610193
21554    35.952656
21555    39.155643
21556    42.277164
21557    45.714828
21558    48.810452
21559    51.796638
21560    54.679977
21561    57.466980
Name: X, dtype: float64
19
Error in 27 mass flow rate is 0.006043 
Error in 32 mass flow rate is 0.004511 
Error in 36 mass flow rate is 0.002181 
Mass flow rate generalization takes 0.24667922258377076 min 14.800753355026245 sec.
Case2: CCl4 concentration...
cracking 0.000125
cracking 0.0
cracking 0.00025
cracking 0.0005
cracking 0.000625
cracking 0.000875
cracking 0.00075
cracking 0.000375
cracking 0.0
cracking 0.00025
cracking 0.000125
cracking 0.0005
cracking 0.000375
cracking 0.000875
cracking 0.00075
cracking 0.000625
prev_y: 0
prev_y: 0.005003988742828369
prev_y: 0.012593775987625122
prev_y: 0.0218716561794281
prev_y: 0.03907597064971924
prev_y: 0.07474741339683533
prev_y: 0.10903561115264893
prev_y: 0.1452273428440094
prev_y: 0.1976238191127777
prev_y: 0.2550298571586609
prev_y: 0.295148640871048
prev_y: 0.32697317004203796
prev_y: 0.35906362533569336
prev_y: 0.39333808422088623
prev_y: 0.4241364002227783
prev_y: 0.4537730813026428
prev_y: 0.4825589060783386
prev_y: 0.5108322501182556
26496     0.541702
26497     1.337990
26498     2.467171
26499     4.165375
26500     7.507545
26501    11.026672
26502    14.946434
26503    20.012291
26504    26.076492
26505    30.217064
26506    33.291397
26507    36.324223
26508    39.711197
26509    42.783905
26510    45.770622
26511    48.677361
26512    51.508545
26513    54.577679
32167     1.938072
32168     3.604752
32171    14.107353
32172    19.077141
32173    25.040344
32174    29.226753
32175    32.383583
32176    35.480537
32177    38.904716
32178    42.012615
32179    45.027523
32180    47.955437
32181    50.801556
Name: X, dtype: float64
19
cracking 0.001
prev_y: 0
prev_y: 0.005006521940231323
prev_y: 0
prev_y: 0.012654304504394531
prev_y: 0.022901594638824463
prev_y: 0.04004812240600586
prev_y: 0.08110547065734863
prev_y: 0.11373701691627502
prev_y: 0.005008995532989502
prev_y: 0.1525712013244629
prev_y: 0.012710869312286377
prev_y: 0.20147398114204407
prev_y: 0.022654324769973755
prev_y: 0.26192283630371094
prev_y: 0.040220946073532104
prev_y: 0.3030804693698883
prev_y: 0.08091649413108826
prev_y: 0.33472803235054016
prev_y: 0.11621716618537903
prev_y: 0
prev_y: 0.3659921884536743
prev_y: 0.1563796103000641
prev_y: 0.20944759249687195
prev_y: 0.3997586965560913
prev_y: 0.2714741826057434
prev_y: 0.4305219054222107
prev_y: 0.31163400411605835
prev_y: 0
prev_y: 0.46025270223617554
prev_y: 0.34154051542282104
prev_y: 0.48883309960365295
prev_y: 0.005011498928070068
prev_y: 0.3715648651123047
prev_y: 0.5169222354888916
prev_y: 0.0127791166305542
prev_y: 0.40561896562576294
prev_y: 0.02236098051071167
prev_y: 0.43567460775375366
26586     0.541053
26587     1.340141
26588     2.476842
26589     4.203300
26590     7.679679
26591    11.356103
26592    15.419874
26593    20.596409
26594    26.698132
26595    30.829142
26596    33.887325
26597    36.903980
26598    40.273952
26599    43.329025
26600    46.298855
26601    49.188999
26602    52.002823
26603    55.054344
32257     1.947242
32258     3.642408
32261    14.554661
32262    19.636328
32263    25.644800
32264    29.825911
32265    32.968884
32266    36.051121
32267    39.459869
32268    42.552090
32269    45.551327
32270    48.463448
32271    51.293407
Name: X, dtype: float64
19
prev_y: 0.04034510254859924
prev_y: 0.0050133466720581055
prev_y: 0.4648345112800598
prev_y: 0.08090558648109436
cracking 0.001125
prev_y: 0.012948155403137207
prev_y: 0.49343547224998474
prev_y: 0
prev_y: 0.11848294734954834
prev_y: 0.022528797388076782
prev_y: 0.521365761756897
prev_y: 0.1617894470691681
prev_y: 0.040516018867492676
prev_y: 0.21484196186065674
prev_y: 0.08101963996887207
26676     0.541349
26677     1.341674
26678     2.484447
26679     4.237044
26680     7.837187
26681    11.660980
26682    15.856541
26683    21.130030
26684    27.266428
26685    31.391476
26686    34.436951
26687    37.439999
26688    40.796062
26689    43.836716
26690    46.792538
26691    49.667618
26692    52.466686
26693    55.502041
32347     1.955185
32348     3.674968
32351    14.966463
32352    20.147499
32353    26.197657
32354    30.376007
32355    33.508472
32356    36.579025
32357    39.975403
32358    43.054581
32359    46.040283
32360    48.938595
32361    51.754738
Name: X, dtype: float64
19
prev_y: 0
prev_y: 0.2743171453475952
prev_y: 0.12051445245742798
prev_y: 0.3152029514312744
cracking 0.00125
prev_y: 0.17097139358520508
prev_y: 0.005012243986129761
prev_y: 0.3457074761390686
prev_y: 0
prev_y: 0.22257331013679504
prev_y: 0.013162672519683838
prev_y: 0.3750666677951813
prev_y: 0.28239530324935913
prev_y: 0.022866427898406982
prev_y: 0.40818771719932556
prev_y: 0.3232232928276062
prev_y: 0.040903300046920776
prev_y: 0.00501018762588501
prev_y: 0.4382491707801819
prev_y: 0.3527059853076935
prev_y: 0.08129510283470154
prev_y: 0.013278692960739136
prev_y: 0.4674713611602783
prev_y: 0.3826398551464081
prev_y: 0.005011230707168579
prev_y: 0.12243413925170898
prev_y: 0.023476898670196533
prev_y: 0.4959556460380554
prev_y: 0.415760338306427
prev_y: 0.013291656970977783
prev_y: 0.041703104972839355
prev_y: 0.1714000403881073
prev_y: 0.5235100388526917
prev_y: 0.4457659125328064
prev_y: 0.02318325638771057
prev_y: 0.08333107829093933
prev_y: 0.22554105520248413
prev_y: 0.47500550746917725
26766     0.541325
26767     1.342926
26768     2.491726
26769     4.266912
26770     7.984195
26771    11.946932
26772    16.263231
26773    21.622541
26774    27.791443
26775    31.912319
26776    34.947720
26777    37.939823
26778    41.284466
26779    44.312798
26780    47.255867
26781    50.118141
26782    52.903507
26783    55.924343
32437     1.961841
32438     3.704316
32441    15.349513
32442    20.619343
32443    26.707998
32444    30.885918
32445    34.010067
32446    37.070984
32447    40.457230
32448    43.525303
32449    46.499355
32450    49.385841
32451    52.189384
Name: X, dtype: float64
19
prev_y: 0.04136177897453308
prev_y: 0.1268712282180786
prev_y: 0.2861080765724182
prev_y: 0.5035371780395508
prev_y: 0.08212730288505554
prev_y: 0.1730649173259735
prev_y: 0.32747918367385864
cracking 0.001375
prev_y: 0.5307038426399231
prev_y: 0.2300974726676941
prev_y: 0.1245969831943512
prev_y: 0.3575897514820099
prev_y: 0.29173052310943604
prev_y: 0.17254310846328735
26856     0.541882
26857     1.344231
26858     2.497915
26859     4.295200
26860     8.122637
26861    12.217281
26862    16.644733
26863    22.081114
26864    28.279892
26865    32.398544
26866    35.425644
26867    38.408493
26868    41.742748
26869    44.761127
26870    47.692856
26871    50.543480
26872    53.317299
26873    56.324795
32527     1.967979
32528     3.731189
32531    15.708635
32532    21.058371
32533    27.182899
32534    31.361494
32535    34.478882
32536    37.532063
32537    40.909870
32538    43.968147
32539    46.932514
32540    49.808250
32541    52.600548
Name: X, dtype: float64
19
prev_y: 0.38789665699005127
prev_y: 0.3335096836090088
prev_y: 0.22824987769126892
prev_y: 0.4209926724433899
cracking 0.0015
prev_y: 0.3644077479839325
prev_y: 0.2893398404121399
prev_y: 0.45105600357055664
prev_y: 0.39475017786026
prev_y: 0.3311510682106018
prev_y: 0.48049333691596985
prev_y: 0.4279554486274719
prev_y: 0.3624904751777649
prev_y: 0.5086982250213623
prev_y: 0.45794665813446045
prev_y: 0.39287158846855164
prev_y: 0.535741925239563
prev_y: 0.4869195222854614
prev_y: 0.42609089612960815
prev_y: 0.5146253108978271
prev_y: 0.456370085477829
26946     0.541728
26947     1.345468
26948     2.503976
26949     4.321380
26950     8.253869
26951    12.474607
26952    17.004583
26953    22.510054
26954    28.737150
26955    32.854691
26956    35.874935
26957    38.849796
26958    42.176178
26959    45.184940
26960    48.106636
26961    50.946999
26962    53.709663
26963    56.705158
32617     1.973470
32618     3.756246
32621    16.047337
32622    21.469456
32623    27.627365
32624    31.807812
32625    34.919773
32626    37.966515
32627    41.337311
32628    44.387512
32629    47.342590
32630    50.208595
32631    52.990883
Name: X, dtype: float64
19
prev_y: 0.5413788557052612
prev_y: 0.4856771230697632
cracking 0.001625
prev_y: 0.5136296153068542
27126     0.541825
27127     1.347661
27128     2.514255
27129     4.369035
27130     8.499916
27131    12.956445
27132    17.669851
27133    23.295486
27134    29.574274
27135    33.692043
27136    36.701366
27137    39.663750
27138    42.976536
27139    45.969486
27140    48.874496
27141    51.696651
27142    54.439999
27143    57.414059
32797     1.983494
32798     3.801911
32801    16.673145
32802    22.222090
32803    28.441011
32804    32.626896
32805    35.730701
32806    38.766991
32807    42.126820
32808    45.189877
32809    48.103359
32810    50.952766
32811    53.717201
Name: X, dtype: float64
19
prev_y: 0.5404008626937866
cracking 0.00175
27036     0.542414
27037     1.346515
27038     2.509336
27039     4.345644
27040     8.379178
27041    12.720531
27042    17.345581
27043    22.913807
27044    29.167658
27045    33.284927
27046    36.299171
27047    39.267300
27048    42.586494
27049    45.586723
27050    48.499870
27051    51.330868
27052    54.083344
27053    57.067833
32707     1.978695
32708     3.779629
32711    16.368149
32712    21.856274
32713    28.045601
32714    32.228561
32715    35.336056
32716    38.377071
32717    41.742035
32718    44.785194
32719    47.732018
32720    50.589596
32721    53.362576
Name: X, dtype: float64
19
cracking 0.001875
cracking 0.001
cracking 0.001125
cracking 0.00125
cracking 0.001375
cracking 0.0015
cracking 0.00175
cracking 0.001875
cracking 0.001625
prev_y: 0
prev_y: 0.00500914454460144
prev_y: 0.01326790452003479
prev_y: 0.02358385920524597
prev_y: 0.04201585054397583
prev_y: 0.08449578285217285
prev_y: 0.12883231043815613
prev_y: 0.17759943008422852
prev_y: 0.2346571385860443
prev_y: 0.2965104579925537
prev_y: 0.3375049829483032
prev_y: 0.368307888507843
prev_y: 0.3984101712703705
prev_y: 0.43135160207748413
prev_y: 0.46113744378089905
prev_y: 0.4899134039878845
prev_y: 0.5174981355667114
prev_y: 0.5442883372306824
27216     0.542458
27217     1.348509
27218     2.519060
27219     4.391415
27220     8.616336
27221    13.183365
27222    17.979229
27223    23.657576
27224    29.959951
27225    34.078899
27226    37.084000
27227    40.041294
27228    43.348572
27229    46.334602
27230    49.232445
27231    52.046650
27232    54.781319
27233    57.745777
32887     1.988156
32888     3.823128
32891    16.964336
32892    22.569231
32893    28.816078
32894    33.005142
32895    36.106174
32896    39.138523
32897    42.493961
32898    45.524872
32899    48.458012
32900    51.300186
32901    54.056561
Name: X, dtype: float64
19
cracking 0.002
prev_y: 0
prev_y: 0.005008071660995483
prev_y: 0.013258695602416992
prev_y: 0.023657292127609253
prev_y: 0.042329877614974976
prev_y: 0.08563420176506042
prev_y: 0.1307273805141449
prev_y: 0.18050047755241394
prev_y: 0
prev_y: 0.2375362515449524
prev_y: 0.29903215169906616
prev_y: 0.00501173734664917
prev_y: 0.013263612985610962
prev_y: 0.3397485911846161
prev_y: 0.0236985981464386
prev_y: 0.3705015778541565
prev_y: 0.042615681886672974
prev_y: 0.08680698275566101
prev_y: 0.4002950191497803
prev_y: 0.13231292366981506
prev_y: 0
prev_y: 0.4330553710460663
prev_y: 0.18288454413414001
prev_y: 0.46262040734291077
prev_y: 0.24012574553489685
prev_y: 0.005019724369049072
prev_y: 0.30234524607658386
prev_y: 0.4912208914756775
prev_y: 0.013281136751174927
prev_y: 0.3431859016418457
prev_y: 0.5187283754348755
prev_y: 0.02370905876159668
prev_y: 0.37389126420021057
prev_y: 0
prev_y: 0.04287460446357727
prev_y: 0.5455642938613892
prev_y: 0.40353456139564514
prev_y: 0.08801260590553284
prev_y: 0.43612781167030334
prev_y: 0.13373520970344543
prev_y: 0.005027651786804199
27306     0.542610
27307     1.349266
27308     2.523576
27309     4.412122
27310     8.728655
27311    13.402409
27312    18.275398
27313    24.002178
27314    30.327028
27315    34.447632
27316    37.448933
27317    40.401661
27318    43.704071
27319    46.684307
27320    49.575214
27321    52.381802
27322    55.108685
27323    58.063862
32977     1.992446
32978     3.843329
32981    17.243002
32982    22.899742
32983    29.173098
32984    33.365719
32985    36.464256
32986    39.493118
32987    42.844631
32988    45.870312
32989    48.797527
32990    51.633106
32991    54.382198
Name: X, dtype: float64
19
prev_y: 0.4656151533126831
prev_y: 0.18518728017807007
prev_y: 0.013299524784088135
prev_y: 0.49413469433784485
cracking 0.002125
prev_y: 0.24352893233299255
prev_y: 0.023731738328933716
prev_y: 0.5216309428215027
prev_y: 0.3060711622238159
prev_y: 0.043138712644577026
prev_y: 0.5484768748283386
prev_y: 0.34702354669570923
prev_y: 0.08920344710350037
prev_y: 0.1409550905227661
prev_y: 0.3776244819164276
27396     0.542472
27397     1.350076
27398     2.527795
27399     4.432566
27400     8.837959
27401    13.613895
27402    18.559248
27403    24.331181
27404    30.677729
27405    34.800129
27406    37.797985
27407    40.746830
27408    44.044872
27409    47.019554
27410    49.903885
27411    52.703873
27412    55.423183
27413    58.369591
33067     1.996713
33068     3.862861
33071    17.510315
33072    23.215191
33073    29.513828
33074    33.710419
33075    36.806835
33076    39.832638
33077    43.180828
33078    46.201775
33079    49.123581
33080    51.952835
33081    54.694805
Name: X, dtype: float64
19
prev_y: 0.19067391753196716
prev_y: 0.40723928809165955
cracking 0.00225
prev_y: 0
prev_y: 0.248958021402359
prev_y: 0
prev_y: 0.4398186206817627
prev_y: 0.31141823530197144
prev_y: 0.46931517124176025
prev_y: 0.0050514936447143555
prev_y: 0.3524326682090759
prev_y: 0.49777454137802124
prev_y: 0.0050435662269592285
prev_y: 0.3828853964805603
prev_y: 0.0133591890335083
prev_y: 0.5252905488014221
prev_y: 0.013338744640350342
prev_y: 0.02385634183883667
prev_y: 0.4124816060066223
prev_y: 0.5520675778388977
prev_y: 0.02380681037902832
prev_y: 0.043732792139053345
prev_y: 0.44508400559425354
prev_y: 0.04354962706565857
27486     0.542807
27487     1.351246
27488     2.532054
27489     4.452388
27490     8.943993
27491    13.818852
27492    18.832161
27493    24.646019
27494    31.013302
27495    35.137512
27496    38.132671
27497    41.077824
27498    44.371891
27499    47.341526
27500    50.220081
27501    53.013393
27502    55.725685
27503    58.664047
33157     2.000722
33158     3.881589
33161    17.767252
33162    23.517315
33163    29.840088
33164    34.040627
33165    37.135242
33166    40.158489
33167    43.503643
33168    46.520302
33169    49.436935
33170    52.259995
33171    54.995678
Name: X, dtype: float64
19
prev_y: 0.0920822024345398
prev_y: 0.47463297843933105
prev_y: 0.09119758009910583
prev_y: 0
prev_y: 0.14650797843933105
prev_y: 0.5030979514122009
prev_y: 0.145295649766922
cracking 0.002375
prev_y: 0.5306727886199951
prev_y: 0.1957443654537201
prev_y: 0.19747167825698853
prev_y: 0.0050356388092041016
prev_y: 0.2546652555465698
prev_y: 0.557459831237793
prev_y: 0.2568485140800476
prev_y: 0.3174363970756531
prev_y: 0.013318836688995361
prev_y: 0.3197862207889557
27576     0.542676
27577     1.351919
27578     2.536466
27579     4.471398
27580     9.047612
27581    14.017790
27582    19.095016
27583    24.948162
27584    31.335169
27585    35.461308
27586    38.454155
27587    41.396130
27588    44.686485
27589    47.651424
27590    50.524719
27591    53.311901
27592    56.017242
27593    58.947922
33247     2.004540
33248     3.899724
33251    18.014812
33252    23.807268
33253    30.153074
33254    34.357578
33255    37.450680
33256    40.471684
33257    43.814156
33258    46.826836
33259    49.738602
33260    52.556316
33261    55.285847
Name: X, dtype: float64
19
prev_y: 0.3586311340332031
prev_y: 0.023764878511428833
prev_y: 0.36108332872390747
prev_y: 0.388885498046875
prev_y: 0.39125365018844604
prev_y: 0.04337695240974426
cracking 0.0025
prev_y: 0.4184235632419586
prev_y: 0.42075327038764954
prev_y: 0.09036892652511597
prev_y: 0.45097896456718445
prev_y: 0.45326703786849976
prev_y: 0.48268836736679077
prev_y: 0.4804648160934448
prev_y: 0.14340728521347046
prev_y: 0.51093590259552
prev_y: 0.5087950229644775
prev_y: 0.5383745431900024
prev_y: 0.5362995266914368
prev_y: 0.19345492124557495
prev_y: 0.5649091005325317
prev_y: 0.5629383325576782
prev_y: 0.2520192861557007
27846     0.543392
27847     1.353964
27848     2.547776
27849     4.525368
27850     9.343522
27851    14.581598
27852    19.830307
27853    25.787788
27854    32.229309
27855    36.363182
27856    39.349762
27857    42.283451
27858    45.564930
27859    48.517471
27860    51.376205
27861    54.146992
27862    56.833817
27863    59.743198
33517     1.744130
33518     3.336127
33521    17.143639
33522    22.835997
33523    29.049589
33524    34.203415
33525    37.591595
33526    40.547531
33527    43.448956
33528    46.692268
33529    49.608681
33530    52.431084
33531    55.165054
Name: X, dtype: float64
19
27756     0.543240
27757     1.353550
27758     2.543712
27759     4.507874
27760     9.246910
27761    14.398619
27762    19.593386
27763    25.518168
27764    31.941961
27765    36.073360
27766    39.061821
27767    41.997856
27768    45.282249
27769    48.238506
27770    51.101791
27771    53.877739
27772    56.570747
27773    59.487003
33427     2.011913
33428     3.934414
33431    18.484421
33432    24.354527
33433    30.743607
33434    34.956093
33435    38.047081
33436    41.063995
33437    44.402119
33438    47.407864
33439    50.310738
33440    53.118423
33441    55.836315
Name: X, dtype: float64
19
prev_y: 0.3146365284919739
prev_y: 0.35573649406433105
prev_y: 0.38608527183532715
prev_y: 0.4156557321548462
prev_y: 0.44823992252349854
prev_y: 0.47776803374290466
prev_y: 0.5061703324317932
prev_y: 0.5337210893630981
prev_y: 0.5604457259178162
27666     0.543104
27667     1.352754
27668     2.540131
27669     4.489710
27670     9.148190
27671    14.210928
27672    19.348587
27673    25.238491
27674    31.644516
27675    35.772999
27676    38.763474
27677    41.702236
27678    44.989590
27679    47.950134
27680    50.818348
27681    53.599792
27682    56.298611
27683    59.221794
33337     2.008337
33338     3.917323
33341    18.253675
33342    24.086052
33343    30.453899
33344    34.662251
33345    37.754295
33346    40.773239
33347    44.113411
33348    47.122414
33349    50.029663
33350    52.842213
33351    55.566029
Name: X, dtype: float64
19
cracking 0.002
cracking 0.002125
cracking 0.00225
cracking 0.002375
cracking 0.0025
prev_y: 0
prev_y: 0.005059540271759033
prev_y: 0.013380110263824463
prev_y: 0.023912519216537476
prev_y: 0.04393881559371948
prev_y: 0.0929735004901886
prev_y: 0.14789333939552307
prev_y: 0.19930684566497803
prev_y: 0.259107768535614
prev_y: 0.32212209701538086
prev_y: 0.363588809967041
prev_y: 0.39367932081222534
prev_y: 0.42314010858535767
prev_y: 0.45561161637306213
prev_y: 0.48496395349502563
prev_y: 0.5131363868713379
prev_y: 0.5405079126358032
prev_y: 0.5669335126876831
27936     0.543270
27937     1.354699
27938     2.551046
27939     4.542449
27940     9.437722
27941    14.759844
27942    20.059813
27943    26.048229
27944    32.506779
27945    36.643238
27946    39.628147
27947    42.559517
27948    45.838524
27949    48.787399
27950    51.641895
27951    54.407429
27952    57.088913
27953    59.992123
33607     2.018900
33608     3.967109
33611    18.924217
33612    24.863777
33613    31.293041
33614    35.513557
33615    38.603218
33616    41.616764
33617    44.951412
33618    47.950775
33619    50.845932
33620    53.644531
33621    56.352123
Name: X, dtype: float64
19
prev_y: 0
prev_y: 0.00506746768951416
prev_y: 0.013401389122009277
prev_y: 0
prev_y: 0.023974567651748657
prev_y: 0.04415300488471985
prev_y: 0.005075424909591675
prev_y: 0.09386679530143738
prev_y: 0.013422995805740356
prev_y: 0.14884686470031738
prev_y: 0.02404177188873291
prev_y: 0.20082306861877441
prev_y: 0.04437452554702759
prev_y: 0.26111525297164917
prev_y: 0.09476223587989807
prev_y: 0.3241700530052185
prev_y: 0.1499721109867096
prev_y: 0.3657740354537964
prev_y: 0.20213142037391663
prev_y: 0.3957853317260742
prev_y: 0.2628706395626068
prev_y: 0.4252051115036011
prev_y: 0.32599085569381714
prev_y: 0.4576241075992584
prev_y: 0.3676070272922516
prev_y: 0.4868910610675812
prev_y: 0.39754539728164673
prev_y: 0.5149903297424316
prev_y: 0.42692244052886963
prev_y: 0.5422844886779785
prev_y: 0.45927801728248596
prev_y: 0.5685927271842957
prev_y: 0.48844319581985474
prev_y: 0.5164904594421387
28026     0.543575
28027     1.355534
28028     2.554432
28029     4.558943
28030     9.530605
28031    14.933734
28032    20.282272
28033    26.300188
28034    32.775318
28035    36.914417
28036    39.897678
28037    42.826954
28038    46.103859
28039    49.049004
28040    51.899342
28041    54.660053
28042    57.336227
28043    60.232941
33697     2.022188
33698     3.983020
33701    19.134233
33702    25.106014
33703    31.554218
33704    35.778847
33705    38.868099
33706    41.880196
33707    45.213154
33708    48.209831
33709    51.101192
33710    53.895512
33711    56.598236
Name: X, dtype: float64
19
prev_y: 0.5436992645263672
prev_y: 0.569884717464447
prev_y: 0
28116     0.543528
28117     1.356186
28118     2.557711
28119     4.575198
28120     9.621357
28121    15.103373
28122    20.498394
28123    26.544270
28124    33.035316
28125    37.176598
28126    40.158909
28127    43.086243
28128    46.360798
28129    49.302807
28130    52.149208
28131    54.905220
28132    57.576035
28133    60.467091
33787     2.025409
33788     3.998315
33791    19.338221
33792    25.340763
33793    31.807278
33794    36.035862
33795    39.124317
33796    42.135399
33797    45.467037
33798    48.460777
33799    51.349152
33800    54.139244
33801    56.837082
Name: X, dtype: float64
19
prev_y: 0.005088776350021362
prev_y: 0.013466805219650269
prev_y: 0.024189680814743042
prev_y: 0.044836223125457764
prev_y: 0.09655961394309998
prev_y: 0.15248289704322815
prev_y: 0.205308735370636
prev_y: 0.2667420506477356
prev_y: 0.32999831438064575
prev_y: 0.3716490864753723
prev_y: 0
prev_y: 0.40146222710609436
prev_y: 0.43077152967453003
prev_y: 0.4630095958709717
prev_y: 0.005083352327346802
prev_y: 0.49197709560394287
prev_y: 0.013444900512695312
prev_y: 0.5199506878852844
prev_y: 0.02411365509033203
prev_y: 0.54701167345047
prev_y: 0.04460248351097107
prev_y: 0.5732336640357971
prev_y: 0.09565979242324829
28296     0.715075
28297     1.753300
28298     3.380307
28299     6.533431
28300    12.606651
28301    18.110371
28302    23.982710
28303    30.302004
28304    35.496487
28305    38.886726
28306    41.835896
28307    44.727448
28308    47.959572
28309    50.859642
28310    53.661911
28311    56.372982
28312    58.997246
28313    61.612911
33967     2.031729
33968     4.028282
33971    19.729744
33972    25.789556
33973    32.291306
33974    36.527508
33975    39.615082
33976    42.624306
33977    45.953175
33978    48.941998
33979    51.823925
33980    54.606083
33981    57.295177
Name: X, dtype: float64
prev_y: 0.15113818645477295
19
prev_y: 0.20352798700332642
prev_y: 0.2646627426147461
prev_y: 0.3278546631336212
prev_y: 0.369488388299942
prev_y: 0.3993642032146454
prev_y: 0.42870280146598816
prev_y: 0.4609956443309784
prev_y: 0.490058034658432
prev_y: 0.5180603861808777
prev_y: 0.5451889038085938
prev_y: 0.5712763667106628
28206     0.627169
28207     1.535913
28208     2.917857
28209     5.380042
28210    11.180683
28211    16.174807
28212    22.302740
28213    28.510355
28214    33.872265
28215    37.995029
28216    40.960819
28217    43.870090
28218    47.123203
28219    50.044552
28220    52.869083
28221    55.603046
28222    58.250938
28223    61.041443
33877     2.028660
33878     4.013438
33881    19.536596
33882    25.568455
33883    32.052765
33884    36.285275
33885    39.373341
33886    42.383324
33887    45.713516
33888    48.704849
33889    51.589844
33890    54.376019
33891    57.069374
Name: X, dtype: float64
19
Error in concentration in 0.0ppm is 0.003281 
Error in concentration in 125.0ppm is 0.002711 
Error in concentration in 250.0ppm is 0.002066 
Error in concentration in 375.0ppm is 0.002993 
Error in concentration in 500.0ppm is 0.001603 
Error in concentration in 625.0ppm is 0.001081 
Error in concentration in 750.0ppm is 0.000978 
Error in concentration in 875.0ppm is 0.002191 
Error in concentration in 1000.0ppm is 0.002181 
Error in concentration in 1125.0ppm is 0.003160 
Error in concentration in 1250.0ppm is 0.003368 
Error in concentration in 1375.0ppm is 0.003156 
Error in concentration in 1500.0ppm is 0.001487 
Error in concentration in 1625.0ppm is 0.001394 
Error in concentration in 1750.0ppm is 0.001508 
Error in concentration in 1875.0ppm is 0.001837 
Error in concentration in 2000.0ppm is 0.002083 
Error in concentration in 2125.0ppm is 0.002509 
Error in concentration in 2250.0ppm is 0.003109 
Error in concentration in 2375.0ppm is 0.009967 
Error in concentration in 2500.0ppm is 0.017801 
CCl4 concentration generalization takes 0.6587563633918763 min 39.52538180351257 sec.
Case3: Initial pressure...
cracking 0.001cracking 0.001

cracking 0.001
cracking 0.001
cracking 0.001
cracking 0.001
cracking 0.001
cracking 0.001
cracking 0.001
cracking 0.001
prev_y: 0
prev_y: 0
prev_y: 0
prev_y: 0.004346966743469238
prev_y: 0.011536180973052979
prev_y: 0.005360722541809082prev_y: 0.020265042781829834

prev_y: 0.03507992625236511
prev_y: 0.014191418886184692
prev_y: 0.07289320230484009
prev_y: 0.02499634027481079
prev_y: 0.10976859927177429
prev_y: 0.0057343244552612305
prev_y: 0.15048816800117493
prev_y: 0.015176177024841309
prev_y: 0.045113980770111084
prev_y: 0.20133695006370544
prev_y: 0.026500284671783447
prev_y: 0.09060406684875488
prev_y: 0.2580835223197937
prev_y: 0.04809734225273132
prev_y: 0.2963995337486267
prev_y: 0.13732945919036865
prev_y: 0.09699136018753052
prev_y: 0
prev_y: 0.3257894814014435
prev_y: 0.14521029591560364
prev_y: 0.18885603547096252
prev_y: 0.3546890318393707
prev_y: 0.1992717981338501
prev_y: 0.24843019247055054
prev_y: 0.3858867585659027
prev_y: 0.26084810495376587
prev_y: 0.4144913852214813
prev_y: 0.32670414447784424
prev_y: 0.3124516010284424
prev_y: 0.442341148853302
prev_y: 0.00500914454460144
prev_y: 0.37004178762435913
prev_y: 0.354633629322052
prev_y: 0.4691164493560791
prev_y: 0.40166956186294556
prev_y: 0.01326790452003479
prev_y: 0.49530309438705444
prev_y: 0.02358385920524597
prev_y: 0.38599783182144165
prev_y: 0.43193405866622925
prev_y: 0.46510133147239685
prev_y: 0.04201585054397583
27180     0.454785
27181     1.130655
27182     2.114152
27183     3.696109
27184     7.284056
27185    11.155511
27186    15.298104
27187    20.355278
27188    26.109171
27189    29.918217
27190    32.715446
27191    35.482731
27192    38.594120
27193    41.417507
27194    44.170925
27195    46.858204
27196    49.483093
27197    52.345600
32851     1.672907
32852     3.230075
32855    14.516745
32856    19.502863
32857    25.189457
32858    29.052176
32859    31.931536
32860    34.761982
32861    37.910316
32862    40.768604
32863    43.548790
32864    46.255814
32865    48.894310
Name: X, dtype: float64
19
prev_y: 0.4160969853401184
prev_y: 0.08449578285217285
prev_y: 0.4951976239681244
prev_y: 0.12883231043815613
prev_y: 0.44924673438072205
prev_y: 0.5245019793510437
prev_y: 0.17759943008422852
prev_y: 0.552785336971283
prev_y: 0.47927385568618774
prev_y: 0.2346571385860443
prev_y: 0.580523669719696
prev_y: 0.5082108974456787
prev_y: 0.2965104579925537
27252     0.629719
27253     1.565561
27254     2.921959
27255     5.080405
27256     9.933167
27257    15.161333
27258    20.523582
27259    26.698008
27260    33.417145
27261    37.754749
27262    40.894264
27263    43.968117
27264    47.389000
27265    50.459202
27266    53.421783
27267    56.282993
27268    59.047371
27269    62.025661
32923     2.301587
32924     4.410195
32927    19.293867
32928    25.407755
32929    32.092968
32930    36.520485
32931    39.771515
32932    42.933533
32933    46.415279
32934    49.541054
32935    52.549808
32936    55.448601
32937    58.244057
Name: X, dtype: float64
19
prev_y: 0.3375049829483032
prev_y: 0.5363754630088806
prev_y: 0.368307888507843
prev_y: 0.5637848377227783
prev_y: 0.3984101712703705
prev_y: 0.43135160207748413
27234     0.586226
27235     1.456787
27236     2.720463
27237     4.736258
27238     9.276443
27239    14.178668
27240    19.268429
27241    25.208618
27242    31.733568
27243    35.971470
27244    39.051460
27245    42.074471
27246    45.446541
27247    48.482704
27248    51.420414
27249    54.265423
27250    57.022522
27251    60.001507
32905     2.145028
32906     4.117322
32909    18.143463
32910    24.015234
32911    30.494621
32912    34.812271
32913    37.995739
32914    41.100273
32915    44.527157
32916    47.613293
32917    50.591789
32918    53.469505
32919    56.252918
Name: X, dtype: float64
19
prev_y: 0.46113744378089905
prev_y: 0.4899134039878845
prev_y: 0.5174981355667114
prev_y: 0.5442883372306824
27216     0.542458
27217     1.348509
27218     2.519060
27219     4.391415
27220     8.616336
27221    13.183365
27222    17.979229
27223    23.657576
27224    29.959951
27225    34.078899
27226    37.084000
27227    40.041294
27228    43.348572
27229    46.334602
27230    49.232445
27231    52.046650
27232    54.781319
27233    57.745777
32887     1.988156
32888     3.823128
32891    16.964336
32892    22.569231
32893    28.816078
32894    33.005142
32895    36.106174
32896    39.138523
32897    42.493961
32898    45.524872
32899    48.458012
32900    51.300186
32901    54.056561
Name: X, dtype: float64
19
prev_y: 0
prev_y: 0.004666388034820557
prev_y: 0.012369722127914429
prev_y: 0.022163301706314087
prev_y: 0.03854832053184509
prev_y: 0.07833996415138245
prev_y: 0.11924853920936584
prev_y: 0.1633853018283844
prev_y: 0.21770760416984558
prev_y: 0.27700743079185486
prev_y: 0.3170672655105591
prev_y: 0.3474607467651367
prev_y: 0.3772014379501343
prev_y: 0.40980586409568787
prev_y: 0.4391705095767975
prev_y: 0.4677262604236603
prev_y: 0.4950188100337982
prev_y: 0.5211474299430847
27198     0.498813
27199     1.239803
27200     2.316923
27201     4.044648
27202     7.952158
27203    12.175834
27204    16.656191
27205    22.041237
27206    28.088306
27207    32.065742
27208    34.977886
27209    37.851376
27210    41.073231
27211    43.990482
27212    46.828388
27213    49.592281
27214    52.285259
27215    55.213360
32869     1.830757
32870     3.527285
32873    15.755860
32874    21.066385
32875    27.050220
32876    31.089109
32877    34.089897
32878    37.032177
32879    40.296383
32880    43.252800
32881    46.121750
32882    48.908863
32883    51.619415
Name: X, dtype: float64
19
Error in 10.4atm is 0.001030 
Error in 11.4atm is 0.001626 
Error in 12.4atm is 0.002181 
Error in 13.4atm is 0.003941 
Error in 14.4atm is 0.006077 
Initial pressure generalization takes 0.2676071087519328 min 16.056426525115967 sec.
Case5: Initial T_in...
cracking 0.001
cracking 0.001
cracking 0.001
cracking 0.001
cracking 0.001
cracking 0.001
cracking 0.001
cracking 0.001
cracking 0.001
cracking 0.001
cracking 0.001
cracking 0.001
prev_y: 0
prev_y: 0.006732463836669922
prev_y: 0.01364848017692566
prev_y: 0.028027355670928955
prev_y: 0.05016884207725525
prev_y: 0
prev_y: 0.09731468558311462
prev_y: 0.1382448673248291
prev_y: 0.1928677260875702
prev_y: 0.25121384859085083
prev_y: 0.004817157983779907
prev_y: 0.3029884696006775
prev_y: 0.01272466778755188
prev_y: 0.3451593518257141
prev_y: 0.021511495113372803
prev_y: 0.3759445548057556
prev_y: 0
prev_y: 0.03651884198188782
prev_y: 0.40618568658828735
prev_y: 0.06722387671470642
prev_y: 0.43949007987976074
prev_y: 0.09996116161346436
prev_y: 0.4697185456752777
prev_y: 0.14432132244110107
prev_y: 0.4986793100833893
prev_y: 0
prev_y: 0.19659218192100525
prev_y: 0.5264816284179688
prev_y: 0.00500914454460144
prev_y: 0.5535711050033569
prev_y: 0.25955694913864136
prev_y: 0.01326790452003479
prev_y: 0.02358385920524597
prev_y: 0.3046683073043823
29106     0.625022
29107     1.522511
29108     2.850919
29109     5.067071
29110     9.789055
29111    13.986291
29112    19.459461
29113    25.337235
29114    30.573709
29115    34.672466
29116    37.661659
29117    40.602127
29118    43.889729
29119    46.858032
29120    49.737183
29121    52.532883
29122    55.249313
29123    58.117283
Name: X, dtype: float64
19
prev_y: 0.04201585054397583
prev_y: 0.35096386075019836
prev_y: 0.08449578285217285
prev_y: 0.39600345492362976
prev_y: 0.12883231043815613
prev_y: 0.4375125765800476
prev_y: 0.17759943008422852
prev_y: 0.4678073525428772
prev_y: 0.004430681467056274
prev_y: 0.2346571385860443
prev_y: 0.4974115490913391
prev_y: 0.010263502597808838
prev_y: 0.2965104579925537
prev_y: 0
prev_y: 0.019743680953979492
prev_y: 0.5263011455535889
prev_y: 0.3375049829483032
prev_y: 0.03161916136741638
prev_y: 0.5542477965354919
prev_y: 0.368307888507843
prev_y: 0.05309087038040161
prev_y: 0.3984101712703705
prev_y: 0.08089122176170349
25326     0.474298
25327     1.203352
25328     2.264449
25329     3.830666
25330     6.846836
25331    10.252577
25332    14.173184
25333    19.345295
25334    25.640257
25335    30.240322
25336    34.534534
25337    38.660404
25338    42.738884
25339    45.742294
25340    48.657490
25341    51.489452
25342    54.242508
25343    57.381119
Name: X, dtype: float64
19
prev_y: 0.43135160207748413
prev_y: 0.12313687801361084
prev_y: 0.46113744378089905
prev_y: 0.006994038820266724
prev_y: 0.17416098713874817
prev_y: 0.4899134039878845
prev_y: 0.017706722021102905
prev_y: 0.21852171421051025
prev_y: 0.5174981355667114
prev_y: 0.03350949287414551
prev_y: 0.26442766189575195
prev_y: 0.5442883372306824
prev_y: 0.05934193730354309
prev_y: 0.32003962993621826
prev_y: 0.10875210165977478
prev_y: 0.38322731852531433
27216     0.542458
27217     1.348509
27218     2.519060
27219     4.391415
27220     8.616336
27221    13.183365
27222    17.979229
27223    23.657576
27224    29.959951
27225    34.078899
27226    37.084000
27227    40.041294
27228    43.348572
27229    46.334602
27230    49.232445
27231    52.046650
27232    54.781319
27233    57.745777
32887     1.988156
32888     3.823128
32891    16.964336
32892    22.569231
32893    28.816078
32894    33.005142
32895    36.106174
32896    39.138523
32897    42.493961
32898    45.524872
32899    48.458012
32900    51.300186
32901    54.056561
Name: X, dtype: float64
19
prev_y: 0.1557939648628235
prev_y: 0.4275972247123718
prev_y: 0.20779019594192505
prev_y: 0.4585723876953125
prev_y: 0.26841652393341064
prev_y: 0.48843327164649963
prev_y: 0.3187533915042877
prev_y: 0.5175752639770508
prev_y: 0.3530798554420471
prev_y: 0.5458666086196899
prev_y: 0.3835735619068146
prev_y: 0.4138690233230591
23436     0.413293
23437     1.061914
23438     2.017482
23439     3.435916
23440     5.440827
23441     8.261160
23442    12.204152
23443    16.850574
23444    21.467978
23445    26.212378
23446    31.545210
23447    37.437271
23448    41.827908
23449    44.844757
23450    47.775604
23451    50.624786
23452    53.397049
23453    57.023300
Name: X, dtype: float64
19
prev_y: 0.44740045070648193
prev_y: 0
prev_y: 0.4774799048900604
prev_y: 0.5063524842262268
prev_y: 0.5342408418655396
prev_y: 0.5614066123962402
prev_y: 0.009545862674713135
30996     0.710702
30997     1.728581
30998     3.262257
30999     5.987028
31000    10.848617
31001    15.513132
31002    20.849447
31003    26.866802
31004    31.956562
31005    35.348457
31006    38.322697
31007    41.247086
31008    44.515331
31009    47.464828
31010    50.325401
31011    53.102322
31012    55.799538
31013    58.495918
Name: X, dtype: float64
19
prev_y: 0.023104161024093628
prev_y: 0.04183018207550049
prev_y: 0.0750378668308258
prev_y: 0.1240103542804718
prev_y: 0.17261889576911926
prev_y: 0.22986701130867004
prev_y: 0.2917041778564453
prev_y: 0.33274978399276733
prev_y: 0.36362868547439575
prev_y: 0.3941083550453186
prev_y: 0.4278793931007385
prev_y: 0.458586722612381
prev_y: 0.48795804381370544
prev_y: 0.5161551237106323
prev_y: 0.5435675382614136
prev_y: 0.5684168338775635
27218     2.519060
27219     4.391415
27222    17.979229
27223    23.657576
27224    29.959951
27225    34.078899
27226    37.084000
27227    40.041294
27228    43.348572
27229    46.334602
27230    49.232445
27231    52.046650
27232    54.781319
27233    57.745777
32886     0.816246
32887     1.988156
32888     3.823128
32889     7.502276
32890    12.236892
32891    16.964336
32892    22.569231
32893    28.816078
32894    33.005142
32895    36.106174
32896    39.138523
32897    42.493961
32898    45.524872
32899    48.458012
32900    51.300186
32901    54.056561
32902    56.505898
32903    58.882050
Name: X, dtype: float64
index + 17 dont exist in y_ground_df, continue
index + 17 dont exist in y_ground_df, continue
index + 17 dont exist in y_ground_df, continue
index + 17 dont exist in y_ground_df, continue
index + 17 dont exist in y_ground_df, continue
index + 17 dont exist in y_ground_df, continue
index + 17 dont exist in y_ground_df, continue
index + 17 dont exist in y_ground_df, continue
index + 17 dont exist in y_ground_df, continue
index + 17 dont exist in y_ground_df, continue
index + 17 dont exist in y_ground_df, continue
index + 17 dont exist in y_ground_df, continue
index + 17 dont exist in y_ground_df, continue
index + 17 dont exist in y_ground_df, continue
19
Error in 300°C is 0.005170 
Error in 310°C is 0.005251 
Error in 320°C is 0.002181 
Error in 330°C is 0.001055 
Error in 340°C is 0.001305 
Error in 350°C is 0.002705 
Initial temperature generalization takes 0.2621812661488851 min 15.730875968933105 sec.
Starting prediction...
cracking 0.000125
prev_y: 0
prev_y: 0.014156162738800049
prev_y: 0.015520721673965454
prev_y: 0.03238135576248169
prev_y: 0.04971402883529663
prev_y: 0.06466281414031982
prev_y: 0.08608078956604004
prev_y: 0.12091872096061707
prev_y: 0.15733253955841064
prev_y: 0.1910429298877716
prev_y: 0.2103743851184845
prev_y: 0.24243304133415222
prev_y: 0.27605849504470825
prev_y: 0.30613356828689575
prev_y: 0.3394581973552704
prev_y: 0.37128254771232605
prev_y: 0.40279531478881836
prev_y: 0.43577688932418823
ML cracking rates
{'cracking_rates': [0, 0.014156162738800049, 0.015520721673965454, 0.03238135576248169, 0.04971402883529663, 0.06466281414031982, 0.08608078956604004, 0.12091872096061707, 0.15733253955841064, 0.1910429298877716, 0.2103743851184845, 0.24243304133415222, 0.27605849504470825, 0.30613356828689575, 0.3394581973552704, 0.37128254771232605, 0.40279531478881836, 0.43577688932418823, 0.4710982143878937]}
24687    25.038166
Name: X, dtype: float64
1
