training_data.csv
            Experiment name: 0201_rmseAdam
            Training Data: training_data.csv
            Do k-fold: False
            Folds num: 10
            Learning rate: 0.001
            Batch size: 100
            Epoch: 10000
            CSTR num: 100
            Training vebose: 0
            #Genearalization test
            mass flow rates = True
            CCl4 = True
            inital pressure = True
            number of tubes = True
            ncpus = 8
            training = False
            prediction only = False
                
Loading data...
Generalization test...
Case1: Mass flow rate...
Error in 45.0 mass flow rate is 0.007992 
Error in 45.37373737373738 mass flow rate is 0.007637 
Error in 45.74747474747475 mass flow rate is 0.007310 
Error in 46.121212121212125 mass flow rate is 0.007082 
Error in 46.494949494949495 mass flow rate is 0.006833 
Error in 46.86868686868687 mass flow rate is 0.006588 
Error in 47.24242424242424 mass flow rate is 0.006350 
Error in 47.61616161616162 mass flow rate is 0.006151 
Error in 47.98989898989899 mass flow rate is 0.005971 
Error in 48.36363636363637 mass flow rate is 0.005809 
Error in 48.73737373737374 mass flow rate is 0.005646 
Error in 49.111111111111114 mass flow rate is 0.005493 
Error in 49.484848484848484 mass flow rate is 0.005370 
Error in 49.85858585858586 mass flow rate is 0.005320 
Error in 50.23232323232323 mass flow rate is 0.005294 
Error in 50.60606060606061 mass flow rate is 0.005341 
Error in 50.97979797979798 mass flow rate is 0.005383 
Error in 51.35353535353536 mass flow rate is 0.005419 
Error in 51.72727272727273 mass flow rate is 0.005414 
Error in 52.101010101010104 mass flow rate is 0.005387 
Error in 52.474747474747474 mass flow rate is 0.005297 
Error in 52.84848484848485 mass flow rate is 0.005249 
Error in 53.22222222222222 mass flow rate is 0.005214 
Error in 53.5959595959596 mass flow rate is 0.005190 
Error in 53.96969696969697 mass flow rate is 0.005158 
Error in 54.343434343434346 mass flow rate is 0.005111 
Error in 54.717171717171716 mass flow rate is 0.005069 
Error in 55.09090909090909 mass flow rate is 0.005026 
Error in 55.464646464646464 mass flow rate is 0.004979 
Error in 55.83838383838384 mass flow rate is 0.004934 
Error in 56.21212121212121 mass flow rate is 0.004894 
Error in 56.58585858585859 mass flow rate is 0.004844 
Error in 56.95959595959596 mass flow rate is 0.004786 
Error in 57.333333333333336 mass flow rate is 0.004902 
Error in 57.707070707070706 mass flow rate is 0.004883 
Error in 58.08080808080808 mass flow rate is 0.004864 
Error in 58.45454545454545 mass flow rate is 0.004855 
Error in 58.82828282828283 mass flow rate is 0.004832 
Error in 59.2020202020202 mass flow rate is 0.004806 
Error in 59.57575757575758 mass flow rate is 0.004773 
Error in 59.94949494949495 mass flow rate is 0.004718 
Error in 60.323232323232325 mass flow rate is 0.004651 
Error in 60.696969696969695 mass flow rate is 0.004579 
Error in 61.07070707070707 mass flow rate is 0.004501 
Error in 61.44444444444444 mass flow rate is 0.004436 
Error in 61.81818181818182 mass flow rate is 0.004406 
Error in 62.1919191919192 mass flow rate is 0.004372 
Error in 62.56565656565657 mass flow rate is 0.004352 
Error in 62.93939393939394 mass flow rate is 0.004335 
Error in 63.313131313131315 mass flow rate is 0.004309 
Error in 63.68686868686869 mass flow rate is 0.004280 
Error in 64.06060606060606 mass flow rate is 0.004253 
Error in 64.43434343434343 mass flow rate is 0.004226 
Error in 64.8080808080808 mass flow rate is 0.004200 
Error in 65.18181818181819 mass flow rate is 0.004195 
Error in 65.55555555555556 mass flow rate is 0.004204 
Error in 65.92929292929293 mass flow rate is 0.004200 
Error in 66.30303030303031 mass flow rate is 0.004187 
Error in 66.67676767676768 mass flow rate is 0.004174 
Error in 67.05050505050505 mass flow rate is 0.004165 
Error in 67.42424242424242 mass flow rate is 0.004152 
Error in 67.79797979797979 mass flow rate is 0.004133 
Error in 68.17171717171718 mass flow rate is 0.004115 
Error in 68.54545454545455 mass flow rate is 0.004099 
Error in 68.91919191919192 mass flow rate is 0.004082 
Error in 69.2929292929293 mass flow rate is 0.004065 
Error in 69.66666666666667 mass flow rate is 0.004048 
Error in 70.04040404040404 mass flow rate is 0.004035 
Error in 70.41414141414141 mass flow rate is 0.004022 
Error in 70.78787878787878 mass flow rate is 0.004010 
Error in 71.16161616161617 mass flow rate is 0.003995 
Error in 71.53535353535354 mass flow rate is 0.003979 
Error in 71.9090909090909 mass flow rate is 0.003962 
Error in 72.28282828282829 mass flow rate is 0.003937 
Error in 72.65656565656566 mass flow rate is 0.003907 
Error in 73.03030303030303 mass flow rate is 0.003879 
Error in 73.4040404040404 mass flow rate is 0.003849 
Error in 73.77777777777777 mass flow rate is 0.003817 
Error in 74.15151515151516 mass flow rate is 0.003767 
Error in 74.52525252525253 mass flow rate is 0.003730 
Error in 74.8989898989899 mass flow rate is 0.003691 
Error in 75.27272727272728 mass flow rate is 0.003677 
Error in 75.64646464646465 mass flow rate is 0.003657 
Error in 76.02020202020202 mass flow rate is 0.003637 
Error in 76.39393939393939 mass flow rate is 0.003619 
Error in 76.76767676767676 mass flow rate is 0.003603 
Error in 77.14141414141415 mass flow rate is 0.003590 
Error in 77.51515151515152 mass flow rate is 0.003579 
Error in 77.88888888888889 mass flow rate is 0.003557 
Error in 78.26262626262627 mass flow rate is 0.003536 
Error in 78.63636363636364 mass flow rate is 0.003506 
Error in 79.01010101010101 mass flow rate is 0.003473 
Error in 79.3838383838384 mass flow rate is 0.003453 
Error in 79.75757575757575 mass flow rate is 0.003440 
Error in 80.13131313131314 mass flow rate is 0.003423 
Error in 80.5050505050505 mass flow rate is 0.003399 
Error in 80.87878787878788 mass flow rate is 0.003373 
Error in 81.25252525252526 mass flow rate is 0.003322 
Error in 81.62626262626263 mass flow rate is 0.003281 
Error in 82.0 mass flow rate is 0.003243 
Mass flow rate generalization takes 3.768541940053304 min 46.11251640319824 sec.
Case2: CCl4 concentration...
Error in concentration in 0.0ppm is 0.002852 
Error in concentration in 25.252525252525253ppm is 0.018626 
Error in concentration in 50.505050505050505ppm is 0.026257 
Error in concentration in 75.75757575757575ppm is 0.021367 
Error in concentration in 101.01010101010101ppm is 0.017512 
Error in concentration in 126.26262626262626ppm is 0.014789 
Error in concentration in 151.5151515151515ppm is 0.011061 
Error in concentration in 176.76767676767676ppm is 0.009789 
Error in concentration in 202.02020202020202ppm is 0.007713 
Error in concentration in 227.27272727272728ppm is 0.005802 
Error in concentration in 252.5252525252525ppm is 0.003545 
Error in concentration in 277.77777777777777ppm is 0.001675 
Error in concentration in 303.030303030303ppm is 0.003156 
Error in concentration in 328.2828282828283ppm is 0.005988 
Error in concentration in 353.5353535353535ppm is 0.008084 
Error in concentration in 378.7878787878788ppm is 0.008995 
Error in concentration in 404.04040404040404ppm is 0.008883 
Error in concentration in 429.2929292929293ppm is 0.007252 
Error in concentration in 454.54545454545456ppm is 0.004580 
Error in concentration in 479.7979797979798ppm is 0.004122 
Error in concentration in 505.050505050505ppm is 0.003901 
Error in concentration in 530.3030303030303ppm is 0.003498 
Error in concentration in 555.5555555555555ppm is 0.003519 
Error in concentration in 580.8080808080808ppm is 0.004108 
Error in concentration in 606.060606060606ppm is 0.003942 
Error in concentration in 631.3131313131313ppm is 0.003468 
Error in concentration in 656.5656565656566ppm is 0.002814 
Error in concentration in 681.8181818181819ppm is 0.002114 
Error in concentration in 707.070707070707ppm is 0.002039 
Error in concentration in 732.3232323232322ppm is 0.001954 
Error in concentration in 757.5757575757576ppm is 0.001862 
Error in concentration in 782.8282828282829ppm is 0.001868 
Error in concentration in 808.0808080808081ppm is 0.001556 
Error in concentration in 833.3333333333333ppm is 0.001554 
Error in concentration in 858.5858585858585ppm is 0.002114 
Error in concentration in 883.838383838384ppm is 0.002427 
Error in concentration in 909.0909090909091ppm is 0.002984 
Error in concentration in 934.3434343434343ppm is 0.003556 
Error in concentration in 959.5959595959596ppm is 0.003744 
Error in concentration in 984.8484848484849ppm is 0.003954 
Error in concentration in 1010.10101010101ppm is 0.003974 
Error in concentration in 1035.3535353535353ppm is 0.003908 
Error in concentration in 1060.6060606060605ppm is 0.003807 
Error in concentration in 1085.858585858586ppm is 0.003619 
Error in concentration in 1111.111111111111ppm is 0.003100 
Error in concentration in 1136.3636363636363ppm is 0.002902 
Error in concentration in 1161.6161616161617ppm is 0.002962 
Error in concentration in 1186.8686868686868ppm is 0.002957 
Error in concentration in 1212.121212121212ppm is 0.003338 
Error in concentration in 1237.3737373737374ppm is 0.003679 
Error in concentration in 1262.6262626262626ppm is 0.004003 
Error in concentration in 1287.878787878788ppm is 0.003294 
Error in concentration in 1313.1313131313132ppm is 0.002755 
Error in concentration in 1338.3838383838383ppm is 0.002388 
Error in concentration in 1363.6363636363637ppm is 0.002080 
Error in concentration in 1388.888888888889ppm is 0.001487 
Error in concentration in 1414.141414141414ppm is 0.001102 
Error in concentration in 1439.3939393939393ppm is 0.001049 
Error in concentration in 1464.6464646464644ppm is 0.001304 
Error in concentration in 1489.8989898989898ppm is 0.001471 
Error in concentration in 1515.1515151515152ppm is 0.001577 
Error in concentration in 1540.4040404040404ppm is 0.001612 
Error in concentration in 1565.6565656565658ppm is 0.001558 
Error in concentration in 1590.909090909091ppm is 0.001543 
Error in concentration in 1616.1616161616162ppm is 0.001531 
Error in concentration in 1641.4141414141413ppm is 0.001520 
Error in concentration in 1666.6666666666665ppm is 0.001516 
Error in concentration in 1691.919191919192ppm is 0.001609 
Error in concentration in 1717.171717171717ppm is 0.001603 
Error in concentration in 1742.4242424242423ppm is 0.001567 
Error in concentration in 1767.676767676768ppm is 0.001537 
Error in concentration in 1792.929292929293ppm is 0.001516 
Error in concentration in 1818.1818181818182ppm is 0.001481 
Error in concentration in 1843.4343434343434ppm is 0.001445 
Error in concentration in 1868.6868686868686ppm is 0.002705 
Error in concentration in 1893.939393939394ppm is 0.004299 
Error in concentration in 1919.1919191919192ppm is 0.005764 
Error in concentration in 1944.4444444444443ppm is 0.006498 
Error in concentration in 1969.6969696969697ppm is 0.006225 
Error in concentration in 1994.9494949494947ppm is 0.005905 
Error in concentration in 2020.20202020202ppm is 0.005483 
Error in concentration in 2045.4545454545457ppm is 0.005095 
Error in concentration in 2070.7070707070707ppm is 0.005343 
Error in concentration in 2095.959595959596ppm is 0.005569 
Error in concentration in 2121.212121212121ppm is 0.005790 
Error in concentration in 2146.464646464646ppm is 0.006003 
Error in concentration in 2171.717171717172ppm is 0.006225 
Error in concentration in 2196.969696969697ppm is 0.006296 
Error in concentration in 2222.222222222222ppm is 0.005598 
Error in concentration in 2247.474747474748ppm is 0.004845 
Error in concentration in 2272.7272727272725ppm is 0.004051 
Error in concentration in 2297.979797979798ppm is 0.003221 
Error in concentration in 2323.2323232323233ppm is 0.002351 
Error in concentration in 2348.4848484848485ppm is 0.001582 
Error in concentration in 2373.7373737373737ppm is 0.001585 
Error in concentration in 2398.989898989899ppm is 0.001593 
Error in concentration in 2424.242424242424ppm is 0.001611 
Error in concentration in 2449.4949494949497ppm is 0.001625 
Error in concentration in 2474.747474747475ppm is 0.001640 
Error in concentration in 2500.0ppm is 0.001643 
CCl4 concentration generalization takes 3.9081632057825724 min 54.489792346954346 sec.
Case3: Initial pressure...
Error in 10.0atm is 0.004261 
Error in 10.044444444444444atm is 0.004165 
Error in 10.088888888888889atm is 0.004123 
Error in 10.133333333333333atm is 0.004100 
Error in 10.177777777777777atm is 0.004061 
Error in 10.222222222222221atm is 0.004019 
Error in 10.266666666666667atm is 0.003975 
Error in 10.311111111111112atm is 0.003912 
Error in 10.355555555555556atm is 0.003841 
Error in 10.4atm is 0.003767 
Error in 10.444444444444445atm is 0.003690 
Error in 10.488888888888889atm is 0.003709 
Error in 10.533333333333333atm is 0.003733 
Error in 10.577777777777778atm is 0.003733 
Error in 10.622222222222222atm is 0.003713 
Error in 10.666666666666666atm is 0.003676 
Error in 10.71111111111111atm is 0.003666 
Error in 10.755555555555556atm is 0.003670 
Error in 10.8atm is 0.003675 
Error in 10.844444444444445atm is 0.003681 
Error in 10.88888888888889atm is 0.003679 
Error in 10.933333333333334atm is 0.003685 
Error in 10.977777777777778atm is 0.003690 
Error in 11.022222222222222atm is 0.003694 
Error in 11.066666666666666atm is 0.003695 
Error in 11.11111111111111atm is 0.003692 
Error in 11.155555555555555atm is 0.003707 
Error in 11.2atm is 0.003745 
Error in 11.244444444444444atm is 0.003775 
Error in 11.28888888888889atm is 0.003805 
Error in 11.333333333333334atm is 0.003858 
Error in 11.377777777777778atm is 0.003928 
Error in 11.422222222222222atm is 0.003982 
Error in 11.466666666666667atm is 0.004025 
Error in 11.511111111111111atm is 0.004066 
Error in 11.555555555555555atm is 0.004104 
Error in 11.6atm is 0.004141 
Error in 11.644444444444444atm is 0.004173 
Error in 11.688888888888888atm is 0.004204 
Error in 11.733333333333334atm is 0.004233 
Error in 11.777777777777779atm is 0.004251 
Error in 11.822222222222223atm is 0.004271 
Error in 11.866666666666667atm is 0.004297 
Error in 11.911111111111111atm is 0.004335 
Error in 11.955555555555556atm is 0.004375 
Error in 12.0atm is 0.004420 
Error in 12.044444444444444atm is 0.004462 
Error in 12.088888888888889atm is 0.004505 
Error in 12.133333333333333atm is 0.004549 
Error in 12.177777777777777atm is 0.004590 
Error in 12.222222222222221atm is 0.004594 
Error in 12.266666666666666atm is 0.004542 
Error in 12.311111111111112atm is 0.004514 
Error in 12.355555555555556atm is 0.004483 
Error in 12.4atm is 0.004450 
Error in 12.444444444444445atm is 0.004397 
Error in 12.488888888888889atm is 0.004342 
Error in 12.533333333333333atm is 0.004293 
Error in 12.577777777777778atm is 0.004258 
Error in 12.622222222222222atm is 0.004228 
Error in 12.666666666666668atm is 0.004236 
Error in 12.711111111111112atm is 0.004283 
Error in 12.755555555555556atm is 0.004335 
Error in 12.8atm is 0.004386 
Error in 12.844444444444445atm is 0.004438 
Error in 12.88888888888889atm is 0.004487 
Error in 12.933333333333334atm is 0.004515 
Error in 12.977777777777778atm is 0.004552 
Error in 13.022222222222222atm is 0.004601 
Error in 13.066666666666666atm is 0.004667 
Error in 13.11111111111111atm is 0.004760 
Error in 13.155555555555555atm is 0.004846 
Error in 13.2atm is 0.004920 
Error in 13.244444444444444atm is 0.004984 
Error in 13.28888888888889atm is 0.005046 
Error in 13.333333333333334atm is 0.005076 
Error in 13.377777777777778atm is 0.005108 
Error in 13.422222222222222atm is 0.005139 
Error in 13.466666666666667atm is 0.005144 
Error in 13.511111111111111atm is 0.005142 
Error in 13.555555555555555atm is 0.005130 
Error in 13.6atm is 0.005146 
Error in 13.644444444444444atm is 0.005142 
Error in 13.68888888888889atm is 0.005107 
Error in 13.733333333333334atm is 0.005068 
Error in 13.777777777777779atm is 0.005040 
Error in 13.822222222222223atm is 0.005023 
Error in 13.866666666666667atm is 0.005000 
Error in 13.911111111111111atm is 0.004961 
Error in 13.955555555555556atm is 0.004920 
Error in 14.0atm is 0.004875 
Error in 14.044444444444444atm is 0.004829 
Error in 14.088888888888889atm is 0.004793 
Error in 14.133333333333333atm is 0.004758 
Error in 14.177777777777777atm is 0.004722 
Error in 14.222222222222221atm is 0.004715 
Error in 14.266666666666666atm is 0.004737 
Error in 14.31111111111111atm is 0.004754 
Error in 14.355555555555556atm is 0.004839 
Error in 14.4atm is 0.004944 
Initial pressure generalization takes 3.7353245576222736 min 44.119473457336426 sec.
Case4: Number of tubes...
Figures saved in /home/wesley/EDC/FPC/ML/results/0201_rmseAdam/plots
Number of tubes generalization takes 33.93224784135818 min 55.93487048149109 sec.
Starting prediction...
Mean absolute error of `0201_rmseAdam` is 0.00899
